[2022-07-14 23:40:59,015] {processor.py:163} INFO - Started process (PID=306) to work on /home/airflow/.local/lib/python3.7/site-packages/airflow/example_dags/example_python_operator.py
[2022-07-14 23:40:59,023] {processor.py:620} INFO - Processing file /home/airflow/.local/lib/python3.7/site-packages/airflow/example_dags/example_python_operator.py for tasks to queue
[2022-07-14 23:40:59,033] {logging_mixin.py:109} INFO - [2022-07-14 23:40:59,032] {dagbag.py:500} INFO - Filling up the DagBag from /home/airflow/.local/lib/python3.7/site-packages/airflow/example_dags/example_python_operator.py
[2022-07-14 23:40:59,554] {processor.py:632} INFO - DAG(s) dict_keys(['example_python_operator']) retrieved from /home/airflow/.local/lib/python3.7/site-packages/airflow/example_dags/example_python_operator.py
[2022-07-14 23:40:59,777] {logging_mixin.py:109} INFO - [2022-07-14 23:40:59,776] {dag.py:2389} INFO - Sync 1 DAGs
[2022-07-14 23:41:00,257] {logging_mixin.py:109} INFO - [2022-07-14 23:41:00,256] {dag.py:2921} INFO - Setting next_dagrun for example_python_operator to None
[2022-07-14 23:41:00,524] {processor.py:171} INFO - Processing /home/airflow/.local/lib/python3.7/site-packages/airflow/example_dags/example_python_operator.py took 1.600 seconds
[2022-07-14 23:42:02,628] {processor.py:163} INFO - Started process (PID=420) to work on /home/airflow/.local/lib/python3.7/site-packages/airflow/example_dags/example_python_operator.py
[2022-07-14 23:42:02,633] {processor.py:620} INFO - Processing file /home/airflow/.local/lib/python3.7/site-packages/airflow/example_dags/example_python_operator.py for tasks to queue
[2022-07-14 23:42:02,671] {logging_mixin.py:109} INFO - [2022-07-14 23:42:02,670] {dagbag.py:500} INFO - Filling up the DagBag from /home/airflow/.local/lib/python3.7/site-packages/airflow/example_dags/example_python_operator.py
[2022-07-14 23:42:03,385] {processor.py:632} INFO - DAG(s) dict_keys(['example_python_operator']) retrieved from /home/airflow/.local/lib/python3.7/site-packages/airflow/example_dags/example_python_operator.py
[2022-07-14 23:42:03,787] {logging_mixin.py:109} INFO - [2022-07-14 23:42:03,786] {dag.py:2389} INFO - Sync 1 DAGs
[2022-07-14 23:42:04,406] {logging_mixin.py:109} INFO - [2022-07-14 23:42:04,387] {dag.py:2921} INFO - Setting next_dagrun for example_python_operator to None
[2022-07-14 23:42:04,661] {processor.py:171} INFO - Processing /home/airflow/.local/lib/python3.7/site-packages/airflow/example_dags/example_python_operator.py took 2.074 seconds
[2022-07-14 23:46:33,527] {processor.py:163} INFO - Started process (PID=185) to work on /home/airflow/.local/lib/python3.7/site-packages/airflow/example_dags/example_python_operator.py
[2022-07-14 23:46:33,551] {processor.py:620} INFO - Processing file /home/airflow/.local/lib/python3.7/site-packages/airflow/example_dags/example_python_operator.py for tasks to queue
[2022-07-14 23:46:33,570] {logging_mixin.py:109} INFO - [2022-07-14 23:46:33,570] {dagbag.py:500} INFO - Filling up the DagBag from /home/airflow/.local/lib/python3.7/site-packages/airflow/example_dags/example_python_operator.py
[2022-07-14 23:46:33,912] {processor.py:632} INFO - DAG(s) dict_keys(['example_python_operator']) retrieved from /home/airflow/.local/lib/python3.7/site-packages/airflow/example_dags/example_python_operator.py
[2022-07-14 23:46:34,093] {logging_mixin.py:109} INFO - [2022-07-14 23:46:34,092] {dag.py:2389} INFO - Sync 1 DAGs
[2022-07-14 23:46:34,273] {logging_mixin.py:109} INFO - [2022-07-14 23:46:34,272] {dag.py:2921} INFO - Setting next_dagrun for example_python_operator to None
[2022-07-14 23:46:34,367] {processor.py:171} INFO - Processing /home/airflow/.local/lib/python3.7/site-packages/airflow/example_dags/example_python_operator.py took 0.853 seconds
[2022-07-14 23:47:05,287] {processor.py:163} INFO - Started process (PID=275) to work on /home/airflow/.local/lib/python3.7/site-packages/airflow/example_dags/example_python_operator.py
[2022-07-14 23:47:05,296] {processor.py:620} INFO - Processing file /home/airflow/.local/lib/python3.7/site-packages/airflow/example_dags/example_python_operator.py for tasks to queue
[2022-07-14 23:47:05,312] {logging_mixin.py:109} INFO - [2022-07-14 23:47:05,311] {dagbag.py:500} INFO - Filling up the DagBag from /home/airflow/.local/lib/python3.7/site-packages/airflow/example_dags/example_python_operator.py
[2022-07-14 23:47:05,538] {processor.py:632} INFO - DAG(s) dict_keys(['example_python_operator']) retrieved from /home/airflow/.local/lib/python3.7/site-packages/airflow/example_dags/example_python_operator.py
[2022-07-14 23:47:05,621] {logging_mixin.py:109} INFO - [2022-07-14 23:47:05,621] {dag.py:2389} INFO - Sync 1 DAGs
[2022-07-14 23:47:05,746] {logging_mixin.py:109} INFO - [2022-07-14 23:47:05,745] {dag.py:2921} INFO - Setting next_dagrun for example_python_operator to None
[2022-07-14 23:47:05,837] {processor.py:171} INFO - Processing /home/airflow/.local/lib/python3.7/site-packages/airflow/example_dags/example_python_operator.py took 0.583 seconds
[2022-07-14 23:47:36,355] {processor.py:163} INFO - Started process (PID=363) to work on /home/airflow/.local/lib/python3.7/site-packages/airflow/example_dags/example_python_operator.py
[2022-07-14 23:47:36,366] {processor.py:620} INFO - Processing file /home/airflow/.local/lib/python3.7/site-packages/airflow/example_dags/example_python_operator.py for tasks to queue
[2022-07-14 23:47:36,375] {logging_mixin.py:109} INFO - [2022-07-14 23:47:36,374] {dagbag.py:500} INFO - Filling up the DagBag from /home/airflow/.local/lib/python3.7/site-packages/airflow/example_dags/example_python_operator.py
[2022-07-14 23:47:36,522] {processor.py:632} INFO - DAG(s) dict_keys(['example_python_operator']) retrieved from /home/airflow/.local/lib/python3.7/site-packages/airflow/example_dags/example_python_operator.py
[2022-07-14 23:47:36,583] {logging_mixin.py:109} INFO - [2022-07-14 23:47:36,582] {dag.py:2389} INFO - Sync 1 DAGs
[2022-07-14 23:47:36,672] {logging_mixin.py:109} INFO - [2022-07-14 23:47:36,671] {dag.py:2921} INFO - Setting next_dagrun for example_python_operator to None
[2022-07-14 23:47:36,716] {processor.py:171} INFO - Processing /home/airflow/.local/lib/python3.7/site-packages/airflow/example_dags/example_python_operator.py took 0.368 seconds
[2022-07-14 23:48:07,514] {processor.py:163} INFO - Started process (PID=460) to work on /home/airflow/.local/lib/python3.7/site-packages/airflow/example_dags/example_python_operator.py
[2022-07-14 23:48:07,523] {processor.py:620} INFO - Processing file /home/airflow/.local/lib/python3.7/site-packages/airflow/example_dags/example_python_operator.py for tasks to queue
[2022-07-14 23:48:07,526] {logging_mixin.py:109} INFO - [2022-07-14 23:48:07,526] {dagbag.py:500} INFO - Filling up the DagBag from /home/airflow/.local/lib/python3.7/site-packages/airflow/example_dags/example_python_operator.py
[2022-07-14 23:48:07,711] {processor.py:632} INFO - DAG(s) dict_keys(['example_python_operator']) retrieved from /home/airflow/.local/lib/python3.7/site-packages/airflow/example_dags/example_python_operator.py
[2022-07-14 23:48:07,801] {logging_mixin.py:109} INFO - [2022-07-14 23:48:07,801] {dag.py:2389} INFO - Sync 1 DAGs
[2022-07-14 23:48:07,883] {logging_mixin.py:109} INFO - [2022-07-14 23:48:07,883] {dag.py:2921} INFO - Setting next_dagrun for example_python_operator to None
[2022-07-14 23:48:07,947] {processor.py:171} INFO - Processing /home/airflow/.local/lib/python3.7/site-packages/airflow/example_dags/example_python_operator.py took 0.451 seconds
[2022-07-14 23:48:38,176] {processor.py:163} INFO - Started process (PID=542) to work on /home/airflow/.local/lib/python3.7/site-packages/airflow/example_dags/example_python_operator.py
[2022-07-14 23:48:38,181] {processor.py:620} INFO - Processing file /home/airflow/.local/lib/python3.7/site-packages/airflow/example_dags/example_python_operator.py for tasks to queue
[2022-07-14 23:48:38,184] {logging_mixin.py:109} INFO - [2022-07-14 23:48:38,184] {dagbag.py:500} INFO - Filling up the DagBag from /home/airflow/.local/lib/python3.7/site-packages/airflow/example_dags/example_python_operator.py
[2022-07-14 23:48:38,266] {processor.py:632} INFO - DAG(s) dict_keys(['example_python_operator']) retrieved from /home/airflow/.local/lib/python3.7/site-packages/airflow/example_dags/example_python_operator.py
[2022-07-14 23:48:38,313] {logging_mixin.py:109} INFO - [2022-07-14 23:48:38,313] {dag.py:2389} INFO - Sync 1 DAGs
[2022-07-14 23:48:38,375] {logging_mixin.py:109} INFO - [2022-07-14 23:48:38,374] {dag.py:2921} INFO - Setting next_dagrun for example_python_operator to None
[2022-07-14 23:48:38,403] {processor.py:171} INFO - Processing /home/airflow/.local/lib/python3.7/site-packages/airflow/example_dags/example_python_operator.py took 0.237 seconds
[2022-07-14 23:49:08,533] {processor.py:163} INFO - Started process (PID=640) to work on /home/airflow/.local/lib/python3.7/site-packages/airflow/example_dags/example_python_operator.py
[2022-07-14 23:49:08,540] {processor.py:620} INFO - Processing file /home/airflow/.local/lib/python3.7/site-packages/airflow/example_dags/example_python_operator.py for tasks to queue
[2022-07-14 23:49:08,545] {logging_mixin.py:109} INFO - [2022-07-14 23:49:08,544] {dagbag.py:500} INFO - Filling up the DagBag from /home/airflow/.local/lib/python3.7/site-packages/airflow/example_dags/example_python_operator.py
[2022-07-14 23:49:08,627] {processor.py:632} INFO - DAG(s) dict_keys(['example_python_operator']) retrieved from /home/airflow/.local/lib/python3.7/site-packages/airflow/example_dags/example_python_operator.py
[2022-07-14 23:49:08,676] {logging_mixin.py:109} INFO - [2022-07-14 23:49:08,676] {dag.py:2389} INFO - Sync 1 DAGs
[2022-07-14 23:49:08,741] {logging_mixin.py:109} INFO - [2022-07-14 23:49:08,740] {dag.py:2921} INFO - Setting next_dagrun for example_python_operator to None
[2022-07-14 23:49:08,772] {processor.py:171} INFO - Processing /home/airflow/.local/lib/python3.7/site-packages/airflow/example_dags/example_python_operator.py took 0.249 seconds
[2022-07-14 23:49:38,865] {processor.py:163} INFO - Started process (PID=722) to work on /home/airflow/.local/lib/python3.7/site-packages/airflow/example_dags/example_python_operator.py
[2022-07-14 23:49:38,870] {processor.py:620} INFO - Processing file /home/airflow/.local/lib/python3.7/site-packages/airflow/example_dags/example_python_operator.py for tasks to queue
[2022-07-14 23:49:38,874] {logging_mixin.py:109} INFO - [2022-07-14 23:49:38,873] {dagbag.py:500} INFO - Filling up the DagBag from /home/airflow/.local/lib/python3.7/site-packages/airflow/example_dags/example_python_operator.py
[2022-07-14 23:49:38,959] {processor.py:632} INFO - DAG(s) dict_keys(['example_python_operator']) retrieved from /home/airflow/.local/lib/python3.7/site-packages/airflow/example_dags/example_python_operator.py
[2022-07-14 23:49:39,004] {logging_mixin.py:109} INFO - [2022-07-14 23:49:39,003] {dag.py:2389} INFO - Sync 1 DAGs
[2022-07-14 23:49:39,067] {logging_mixin.py:109} INFO - [2022-07-14 23:49:39,066] {dag.py:2921} INFO - Setting next_dagrun for example_python_operator to None
[2022-07-14 23:49:39,094] {processor.py:171} INFO - Processing /home/airflow/.local/lib/python3.7/site-packages/airflow/example_dags/example_python_operator.py took 0.237 seconds
[2022-07-14 23:50:09,260] {processor.py:163} INFO - Started process (PID=818) to work on /home/airflow/.local/lib/python3.7/site-packages/airflow/example_dags/example_python_operator.py
[2022-07-14 23:50:09,265] {processor.py:620} INFO - Processing file /home/airflow/.local/lib/python3.7/site-packages/airflow/example_dags/example_python_operator.py for tasks to queue
[2022-07-14 23:50:09,277] {logging_mixin.py:109} INFO - [2022-07-14 23:50:09,277] {dagbag.py:500} INFO - Filling up the DagBag from /home/airflow/.local/lib/python3.7/site-packages/airflow/example_dags/example_python_operator.py
[2022-07-14 23:50:09,371] {processor.py:632} INFO - DAG(s) dict_keys(['example_python_operator']) retrieved from /home/airflow/.local/lib/python3.7/site-packages/airflow/example_dags/example_python_operator.py
[2022-07-14 23:50:09,418] {logging_mixin.py:109} INFO - [2022-07-14 23:50:09,417] {dag.py:2389} INFO - Sync 1 DAGs
[2022-07-14 23:50:09,485] {logging_mixin.py:109} INFO - [2022-07-14 23:50:09,485] {dag.py:2921} INFO - Setting next_dagrun for example_python_operator to None
[2022-07-14 23:50:09,517] {processor.py:171} INFO - Processing /home/airflow/.local/lib/python3.7/site-packages/airflow/example_dags/example_python_operator.py took 0.277 seconds
[2022-07-14 23:50:39,846] {processor.py:163} INFO - Started process (PID=900) to work on /home/airflow/.local/lib/python3.7/site-packages/airflow/example_dags/example_python_operator.py
[2022-07-14 23:50:39,850] {processor.py:620} INFO - Processing file /home/airflow/.local/lib/python3.7/site-packages/airflow/example_dags/example_python_operator.py for tasks to queue
[2022-07-14 23:50:39,853] {logging_mixin.py:109} INFO - [2022-07-14 23:50:39,852] {dagbag.py:500} INFO - Filling up the DagBag from /home/airflow/.local/lib/python3.7/site-packages/airflow/example_dags/example_python_operator.py
[2022-07-14 23:50:39,934] {processor.py:632} INFO - DAG(s) dict_keys(['example_python_operator']) retrieved from /home/airflow/.local/lib/python3.7/site-packages/airflow/example_dags/example_python_operator.py
[2022-07-14 23:50:39,978] {logging_mixin.py:109} INFO - [2022-07-14 23:50:39,977] {dag.py:2389} INFO - Sync 1 DAGs
[2022-07-14 23:50:40,049] {logging_mixin.py:109} INFO - [2022-07-14 23:50:40,048] {dag.py:2921} INFO - Setting next_dagrun for example_python_operator to None
[2022-07-14 23:50:40,077] {processor.py:171} INFO - Processing /home/airflow/.local/lib/python3.7/site-packages/airflow/example_dags/example_python_operator.py took 0.238 seconds
[2022-07-14 23:51:10,134] {processor.py:163} INFO - Started process (PID=999) to work on /home/airflow/.local/lib/python3.7/site-packages/airflow/example_dags/example_python_operator.py
[2022-07-14 23:51:10,139] {processor.py:620} INFO - Processing file /home/airflow/.local/lib/python3.7/site-packages/airflow/example_dags/example_python_operator.py for tasks to queue
[2022-07-14 23:51:10,142] {logging_mixin.py:109} INFO - [2022-07-14 23:51:10,142] {dagbag.py:500} INFO - Filling up the DagBag from /home/airflow/.local/lib/python3.7/site-packages/airflow/example_dags/example_python_operator.py
[2022-07-14 23:51:10,229] {processor.py:632} INFO - DAG(s) dict_keys(['example_python_operator']) retrieved from /home/airflow/.local/lib/python3.7/site-packages/airflow/example_dags/example_python_operator.py
[2022-07-14 23:51:10,277] {logging_mixin.py:109} INFO - [2022-07-14 23:51:10,276] {dag.py:2389} INFO - Sync 1 DAGs
[2022-07-14 23:51:10,345] {logging_mixin.py:109} INFO - [2022-07-14 23:51:10,345] {dag.py:2921} INFO - Setting next_dagrun for example_python_operator to None
[2022-07-14 23:51:10,385] {processor.py:171} INFO - Processing /home/airflow/.local/lib/python3.7/site-packages/airflow/example_dags/example_python_operator.py took 0.259 seconds
[2022-07-14 23:51:40,706] {processor.py:163} INFO - Started process (PID=1081) to work on /home/airflow/.local/lib/python3.7/site-packages/airflow/example_dags/example_python_operator.py
[2022-07-14 23:51:40,710] {processor.py:620} INFO - Processing file /home/airflow/.local/lib/python3.7/site-packages/airflow/example_dags/example_python_operator.py for tasks to queue
[2022-07-14 23:51:40,713] {logging_mixin.py:109} INFO - [2022-07-14 23:51:40,713] {dagbag.py:500} INFO - Filling up the DagBag from /home/airflow/.local/lib/python3.7/site-packages/airflow/example_dags/example_python_operator.py
[2022-07-14 23:51:40,799] {processor.py:632} INFO - DAG(s) dict_keys(['example_python_operator']) retrieved from /home/airflow/.local/lib/python3.7/site-packages/airflow/example_dags/example_python_operator.py
[2022-07-14 23:51:40,848] {logging_mixin.py:109} INFO - [2022-07-14 23:51:40,847] {dag.py:2389} INFO - Sync 1 DAGs
[2022-07-14 23:51:40,908] {logging_mixin.py:109} INFO - [2022-07-14 23:51:40,907] {dag.py:2921} INFO - Setting next_dagrun for example_python_operator to None
[2022-07-14 23:51:40,936] {processor.py:171} INFO - Processing /home/airflow/.local/lib/python3.7/site-packages/airflow/example_dags/example_python_operator.py took 0.237 seconds
[2022-07-14 23:52:11,405] {processor.py:163} INFO - Started process (PID=1177) to work on /home/airflow/.local/lib/python3.7/site-packages/airflow/example_dags/example_python_operator.py
[2022-07-14 23:52:11,410] {processor.py:620} INFO - Processing file /home/airflow/.local/lib/python3.7/site-packages/airflow/example_dags/example_python_operator.py for tasks to queue
[2022-07-14 23:52:11,414] {logging_mixin.py:109} INFO - [2022-07-14 23:52:11,413] {dagbag.py:500} INFO - Filling up the DagBag from /home/airflow/.local/lib/python3.7/site-packages/airflow/example_dags/example_python_operator.py
[2022-07-14 23:52:11,499] {processor.py:632} INFO - DAG(s) dict_keys(['example_python_operator']) retrieved from /home/airflow/.local/lib/python3.7/site-packages/airflow/example_dags/example_python_operator.py
[2022-07-14 23:52:11,550] {logging_mixin.py:109} INFO - [2022-07-14 23:52:11,549] {dag.py:2389} INFO - Sync 1 DAGs
[2022-07-14 23:52:11,618] {logging_mixin.py:109} INFO - [2022-07-14 23:52:11,617] {dag.py:2921} INFO - Setting next_dagrun for example_python_operator to None
[2022-07-14 23:52:11,646] {processor.py:171} INFO - Processing /home/airflow/.local/lib/python3.7/site-packages/airflow/example_dags/example_python_operator.py took 0.249 seconds
[2022-07-14 23:52:41,741] {processor.py:163} INFO - Started process (PID=1259) to work on /home/airflow/.local/lib/python3.7/site-packages/airflow/example_dags/example_python_operator.py
[2022-07-14 23:52:41,746] {processor.py:620} INFO - Processing file /home/airflow/.local/lib/python3.7/site-packages/airflow/example_dags/example_python_operator.py for tasks to queue
[2022-07-14 23:52:41,749] {logging_mixin.py:109} INFO - [2022-07-14 23:52:41,749] {dagbag.py:500} INFO - Filling up the DagBag from /home/airflow/.local/lib/python3.7/site-packages/airflow/example_dags/example_python_operator.py
[2022-07-14 23:52:41,827] {processor.py:632} INFO - DAG(s) dict_keys(['example_python_operator']) retrieved from /home/airflow/.local/lib/python3.7/site-packages/airflow/example_dags/example_python_operator.py
[2022-07-14 23:52:41,870] {logging_mixin.py:109} INFO - [2022-07-14 23:52:41,870] {dag.py:2389} INFO - Sync 1 DAGs
[2022-07-14 23:52:41,930] {logging_mixin.py:109} INFO - [2022-07-14 23:52:41,929] {dag.py:2921} INFO - Setting next_dagrun for example_python_operator to None
[2022-07-14 23:52:41,957] {processor.py:171} INFO - Processing /home/airflow/.local/lib/python3.7/site-packages/airflow/example_dags/example_python_operator.py took 0.224 seconds
[2022-07-14 23:53:12,420] {processor.py:163} INFO - Started process (PID=1354) to work on /home/airflow/.local/lib/python3.7/site-packages/airflow/example_dags/example_python_operator.py
[2022-07-14 23:53:12,424] {processor.py:620} INFO - Processing file /home/airflow/.local/lib/python3.7/site-packages/airflow/example_dags/example_python_operator.py for tasks to queue
[2022-07-14 23:53:12,427] {logging_mixin.py:109} INFO - [2022-07-14 23:53:12,427] {dagbag.py:500} INFO - Filling up the DagBag from /home/airflow/.local/lib/python3.7/site-packages/airflow/example_dags/example_python_operator.py
[2022-07-14 23:53:12,509] {processor.py:632} INFO - DAG(s) dict_keys(['example_python_operator']) retrieved from /home/airflow/.local/lib/python3.7/site-packages/airflow/example_dags/example_python_operator.py
[2022-07-14 23:53:12,564] {logging_mixin.py:109} INFO - [2022-07-14 23:53:12,563] {dag.py:2389} INFO - Sync 1 DAGs
[2022-07-14 23:53:12,629] {logging_mixin.py:109} INFO - [2022-07-14 23:53:12,628] {dag.py:2921} INFO - Setting next_dagrun for example_python_operator to None
[2022-07-14 23:53:12,657] {processor.py:171} INFO - Processing /home/airflow/.local/lib/python3.7/site-packages/airflow/example_dags/example_python_operator.py took 0.245 seconds
[2022-07-14 23:53:43,252] {processor.py:163} INFO - Started process (PID=1436) to work on /home/airflow/.local/lib/python3.7/site-packages/airflow/example_dags/example_python_operator.py
[2022-07-14 23:53:43,257] {processor.py:620} INFO - Processing file /home/airflow/.local/lib/python3.7/site-packages/airflow/example_dags/example_python_operator.py for tasks to queue
[2022-07-14 23:53:43,261] {logging_mixin.py:109} INFO - [2022-07-14 23:53:43,261] {dagbag.py:500} INFO - Filling up the DagBag from /home/airflow/.local/lib/python3.7/site-packages/airflow/example_dags/example_python_operator.py
[2022-07-14 23:53:43,350] {processor.py:632} INFO - DAG(s) dict_keys(['example_python_operator']) retrieved from /home/airflow/.local/lib/python3.7/site-packages/airflow/example_dags/example_python_operator.py
[2022-07-14 23:53:43,398] {logging_mixin.py:109} INFO - [2022-07-14 23:53:43,398] {dag.py:2389} INFO - Sync 1 DAGs
[2022-07-14 23:53:43,466] {logging_mixin.py:109} INFO - [2022-07-14 23:53:43,465] {dag.py:2921} INFO - Setting next_dagrun for example_python_operator to None
[2022-07-14 23:53:43,497] {processor.py:171} INFO - Processing /home/airflow/.local/lib/python3.7/site-packages/airflow/example_dags/example_python_operator.py took 0.254 seconds
[2022-07-14 23:54:13,673] {processor.py:163} INFO - Started process (PID=1534) to work on /home/airflow/.local/lib/python3.7/site-packages/airflow/example_dags/example_python_operator.py
[2022-07-14 23:54:13,678] {processor.py:620} INFO - Processing file /home/airflow/.local/lib/python3.7/site-packages/airflow/example_dags/example_python_operator.py for tasks to queue
[2022-07-14 23:54:13,681] {logging_mixin.py:109} INFO - [2022-07-14 23:54:13,681] {dagbag.py:500} INFO - Filling up the DagBag from /home/airflow/.local/lib/python3.7/site-packages/airflow/example_dags/example_python_operator.py
[2022-07-14 23:54:13,763] {processor.py:632} INFO - DAG(s) dict_keys(['example_python_operator']) retrieved from /home/airflow/.local/lib/python3.7/site-packages/airflow/example_dags/example_python_operator.py
[2022-07-14 23:54:13,811] {logging_mixin.py:109} INFO - [2022-07-14 23:54:13,810] {dag.py:2389} INFO - Sync 1 DAGs
[2022-07-14 23:54:13,881] {logging_mixin.py:109} INFO - [2022-07-14 23:54:13,880] {dag.py:2921} INFO - Setting next_dagrun for example_python_operator to None
[2022-07-14 23:54:13,912] {processor.py:171} INFO - Processing /home/airflow/.local/lib/python3.7/site-packages/airflow/example_dags/example_python_operator.py took 0.247 seconds
[2022-07-14 23:54:44,148] {processor.py:163} INFO - Started process (PID=1624) to work on /home/airflow/.local/lib/python3.7/site-packages/airflow/example_dags/example_python_operator.py
[2022-07-14 23:54:44,153] {processor.py:620} INFO - Processing file /home/airflow/.local/lib/python3.7/site-packages/airflow/example_dags/example_python_operator.py for tasks to queue
[2022-07-14 23:54:44,162] {logging_mixin.py:109} INFO - [2022-07-14 23:54:44,161] {dagbag.py:500} INFO - Filling up the DagBag from /home/airflow/.local/lib/python3.7/site-packages/airflow/example_dags/example_python_operator.py
[2022-07-14 23:54:44,240] {processor.py:632} INFO - DAG(s) dict_keys(['example_python_operator']) retrieved from /home/airflow/.local/lib/python3.7/site-packages/airflow/example_dags/example_python_operator.py
[2022-07-14 23:54:44,285] {logging_mixin.py:109} INFO - [2022-07-14 23:54:44,285] {dag.py:2389} INFO - Sync 1 DAGs
[2022-07-14 23:54:44,348] {logging_mixin.py:109} INFO - [2022-07-14 23:54:44,348] {dag.py:2921} INFO - Setting next_dagrun for example_python_operator to None
[2022-07-14 23:54:44,377] {processor.py:171} INFO - Processing /home/airflow/.local/lib/python3.7/site-packages/airflow/example_dags/example_python_operator.py took 0.237 seconds
[2022-07-14 23:55:14,590] {processor.py:163} INFO - Started process (PID=1712) to work on /home/airflow/.local/lib/python3.7/site-packages/airflow/example_dags/example_python_operator.py
[2022-07-14 23:55:14,594] {processor.py:620} INFO - Processing file /home/airflow/.local/lib/python3.7/site-packages/airflow/example_dags/example_python_operator.py for tasks to queue
[2022-07-14 23:55:14,597] {logging_mixin.py:109} INFO - [2022-07-14 23:55:14,597] {dagbag.py:500} INFO - Filling up the DagBag from /home/airflow/.local/lib/python3.7/site-packages/airflow/example_dags/example_python_operator.py
[2022-07-14 23:55:14,679] {processor.py:632} INFO - DAG(s) dict_keys(['example_python_operator']) retrieved from /home/airflow/.local/lib/python3.7/site-packages/airflow/example_dags/example_python_operator.py
[2022-07-14 23:55:14,721] {logging_mixin.py:109} INFO - [2022-07-14 23:55:14,720] {dag.py:2389} INFO - Sync 1 DAGs
[2022-07-14 23:55:14,783] {logging_mixin.py:109} INFO - [2022-07-14 23:55:14,782] {dag.py:2921} INFO - Setting next_dagrun for example_python_operator to None
[2022-07-14 23:55:14,812] {processor.py:171} INFO - Processing /home/airflow/.local/lib/python3.7/site-packages/airflow/example_dags/example_python_operator.py took 0.229 seconds
[2022-07-14 23:55:44,944] {processor.py:163} INFO - Started process (PID=1804) to work on /home/airflow/.local/lib/python3.7/site-packages/airflow/example_dags/example_python_operator.py
[2022-07-14 23:55:44,950] {processor.py:620} INFO - Processing file /home/airflow/.local/lib/python3.7/site-packages/airflow/example_dags/example_python_operator.py for tasks to queue
[2022-07-14 23:55:44,955] {logging_mixin.py:109} INFO - [2022-07-14 23:55:44,954] {dagbag.py:500} INFO - Filling up the DagBag from /home/airflow/.local/lib/python3.7/site-packages/airflow/example_dags/example_python_operator.py
[2022-07-14 23:55:45,039] {processor.py:632} INFO - DAG(s) dict_keys(['example_python_operator']) retrieved from /home/airflow/.local/lib/python3.7/site-packages/airflow/example_dags/example_python_operator.py
[2022-07-14 23:55:45,083] {logging_mixin.py:109} INFO - [2022-07-14 23:55:45,083] {dag.py:2389} INFO - Sync 1 DAGs
[2022-07-14 23:55:45,145] {logging_mixin.py:109} INFO - [2022-07-14 23:55:45,145] {dag.py:2921} INFO - Setting next_dagrun for example_python_operator to None
[2022-07-14 23:55:45,176] {processor.py:171} INFO - Processing /home/airflow/.local/lib/python3.7/site-packages/airflow/example_dags/example_python_operator.py took 0.240 seconds
[2022-07-14 23:56:15,356] {processor.py:163} INFO - Started process (PID=1890) to work on /home/airflow/.local/lib/python3.7/site-packages/airflow/example_dags/example_python_operator.py
[2022-07-14 23:56:15,360] {processor.py:620} INFO - Processing file /home/airflow/.local/lib/python3.7/site-packages/airflow/example_dags/example_python_operator.py for tasks to queue
[2022-07-14 23:56:15,364] {logging_mixin.py:109} INFO - [2022-07-14 23:56:15,363] {dagbag.py:500} INFO - Filling up the DagBag from /home/airflow/.local/lib/python3.7/site-packages/airflow/example_dags/example_python_operator.py
[2022-07-14 23:56:15,452] {processor.py:632} INFO - DAG(s) dict_keys(['example_python_operator']) retrieved from /home/airflow/.local/lib/python3.7/site-packages/airflow/example_dags/example_python_operator.py
[2022-07-14 23:56:15,495] {logging_mixin.py:109} INFO - [2022-07-14 23:56:15,494] {dag.py:2389} INFO - Sync 1 DAGs
[2022-07-14 23:56:15,558] {logging_mixin.py:109} INFO - [2022-07-14 23:56:15,558] {dag.py:2921} INFO - Setting next_dagrun for example_python_operator to None
[2022-07-14 23:56:15,596] {processor.py:171} INFO - Processing /home/airflow/.local/lib/python3.7/site-packages/airflow/example_dags/example_python_operator.py took 0.249 seconds
[2022-07-14 23:56:45,975] {processor.py:163} INFO - Started process (PID=1987) to work on /home/airflow/.local/lib/python3.7/site-packages/airflow/example_dags/example_python_operator.py
[2022-07-14 23:56:45,980] {processor.py:620} INFO - Processing file /home/airflow/.local/lib/python3.7/site-packages/airflow/example_dags/example_python_operator.py for tasks to queue
[2022-07-14 23:56:45,984] {logging_mixin.py:109} INFO - [2022-07-14 23:56:45,983] {dagbag.py:500} INFO - Filling up the DagBag from /home/airflow/.local/lib/python3.7/site-packages/airflow/example_dags/example_python_operator.py
[2022-07-14 23:56:46,076] {processor.py:632} INFO - DAG(s) dict_keys(['example_python_operator']) retrieved from /home/airflow/.local/lib/python3.7/site-packages/airflow/example_dags/example_python_operator.py
[2022-07-14 23:56:46,125] {logging_mixin.py:109} INFO - [2022-07-14 23:56:46,125] {dag.py:2389} INFO - Sync 1 DAGs
[2022-07-14 23:56:46,203] {logging_mixin.py:109} INFO - [2022-07-14 23:56:46,202] {dag.py:2921} INFO - Setting next_dagrun for example_python_operator to None
[2022-07-14 23:56:46,237] {processor.py:171} INFO - Processing /home/airflow/.local/lib/python3.7/site-packages/airflow/example_dags/example_python_operator.py took 0.269 seconds
[2022-07-14 23:57:16,531] {processor.py:163} INFO - Started process (PID=2069) to work on /home/airflow/.local/lib/python3.7/site-packages/airflow/example_dags/example_python_operator.py
[2022-07-14 23:57:16,536] {processor.py:620} INFO - Processing file /home/airflow/.local/lib/python3.7/site-packages/airflow/example_dags/example_python_operator.py for tasks to queue
[2022-07-14 23:57:16,544] {logging_mixin.py:109} INFO - [2022-07-14 23:57:16,543] {dagbag.py:500} INFO - Filling up the DagBag from /home/airflow/.local/lib/python3.7/site-packages/airflow/example_dags/example_python_operator.py
[2022-07-14 23:57:16,624] {processor.py:632} INFO - DAG(s) dict_keys(['example_python_operator']) retrieved from /home/airflow/.local/lib/python3.7/site-packages/airflow/example_dags/example_python_operator.py
[2022-07-14 23:57:16,668] {logging_mixin.py:109} INFO - [2022-07-14 23:57:16,667] {dag.py:2389} INFO - Sync 1 DAGs
[2022-07-14 23:57:16,732] {logging_mixin.py:109} INFO - [2022-07-14 23:57:16,731] {dag.py:2921} INFO - Setting next_dagrun for example_python_operator to None
[2022-07-14 23:57:16,762] {processor.py:171} INFO - Processing /home/airflow/.local/lib/python3.7/site-packages/airflow/example_dags/example_python_operator.py took 0.238 seconds
[2022-07-14 23:57:47,506] {processor.py:163} INFO - Started process (PID=2167) to work on /home/airflow/.local/lib/python3.7/site-packages/airflow/example_dags/example_python_operator.py
[2022-07-14 23:57:47,510] {processor.py:620} INFO - Processing file /home/airflow/.local/lib/python3.7/site-packages/airflow/example_dags/example_python_operator.py for tasks to queue
[2022-07-14 23:57:47,513] {logging_mixin.py:109} INFO - [2022-07-14 23:57:47,513] {dagbag.py:500} INFO - Filling up the DagBag from /home/airflow/.local/lib/python3.7/site-packages/airflow/example_dags/example_python_operator.py
[2022-07-14 23:57:47,594] {processor.py:632} INFO - DAG(s) dict_keys(['example_python_operator']) retrieved from /home/airflow/.local/lib/python3.7/site-packages/airflow/example_dags/example_python_operator.py
[2022-07-14 23:57:47,641] {logging_mixin.py:109} INFO - [2022-07-14 23:57:47,641] {dag.py:2389} INFO - Sync 1 DAGs
[2022-07-14 23:57:47,707] {logging_mixin.py:109} INFO - [2022-07-14 23:57:47,706] {dag.py:2921} INFO - Setting next_dagrun for example_python_operator to None
[2022-07-14 23:57:47,736] {processor.py:171} INFO - Processing /home/airflow/.local/lib/python3.7/site-packages/airflow/example_dags/example_python_operator.py took 0.239 seconds
[2022-07-14 23:58:18,065] {processor.py:163} INFO - Started process (PID=2247) to work on /home/airflow/.local/lib/python3.7/site-packages/airflow/example_dags/example_python_operator.py
[2022-07-14 23:58:18,070] {processor.py:620} INFO - Processing file /home/airflow/.local/lib/python3.7/site-packages/airflow/example_dags/example_python_operator.py for tasks to queue
[2022-07-14 23:58:18,073] {logging_mixin.py:109} INFO - [2022-07-14 23:58:18,073] {dagbag.py:500} INFO - Filling up the DagBag from /home/airflow/.local/lib/python3.7/site-packages/airflow/example_dags/example_python_operator.py
[2022-07-14 23:58:18,148] {processor.py:632} INFO - DAG(s) dict_keys(['example_python_operator']) retrieved from /home/airflow/.local/lib/python3.7/site-packages/airflow/example_dags/example_python_operator.py
[2022-07-14 23:58:18,190] {logging_mixin.py:109} INFO - [2022-07-14 23:58:18,189] {dag.py:2389} INFO - Sync 1 DAGs
[2022-07-14 23:58:18,244] {logging_mixin.py:109} INFO - [2022-07-14 23:58:18,243] {dag.py:2921} INFO - Setting next_dagrun for example_python_operator to None
[2022-07-14 23:58:18,271] {processor.py:171} INFO - Processing /home/airflow/.local/lib/python3.7/site-packages/airflow/example_dags/example_python_operator.py took 0.214 seconds
[2022-07-14 23:58:48,433] {processor.py:163} INFO - Started process (PID=2345) to work on /home/airflow/.local/lib/python3.7/site-packages/airflow/example_dags/example_python_operator.py
[2022-07-14 23:58:48,437] {processor.py:620} INFO - Processing file /home/airflow/.local/lib/python3.7/site-packages/airflow/example_dags/example_python_operator.py for tasks to queue
[2022-07-14 23:58:48,441] {logging_mixin.py:109} INFO - [2022-07-14 23:58:48,440] {dagbag.py:500} INFO - Filling up the DagBag from /home/airflow/.local/lib/python3.7/site-packages/airflow/example_dags/example_python_operator.py
[2022-07-14 23:58:48,531] {processor.py:632} INFO - DAG(s) dict_keys(['example_python_operator']) retrieved from /home/airflow/.local/lib/python3.7/site-packages/airflow/example_dags/example_python_operator.py
[2022-07-14 23:58:48,580] {logging_mixin.py:109} INFO - [2022-07-14 23:58:48,579] {dag.py:2389} INFO - Sync 1 DAGs
[2022-07-14 23:58:48,643] {logging_mixin.py:109} INFO - [2022-07-14 23:58:48,642] {dag.py:2921} INFO - Setting next_dagrun for example_python_operator to None
[2022-07-14 23:58:48,674] {processor.py:171} INFO - Processing /home/airflow/.local/lib/python3.7/site-packages/airflow/example_dags/example_python_operator.py took 0.249 seconds
[2022-07-14 23:59:18,876] {processor.py:163} INFO - Started process (PID=2427) to work on /home/airflow/.local/lib/python3.7/site-packages/airflow/example_dags/example_python_operator.py
[2022-07-14 23:59:18,880] {processor.py:620} INFO - Processing file /home/airflow/.local/lib/python3.7/site-packages/airflow/example_dags/example_python_operator.py for tasks to queue
[2022-07-14 23:59:18,883] {logging_mixin.py:109} INFO - [2022-07-14 23:59:18,882] {dagbag.py:500} INFO - Filling up the DagBag from /home/airflow/.local/lib/python3.7/site-packages/airflow/example_dags/example_python_operator.py
[2022-07-14 23:59:18,961] {processor.py:632} INFO - DAG(s) dict_keys(['example_python_operator']) retrieved from /home/airflow/.local/lib/python3.7/site-packages/airflow/example_dags/example_python_operator.py
[2022-07-14 23:59:19,005] {logging_mixin.py:109} INFO - [2022-07-14 23:59:19,005] {dag.py:2389} INFO - Sync 1 DAGs
[2022-07-14 23:59:19,068] {logging_mixin.py:109} INFO - [2022-07-14 23:59:19,067] {dag.py:2921} INFO - Setting next_dagrun for example_python_operator to None
[2022-07-14 23:59:19,096] {processor.py:171} INFO - Processing /home/airflow/.local/lib/python3.7/site-packages/airflow/example_dags/example_python_operator.py took 0.226 seconds
[2022-07-14 23:59:49,216] {processor.py:163} INFO - Started process (PID=2525) to work on /home/airflow/.local/lib/python3.7/site-packages/airflow/example_dags/example_python_operator.py
[2022-07-14 23:59:49,220] {processor.py:620} INFO - Processing file /home/airflow/.local/lib/python3.7/site-packages/airflow/example_dags/example_python_operator.py for tasks to queue
[2022-07-14 23:59:49,224] {logging_mixin.py:109} INFO - [2022-07-14 23:59:49,223] {dagbag.py:500} INFO - Filling up the DagBag from /home/airflow/.local/lib/python3.7/site-packages/airflow/example_dags/example_python_operator.py
[2022-07-14 23:59:49,298] {processor.py:632} INFO - DAG(s) dict_keys(['example_python_operator']) retrieved from /home/airflow/.local/lib/python3.7/site-packages/airflow/example_dags/example_python_operator.py
[2022-07-14 23:59:49,342] {logging_mixin.py:109} INFO - [2022-07-14 23:59:49,341] {dag.py:2389} INFO - Sync 1 DAGs
[2022-07-14 23:59:49,400] {logging_mixin.py:109} INFO - [2022-07-14 23:59:49,400] {dag.py:2921} INFO - Setting next_dagrun for example_python_operator to None
[2022-07-14 23:59:49,431] {processor.py:171} INFO - Processing /home/airflow/.local/lib/python3.7/site-packages/airflow/example_dags/example_python_operator.py took 0.221 seconds
