[2022-07-14 23:41:10,365] {processor.py:163} INFO - Started process (PID=326) to work on /home/airflow/.local/lib/python3.7/site-packages/airflow/example_dags/example_external_task_marker_dag.py
[2022-07-14 23:41:10,397] {processor.py:620} INFO - Processing file /home/airflow/.local/lib/python3.7/site-packages/airflow/example_dags/example_external_task_marker_dag.py for tasks to queue
[2022-07-14 23:41:10,409] {logging_mixin.py:109} INFO - [2022-07-14 23:41:10,409] {dagbag.py:500} INFO - Filling up the DagBag from /home/airflow/.local/lib/python3.7/site-packages/airflow/example_dags/example_external_task_marker_dag.py
[2022-07-14 23:41:11,072] {processor.py:632} INFO - DAG(s) dict_keys(['example_external_task_marker_parent', 'example_external_task_marker_child']) retrieved from /home/airflow/.local/lib/python3.7/site-packages/airflow/example_dags/example_external_task_marker_dag.py
[2022-07-14 23:41:11,253] {logging_mixin.py:109} INFO - [2022-07-14 23:41:11,253] {dag.py:2389} INFO - Sync 2 DAGs
[2022-07-14 23:41:11,630] {logging_mixin.py:109} INFO - [2022-07-14 23:41:11,629] {dag.py:2921} INFO - Setting next_dagrun for example_external_task_marker_child to None
[2022-07-14 23:41:11,636] {logging_mixin.py:109} INFO - [2022-07-14 23:41:11,635] {dag.py:2921} INFO - Setting next_dagrun for example_external_task_marker_parent to None
[2022-07-14 23:41:11,776] {processor.py:171} INFO - Processing /home/airflow/.local/lib/python3.7/site-packages/airflow/example_dags/example_external_task_marker_dag.py took 1.473 seconds
[2022-07-14 23:42:12,186] {processor.py:163} INFO - Started process (PID=450) to work on /home/airflow/.local/lib/python3.7/site-packages/airflow/example_dags/example_external_task_marker_dag.py
[2022-07-14 23:42:12,213] {processor.py:620} INFO - Processing file /home/airflow/.local/lib/python3.7/site-packages/airflow/example_dags/example_external_task_marker_dag.py for tasks to queue
[2022-07-14 23:42:12,234] {logging_mixin.py:109} INFO - [2022-07-14 23:42:12,234] {dagbag.py:500} INFO - Filling up the DagBag from /home/airflow/.local/lib/python3.7/site-packages/airflow/example_dags/example_external_task_marker_dag.py
[2022-07-14 23:42:12,800] {processor.py:632} INFO - DAG(s) dict_keys(['example_external_task_marker_parent', 'example_external_task_marker_child']) retrieved from /home/airflow/.local/lib/python3.7/site-packages/airflow/example_dags/example_external_task_marker_dag.py
[2022-07-14 23:42:13,228] {logging_mixin.py:109} INFO - [2022-07-14 23:42:13,227] {dag.py:2389} INFO - Sync 2 DAGs
[2022-07-14 23:42:13,697] {logging_mixin.py:109} INFO - [2022-07-14 23:42:13,696] {dag.py:2921} INFO - Setting next_dagrun for example_external_task_marker_child to None
[2022-07-14 23:42:13,714] {logging_mixin.py:109} INFO - [2022-07-14 23:42:13,713] {dag.py:2921} INFO - Setting next_dagrun for example_external_task_marker_parent to None
[2022-07-14 23:42:14,136] {processor.py:171} INFO - Processing /home/airflow/.local/lib/python3.7/site-packages/airflow/example_dags/example_external_task_marker_dag.py took 2.017 seconds
[2022-07-14 23:46:39,240] {processor.py:163} INFO - Started process (PID=199) to work on /home/airflow/.local/lib/python3.7/site-packages/airflow/example_dags/example_external_task_marker_dag.py
[2022-07-14 23:46:39,250] {processor.py:620} INFO - Processing file /home/airflow/.local/lib/python3.7/site-packages/airflow/example_dags/example_external_task_marker_dag.py for tasks to queue
[2022-07-14 23:46:39,266] {logging_mixin.py:109} INFO - [2022-07-14 23:46:39,265] {dagbag.py:500} INFO - Filling up the DagBag from /home/airflow/.local/lib/python3.7/site-packages/airflow/example_dags/example_external_task_marker_dag.py
[2022-07-14 23:46:39,560] {processor.py:632} INFO - DAG(s) dict_keys(['example_external_task_marker_parent', 'example_external_task_marker_child']) retrieved from /home/airflow/.local/lib/python3.7/site-packages/airflow/example_dags/example_external_task_marker_dag.py
[2022-07-14 23:46:39,835] {logging_mixin.py:109} INFO - [2022-07-14 23:46:39,834] {dag.py:2389} INFO - Sync 2 DAGs
[2022-07-14 23:46:40,049] {logging_mixin.py:109} INFO - [2022-07-14 23:46:40,048] {dag.py:2921} INFO - Setting next_dagrun for example_external_task_marker_child to None
[2022-07-14 23:46:40,062] {logging_mixin.py:109} INFO - [2022-07-14 23:46:40,061] {dag.py:2921} INFO - Setting next_dagrun for example_external_task_marker_parent to None
[2022-07-14 23:46:40,163] {processor.py:171} INFO - Processing /home/airflow/.local/lib/python3.7/site-packages/airflow/example_dags/example_external_task_marker_dag.py took 0.959 seconds
[2022-07-14 23:47:11,488] {processor.py:163} INFO - Started process (PID=295) to work on /home/airflow/.local/lib/python3.7/site-packages/airflow/example_dags/example_external_task_marker_dag.py
[2022-07-14 23:47:11,493] {processor.py:620} INFO - Processing file /home/airflow/.local/lib/python3.7/site-packages/airflow/example_dags/example_external_task_marker_dag.py for tasks to queue
[2022-07-14 23:47:11,511] {logging_mixin.py:109} INFO - [2022-07-14 23:47:11,511] {dagbag.py:500} INFO - Filling up the DagBag from /home/airflow/.local/lib/python3.7/site-packages/airflow/example_dags/example_external_task_marker_dag.py
[2022-07-14 23:47:11,727] {processor.py:632} INFO - DAG(s) dict_keys(['example_external_task_marker_parent', 'example_external_task_marker_child']) retrieved from /home/airflow/.local/lib/python3.7/site-packages/airflow/example_dags/example_external_task_marker_dag.py
[2022-07-14 23:47:11,851] {logging_mixin.py:109} INFO - [2022-07-14 23:47:11,851] {dag.py:2389} INFO - Sync 2 DAGs
[2022-07-14 23:47:12,033] {logging_mixin.py:109} INFO - [2022-07-14 23:47:12,032] {dag.py:2921} INFO - Setting next_dagrun for example_external_task_marker_child to None
[2022-07-14 23:47:12,036] {logging_mixin.py:109} INFO - [2022-07-14 23:47:12,036] {dag.py:2921} INFO - Setting next_dagrun for example_external_task_marker_parent to None
[2022-07-14 23:47:12,099] {processor.py:171} INFO - Processing /home/airflow/.local/lib/python3.7/site-packages/airflow/example_dags/example_external_task_marker_dag.py took 0.633 seconds
[2022-07-14 23:47:42,533] {processor.py:163} INFO - Started process (PID=375) to work on /home/airflow/.local/lib/python3.7/site-packages/airflow/example_dags/example_external_task_marker_dag.py
[2022-07-14 23:47:42,538] {processor.py:620} INFO - Processing file /home/airflow/.local/lib/python3.7/site-packages/airflow/example_dags/example_external_task_marker_dag.py for tasks to queue
[2022-07-14 23:47:42,544] {logging_mixin.py:109} INFO - [2022-07-14 23:47:42,544] {dagbag.py:500} INFO - Filling up the DagBag from /home/airflow/.local/lib/python3.7/site-packages/airflow/example_dags/example_external_task_marker_dag.py
[2022-07-14 23:47:42,648] {processor.py:632} INFO - DAG(s) dict_keys(['example_external_task_marker_parent', 'example_external_task_marker_child']) retrieved from /home/airflow/.local/lib/python3.7/site-packages/airflow/example_dags/example_external_task_marker_dag.py
[2022-07-14 23:47:42,703] {logging_mixin.py:109} INFO - [2022-07-14 23:47:42,702] {dag.py:2389} INFO - Sync 2 DAGs
[2022-07-14 23:47:42,774] {logging_mixin.py:109} INFO - [2022-07-14 23:47:42,774] {dag.py:2921} INFO - Setting next_dagrun for example_external_task_marker_child to None
[2022-07-14 23:47:42,778] {logging_mixin.py:109} INFO - [2022-07-14 23:47:42,777] {dag.py:2921} INFO - Setting next_dagrun for example_external_task_marker_parent to None
[2022-07-14 23:47:42,811] {processor.py:171} INFO - Processing /home/airflow/.local/lib/python3.7/site-packages/airflow/example_dags/example_external_task_marker_dag.py took 0.291 seconds
[2022-07-14 23:48:13,539] {processor.py:163} INFO - Started process (PID=472) to work on /home/airflow/.local/lib/python3.7/site-packages/airflow/example_dags/example_external_task_marker_dag.py
[2022-07-14 23:48:13,544] {processor.py:620} INFO - Processing file /home/airflow/.local/lib/python3.7/site-packages/airflow/example_dags/example_external_task_marker_dag.py for tasks to queue
[2022-07-14 23:48:13,547] {logging_mixin.py:109} INFO - [2022-07-14 23:48:13,546] {dagbag.py:500} INFO - Filling up the DagBag from /home/airflow/.local/lib/python3.7/site-packages/airflow/example_dags/example_external_task_marker_dag.py
[2022-07-14 23:48:13,627] {processor.py:632} INFO - DAG(s) dict_keys(['example_external_task_marker_parent', 'example_external_task_marker_child']) retrieved from /home/airflow/.local/lib/python3.7/site-packages/airflow/example_dags/example_external_task_marker_dag.py
[2022-07-14 23:48:13,681] {logging_mixin.py:109} INFO - [2022-07-14 23:48:13,681] {dag.py:2389} INFO - Sync 2 DAGs
[2022-07-14 23:48:13,747] {logging_mixin.py:109} INFO - [2022-07-14 23:48:13,747] {dag.py:2921} INFO - Setting next_dagrun for example_external_task_marker_child to None
[2022-07-14 23:48:13,750] {logging_mixin.py:109} INFO - [2022-07-14 23:48:13,749] {dag.py:2921} INFO - Setting next_dagrun for example_external_task_marker_parent to None
[2022-07-14 23:48:13,782] {processor.py:171} INFO - Processing /home/airflow/.local/lib/python3.7/site-packages/airflow/example_dags/example_external_task_marker_dag.py took 0.250 seconds
[2022-07-14 23:48:43,927] {processor.py:163} INFO - Started process (PID=564) to work on /home/airflow/.local/lib/python3.7/site-packages/airflow/example_dags/example_external_task_marker_dag.py
[2022-07-14 23:48:43,931] {processor.py:620} INFO - Processing file /home/airflow/.local/lib/python3.7/site-packages/airflow/example_dags/example_external_task_marker_dag.py for tasks to queue
[2022-07-14 23:48:43,934] {logging_mixin.py:109} INFO - [2022-07-14 23:48:43,934] {dagbag.py:500} INFO - Filling up the DagBag from /home/airflow/.local/lib/python3.7/site-packages/airflow/example_dags/example_external_task_marker_dag.py
[2022-07-14 23:48:44,005] {processor.py:632} INFO - DAG(s) dict_keys(['example_external_task_marker_parent', 'example_external_task_marker_child']) retrieved from /home/airflow/.local/lib/python3.7/site-packages/airflow/example_dags/example_external_task_marker_dag.py
[2022-07-14 23:48:44,063] {logging_mixin.py:109} INFO - [2022-07-14 23:48:44,063] {dag.py:2389} INFO - Sync 2 DAGs
[2022-07-14 23:48:44,126] {logging_mixin.py:109} INFO - [2022-07-14 23:48:44,126] {dag.py:2921} INFO - Setting next_dagrun for example_external_task_marker_child to None
[2022-07-14 23:48:44,129] {logging_mixin.py:109} INFO - [2022-07-14 23:48:44,129] {dag.py:2921} INFO - Setting next_dagrun for example_external_task_marker_parent to None
[2022-07-14 23:48:44,161] {processor.py:171} INFO - Processing /home/airflow/.local/lib/python3.7/site-packages/airflow/example_dags/example_external_task_marker_dag.py took 0.241 seconds
[2022-07-14 23:49:14,476] {processor.py:163} INFO - Started process (PID=652) to work on /home/airflow/.local/lib/python3.7/site-packages/airflow/example_dags/example_external_task_marker_dag.py
[2022-07-14 23:49:14,481] {processor.py:620} INFO - Processing file /home/airflow/.local/lib/python3.7/site-packages/airflow/example_dags/example_external_task_marker_dag.py for tasks to queue
[2022-07-14 23:49:14,485] {logging_mixin.py:109} INFO - [2022-07-14 23:49:14,484] {dagbag.py:500} INFO - Filling up the DagBag from /home/airflow/.local/lib/python3.7/site-packages/airflow/example_dags/example_external_task_marker_dag.py
[2022-07-14 23:49:14,555] {processor.py:632} INFO - DAG(s) dict_keys(['example_external_task_marker_parent', 'example_external_task_marker_child']) retrieved from /home/airflow/.local/lib/python3.7/site-packages/airflow/example_dags/example_external_task_marker_dag.py
[2022-07-14 23:49:14,606] {logging_mixin.py:109} INFO - [2022-07-14 23:49:14,606] {dag.py:2389} INFO - Sync 2 DAGs
[2022-07-14 23:49:14,669] {logging_mixin.py:109} INFO - [2022-07-14 23:49:14,668] {dag.py:2921} INFO - Setting next_dagrun for example_external_task_marker_child to None
[2022-07-14 23:49:14,671] {logging_mixin.py:109} INFO - [2022-07-14 23:49:14,671] {dag.py:2921} INFO - Setting next_dagrun for example_external_task_marker_parent to None
[2022-07-14 23:49:14,702] {processor.py:171} INFO - Processing /home/airflow/.local/lib/python3.7/site-packages/airflow/example_dags/example_external_task_marker_dag.py took 0.233 seconds
[2022-07-14 23:49:44,797] {processor.py:163} INFO - Started process (PID=744) to work on /home/airflow/.local/lib/python3.7/site-packages/airflow/example_dags/example_external_task_marker_dag.py
[2022-07-14 23:49:44,801] {processor.py:620} INFO - Processing file /home/airflow/.local/lib/python3.7/site-packages/airflow/example_dags/example_external_task_marker_dag.py for tasks to queue
[2022-07-14 23:49:44,809] {logging_mixin.py:109} INFO - [2022-07-14 23:49:44,808] {dagbag.py:500} INFO - Filling up the DagBag from /home/airflow/.local/lib/python3.7/site-packages/airflow/example_dags/example_external_task_marker_dag.py
[2022-07-14 23:49:44,933] {processor.py:632} INFO - DAG(s) dict_keys(['example_external_task_marker_parent', 'example_external_task_marker_child']) retrieved from /home/airflow/.local/lib/python3.7/site-packages/airflow/example_dags/example_external_task_marker_dag.py
[2022-07-14 23:49:44,993] {logging_mixin.py:109} INFO - [2022-07-14 23:49:44,992] {dag.py:2389} INFO - Sync 2 DAGs
[2022-07-14 23:49:45,055] {logging_mixin.py:109} INFO - [2022-07-14 23:49:45,055] {dag.py:2921} INFO - Setting next_dagrun for example_external_task_marker_child to None
[2022-07-14 23:49:45,058] {logging_mixin.py:109} INFO - [2022-07-14 23:49:45,058] {dag.py:2921} INFO - Setting next_dagrun for example_external_task_marker_parent to None
[2022-07-14 23:49:45,090] {processor.py:171} INFO - Processing /home/airflow/.local/lib/python3.7/site-packages/airflow/example_dags/example_external_task_marker_dag.py took 0.301 seconds
[2022-07-14 23:50:15,838] {processor.py:163} INFO - Started process (PID=832) to work on /home/airflow/.local/lib/python3.7/site-packages/airflow/example_dags/example_external_task_marker_dag.py
[2022-07-14 23:50:15,842] {processor.py:620} INFO - Processing file /home/airflow/.local/lib/python3.7/site-packages/airflow/example_dags/example_external_task_marker_dag.py for tasks to queue
[2022-07-14 23:50:15,846] {logging_mixin.py:109} INFO - [2022-07-14 23:50:15,845] {dagbag.py:500} INFO - Filling up the DagBag from /home/airflow/.local/lib/python3.7/site-packages/airflow/example_dags/example_external_task_marker_dag.py
[2022-07-14 23:50:15,923] {processor.py:632} INFO - DAG(s) dict_keys(['example_external_task_marker_parent', 'example_external_task_marker_child']) retrieved from /home/airflow/.local/lib/python3.7/site-packages/airflow/example_dags/example_external_task_marker_dag.py
[2022-07-14 23:50:15,983] {logging_mixin.py:109} INFO - [2022-07-14 23:50:15,982] {dag.py:2389} INFO - Sync 2 DAGs
[2022-07-14 23:50:16,051] {logging_mixin.py:109} INFO - [2022-07-14 23:50:16,050] {dag.py:2921} INFO - Setting next_dagrun for example_external_task_marker_child to None
[2022-07-14 23:50:16,054] {logging_mixin.py:109} INFO - [2022-07-14 23:50:16,053] {dag.py:2921} INFO - Setting next_dagrun for example_external_task_marker_parent to None
[2022-07-14 23:50:16,088] {processor.py:171} INFO - Processing /home/airflow/.local/lib/python3.7/site-packages/airflow/example_dags/example_external_task_marker_dag.py took 0.259 seconds
[2022-07-14 23:50:46,764] {processor.py:163} INFO - Started process (PID=931) to work on /home/airflow/.local/lib/python3.7/site-packages/airflow/example_dags/example_external_task_marker_dag.py
[2022-07-14 23:50:46,769] {processor.py:620} INFO - Processing file /home/airflow/.local/lib/python3.7/site-packages/airflow/example_dags/example_external_task_marker_dag.py for tasks to queue
[2022-07-14 23:50:46,772] {logging_mixin.py:109} INFO - [2022-07-14 23:50:46,771] {dagbag.py:500} INFO - Filling up the DagBag from /home/airflow/.local/lib/python3.7/site-packages/airflow/example_dags/example_external_task_marker_dag.py
[2022-07-14 23:50:46,851] {processor.py:632} INFO - DAG(s) dict_keys(['example_external_task_marker_parent', 'example_external_task_marker_child']) retrieved from /home/airflow/.local/lib/python3.7/site-packages/airflow/example_dags/example_external_task_marker_dag.py
[2022-07-14 23:50:46,907] {logging_mixin.py:109} INFO - [2022-07-14 23:50:46,907] {dag.py:2389} INFO - Sync 2 DAGs
[2022-07-14 23:50:46,975] {logging_mixin.py:109} INFO - [2022-07-14 23:50:46,975] {dag.py:2921} INFO - Setting next_dagrun for example_external_task_marker_child to None
[2022-07-14 23:50:46,978] {logging_mixin.py:109} INFO - [2022-07-14 23:50:46,977] {dag.py:2921} INFO - Setting next_dagrun for example_external_task_marker_parent to None
[2022-07-14 23:50:47,012] {processor.py:171} INFO - Processing /home/airflow/.local/lib/python3.7/site-packages/airflow/example_dags/example_external_task_marker_dag.py took 0.257 seconds
[2022-07-14 23:51:17,316] {processor.py:163} INFO - Started process (PID=1013) to work on /home/airflow/.local/lib/python3.7/site-packages/airflow/example_dags/example_external_task_marker_dag.py
[2022-07-14 23:51:17,320] {processor.py:620} INFO - Processing file /home/airflow/.local/lib/python3.7/site-packages/airflow/example_dags/example_external_task_marker_dag.py for tasks to queue
[2022-07-14 23:51:17,324] {logging_mixin.py:109} INFO - [2022-07-14 23:51:17,323] {dagbag.py:500} INFO - Filling up the DagBag from /home/airflow/.local/lib/python3.7/site-packages/airflow/example_dags/example_external_task_marker_dag.py
[2022-07-14 23:51:17,405] {processor.py:632} INFO - DAG(s) dict_keys(['example_external_task_marker_parent', 'example_external_task_marker_child']) retrieved from /home/airflow/.local/lib/python3.7/site-packages/airflow/example_dags/example_external_task_marker_dag.py
[2022-07-14 23:51:17,467] {logging_mixin.py:109} INFO - [2022-07-14 23:51:17,467] {dag.py:2389} INFO - Sync 2 DAGs
[2022-07-14 23:51:17,534] {logging_mixin.py:109} INFO - [2022-07-14 23:51:17,534] {dag.py:2921} INFO - Setting next_dagrun for example_external_task_marker_child to None
[2022-07-14 23:51:17,537] {logging_mixin.py:109} INFO - [2022-07-14 23:51:17,537] {dag.py:2921} INFO - Setting next_dagrun for example_external_task_marker_parent to None
[2022-07-14 23:51:17,572] {processor.py:171} INFO - Processing /home/airflow/.local/lib/python3.7/site-packages/airflow/example_dags/example_external_task_marker_dag.py took 0.265 seconds
[2022-07-14 23:51:48,122] {processor.py:163} INFO - Started process (PID=1111) to work on /home/airflow/.local/lib/python3.7/site-packages/airflow/example_dags/example_external_task_marker_dag.py
[2022-07-14 23:51:48,127] {processor.py:620} INFO - Processing file /home/airflow/.local/lib/python3.7/site-packages/airflow/example_dags/example_external_task_marker_dag.py for tasks to queue
[2022-07-14 23:51:48,130] {logging_mixin.py:109} INFO - [2022-07-14 23:51:48,130] {dagbag.py:500} INFO - Filling up the DagBag from /home/airflow/.local/lib/python3.7/site-packages/airflow/example_dags/example_external_task_marker_dag.py
[2022-07-14 23:51:48,216] {processor.py:632} INFO - DAG(s) dict_keys(['example_external_task_marker_parent', 'example_external_task_marker_child']) retrieved from /home/airflow/.local/lib/python3.7/site-packages/airflow/example_dags/example_external_task_marker_dag.py
[2022-07-14 23:51:48,272] {logging_mixin.py:109} INFO - [2022-07-14 23:51:48,272] {dag.py:2389} INFO - Sync 2 DAGs
[2022-07-14 23:51:48,342] {logging_mixin.py:109} INFO - [2022-07-14 23:51:48,342] {dag.py:2921} INFO - Setting next_dagrun for example_external_task_marker_child to None
[2022-07-14 23:51:48,346] {logging_mixin.py:109} INFO - [2022-07-14 23:51:48,345] {dag.py:2921} INFO - Setting next_dagrun for example_external_task_marker_parent to None
[2022-07-14 23:51:48,381] {processor.py:171} INFO - Processing /home/airflow/.local/lib/python3.7/site-packages/airflow/example_dags/example_external_task_marker_dag.py took 0.267 seconds
[2022-07-14 23:52:18,890] {processor.py:163} INFO - Started process (PID=1193) to work on /home/airflow/.local/lib/python3.7/site-packages/airflow/example_dags/example_external_task_marker_dag.py
[2022-07-14 23:52:18,895] {processor.py:620} INFO - Processing file /home/airflow/.local/lib/python3.7/site-packages/airflow/example_dags/example_external_task_marker_dag.py for tasks to queue
[2022-07-14 23:52:18,898] {logging_mixin.py:109} INFO - [2022-07-14 23:52:18,898] {dagbag.py:500} INFO - Filling up the DagBag from /home/airflow/.local/lib/python3.7/site-packages/airflow/example_dags/example_external_task_marker_dag.py
[2022-07-14 23:52:18,983] {processor.py:632} INFO - DAG(s) dict_keys(['example_external_task_marker_parent', 'example_external_task_marker_child']) retrieved from /home/airflow/.local/lib/python3.7/site-packages/airflow/example_dags/example_external_task_marker_dag.py
[2022-07-14 23:52:19,044] {logging_mixin.py:109} INFO - [2022-07-14 23:52:19,043] {dag.py:2389} INFO - Sync 2 DAGs
[2022-07-14 23:52:19,115] {logging_mixin.py:109} INFO - [2022-07-14 23:52:19,114] {dag.py:2921} INFO - Setting next_dagrun for example_external_task_marker_child to None
[2022-07-14 23:52:19,118] {logging_mixin.py:109} INFO - [2022-07-14 23:52:19,118] {dag.py:2921} INFO - Setting next_dagrun for example_external_task_marker_parent to None
[2022-07-14 23:52:19,152] {processor.py:171} INFO - Processing /home/airflow/.local/lib/python3.7/site-packages/airflow/example_dags/example_external_task_marker_dag.py took 0.271 seconds
[2022-07-14 23:52:49,358] {processor.py:163} INFO - Started process (PID=1290) to work on /home/airflow/.local/lib/python3.7/site-packages/airflow/example_dags/example_external_task_marker_dag.py
[2022-07-14 23:52:49,362] {processor.py:620} INFO - Processing file /home/airflow/.local/lib/python3.7/site-packages/airflow/example_dags/example_external_task_marker_dag.py for tasks to queue
[2022-07-14 23:52:49,365] {logging_mixin.py:109} INFO - [2022-07-14 23:52:49,365] {dagbag.py:500} INFO - Filling up the DagBag from /home/airflow/.local/lib/python3.7/site-packages/airflow/example_dags/example_external_task_marker_dag.py
[2022-07-14 23:52:49,441] {processor.py:632} INFO - DAG(s) dict_keys(['example_external_task_marker_parent', 'example_external_task_marker_child']) retrieved from /home/airflow/.local/lib/python3.7/site-packages/airflow/example_dags/example_external_task_marker_dag.py
[2022-07-14 23:52:49,498] {logging_mixin.py:109} INFO - [2022-07-14 23:52:49,498] {dag.py:2389} INFO - Sync 2 DAGs
[2022-07-14 23:52:49,564] {logging_mixin.py:109} INFO - [2022-07-14 23:52:49,564] {dag.py:2921} INFO - Setting next_dagrun for example_external_task_marker_child to None
[2022-07-14 23:52:49,567] {logging_mixin.py:109} INFO - [2022-07-14 23:52:49,567] {dag.py:2921} INFO - Setting next_dagrun for example_external_task_marker_parent to None
[2022-07-14 23:52:49,615] {processor.py:171} INFO - Processing /home/airflow/.local/lib/python3.7/site-packages/airflow/example_dags/example_external_task_marker_dag.py took 0.265 seconds
[2022-07-14 23:53:19,918] {processor.py:163} INFO - Started process (PID=1370) to work on /home/airflow/.local/lib/python3.7/site-packages/airflow/example_dags/example_external_task_marker_dag.py
[2022-07-14 23:53:19,921] {processor.py:620} INFO - Processing file /home/airflow/.local/lib/python3.7/site-packages/airflow/example_dags/example_external_task_marker_dag.py for tasks to queue
[2022-07-14 23:53:19,924] {logging_mixin.py:109} INFO - [2022-07-14 23:53:19,924] {dagbag.py:500} INFO - Filling up the DagBag from /home/airflow/.local/lib/python3.7/site-packages/airflow/example_dags/example_external_task_marker_dag.py
[2022-07-14 23:53:19,994] {processor.py:632} INFO - DAG(s) dict_keys(['example_external_task_marker_parent', 'example_external_task_marker_child']) retrieved from /home/airflow/.local/lib/python3.7/site-packages/airflow/example_dags/example_external_task_marker_dag.py
[2022-07-14 23:53:20,047] {logging_mixin.py:109} INFO - [2022-07-14 23:53:20,047] {dag.py:2389} INFO - Sync 2 DAGs
[2022-07-14 23:53:20,105] {logging_mixin.py:109} INFO - [2022-07-14 23:53:20,104] {dag.py:2921} INFO - Setting next_dagrun for example_external_task_marker_child to None
[2022-07-14 23:53:20,108] {logging_mixin.py:109} INFO - [2022-07-14 23:53:20,107] {dag.py:2921} INFO - Setting next_dagrun for example_external_task_marker_parent to None
[2022-07-14 23:53:20,141] {processor.py:171} INFO - Processing /home/airflow/.local/lib/python3.7/site-packages/airflow/example_dags/example_external_task_marker_dag.py took 0.231 seconds
[2022-07-14 23:53:50,269] {processor.py:163} INFO - Started process (PID=1468) to work on /home/airflow/.local/lib/python3.7/site-packages/airflow/example_dags/example_external_task_marker_dag.py
[2022-07-14 23:53:50,274] {processor.py:620} INFO - Processing file /home/airflow/.local/lib/python3.7/site-packages/airflow/example_dags/example_external_task_marker_dag.py for tasks to queue
[2022-07-14 23:53:50,278] {logging_mixin.py:109} INFO - [2022-07-14 23:53:50,277] {dagbag.py:500} INFO - Filling up the DagBag from /home/airflow/.local/lib/python3.7/site-packages/airflow/example_dags/example_external_task_marker_dag.py
[2022-07-14 23:53:50,351] {processor.py:632} INFO - DAG(s) dict_keys(['example_external_task_marker_parent', 'example_external_task_marker_child']) retrieved from /home/airflow/.local/lib/python3.7/site-packages/airflow/example_dags/example_external_task_marker_dag.py
[2022-07-14 23:53:50,401] {logging_mixin.py:109} INFO - [2022-07-14 23:53:50,400] {dag.py:2389} INFO - Sync 2 DAGs
[2022-07-14 23:53:50,463] {logging_mixin.py:109} INFO - [2022-07-14 23:53:50,463] {dag.py:2921} INFO - Setting next_dagrun for example_external_task_marker_child to None
[2022-07-14 23:53:50,466] {logging_mixin.py:109} INFO - [2022-07-14 23:53:50,466] {dag.py:2921} INFO - Setting next_dagrun for example_external_task_marker_parent to None
[2022-07-14 23:53:50,498] {processor.py:171} INFO - Processing /home/airflow/.local/lib/python3.7/site-packages/airflow/example_dags/example_external_task_marker_dag.py took 0.236 seconds
[2022-07-14 23:54:20,880] {processor.py:163} INFO - Started process (PID=1550) to work on /home/airflow/.local/lib/python3.7/site-packages/airflow/example_dags/example_external_task_marker_dag.py
[2022-07-14 23:54:20,884] {processor.py:620} INFO - Processing file /home/airflow/.local/lib/python3.7/site-packages/airflow/example_dags/example_external_task_marker_dag.py for tasks to queue
[2022-07-14 23:54:20,887] {logging_mixin.py:109} INFO - [2022-07-14 23:54:20,886] {dagbag.py:500} INFO - Filling up the DagBag from /home/airflow/.local/lib/python3.7/site-packages/airflow/example_dags/example_external_task_marker_dag.py
[2022-07-14 23:54:20,953] {processor.py:632} INFO - DAG(s) dict_keys(['example_external_task_marker_parent', 'example_external_task_marker_child']) retrieved from /home/airflow/.local/lib/python3.7/site-packages/airflow/example_dags/example_external_task_marker_dag.py
[2022-07-14 23:54:21,001] {logging_mixin.py:109} INFO - [2022-07-14 23:54:21,001] {dag.py:2389} INFO - Sync 2 DAGs
[2022-07-14 23:54:21,060] {logging_mixin.py:109} INFO - [2022-07-14 23:54:21,059] {dag.py:2921} INFO - Setting next_dagrun for example_external_task_marker_child to None
[2022-07-14 23:54:21,062] {logging_mixin.py:109} INFO - [2022-07-14 23:54:21,062] {dag.py:2921} INFO - Setting next_dagrun for example_external_task_marker_parent to None
[2022-07-14 23:54:21,089] {processor.py:171} INFO - Processing /home/airflow/.local/lib/python3.7/site-packages/airflow/example_dags/example_external_task_marker_dag.py took 0.214 seconds
[2022-07-14 23:54:51,500] {processor.py:163} INFO - Started process (PID=1648) to work on /home/airflow/.local/lib/python3.7/site-packages/airflow/example_dags/example_external_task_marker_dag.py
[2022-07-14 23:54:51,504] {processor.py:620} INFO - Processing file /home/airflow/.local/lib/python3.7/site-packages/airflow/example_dags/example_external_task_marker_dag.py for tasks to queue
[2022-07-14 23:54:51,507] {logging_mixin.py:109} INFO - [2022-07-14 23:54:51,507] {dagbag.py:500} INFO - Filling up the DagBag from /home/airflow/.local/lib/python3.7/site-packages/airflow/example_dags/example_external_task_marker_dag.py
[2022-07-14 23:54:51,576] {processor.py:632} INFO - DAG(s) dict_keys(['example_external_task_marker_parent', 'example_external_task_marker_child']) retrieved from /home/airflow/.local/lib/python3.7/site-packages/airflow/example_dags/example_external_task_marker_dag.py
[2022-07-14 23:54:51,642] {logging_mixin.py:109} INFO - [2022-07-14 23:54:51,641] {dag.py:2389} INFO - Sync 2 DAGs
[2022-07-14 23:54:51,714] {logging_mixin.py:109} INFO - [2022-07-14 23:54:51,713] {dag.py:2921} INFO - Setting next_dagrun for example_external_task_marker_child to None
[2022-07-14 23:54:51,719] {logging_mixin.py:109} INFO - [2022-07-14 23:54:51,718] {dag.py:2921} INFO - Setting next_dagrun for example_external_task_marker_parent to None
[2022-07-14 23:54:51,776] {processor.py:171} INFO - Processing /home/airflow/.local/lib/python3.7/site-packages/airflow/example_dags/example_external_task_marker_dag.py took 0.284 seconds
[2022-07-14 23:55:22,651] {processor.py:163} INFO - Started process (PID=1728) to work on /home/airflow/.local/lib/python3.7/site-packages/airflow/example_dags/example_external_task_marker_dag.py
[2022-07-14 23:55:22,655] {processor.py:620} INFO - Processing file /home/airflow/.local/lib/python3.7/site-packages/airflow/example_dags/example_external_task_marker_dag.py for tasks to queue
[2022-07-14 23:55:22,658] {logging_mixin.py:109} INFO - [2022-07-14 23:55:22,658] {dagbag.py:500} INFO - Filling up the DagBag from /home/airflow/.local/lib/python3.7/site-packages/airflow/example_dags/example_external_task_marker_dag.py
[2022-07-14 23:55:22,728] {processor.py:632} INFO - DAG(s) dict_keys(['example_external_task_marker_parent', 'example_external_task_marker_child']) retrieved from /home/airflow/.local/lib/python3.7/site-packages/airflow/example_dags/example_external_task_marker_dag.py
[2022-07-14 23:55:22,779] {logging_mixin.py:109} INFO - [2022-07-14 23:55:22,778] {dag.py:2389} INFO - Sync 2 DAGs
[2022-07-14 23:55:22,843] {logging_mixin.py:109} INFO - [2022-07-14 23:55:22,843] {dag.py:2921} INFO - Setting next_dagrun for example_external_task_marker_child to None
[2022-07-14 23:55:22,846] {logging_mixin.py:109} INFO - [2022-07-14 23:55:22,846] {dag.py:2921} INFO - Setting next_dagrun for example_external_task_marker_parent to None
[2022-07-14 23:55:22,878] {processor.py:171} INFO - Processing /home/airflow/.local/lib/python3.7/site-packages/airflow/example_dags/example_external_task_marker_dag.py took 0.235 seconds
[2022-07-14 23:55:53,663] {processor.py:163} INFO - Started process (PID=1826) to work on /home/airflow/.local/lib/python3.7/site-packages/airflow/example_dags/example_external_task_marker_dag.py
[2022-07-14 23:55:53,667] {processor.py:620} INFO - Processing file /home/airflow/.local/lib/python3.7/site-packages/airflow/example_dags/example_external_task_marker_dag.py for tasks to queue
[2022-07-14 23:55:53,671] {logging_mixin.py:109} INFO - [2022-07-14 23:55:53,670] {dagbag.py:500} INFO - Filling up the DagBag from /home/airflow/.local/lib/python3.7/site-packages/airflow/example_dags/example_external_task_marker_dag.py
[2022-07-14 23:55:53,744] {processor.py:632} INFO - DAG(s) dict_keys(['example_external_task_marker_parent', 'example_external_task_marker_child']) retrieved from /home/airflow/.local/lib/python3.7/site-packages/airflow/example_dags/example_external_task_marker_dag.py
[2022-07-14 23:55:53,800] {logging_mixin.py:109} INFO - [2022-07-14 23:55:53,800] {dag.py:2389} INFO - Sync 2 DAGs
[2022-07-14 23:55:53,866] {logging_mixin.py:109} INFO - [2022-07-14 23:55:53,865] {dag.py:2921} INFO - Setting next_dagrun for example_external_task_marker_child to None
[2022-07-14 23:55:53,870] {logging_mixin.py:109} INFO - [2022-07-14 23:55:53,870] {dag.py:2921} INFO - Setting next_dagrun for example_external_task_marker_parent to None
[2022-07-14 23:55:53,906] {processor.py:171} INFO - Processing /home/airflow/.local/lib/python3.7/site-packages/airflow/example_dags/example_external_task_marker_dag.py took 0.250 seconds
[2022-07-14 23:56:24,296] {processor.py:163} INFO - Started process (PID=1918) to work on /home/airflow/.local/lib/python3.7/site-packages/airflow/example_dags/example_external_task_marker_dag.py
[2022-07-14 23:56:24,300] {processor.py:620} INFO - Processing file /home/airflow/.local/lib/python3.7/site-packages/airflow/example_dags/example_external_task_marker_dag.py for tasks to queue
[2022-07-14 23:56:24,305] {logging_mixin.py:109} INFO - [2022-07-14 23:56:24,304] {dagbag.py:500} INFO - Filling up the DagBag from /home/airflow/.local/lib/python3.7/site-packages/airflow/example_dags/example_external_task_marker_dag.py
[2022-07-14 23:56:24,379] {processor.py:632} INFO - DAG(s) dict_keys(['example_external_task_marker_parent', 'example_external_task_marker_child']) retrieved from /home/airflow/.local/lib/python3.7/site-packages/airflow/example_dags/example_external_task_marker_dag.py
[2022-07-14 23:56:24,432] {logging_mixin.py:109} INFO - [2022-07-14 23:56:24,431] {dag.py:2389} INFO - Sync 2 DAGs
[2022-07-14 23:56:24,494] {logging_mixin.py:109} INFO - [2022-07-14 23:56:24,494] {dag.py:2921} INFO - Setting next_dagrun for example_external_task_marker_child to None
[2022-07-14 23:56:24,497] {logging_mixin.py:109} INFO - [2022-07-14 23:56:24,496] {dag.py:2921} INFO - Setting next_dagrun for example_external_task_marker_parent to None
[2022-07-14 23:56:24,526] {processor.py:171} INFO - Processing /home/airflow/.local/lib/python3.7/site-packages/airflow/example_dags/example_external_task_marker_dag.py took 0.237 seconds
[2022-07-14 23:56:54,793] {processor.py:163} INFO - Started process (PID=2003) to work on /home/airflow/.local/lib/python3.7/site-packages/airflow/example_dags/example_external_task_marker_dag.py
[2022-07-14 23:56:54,799] {processor.py:620} INFO - Processing file /home/airflow/.local/lib/python3.7/site-packages/airflow/example_dags/example_external_task_marker_dag.py for tasks to queue
[2022-07-14 23:56:54,802] {logging_mixin.py:109} INFO - [2022-07-14 23:56:54,801] {dagbag.py:500} INFO - Filling up the DagBag from /home/airflow/.local/lib/python3.7/site-packages/airflow/example_dags/example_external_task_marker_dag.py
[2022-07-14 23:56:54,891] {processor.py:632} INFO - DAG(s) dict_keys(['example_external_task_marker_parent', 'example_external_task_marker_child']) retrieved from /home/airflow/.local/lib/python3.7/site-packages/airflow/example_dags/example_external_task_marker_dag.py
[2022-07-14 23:56:54,946] {logging_mixin.py:109} INFO - [2022-07-14 23:56:54,945] {dag.py:2389} INFO - Sync 2 DAGs
[2022-07-14 23:56:55,008] {logging_mixin.py:109} INFO - [2022-07-14 23:56:55,007] {dag.py:2921} INFO - Setting next_dagrun for example_external_task_marker_child to None
[2022-07-14 23:56:55,010] {logging_mixin.py:109} INFO - [2022-07-14 23:56:55,010] {dag.py:2921} INFO - Setting next_dagrun for example_external_task_marker_parent to None
[2022-07-14 23:56:55,051] {processor.py:171} INFO - Processing /home/airflow/.local/lib/python3.7/site-packages/airflow/example_dags/example_external_task_marker_dag.py took 0.270 seconds
[2022-07-14 23:57:25,501] {processor.py:163} INFO - Started process (PID=2095) to work on /home/airflow/.local/lib/python3.7/site-packages/airflow/example_dags/example_external_task_marker_dag.py
[2022-07-14 23:57:25,505] {processor.py:620} INFO - Processing file /home/airflow/.local/lib/python3.7/site-packages/airflow/example_dags/example_external_task_marker_dag.py for tasks to queue
[2022-07-14 23:57:25,509] {logging_mixin.py:109} INFO - [2022-07-14 23:57:25,508] {dagbag.py:500} INFO - Filling up the DagBag from /home/airflow/.local/lib/python3.7/site-packages/airflow/example_dags/example_external_task_marker_dag.py
[2022-07-14 23:57:25,580] {processor.py:632} INFO - DAG(s) dict_keys(['example_external_task_marker_parent', 'example_external_task_marker_child']) retrieved from /home/airflow/.local/lib/python3.7/site-packages/airflow/example_dags/example_external_task_marker_dag.py
[2022-07-14 23:57:25,632] {logging_mixin.py:109} INFO - [2022-07-14 23:57:25,632] {dag.py:2389} INFO - Sync 2 DAGs
[2022-07-14 23:57:25,693] {logging_mixin.py:109} INFO - [2022-07-14 23:57:25,693] {dag.py:2921} INFO - Setting next_dagrun for example_external_task_marker_child to None
[2022-07-14 23:57:25,697] {logging_mixin.py:109} INFO - [2022-07-14 23:57:25,696] {dag.py:2921} INFO - Setting next_dagrun for example_external_task_marker_parent to None
[2022-07-14 23:57:25,725] {processor.py:171} INFO - Processing /home/airflow/.local/lib/python3.7/site-packages/airflow/example_dags/example_external_task_marker_dag.py took 0.231 seconds
[2022-07-14 23:57:56,423] {processor.py:163} INFO - Started process (PID=2181) to work on /home/airflow/.local/lib/python3.7/site-packages/airflow/example_dags/example_external_task_marker_dag.py
[2022-07-14 23:57:56,426] {processor.py:620} INFO - Processing file /home/airflow/.local/lib/python3.7/site-packages/airflow/example_dags/example_external_task_marker_dag.py for tasks to queue
[2022-07-14 23:57:56,430] {logging_mixin.py:109} INFO - [2022-07-14 23:57:56,429] {dagbag.py:500} INFO - Filling up the DagBag from /home/airflow/.local/lib/python3.7/site-packages/airflow/example_dags/example_external_task_marker_dag.py
[2022-07-14 23:57:56,496] {processor.py:632} INFO - DAG(s) dict_keys(['example_external_task_marker_parent', 'example_external_task_marker_child']) retrieved from /home/airflow/.local/lib/python3.7/site-packages/airflow/example_dags/example_external_task_marker_dag.py
[2022-07-14 23:57:56,547] {logging_mixin.py:109} INFO - [2022-07-14 23:57:56,547] {dag.py:2389} INFO - Sync 2 DAGs
[2022-07-14 23:57:56,608] {logging_mixin.py:109} INFO - [2022-07-14 23:57:56,608] {dag.py:2921} INFO - Setting next_dagrun for example_external_task_marker_child to None
[2022-07-14 23:57:56,611] {logging_mixin.py:109} INFO - [2022-07-14 23:57:56,611] {dag.py:2921} INFO - Setting next_dagrun for example_external_task_marker_parent to None
[2022-07-14 23:57:56,641] {processor.py:171} INFO - Processing /home/airflow/.local/lib/python3.7/site-packages/airflow/example_dags/example_external_task_marker_dag.py took 0.226 seconds
[2022-07-14 23:58:26,933] {processor.py:163} INFO - Started process (PID=2279) to work on /home/airflow/.local/lib/python3.7/site-packages/airflow/example_dags/example_external_task_marker_dag.py
[2022-07-14 23:58:26,937] {processor.py:620} INFO - Processing file /home/airflow/.local/lib/python3.7/site-packages/airflow/example_dags/example_external_task_marker_dag.py for tasks to queue
[2022-07-14 23:58:26,940] {logging_mixin.py:109} INFO - [2022-07-14 23:58:26,940] {dagbag.py:500} INFO - Filling up the DagBag from /home/airflow/.local/lib/python3.7/site-packages/airflow/example_dags/example_external_task_marker_dag.py
[2022-07-14 23:58:27,007] {processor.py:632} INFO - DAG(s) dict_keys(['example_external_task_marker_parent', 'example_external_task_marker_child']) retrieved from /home/airflow/.local/lib/python3.7/site-packages/airflow/example_dags/example_external_task_marker_dag.py
[2022-07-14 23:58:27,061] {logging_mixin.py:109} INFO - [2022-07-14 23:58:27,061] {dag.py:2389} INFO - Sync 2 DAGs
[2022-07-14 23:58:27,127] {logging_mixin.py:109} INFO - [2022-07-14 23:58:27,126] {dag.py:2921} INFO - Setting next_dagrun for example_external_task_marker_child to None
[2022-07-14 23:58:27,130] {logging_mixin.py:109} INFO - [2022-07-14 23:58:27,130] {dag.py:2921} INFO - Setting next_dagrun for example_external_task_marker_parent to None
[2022-07-14 23:58:27,164] {processor.py:171} INFO - Processing /home/airflow/.local/lib/python3.7/site-packages/airflow/example_dags/example_external_task_marker_dag.py took 0.239 seconds
[2022-07-14 23:58:57,533] {processor.py:163} INFO - Started process (PID=2361) to work on /home/airflow/.local/lib/python3.7/site-packages/airflow/example_dags/example_external_task_marker_dag.py
[2022-07-14 23:58:57,538] {processor.py:620} INFO - Processing file /home/airflow/.local/lib/python3.7/site-packages/airflow/example_dags/example_external_task_marker_dag.py for tasks to queue
[2022-07-14 23:58:57,543] {logging_mixin.py:109} INFO - [2022-07-14 23:58:57,542] {dagbag.py:500} INFO - Filling up the DagBag from /home/airflow/.local/lib/python3.7/site-packages/airflow/example_dags/example_external_task_marker_dag.py
[2022-07-14 23:58:57,626] {processor.py:632} INFO - DAG(s) dict_keys(['example_external_task_marker_parent', 'example_external_task_marker_child']) retrieved from /home/airflow/.local/lib/python3.7/site-packages/airflow/example_dags/example_external_task_marker_dag.py
[2022-07-14 23:58:57,686] {logging_mixin.py:109} INFO - [2022-07-14 23:58:57,686] {dag.py:2389} INFO - Sync 2 DAGs
[2022-07-14 23:58:57,748] {logging_mixin.py:109} INFO - [2022-07-14 23:58:57,748] {dag.py:2921} INFO - Setting next_dagrun for example_external_task_marker_child to None
[2022-07-14 23:58:57,751] {logging_mixin.py:109} INFO - [2022-07-14 23:58:57,751] {dag.py:2921} INFO - Setting next_dagrun for example_external_task_marker_parent to None
[2022-07-14 23:58:57,781] {processor.py:171} INFO - Processing /home/airflow/.local/lib/python3.7/site-packages/airflow/example_dags/example_external_task_marker_dag.py took 0.256 seconds
[2022-07-14 23:59:28,092] {processor.py:163} INFO - Started process (PID=2459) to work on /home/airflow/.local/lib/python3.7/site-packages/airflow/example_dags/example_external_task_marker_dag.py
[2022-07-14 23:59:28,096] {processor.py:620} INFO - Processing file /home/airflow/.local/lib/python3.7/site-packages/airflow/example_dags/example_external_task_marker_dag.py for tasks to queue
[2022-07-14 23:59:28,099] {logging_mixin.py:109} INFO - [2022-07-14 23:59:28,098] {dagbag.py:500} INFO - Filling up the DagBag from /home/airflow/.local/lib/python3.7/site-packages/airflow/example_dags/example_external_task_marker_dag.py
[2022-07-14 23:59:28,173] {processor.py:632} INFO - DAG(s) dict_keys(['example_external_task_marker_parent', 'example_external_task_marker_child']) retrieved from /home/airflow/.local/lib/python3.7/site-packages/airflow/example_dags/example_external_task_marker_dag.py
[2022-07-14 23:59:28,227] {logging_mixin.py:109} INFO - [2022-07-14 23:59:28,227] {dag.py:2389} INFO - Sync 2 DAGs
[2022-07-14 23:59:28,292] {logging_mixin.py:109} INFO - [2022-07-14 23:59:28,292] {dag.py:2921} INFO - Setting next_dagrun for example_external_task_marker_child to None
[2022-07-14 23:59:28,295] {logging_mixin.py:109} INFO - [2022-07-14 23:59:28,295] {dag.py:2921} INFO - Setting next_dagrun for example_external_task_marker_parent to None
[2022-07-14 23:59:28,326] {processor.py:171} INFO - Processing /home/airflow/.local/lib/python3.7/site-packages/airflow/example_dags/example_external_task_marker_dag.py took 0.242 seconds
[2022-07-14 23:59:58,489] {processor.py:163} INFO - Started process (PID=2541) to work on /home/airflow/.local/lib/python3.7/site-packages/airflow/example_dags/example_external_task_marker_dag.py
[2022-07-14 23:59:58,493] {processor.py:620} INFO - Processing file /home/airflow/.local/lib/python3.7/site-packages/airflow/example_dags/example_external_task_marker_dag.py for tasks to queue
[2022-07-14 23:59:58,497] {logging_mixin.py:109} INFO - [2022-07-14 23:59:58,496] {dagbag.py:500} INFO - Filling up the DagBag from /home/airflow/.local/lib/python3.7/site-packages/airflow/example_dags/example_external_task_marker_dag.py
[2022-07-14 23:59:58,564] {processor.py:632} INFO - DAG(s) dict_keys(['example_external_task_marker_parent', 'example_external_task_marker_child']) retrieved from /home/airflow/.local/lib/python3.7/site-packages/airflow/example_dags/example_external_task_marker_dag.py
[2022-07-14 23:59:58,617] {logging_mixin.py:109} INFO - [2022-07-14 23:59:58,616] {dag.py:2389} INFO - Sync 2 DAGs
[2022-07-14 23:59:58,672] {logging_mixin.py:109} INFO - [2022-07-14 23:59:58,671] {dag.py:2921} INFO - Setting next_dagrun for example_external_task_marker_child to None
[2022-07-14 23:59:58,675] {logging_mixin.py:109} INFO - [2022-07-14 23:59:58,674] {dag.py:2921} INFO - Setting next_dagrun for example_external_task_marker_parent to None
[2022-07-14 23:59:58,704] {processor.py:171} INFO - Processing /home/airflow/.local/lib/python3.7/site-packages/airflow/example_dags/example_external_task_marker_dag.py took 0.225 seconds
