[2022-07-14 23:40:58,923] {processor.py:163} INFO - Started process (PID=304) to work on /home/airflow/.local/lib/python3.7/site-packages/airflow/example_dags/example_dag_decorator.py
[2022-07-14 23:40:58,970] {processor.py:620} INFO - Processing file /home/airflow/.local/lib/python3.7/site-packages/airflow/example_dags/example_dag_decorator.py for tasks to queue
[2022-07-14 23:40:58,993] {logging_mixin.py:109} INFO - [2022-07-14 23:40:58,993] {dagbag.py:500} INFO - Filling up the DagBag from /home/airflow/.local/lib/python3.7/site-packages/airflow/example_dags/example_dag_decorator.py
[2022-07-14 23:40:59,710] {processor.py:632} INFO - DAG(s) dict_keys(['example_dag_decorator']) retrieved from /home/airflow/.local/lib/python3.7/site-packages/airflow/example_dags/example_dag_decorator.py
[2022-07-14 23:41:09,262] {logging_mixin.py:109} INFO - [2022-07-14 23:41:09,251] {dag.py:2389} INFO - Sync 1 DAGs
[2022-07-14 23:41:09,670] {logging_mixin.py:109} INFO - [2022-07-14 23:41:09,670] {dag.py:2921} INFO - Setting next_dagrun for example_dag_decorator to None
[2022-07-14 23:41:09,892] {processor.py:171} INFO - Processing /home/airflow/.local/lib/python3.7/site-packages/airflow/example_dags/example_dag_decorator.py took 11.033 seconds
[2022-07-14 23:42:02,476] {processor.py:163} INFO - Started process (PID=418) to work on /home/airflow/.local/lib/python3.7/site-packages/airflow/example_dags/example_dag_decorator.py
[2022-07-14 23:42:02,509] {processor.py:620} INFO - Processing file /home/airflow/.local/lib/python3.7/site-packages/airflow/example_dags/example_dag_decorator.py for tasks to queue
[2022-07-14 23:42:02,513] {logging_mixin.py:109} INFO - [2022-07-14 23:42:02,513] {dagbag.py:500} INFO - Filling up the DagBag from /home/airflow/.local/lib/python3.7/site-packages/airflow/example_dags/example_dag_decorator.py
[2022-07-14 23:42:03,253] {processor.py:632} INFO - DAG(s) dict_keys(['example_dag_decorator']) retrieved from /home/airflow/.local/lib/python3.7/site-packages/airflow/example_dags/example_dag_decorator.py
[2022-07-14 23:42:10,975] {logging_mixin.py:109} INFO - [2022-07-14 23:42:10,974] {dag.py:2389} INFO - Sync 1 DAGs
[2022-07-14 23:42:11,518] {logging_mixin.py:109} INFO - [2022-07-14 23:42:11,503] {dag.py:2921} INFO - Setting next_dagrun for example_dag_decorator to None
[2022-07-14 23:42:11,850] {processor.py:171} INFO - Processing /home/airflow/.local/lib/python3.7/site-packages/airflow/example_dags/example_dag_decorator.py took 9.446 seconds
[2022-07-14 23:46:33,461] {processor.py:163} INFO - Started process (PID=183) to work on /home/airflow/.local/lib/python3.7/site-packages/airflow/example_dags/example_dag_decorator.py
[2022-07-14 23:46:33,469] {processor.py:620} INFO - Processing file /home/airflow/.local/lib/python3.7/site-packages/airflow/example_dags/example_dag_decorator.py for tasks to queue
[2022-07-14 23:46:33,472] {logging_mixin.py:109} INFO - [2022-07-14 23:46:33,472] {dagbag.py:500} INFO - Filling up the DagBag from /home/airflow/.local/lib/python3.7/site-packages/airflow/example_dags/example_dag_decorator.py
[2022-07-14 23:46:33,831] {processor.py:632} INFO - DAG(s) dict_keys(['example_dag_decorator']) retrieved from /home/airflow/.local/lib/python3.7/site-packages/airflow/example_dags/example_dag_decorator.py
[2022-07-14 23:46:37,828] {logging_mixin.py:109} INFO - [2022-07-14 23:46:37,828] {dag.py:2389} INFO - Sync 1 DAGs
[2022-07-14 23:46:38,095] {logging_mixin.py:109} INFO - [2022-07-14 23:46:38,094] {dag.py:2921} INFO - Setting next_dagrun for example_dag_decorator to None
[2022-07-14 23:46:38,248] {processor.py:171} INFO - Processing /home/airflow/.local/lib/python3.7/site-packages/airflow/example_dags/example_dag_decorator.py took 4.795 seconds
[2022-07-14 23:47:08,675] {processor.py:163} INFO - Started process (PID=283) to work on /home/airflow/.local/lib/python3.7/site-packages/airflow/example_dags/example_dag_decorator.py
[2022-07-14 23:47:08,698] {processor.py:620} INFO - Processing file /home/airflow/.local/lib/python3.7/site-packages/airflow/example_dags/example_dag_decorator.py for tasks to queue
[2022-07-14 23:47:08,705] {logging_mixin.py:109} INFO - [2022-07-14 23:47:08,702] {dagbag.py:500} INFO - Filling up the DagBag from /home/airflow/.local/lib/python3.7/site-packages/airflow/example_dags/example_dag_decorator.py
[2022-07-14 23:47:09,200] {processor.py:632} INFO - DAG(s) dict_keys(['example_dag_decorator']) retrieved from /home/airflow/.local/lib/python3.7/site-packages/airflow/example_dags/example_dag_decorator.py
[2022-07-14 23:47:12,722] {logging_mixin.py:109} INFO - [2022-07-14 23:47:12,721] {dag.py:2389} INFO - Sync 1 DAGs
[2022-07-14 23:47:12,868] {logging_mixin.py:109} INFO - [2022-07-14 23:47:12,867] {dag.py:2921} INFO - Setting next_dagrun for example_dag_decorator to None
[2022-07-14 23:47:12,938] {processor.py:171} INFO - Processing /home/airflow/.local/lib/python3.7/site-packages/airflow/example_dags/example_dag_decorator.py took 4.292 seconds
[2022-07-14 23:47:43,528] {processor.py:163} INFO - Started process (PID=377) to work on /home/airflow/.local/lib/python3.7/site-packages/airflow/example_dags/example_dag_decorator.py
[2022-07-14 23:47:43,532] {processor.py:620} INFO - Processing file /home/airflow/.local/lib/python3.7/site-packages/airflow/example_dags/example_dag_decorator.py for tasks to queue
[2022-07-14 23:47:43,536] {logging_mixin.py:109} INFO - [2022-07-14 23:47:43,535] {dagbag.py:500} INFO - Filling up the DagBag from /home/airflow/.local/lib/python3.7/site-packages/airflow/example_dags/example_dag_decorator.py
[2022-07-14 23:47:43,652] {processor.py:632} INFO - DAG(s) dict_keys(['example_dag_decorator']) retrieved from /home/airflow/.local/lib/python3.7/site-packages/airflow/example_dags/example_dag_decorator.py
[2022-07-14 23:47:45,219] {logging_mixin.py:109} INFO - [2022-07-14 23:47:45,219] {dag.py:2389} INFO - Sync 1 DAGs
[2022-07-14 23:47:45,295] {logging_mixin.py:109} INFO - [2022-07-14 23:47:45,294] {dag.py:2921} INFO - Setting next_dagrun for example_dag_decorator to None
[2022-07-14 23:47:45,407] {processor.py:171} INFO - Processing /home/airflow/.local/lib/python3.7/site-packages/airflow/example_dags/example_dag_decorator.py took 1.887 seconds
[2022-07-14 23:48:15,562] {processor.py:163} INFO - Started process (PID=474) to work on /home/airflow/.local/lib/python3.7/site-packages/airflow/example_dags/example_dag_decorator.py
[2022-07-14 23:48:15,566] {processor.py:620} INFO - Processing file /home/airflow/.local/lib/python3.7/site-packages/airflow/example_dags/example_dag_decorator.py for tasks to queue
[2022-07-14 23:48:15,569] {logging_mixin.py:109} INFO - [2022-07-14 23:48:15,568] {dagbag.py:500} INFO - Filling up the DagBag from /home/airflow/.local/lib/python3.7/site-packages/airflow/example_dags/example_dag_decorator.py
[2022-07-14 23:48:15,669] {processor.py:632} INFO - DAG(s) dict_keys(['example_dag_decorator']) retrieved from /home/airflow/.local/lib/python3.7/site-packages/airflow/example_dags/example_dag_decorator.py
[2022-07-14 23:48:16,760] {logging_mixin.py:109} INFO - [2022-07-14 23:48:16,759] {dag.py:2389} INFO - Sync 1 DAGs
[2022-07-14 23:48:16,815] {logging_mixin.py:109} INFO - [2022-07-14 23:48:16,815] {dag.py:2921} INFO - Setting next_dagrun for example_dag_decorator to None
[2022-07-14 23:48:16,850] {processor.py:171} INFO - Processing /home/airflow/.local/lib/python3.7/site-packages/airflow/example_dags/example_dag_decorator.py took 1.298 seconds
[2022-07-14 23:48:47,235] {processor.py:163} INFO - Started process (PID=574) to work on /home/airflow/.local/lib/python3.7/site-packages/airflow/example_dags/example_dag_decorator.py
[2022-07-14 23:48:47,240] {processor.py:620} INFO - Processing file /home/airflow/.local/lib/python3.7/site-packages/airflow/example_dags/example_dag_decorator.py for tasks to queue
[2022-07-14 23:48:47,243] {logging_mixin.py:109} INFO - [2022-07-14 23:48:47,243] {dagbag.py:500} INFO - Filling up the DagBag from /home/airflow/.local/lib/python3.7/site-packages/airflow/example_dags/example_dag_decorator.py
[2022-07-14 23:48:47,349] {processor.py:632} INFO - DAG(s) dict_keys(['example_dag_decorator']) retrieved from /home/airflow/.local/lib/python3.7/site-packages/airflow/example_dags/example_dag_decorator.py
[2022-07-14 23:48:48,682] {logging_mixin.py:109} INFO - [2022-07-14 23:48:48,681] {dag.py:2389} INFO - Sync 1 DAGs
[2022-07-14 23:48:48,748] {logging_mixin.py:109} INFO - [2022-07-14 23:48:48,747] {dag.py:2921} INFO - Setting next_dagrun for example_dag_decorator to None
[2022-07-14 23:48:48,788] {processor.py:171} INFO - Processing /home/airflow/.local/lib/python3.7/site-packages/airflow/example_dags/example_dag_decorator.py took 1.561 seconds
[2022-07-14 23:49:19,087] {processor.py:163} INFO - Started process (PID=658) to work on /home/airflow/.local/lib/python3.7/site-packages/airflow/example_dags/example_dag_decorator.py
[2022-07-14 23:49:19,092] {processor.py:620} INFO - Processing file /home/airflow/.local/lib/python3.7/site-packages/airflow/example_dags/example_dag_decorator.py for tasks to queue
[2022-07-14 23:49:19,095] {logging_mixin.py:109} INFO - [2022-07-14 23:49:19,095] {dagbag.py:500} INFO - Filling up the DagBag from /home/airflow/.local/lib/python3.7/site-packages/airflow/example_dags/example_dag_decorator.py
[2022-07-14 23:49:19,207] {processor.py:632} INFO - DAG(s) dict_keys(['example_dag_decorator']) retrieved from /home/airflow/.local/lib/python3.7/site-packages/airflow/example_dags/example_dag_decorator.py
[2022-07-14 23:49:20,296] {logging_mixin.py:109} INFO - [2022-07-14 23:49:20,296] {dag.py:2389} INFO - Sync 1 DAGs
[2022-07-14 23:49:20,387] {logging_mixin.py:109} INFO - [2022-07-14 23:49:20,387] {dag.py:2921} INFO - Setting next_dagrun for example_dag_decorator to None
[2022-07-14 23:49:20,426] {processor.py:171} INFO - Processing /home/airflow/.local/lib/python3.7/site-packages/airflow/example_dags/example_dag_decorator.py took 1.346 seconds
[2022-07-14 23:49:50,647] {processor.py:163} INFO - Started process (PID=758) to work on /home/airflow/.local/lib/python3.7/site-packages/airflow/example_dags/example_dag_decorator.py
[2022-07-14 23:49:50,651] {processor.py:620} INFO - Processing file /home/airflow/.local/lib/python3.7/site-packages/airflow/example_dags/example_dag_decorator.py for tasks to queue
[2022-07-14 23:49:50,654] {logging_mixin.py:109} INFO - [2022-07-14 23:49:50,653] {dagbag.py:500} INFO - Filling up the DagBag from /home/airflow/.local/lib/python3.7/site-packages/airflow/example_dags/example_dag_decorator.py
[2022-07-14 23:49:50,761] {processor.py:632} INFO - DAG(s) dict_keys(['example_dag_decorator']) retrieved from /home/airflow/.local/lib/python3.7/site-packages/airflow/example_dags/example_dag_decorator.py
[2022-07-14 23:49:51,985] {logging_mixin.py:109} INFO - [2022-07-14 23:49:51,984] {dag.py:2389} INFO - Sync 1 DAGs
[2022-07-14 23:49:52,065] {logging_mixin.py:109} INFO - [2022-07-14 23:49:52,064] {dag.py:2921} INFO - Setting next_dagrun for example_dag_decorator to None
[2022-07-14 23:49:52,104] {processor.py:171} INFO - Processing /home/airflow/.local/lib/python3.7/site-packages/airflow/example_dags/example_dag_decorator.py took 1.465 seconds
[2022-07-14 23:50:22,307] {processor.py:163} INFO - Started process (PID=844) to work on /home/airflow/.local/lib/python3.7/site-packages/airflow/example_dags/example_dag_decorator.py
[2022-07-14 23:50:22,312] {processor.py:620} INFO - Processing file /home/airflow/.local/lib/python3.7/site-packages/airflow/example_dags/example_dag_decorator.py for tasks to queue
[2022-07-14 23:50:22,315] {logging_mixin.py:109} INFO - [2022-07-14 23:50:22,314] {dagbag.py:500} INFO - Filling up the DagBag from /home/airflow/.local/lib/python3.7/site-packages/airflow/example_dags/example_dag_decorator.py
[2022-07-14 23:50:22,435] {processor.py:632} INFO - DAG(s) dict_keys(['example_dag_decorator']) retrieved from /home/airflow/.local/lib/python3.7/site-packages/airflow/example_dags/example_dag_decorator.py
[2022-07-14 23:50:23,600] {logging_mixin.py:109} INFO - [2022-07-14 23:50:23,599] {dag.py:2389} INFO - Sync 1 DAGs
[2022-07-14 23:50:23,654] {logging_mixin.py:109} INFO - [2022-07-14 23:50:23,654] {dag.py:2921} INFO - Setting next_dagrun for example_dag_decorator to None
[2022-07-14 23:50:23,690] {processor.py:171} INFO - Processing /home/airflow/.local/lib/python3.7/site-packages/airflow/example_dags/example_dag_decorator.py took 1.391 seconds
[2022-07-14 23:50:53,873] {processor.py:163} INFO - Started process (PID=945) to work on /home/airflow/.local/lib/python3.7/site-packages/airflow/example_dags/example_dag_decorator.py
[2022-07-14 23:50:53,897] {processor.py:620} INFO - Processing file /home/airflow/.local/lib/python3.7/site-packages/airflow/example_dags/example_dag_decorator.py for tasks to queue
[2022-07-14 23:50:53,901] {logging_mixin.py:109} INFO - [2022-07-14 23:50:53,900] {dagbag.py:500} INFO - Filling up the DagBag from /home/airflow/.local/lib/python3.7/site-packages/airflow/example_dags/example_dag_decorator.py
[2022-07-14 23:50:54,009] {processor.py:632} INFO - DAG(s) dict_keys(['example_dag_decorator']) retrieved from /home/airflow/.local/lib/python3.7/site-packages/airflow/example_dags/example_dag_decorator.py
[2022-07-14 23:50:55,343] {logging_mixin.py:109} INFO - [2022-07-14 23:50:55,343] {dag.py:2389} INFO - Sync 1 DAGs
[2022-07-14 23:50:55,428] {logging_mixin.py:109} INFO - [2022-07-14 23:50:55,427] {dag.py:2921} INFO - Setting next_dagrun for example_dag_decorator to None
[2022-07-14 23:50:55,472] {processor.py:171} INFO - Processing /home/airflow/.local/lib/python3.7/site-packages/airflow/example_dags/example_dag_decorator.py took 1.606 seconds
[2022-07-14 23:51:25,841] {processor.py:163} INFO - Started process (PID=1045) to work on /home/airflow/.local/lib/python3.7/site-packages/airflow/example_dags/example_dag_decorator.py
[2022-07-14 23:51:25,846] {processor.py:620} INFO - Processing file /home/airflow/.local/lib/python3.7/site-packages/airflow/example_dags/example_dag_decorator.py for tasks to queue
[2022-07-14 23:51:25,851] {logging_mixin.py:109} INFO - [2022-07-14 23:51:25,850] {dagbag.py:500} INFO - Filling up the DagBag from /home/airflow/.local/lib/python3.7/site-packages/airflow/example_dags/example_dag_decorator.py
[2022-07-14 23:51:25,968] {processor.py:632} INFO - DAG(s) dict_keys(['example_dag_decorator']) retrieved from /home/airflow/.local/lib/python3.7/site-packages/airflow/example_dags/example_dag_decorator.py
[2022-07-14 23:51:27,362] {logging_mixin.py:109} INFO - [2022-07-14 23:51:27,361] {dag.py:2389} INFO - Sync 1 DAGs
[2022-07-14 23:51:27,451] {logging_mixin.py:109} INFO - [2022-07-14 23:51:27,451] {dag.py:2921} INFO - Setting next_dagrun for example_dag_decorator to None
[2022-07-14 23:51:27,492] {processor.py:171} INFO - Processing /home/airflow/.local/lib/python3.7/site-packages/airflow/example_dags/example_dag_decorator.py took 1.669 seconds
[2022-07-14 23:51:57,645] {processor.py:163} INFO - Started process (PID=1129) to work on /home/airflow/.local/lib/python3.7/site-packages/airflow/example_dags/example_dag_decorator.py
[2022-07-14 23:51:57,651] {processor.py:620} INFO - Processing file /home/airflow/.local/lib/python3.7/site-packages/airflow/example_dags/example_dag_decorator.py for tasks to queue
[2022-07-14 23:51:57,655] {logging_mixin.py:109} INFO - [2022-07-14 23:51:57,655] {dagbag.py:500} INFO - Filling up the DagBag from /home/airflow/.local/lib/python3.7/site-packages/airflow/example_dags/example_dag_decorator.py
[2022-07-14 23:51:57,798] {processor.py:632} INFO - DAG(s) dict_keys(['example_dag_decorator']) retrieved from /home/airflow/.local/lib/python3.7/site-packages/airflow/example_dags/example_dag_decorator.py
[2022-07-14 23:51:59,180] {logging_mixin.py:109} INFO - [2022-07-14 23:51:59,179] {dag.py:2389} INFO - Sync 1 DAGs
[2022-07-14 23:51:59,249] {logging_mixin.py:109} INFO - [2022-07-14 23:51:59,248] {dag.py:2921} INFO - Setting next_dagrun for example_dag_decorator to None
[2022-07-14 23:51:59,291] {processor.py:171} INFO - Processing /home/airflow/.local/lib/python3.7/site-packages/airflow/example_dags/example_dag_decorator.py took 1.653 seconds
[2022-07-14 23:52:29,959] {processor.py:163} INFO - Started process (PID=1231) to work on /home/airflow/.local/lib/python3.7/site-packages/airflow/example_dags/example_dag_decorator.py
[2022-07-14 23:52:29,965] {processor.py:620} INFO - Processing file /home/airflow/.local/lib/python3.7/site-packages/airflow/example_dags/example_dag_decorator.py for tasks to queue
[2022-07-14 23:52:29,969] {logging_mixin.py:109} INFO - [2022-07-14 23:52:29,968] {dagbag.py:500} INFO - Filling up the DagBag from /home/airflow/.local/lib/python3.7/site-packages/airflow/example_dags/example_dag_decorator.py
[2022-07-14 23:52:30,093] {processor.py:632} INFO - DAG(s) dict_keys(['example_dag_decorator']) retrieved from /home/airflow/.local/lib/python3.7/site-packages/airflow/example_dags/example_dag_decorator.py
[2022-07-14 23:52:30,139] {logging_mixin.py:109} INFO - [2022-07-14 23:52:30,138] {dag.py:2389} INFO - Sync 1 DAGs
[2022-07-14 23:52:30,208] {logging_mixin.py:109} INFO - [2022-07-14 23:52:30,207] {dag.py:2921} INFO - Setting next_dagrun for example_dag_decorator to None
[2022-07-14 23:52:30,242] {processor.py:171} INFO - Processing /home/airflow/.local/lib/python3.7/site-packages/airflow/example_dags/example_dag_decorator.py took 0.291 seconds
[2022-07-14 23:53:01,149] {processor.py:163} INFO - Started process (PID=1312) to work on /home/airflow/.local/lib/python3.7/site-packages/airflow/example_dags/example_dag_decorator.py
[2022-07-14 23:53:01,154] {processor.py:620} INFO - Processing file /home/airflow/.local/lib/python3.7/site-packages/airflow/example_dags/example_dag_decorator.py for tasks to queue
[2022-07-14 23:53:01,158] {logging_mixin.py:109} INFO - [2022-07-14 23:53:01,157] {dagbag.py:500} INFO - Filling up the DagBag from /home/airflow/.local/lib/python3.7/site-packages/airflow/example_dags/example_dag_decorator.py
[2022-07-14 23:53:01,255] {processor.py:632} INFO - DAG(s) dict_keys(['example_dag_decorator']) retrieved from /home/airflow/.local/lib/python3.7/site-packages/airflow/example_dags/example_dag_decorator.py
[2022-07-14 23:53:02,327] {logging_mixin.py:109} INFO - [2022-07-14 23:53:02,326] {dag.py:2389} INFO - Sync 1 DAGs
[2022-07-14 23:53:02,386] {logging_mixin.py:109} INFO - [2022-07-14 23:53:02,385] {dag.py:2921} INFO - Setting next_dagrun for example_dag_decorator to None
[2022-07-14 23:53:02,425] {processor.py:171} INFO - Processing /home/airflow/.local/lib/python3.7/site-packages/airflow/example_dags/example_dag_decorator.py took 1.285 seconds
[2022-07-14 23:53:32,625] {processor.py:163} INFO - Started process (PID=1412) to work on /home/airflow/.local/lib/python3.7/site-packages/airflow/example_dags/example_dag_decorator.py
[2022-07-14 23:53:32,633] {processor.py:620} INFO - Processing file /home/airflow/.local/lib/python3.7/site-packages/airflow/example_dags/example_dag_decorator.py for tasks to queue
[2022-07-14 23:53:32,637] {logging_mixin.py:109} INFO - [2022-07-14 23:53:32,637] {dagbag.py:500} INFO - Filling up the DagBag from /home/airflow/.local/lib/python3.7/site-packages/airflow/example_dags/example_dag_decorator.py
[2022-07-14 23:53:32,768] {processor.py:632} INFO - DAG(s) dict_keys(['example_dag_decorator']) retrieved from /home/airflow/.local/lib/python3.7/site-packages/airflow/example_dags/example_dag_decorator.py
[2022-07-14 23:53:34,063] {logging_mixin.py:109} INFO - [2022-07-14 23:53:34,063] {dag.py:2389} INFO - Sync 1 DAGs
[2022-07-14 23:53:34,127] {logging_mixin.py:109} INFO - [2022-07-14 23:53:34,127] {dag.py:2921} INFO - Setting next_dagrun for example_dag_decorator to None
[2022-07-14 23:53:34,191] {processor.py:171} INFO - Processing /home/airflow/.local/lib/python3.7/site-packages/airflow/example_dags/example_dag_decorator.py took 1.573 seconds
[2022-07-14 23:54:04,367] {processor.py:163} INFO - Started process (PID=1508) to work on /home/airflow/.local/lib/python3.7/site-packages/airflow/example_dags/example_dag_decorator.py
[2022-07-14 23:54:04,371] {processor.py:620} INFO - Processing file /home/airflow/.local/lib/python3.7/site-packages/airflow/example_dags/example_dag_decorator.py for tasks to queue
[2022-07-14 23:54:04,374] {logging_mixin.py:109} INFO - [2022-07-14 23:54:04,373] {dagbag.py:500} INFO - Filling up the DagBag from /home/airflow/.local/lib/python3.7/site-packages/airflow/example_dags/example_dag_decorator.py
[2022-07-14 23:54:04,471] {processor.py:632} INFO - DAG(s) dict_keys(['example_dag_decorator']) retrieved from /home/airflow/.local/lib/python3.7/site-packages/airflow/example_dags/example_dag_decorator.py
[2022-07-14 23:54:05,564] {logging_mixin.py:109} INFO - [2022-07-14 23:54:05,563] {dag.py:2389} INFO - Sync 1 DAGs
[2022-07-14 23:54:05,620] {logging_mixin.py:109} INFO - [2022-07-14 23:54:05,620] {dag.py:2921} INFO - Setting next_dagrun for example_dag_decorator to None
[2022-07-14 23:54:05,658] {processor.py:171} INFO - Processing /home/airflow/.local/lib/python3.7/site-packages/airflow/example_dags/example_dag_decorator.py took 1.301 seconds
[2022-07-14 23:54:36,168] {processor.py:163} INFO - Started process (PID=1598) to work on /home/airflow/.local/lib/python3.7/site-packages/airflow/example_dags/example_dag_decorator.py
[2022-07-14 23:54:36,172] {processor.py:620} INFO - Processing file /home/airflow/.local/lib/python3.7/site-packages/airflow/example_dags/example_dag_decorator.py for tasks to queue
[2022-07-14 23:54:36,175] {logging_mixin.py:109} INFO - [2022-07-14 23:54:36,174] {dagbag.py:500} INFO - Filling up the DagBag from /home/airflow/.local/lib/python3.7/site-packages/airflow/example_dags/example_dag_decorator.py
[2022-07-14 23:54:36,266] {processor.py:632} INFO - DAG(s) dict_keys(['example_dag_decorator']) retrieved from /home/airflow/.local/lib/python3.7/site-packages/airflow/example_dags/example_dag_decorator.py
[2022-07-14 23:54:37,420] {logging_mixin.py:109} INFO - [2022-07-14 23:54:37,420] {dag.py:2389} INFO - Sync 1 DAGs
[2022-07-14 23:54:37,491] {logging_mixin.py:109} INFO - [2022-07-14 23:54:37,491] {dag.py:2921} INFO - Setting next_dagrun for example_dag_decorator to None
[2022-07-14 23:54:37,541] {processor.py:171} INFO - Processing /home/airflow/.local/lib/python3.7/site-packages/airflow/example_dags/example_dag_decorator.py took 1.380 seconds
[2022-07-14 23:55:07,940] {processor.py:163} INFO - Started process (PID=1696) to work on /home/airflow/.local/lib/python3.7/site-packages/airflow/example_dags/example_dag_decorator.py
[2022-07-14 23:55:07,945] {processor.py:620} INFO - Processing file /home/airflow/.local/lib/python3.7/site-packages/airflow/example_dags/example_dag_decorator.py for tasks to queue
[2022-07-14 23:55:07,949] {logging_mixin.py:109} INFO - [2022-07-14 23:55:07,949] {dagbag.py:500} INFO - Filling up the DagBag from /home/airflow/.local/lib/python3.7/site-packages/airflow/example_dags/example_dag_decorator.py
[2022-07-14 23:55:08,055] {processor.py:632} INFO - DAG(s) dict_keys(['example_dag_decorator']) retrieved from /home/airflow/.local/lib/python3.7/site-packages/airflow/example_dags/example_dag_decorator.py
[2022-07-14 23:55:09,390] {logging_mixin.py:109} INFO - [2022-07-14 23:55:09,390] {dag.py:2389} INFO - Sync 1 DAGs
[2022-07-14 23:55:09,454] {logging_mixin.py:109} INFO - [2022-07-14 23:55:09,453] {dag.py:2921} INFO - Setting next_dagrun for example_dag_decorator to None
[2022-07-14 23:55:09,490] {processor.py:171} INFO - Processing /home/airflow/.local/lib/python3.7/site-packages/airflow/example_dags/example_dag_decorator.py took 1.557 seconds
[2022-07-14 23:55:39,565] {processor.py:163} INFO - Started process (PID=1788) to work on /home/airflow/.local/lib/python3.7/site-packages/airflow/example_dags/example_dag_decorator.py
[2022-07-14 23:55:39,569] {processor.py:620} INFO - Processing file /home/airflow/.local/lib/python3.7/site-packages/airflow/example_dags/example_dag_decorator.py for tasks to queue
[2022-07-14 23:55:39,572] {logging_mixin.py:109} INFO - [2022-07-14 23:55:39,571] {dagbag.py:500} INFO - Filling up the DagBag from /home/airflow/.local/lib/python3.7/site-packages/airflow/example_dags/example_dag_decorator.py
[2022-07-14 23:55:39,663] {processor.py:632} INFO - DAG(s) dict_keys(['example_dag_decorator']) retrieved from /home/airflow/.local/lib/python3.7/site-packages/airflow/example_dags/example_dag_decorator.py
[2022-07-14 23:55:40,587] {logging_mixin.py:109} INFO - [2022-07-14 23:55:40,587] {dag.py:2389} INFO - Sync 1 DAGs
[2022-07-14 23:55:40,642] {logging_mixin.py:109} INFO - [2022-07-14 23:55:40,641] {dag.py:2921} INFO - Setting next_dagrun for example_dag_decorator to None
[2022-07-14 23:55:40,671] {processor.py:171} INFO - Processing /home/airflow/.local/lib/python3.7/site-packages/airflow/example_dags/example_dag_decorator.py took 1.113 seconds
[2022-07-14 23:56:11,365] {processor.py:163} INFO - Started process (PID=1888) to work on /home/airflow/.local/lib/python3.7/site-packages/airflow/example_dags/example_dag_decorator.py
[2022-07-14 23:56:11,379] {processor.py:620} INFO - Processing file /home/airflow/.local/lib/python3.7/site-packages/airflow/example_dags/example_dag_decorator.py for tasks to queue
[2022-07-14 23:56:11,382] {logging_mixin.py:109} INFO - [2022-07-14 23:56:11,382] {dagbag.py:500} INFO - Filling up the DagBag from /home/airflow/.local/lib/python3.7/site-packages/airflow/example_dags/example_dag_decorator.py
[2022-07-14 23:56:11,487] {processor.py:632} INFO - DAG(s) dict_keys(['example_dag_decorator']) retrieved from /home/airflow/.local/lib/python3.7/site-packages/airflow/example_dags/example_dag_decorator.py
[2022-07-14 23:56:12,611] {logging_mixin.py:109} INFO - [2022-07-14 23:56:12,610] {dag.py:2389} INFO - Sync 1 DAGs
[2022-07-14 23:56:12,672] {logging_mixin.py:109} INFO - [2022-07-14 23:56:12,671] {dag.py:2921} INFO - Setting next_dagrun for example_dag_decorator to None
[2022-07-14 23:56:12,706] {processor.py:171} INFO - Processing /home/airflow/.local/lib/python3.7/site-packages/airflow/example_dags/example_dag_decorator.py took 1.364 seconds
[2022-07-14 23:56:43,438] {processor.py:163} INFO - Started process (PID=1970) to work on /home/airflow/.local/lib/python3.7/site-packages/airflow/example_dags/example_dag_decorator.py
[2022-07-14 23:56:43,443] {processor.py:620} INFO - Processing file /home/airflow/.local/lib/python3.7/site-packages/airflow/example_dags/example_dag_decorator.py for tasks to queue
[2022-07-14 23:56:43,447] {logging_mixin.py:109} INFO - [2022-07-14 23:56:43,446] {dagbag.py:500} INFO - Filling up the DagBag from /home/airflow/.local/lib/python3.7/site-packages/airflow/example_dags/example_dag_decorator.py
[2022-07-14 23:56:43,549] {processor.py:632} INFO - DAG(s) dict_keys(['example_dag_decorator']) retrieved from /home/airflow/.local/lib/python3.7/site-packages/airflow/example_dags/example_dag_decorator.py
[2022-07-14 23:56:44,771] {logging_mixin.py:109} INFO - [2022-07-14 23:56:44,770] {dag.py:2389} INFO - Sync 1 DAGs
[2022-07-14 23:56:44,834] {logging_mixin.py:109} INFO - [2022-07-14 23:56:44,833] {dag.py:2921} INFO - Setting next_dagrun for example_dag_decorator to None
[2022-07-14 23:56:44,872] {processor.py:171} INFO - Processing /home/airflow/.local/lib/python3.7/site-packages/airflow/example_dags/example_dag_decorator.py took 1.442 seconds
[2022-07-14 23:57:15,150] {processor.py:163} INFO - Started process (PID=2067) to work on /home/airflow/.local/lib/python3.7/site-packages/airflow/example_dags/example_dag_decorator.py
[2022-07-14 23:57:15,159] {processor.py:620} INFO - Processing file /home/airflow/.local/lib/python3.7/site-packages/airflow/example_dags/example_dag_decorator.py for tasks to queue
[2022-07-14 23:57:15,162] {logging_mixin.py:109} INFO - [2022-07-14 23:57:15,162] {dagbag.py:500} INFO - Filling up the DagBag from /home/airflow/.local/lib/python3.7/site-packages/airflow/example_dags/example_dag_decorator.py
[2022-07-14 23:57:15,264] {processor.py:632} INFO - DAG(s) dict_keys(['example_dag_decorator']) retrieved from /home/airflow/.local/lib/python3.7/site-packages/airflow/example_dags/example_dag_decorator.py
[2022-07-14 23:57:16,359] {logging_mixin.py:109} INFO - [2022-07-14 23:57:16,359] {dag.py:2389} INFO - Sync 1 DAGs
[2022-07-14 23:57:16,424] {logging_mixin.py:109} INFO - [2022-07-14 23:57:16,423] {dag.py:2921} INFO - Setting next_dagrun for example_dag_decorator to None
[2022-07-14 23:57:16,466] {processor.py:171} INFO - Processing /home/airflow/.local/lib/python3.7/site-packages/airflow/example_dags/example_dag_decorator.py took 1.324 seconds
[2022-07-14 23:57:47,496] {processor.py:163} INFO - Started process (PID=2165) to work on /home/airflow/.local/lib/python3.7/site-packages/airflow/example_dags/example_dag_decorator.py
[2022-07-14 23:57:47,503] {processor.py:620} INFO - Processing file /home/airflow/.local/lib/python3.7/site-packages/airflow/example_dags/example_dag_decorator.py for tasks to queue
[2022-07-14 23:57:47,507] {logging_mixin.py:109} INFO - [2022-07-14 23:57:47,506] {dagbag.py:500} INFO - Filling up the DagBag from /home/airflow/.local/lib/python3.7/site-packages/airflow/example_dags/example_dag_decorator.py
[2022-07-14 23:57:47,617] {processor.py:632} INFO - DAG(s) dict_keys(['example_dag_decorator']) retrieved from /home/airflow/.local/lib/python3.7/site-packages/airflow/example_dags/example_dag_decorator.py
[2022-07-14 23:57:48,854] {logging_mixin.py:109} INFO - [2022-07-14 23:57:48,853] {dag.py:2389} INFO - Sync 1 DAGs
[2022-07-14 23:57:48,912] {logging_mixin.py:109} INFO - [2022-07-14 23:57:48,912] {dag.py:2921} INFO - Setting next_dagrun for example_dag_decorator to None
[2022-07-14 23:57:48,947] {processor.py:171} INFO - Processing /home/airflow/.local/lib/python3.7/site-packages/airflow/example_dags/example_dag_decorator.py took 1.459 seconds
[2022-07-14 23:58:19,084] {processor.py:163} INFO - Started process (PID=2249) to work on /home/airflow/.local/lib/python3.7/site-packages/airflow/example_dags/example_dag_decorator.py
[2022-07-14 23:58:19,088] {processor.py:620} INFO - Processing file /home/airflow/.local/lib/python3.7/site-packages/airflow/example_dags/example_dag_decorator.py for tasks to queue
[2022-07-14 23:58:19,091] {logging_mixin.py:109} INFO - [2022-07-14 23:58:19,090] {dagbag.py:500} INFO - Filling up the DagBag from /home/airflow/.local/lib/python3.7/site-packages/airflow/example_dags/example_dag_decorator.py
[2022-07-14 23:58:19,185] {processor.py:632} INFO - DAG(s) dict_keys(['example_dag_decorator']) retrieved from /home/airflow/.local/lib/python3.7/site-packages/airflow/example_dags/example_dag_decorator.py
[2022-07-14 23:58:19,222] {logging_mixin.py:109} INFO - [2022-07-14 23:58:19,222] {dag.py:2389} INFO - Sync 1 DAGs
[2022-07-14 23:58:19,277] {logging_mixin.py:109} INFO - [2022-07-14 23:58:19,277] {dag.py:2921} INFO - Setting next_dagrun for example_dag_decorator to None
[2022-07-14 23:58:19,306] {processor.py:171} INFO - Processing /home/airflow/.local/lib/python3.7/site-packages/airflow/example_dags/example_dag_decorator.py took 0.229 seconds
[2022-07-14 23:58:49,454] {processor.py:163} INFO - Started process (PID=2347) to work on /home/airflow/.local/lib/python3.7/site-packages/airflow/example_dags/example_dag_decorator.py
[2022-07-14 23:58:49,458] {processor.py:620} INFO - Processing file /home/airflow/.local/lib/python3.7/site-packages/airflow/example_dags/example_dag_decorator.py for tasks to queue
[2022-07-14 23:58:49,462] {logging_mixin.py:109} INFO - [2022-07-14 23:58:49,462] {dagbag.py:500} INFO - Filling up the DagBag from /home/airflow/.local/lib/python3.7/site-packages/airflow/example_dags/example_dag_decorator.py
[2022-07-14 23:58:49,572] {processor.py:632} INFO - DAG(s) dict_keys(['example_dag_decorator']) retrieved from /home/airflow/.local/lib/python3.7/site-packages/airflow/example_dags/example_dag_decorator.py
[2022-07-14 23:58:50,730] {logging_mixin.py:109} INFO - [2022-07-14 23:58:50,730] {dag.py:2389} INFO - Sync 1 DAGs
[2022-07-14 23:58:50,790] {logging_mixin.py:109} INFO - [2022-07-14 23:58:50,789] {dag.py:2921} INFO - Setting next_dagrun for example_dag_decorator to None
[2022-07-14 23:58:50,826] {processor.py:171} INFO - Processing /home/airflow/.local/lib/python3.7/site-packages/airflow/example_dags/example_dag_decorator.py took 1.379 seconds
[2022-07-14 23:59:21,152] {processor.py:163} INFO - Started process (PID=2431) to work on /home/airflow/.local/lib/python3.7/site-packages/airflow/example_dags/example_dag_decorator.py
[2022-07-14 23:59:21,156] {processor.py:620} INFO - Processing file /home/airflow/.local/lib/python3.7/site-packages/airflow/example_dags/example_dag_decorator.py for tasks to queue
[2022-07-14 23:59:21,159] {logging_mixin.py:109} INFO - [2022-07-14 23:59:21,159] {dagbag.py:500} INFO - Filling up the DagBag from /home/airflow/.local/lib/python3.7/site-packages/airflow/example_dags/example_dag_decorator.py
[2022-07-14 23:59:21,246] {processor.py:632} INFO - DAG(s) dict_keys(['example_dag_decorator']) retrieved from /home/airflow/.local/lib/python3.7/site-packages/airflow/example_dags/example_dag_decorator.py
[2022-07-14 23:59:22,270] {logging_mixin.py:109} INFO - [2022-07-14 23:59:22,270] {dag.py:2389} INFO - Sync 1 DAGs
[2022-07-14 23:59:22,326] {logging_mixin.py:109} INFO - [2022-07-14 23:59:22,325] {dag.py:2921} INFO - Setting next_dagrun for example_dag_decorator to None
[2022-07-14 23:59:22,359] {processor.py:171} INFO - Processing /home/airflow/.local/lib/python3.7/site-packages/airflow/example_dags/example_dag_decorator.py took 1.214 seconds
[2022-07-14 23:59:52,560] {processor.py:163} INFO - Started process (PID=2531) to work on /home/airflow/.local/lib/python3.7/site-packages/airflow/example_dags/example_dag_decorator.py
[2022-07-14 23:59:52,565] {processor.py:620} INFO - Processing file /home/airflow/.local/lib/python3.7/site-packages/airflow/example_dags/example_dag_decorator.py for tasks to queue
[2022-07-14 23:59:52,568] {logging_mixin.py:109} INFO - [2022-07-14 23:59:52,568] {dagbag.py:500} INFO - Filling up the DagBag from /home/airflow/.local/lib/python3.7/site-packages/airflow/example_dags/example_dag_decorator.py
[2022-07-14 23:59:52,683] {processor.py:632} INFO - DAG(s) dict_keys(['example_dag_decorator']) retrieved from /home/airflow/.local/lib/python3.7/site-packages/airflow/example_dags/example_dag_decorator.py
[2022-07-14 23:59:53,968] {logging_mixin.py:109} INFO - [2022-07-14 23:59:53,968] {dag.py:2389} INFO - Sync 1 DAGs
[2022-07-14 23:59:54,068] {logging_mixin.py:109} INFO - [2022-07-14 23:59:54,068] {dag.py:2921} INFO - Setting next_dagrun for example_dag_decorator to None
[2022-07-14 23:59:54,130] {processor.py:171} INFO - Processing /home/airflow/.local/lib/python3.7/site-packages/airflow/example_dags/example_dag_decorator.py took 1.579 seconds
