[2022-07-14 23:41:50,221] {processor.py:163} INFO - Started process (PID=388) to work on /home/airflow/.local/lib/python3.7/site-packages/airflow/example_dags/example_kubernetes_executor_config.py
[2022-07-14 23:41:50,234] {processor.py:620} INFO - Processing file /home/airflow/.local/lib/python3.7/site-packages/airflow/example_dags/example_kubernetes_executor_config.py for tasks to queue
[2022-07-14 23:41:50,240] {logging_mixin.py:109} INFO - [2022-07-14 23:41:50,240] {dagbag.py:500} INFO - Filling up the DagBag from /home/airflow/.local/lib/python3.7/site-packages/airflow/example_dags/example_kubernetes_executor_config.py
[2022-07-14 23:41:50,578] {processor.py:632} INFO - DAG(s) dict_keys(['example_kubernetes_executor_config']) retrieved from /home/airflow/.local/lib/python3.7/site-packages/airflow/example_dags/example_kubernetes_executor_config.py
[2022-07-14 23:41:50,790] {logging_mixin.py:109} INFO - [2022-07-14 23:41:50,790] {dag.py:2389} INFO - Sync 1 DAGs
[2022-07-14 23:41:51,096] {logging_mixin.py:109} INFO - [2022-07-14 23:41:51,094] {dag.py:2921} INFO - Setting next_dagrun for example_kubernetes_executor_config to None
[2022-07-14 23:41:51,281] {processor.py:171} INFO - Processing /home/airflow/.local/lib/python3.7/site-packages/airflow/example_dags/example_kubernetes_executor_config.py took 1.090 seconds
[2022-07-14 23:46:53,338] {processor.py:163} INFO - Started process (PID=245) to work on /home/airflow/.local/lib/python3.7/site-packages/airflow/example_dags/example_kubernetes_executor_config.py
[2022-07-14 23:46:53,354] {processor.py:620} INFO - Processing file /home/airflow/.local/lib/python3.7/site-packages/airflow/example_dags/example_kubernetes_executor_config.py for tasks to queue
[2022-07-14 23:46:53,369] {logging_mixin.py:109} INFO - [2022-07-14 23:46:53,362] {dagbag.py:500} INFO - Filling up the DagBag from /home/airflow/.local/lib/python3.7/site-packages/airflow/example_dags/example_kubernetes_executor_config.py
[2022-07-14 23:46:53,642] {processor.py:632} INFO - DAG(s) dict_keys(['example_kubernetes_executor_config']) retrieved from /home/airflow/.local/lib/python3.7/site-packages/airflow/example_dags/example_kubernetes_executor_config.py
[2022-07-14 23:46:53,740] {logging_mixin.py:109} INFO - [2022-07-14 23:46:53,738] {dag.py:2389} INFO - Sync 1 DAGs
[2022-07-14 23:46:53,879] {logging_mixin.py:109} INFO - [2022-07-14 23:46:53,879] {dag.py:2921} INFO - Setting next_dagrun for example_kubernetes_executor_config to None
[2022-07-14 23:46:53,953] {processor.py:171} INFO - Processing /home/airflow/.local/lib/python3.7/site-packages/airflow/example_dags/example_kubernetes_executor_config.py took 0.642 seconds
[2022-07-14 23:47:24,766] {processor.py:163} INFO - Started process (PID=335) to work on /home/airflow/.local/lib/python3.7/site-packages/airflow/example_dags/example_kubernetes_executor_config.py
[2022-07-14 23:47:24,781] {processor.py:620} INFO - Processing file /home/airflow/.local/lib/python3.7/site-packages/airflow/example_dags/example_kubernetes_executor_config.py for tasks to queue
[2022-07-14 23:47:24,788] {logging_mixin.py:109} INFO - [2022-07-14 23:47:24,787] {dagbag.py:500} INFO - Filling up the DagBag from /home/airflow/.local/lib/python3.7/site-packages/airflow/example_dags/example_kubernetes_executor_config.py
[2022-07-14 23:47:25,022] {processor.py:632} INFO - DAG(s) dict_keys(['example_kubernetes_executor_config']) retrieved from /home/airflow/.local/lib/python3.7/site-packages/airflow/example_dags/example_kubernetes_executor_config.py
[2022-07-14 23:47:25,119] {logging_mixin.py:109} INFO - [2022-07-14 23:47:25,119] {dag.py:2389} INFO - Sync 1 DAGs
[2022-07-14 23:47:25,237] {logging_mixin.py:109} INFO - [2022-07-14 23:47:25,236] {dag.py:2921} INFO - Setting next_dagrun for example_kubernetes_executor_config to None
[2022-07-14 23:47:25,280] {processor.py:171} INFO - Processing /home/airflow/.local/lib/python3.7/site-packages/airflow/example_dags/example_kubernetes_executor_config.py took 0.525 seconds
[2022-07-14 23:47:55,665] {processor.py:163} INFO - Started process (PID=422) to work on /home/airflow/.local/lib/python3.7/site-packages/airflow/example_dags/example_kubernetes_executor_config.py
[2022-07-14 23:47:55,671] {processor.py:620} INFO - Processing file /home/airflow/.local/lib/python3.7/site-packages/airflow/example_dags/example_kubernetes_executor_config.py for tasks to queue
[2022-07-14 23:47:55,674] {logging_mixin.py:109} INFO - [2022-07-14 23:47:55,674] {dagbag.py:500} INFO - Filling up the DagBag from /home/airflow/.local/lib/python3.7/site-packages/airflow/example_dags/example_kubernetes_executor_config.py
[2022-07-14 23:47:55,854] {processor.py:632} INFO - DAG(s) dict_keys(['example_kubernetes_executor_config']) retrieved from /home/airflow/.local/lib/python3.7/site-packages/airflow/example_dags/example_kubernetes_executor_config.py
[2022-07-14 23:47:55,939] {logging_mixin.py:109} INFO - [2022-07-14 23:47:55,938] {dag.py:2389} INFO - Sync 1 DAGs
[2022-07-14 23:47:56,021] {logging_mixin.py:109} INFO - [2022-07-14 23:47:56,021] {dag.py:2921} INFO - Setting next_dagrun for example_kubernetes_executor_config to None
[2022-07-14 23:47:56,054] {processor.py:171} INFO - Processing /home/airflow/.local/lib/python3.7/site-packages/airflow/example_dags/example_kubernetes_executor_config.py took 0.406 seconds
[2022-07-14 23:48:26,361] {processor.py:163} INFO - Started process (PID=520) to work on /home/airflow/.local/lib/python3.7/site-packages/airflow/example_dags/example_kubernetes_executor_config.py
[2022-07-14 23:48:26,365] {processor.py:620} INFO - Processing file /home/airflow/.local/lib/python3.7/site-packages/airflow/example_dags/example_kubernetes_executor_config.py for tasks to queue
[2022-07-14 23:48:26,369] {logging_mixin.py:109} INFO - [2022-07-14 23:48:26,368] {dagbag.py:500} INFO - Filling up the DagBag from /home/airflow/.local/lib/python3.7/site-packages/airflow/example_dags/example_kubernetes_executor_config.py
[2022-07-14 23:48:26,443] {processor.py:632} INFO - DAG(s) dict_keys(['example_kubernetes_executor_config']) retrieved from /home/airflow/.local/lib/python3.7/site-packages/airflow/example_dags/example_kubernetes_executor_config.py
[2022-07-14 23:48:26,491] {logging_mixin.py:109} INFO - [2022-07-14 23:48:26,491] {dag.py:2389} INFO - Sync 1 DAGs
[2022-07-14 23:48:26,588] {logging_mixin.py:109} INFO - [2022-07-14 23:48:26,588] {dag.py:2921} INFO - Setting next_dagrun for example_kubernetes_executor_config to None
[2022-07-14 23:48:26,618] {processor.py:171} INFO - Processing /home/airflow/.local/lib/python3.7/site-packages/airflow/example_dags/example_kubernetes_executor_config.py took 0.265 seconds
[2022-07-14 23:48:57,223] {processor.py:163} INFO - Started process (PID=600) to work on /home/airflow/.local/lib/python3.7/site-packages/airflow/example_dags/example_kubernetes_executor_config.py
[2022-07-14 23:48:57,227] {processor.py:620} INFO - Processing file /home/airflow/.local/lib/python3.7/site-packages/airflow/example_dags/example_kubernetes_executor_config.py for tasks to queue
[2022-07-14 23:48:57,231] {logging_mixin.py:109} INFO - [2022-07-14 23:48:57,230] {dagbag.py:500} INFO - Filling up the DagBag from /home/airflow/.local/lib/python3.7/site-packages/airflow/example_dags/example_kubernetes_executor_config.py
[2022-07-14 23:48:57,314] {processor.py:632} INFO - DAG(s) dict_keys(['example_kubernetes_executor_config']) retrieved from /home/airflow/.local/lib/python3.7/site-packages/airflow/example_dags/example_kubernetes_executor_config.py
[2022-07-14 23:48:57,366] {logging_mixin.py:109} INFO - [2022-07-14 23:48:57,365] {dag.py:2389} INFO - Sync 1 DAGs
[2022-07-14 23:48:57,480] {logging_mixin.py:109} INFO - [2022-07-14 23:48:57,479] {dag.py:2921} INFO - Setting next_dagrun for example_kubernetes_executor_config to None
[2022-07-14 23:48:57,521] {processor.py:171} INFO - Processing /home/airflow/.local/lib/python3.7/site-packages/airflow/example_dags/example_kubernetes_executor_config.py took 0.307 seconds
[2022-07-14 23:49:27,804] {processor.py:163} INFO - Started process (PID=698) to work on /home/airflow/.local/lib/python3.7/site-packages/airflow/example_dags/example_kubernetes_executor_config.py
[2022-07-14 23:49:27,809] {processor.py:620} INFO - Processing file /home/airflow/.local/lib/python3.7/site-packages/airflow/example_dags/example_kubernetes_executor_config.py for tasks to queue
[2022-07-14 23:49:27,812] {logging_mixin.py:109} INFO - [2022-07-14 23:49:27,812] {dagbag.py:500} INFO - Filling up the DagBag from /home/airflow/.local/lib/python3.7/site-packages/airflow/example_dags/example_kubernetes_executor_config.py
[2022-07-14 23:49:27,904] {processor.py:632} INFO - DAG(s) dict_keys(['example_kubernetes_executor_config']) retrieved from /home/airflow/.local/lib/python3.7/site-packages/airflow/example_dags/example_kubernetes_executor_config.py
[2022-07-14 23:49:27,959] {logging_mixin.py:109} INFO - [2022-07-14 23:49:27,959] {dag.py:2389} INFO - Sync 1 DAGs
[2022-07-14 23:49:28,034] {logging_mixin.py:109} INFO - [2022-07-14 23:49:28,033] {dag.py:2921} INFO - Setting next_dagrun for example_kubernetes_executor_config to None
[2022-07-14 23:49:28,083] {processor.py:171} INFO - Processing /home/airflow/.local/lib/python3.7/site-packages/airflow/example_dags/example_kubernetes_executor_config.py took 0.288 seconds
[2022-07-14 23:49:58,225] {processor.py:163} INFO - Started process (PID=780) to work on /home/airflow/.local/lib/python3.7/site-packages/airflow/example_dags/example_kubernetes_executor_config.py
[2022-07-14 23:49:58,229] {processor.py:620} INFO - Processing file /home/airflow/.local/lib/python3.7/site-packages/airflow/example_dags/example_kubernetes_executor_config.py for tasks to queue
[2022-07-14 23:49:58,233] {logging_mixin.py:109} INFO - [2022-07-14 23:49:58,232] {dagbag.py:500} INFO - Filling up the DagBag from /home/airflow/.local/lib/python3.7/site-packages/airflow/example_dags/example_kubernetes_executor_config.py
[2022-07-14 23:49:58,319] {processor.py:632} INFO - DAG(s) dict_keys(['example_kubernetes_executor_config']) retrieved from /home/airflow/.local/lib/python3.7/site-packages/airflow/example_dags/example_kubernetes_executor_config.py
[2022-07-14 23:49:58,369] {logging_mixin.py:109} INFO - [2022-07-14 23:49:58,369] {dag.py:2389} INFO - Sync 1 DAGs
[2022-07-14 23:49:58,433] {logging_mixin.py:109} INFO - [2022-07-14 23:49:58,432] {dag.py:2921} INFO - Setting next_dagrun for example_kubernetes_executor_config to None
[2022-07-14 23:49:58,472] {processor.py:171} INFO - Processing /home/airflow/.local/lib/python3.7/site-packages/airflow/example_dags/example_kubernetes_executor_config.py took 0.254 seconds
[2022-07-14 23:50:28,859] {processor.py:163} INFO - Started process (PID=878) to work on /home/airflow/.local/lib/python3.7/site-packages/airflow/example_dags/example_kubernetes_executor_config.py
[2022-07-14 23:50:28,863] {processor.py:620} INFO - Processing file /home/airflow/.local/lib/python3.7/site-packages/airflow/example_dags/example_kubernetes_executor_config.py for tasks to queue
[2022-07-14 23:50:28,882] {logging_mixin.py:109} INFO - [2022-07-14 23:50:28,882] {dagbag.py:500} INFO - Filling up the DagBag from /home/airflow/.local/lib/python3.7/site-packages/airflow/example_dags/example_kubernetes_executor_config.py
[2022-07-14 23:50:28,971] {processor.py:632} INFO - DAG(s) dict_keys(['example_kubernetes_executor_config']) retrieved from /home/airflow/.local/lib/python3.7/site-packages/airflow/example_dags/example_kubernetes_executor_config.py
[2022-07-14 23:50:29,022] {logging_mixin.py:109} INFO - [2022-07-14 23:50:29,021] {dag.py:2389} INFO - Sync 1 DAGs
[2022-07-14 23:50:29,090] {logging_mixin.py:109} INFO - [2022-07-14 23:50:29,090] {dag.py:2921} INFO - Setting next_dagrun for example_kubernetes_executor_config to None
[2022-07-14 23:50:29,122] {processor.py:171} INFO - Processing /home/airflow/.local/lib/python3.7/site-packages/airflow/example_dags/example_kubernetes_executor_config.py took 0.271 seconds
[2022-07-14 23:50:59,378] {processor.py:163} INFO - Started process (PID=959) to work on /home/airflow/.local/lib/python3.7/site-packages/airflow/example_dags/example_kubernetes_executor_config.py
[2022-07-14 23:50:59,383] {processor.py:620} INFO - Processing file /home/airflow/.local/lib/python3.7/site-packages/airflow/example_dags/example_kubernetes_executor_config.py for tasks to queue
[2022-07-14 23:50:59,387] {logging_mixin.py:109} INFO - [2022-07-14 23:50:59,387] {dagbag.py:500} INFO - Filling up the DagBag from /home/airflow/.local/lib/python3.7/site-packages/airflow/example_dags/example_kubernetes_executor_config.py
[2022-07-14 23:50:59,475] {processor.py:632} INFO - DAG(s) dict_keys(['example_kubernetes_executor_config']) retrieved from /home/airflow/.local/lib/python3.7/site-packages/airflow/example_dags/example_kubernetes_executor_config.py
[2022-07-14 23:50:59,527] {logging_mixin.py:109} INFO - [2022-07-14 23:50:59,527] {dag.py:2389} INFO - Sync 1 DAGs
[2022-07-14 23:50:59,595] {logging_mixin.py:109} INFO - [2022-07-14 23:50:59,594] {dag.py:2921} INFO - Setting next_dagrun for example_kubernetes_executor_config to None
[2022-07-14 23:50:59,623] {processor.py:171} INFO - Processing /home/airflow/.local/lib/python3.7/site-packages/airflow/example_dags/example_kubernetes_executor_config.py took 0.253 seconds
[2022-07-14 23:51:29,906] {processor.py:163} INFO - Started process (PID=1057) to work on /home/airflow/.local/lib/python3.7/site-packages/airflow/example_dags/example_kubernetes_executor_config.py
[2022-07-14 23:51:29,915] {processor.py:620} INFO - Processing file /home/airflow/.local/lib/python3.7/site-packages/airflow/example_dags/example_kubernetes_executor_config.py for tasks to queue
[2022-07-14 23:51:29,924] {logging_mixin.py:109} INFO - [2022-07-14 23:51:29,923] {dagbag.py:500} INFO - Filling up the DagBag from /home/airflow/.local/lib/python3.7/site-packages/airflow/example_dags/example_kubernetes_executor_config.py
[2022-07-14 23:51:30,014] {processor.py:632} INFO - DAG(s) dict_keys(['example_kubernetes_executor_config']) retrieved from /home/airflow/.local/lib/python3.7/site-packages/airflow/example_dags/example_kubernetes_executor_config.py
[2022-07-14 23:51:30,067] {logging_mixin.py:109} INFO - [2022-07-14 23:51:30,067] {dag.py:2389} INFO - Sync 1 DAGs
[2022-07-14 23:51:30,133] {logging_mixin.py:109} INFO - [2022-07-14 23:51:30,132] {dag.py:2921} INFO - Setting next_dagrun for example_kubernetes_executor_config to None
[2022-07-14 23:51:30,166] {processor.py:171} INFO - Processing /home/airflow/.local/lib/python3.7/site-packages/airflow/example_dags/example_kubernetes_executor_config.py took 0.281 seconds
[2022-07-14 23:52:00,357] {processor.py:163} INFO - Started process (PID=1139) to work on /home/airflow/.local/lib/python3.7/site-packages/airflow/example_dags/example_kubernetes_executor_config.py
[2022-07-14 23:52:00,361] {processor.py:620} INFO - Processing file /home/airflow/.local/lib/python3.7/site-packages/airflow/example_dags/example_kubernetes_executor_config.py for tasks to queue
[2022-07-14 23:52:00,364] {logging_mixin.py:109} INFO - [2022-07-14 23:52:00,363] {dagbag.py:500} INFO - Filling up the DagBag from /home/airflow/.local/lib/python3.7/site-packages/airflow/example_dags/example_kubernetes_executor_config.py
[2022-07-14 23:52:00,443] {processor.py:632} INFO - DAG(s) dict_keys(['example_kubernetes_executor_config']) retrieved from /home/airflow/.local/lib/python3.7/site-packages/airflow/example_dags/example_kubernetes_executor_config.py
[2022-07-14 23:52:00,492] {logging_mixin.py:109} INFO - [2022-07-14 23:52:00,491] {dag.py:2389} INFO - Sync 1 DAGs
[2022-07-14 23:52:00,552] {logging_mixin.py:109} INFO - [2022-07-14 23:52:00,552] {dag.py:2921} INFO - Setting next_dagrun for example_kubernetes_executor_config to None
[2022-07-14 23:52:00,580] {processor.py:171} INFO - Processing /home/airflow/.local/lib/python3.7/site-packages/airflow/example_dags/example_kubernetes_executor_config.py took 0.229 seconds
[2022-07-14 23:52:31,285] {processor.py:163} INFO - Started process (PID=1235) to work on /home/airflow/.local/lib/python3.7/site-packages/airflow/example_dags/example_kubernetes_executor_config.py
[2022-07-14 23:52:31,294] {processor.py:620} INFO - Processing file /home/airflow/.local/lib/python3.7/site-packages/airflow/example_dags/example_kubernetes_executor_config.py for tasks to queue
[2022-07-14 23:52:31,300] {logging_mixin.py:109} INFO - [2022-07-14 23:52:31,299] {dagbag.py:500} INFO - Filling up the DagBag from /home/airflow/.local/lib/python3.7/site-packages/airflow/example_dags/example_kubernetes_executor_config.py
[2022-07-14 23:52:31,396] {processor.py:632} INFO - DAG(s) dict_keys(['example_kubernetes_executor_config']) retrieved from /home/airflow/.local/lib/python3.7/site-packages/airflow/example_dags/example_kubernetes_executor_config.py
[2022-07-14 23:52:31,450] {logging_mixin.py:109} INFO - [2022-07-14 23:52:31,449] {dag.py:2389} INFO - Sync 1 DAGs
[2022-07-14 23:52:31,514] {logging_mixin.py:109} INFO - [2022-07-14 23:52:31,513] {dag.py:2921} INFO - Setting next_dagrun for example_kubernetes_executor_config to None
[2022-07-14 23:52:31,548] {processor.py:171} INFO - Processing /home/airflow/.local/lib/python3.7/site-packages/airflow/example_dags/example_kubernetes_executor_config.py took 0.277 seconds
[2022-07-14 23:53:02,168] {processor.py:163} INFO - Started process (PID=1316) to work on /home/airflow/.local/lib/python3.7/site-packages/airflow/example_dags/example_kubernetes_executor_config.py
[2022-07-14 23:53:02,172] {processor.py:620} INFO - Processing file /home/airflow/.local/lib/python3.7/site-packages/airflow/example_dags/example_kubernetes_executor_config.py for tasks to queue
[2022-07-14 23:53:02,176] {logging_mixin.py:109} INFO - [2022-07-14 23:53:02,175] {dagbag.py:500} INFO - Filling up the DagBag from /home/airflow/.local/lib/python3.7/site-packages/airflow/example_dags/example_kubernetes_executor_config.py
[2022-07-14 23:53:02,253] {processor.py:632} INFO - DAG(s) dict_keys(['example_kubernetes_executor_config']) retrieved from /home/airflow/.local/lib/python3.7/site-packages/airflow/example_dags/example_kubernetes_executor_config.py
[2022-07-14 23:53:02,310] {logging_mixin.py:109} INFO - [2022-07-14 23:53:02,309] {dag.py:2389} INFO - Sync 1 DAGs
[2022-07-14 23:53:02,376] {logging_mixin.py:109} INFO - [2022-07-14 23:53:02,376] {dag.py:2921} INFO - Setting next_dagrun for example_kubernetes_executor_config to None
[2022-07-14 23:53:02,407] {processor.py:171} INFO - Processing /home/airflow/.local/lib/python3.7/site-packages/airflow/example_dags/example_kubernetes_executor_config.py took 0.245 seconds
[2022-07-14 23:53:32,643] {processor.py:163} INFO - Started process (PID=1414) to work on /home/airflow/.local/lib/python3.7/site-packages/airflow/example_dags/example_kubernetes_executor_config.py
[2022-07-14 23:53:32,647] {processor.py:620} INFO - Processing file /home/airflow/.local/lib/python3.7/site-packages/airflow/example_dags/example_kubernetes_executor_config.py for tasks to queue
[2022-07-14 23:53:32,651] {logging_mixin.py:109} INFO - [2022-07-14 23:53:32,650] {dagbag.py:500} INFO - Filling up the DagBag from /home/airflow/.local/lib/python3.7/site-packages/airflow/example_dags/example_kubernetes_executor_config.py
[2022-07-14 23:53:32,731] {processor.py:632} INFO - DAG(s) dict_keys(['example_kubernetes_executor_config']) retrieved from /home/airflow/.local/lib/python3.7/site-packages/airflow/example_dags/example_kubernetes_executor_config.py
[2022-07-14 23:53:32,790] {logging_mixin.py:109} INFO - [2022-07-14 23:53:32,790] {dag.py:2389} INFO - Sync 1 DAGs
[2022-07-14 23:53:32,861] {logging_mixin.py:109} INFO - [2022-07-14 23:53:32,861] {dag.py:2921} INFO - Setting next_dagrun for example_kubernetes_executor_config to None
[2022-07-14 23:53:32,891] {processor.py:171} INFO - Processing /home/airflow/.local/lib/python3.7/site-packages/airflow/example_dags/example_kubernetes_executor_config.py took 0.256 seconds
[2022-07-14 23:54:03,100] {processor.py:163} INFO - Started process (PID=1494) to work on /home/airflow/.local/lib/python3.7/site-packages/airflow/example_dags/example_kubernetes_executor_config.py
[2022-07-14 23:54:03,104] {processor.py:620} INFO - Processing file /home/airflow/.local/lib/python3.7/site-packages/airflow/example_dags/example_kubernetes_executor_config.py for tasks to queue
[2022-07-14 23:54:03,108] {logging_mixin.py:109} INFO - [2022-07-14 23:54:03,108] {dagbag.py:500} INFO - Filling up the DagBag from /home/airflow/.local/lib/python3.7/site-packages/airflow/example_dags/example_kubernetes_executor_config.py
[2022-07-14 23:54:03,177] {processor.py:632} INFO - DAG(s) dict_keys(['example_kubernetes_executor_config']) retrieved from /home/airflow/.local/lib/python3.7/site-packages/airflow/example_dags/example_kubernetes_executor_config.py
[2022-07-14 23:54:03,222] {logging_mixin.py:109} INFO - [2022-07-14 23:54:03,221] {dag.py:2389} INFO - Sync 1 DAGs
[2022-07-14 23:54:03,279] {logging_mixin.py:109} INFO - [2022-07-14 23:54:03,279] {dag.py:2921} INFO - Setting next_dagrun for example_kubernetes_executor_config to None
[2022-07-14 23:54:03,308] {processor.py:171} INFO - Processing /home/airflow/.local/lib/python3.7/site-packages/airflow/example_dags/example_kubernetes_executor_config.py took 0.215 seconds
[2022-07-14 23:54:33,821] {processor.py:163} INFO - Started process (PID=1592) to work on /home/airflow/.local/lib/python3.7/site-packages/airflow/example_dags/example_kubernetes_executor_config.py
[2022-07-14 23:54:33,826] {processor.py:620} INFO - Processing file /home/airflow/.local/lib/python3.7/site-packages/airflow/example_dags/example_kubernetes_executor_config.py for tasks to queue
[2022-07-14 23:54:33,829] {logging_mixin.py:109} INFO - [2022-07-14 23:54:33,829] {dagbag.py:500} INFO - Filling up the DagBag from /home/airflow/.local/lib/python3.7/site-packages/airflow/example_dags/example_kubernetes_executor_config.py
[2022-07-14 23:54:33,920] {processor.py:632} INFO - DAG(s) dict_keys(['example_kubernetes_executor_config']) retrieved from /home/airflow/.local/lib/python3.7/site-packages/airflow/example_dags/example_kubernetes_executor_config.py
[2022-07-14 23:54:33,973] {logging_mixin.py:109} INFO - [2022-07-14 23:54:33,972] {dag.py:2389} INFO - Sync 1 DAGs
[2022-07-14 23:54:34,038] {logging_mixin.py:109} INFO - [2022-07-14 23:54:34,037] {dag.py:2921} INFO - Setting next_dagrun for example_kubernetes_executor_config to None
[2022-07-14 23:54:34,077] {processor.py:171} INFO - Processing /home/airflow/.local/lib/python3.7/site-packages/airflow/example_dags/example_kubernetes_executor_config.py took 0.265 seconds
[2022-07-14 23:55:04,615] {processor.py:163} INFO - Started process (PID=1684) to work on /home/airflow/.local/lib/python3.7/site-packages/airflow/example_dags/example_kubernetes_executor_config.py
[2022-07-14 23:55:04,620] {processor.py:620} INFO - Processing file /home/airflow/.local/lib/python3.7/site-packages/airflow/example_dags/example_kubernetes_executor_config.py for tasks to queue
[2022-07-14 23:55:04,629] {logging_mixin.py:109} INFO - [2022-07-14 23:55:04,629] {dagbag.py:500} INFO - Filling up the DagBag from /home/airflow/.local/lib/python3.7/site-packages/airflow/example_dags/example_kubernetes_executor_config.py
[2022-07-14 23:55:04,711] {processor.py:632} INFO - DAG(s) dict_keys(['example_kubernetes_executor_config']) retrieved from /home/airflow/.local/lib/python3.7/site-packages/airflow/example_dags/example_kubernetes_executor_config.py
[2022-07-14 23:55:04,762] {logging_mixin.py:109} INFO - [2022-07-14 23:55:04,761] {dag.py:2389} INFO - Sync 1 DAGs
[2022-07-14 23:55:04,821] {logging_mixin.py:109} INFO - [2022-07-14 23:55:04,820] {dag.py:2921} INFO - Setting next_dagrun for example_kubernetes_executor_config to None
[2022-07-14 23:55:04,852] {processor.py:171} INFO - Processing /home/airflow/.local/lib/python3.7/site-packages/airflow/example_dags/example_kubernetes_executor_config.py took 0.245 seconds
[2022-07-14 23:55:35,621] {processor.py:163} INFO - Started process (PID=1772) to work on /home/airflow/.local/lib/python3.7/site-packages/airflow/example_dags/example_kubernetes_executor_config.py
[2022-07-14 23:55:35,626] {processor.py:620} INFO - Processing file /home/airflow/.local/lib/python3.7/site-packages/airflow/example_dags/example_kubernetes_executor_config.py for tasks to queue
[2022-07-14 23:55:35,629] {logging_mixin.py:109} INFO - [2022-07-14 23:55:35,629] {dagbag.py:500} INFO - Filling up the DagBag from /home/airflow/.local/lib/python3.7/site-packages/airflow/example_dags/example_kubernetes_executor_config.py
[2022-07-14 23:55:35,706] {processor.py:632} INFO - DAG(s) dict_keys(['example_kubernetes_executor_config']) retrieved from /home/airflow/.local/lib/python3.7/site-packages/airflow/example_dags/example_kubernetes_executor_config.py
[2022-07-14 23:55:35,801] {logging_mixin.py:109} INFO - [2022-07-14 23:55:35,800] {dag.py:2389} INFO - Sync 1 DAGs
[2022-07-14 23:55:35,896] {logging_mixin.py:109} INFO - [2022-07-14 23:55:35,896] {dag.py:2921} INFO - Setting next_dagrun for example_kubernetes_executor_config to None
[2022-07-14 23:55:35,933] {processor.py:171} INFO - Processing /home/airflow/.local/lib/python3.7/site-packages/airflow/example_dags/example_kubernetes_executor_config.py took 0.321 seconds
[2022-07-14 23:56:06,638] {processor.py:163} INFO - Started process (PID=1870) to work on /home/airflow/.local/lib/python3.7/site-packages/airflow/example_dags/example_kubernetes_executor_config.py
[2022-07-14 23:56:06,644] {processor.py:620} INFO - Processing file /home/airflow/.local/lib/python3.7/site-packages/airflow/example_dags/example_kubernetes_executor_config.py for tasks to queue
[2022-07-14 23:56:06,647] {logging_mixin.py:109} INFO - [2022-07-14 23:56:06,647] {dagbag.py:500} INFO - Filling up the DagBag from /home/airflow/.local/lib/python3.7/site-packages/airflow/example_dags/example_kubernetes_executor_config.py
[2022-07-14 23:56:06,728] {processor.py:632} INFO - DAG(s) dict_keys(['example_kubernetes_executor_config']) retrieved from /home/airflow/.local/lib/python3.7/site-packages/airflow/example_dags/example_kubernetes_executor_config.py
[2022-07-14 23:56:06,777] {logging_mixin.py:109} INFO - [2022-07-14 23:56:06,776] {dag.py:2389} INFO - Sync 1 DAGs
[2022-07-14 23:56:06,841] {logging_mixin.py:109} INFO - [2022-07-14 23:56:06,841] {dag.py:2921} INFO - Setting next_dagrun for example_kubernetes_executor_config to None
[2022-07-14 23:56:06,872] {processor.py:171} INFO - Processing /home/airflow/.local/lib/python3.7/site-packages/airflow/example_dags/example_kubernetes_executor_config.py took 0.241 seconds
[2022-07-14 23:56:37,072] {processor.py:163} INFO - Started process (PID=1952) to work on /home/airflow/.local/lib/python3.7/site-packages/airflow/example_dags/example_kubernetes_executor_config.py
[2022-07-14 23:56:37,077] {processor.py:620} INFO - Processing file /home/airflow/.local/lib/python3.7/site-packages/airflow/example_dags/example_kubernetes_executor_config.py for tasks to queue
[2022-07-14 23:56:37,080] {logging_mixin.py:109} INFO - [2022-07-14 23:56:37,079] {dagbag.py:500} INFO - Filling up the DagBag from /home/airflow/.local/lib/python3.7/site-packages/airflow/example_dags/example_kubernetes_executor_config.py
[2022-07-14 23:56:37,192] {processor.py:632} INFO - DAG(s) dict_keys(['example_kubernetes_executor_config']) retrieved from /home/airflow/.local/lib/python3.7/site-packages/airflow/example_dags/example_kubernetes_executor_config.py
[2022-07-14 23:56:37,287] {logging_mixin.py:109} INFO - [2022-07-14 23:56:37,287] {dag.py:2389} INFO - Sync 1 DAGs
[2022-07-14 23:56:37,379] {logging_mixin.py:109} INFO - [2022-07-14 23:56:37,379] {dag.py:2921} INFO - Setting next_dagrun for example_kubernetes_executor_config to None
[2022-07-14 23:56:37,413] {processor.py:171} INFO - Processing /home/airflow/.local/lib/python3.7/site-packages/airflow/example_dags/example_kubernetes_executor_config.py took 0.352 seconds
[2022-07-14 23:57:07,973] {processor.py:163} INFO - Started process (PID=2049) to work on /home/airflow/.local/lib/python3.7/site-packages/airflow/example_dags/example_kubernetes_executor_config.py
[2022-07-14 23:57:07,978] {processor.py:620} INFO - Processing file /home/airflow/.local/lib/python3.7/site-packages/airflow/example_dags/example_kubernetes_executor_config.py for tasks to queue
[2022-07-14 23:57:07,981] {logging_mixin.py:109} INFO - [2022-07-14 23:57:07,981] {dagbag.py:500} INFO - Filling up the DagBag from /home/airflow/.local/lib/python3.7/site-packages/airflow/example_dags/example_kubernetes_executor_config.py
[2022-07-14 23:57:08,079] {processor.py:632} INFO - DAG(s) dict_keys(['example_kubernetes_executor_config']) retrieved from /home/airflow/.local/lib/python3.7/site-packages/airflow/example_dags/example_kubernetes_executor_config.py
[2022-07-14 23:57:08,130] {logging_mixin.py:109} INFO - [2022-07-14 23:57:08,130] {dag.py:2389} INFO - Sync 1 DAGs
[2022-07-14 23:57:08,193] {logging_mixin.py:109} INFO - [2022-07-14 23:57:08,192] {dag.py:2921} INFO - Setting next_dagrun for example_kubernetes_executor_config to None
[2022-07-14 23:57:08,251] {processor.py:171} INFO - Processing /home/airflow/.local/lib/python3.7/site-packages/airflow/example_dags/example_kubernetes_executor_config.py took 0.289 seconds
[2022-07-14 23:57:38,422] {processor.py:163} INFO - Started process (PID=2131) to work on /home/airflow/.local/lib/python3.7/site-packages/airflow/example_dags/example_kubernetes_executor_config.py
[2022-07-14 23:57:38,426] {processor.py:620} INFO - Processing file /home/airflow/.local/lib/python3.7/site-packages/airflow/example_dags/example_kubernetes_executor_config.py for tasks to queue
[2022-07-14 23:57:38,429] {logging_mixin.py:109} INFO - [2022-07-14 23:57:38,428] {dagbag.py:500} INFO - Filling up the DagBag from /home/airflow/.local/lib/python3.7/site-packages/airflow/example_dags/example_kubernetes_executor_config.py
[2022-07-14 23:57:38,501] {processor.py:632} INFO - DAG(s) dict_keys(['example_kubernetes_executor_config']) retrieved from /home/airflow/.local/lib/python3.7/site-packages/airflow/example_dags/example_kubernetes_executor_config.py
[2022-07-14 23:57:38,547] {logging_mixin.py:109} INFO - [2022-07-14 23:57:38,547] {dag.py:2389} INFO - Sync 1 DAGs
[2022-07-14 23:57:38,605] {logging_mixin.py:109} INFO - [2022-07-14 23:57:38,605] {dag.py:2921} INFO - Setting next_dagrun for example_kubernetes_executor_config to None
[2022-07-14 23:57:38,633] {processor.py:171} INFO - Processing /home/airflow/.local/lib/python3.7/site-packages/airflow/example_dags/example_kubernetes_executor_config.py took 0.221 seconds
[2022-07-14 23:58:08,934] {processor.py:163} INFO - Started process (PID=2229) to work on /home/airflow/.local/lib/python3.7/site-packages/airflow/example_dags/example_kubernetes_executor_config.py
[2022-07-14 23:58:08,942] {processor.py:620} INFO - Processing file /home/airflow/.local/lib/python3.7/site-packages/airflow/example_dags/example_kubernetes_executor_config.py for tasks to queue
[2022-07-14 23:58:08,945] {logging_mixin.py:109} INFO - [2022-07-14 23:58:08,945] {dagbag.py:500} INFO - Filling up the DagBag from /home/airflow/.local/lib/python3.7/site-packages/airflow/example_dags/example_kubernetes_executor_config.py
[2022-07-14 23:58:09,024] {processor.py:632} INFO - DAG(s) dict_keys(['example_kubernetes_executor_config']) retrieved from /home/airflow/.local/lib/python3.7/site-packages/airflow/example_dags/example_kubernetes_executor_config.py
[2022-07-14 23:58:09,071] {logging_mixin.py:109} INFO - [2022-07-14 23:58:09,070] {dag.py:2389} INFO - Sync 1 DAGs
[2022-07-14 23:58:09,128] {logging_mixin.py:109} INFO - [2022-07-14 23:58:09,128] {dag.py:2921} INFO - Setting next_dagrun for example_kubernetes_executor_config to None
[2022-07-14 23:58:09,160] {processor.py:171} INFO - Processing /home/airflow/.local/lib/python3.7/site-packages/airflow/example_dags/example_kubernetes_executor_config.py took 0.235 seconds
[2022-07-14 23:58:39,437] {processor.py:163} INFO - Started process (PID=2311) to work on /home/airflow/.local/lib/python3.7/site-packages/airflow/example_dags/example_kubernetes_executor_config.py
[2022-07-14 23:58:39,440] {processor.py:620} INFO - Processing file /home/airflow/.local/lib/python3.7/site-packages/airflow/example_dags/example_kubernetes_executor_config.py for tasks to queue
[2022-07-14 23:58:39,444] {logging_mixin.py:109} INFO - [2022-07-14 23:58:39,443] {dagbag.py:500} INFO - Filling up the DagBag from /home/airflow/.local/lib/python3.7/site-packages/airflow/example_dags/example_kubernetes_executor_config.py
[2022-07-14 23:58:39,515] {processor.py:632} INFO - DAG(s) dict_keys(['example_kubernetes_executor_config']) retrieved from /home/airflow/.local/lib/python3.7/site-packages/airflow/example_dags/example_kubernetes_executor_config.py
[2022-07-14 23:58:39,557] {logging_mixin.py:109} INFO - [2022-07-14 23:58:39,557] {dag.py:2389} INFO - Sync 1 DAGs
[2022-07-14 23:58:39,611] {logging_mixin.py:109} INFO - [2022-07-14 23:58:39,611] {dag.py:2921} INFO - Setting next_dagrun for example_kubernetes_executor_config to None
[2022-07-14 23:58:39,639] {processor.py:171} INFO - Processing /home/airflow/.local/lib/python3.7/site-packages/airflow/example_dags/example_kubernetes_executor_config.py took 0.209 seconds
[2022-07-14 23:59:10,390] {processor.py:163} INFO - Started process (PID=2409) to work on /home/airflow/.local/lib/python3.7/site-packages/airflow/example_dags/example_kubernetes_executor_config.py
[2022-07-14 23:59:10,395] {processor.py:620} INFO - Processing file /home/airflow/.local/lib/python3.7/site-packages/airflow/example_dags/example_kubernetes_executor_config.py for tasks to queue
[2022-07-14 23:59:10,400] {logging_mixin.py:109} INFO - [2022-07-14 23:59:10,399] {dagbag.py:500} INFO - Filling up the DagBag from /home/airflow/.local/lib/python3.7/site-packages/airflow/example_dags/example_kubernetes_executor_config.py
[2022-07-14 23:59:10,478] {processor.py:632} INFO - DAG(s) dict_keys(['example_kubernetes_executor_config']) retrieved from /home/airflow/.local/lib/python3.7/site-packages/airflow/example_dags/example_kubernetes_executor_config.py
[2022-07-14 23:59:10,526] {logging_mixin.py:109} INFO - [2022-07-14 23:59:10,525] {dag.py:2389} INFO - Sync 1 DAGs
[2022-07-14 23:59:10,629] {logging_mixin.py:109} INFO - [2022-07-14 23:59:10,628] {dag.py:2921} INFO - Setting next_dagrun for example_kubernetes_executor_config to None
[2022-07-14 23:59:10,657] {processor.py:171} INFO - Processing /home/airflow/.local/lib/python3.7/site-packages/airflow/example_dags/example_kubernetes_executor_config.py took 0.274 seconds
[2022-07-14 23:59:41,046] {processor.py:163} INFO - Started process (PID=2489) to work on /home/airflow/.local/lib/python3.7/site-packages/airflow/example_dags/example_kubernetes_executor_config.py
[2022-07-14 23:59:41,050] {processor.py:620} INFO - Processing file /home/airflow/.local/lib/python3.7/site-packages/airflow/example_dags/example_kubernetes_executor_config.py for tasks to queue
[2022-07-14 23:59:41,052] {logging_mixin.py:109} INFO - [2022-07-14 23:59:41,052] {dagbag.py:500} INFO - Filling up the DagBag from /home/airflow/.local/lib/python3.7/site-packages/airflow/example_dags/example_kubernetes_executor_config.py
[2022-07-14 23:59:41,130] {processor.py:632} INFO - DAG(s) dict_keys(['example_kubernetes_executor_config']) retrieved from /home/airflow/.local/lib/python3.7/site-packages/airflow/example_dags/example_kubernetes_executor_config.py
[2022-07-14 23:59:41,181] {logging_mixin.py:109} INFO - [2022-07-14 23:59:41,180] {dag.py:2389} INFO - Sync 1 DAGs
[2022-07-14 23:59:41,239] {logging_mixin.py:109} INFO - [2022-07-14 23:59:41,238] {dag.py:2921} INFO - Setting next_dagrun for example_kubernetes_executor_config to None
[2022-07-14 23:59:41,267] {processor.py:171} INFO - Processing /home/airflow/.local/lib/python3.7/site-packages/airflow/example_dags/example_kubernetes_executor_config.py took 0.229 seconds
