[2022-07-14 23:41:26,869] {processor.py:163} INFO - Started process (PID=354) to work on /home/airflow/.local/lib/python3.7/site-packages/airflow/example_dags/example_xcomargs.py
[2022-07-14 23:41:26,888] {processor.py:620} INFO - Processing file /home/airflow/.local/lib/python3.7/site-packages/airflow/example_dags/example_xcomargs.py for tasks to queue
[2022-07-14 23:41:26,905] {logging_mixin.py:109} INFO - [2022-07-14 23:41:26,904] {dagbag.py:500} INFO - Filling up the DagBag from /home/airflow/.local/lib/python3.7/site-packages/airflow/example_dags/example_xcomargs.py
[2022-07-14 23:41:27,732] {processor.py:632} INFO - DAG(s) dict_keys(['example_xcom_args', 'example_xcom_args_with_operators']) retrieved from /home/airflow/.local/lib/python3.7/site-packages/airflow/example_dags/example_xcomargs.py
[2022-07-14 23:41:36,102] {logging_mixin.py:109} INFO - [2022-07-14 23:41:36,102] {dag.py:2389} INFO - Sync 2 DAGs
[2022-07-14 23:41:36,593] {logging_mixin.py:109} INFO - [2022-07-14 23:41:36,592] {dag.py:2921} INFO - Setting next_dagrun for example_xcom_args to None
[2022-07-14 23:41:36,607] {logging_mixin.py:109} INFO - [2022-07-14 23:41:36,606] {dag.py:2921} INFO - Setting next_dagrun for example_xcom_args_with_operators to None
[2022-07-14 23:41:36,852] {processor.py:171} INFO - Processing /home/airflow/.local/lib/python3.7/site-packages/airflow/example_dags/example_xcomargs.py took 10.038 seconds
[2022-07-14 23:46:45,453] {processor.py:163} INFO - Started process (PID=221) to work on /home/airflow/.local/lib/python3.7/site-packages/airflow/example_dags/example_xcomargs.py
[2022-07-14 23:46:45,462] {processor.py:620} INFO - Processing file /home/airflow/.local/lib/python3.7/site-packages/airflow/example_dags/example_xcomargs.py for tasks to queue
[2022-07-14 23:46:45,481] {logging_mixin.py:109} INFO - [2022-07-14 23:46:45,481] {dagbag.py:500} INFO - Filling up the DagBag from /home/airflow/.local/lib/python3.7/site-packages/airflow/example_dags/example_xcomargs.py
[2022-07-14 23:46:45,854] {processor.py:632} INFO - DAG(s) dict_keys(['example_xcom_args', 'example_xcom_args_with_operators']) retrieved from /home/airflow/.local/lib/python3.7/site-packages/airflow/example_dags/example_xcomargs.py
[2022-07-14 23:46:50,027] {logging_mixin.py:109} INFO - [2022-07-14 23:46:50,026] {dag.py:2389} INFO - Sync 2 DAGs
[2022-07-14 23:46:50,179] {logging_mixin.py:109} INFO - [2022-07-14 23:46:50,178] {dag.py:2921} INFO - Setting next_dagrun for example_xcom_args to None
[2022-07-14 23:46:50,185] {logging_mixin.py:109} INFO - [2022-07-14 23:46:50,184] {dag.py:2921} INFO - Setting next_dagrun for example_xcom_args_with_operators to None
[2022-07-14 23:46:50,298] {processor.py:171} INFO - Processing /home/airflow/.local/lib/python3.7/site-packages/airflow/example_dags/example_xcomargs.py took 4.868 seconds
[2022-07-14 23:47:20,715] {processor.py:163} INFO - Started process (PID=315) to work on /home/airflow/.local/lib/python3.7/site-packages/airflow/example_dags/example_xcomargs.py
[2022-07-14 23:47:20,721] {processor.py:620} INFO - Processing file /home/airflow/.local/lib/python3.7/site-packages/airflow/example_dags/example_xcomargs.py for tasks to queue
[2022-07-14 23:47:20,726] {logging_mixin.py:109} INFO - [2022-07-14 23:47:20,725] {dagbag.py:500} INFO - Filling up the DagBag from /home/airflow/.local/lib/python3.7/site-packages/airflow/example_dags/example_xcomargs.py
[2022-07-14 23:47:20,915] {processor.py:632} INFO - DAG(s) dict_keys(['example_xcom_args', 'example_xcom_args_with_operators']) retrieved from /home/airflow/.local/lib/python3.7/site-packages/airflow/example_dags/example_xcomargs.py
[2022-07-14 23:47:23,024] {logging_mixin.py:109} INFO - [2022-07-14 23:47:23,023] {dag.py:2389} INFO - Sync 2 DAGs
[2022-07-14 23:47:23,121] {logging_mixin.py:109} INFO - [2022-07-14 23:47:23,120] {dag.py:2921} INFO - Setting next_dagrun for example_xcom_args to None
[2022-07-14 23:47:23,124] {logging_mixin.py:109} INFO - [2022-07-14 23:47:23,123] {dag.py:2921} INFO - Setting next_dagrun for example_xcom_args_with_operators to None
[2022-07-14 23:47:23,178] {processor.py:171} INFO - Processing /home/airflow/.local/lib/python3.7/site-packages/airflow/example_dags/example_xcomargs.py took 2.473 seconds
[2022-07-14 23:47:53,798] {processor.py:163} INFO - Started process (PID=416) to work on /home/airflow/.local/lib/python3.7/site-packages/airflow/example_dags/example_xcomargs.py
[2022-07-14 23:47:53,808] {processor.py:620} INFO - Processing file /home/airflow/.local/lib/python3.7/site-packages/airflow/example_dags/example_xcomargs.py for tasks to queue
[2022-07-14 23:47:53,812] {logging_mixin.py:109} INFO - [2022-07-14 23:47:53,811] {dagbag.py:500} INFO - Filling up the DagBag from /home/airflow/.local/lib/python3.7/site-packages/airflow/example_dags/example_xcomargs.py
[2022-07-14 23:47:54,011] {processor.py:632} INFO - DAG(s) dict_keys(['example_xcom_args', 'example_xcom_args_with_operators']) retrieved from /home/airflow/.local/lib/python3.7/site-packages/airflow/example_dags/example_xcomargs.py
[2022-07-14 23:47:55,523] {logging_mixin.py:109} INFO - [2022-07-14 23:47:55,523] {dag.py:2389} INFO - Sync 2 DAGs
[2022-07-14 23:47:55,583] {logging_mixin.py:109} INFO - [2022-07-14 23:47:55,582] {dag.py:2921} INFO - Setting next_dagrun for example_xcom_args to None
[2022-07-14 23:47:55,586] {logging_mixin.py:109} INFO - [2022-07-14 23:47:55,586] {dag.py:2921} INFO - Setting next_dagrun for example_xcom_args_with_operators to None
[2022-07-14 23:47:55,626] {processor.py:171} INFO - Processing /home/airflow/.local/lib/python3.7/site-packages/airflow/example_dags/example_xcomargs.py took 1.835 seconds
[2022-07-14 23:48:26,352] {processor.py:163} INFO - Started process (PID=518) to work on /home/airflow/.local/lib/python3.7/site-packages/airflow/example_dags/example_xcomargs.py
[2022-07-14 23:48:26,356] {processor.py:620} INFO - Processing file /home/airflow/.local/lib/python3.7/site-packages/airflow/example_dags/example_xcomargs.py for tasks to queue
[2022-07-14 23:48:26,359] {logging_mixin.py:109} INFO - [2022-07-14 23:48:26,359] {dagbag.py:500} INFO - Filling up the DagBag from /home/airflow/.local/lib/python3.7/site-packages/airflow/example_dags/example_xcomargs.py
[2022-07-14 23:48:26,459] {processor.py:632} INFO - DAG(s) dict_keys(['example_xcom_args', 'example_xcom_args_with_operators']) retrieved from /home/airflow/.local/lib/python3.7/site-packages/airflow/example_dags/example_xcomargs.py
[2022-07-14 23:48:27,664] {logging_mixin.py:109} INFO - [2022-07-14 23:48:27,663] {dag.py:2389} INFO - Sync 2 DAGs
[2022-07-14 23:48:27,768] {logging_mixin.py:109} INFO - [2022-07-14 23:48:27,768] {dag.py:2921} INFO - Setting next_dagrun for example_xcom_args to None
[2022-07-14 23:48:27,775] {logging_mixin.py:109} INFO - [2022-07-14 23:48:27,775] {dag.py:2921} INFO - Setting next_dagrun for example_xcom_args_with_operators to None
[2022-07-14 23:48:27,845] {processor.py:171} INFO - Processing /home/airflow/.local/lib/python3.7/site-packages/airflow/example_dags/example_xcomargs.py took 1.503 seconds
[2022-07-14 23:48:58,590] {processor.py:163} INFO - Started process (PID=604) to work on /home/airflow/.local/lib/python3.7/site-packages/airflow/example_dags/example_xcomargs.py
[2022-07-14 23:48:58,596] {processor.py:620} INFO - Processing file /home/airflow/.local/lib/python3.7/site-packages/airflow/example_dags/example_xcomargs.py for tasks to queue
[2022-07-14 23:48:58,600] {logging_mixin.py:109} INFO - [2022-07-14 23:48:58,599] {dagbag.py:500} INFO - Filling up the DagBag from /home/airflow/.local/lib/python3.7/site-packages/airflow/example_dags/example_xcomargs.py
[2022-07-14 23:48:58,707] {processor.py:632} INFO - DAG(s) dict_keys(['example_xcom_args', 'example_xcom_args_with_operators']) retrieved from /home/airflow/.local/lib/python3.7/site-packages/airflow/example_dags/example_xcomargs.py
[2022-07-14 23:48:59,739] {logging_mixin.py:109} INFO - [2022-07-14 23:48:59,739] {dag.py:2389} INFO - Sync 2 DAGs
[2022-07-14 23:48:59,790] {logging_mixin.py:109} INFO - [2022-07-14 23:48:59,790] {dag.py:2921} INFO - Setting next_dagrun for example_xcom_args to None
[2022-07-14 23:48:59,792] {logging_mixin.py:109} INFO - [2022-07-14 23:48:59,792] {dag.py:2921} INFO - Setting next_dagrun for example_xcom_args_with_operators to None
[2022-07-14 23:48:59,828] {processor.py:171} INFO - Processing /home/airflow/.local/lib/python3.7/site-packages/airflow/example_dags/example_xcomargs.py took 1.246 seconds
[2022-07-14 23:49:30,235] {processor.py:163} INFO - Started process (PID=704) to work on /home/airflow/.local/lib/python3.7/site-packages/airflow/example_dags/example_xcomargs.py
[2022-07-14 23:49:30,239] {processor.py:620} INFO - Processing file /home/airflow/.local/lib/python3.7/site-packages/airflow/example_dags/example_xcomargs.py for tasks to queue
[2022-07-14 23:49:30,243] {logging_mixin.py:109} INFO - [2022-07-14 23:49:30,242] {dagbag.py:500} INFO - Filling up the DagBag from /home/airflow/.local/lib/python3.7/site-packages/airflow/example_dags/example_xcomargs.py
[2022-07-14 23:49:30,350] {processor.py:632} INFO - DAG(s) dict_keys(['example_xcom_args', 'example_xcom_args_with_operators']) retrieved from /home/airflow/.local/lib/python3.7/site-packages/airflow/example_dags/example_xcomargs.py
[2022-07-14 23:49:31,679] {logging_mixin.py:109} INFO - [2022-07-14 23:49:31,678] {dag.py:2389} INFO - Sync 2 DAGs
[2022-07-14 23:49:31,767] {logging_mixin.py:109} INFO - [2022-07-14 23:49:31,766] {dag.py:2921} INFO - Setting next_dagrun for example_xcom_args to None
[2022-07-14 23:49:31,770] {logging_mixin.py:109} INFO - [2022-07-14 23:49:31,769] {dag.py:2921} INFO - Setting next_dagrun for example_xcom_args_with_operators to None
[2022-07-14 23:49:31,814] {processor.py:171} INFO - Processing /home/airflow/.local/lib/python3.7/site-packages/airflow/example_dags/example_xcomargs.py took 1.590 seconds
[2022-07-14 23:50:02,161] {processor.py:163} INFO - Started process (PID=790) to work on /home/airflow/.local/lib/python3.7/site-packages/airflow/example_dags/example_xcomargs.py
[2022-07-14 23:50:02,166] {processor.py:620} INFO - Processing file /home/airflow/.local/lib/python3.7/site-packages/airflow/example_dags/example_xcomargs.py for tasks to queue
[2022-07-14 23:50:02,169] {logging_mixin.py:109} INFO - [2022-07-14 23:50:02,168] {dagbag.py:500} INFO - Filling up the DagBag from /home/airflow/.local/lib/python3.7/site-packages/airflow/example_dags/example_xcomargs.py
[2022-07-14 23:50:02,271] {processor.py:632} INFO - DAG(s) dict_keys(['example_xcom_args', 'example_xcom_args_with_operators']) retrieved from /home/airflow/.local/lib/python3.7/site-packages/airflow/example_dags/example_xcomargs.py
[2022-07-14 23:50:03,325] {logging_mixin.py:109} INFO - [2022-07-14 23:50:03,324] {dag.py:2389} INFO - Sync 2 DAGs
[2022-07-14 23:50:03,385] {logging_mixin.py:109} INFO - [2022-07-14 23:50:03,385] {dag.py:2921} INFO - Setting next_dagrun for example_xcom_args to None
[2022-07-14 23:50:03,388] {logging_mixin.py:109} INFO - [2022-07-14 23:50:03,387] {dag.py:2921} INFO - Setting next_dagrun for example_xcom_args_with_operators to None
[2022-07-14 23:50:03,422] {processor.py:171} INFO - Processing /home/airflow/.local/lib/python3.7/site-packages/airflow/example_dags/example_xcomargs.py took 1.268 seconds
[2022-07-14 23:50:33,711] {processor.py:163} INFO - Started process (PID=890) to work on /home/airflow/.local/lib/python3.7/site-packages/airflow/example_dags/example_xcomargs.py
[2022-07-14 23:50:33,717] {processor.py:620} INFO - Processing file /home/airflow/.local/lib/python3.7/site-packages/airflow/example_dags/example_xcomargs.py for tasks to queue
[2022-07-14 23:50:33,723] {logging_mixin.py:109} INFO - [2022-07-14 23:50:33,723] {dagbag.py:500} INFO - Filling up the DagBag from /home/airflow/.local/lib/python3.7/site-packages/airflow/example_dags/example_xcomargs.py
[2022-07-14 23:50:33,919] {processor.py:632} INFO - DAG(s) dict_keys(['example_xcom_args', 'example_xcom_args_with_operators']) retrieved from /home/airflow/.local/lib/python3.7/site-packages/airflow/example_dags/example_xcomargs.py
[2022-07-14 23:50:35,276] {logging_mixin.py:109} INFO - [2022-07-14 23:50:35,276] {dag.py:2389} INFO - Sync 2 DAGs
[2022-07-14 23:50:35,341] {logging_mixin.py:109} INFO - [2022-07-14 23:50:35,340] {dag.py:2921} INFO - Setting next_dagrun for example_xcom_args to None
[2022-07-14 23:50:35,345] {logging_mixin.py:109} INFO - [2022-07-14 23:50:35,344] {dag.py:2921} INFO - Setting next_dagrun for example_xcom_args_with_operators to None
[2022-07-14 23:50:35,383] {processor.py:171} INFO - Processing /home/airflow/.local/lib/python3.7/site-packages/airflow/example_dags/example_xcomargs.py took 1.684 seconds
[2022-07-14 23:51:05,890] {processor.py:163} INFO - Started process (PID=989) to work on /home/airflow/.local/lib/python3.7/site-packages/airflow/example_dags/example_xcomargs.py
[2022-07-14 23:51:05,896] {processor.py:620} INFO - Processing file /home/airflow/.local/lib/python3.7/site-packages/airflow/example_dags/example_xcomargs.py for tasks to queue
[2022-07-14 23:51:05,900] {logging_mixin.py:109} INFO - [2022-07-14 23:51:05,899] {dagbag.py:500} INFO - Filling up the DagBag from /home/airflow/.local/lib/python3.7/site-packages/airflow/example_dags/example_xcomargs.py
[2022-07-14 23:51:06,038] {processor.py:632} INFO - DAG(s) dict_keys(['example_xcom_args', 'example_xcom_args_with_operators']) retrieved from /home/airflow/.local/lib/python3.7/site-packages/airflow/example_dags/example_xcomargs.py
[2022-07-14 23:51:07,443] {logging_mixin.py:109} INFO - [2022-07-14 23:51:07,442] {dag.py:2389} INFO - Sync 2 DAGs
[2022-07-14 23:51:07,512] {logging_mixin.py:109} INFO - [2022-07-14 23:51:07,511] {dag.py:2921} INFO - Setting next_dagrun for example_xcom_args to None
[2022-07-14 23:51:07,515] {logging_mixin.py:109} INFO - [2022-07-14 23:51:07,515] {dag.py:2921} INFO - Setting next_dagrun for example_xcom_args_with_operators to None
[2022-07-14 23:51:07,565] {processor.py:171} INFO - Processing /home/airflow/.local/lib/python3.7/site-packages/airflow/example_dags/example_xcomargs.py took 1.683 seconds
[2022-07-14 23:51:37,677] {processor.py:163} INFO - Started process (PID=1077) to work on /home/airflow/.local/lib/python3.7/site-packages/airflow/example_dags/example_xcomargs.py
[2022-07-14 23:51:37,682] {processor.py:620} INFO - Processing file /home/airflow/.local/lib/python3.7/site-packages/airflow/example_dags/example_xcomargs.py for tasks to queue
[2022-07-14 23:51:37,685] {logging_mixin.py:109} INFO - [2022-07-14 23:51:37,685] {dagbag.py:500} INFO - Filling up the DagBag from /home/airflow/.local/lib/python3.7/site-packages/airflow/example_dags/example_xcomargs.py
[2022-07-14 23:51:37,795] {processor.py:632} INFO - DAG(s) dict_keys(['example_xcom_args', 'example_xcom_args_with_operators']) retrieved from /home/airflow/.local/lib/python3.7/site-packages/airflow/example_dags/example_xcomargs.py
[2022-07-14 23:51:39,068] {logging_mixin.py:109} INFO - [2022-07-14 23:51:39,067] {dag.py:2389} INFO - Sync 2 DAGs
[2022-07-14 23:51:39,138] {logging_mixin.py:109} INFO - [2022-07-14 23:51:39,137] {dag.py:2921} INFO - Setting next_dagrun for example_xcom_args to None
[2022-07-14 23:51:39,147] {logging_mixin.py:109} INFO - [2022-07-14 23:51:39,146] {dag.py:2921} INFO - Setting next_dagrun for example_xcom_args_with_operators to None
[2022-07-14 23:51:39,196] {processor.py:171} INFO - Processing /home/airflow/.local/lib/python3.7/site-packages/airflow/example_dags/example_xcomargs.py took 1.526 seconds
[2022-07-14 23:52:09,354] {processor.py:163} INFO - Started process (PID=1175) to work on /home/airflow/.local/lib/python3.7/site-packages/airflow/example_dags/example_xcomargs.py
[2022-07-14 23:52:09,359] {processor.py:620} INFO - Processing file /home/airflow/.local/lib/python3.7/site-packages/airflow/example_dags/example_xcomargs.py for tasks to queue
[2022-07-14 23:52:09,362] {logging_mixin.py:109} INFO - [2022-07-14 23:52:09,362] {dagbag.py:500} INFO - Filling up the DagBag from /home/airflow/.local/lib/python3.7/site-packages/airflow/example_dags/example_xcomargs.py
[2022-07-14 23:52:09,471] {processor.py:632} INFO - DAG(s) dict_keys(['example_xcom_args', 'example_xcom_args_with_operators']) retrieved from /home/airflow/.local/lib/python3.7/site-packages/airflow/example_dags/example_xcomargs.py
[2022-07-14 23:52:10,718] {logging_mixin.py:109} INFO - [2022-07-14 23:52:10,718] {dag.py:2389} INFO - Sync 2 DAGs
[2022-07-14 23:52:10,784] {logging_mixin.py:109} INFO - [2022-07-14 23:52:10,783] {dag.py:2921} INFO - Setting next_dagrun for example_xcom_args to None
[2022-07-14 23:52:10,786] {logging_mixin.py:109} INFO - [2022-07-14 23:52:10,786] {dag.py:2921} INFO - Setting next_dagrun for example_xcom_args_with_operators to None
[2022-07-14 23:52:10,826] {processor.py:171} INFO - Processing /home/airflow/.local/lib/python3.7/site-packages/airflow/example_dags/example_xcomargs.py took 1.480 seconds
[2022-07-14 23:52:41,203] {processor.py:163} INFO - Started process (PID=1257) to work on /home/airflow/.local/lib/python3.7/site-packages/airflow/example_dags/example_xcomargs.py
[2022-07-14 23:52:41,208] {processor.py:620} INFO - Processing file /home/airflow/.local/lib/python3.7/site-packages/airflow/example_dags/example_xcomargs.py for tasks to queue
[2022-07-14 23:52:41,211] {logging_mixin.py:109} INFO - [2022-07-14 23:52:41,210] {dagbag.py:500} INFO - Filling up the DagBag from /home/airflow/.local/lib/python3.7/site-packages/airflow/example_dags/example_xcomargs.py
[2022-07-14 23:52:41,305] {processor.py:632} INFO - DAG(s) dict_keys(['example_xcom_args', 'example_xcom_args_with_operators']) retrieved from /home/airflow/.local/lib/python3.7/site-packages/airflow/example_dags/example_xcomargs.py
[2022-07-14 23:52:42,428] {logging_mixin.py:109} INFO - [2022-07-14 23:52:42,427] {dag.py:2389} INFO - Sync 2 DAGs
[2022-07-14 23:52:42,488] {logging_mixin.py:109} INFO - [2022-07-14 23:52:42,487] {dag.py:2921} INFO - Setting next_dagrun for example_xcom_args to None
[2022-07-14 23:52:42,491] {logging_mixin.py:109} INFO - [2022-07-14 23:52:42,491] {dag.py:2921} INFO - Setting next_dagrun for example_xcom_args_with_operators to None
[2022-07-14 23:52:42,528] {processor.py:171} INFO - Processing /home/airflow/.local/lib/python3.7/site-packages/airflow/example_dags/example_xcomargs.py took 1.330 seconds
[2022-07-14 23:53:12,705] {processor.py:163} INFO - Started process (PID=1358) to work on /home/airflow/.local/lib/python3.7/site-packages/airflow/example_dags/example_xcomargs.py
[2022-07-14 23:53:12,718] {processor.py:620} INFO - Processing file /home/airflow/.local/lib/python3.7/site-packages/airflow/example_dags/example_xcomargs.py for tasks to queue
[2022-07-14 23:53:12,722] {logging_mixin.py:109} INFO - [2022-07-14 23:53:12,722] {dagbag.py:500} INFO - Filling up the DagBag from /home/airflow/.local/lib/python3.7/site-packages/airflow/example_dags/example_xcomargs.py
[2022-07-14 23:53:12,826] {processor.py:632} INFO - DAG(s) dict_keys(['example_xcom_args', 'example_xcom_args_with_operators']) retrieved from /home/airflow/.local/lib/python3.7/site-packages/airflow/example_dags/example_xcomargs.py
[2022-07-14 23:53:14,048] {logging_mixin.py:109} INFO - [2022-07-14 23:53:14,048] {dag.py:2389} INFO - Sync 2 DAGs
[2022-07-14 23:53:14,113] {logging_mixin.py:109} INFO - [2022-07-14 23:53:14,113] {dag.py:2921} INFO - Setting next_dagrun for example_xcom_args to None
[2022-07-14 23:53:14,116] {logging_mixin.py:109} INFO - [2022-07-14 23:53:14,116] {dag.py:2921} INFO - Setting next_dagrun for example_xcom_args_with_operators to None
[2022-07-14 23:53:14,159] {processor.py:171} INFO - Processing /home/airflow/.local/lib/python3.7/site-packages/airflow/example_dags/example_xcomargs.py took 1.462 seconds
[2022-07-14 23:53:44,576] {processor.py:163} INFO - Started process (PID=1452) to work on /home/airflow/.local/lib/python3.7/site-packages/airflow/example_dags/example_xcomargs.py
[2022-07-14 23:53:44,587] {processor.py:620} INFO - Processing file /home/airflow/.local/lib/python3.7/site-packages/airflow/example_dags/example_xcomargs.py for tasks to queue
[2022-07-14 23:53:44,592] {logging_mixin.py:109} INFO - [2022-07-14 23:53:44,592] {dagbag.py:500} INFO - Filling up the DagBag from /home/airflow/.local/lib/python3.7/site-packages/airflow/example_dags/example_xcomargs.py
[2022-07-14 23:53:44,726] {processor.py:632} INFO - DAG(s) dict_keys(['example_xcom_args', 'example_xcom_args_with_operators']) retrieved from /home/airflow/.local/lib/python3.7/site-packages/airflow/example_dags/example_xcomargs.py
[2022-07-14 23:53:45,919] {logging_mixin.py:109} INFO - [2022-07-14 23:53:45,918] {dag.py:2389} INFO - Sync 2 DAGs
[2022-07-14 23:53:45,978] {logging_mixin.py:109} INFO - [2022-07-14 23:53:45,978] {dag.py:2921} INFO - Setting next_dagrun for example_xcom_args to None
[2022-07-14 23:53:45,981] {logging_mixin.py:109} INFO - [2022-07-14 23:53:45,981] {dag.py:2921} INFO - Setting next_dagrun for example_xcom_args_with_operators to None
[2022-07-14 23:53:46,017] {processor.py:171} INFO - Processing /home/airflow/.local/lib/python3.7/site-packages/airflow/example_dags/example_xcomargs.py took 1.452 seconds
[2022-07-14 23:54:16,284] {processor.py:163} INFO - Started process (PID=1542) to work on /home/airflow/.local/lib/python3.7/site-packages/airflow/example_dags/example_xcomargs.py
[2022-07-14 23:54:16,288] {processor.py:620} INFO - Processing file /home/airflow/.local/lib/python3.7/site-packages/airflow/example_dags/example_xcomargs.py for tasks to queue
[2022-07-14 23:54:16,291] {logging_mixin.py:109} INFO - [2022-07-14 23:54:16,290] {dagbag.py:500} INFO - Filling up the DagBag from /home/airflow/.local/lib/python3.7/site-packages/airflow/example_dags/example_xcomargs.py
[2022-07-14 23:54:16,394] {processor.py:632} INFO - DAG(s) dict_keys(['example_xcom_args', 'example_xcom_args_with_operators']) retrieved from /home/airflow/.local/lib/python3.7/site-packages/airflow/example_dags/example_xcomargs.py
[2022-07-14 23:54:17,542] {logging_mixin.py:109} INFO - [2022-07-14 23:54:17,542] {dag.py:2389} INFO - Sync 2 DAGs
[2022-07-14 23:54:17,615] {logging_mixin.py:109} INFO - [2022-07-14 23:54:17,615] {dag.py:2921} INFO - Setting next_dagrun for example_xcom_args to None
[2022-07-14 23:54:17,618] {logging_mixin.py:109} INFO - [2022-07-14 23:54:17,618] {dag.py:2921} INFO - Setting next_dagrun for example_xcom_args_with_operators to None
[2022-07-14 23:54:17,656] {processor.py:171} INFO - Processing /home/airflow/.local/lib/python3.7/site-packages/airflow/example_dags/example_xcomargs.py took 1.379 seconds
[2022-07-14 23:54:48,058] {processor.py:163} INFO - Started process (PID=1642) to work on /home/airflow/.local/lib/python3.7/site-packages/airflow/example_dags/example_xcomargs.py
[2022-07-14 23:54:48,063] {processor.py:620} INFO - Processing file /home/airflow/.local/lib/python3.7/site-packages/airflow/example_dags/example_xcomargs.py for tasks to queue
[2022-07-14 23:54:48,067] {logging_mixin.py:109} INFO - [2022-07-14 23:54:48,067] {dagbag.py:500} INFO - Filling up the DagBag from /home/airflow/.local/lib/python3.7/site-packages/airflow/example_dags/example_xcomargs.py
[2022-07-14 23:54:48,195] {processor.py:632} INFO - DAG(s) dict_keys(['example_xcom_args', 'example_xcom_args_with_operators']) retrieved from /home/airflow/.local/lib/python3.7/site-packages/airflow/example_dags/example_xcomargs.py
[2022-07-14 23:54:49,345] {logging_mixin.py:109} INFO - [2022-07-14 23:54:49,345] {dag.py:2389} INFO - Sync 2 DAGs
[2022-07-14 23:54:49,407] {logging_mixin.py:109} INFO - [2022-07-14 23:54:49,407] {dag.py:2921} INFO - Setting next_dagrun for example_xcom_args to None
[2022-07-14 23:54:49,411] {logging_mixin.py:109} INFO - [2022-07-14 23:54:49,410] {dag.py:2921} INFO - Setting next_dagrun for example_xcom_args_with_operators to None
[2022-07-14 23:54:49,447] {processor.py:171} INFO - Processing /home/airflow/.local/lib/python3.7/site-packages/airflow/example_dags/example_xcomargs.py took 1.398 seconds
[2022-07-14 23:55:19,620] {processor.py:163} INFO - Started process (PID=1726) to work on /home/airflow/.local/lib/python3.7/site-packages/airflow/example_dags/example_xcomargs.py
[2022-07-14 23:55:19,624] {processor.py:620} INFO - Processing file /home/airflow/.local/lib/python3.7/site-packages/airflow/example_dags/example_xcomargs.py for tasks to queue
[2022-07-14 23:55:19,627] {logging_mixin.py:109} INFO - [2022-07-14 23:55:19,627] {dagbag.py:500} INFO - Filling up the DagBag from /home/airflow/.local/lib/python3.7/site-packages/airflow/example_dags/example_xcomargs.py
[2022-07-14 23:55:19,720] {processor.py:632} INFO - DAG(s) dict_keys(['example_xcom_args', 'example_xcom_args_with_operators']) retrieved from /home/airflow/.local/lib/python3.7/site-packages/airflow/example_dags/example_xcomargs.py
[2022-07-14 23:55:20,645] {logging_mixin.py:109} INFO - [2022-07-14 23:55:20,645] {dag.py:2389} INFO - Sync 2 DAGs
[2022-07-14 23:55:20,696] {logging_mixin.py:109} INFO - [2022-07-14 23:55:20,695] {dag.py:2921} INFO - Setting next_dagrun for example_xcom_args to None
[2022-07-14 23:55:20,698] {logging_mixin.py:109} INFO - [2022-07-14 23:55:20,698] {dag.py:2921} INFO - Setting next_dagrun for example_xcom_args_with_operators to None
[2022-07-14 23:55:20,729] {processor.py:171} INFO - Processing /home/airflow/.local/lib/python3.7/site-packages/airflow/example_dags/example_xcomargs.py took 1.115 seconds
[2022-07-14 23:55:51,389] {processor.py:163} INFO - Started process (PID=1824) to work on /home/airflow/.local/lib/python3.7/site-packages/airflow/example_dags/example_xcomargs.py
[2022-07-14 23:55:51,394] {processor.py:620} INFO - Processing file /home/airflow/.local/lib/python3.7/site-packages/airflow/example_dags/example_xcomargs.py for tasks to queue
[2022-07-14 23:55:51,397] {logging_mixin.py:109} INFO - [2022-07-14 23:55:51,396] {dagbag.py:500} INFO - Filling up the DagBag from /home/airflow/.local/lib/python3.7/site-packages/airflow/example_dags/example_xcomargs.py
[2022-07-14 23:55:51,488] {processor.py:632} INFO - DAG(s) dict_keys(['example_xcom_args', 'example_xcom_args_with_operators']) retrieved from /home/airflow/.local/lib/python3.7/site-packages/airflow/example_dags/example_xcomargs.py
[2022-07-14 23:55:52,626] {logging_mixin.py:109} INFO - [2022-07-14 23:55:52,625] {dag.py:2389} INFO - Sync 2 DAGs
[2022-07-14 23:55:52,697] {logging_mixin.py:109} INFO - [2022-07-14 23:55:52,696] {dag.py:2921} INFO - Setting next_dagrun for example_xcom_args to None
[2022-07-14 23:55:52,700] {logging_mixin.py:109} INFO - [2022-07-14 23:55:52,700] {dag.py:2921} INFO - Setting next_dagrun for example_xcom_args_with_operators to None
[2022-07-14 23:55:52,737] {processor.py:171} INFO - Processing /home/airflow/.local/lib/python3.7/site-packages/airflow/example_dags/example_xcomargs.py took 1.355 seconds
[2022-07-14 23:56:23,285] {processor.py:163} INFO - Started process (PID=1906) to work on /home/airflow/.local/lib/python3.7/site-packages/airflow/example_dags/example_xcomargs.py
[2022-07-14 23:56:23,289] {processor.py:620} INFO - Processing file /home/airflow/.local/lib/python3.7/site-packages/airflow/example_dags/example_xcomargs.py for tasks to queue
[2022-07-14 23:56:23,292] {logging_mixin.py:109} INFO - [2022-07-14 23:56:23,292] {dagbag.py:500} INFO - Filling up the DagBag from /home/airflow/.local/lib/python3.7/site-packages/airflow/example_dags/example_xcomargs.py
[2022-07-14 23:56:23,380] {processor.py:632} INFO - DAG(s) dict_keys(['example_xcom_args', 'example_xcom_args_with_operators']) retrieved from /home/airflow/.local/lib/python3.7/site-packages/airflow/example_dags/example_xcomargs.py
[2022-07-14 23:56:24,359] {logging_mixin.py:109} INFO - [2022-07-14 23:56:24,359] {dag.py:2389} INFO - Sync 2 DAGs
[2022-07-14 23:56:24,423] {logging_mixin.py:109} INFO - [2022-07-14 23:56:24,422] {dag.py:2921} INFO - Setting next_dagrun for example_xcom_args to None
[2022-07-14 23:56:24,426] {logging_mixin.py:109} INFO - [2022-07-14 23:56:24,426] {dag.py:2921} INFO - Setting next_dagrun for example_xcom_args_with_operators to None
[2022-07-14 23:56:24,462] {processor.py:171} INFO - Processing /home/airflow/.local/lib/python3.7/site-packages/airflow/example_dags/example_xcomargs.py took 1.183 seconds
[2022-07-14 23:56:54,792] {processor.py:163} INFO - Started process (PID=2004) to work on /home/airflow/.local/lib/python3.7/site-packages/airflow/example_dags/example_xcomargs.py
[2022-07-14 23:56:54,797] {processor.py:620} INFO - Processing file /home/airflow/.local/lib/python3.7/site-packages/airflow/example_dags/example_xcomargs.py for tasks to queue
[2022-07-14 23:56:54,805] {logging_mixin.py:109} INFO - [2022-07-14 23:56:54,804] {dagbag.py:500} INFO - Filling up the DagBag from /home/airflow/.local/lib/python3.7/site-packages/airflow/example_dags/example_xcomargs.py
[2022-07-14 23:56:54,920] {processor.py:632} INFO - DAG(s) dict_keys(['example_xcom_args', 'example_xcom_args_with_operators']) retrieved from /home/airflow/.local/lib/python3.7/site-packages/airflow/example_dags/example_xcomargs.py
[2022-07-14 23:56:56,044] {logging_mixin.py:109} INFO - [2022-07-14 23:56:56,043] {dag.py:2389} INFO - Sync 2 DAGs
[2022-07-14 23:56:56,105] {logging_mixin.py:109} INFO - [2022-07-14 23:56:56,104] {dag.py:2921} INFO - Setting next_dagrun for example_xcom_args to None
[2022-07-14 23:56:56,108] {logging_mixin.py:109} INFO - [2022-07-14 23:56:56,107] {dag.py:2921} INFO - Setting next_dagrun for example_xcom_args_with_operators to None
[2022-07-14 23:56:56,143] {processor.py:171} INFO - Processing /home/airflow/.local/lib/python3.7/site-packages/airflow/example_dags/example_xcomargs.py took 1.359 seconds
[2022-07-14 23:57:26,785] {processor.py:163} INFO - Started process (PID=2105) to work on /home/airflow/.local/lib/python3.7/site-packages/airflow/example_dags/example_xcomargs.py
[2022-07-14 23:57:26,792] {processor.py:620} INFO - Processing file /home/airflow/.local/lib/python3.7/site-packages/airflow/example_dags/example_xcomargs.py for tasks to queue
[2022-07-14 23:57:26,797] {logging_mixin.py:109} INFO - [2022-07-14 23:57:26,796] {dagbag.py:500} INFO - Filling up the DagBag from /home/airflow/.local/lib/python3.7/site-packages/airflow/example_dags/example_xcomargs.py
[2022-07-14 23:57:26,897] {processor.py:632} INFO - DAG(s) dict_keys(['example_xcom_args', 'example_xcom_args_with_operators']) retrieved from /home/airflow/.local/lib/python3.7/site-packages/airflow/example_dags/example_xcomargs.py
[2022-07-14 23:57:28,146] {logging_mixin.py:109} INFO - [2022-07-14 23:57:28,146] {dag.py:2389} INFO - Sync 2 DAGs
[2022-07-14 23:57:28,212] {logging_mixin.py:109} INFO - [2022-07-14 23:57:28,212] {dag.py:2921} INFO - Setting next_dagrun for example_xcom_args to None
[2022-07-14 23:57:28,215] {logging_mixin.py:109} INFO - [2022-07-14 23:57:28,215] {dag.py:2921} INFO - Setting next_dagrun for example_xcom_args_with_operators to None
[2022-07-14 23:57:28,253] {processor.py:171} INFO - Processing /home/airflow/.local/lib/python3.7/site-packages/airflow/example_dags/example_xcomargs.py took 1.476 seconds
[2022-07-14 23:57:58,751] {processor.py:163} INFO - Started process (PID=2187) to work on /home/airflow/.local/lib/python3.7/site-packages/airflow/example_dags/example_xcomargs.py
[2022-07-14 23:57:58,755] {processor.py:620} INFO - Processing file /home/airflow/.local/lib/python3.7/site-packages/airflow/example_dags/example_xcomargs.py for tasks to queue
[2022-07-14 23:57:58,758] {logging_mixin.py:109} INFO - [2022-07-14 23:57:58,758] {dagbag.py:500} INFO - Filling up the DagBag from /home/airflow/.local/lib/python3.7/site-packages/airflow/example_dags/example_xcomargs.py
[2022-07-14 23:57:58,854] {processor.py:632} INFO - DAG(s) dict_keys(['example_xcom_args', 'example_xcom_args_with_operators']) retrieved from /home/airflow/.local/lib/python3.7/site-packages/airflow/example_dags/example_xcomargs.py
[2022-07-14 23:57:59,860] {logging_mixin.py:109} INFO - [2022-07-14 23:57:59,859] {dag.py:2389} INFO - Sync 2 DAGs
[2022-07-14 23:57:59,914] {logging_mixin.py:109} INFO - [2022-07-14 23:57:59,914] {dag.py:2921} INFO - Setting next_dagrun for example_xcom_args to None
[2022-07-14 23:57:59,916] {logging_mixin.py:109} INFO - [2022-07-14 23:57:59,916] {dag.py:2921} INFO - Setting next_dagrun for example_xcom_args_with_operators to None
[2022-07-14 23:57:59,948] {processor.py:171} INFO - Processing /home/airflow/.local/lib/python3.7/site-packages/airflow/example_dags/example_xcomargs.py took 1.205 seconds
[2022-07-14 23:58:30,504] {processor.py:163} INFO - Started process (PID=2287) to work on /home/airflow/.local/lib/python3.7/site-packages/airflow/example_dags/example_xcomargs.py
[2022-07-14 23:58:30,510] {processor.py:620} INFO - Processing file /home/airflow/.local/lib/python3.7/site-packages/airflow/example_dags/example_xcomargs.py for tasks to queue
[2022-07-14 23:58:30,513] {logging_mixin.py:109} INFO - [2022-07-14 23:58:30,512] {dagbag.py:500} INFO - Filling up the DagBag from /home/airflow/.local/lib/python3.7/site-packages/airflow/example_dags/example_xcomargs.py
[2022-07-14 23:58:30,620] {processor.py:632} INFO - DAG(s) dict_keys(['example_xcom_args', 'example_xcom_args_with_operators']) retrieved from /home/airflow/.local/lib/python3.7/site-packages/airflow/example_dags/example_xcomargs.py
[2022-07-14 23:58:31,801] {logging_mixin.py:109} INFO - [2022-07-14 23:58:31,800] {dag.py:2389} INFO - Sync 2 DAGs
[2022-07-14 23:58:31,858] {logging_mixin.py:109} INFO - [2022-07-14 23:58:31,858] {dag.py:2921} INFO - Setting next_dagrun for example_xcom_args to None
[2022-07-14 23:58:31,870] {logging_mixin.py:109} INFO - [2022-07-14 23:58:31,870] {dag.py:2921} INFO - Setting next_dagrun for example_xcom_args_with_operators to None
[2022-07-14 23:58:31,908] {processor.py:171} INFO - Processing /home/airflow/.local/lib/python3.7/site-packages/airflow/example_dags/example_xcomargs.py took 1.410 seconds
[2022-07-14 23:59:02,025] {processor.py:163} INFO - Started process (PID=2371) to work on /home/airflow/.local/lib/python3.7/site-packages/airflow/example_dags/example_xcomargs.py
[2022-07-14 23:59:02,038] {processor.py:620} INFO - Processing file /home/airflow/.local/lib/python3.7/site-packages/airflow/example_dags/example_xcomargs.py for tasks to queue
[2022-07-14 23:59:02,042] {logging_mixin.py:109} INFO - [2022-07-14 23:59:02,041] {dagbag.py:500} INFO - Filling up the DagBag from /home/airflow/.local/lib/python3.7/site-packages/airflow/example_dags/example_xcomargs.py
[2022-07-14 23:59:02,135] {processor.py:632} INFO - DAG(s) dict_keys(['example_xcom_args', 'example_xcom_args_with_operators']) retrieved from /home/airflow/.local/lib/python3.7/site-packages/airflow/example_dags/example_xcomargs.py
[2022-07-14 23:59:03,071] {logging_mixin.py:109} INFO - [2022-07-14 23:59:03,071] {dag.py:2389} INFO - Sync 2 DAGs
[2022-07-14 23:59:03,128] {logging_mixin.py:109} INFO - [2022-07-14 23:59:03,127] {dag.py:2921} INFO - Setting next_dagrun for example_xcom_args to None
[2022-07-14 23:59:03,130] {logging_mixin.py:109} INFO - [2022-07-14 23:59:03,130] {dag.py:2921} INFO - Setting next_dagrun for example_xcom_args_with_operators to None
[2022-07-14 23:59:03,167] {processor.py:171} INFO - Processing /home/airflow/.local/lib/python3.7/site-packages/airflow/example_dags/example_xcomargs.py took 1.150 seconds
[2022-07-14 23:59:33,729] {processor.py:163} INFO - Started process (PID=2469) to work on /home/airflow/.local/lib/python3.7/site-packages/airflow/example_dags/example_xcomargs.py
[2022-07-14 23:59:33,741] {processor.py:620} INFO - Processing file /home/airflow/.local/lib/python3.7/site-packages/airflow/example_dags/example_xcomargs.py for tasks to queue
[2022-07-14 23:59:33,744] {logging_mixin.py:109} INFO - [2022-07-14 23:59:33,744] {dagbag.py:500} INFO - Filling up the DagBag from /home/airflow/.local/lib/python3.7/site-packages/airflow/example_dags/example_xcomargs.py
[2022-07-14 23:59:33,849] {processor.py:632} INFO - DAG(s) dict_keys(['example_xcom_args', 'example_xcom_args_with_operators']) retrieved from /home/airflow/.local/lib/python3.7/site-packages/airflow/example_dags/example_xcomargs.py
[2022-07-14 23:59:35,047] {logging_mixin.py:109} INFO - [2022-07-14 23:59:35,046] {dag.py:2389} INFO - Sync 2 DAGs
[2022-07-14 23:59:35,109] {logging_mixin.py:109} INFO - [2022-07-14 23:59:35,108] {dag.py:2921} INFO - Setting next_dagrun for example_xcom_args to None
[2022-07-14 23:59:35,111] {logging_mixin.py:109} INFO - [2022-07-14 23:59:35,111] {dag.py:2921} INFO - Setting next_dagrun for example_xcom_args_with_operators to None
[2022-07-14 23:59:35,148] {processor.py:171} INFO - Processing /home/airflow/.local/lib/python3.7/site-packages/airflow/example_dags/example_xcomargs.py took 1.427 seconds
