[2022-07-14 23:41:24,566] {processor.py:163} INFO - Started process (PID=346) to work on /home/airflow/.local/lib/python3.7/site-packages/airflow/example_dags/example_complex.py
[2022-07-14 23:41:24,582] {processor.py:620} INFO - Processing file /home/airflow/.local/lib/python3.7/site-packages/airflow/example_dags/example_complex.py for tasks to queue
[2022-07-14 23:41:24,606] {logging_mixin.py:109} INFO - [2022-07-14 23:41:24,606] {dagbag.py:500} INFO - Filling up the DagBag from /home/airflow/.local/lib/python3.7/site-packages/airflow/example_dags/example_complex.py
[2022-07-14 23:41:25,539] {processor.py:632} INFO - DAG(s) dict_keys(['example_complex']) retrieved from /home/airflow/.local/lib/python3.7/site-packages/airflow/example_dags/example_complex.py
[2022-07-14 23:41:26,029] {logging_mixin.py:109} INFO - [2022-07-14 23:41:26,026] {dag.py:2389} INFO - Sync 1 DAGs
[2022-07-14 23:41:26,452] {logging_mixin.py:109} INFO - [2022-07-14 23:41:26,435] {dag.py:2921} INFO - Setting next_dagrun for example_complex to None
[2022-07-14 23:41:26,675] {processor.py:171} INFO - Processing /home/airflow/.local/lib/python3.7/site-packages/airflow/example_dags/example_complex.py took 2.152 seconds
[2022-07-14 23:46:44,844] {processor.py:163} INFO - Started process (PID=219) to work on /home/airflow/.local/lib/python3.7/site-packages/airflow/example_dags/example_complex.py
[2022-07-14 23:46:44,857] {processor.py:620} INFO - Processing file /home/airflow/.local/lib/python3.7/site-packages/airflow/example_dags/example_complex.py for tasks to queue
[2022-07-14 23:46:44,862] {logging_mixin.py:109} INFO - [2022-07-14 23:46:44,861] {dagbag.py:500} INFO - Filling up the DagBag from /home/airflow/.local/lib/python3.7/site-packages/airflow/example_dags/example_complex.py
[2022-07-14 23:46:45,284] {processor.py:632} INFO - DAG(s) dict_keys(['example_complex']) retrieved from /home/airflow/.local/lib/python3.7/site-packages/airflow/example_dags/example_complex.py
[2022-07-14 23:46:45,504] {logging_mixin.py:109} INFO - [2022-07-14 23:46:45,503] {dag.py:2389} INFO - Sync 1 DAGs
[2022-07-14 23:46:45,729] {logging_mixin.py:109} INFO - [2022-07-14 23:46:45,721] {dag.py:2921} INFO - Setting next_dagrun for example_complex to None
[2022-07-14 23:46:45,832] {processor.py:171} INFO - Processing /home/airflow/.local/lib/python3.7/site-packages/airflow/example_dags/example_complex.py took 1.014 seconds
[2022-07-14 23:47:17,380] {processor.py:163} INFO - Started process (PID=307) to work on /home/airflow/.local/lib/python3.7/site-packages/airflow/example_dags/example_complex.py
[2022-07-14 23:47:17,396] {processor.py:620} INFO - Processing file /home/airflow/.local/lib/python3.7/site-packages/airflow/example_dags/example_complex.py for tasks to queue
[2022-07-14 23:47:17,401] {logging_mixin.py:109} INFO - [2022-07-14 23:47:17,401] {dagbag.py:500} INFO - Filling up the DagBag from /home/airflow/.local/lib/python3.7/site-packages/airflow/example_dags/example_complex.py
[2022-07-14 23:47:17,706] {processor.py:632} INFO - DAG(s) dict_keys(['example_complex']) retrieved from /home/airflow/.local/lib/python3.7/site-packages/airflow/example_dags/example_complex.py
[2022-07-14 23:47:17,926] {logging_mixin.py:109} INFO - [2022-07-14 23:47:17,926] {dag.py:2389} INFO - Sync 1 DAGs
[2022-07-14 23:47:18,112] {logging_mixin.py:109} INFO - [2022-07-14 23:47:18,112] {dag.py:2921} INFO - Setting next_dagrun for example_complex to None
[2022-07-14 23:47:18,202] {processor.py:171} INFO - Processing /home/airflow/.local/lib/python3.7/site-packages/airflow/example_dags/example_complex.py took 0.843 seconds
[2022-07-14 23:47:48,392] {processor.py:163} INFO - Started process (PID=402) to work on /home/airflow/.local/lib/python3.7/site-packages/airflow/example_dags/example_complex.py
[2022-07-14 23:47:48,400] {processor.py:620} INFO - Processing file /home/airflow/.local/lib/python3.7/site-packages/airflow/example_dags/example_complex.py for tasks to queue
[2022-07-14 23:47:48,408] {logging_mixin.py:109} INFO - [2022-07-14 23:47:48,407] {dagbag.py:500} INFO - Filling up the DagBag from /home/airflow/.local/lib/python3.7/site-packages/airflow/example_dags/example_complex.py
[2022-07-14 23:47:48,624] {processor.py:632} INFO - DAG(s) dict_keys(['example_complex']) retrieved from /home/airflow/.local/lib/python3.7/site-packages/airflow/example_dags/example_complex.py
[2022-07-14 23:47:48,712] {logging_mixin.py:109} INFO - [2022-07-14 23:47:48,712] {dag.py:2389} INFO - Sync 1 DAGs
[2022-07-14 23:47:48,801] {logging_mixin.py:109} INFO - [2022-07-14 23:47:48,801] {dag.py:2921} INFO - Setting next_dagrun for example_complex to None
[2022-07-14 23:47:48,837] {processor.py:171} INFO - Processing /home/airflow/.local/lib/python3.7/site-packages/airflow/example_dags/example_complex.py took 0.464 seconds
[2022-07-14 23:48:19,129] {processor.py:163} INFO - Started process (PID=484) to work on /home/airflow/.local/lib/python3.7/site-packages/airflow/example_dags/example_complex.py
[2022-07-14 23:48:19,133] {processor.py:620} INFO - Processing file /home/airflow/.local/lib/python3.7/site-packages/airflow/example_dags/example_complex.py for tasks to queue
[2022-07-14 23:48:19,135] {logging_mixin.py:109} INFO - [2022-07-14 23:48:19,135] {dagbag.py:500} INFO - Filling up the DagBag from /home/airflow/.local/lib/python3.7/site-packages/airflow/example_dags/example_complex.py
[2022-07-14 23:48:19,249] {processor.py:632} INFO - DAG(s) dict_keys(['example_complex']) retrieved from /home/airflow/.local/lib/python3.7/site-packages/airflow/example_dags/example_complex.py
[2022-07-14 23:48:19,322] {logging_mixin.py:109} INFO - [2022-07-14 23:48:19,321] {dag.py:2389} INFO - Sync 1 DAGs
[2022-07-14 23:48:19,376] {logging_mixin.py:109} INFO - [2022-07-14 23:48:19,376] {dag.py:2921} INFO - Setting next_dagrun for example_complex to None
[2022-07-14 23:48:19,401] {processor.py:171} INFO - Processing /home/airflow/.local/lib/python3.7/site-packages/airflow/example_dags/example_complex.py took 0.278 seconds
[2022-07-14 23:48:49,899] {processor.py:163} INFO - Started process (PID=582) to work on /home/airflow/.local/lib/python3.7/site-packages/airflow/example_dags/example_complex.py
[2022-07-14 23:48:49,904] {processor.py:620} INFO - Processing file /home/airflow/.local/lib/python3.7/site-packages/airflow/example_dags/example_complex.py for tasks to queue
[2022-07-14 23:48:49,908] {logging_mixin.py:109} INFO - [2022-07-14 23:48:49,907] {dagbag.py:500} INFO - Filling up the DagBag from /home/airflow/.local/lib/python3.7/site-packages/airflow/example_dags/example_complex.py
[2022-07-14 23:48:50,032] {processor.py:632} INFO - DAG(s) dict_keys(['example_complex']) retrieved from /home/airflow/.local/lib/python3.7/site-packages/airflow/example_dags/example_complex.py
[2022-07-14 23:48:50,126] {logging_mixin.py:109} INFO - [2022-07-14 23:48:50,126] {dag.py:2389} INFO - Sync 1 DAGs
[2022-07-14 23:48:50,244] {logging_mixin.py:109} INFO - [2022-07-14 23:48:50,243] {dag.py:2921} INFO - Setting next_dagrun for example_complex to None
[2022-07-14 23:48:50,286] {processor.py:171} INFO - Processing /home/airflow/.local/lib/python3.7/site-packages/airflow/example_dags/example_complex.py took 0.394 seconds
[2022-07-14 23:49:20,371] {processor.py:163} INFO - Started process (PID=662) to work on /home/airflow/.local/lib/python3.7/site-packages/airflow/example_dags/example_complex.py
[2022-07-14 23:49:20,376] {processor.py:620} INFO - Processing file /home/airflow/.local/lib/python3.7/site-packages/airflow/example_dags/example_complex.py for tasks to queue
[2022-07-14 23:49:20,380] {logging_mixin.py:109} INFO - [2022-07-14 23:49:20,379] {dagbag.py:500} INFO - Filling up the DagBag from /home/airflow/.local/lib/python3.7/site-packages/airflow/example_dags/example_complex.py
[2022-07-14 23:49:20,510] {processor.py:632} INFO - DAG(s) dict_keys(['example_complex']) retrieved from /home/airflow/.local/lib/python3.7/site-packages/airflow/example_dags/example_complex.py
[2022-07-14 23:49:20,592] {logging_mixin.py:109} INFO - [2022-07-14 23:49:20,592] {dag.py:2389} INFO - Sync 1 DAGs
[2022-07-14 23:49:20,655] {logging_mixin.py:109} INFO - [2022-07-14 23:49:20,655] {dag.py:2921} INFO - Setting next_dagrun for example_complex to None
[2022-07-14 23:49:20,685] {processor.py:171} INFO - Processing /home/airflow/.local/lib/python3.7/site-packages/airflow/example_dags/example_complex.py took 0.322 seconds
[2022-07-14 23:49:51,407] {processor.py:163} INFO - Started process (PID=760) to work on /home/airflow/.local/lib/python3.7/site-packages/airflow/example_dags/example_complex.py
[2022-07-14 23:49:51,412] {processor.py:620} INFO - Processing file /home/airflow/.local/lib/python3.7/site-packages/airflow/example_dags/example_complex.py for tasks to queue
[2022-07-14 23:49:51,420] {logging_mixin.py:109} INFO - [2022-07-14 23:49:51,419] {dagbag.py:500} INFO - Filling up the DagBag from /home/airflow/.local/lib/python3.7/site-packages/airflow/example_dags/example_complex.py
[2022-07-14 23:49:51,551] {processor.py:632} INFO - DAG(s) dict_keys(['example_complex']) retrieved from /home/airflow/.local/lib/python3.7/site-packages/airflow/example_dags/example_complex.py
[2022-07-14 23:49:51,634] {logging_mixin.py:109} INFO - [2022-07-14 23:49:51,633] {dag.py:2389} INFO - Sync 1 DAGs
[2022-07-14 23:49:51,696] {logging_mixin.py:109} INFO - [2022-07-14 23:49:51,695] {dag.py:2921} INFO - Setting next_dagrun for example_complex to None
[2022-07-14 23:49:51,727] {processor.py:171} INFO - Processing /home/airflow/.local/lib/python3.7/site-packages/airflow/example_dags/example_complex.py took 0.327 seconds
[2022-07-14 23:50:22,046] {processor.py:163} INFO - Started process (PID=840) to work on /home/airflow/.local/lib/python3.7/site-packages/airflow/example_dags/example_complex.py
[2022-07-14 23:50:22,050] {processor.py:620} INFO - Processing file /home/airflow/.local/lib/python3.7/site-packages/airflow/example_dags/example_complex.py for tasks to queue
[2022-07-14 23:50:22,052] {logging_mixin.py:109} INFO - [2022-07-14 23:50:22,052] {dagbag.py:500} INFO - Filling up the DagBag from /home/airflow/.local/lib/python3.7/site-packages/airflow/example_dags/example_complex.py
[2022-07-14 23:50:22,193] {processor.py:632} INFO - DAG(s) dict_keys(['example_complex']) retrieved from /home/airflow/.local/lib/python3.7/site-packages/airflow/example_dags/example_complex.py
[2022-07-14 23:50:22,277] {logging_mixin.py:109} INFO - [2022-07-14 23:50:22,277] {dag.py:2389} INFO - Sync 1 DAGs
[2022-07-14 23:50:22,345] {logging_mixin.py:109} INFO - [2022-07-14 23:50:22,345] {dag.py:2921} INFO - Setting next_dagrun for example_complex to None
[2022-07-14 23:50:22,379] {processor.py:171} INFO - Processing /home/airflow/.local/lib/python3.7/site-packages/airflow/example_dags/example_complex.py took 0.342 seconds
[2022-07-14 23:50:52,441] {processor.py:163} INFO - Started process (PID=939) to work on /home/airflow/.local/lib/python3.7/site-packages/airflow/example_dags/example_complex.py
[2022-07-14 23:50:52,445] {processor.py:620} INFO - Processing file /home/airflow/.local/lib/python3.7/site-packages/airflow/example_dags/example_complex.py for tasks to queue
[2022-07-14 23:50:52,448] {logging_mixin.py:109} INFO - [2022-07-14 23:50:52,447] {dagbag.py:500} INFO - Filling up the DagBag from /home/airflow/.local/lib/python3.7/site-packages/airflow/example_dags/example_complex.py
[2022-07-14 23:50:52,611] {processor.py:632} INFO - DAG(s) dict_keys(['example_complex']) retrieved from /home/airflow/.local/lib/python3.7/site-packages/airflow/example_dags/example_complex.py
[2022-07-14 23:50:52,702] {logging_mixin.py:109} INFO - [2022-07-14 23:50:52,701] {dag.py:2389} INFO - Sync 1 DAGs
[2022-07-14 23:50:52,784] {logging_mixin.py:109} INFO - [2022-07-14 23:50:52,784] {dag.py:2921} INFO - Setting next_dagrun for example_complex to None
[2022-07-14 23:50:52,816] {processor.py:171} INFO - Processing /home/airflow/.local/lib/python3.7/site-packages/airflow/example_dags/example_complex.py took 0.387 seconds
[2022-07-14 23:51:22,950] {processor.py:163} INFO - Started process (PID=1021) to work on /home/airflow/.local/lib/python3.7/site-packages/airflow/example_dags/example_complex.py
[2022-07-14 23:51:22,957] {processor.py:620} INFO - Processing file /home/airflow/.local/lib/python3.7/site-packages/airflow/example_dags/example_complex.py for tasks to queue
[2022-07-14 23:51:22,962] {logging_mixin.py:109} INFO - [2022-07-14 23:51:22,962] {dagbag.py:500} INFO - Filling up the DagBag from /home/airflow/.local/lib/python3.7/site-packages/airflow/example_dags/example_complex.py
[2022-07-14 23:51:23,105] {processor.py:632} INFO - DAG(s) dict_keys(['example_complex']) retrieved from /home/airflow/.local/lib/python3.7/site-packages/airflow/example_dags/example_complex.py
[2022-07-14 23:51:23,192] {logging_mixin.py:109} INFO - [2022-07-14 23:51:23,191] {dag.py:2389} INFO - Sync 1 DAGs
[2022-07-14 23:51:23,264] {logging_mixin.py:109} INFO - [2022-07-14 23:51:23,264] {dag.py:2921} INFO - Setting next_dagrun for example_complex to None
[2022-07-14 23:51:23,299] {processor.py:171} INFO - Processing /home/airflow/.local/lib/python3.7/site-packages/airflow/example_dags/example_complex.py took 0.357 seconds
[2022-07-14 23:51:53,801] {processor.py:163} INFO - Started process (PID=1119) to work on /home/airflow/.local/lib/python3.7/site-packages/airflow/example_dags/example_complex.py
[2022-07-14 23:51:53,806] {processor.py:620} INFO - Processing file /home/airflow/.local/lib/python3.7/site-packages/airflow/example_dags/example_complex.py for tasks to queue
[2022-07-14 23:51:53,810] {logging_mixin.py:109} INFO - [2022-07-14 23:51:53,809] {dagbag.py:500} INFO - Filling up the DagBag from /home/airflow/.local/lib/python3.7/site-packages/airflow/example_dags/example_complex.py
[2022-07-14 23:51:53,963] {processor.py:632} INFO - DAG(s) dict_keys(['example_complex']) retrieved from /home/airflow/.local/lib/python3.7/site-packages/airflow/example_dags/example_complex.py
[2022-07-14 23:51:54,077] {logging_mixin.py:109} INFO - [2022-07-14 23:51:54,077] {dag.py:2389} INFO - Sync 1 DAGs
[2022-07-14 23:51:54,157] {logging_mixin.py:109} INFO - [2022-07-14 23:51:54,157] {dag.py:2921} INFO - Setting next_dagrun for example_complex to None
[2022-07-14 23:51:54,190] {processor.py:171} INFO - Processing /home/airflow/.local/lib/python3.7/site-packages/airflow/example_dags/example_complex.py took 0.403 seconds
[2022-07-14 23:52:24,602] {processor.py:163} INFO - Started process (PID=1211) to work on /home/airflow/.local/lib/python3.7/site-packages/airflow/example_dags/example_complex.py
[2022-07-14 23:52:24,616] {processor.py:620} INFO - Processing file /home/airflow/.local/lib/python3.7/site-packages/airflow/example_dags/example_complex.py for tasks to queue
[2022-07-14 23:52:24,621] {logging_mixin.py:109} INFO - [2022-07-14 23:52:24,621] {dagbag.py:500} INFO - Filling up the DagBag from /home/airflow/.local/lib/python3.7/site-packages/airflow/example_dags/example_complex.py
[2022-07-14 23:52:24,838] {processor.py:632} INFO - DAG(s) dict_keys(['example_complex']) retrieved from /home/airflow/.local/lib/python3.7/site-packages/airflow/example_dags/example_complex.py
[2022-07-14 23:52:24,974] {logging_mixin.py:109} INFO - [2022-07-14 23:52:24,973] {dag.py:2389} INFO - Sync 1 DAGs
[2022-07-14 23:52:25,047] {logging_mixin.py:109} INFO - [2022-07-14 23:52:25,047] {dag.py:2921} INFO - Setting next_dagrun for example_complex to None
[2022-07-14 23:52:25,115] {processor.py:171} INFO - Processing /home/airflow/.local/lib/python3.7/site-packages/airflow/example_dags/example_complex.py took 0.521 seconds
[2022-07-14 23:52:55,315] {processor.py:163} INFO - Started process (PID=1298) to work on /home/airflow/.local/lib/python3.7/site-packages/airflow/example_dags/example_complex.py
[2022-07-14 23:52:55,328] {processor.py:620} INFO - Processing file /home/airflow/.local/lib/python3.7/site-packages/airflow/example_dags/example_complex.py for tasks to queue
[2022-07-14 23:52:55,335] {logging_mixin.py:109} INFO - [2022-07-14 23:52:55,335] {dagbag.py:500} INFO - Filling up the DagBag from /home/airflow/.local/lib/python3.7/site-packages/airflow/example_dags/example_complex.py
[2022-07-14 23:52:55,601] {processor.py:632} INFO - DAG(s) dict_keys(['example_complex']) retrieved from /home/airflow/.local/lib/python3.7/site-packages/airflow/example_dags/example_complex.py
[2022-07-14 23:52:55,729] {logging_mixin.py:109} INFO - [2022-07-14 23:52:55,729] {dag.py:2389} INFO - Sync 1 DAGs
[2022-07-14 23:52:55,899] {logging_mixin.py:109} INFO - [2022-07-14 23:52:55,898] {dag.py:2921} INFO - Setting next_dagrun for example_complex to None
[2022-07-14 23:52:55,967] {processor.py:171} INFO - Processing /home/airflow/.local/lib/python3.7/site-packages/airflow/example_dags/example_complex.py took 0.669 seconds
[2022-07-14 23:53:26,133] {processor.py:163} INFO - Started process (PID=1398) to work on /home/airflow/.local/lib/python3.7/site-packages/airflow/example_dags/example_complex.py
[2022-07-14 23:53:26,139] {processor.py:620} INFO - Processing file /home/airflow/.local/lib/python3.7/site-packages/airflow/example_dags/example_complex.py for tasks to queue
[2022-07-14 23:53:26,142] {logging_mixin.py:109} INFO - [2022-07-14 23:53:26,142] {dagbag.py:500} INFO - Filling up the DagBag from /home/airflow/.local/lib/python3.7/site-packages/airflow/example_dags/example_complex.py
[2022-07-14 23:53:26,278] {processor.py:632} INFO - DAG(s) dict_keys(['example_complex']) retrieved from /home/airflow/.local/lib/python3.7/site-packages/airflow/example_dags/example_complex.py
[2022-07-14 23:53:26,369] {logging_mixin.py:109} INFO - [2022-07-14 23:53:26,369] {dag.py:2389} INFO - Sync 1 DAGs
[2022-07-14 23:53:26,433] {logging_mixin.py:109} INFO - [2022-07-14 23:53:26,433] {dag.py:2921} INFO - Setting next_dagrun for example_complex to None
[2022-07-14 23:53:26,464] {processor.py:171} INFO - Processing /home/airflow/.local/lib/python3.7/site-packages/airflow/example_dags/example_complex.py took 0.338 seconds
[2022-07-14 23:53:56,570] {processor.py:163} INFO - Started process (PID=1480) to work on /home/airflow/.local/lib/python3.7/site-packages/airflow/example_dags/example_complex.py
[2022-07-14 23:53:56,574] {processor.py:620} INFO - Processing file /home/airflow/.local/lib/python3.7/site-packages/airflow/example_dags/example_complex.py for tasks to queue
[2022-07-14 23:53:56,578] {logging_mixin.py:109} INFO - [2022-07-14 23:53:56,577] {dagbag.py:500} INFO - Filling up the DagBag from /home/airflow/.local/lib/python3.7/site-packages/airflow/example_dags/example_complex.py
[2022-07-14 23:53:56,701] {processor.py:632} INFO - DAG(s) dict_keys(['example_complex']) retrieved from /home/airflow/.local/lib/python3.7/site-packages/airflow/example_dags/example_complex.py
[2022-07-14 23:53:56,782] {logging_mixin.py:109} INFO - [2022-07-14 23:53:56,782] {dag.py:2389} INFO - Sync 1 DAGs
[2022-07-14 23:53:56,845] {logging_mixin.py:109} INFO - [2022-07-14 23:53:56,844] {dag.py:2921} INFO - Setting next_dagrun for example_complex to None
[2022-07-14 23:53:56,884] {processor.py:171} INFO - Processing /home/airflow/.local/lib/python3.7/site-packages/airflow/example_dags/example_complex.py took 0.322 seconds
[2022-07-14 23:54:27,722] {processor.py:163} INFO - Started process (PID=1578) to work on /home/airflow/.local/lib/python3.7/site-packages/airflow/example_dags/example_complex.py
[2022-07-14 23:54:27,736] {processor.py:620} INFO - Processing file /home/airflow/.local/lib/python3.7/site-packages/airflow/example_dags/example_complex.py for tasks to queue
[2022-07-14 23:54:27,742] {logging_mixin.py:109} INFO - [2022-07-14 23:54:27,742] {dagbag.py:500} INFO - Filling up the DagBag from /home/airflow/.local/lib/python3.7/site-packages/airflow/example_dags/example_complex.py
[2022-07-14 23:54:27,897] {processor.py:632} INFO - DAG(s) dict_keys(['example_complex']) retrieved from /home/airflow/.local/lib/python3.7/site-packages/airflow/example_dags/example_complex.py
[2022-07-14 23:54:27,978] {logging_mixin.py:109} INFO - [2022-07-14 23:54:27,977] {dag.py:2389} INFO - Sync 1 DAGs
[2022-07-14 23:54:28,063] {logging_mixin.py:109} INFO - [2022-07-14 23:54:28,062] {dag.py:2921} INFO - Setting next_dagrun for example_complex to None
[2022-07-14 23:54:28,099] {processor.py:171} INFO - Processing /home/airflow/.local/lib/python3.7/site-packages/airflow/example_dags/example_complex.py took 0.386 seconds
[2022-07-14 23:54:58,665] {processor.py:163} INFO - Started process (PID=1660) to work on /home/airflow/.local/lib/python3.7/site-packages/airflow/example_dags/example_complex.py
[2022-07-14 23:54:58,674] {processor.py:620} INFO - Processing file /home/airflow/.local/lib/python3.7/site-packages/airflow/example_dags/example_complex.py for tasks to queue
[2022-07-14 23:54:58,677] {logging_mixin.py:109} INFO - [2022-07-14 23:54:58,677] {dagbag.py:500} INFO - Filling up the DagBag from /home/airflow/.local/lib/python3.7/site-packages/airflow/example_dags/example_complex.py
[2022-07-14 23:54:58,815] {processor.py:632} INFO - DAG(s) dict_keys(['example_complex']) retrieved from /home/airflow/.local/lib/python3.7/site-packages/airflow/example_dags/example_complex.py
[2022-07-14 23:54:58,898] {logging_mixin.py:109} INFO - [2022-07-14 23:54:58,897] {dag.py:2389} INFO - Sync 1 DAGs
[2022-07-14 23:54:58,961] {logging_mixin.py:109} INFO - [2022-07-14 23:54:58,961] {dag.py:2921} INFO - Setting next_dagrun for example_complex to None
[2022-07-14 23:54:58,989] {processor.py:171} INFO - Processing /home/airflow/.local/lib/python3.7/site-packages/airflow/example_dags/example_complex.py took 0.331 seconds
[2022-07-14 23:55:29,466] {processor.py:163} INFO - Started process (PID=1758) to work on /home/airflow/.local/lib/python3.7/site-packages/airflow/example_dags/example_complex.py
[2022-07-14 23:55:29,471] {processor.py:620} INFO - Processing file /home/airflow/.local/lib/python3.7/site-packages/airflow/example_dags/example_complex.py for tasks to queue
[2022-07-14 23:55:29,475] {logging_mixin.py:109} INFO - [2022-07-14 23:55:29,474] {dagbag.py:500} INFO - Filling up the DagBag from /home/airflow/.local/lib/python3.7/site-packages/airflow/example_dags/example_complex.py
[2022-07-14 23:55:29,605] {processor.py:632} INFO - DAG(s) dict_keys(['example_complex']) retrieved from /home/airflow/.local/lib/python3.7/site-packages/airflow/example_dags/example_complex.py
[2022-07-14 23:55:29,715] {logging_mixin.py:109} INFO - [2022-07-14 23:55:29,714] {dag.py:2389} INFO - Sync 1 DAGs
[2022-07-14 23:55:29,781] {logging_mixin.py:109} INFO - [2022-07-14 23:55:29,780] {dag.py:2921} INFO - Setting next_dagrun for example_complex to None
[2022-07-14 23:55:29,809] {processor.py:171} INFO - Processing /home/airflow/.local/lib/python3.7/site-packages/airflow/example_dags/example_complex.py took 0.352 seconds
[2022-07-14 23:56:00,517] {processor.py:163} INFO - Started process (PID=1840) to work on /home/airflow/.local/lib/python3.7/site-packages/airflow/example_dags/example_complex.py
[2022-07-14 23:56:00,521] {processor.py:620} INFO - Processing file /home/airflow/.local/lib/python3.7/site-packages/airflow/example_dags/example_complex.py for tasks to queue
[2022-07-14 23:56:00,524] {logging_mixin.py:109} INFO - [2022-07-14 23:56:00,523] {dagbag.py:500} INFO - Filling up the DagBag from /home/airflow/.local/lib/python3.7/site-packages/airflow/example_dags/example_complex.py
[2022-07-14 23:56:00,639] {processor.py:632} INFO - DAG(s) dict_keys(['example_complex']) retrieved from /home/airflow/.local/lib/python3.7/site-packages/airflow/example_dags/example_complex.py
[2022-07-14 23:56:00,713] {logging_mixin.py:109} INFO - [2022-07-14 23:56:00,713] {dag.py:2389} INFO - Sync 1 DAGs
[2022-07-14 23:56:00,770] {logging_mixin.py:109} INFO - [2022-07-14 23:56:00,770] {dag.py:2921} INFO - Setting next_dagrun for example_complex to None
[2022-07-14 23:56:00,798] {processor.py:171} INFO - Processing /home/airflow/.local/lib/python3.7/site-packages/airflow/example_dags/example_complex.py took 0.289 seconds
[2022-07-14 23:56:31,219] {processor.py:163} INFO - Started process (PID=1938) to work on /home/airflow/.local/lib/python3.7/site-packages/airflow/example_dags/example_complex.py
[2022-07-14 23:56:31,223] {processor.py:620} INFO - Processing file /home/airflow/.local/lib/python3.7/site-packages/airflow/example_dags/example_complex.py for tasks to queue
[2022-07-14 23:56:31,226] {logging_mixin.py:109} INFO - [2022-07-14 23:56:31,226] {dagbag.py:500} INFO - Filling up the DagBag from /home/airflow/.local/lib/python3.7/site-packages/airflow/example_dags/example_complex.py
[2022-07-14 23:56:31,362] {processor.py:632} INFO - DAG(s) dict_keys(['example_complex']) retrieved from /home/airflow/.local/lib/python3.7/site-packages/airflow/example_dags/example_complex.py
[2022-07-14 23:56:31,489] {logging_mixin.py:109} INFO - [2022-07-14 23:56:31,489] {dag.py:2389} INFO - Sync 1 DAGs
[2022-07-14 23:56:31,566] {logging_mixin.py:109} INFO - [2022-07-14 23:56:31,565] {dag.py:2921} INFO - Setting next_dagrun for example_complex to None
[2022-07-14 23:56:31,594] {processor.py:171} INFO - Processing /home/airflow/.local/lib/python3.7/site-packages/airflow/example_dags/example_complex.py took 0.382 seconds
[2022-07-14 23:57:01,686] {processor.py:163} INFO - Started process (PID=2017) to work on /home/airflow/.local/lib/python3.7/site-packages/airflow/example_dags/example_complex.py
[2022-07-14 23:57:01,690] {processor.py:620} INFO - Processing file /home/airflow/.local/lib/python3.7/site-packages/airflow/example_dags/example_complex.py for tasks to queue
[2022-07-14 23:57:01,693] {logging_mixin.py:109} INFO - [2022-07-14 23:57:01,693] {dagbag.py:500} INFO - Filling up the DagBag from /home/airflow/.local/lib/python3.7/site-packages/airflow/example_dags/example_complex.py
[2022-07-14 23:57:01,814] {processor.py:632} INFO - DAG(s) dict_keys(['example_complex']) retrieved from /home/airflow/.local/lib/python3.7/site-packages/airflow/example_dags/example_complex.py
[2022-07-14 23:57:01,891] {logging_mixin.py:109} INFO - [2022-07-14 23:57:01,890] {dag.py:2389} INFO - Sync 1 DAGs
[2022-07-14 23:57:01,948] {logging_mixin.py:109} INFO - [2022-07-14 23:57:01,947] {dag.py:2921} INFO - Setting next_dagrun for example_complex to None
[2022-07-14 23:57:01,975] {processor.py:171} INFO - Processing /home/airflow/.local/lib/python3.7/site-packages/airflow/example_dags/example_complex.py took 0.297 seconds
[2022-07-14 23:57:32,629] {processor.py:163} INFO - Started process (PID=2113) to work on /home/airflow/.local/lib/python3.7/site-packages/airflow/example_dags/example_complex.py
[2022-07-14 23:57:32,633] {processor.py:620} INFO - Processing file /home/airflow/.local/lib/python3.7/site-packages/airflow/example_dags/example_complex.py for tasks to queue
[2022-07-14 23:57:32,636] {logging_mixin.py:109} INFO - [2022-07-14 23:57:32,635] {dagbag.py:500} INFO - Filling up the DagBag from /home/airflow/.local/lib/python3.7/site-packages/airflow/example_dags/example_complex.py
[2022-07-14 23:57:32,811] {processor.py:632} INFO - DAG(s) dict_keys(['example_complex']) retrieved from /home/airflow/.local/lib/python3.7/site-packages/airflow/example_dags/example_complex.py
[2022-07-14 23:57:32,909] {logging_mixin.py:109} INFO - [2022-07-14 23:57:32,908] {dag.py:2389} INFO - Sync 1 DAGs
[2022-07-14 23:57:32,978] {logging_mixin.py:109} INFO - [2022-07-14 23:57:32,977] {dag.py:2921} INFO - Setting next_dagrun for example_complex to None
[2022-07-14 23:57:33,008] {processor.py:171} INFO - Processing /home/airflow/.local/lib/python3.7/site-packages/airflow/example_dags/example_complex.py took 0.388 seconds
[2022-07-14 23:58:03,280] {processor.py:163} INFO - Started process (PID=2197) to work on /home/airflow/.local/lib/python3.7/site-packages/airflow/example_dags/example_complex.py
[2022-07-14 23:58:03,284] {processor.py:620} INFO - Processing file /home/airflow/.local/lib/python3.7/site-packages/airflow/example_dags/example_complex.py for tasks to queue
[2022-07-14 23:58:03,290] {logging_mixin.py:109} INFO - [2022-07-14 23:58:03,289] {dagbag.py:500} INFO - Filling up the DagBag from /home/airflow/.local/lib/python3.7/site-packages/airflow/example_dags/example_complex.py
[2022-07-14 23:58:03,418] {processor.py:632} INFO - DAG(s) dict_keys(['example_complex']) retrieved from /home/airflow/.local/lib/python3.7/site-packages/airflow/example_dags/example_complex.py
[2022-07-14 23:58:03,501] {logging_mixin.py:109} INFO - [2022-07-14 23:58:03,501] {dag.py:2389} INFO - Sync 1 DAGs
[2022-07-14 23:58:03,561] {logging_mixin.py:109} INFO - [2022-07-14 23:58:03,560] {dag.py:2921} INFO - Setting next_dagrun for example_complex to None
[2022-07-14 23:58:03,593] {processor.py:171} INFO - Processing /home/airflow/.local/lib/python3.7/site-packages/airflow/example_dags/example_complex.py took 0.323 seconds
[2022-07-14 23:58:33,983] {processor.py:163} INFO - Started process (PID=2291) to work on /home/airflow/.local/lib/python3.7/site-packages/airflow/example_dags/example_complex.py
[2022-07-14 23:58:33,988] {processor.py:620} INFO - Processing file /home/airflow/.local/lib/python3.7/site-packages/airflow/example_dags/example_complex.py for tasks to queue
[2022-07-14 23:58:34,006] {logging_mixin.py:109} INFO - [2022-07-14 23:58:34,006] {dagbag.py:500} INFO - Filling up the DagBag from /home/airflow/.local/lib/python3.7/site-packages/airflow/example_dags/example_complex.py
[2022-07-14 23:58:34,139] {processor.py:632} INFO - DAG(s) dict_keys(['example_complex']) retrieved from /home/airflow/.local/lib/python3.7/site-packages/airflow/example_dags/example_complex.py
[2022-07-14 23:58:34,230] {logging_mixin.py:109} INFO - [2022-07-14 23:58:34,230] {dag.py:2389} INFO - Sync 1 DAGs
[2022-07-14 23:58:34,304] {logging_mixin.py:109} INFO - [2022-07-14 23:58:34,304] {dag.py:2921} INFO - Setting next_dagrun for example_complex to None
[2022-07-14 23:58:34,336] {processor.py:171} INFO - Processing /home/airflow/.local/lib/python3.7/site-packages/airflow/example_dags/example_complex.py took 0.361 seconds
[2022-07-14 23:59:05,085] {processor.py:163} INFO - Started process (PID=2383) to work on /home/airflow/.local/lib/python3.7/site-packages/airflow/example_dags/example_complex.py
[2022-07-14 23:59:05,088] {processor.py:620} INFO - Processing file /home/airflow/.local/lib/python3.7/site-packages/airflow/example_dags/example_complex.py for tasks to queue
[2022-07-14 23:59:05,092] {logging_mixin.py:109} INFO - [2022-07-14 23:59:05,092] {dagbag.py:500} INFO - Filling up the DagBag from /home/airflow/.local/lib/python3.7/site-packages/airflow/example_dags/example_complex.py
[2022-07-14 23:59:05,236] {processor.py:632} INFO - DAG(s) dict_keys(['example_complex']) retrieved from /home/airflow/.local/lib/python3.7/site-packages/airflow/example_dags/example_complex.py
[2022-07-14 23:59:05,326] {logging_mixin.py:109} INFO - [2022-07-14 23:59:05,325] {dag.py:2389} INFO - Sync 1 DAGs
[2022-07-14 23:59:05,397] {logging_mixin.py:109} INFO - [2022-07-14 23:59:05,397] {dag.py:2921} INFO - Setting next_dagrun for example_complex to None
[2022-07-14 23:59:05,438] {processor.py:171} INFO - Processing /home/airflow/.local/lib/python3.7/site-packages/airflow/example_dags/example_complex.py took 0.370 seconds
[2022-07-14 23:59:35,784] {processor.py:163} INFO - Started process (PID=2471) to work on /home/airflow/.local/lib/python3.7/site-packages/airflow/example_dags/example_complex.py
[2022-07-14 23:59:35,789] {processor.py:620} INFO - Processing file /home/airflow/.local/lib/python3.7/site-packages/airflow/example_dags/example_complex.py for tasks to queue
[2022-07-14 23:59:35,792] {logging_mixin.py:109} INFO - [2022-07-14 23:59:35,792] {dagbag.py:500} INFO - Filling up the DagBag from /home/airflow/.local/lib/python3.7/site-packages/airflow/example_dags/example_complex.py
[2022-07-14 23:59:35,935] {processor.py:632} INFO - DAG(s) dict_keys(['example_complex']) retrieved from /home/airflow/.local/lib/python3.7/site-packages/airflow/example_dags/example_complex.py
[2022-07-14 23:59:36,022] {logging_mixin.py:109} INFO - [2022-07-14 23:59:36,022] {dag.py:2389} INFO - Sync 1 DAGs
[2022-07-14 23:59:36,107] {logging_mixin.py:109} INFO - [2022-07-14 23:59:36,106] {dag.py:2921} INFO - Setting next_dagrun for example_complex to None
[2022-07-14 23:59:36,138] {processor.py:171} INFO - Processing /home/airflow/.local/lib/python3.7/site-packages/airflow/example_dags/example_complex.py took 0.365 seconds
