[2022-07-14 23:41:56,074] {processor.py:163} INFO - Started process (PID=408) to work on /home/airflow/.local/lib/python3.7/site-packages/airflow/example_dags/example_branch_operator.py
[2022-07-14 23:41:56,113] {processor.py:620} INFO - Processing file /home/airflow/.local/lib/python3.7/site-packages/airflow/example_dags/example_branch_operator.py for tasks to queue
[2022-07-14 23:41:56,119] {logging_mixin.py:109} INFO - [2022-07-14 23:41:56,118] {dagbag.py:500} INFO - Filling up the DagBag from /home/airflow/.local/lib/python3.7/site-packages/airflow/example_dags/example_branch_operator.py
[2022-07-14 23:41:56,599] {processor.py:632} INFO - DAG(s) dict_keys(['example_branch_operator']) retrieved from /home/airflow/.local/lib/python3.7/site-packages/airflow/example_dags/example_branch_operator.py
[2022-07-14 23:41:56,885] {logging_mixin.py:109} INFO - [2022-07-14 23:41:56,885] {dag.py:2389} INFO - Sync 1 DAGs
[2022-07-14 23:41:57,408] {logging_mixin.py:109} INFO - [2022-07-14 23:41:57,407] {dag.py:2921} INFO - Setting next_dagrun for example_branch_operator to 2022-07-13 00:00:00+00:00
[2022-07-14 23:41:57,622] {processor.py:171} INFO - Processing /home/airflow/.local/lib/python3.7/site-packages/airflow/example_dags/example_branch_operator.py took 1.618 seconds
[2022-07-14 23:46:56,904] {processor.py:163} INFO - Started process (PID=255) to work on /home/airflow/.local/lib/python3.7/site-packages/airflow/example_dags/example_branch_operator.py
[2022-07-14 23:46:56,923] {processor.py:620} INFO - Processing file /home/airflow/.local/lib/python3.7/site-packages/airflow/example_dags/example_branch_operator.py for tasks to queue
[2022-07-14 23:46:56,934] {logging_mixin.py:109} INFO - [2022-07-14 23:46:56,930] {dagbag.py:500} INFO - Filling up the DagBag from /home/airflow/.local/lib/python3.7/site-packages/airflow/example_dags/example_branch_operator.py
[2022-07-14 23:46:57,270] {processor.py:632} INFO - DAG(s) dict_keys(['example_branch_operator']) retrieved from /home/airflow/.local/lib/python3.7/site-packages/airflow/example_dags/example_branch_operator.py
[2022-07-14 23:46:57,466] {logging_mixin.py:109} INFO - [2022-07-14 23:46:57,465] {dag.py:2389} INFO - Sync 1 DAGs
[2022-07-14 23:46:57,769] {logging_mixin.py:109} INFO - [2022-07-14 23:46:57,769] {dag.py:2921} INFO - Setting next_dagrun for example_branch_operator to 2022-07-13 00:00:00+00:00
[2022-07-14 23:46:57,923] {processor.py:171} INFO - Processing /home/airflow/.local/lib/python3.7/site-packages/airflow/example_dags/example_branch_operator.py took 1.034 seconds
[2022-07-14 23:47:28,182] {processor.py:163} INFO - Started process (PID=351) to work on /home/airflow/.local/lib/python3.7/site-packages/airflow/example_dags/example_branch_operator.py
[2022-07-14 23:47:28,197] {processor.py:620} INFO - Processing file /home/airflow/.local/lib/python3.7/site-packages/airflow/example_dags/example_branch_operator.py for tasks to queue
[2022-07-14 23:47:28,210] {logging_mixin.py:109} INFO - [2022-07-14 23:47:28,209] {dagbag.py:500} INFO - Filling up the DagBag from /home/airflow/.local/lib/python3.7/site-packages/airflow/example_dags/example_branch_operator.py
[2022-07-14 23:47:28,387] {processor.py:632} INFO - DAG(s) dict_keys(['example_branch_operator']) retrieved from /home/airflow/.local/lib/python3.7/site-packages/airflow/example_dags/example_branch_operator.py
[2022-07-14 23:47:28,466] {logging_mixin.py:109} INFO - [2022-07-14 23:47:28,466] {dag.py:2389} INFO - Sync 1 DAGs
[2022-07-14 23:47:28,594] {logging_mixin.py:109} INFO - [2022-07-14 23:47:28,593] {dag.py:2921} INFO - Setting next_dagrun for example_branch_operator to 2022-07-13 00:00:00+00:00
[2022-07-14 23:47:28,640] {processor.py:171} INFO - Processing /home/airflow/.local/lib/python3.7/site-packages/airflow/example_dags/example_branch_operator.py took 0.481 seconds
[2022-07-14 23:47:58,771] {processor.py:163} INFO - Started process (PID=432) to work on /home/airflow/.local/lib/python3.7/site-packages/airflow/example_dags/example_branch_operator.py
[2022-07-14 23:47:58,777] {processor.py:620} INFO - Processing file /home/airflow/.local/lib/python3.7/site-packages/airflow/example_dags/example_branch_operator.py for tasks to queue
[2022-07-14 23:47:58,781] {logging_mixin.py:109} INFO - [2022-07-14 23:47:58,781] {dagbag.py:500} INFO - Filling up the DagBag from /home/airflow/.local/lib/python3.7/site-packages/airflow/example_dags/example_branch_operator.py
[2022-07-14 23:47:58,876] {processor.py:632} INFO - DAG(s) dict_keys(['example_branch_operator']) retrieved from /home/airflow/.local/lib/python3.7/site-packages/airflow/example_dags/example_branch_operator.py
[2022-07-14 23:47:58,926] {logging_mixin.py:109} INFO - [2022-07-14 23:47:58,926] {dag.py:2389} INFO - Sync 1 DAGs
[2022-07-14 23:47:58,998] {logging_mixin.py:109} INFO - [2022-07-14 23:47:58,997] {dag.py:2921} INFO - Setting next_dagrun for example_branch_operator to 2022-07-13 00:00:00+00:00
[2022-07-14 23:47:59,029] {processor.py:171} INFO - Processing /home/airflow/.local/lib/python3.7/site-packages/airflow/example_dags/example_branch_operator.py took 0.266 seconds
[2022-07-14 23:48:29,379] {processor.py:163} INFO - Started process (PID=530) to work on /home/airflow/.local/lib/python3.7/site-packages/airflow/example_dags/example_branch_operator.py
[2022-07-14 23:48:29,384] {processor.py:620} INFO - Processing file /home/airflow/.local/lib/python3.7/site-packages/airflow/example_dags/example_branch_operator.py for tasks to queue
[2022-07-14 23:48:29,387] {logging_mixin.py:109} INFO - [2022-07-14 23:48:29,386] {dagbag.py:500} INFO - Filling up the DagBag from /home/airflow/.local/lib/python3.7/site-packages/airflow/example_dags/example_branch_operator.py
[2022-07-14 23:48:29,478] {processor.py:632} INFO - DAG(s) dict_keys(['example_branch_operator']) retrieved from /home/airflow/.local/lib/python3.7/site-packages/airflow/example_dags/example_branch_operator.py
[2022-07-14 23:48:29,526] {logging_mixin.py:109} INFO - [2022-07-14 23:48:29,526] {dag.py:2389} INFO - Sync 1 DAGs
[2022-07-14 23:48:29,609] {logging_mixin.py:109} INFO - [2022-07-14 23:48:29,608] {dag.py:2921} INFO - Setting next_dagrun for example_branch_operator to 2022-07-13 00:00:00+00:00
[2022-07-14 23:48:29,636] {processor.py:171} INFO - Processing /home/airflow/.local/lib/python3.7/site-packages/airflow/example_dags/example_branch_operator.py took 0.277 seconds
[2022-07-14 23:48:59,871] {processor.py:163} INFO - Started process (PID=610) to work on /home/airflow/.local/lib/python3.7/site-packages/airflow/example_dags/example_branch_operator.py
[2022-07-14 23:48:59,875] {processor.py:620} INFO - Processing file /home/airflow/.local/lib/python3.7/site-packages/airflow/example_dags/example_branch_operator.py for tasks to queue
[2022-07-14 23:48:59,877] {logging_mixin.py:109} INFO - [2022-07-14 23:48:59,877] {dagbag.py:500} INFO - Filling up the DagBag from /home/airflow/.local/lib/python3.7/site-packages/airflow/example_dags/example_branch_operator.py
[2022-07-14 23:48:59,951] {processor.py:632} INFO - DAG(s) dict_keys(['example_branch_operator']) retrieved from /home/airflow/.local/lib/python3.7/site-packages/airflow/example_dags/example_branch_operator.py
[2022-07-14 23:48:59,995] {logging_mixin.py:109} INFO - [2022-07-14 23:48:59,995] {dag.py:2389} INFO - Sync 1 DAGs
[2022-07-14 23:49:00,061] {logging_mixin.py:109} INFO - [2022-07-14 23:49:00,061] {dag.py:2921} INFO - Setting next_dagrun for example_branch_operator to 2022-07-13 00:00:00+00:00
[2022-07-14 23:49:00,085] {processor.py:171} INFO - Processing /home/airflow/.local/lib/python3.7/site-packages/airflow/example_dags/example_branch_operator.py took 0.221 seconds
[2022-07-14 23:49:30,591] {processor.py:163} INFO - Started process (PID=708) to work on /home/airflow/.local/lib/python3.7/site-packages/airflow/example_dags/example_branch_operator.py
[2022-07-14 23:49:30,597] {processor.py:620} INFO - Processing file /home/airflow/.local/lib/python3.7/site-packages/airflow/example_dags/example_branch_operator.py for tasks to queue
[2022-07-14 23:49:30,600] {logging_mixin.py:109} INFO - [2022-07-14 23:49:30,600] {dagbag.py:500} INFO - Filling up the DagBag from /home/airflow/.local/lib/python3.7/site-packages/airflow/example_dags/example_branch_operator.py
[2022-07-14 23:49:30,698] {processor.py:632} INFO - DAG(s) dict_keys(['example_branch_operator']) retrieved from /home/airflow/.local/lib/python3.7/site-packages/airflow/example_dags/example_branch_operator.py
[2022-07-14 23:49:30,754] {logging_mixin.py:109} INFO - [2022-07-14 23:49:30,753] {dag.py:2389} INFO - Sync 1 DAGs
[2022-07-14 23:49:30,835] {logging_mixin.py:109} INFO - [2022-07-14 23:49:30,835] {dag.py:2921} INFO - Setting next_dagrun for example_branch_operator to 2022-07-13 00:00:00+00:00
[2022-07-14 23:49:30,867] {processor.py:171} INFO - Processing /home/airflow/.local/lib/python3.7/site-packages/airflow/example_dags/example_branch_operator.py took 0.284 seconds
[2022-07-14 23:50:01,061] {processor.py:163} INFO - Started process (PID=788) to work on /home/airflow/.local/lib/python3.7/site-packages/airflow/example_dags/example_branch_operator.py
[2022-07-14 23:50:01,065] {processor.py:620} INFO - Processing file /home/airflow/.local/lib/python3.7/site-packages/airflow/example_dags/example_branch_operator.py for tasks to queue
[2022-07-14 23:50:01,069] {logging_mixin.py:109} INFO - [2022-07-14 23:50:01,069] {dagbag.py:500} INFO - Filling up the DagBag from /home/airflow/.local/lib/python3.7/site-packages/airflow/example_dags/example_branch_operator.py
[2022-07-14 23:50:01,162] {processor.py:632} INFO - DAG(s) dict_keys(['example_branch_operator']) retrieved from /home/airflow/.local/lib/python3.7/site-packages/airflow/example_dags/example_branch_operator.py
[2022-07-14 23:50:01,211] {logging_mixin.py:109} INFO - [2022-07-14 23:50:01,211] {dag.py:2389} INFO - Sync 1 DAGs
[2022-07-14 23:50:01,276] {logging_mixin.py:109} INFO - [2022-07-14 23:50:01,275] {dag.py:2921} INFO - Setting next_dagrun for example_branch_operator to 2022-07-13 00:00:00+00:00
[2022-07-14 23:50:01,303] {processor.py:171} INFO - Processing /home/airflow/.local/lib/python3.7/site-packages/airflow/example_dags/example_branch_operator.py took 0.250 seconds
[2022-07-14 23:50:31,621] {processor.py:163} INFO - Started process (PID=885) to work on /home/airflow/.local/lib/python3.7/site-packages/airflow/example_dags/example_branch_operator.py
[2022-07-14 23:50:31,625] {processor.py:620} INFO - Processing file /home/airflow/.local/lib/python3.7/site-packages/airflow/example_dags/example_branch_operator.py for tasks to queue
[2022-07-14 23:50:31,628] {logging_mixin.py:109} INFO - [2022-07-14 23:50:31,627] {dagbag.py:500} INFO - Filling up the DagBag from /home/airflow/.local/lib/python3.7/site-packages/airflow/example_dags/example_branch_operator.py
[2022-07-14 23:50:31,726] {processor.py:632} INFO - DAG(s) dict_keys(['example_branch_operator']) retrieved from /home/airflow/.local/lib/python3.7/site-packages/airflow/example_dags/example_branch_operator.py
[2022-07-14 23:50:31,779] {logging_mixin.py:109} INFO - [2022-07-14 23:50:31,779] {dag.py:2389} INFO - Sync 1 DAGs
[2022-07-14 23:50:31,851] {logging_mixin.py:109} INFO - [2022-07-14 23:50:31,851] {dag.py:2921} INFO - Setting next_dagrun for example_branch_operator to 2022-07-13 00:00:00+00:00
[2022-07-14 23:50:31,890] {processor.py:171} INFO - Processing /home/airflow/.local/lib/python3.7/site-packages/airflow/example_dags/example_branch_operator.py took 0.277 seconds
[2022-07-14 23:51:01,949] {processor.py:163} INFO - Started process (PID=967) to work on /home/airflow/.local/lib/python3.7/site-packages/airflow/example_dags/example_branch_operator.py
[2022-07-14 23:51:01,954] {processor.py:620} INFO - Processing file /home/airflow/.local/lib/python3.7/site-packages/airflow/example_dags/example_branch_operator.py for tasks to queue
[2022-07-14 23:51:01,956] {logging_mixin.py:109} INFO - [2022-07-14 23:51:01,956] {dagbag.py:500} INFO - Filling up the DagBag from /home/airflow/.local/lib/python3.7/site-packages/airflow/example_dags/example_branch_operator.py
[2022-07-14 23:51:02,049] {processor.py:632} INFO - DAG(s) dict_keys(['example_branch_operator']) retrieved from /home/airflow/.local/lib/python3.7/site-packages/airflow/example_dags/example_branch_operator.py
[2022-07-14 23:51:02,107] {logging_mixin.py:109} INFO - [2022-07-14 23:51:02,106] {dag.py:2389} INFO - Sync 1 DAGs
[2022-07-14 23:51:02,184] {logging_mixin.py:109} INFO - [2022-07-14 23:51:02,184] {dag.py:2921} INFO - Setting next_dagrun for example_branch_operator to 2022-07-13 00:00:00+00:00
[2022-07-14 23:51:02,215] {processor.py:171} INFO - Processing /home/airflow/.local/lib/python3.7/site-packages/airflow/example_dags/example_branch_operator.py took 0.273 seconds
[2022-07-14 23:51:33,216] {processor.py:163} INFO - Started process (PID=1067) to work on /home/airflow/.local/lib/python3.7/site-packages/airflow/example_dags/example_branch_operator.py
[2022-07-14 23:51:33,228] {processor.py:620} INFO - Processing file /home/airflow/.local/lib/python3.7/site-packages/airflow/example_dags/example_branch_operator.py for tasks to queue
[2022-07-14 23:51:33,232] {logging_mixin.py:109} INFO - [2022-07-14 23:51:33,232] {dagbag.py:500} INFO - Filling up the DagBag from /home/airflow/.local/lib/python3.7/site-packages/airflow/example_dags/example_branch_operator.py
[2022-07-14 23:51:33,328] {processor.py:632} INFO - DAG(s) dict_keys(['example_branch_operator']) retrieved from /home/airflow/.local/lib/python3.7/site-packages/airflow/example_dags/example_branch_operator.py
[2022-07-14 23:51:33,384] {logging_mixin.py:109} INFO - [2022-07-14 23:51:33,383] {dag.py:2389} INFO - Sync 1 DAGs
[2022-07-14 23:51:33,464] {logging_mixin.py:109} INFO - [2022-07-14 23:51:33,463] {dag.py:2921} INFO - Setting next_dagrun for example_branch_operator to 2022-07-13 00:00:00+00:00
[2022-07-14 23:51:33,495] {processor.py:171} INFO - Processing /home/airflow/.local/lib/python3.7/site-packages/airflow/example_dags/example_branch_operator.py took 0.288 seconds
[2022-07-14 23:52:03,727] {processor.py:163} INFO - Started process (PID=1147) to work on /home/airflow/.local/lib/python3.7/site-packages/airflow/example_dags/example_branch_operator.py
[2022-07-14 23:52:03,731] {processor.py:620} INFO - Processing file /home/airflow/.local/lib/python3.7/site-packages/airflow/example_dags/example_branch_operator.py for tasks to queue
[2022-07-14 23:52:03,735] {logging_mixin.py:109} INFO - [2022-07-14 23:52:03,734] {dagbag.py:500} INFO - Filling up the DagBag from /home/airflow/.local/lib/python3.7/site-packages/airflow/example_dags/example_branch_operator.py
[2022-07-14 23:52:03,824] {processor.py:632} INFO - DAG(s) dict_keys(['example_branch_operator']) retrieved from /home/airflow/.local/lib/python3.7/site-packages/airflow/example_dags/example_branch_operator.py
[2022-07-14 23:52:03,879] {logging_mixin.py:109} INFO - [2022-07-14 23:52:03,878] {dag.py:2389} INFO - Sync 1 DAGs
[2022-07-14 23:52:03,958] {logging_mixin.py:109} INFO - [2022-07-14 23:52:03,958] {dag.py:2921} INFO - Setting next_dagrun for example_branch_operator to 2022-07-13 00:00:00+00:00
[2022-07-14 23:52:03,987] {processor.py:171} INFO - Processing /home/airflow/.local/lib/python3.7/site-packages/airflow/example_dags/example_branch_operator.py took 0.267 seconds
[2022-07-14 23:52:34,197] {processor.py:163} INFO - Started process (PID=1245) to work on /home/airflow/.local/lib/python3.7/site-packages/airflow/example_dags/example_branch_operator.py
[2022-07-14 23:52:34,201] {processor.py:620} INFO - Processing file /home/airflow/.local/lib/python3.7/site-packages/airflow/example_dags/example_branch_operator.py for tasks to queue
[2022-07-14 23:52:34,205] {logging_mixin.py:109} INFO - [2022-07-14 23:52:34,205] {dagbag.py:500} INFO - Filling up the DagBag from /home/airflow/.local/lib/python3.7/site-packages/airflow/example_dags/example_branch_operator.py
[2022-07-14 23:52:34,291] {processor.py:632} INFO - DAG(s) dict_keys(['example_branch_operator']) retrieved from /home/airflow/.local/lib/python3.7/site-packages/airflow/example_dags/example_branch_operator.py
[2022-07-14 23:52:34,341] {logging_mixin.py:109} INFO - [2022-07-14 23:52:34,341] {dag.py:2389} INFO - Sync 1 DAGs
[2022-07-14 23:52:34,416] {logging_mixin.py:109} INFO - [2022-07-14 23:52:34,416] {dag.py:2921} INFO - Setting next_dagrun for example_branch_operator to 2022-07-13 00:00:00+00:00
[2022-07-14 23:52:34,450] {processor.py:171} INFO - Processing /home/airflow/.local/lib/python3.7/site-packages/airflow/example_dags/example_branch_operator.py took 0.260 seconds
[2022-07-14 23:53:05,494] {processor.py:163} INFO - Started process (PID=1336) to work on /home/airflow/.local/lib/python3.7/site-packages/airflow/example_dags/example_branch_operator.py
[2022-07-14 23:53:05,509] {processor.py:620} INFO - Processing file /home/airflow/.local/lib/python3.7/site-packages/airflow/example_dags/example_branch_operator.py for tasks to queue
[2022-07-14 23:53:05,513] {logging_mixin.py:109} INFO - [2022-07-14 23:53:05,513] {dagbag.py:500} INFO - Filling up the DagBag from /home/airflow/.local/lib/python3.7/site-packages/airflow/example_dags/example_branch_operator.py
[2022-07-14 23:53:05,795] {processor.py:632} INFO - DAG(s) dict_keys(['example_branch_operator']) retrieved from /home/airflow/.local/lib/python3.7/site-packages/airflow/example_dags/example_branch_operator.py
[2022-07-14 23:53:05,847] {logging_mixin.py:109} INFO - [2022-07-14 23:53:05,846] {dag.py:2389} INFO - Sync 1 DAGs
[2022-07-14 23:53:05,924] {logging_mixin.py:109} INFO - [2022-07-14 23:53:05,923] {dag.py:2921} INFO - Setting next_dagrun for example_branch_operator to 2022-07-13 00:00:00+00:00
[2022-07-14 23:53:05,953] {processor.py:171} INFO - Processing /home/airflow/.local/lib/python3.7/site-packages/airflow/example_dags/example_branch_operator.py took 0.468 seconds
[2022-07-14 23:53:36,257] {processor.py:163} INFO - Started process (PID=1422) to work on /home/airflow/.local/lib/python3.7/site-packages/airflow/example_dags/example_branch_operator.py
[2022-07-14 23:53:36,261] {processor.py:620} INFO - Processing file /home/airflow/.local/lib/python3.7/site-packages/airflow/example_dags/example_branch_operator.py for tasks to queue
[2022-07-14 23:53:36,264] {logging_mixin.py:109} INFO - [2022-07-14 23:53:36,264] {dagbag.py:500} INFO - Filling up the DagBag from /home/airflow/.local/lib/python3.7/site-packages/airflow/example_dags/example_branch_operator.py
[2022-07-14 23:53:36,347] {processor.py:632} INFO - DAG(s) dict_keys(['example_branch_operator']) retrieved from /home/airflow/.local/lib/python3.7/site-packages/airflow/example_dags/example_branch_operator.py
[2022-07-14 23:53:36,398] {logging_mixin.py:109} INFO - [2022-07-14 23:53:36,397] {dag.py:2389} INFO - Sync 1 DAGs
[2022-07-14 23:53:36,514] {logging_mixin.py:109} INFO - [2022-07-14 23:53:36,514] {dag.py:2921} INFO - Setting next_dagrun for example_branch_operator to 2022-07-13 00:00:00+00:00
[2022-07-14 23:53:36,545] {processor.py:171} INFO - Processing /home/airflow/.local/lib/python3.7/site-packages/airflow/example_dags/example_branch_operator.py took 0.295 seconds
[2022-07-14 23:54:06,655] {processor.py:163} INFO - Started process (PID=1520) to work on /home/airflow/.local/lib/python3.7/site-packages/airflow/example_dags/example_branch_operator.py
[2022-07-14 23:54:06,658] {processor.py:620} INFO - Processing file /home/airflow/.local/lib/python3.7/site-packages/airflow/example_dags/example_branch_operator.py for tasks to queue
[2022-07-14 23:54:06,661] {logging_mixin.py:109} INFO - [2022-07-14 23:54:06,661] {dagbag.py:500} INFO - Filling up the DagBag from /home/airflow/.local/lib/python3.7/site-packages/airflow/example_dags/example_branch_operator.py
[2022-07-14 23:54:06,747] {processor.py:632} INFO - DAG(s) dict_keys(['example_branch_operator']) retrieved from /home/airflow/.local/lib/python3.7/site-packages/airflow/example_dags/example_branch_operator.py
[2022-07-14 23:54:06,795] {logging_mixin.py:109} INFO - [2022-07-14 23:54:06,794] {dag.py:2389} INFO - Sync 1 DAGs
[2022-07-14 23:54:06,868] {logging_mixin.py:109} INFO - [2022-07-14 23:54:06,867] {dag.py:2921} INFO - Setting next_dagrun for example_branch_operator to 2022-07-13 00:00:00+00:00
[2022-07-14 23:54:06,924] {processor.py:171} INFO - Processing /home/airflow/.local/lib/python3.7/site-packages/airflow/example_dags/example_branch_operator.py took 0.276 seconds
[2022-07-14 23:54:37,537] {processor.py:163} INFO - Started process (PID=1602) to work on /home/airflow/.local/lib/python3.7/site-packages/airflow/example_dags/example_branch_operator.py
[2022-07-14 23:54:37,550] {processor.py:620} INFO - Processing file /home/airflow/.local/lib/python3.7/site-packages/airflow/example_dags/example_branch_operator.py for tasks to queue
[2022-07-14 23:54:37,561] {logging_mixin.py:109} INFO - [2022-07-14 23:54:37,559] {dagbag.py:500} INFO - Filling up the DagBag from /home/airflow/.local/lib/python3.7/site-packages/airflow/example_dags/example_branch_operator.py
[2022-07-14 23:54:37,728] {processor.py:632} INFO - DAG(s) dict_keys(['example_branch_operator']) retrieved from /home/airflow/.local/lib/python3.7/site-packages/airflow/example_dags/example_branch_operator.py
[2022-07-14 23:54:37,787] {logging_mixin.py:109} INFO - [2022-07-14 23:54:37,786] {dag.py:2389} INFO - Sync 1 DAGs
[2022-07-14 23:54:37,869] {logging_mixin.py:109} INFO - [2022-07-14 23:54:37,868] {dag.py:2921} INFO - Setting next_dagrun for example_branch_operator to 2022-07-13 00:00:00+00:00
[2022-07-14 23:54:37,898] {processor.py:171} INFO - Processing /home/airflow/.local/lib/python3.7/site-packages/airflow/example_dags/example_branch_operator.py took 0.383 seconds
[2022-07-14 23:55:08,284] {processor.py:163} INFO - Started process (PID=1700) to work on /home/airflow/.local/lib/python3.7/site-packages/airflow/example_dags/example_branch_operator.py
[2022-07-14 23:55:08,289] {processor.py:620} INFO - Processing file /home/airflow/.local/lib/python3.7/site-packages/airflow/example_dags/example_branch_operator.py for tasks to queue
[2022-07-14 23:55:08,293] {logging_mixin.py:109} INFO - [2022-07-14 23:55:08,292] {dagbag.py:500} INFO - Filling up the DagBag from /home/airflow/.local/lib/python3.7/site-packages/airflow/example_dags/example_branch_operator.py
[2022-07-14 23:55:08,401] {processor.py:632} INFO - DAG(s) dict_keys(['example_branch_operator']) retrieved from /home/airflow/.local/lib/python3.7/site-packages/airflow/example_dags/example_branch_operator.py
[2022-07-14 23:55:08,459] {logging_mixin.py:109} INFO - [2022-07-14 23:55:08,459] {dag.py:2389} INFO - Sync 1 DAGs
[2022-07-14 23:55:08,546] {logging_mixin.py:109} INFO - [2022-07-14 23:55:08,546] {dag.py:2921} INFO - Setting next_dagrun for example_branch_operator to 2022-07-13 00:00:00+00:00
[2022-07-14 23:55:08,580] {processor.py:171} INFO - Processing /home/airflow/.local/lib/python3.7/site-packages/airflow/example_dags/example_branch_operator.py took 0.304 seconds
[2022-07-14 23:55:39,004] {processor.py:163} INFO - Started process (PID=1780) to work on /home/airflow/.local/lib/python3.7/site-packages/airflow/example_dags/example_branch_operator.py
[2022-07-14 23:55:39,008] {processor.py:620} INFO - Processing file /home/airflow/.local/lib/python3.7/site-packages/airflow/example_dags/example_branch_operator.py for tasks to queue
[2022-07-14 23:55:39,011] {logging_mixin.py:109} INFO - [2022-07-14 23:55:39,010] {dagbag.py:500} INFO - Filling up the DagBag from /home/airflow/.local/lib/python3.7/site-packages/airflow/example_dags/example_branch_operator.py
[2022-07-14 23:55:39,089] {processor.py:632} INFO - DAG(s) dict_keys(['example_branch_operator']) retrieved from /home/airflow/.local/lib/python3.7/site-packages/airflow/example_dags/example_branch_operator.py
[2022-07-14 23:55:39,135] {logging_mixin.py:109} INFO - [2022-07-14 23:55:39,135] {dag.py:2389} INFO - Sync 1 DAGs
[2022-07-14 23:55:39,195] {logging_mixin.py:109} INFO - [2022-07-14 23:55:39,194] {dag.py:2921} INFO - Setting next_dagrun for example_branch_operator to 2022-07-13 00:00:00+00:00
[2022-07-14 23:55:39,221] {processor.py:171} INFO - Processing /home/airflow/.local/lib/python3.7/site-packages/airflow/example_dags/example_branch_operator.py took 0.223 seconds
[2022-07-14 23:56:09,992] {processor.py:163} INFO - Started process (PID=1877) to work on /home/airflow/.local/lib/python3.7/site-packages/airflow/example_dags/example_branch_operator.py
[2022-07-14 23:56:10,002] {processor.py:620} INFO - Processing file /home/airflow/.local/lib/python3.7/site-packages/airflow/example_dags/example_branch_operator.py for tasks to queue
[2022-07-14 23:56:10,010] {logging_mixin.py:109} INFO - [2022-07-14 23:56:10,009] {dagbag.py:500} INFO - Filling up the DagBag from /home/airflow/.local/lib/python3.7/site-packages/airflow/example_dags/example_branch_operator.py
[2022-07-14 23:56:10,155] {processor.py:632} INFO - DAG(s) dict_keys(['example_branch_operator']) retrieved from /home/airflow/.local/lib/python3.7/site-packages/airflow/example_dags/example_branch_operator.py
[2022-07-14 23:56:10,259] {logging_mixin.py:109} INFO - [2022-07-14 23:56:10,259] {dag.py:2389} INFO - Sync 1 DAGs
[2022-07-14 23:56:10,411] {logging_mixin.py:109} INFO - [2022-07-14 23:56:10,411] {dag.py:2921} INFO - Setting next_dagrun for example_branch_operator to 2022-07-13 00:00:00+00:00
[2022-07-14 23:56:10,469] {processor.py:171} INFO - Processing /home/airflow/.local/lib/python3.7/site-packages/airflow/example_dags/example_branch_operator.py took 0.494 seconds
[2022-07-14 23:56:40,730] {processor.py:163} INFO - Started process (PID=1960) to work on /home/airflow/.local/lib/python3.7/site-packages/airflow/example_dags/example_branch_operator.py
[2022-07-14 23:56:40,734] {processor.py:620} INFO - Processing file /home/airflow/.local/lib/python3.7/site-packages/airflow/example_dags/example_branch_operator.py for tasks to queue
[2022-07-14 23:56:40,737] {logging_mixin.py:109} INFO - [2022-07-14 23:56:40,736] {dagbag.py:500} INFO - Filling up the DagBag from /home/airflow/.local/lib/python3.7/site-packages/airflow/example_dags/example_branch_operator.py
[2022-07-14 23:56:40,820] {processor.py:632} INFO - DAG(s) dict_keys(['example_branch_operator']) retrieved from /home/airflow/.local/lib/python3.7/site-packages/airflow/example_dags/example_branch_operator.py
[2022-07-14 23:56:40,867] {logging_mixin.py:109} INFO - [2022-07-14 23:56:40,867] {dag.py:2389} INFO - Sync 1 DAGs
[2022-07-14 23:56:40,933] {logging_mixin.py:109} INFO - [2022-07-14 23:56:40,932] {dag.py:2921} INFO - Setting next_dagrun for example_branch_operator to 2022-07-13 00:00:00+00:00
[2022-07-14 23:56:40,961] {processor.py:171} INFO - Processing /home/airflow/.local/lib/python3.7/site-packages/airflow/example_dags/example_branch_operator.py took 0.237 seconds
[2022-07-14 23:57:11,339] {processor.py:163} INFO - Started process (PID=2057) to work on /home/airflow/.local/lib/python3.7/site-packages/airflow/example_dags/example_branch_operator.py
[2022-07-14 23:57:11,355] {processor.py:620} INFO - Processing file /home/airflow/.local/lib/python3.7/site-packages/airflow/example_dags/example_branch_operator.py for tasks to queue
[2022-07-14 23:57:11,358] {logging_mixin.py:109} INFO - [2022-07-14 23:57:11,358] {dagbag.py:500} INFO - Filling up the DagBag from /home/airflow/.local/lib/python3.7/site-packages/airflow/example_dags/example_branch_operator.py
[2022-07-14 23:57:11,492] {processor.py:632} INFO - DAG(s) dict_keys(['example_branch_operator']) retrieved from /home/airflow/.local/lib/python3.7/site-packages/airflow/example_dags/example_branch_operator.py
[2022-07-14 23:57:11,543] {logging_mixin.py:109} INFO - [2022-07-14 23:57:11,542] {dag.py:2389} INFO - Sync 1 DAGs
[2022-07-14 23:57:11,615] {logging_mixin.py:109} INFO - [2022-07-14 23:57:11,615] {dag.py:2921} INFO - Setting next_dagrun for example_branch_operator to 2022-07-13 00:00:00+00:00
[2022-07-14 23:57:11,654] {processor.py:171} INFO - Processing /home/airflow/.local/lib/python3.7/site-packages/airflow/example_dags/example_branch_operator.py took 0.322 seconds
[2022-07-14 23:57:41,714] {processor.py:163} INFO - Started process (PID=2137) to work on /home/airflow/.local/lib/python3.7/site-packages/airflow/example_dags/example_branch_operator.py
[2022-07-14 23:57:41,718] {processor.py:620} INFO - Processing file /home/airflow/.local/lib/python3.7/site-packages/airflow/example_dags/example_branch_operator.py for tasks to queue
[2022-07-14 23:57:41,720] {logging_mixin.py:109} INFO - [2022-07-14 23:57:41,720] {dagbag.py:500} INFO - Filling up the DagBag from /home/airflow/.local/lib/python3.7/site-packages/airflow/example_dags/example_branch_operator.py
[2022-07-14 23:57:41,793] {processor.py:632} INFO - DAG(s) dict_keys(['example_branch_operator']) retrieved from /home/airflow/.local/lib/python3.7/site-packages/airflow/example_dags/example_branch_operator.py
[2022-07-14 23:57:41,832] {logging_mixin.py:109} INFO - [2022-07-14 23:57:41,831] {dag.py:2389} INFO - Sync 1 DAGs
[2022-07-14 23:57:41,890] {logging_mixin.py:109} INFO - [2022-07-14 23:57:41,889] {dag.py:2921} INFO - Setting next_dagrun for example_branch_operator to 2022-07-13 00:00:00+00:00
[2022-07-14 23:57:41,917] {processor.py:171} INFO - Processing /home/airflow/.local/lib/python3.7/site-packages/airflow/example_dags/example_branch_operator.py took 0.210 seconds
[2022-07-14 23:58:12,269] {processor.py:163} INFO - Started process (PID=2237) to work on /home/airflow/.local/lib/python3.7/site-packages/airflow/example_dags/example_branch_operator.py
[2022-07-14 23:58:12,284] {processor.py:620} INFO - Processing file /home/airflow/.local/lib/python3.7/site-packages/airflow/example_dags/example_branch_operator.py for tasks to queue
[2022-07-14 23:58:12,288] {logging_mixin.py:109} INFO - [2022-07-14 23:58:12,287] {dagbag.py:500} INFO - Filling up the DagBag from /home/airflow/.local/lib/python3.7/site-packages/airflow/example_dags/example_branch_operator.py
[2022-07-14 23:58:12,404] {processor.py:632} INFO - DAG(s) dict_keys(['example_branch_operator']) retrieved from /home/airflow/.local/lib/python3.7/site-packages/airflow/example_dags/example_branch_operator.py
[2022-07-14 23:58:12,453] {logging_mixin.py:109} INFO - [2022-07-14 23:58:12,453] {dag.py:2389} INFO - Sync 1 DAGs
[2022-07-14 23:58:12,527] {logging_mixin.py:109} INFO - [2022-07-14 23:58:12,527] {dag.py:2921} INFO - Setting next_dagrun for example_branch_operator to 2022-07-13 00:00:00+00:00
[2022-07-14 23:58:12,565] {processor.py:171} INFO - Processing /home/airflow/.local/lib/python3.7/site-packages/airflow/example_dags/example_branch_operator.py took 0.303 seconds
[2022-07-14 23:58:42,715] {processor.py:163} INFO - Started process (PID=2319) to work on /home/airflow/.local/lib/python3.7/site-packages/airflow/example_dags/example_branch_operator.py
[2022-07-14 23:58:42,719] {processor.py:620} INFO - Processing file /home/airflow/.local/lib/python3.7/site-packages/airflow/example_dags/example_branch_operator.py for tasks to queue
[2022-07-14 23:58:42,722] {logging_mixin.py:109} INFO - [2022-07-14 23:58:42,722] {dagbag.py:500} INFO - Filling up the DagBag from /home/airflow/.local/lib/python3.7/site-packages/airflow/example_dags/example_branch_operator.py
[2022-07-14 23:58:42,805] {processor.py:632} INFO - DAG(s) dict_keys(['example_branch_operator']) retrieved from /home/airflow/.local/lib/python3.7/site-packages/airflow/example_dags/example_branch_operator.py
[2022-07-14 23:58:42,851] {logging_mixin.py:109} INFO - [2022-07-14 23:58:42,850] {dag.py:2389} INFO - Sync 1 DAGs
[2022-07-14 23:58:42,917] {logging_mixin.py:109} INFO - [2022-07-14 23:58:42,916] {dag.py:2921} INFO - Setting next_dagrun for example_branch_operator to 2022-07-13 00:00:00+00:00
[2022-07-14 23:58:42,944] {processor.py:171} INFO - Processing /home/airflow/.local/lib/python3.7/site-packages/airflow/example_dags/example_branch_operator.py took 0.237 seconds
[2022-07-14 23:59:13,042] {processor.py:163} INFO - Started process (PID=2417) to work on /home/airflow/.local/lib/python3.7/site-packages/airflow/example_dags/example_branch_operator.py
[2022-07-14 23:59:13,053] {processor.py:620} INFO - Processing file /home/airflow/.local/lib/python3.7/site-packages/airflow/example_dags/example_branch_operator.py for tasks to queue
[2022-07-14 23:59:13,056] {logging_mixin.py:109} INFO - [2022-07-14 23:59:13,056] {dagbag.py:500} INFO - Filling up the DagBag from /home/airflow/.local/lib/python3.7/site-packages/airflow/example_dags/example_branch_operator.py
[2022-07-14 23:59:13,163] {processor.py:632} INFO - DAG(s) dict_keys(['example_branch_operator']) retrieved from /home/airflow/.local/lib/python3.7/site-packages/airflow/example_dags/example_branch_operator.py
[2022-07-14 23:59:13,226] {logging_mixin.py:109} INFO - [2022-07-14 23:59:13,225] {dag.py:2389} INFO - Sync 1 DAGs
[2022-07-14 23:59:13,317] {logging_mixin.py:109} INFO - [2022-07-14 23:59:13,316] {dag.py:2921} INFO - Setting next_dagrun for example_branch_operator to 2022-07-13 00:00:00+00:00
[2022-07-14 23:59:13,356] {processor.py:171} INFO - Processing /home/airflow/.local/lib/python3.7/site-packages/airflow/example_dags/example_branch_operator.py took 0.322 seconds
[2022-07-14 23:59:43,435] {processor.py:163} INFO - Started process (PID=2499) to work on /home/airflow/.local/lib/python3.7/site-packages/airflow/example_dags/example_branch_operator.py
[2022-07-14 23:59:43,440] {processor.py:620} INFO - Processing file /home/airflow/.local/lib/python3.7/site-packages/airflow/example_dags/example_branch_operator.py for tasks to queue
[2022-07-14 23:59:43,444] {logging_mixin.py:109} INFO - [2022-07-14 23:59:43,443] {dagbag.py:500} INFO - Filling up the DagBag from /home/airflow/.local/lib/python3.7/site-packages/airflow/example_dags/example_branch_operator.py
[2022-07-14 23:59:43,529] {processor.py:632} INFO - DAG(s) dict_keys(['example_branch_operator']) retrieved from /home/airflow/.local/lib/python3.7/site-packages/airflow/example_dags/example_branch_operator.py
[2022-07-14 23:59:43,583] {logging_mixin.py:109} INFO - [2022-07-14 23:59:43,582] {dag.py:2389} INFO - Sync 1 DAGs
[2022-07-14 23:59:43,648] {logging_mixin.py:109} INFO - [2022-07-14 23:59:43,648] {dag.py:2921} INFO - Setting next_dagrun for example_branch_operator to 2022-07-13 00:00:00+00:00
[2022-07-14 23:59:43,676] {processor.py:171} INFO - Processing /home/airflow/.local/lib/python3.7/site-packages/airflow/example_dags/example_branch_operator.py took 0.248 seconds
