[2022-07-14 23:41:49,620] {processor.py:163} INFO - Started process (PID=386) to work on /home/airflow/.local/lib/python3.7/site-packages/airflow/example_dags/example_time_delta_sensor_async.py
[2022-07-14 23:41:49,631] {processor.py:620} INFO - Processing file /home/airflow/.local/lib/python3.7/site-packages/airflow/example_dags/example_time_delta_sensor_async.py for tasks to queue
[2022-07-14 23:41:49,635] {logging_mixin.py:109} INFO - [2022-07-14 23:41:49,634] {dagbag.py:500} INFO - Filling up the DagBag from /home/airflow/.local/lib/python3.7/site-packages/airflow/example_dags/example_time_delta_sensor_async.py
[2022-07-14 23:41:50,074] {processor.py:632} INFO - DAG(s) dict_keys(['example_time_delta_sensor_async']) retrieved from /home/airflow/.local/lib/python3.7/site-packages/airflow/example_dags/example_time_delta_sensor_async.py
[2022-07-14 23:41:50,359] {logging_mixin.py:109} INFO - [2022-07-14 23:41:50,358] {dag.py:2389} INFO - Sync 1 DAGs
[2022-07-14 23:41:50,725] {logging_mixin.py:109} INFO - [2022-07-14 23:41:50,725] {dag.py:2921} INFO - Setting next_dagrun for example_time_delta_sensor_async to None
[2022-07-14 23:41:50,890] {processor.py:171} INFO - Processing /home/airflow/.local/lib/python3.7/site-packages/airflow/example_dags/example_time_delta_sensor_async.py took 1.292 seconds
[2022-07-14 23:46:52,472] {processor.py:163} INFO - Started process (PID=243) to work on /home/airflow/.local/lib/python3.7/site-packages/airflow/example_dags/example_time_delta_sensor_async.py
[2022-07-14 23:46:52,479] {processor.py:620} INFO - Processing file /home/airflow/.local/lib/python3.7/site-packages/airflow/example_dags/example_time_delta_sensor_async.py for tasks to queue
[2022-07-14 23:46:52,486] {logging_mixin.py:109} INFO - [2022-07-14 23:46:52,485] {dagbag.py:500} INFO - Filling up the DagBag from /home/airflow/.local/lib/python3.7/site-packages/airflow/example_dags/example_time_delta_sensor_async.py
[2022-07-14 23:46:52,727] {processor.py:632} INFO - DAG(s) dict_keys(['example_time_delta_sensor_async']) retrieved from /home/airflow/.local/lib/python3.7/site-packages/airflow/example_dags/example_time_delta_sensor_async.py
[2022-07-14 23:46:52,854] {logging_mixin.py:109} INFO - [2022-07-14 23:46:52,853] {dag.py:2389} INFO - Sync 1 DAGs
[2022-07-14 23:46:53,117] {logging_mixin.py:109} INFO - [2022-07-14 23:46:53,116] {dag.py:2921} INFO - Setting next_dagrun for example_time_delta_sensor_async to None
[2022-07-14 23:46:53,224] {processor.py:171} INFO - Processing /home/airflow/.local/lib/python3.7/site-packages/airflow/example_dags/example_time_delta_sensor_async.py took 0.769 seconds
[2022-07-14 23:47:23,340] {processor.py:163} INFO - Started process (PID=323) to work on /home/airflow/.local/lib/python3.7/site-packages/airflow/example_dags/example_time_delta_sensor_async.py
[2022-07-14 23:47:23,347] {processor.py:620} INFO - Processing file /home/airflow/.local/lib/python3.7/site-packages/airflow/example_dags/example_time_delta_sensor_async.py for tasks to queue
[2022-07-14 23:47:23,352] {logging_mixin.py:109} INFO - [2022-07-14 23:47:23,351] {dagbag.py:500} INFO - Filling up the DagBag from /home/airflow/.local/lib/python3.7/site-packages/airflow/example_dags/example_time_delta_sensor_async.py
[2022-07-14 23:47:23,505] {processor.py:632} INFO - DAG(s) dict_keys(['example_time_delta_sensor_async']) retrieved from /home/airflow/.local/lib/python3.7/site-packages/airflow/example_dags/example_time_delta_sensor_async.py
[2022-07-14 23:47:23,574] {logging_mixin.py:109} INFO - [2022-07-14 23:47:23,573] {dag.py:2389} INFO - Sync 1 DAGs
[2022-07-14 23:47:23,677] {logging_mixin.py:109} INFO - [2022-07-14 23:47:23,676] {dag.py:2921} INFO - Setting next_dagrun for example_time_delta_sensor_async to None
[2022-07-14 23:47:23,739] {processor.py:171} INFO - Processing /home/airflow/.local/lib/python3.7/site-packages/airflow/example_dags/example_time_delta_sensor_async.py took 0.412 seconds
[2022-07-14 23:47:54,238] {processor.py:163} INFO - Started process (PID=420) to work on /home/airflow/.local/lib/python3.7/site-packages/airflow/example_dags/example_time_delta_sensor_async.py
[2022-07-14 23:47:54,243] {processor.py:620} INFO - Processing file /home/airflow/.local/lib/python3.7/site-packages/airflow/example_dags/example_time_delta_sensor_async.py for tasks to queue
[2022-07-14 23:47:54,246] {logging_mixin.py:109} INFO - [2022-07-14 23:47:54,245] {dagbag.py:500} INFO - Filling up the DagBag from /home/airflow/.local/lib/python3.7/site-packages/airflow/example_dags/example_time_delta_sensor_async.py
[2022-07-14 23:47:54,337] {processor.py:632} INFO - DAG(s) dict_keys(['example_time_delta_sensor_async']) retrieved from /home/airflow/.local/lib/python3.7/site-packages/airflow/example_dags/example_time_delta_sensor_async.py
[2022-07-14 23:47:54,373] {logging_mixin.py:109} INFO - [2022-07-14 23:47:54,373] {dag.py:2389} INFO - Sync 1 DAGs
[2022-07-14 23:47:54,496] {logging_mixin.py:109} INFO - [2022-07-14 23:47:54,496] {dag.py:2921} INFO - Setting next_dagrun for example_time_delta_sensor_async to None
[2022-07-14 23:47:54,553] {processor.py:171} INFO - Processing /home/airflow/.local/lib/python3.7/site-packages/airflow/example_dags/example_time_delta_sensor_async.py took 0.333 seconds
[2022-07-14 23:48:25,337] {processor.py:163} INFO - Started process (PID=510) to work on /home/airflow/.local/lib/python3.7/site-packages/airflow/example_dags/example_time_delta_sensor_async.py
[2022-07-14 23:48:25,341] {processor.py:620} INFO - Processing file /home/airflow/.local/lib/python3.7/site-packages/airflow/example_dags/example_time_delta_sensor_async.py for tasks to queue
[2022-07-14 23:48:25,350] {logging_mixin.py:109} INFO - [2022-07-14 23:48:25,349] {dagbag.py:500} INFO - Filling up the DagBag from /home/airflow/.local/lib/python3.7/site-packages/airflow/example_dags/example_time_delta_sensor_async.py
[2022-07-14 23:48:25,418] {processor.py:632} INFO - DAG(s) dict_keys(['example_time_delta_sensor_async']) retrieved from /home/airflow/.local/lib/python3.7/site-packages/airflow/example_dags/example_time_delta_sensor_async.py
[2022-07-14 23:48:25,455] {logging_mixin.py:109} INFO - [2022-07-14 23:48:25,454] {dag.py:2389} INFO - Sync 1 DAGs
[2022-07-14 23:48:25,513] {logging_mixin.py:109} INFO - [2022-07-14 23:48:25,512] {dag.py:2921} INFO - Setting next_dagrun for example_time_delta_sensor_async to None
[2022-07-14 23:48:25,542] {processor.py:171} INFO - Processing /home/airflow/.local/lib/python3.7/site-packages/airflow/example_dags/example_time_delta_sensor_async.py took 0.212 seconds
[2022-07-14 23:48:56,118] {processor.py:163} INFO - Started process (PID=598) to work on /home/airflow/.local/lib/python3.7/site-packages/airflow/example_dags/example_time_delta_sensor_async.py
[2022-07-14 23:48:56,122] {processor.py:620} INFO - Processing file /home/airflow/.local/lib/python3.7/site-packages/airflow/example_dags/example_time_delta_sensor_async.py for tasks to queue
[2022-07-14 23:48:56,126] {logging_mixin.py:109} INFO - [2022-07-14 23:48:56,126] {dagbag.py:500} INFO - Filling up the DagBag from /home/airflow/.local/lib/python3.7/site-packages/airflow/example_dags/example_time_delta_sensor_async.py
[2022-07-14 23:48:56,190] {processor.py:632} INFO - DAG(s) dict_keys(['example_time_delta_sensor_async']) retrieved from /home/airflow/.local/lib/python3.7/site-packages/airflow/example_dags/example_time_delta_sensor_async.py
[2022-07-14 23:48:56,226] {logging_mixin.py:109} INFO - [2022-07-14 23:48:56,225] {dag.py:2389} INFO - Sync 1 DAGs
[2022-07-14 23:48:56,282] {logging_mixin.py:109} INFO - [2022-07-14 23:48:56,281] {dag.py:2921} INFO - Setting next_dagrun for example_time_delta_sensor_async to None
[2022-07-14 23:48:56,310] {processor.py:171} INFO - Processing /home/airflow/.local/lib/python3.7/site-packages/airflow/example_dags/example_time_delta_sensor_async.py took 0.199 seconds
[2022-07-14 23:49:26,508] {processor.py:163} INFO - Started process (PID=696) to work on /home/airflow/.local/lib/python3.7/site-packages/airflow/example_dags/example_time_delta_sensor_async.py
[2022-07-14 23:49:26,512] {processor.py:620} INFO - Processing file /home/airflow/.local/lib/python3.7/site-packages/airflow/example_dags/example_time_delta_sensor_async.py for tasks to queue
[2022-07-14 23:49:26,529] {logging_mixin.py:109} INFO - [2022-07-14 23:49:26,529] {dagbag.py:500} INFO - Filling up the DagBag from /home/airflow/.local/lib/python3.7/site-packages/airflow/example_dags/example_time_delta_sensor_async.py
[2022-07-14 23:49:26,609] {processor.py:632} INFO - DAG(s) dict_keys(['example_time_delta_sensor_async']) retrieved from /home/airflow/.local/lib/python3.7/site-packages/airflow/example_dags/example_time_delta_sensor_async.py
[2022-07-14 23:49:26,650] {logging_mixin.py:109} INFO - [2022-07-14 23:49:26,650] {dag.py:2389} INFO - Sync 1 DAGs
[2022-07-14 23:49:26,716] {logging_mixin.py:109} INFO - [2022-07-14 23:49:26,715] {dag.py:2921} INFO - Setting next_dagrun for example_time_delta_sensor_async to None
[2022-07-14 23:49:26,746] {processor.py:171} INFO - Processing /home/airflow/.local/lib/python3.7/site-packages/airflow/example_dags/example_time_delta_sensor_async.py took 0.247 seconds
[2022-07-14 23:49:56,946] {processor.py:163} INFO - Started process (PID=778) to work on /home/airflow/.local/lib/python3.7/site-packages/airflow/example_dags/example_time_delta_sensor_async.py
[2022-07-14 23:49:56,951] {processor.py:620} INFO - Processing file /home/airflow/.local/lib/python3.7/site-packages/airflow/example_dags/example_time_delta_sensor_async.py for tasks to queue
[2022-07-14 23:49:56,954] {logging_mixin.py:109} INFO - [2022-07-14 23:49:56,953] {dagbag.py:500} INFO - Filling up the DagBag from /home/airflow/.local/lib/python3.7/site-packages/airflow/example_dags/example_time_delta_sensor_async.py
[2022-07-14 23:49:57,068] {processor.py:632} INFO - DAG(s) dict_keys(['example_time_delta_sensor_async']) retrieved from /home/airflow/.local/lib/python3.7/site-packages/airflow/example_dags/example_time_delta_sensor_async.py
[2022-07-14 23:49:57,146] {logging_mixin.py:109} INFO - [2022-07-14 23:49:57,146] {dag.py:2389} INFO - Sync 1 DAGs
[2022-07-14 23:49:57,214] {logging_mixin.py:109} INFO - [2022-07-14 23:49:57,214] {dag.py:2921} INFO - Setting next_dagrun for example_time_delta_sensor_async to None
[2022-07-14 23:49:57,259] {processor.py:171} INFO - Processing /home/airflow/.local/lib/python3.7/site-packages/airflow/example_dags/example_time_delta_sensor_async.py took 0.321 seconds
[2022-07-14 23:50:27,740] {processor.py:163} INFO - Started process (PID=874) to work on /home/airflow/.local/lib/python3.7/site-packages/airflow/example_dags/example_time_delta_sensor_async.py
[2022-07-14 23:50:27,745] {processor.py:620} INFO - Processing file /home/airflow/.local/lib/python3.7/site-packages/airflow/example_dags/example_time_delta_sensor_async.py for tasks to queue
[2022-07-14 23:50:27,748] {logging_mixin.py:109} INFO - [2022-07-14 23:50:27,748] {dagbag.py:500} INFO - Filling up the DagBag from /home/airflow/.local/lib/python3.7/site-packages/airflow/example_dags/example_time_delta_sensor_async.py
[2022-07-14 23:50:27,827] {processor.py:632} INFO - DAG(s) dict_keys(['example_time_delta_sensor_async']) retrieved from /home/airflow/.local/lib/python3.7/site-packages/airflow/example_dags/example_time_delta_sensor_async.py
[2022-07-14 23:50:27,868] {logging_mixin.py:109} INFO - [2022-07-14 23:50:27,867] {dag.py:2389} INFO - Sync 1 DAGs
[2022-07-14 23:50:27,934] {logging_mixin.py:109} INFO - [2022-07-14 23:50:27,933] {dag.py:2921} INFO - Setting next_dagrun for example_time_delta_sensor_async to None
[2022-07-14 23:50:27,964] {processor.py:171} INFO - Processing /home/airflow/.local/lib/python3.7/site-packages/airflow/example_dags/example_time_delta_sensor_async.py took 0.232 seconds
[2022-07-14 23:50:58,265] {processor.py:163} INFO - Started process (PID=957) to work on /home/airflow/.local/lib/python3.7/site-packages/airflow/example_dags/example_time_delta_sensor_async.py
[2022-07-14 23:50:58,270] {processor.py:620} INFO - Processing file /home/airflow/.local/lib/python3.7/site-packages/airflow/example_dags/example_time_delta_sensor_async.py for tasks to queue
[2022-07-14 23:50:58,273] {logging_mixin.py:109} INFO - [2022-07-14 23:50:58,273] {dagbag.py:500} INFO - Filling up the DagBag from /home/airflow/.local/lib/python3.7/site-packages/airflow/example_dags/example_time_delta_sensor_async.py
[2022-07-14 23:50:58,360] {processor.py:632} INFO - DAG(s) dict_keys(['example_time_delta_sensor_async']) retrieved from /home/airflow/.local/lib/python3.7/site-packages/airflow/example_dags/example_time_delta_sensor_async.py
[2022-07-14 23:50:58,402] {logging_mixin.py:109} INFO - [2022-07-14 23:50:58,402] {dag.py:2389} INFO - Sync 1 DAGs
[2022-07-14 23:50:58,470] {logging_mixin.py:109} INFO - [2022-07-14 23:50:58,470] {dag.py:2921} INFO - Setting next_dagrun for example_time_delta_sensor_async to None
[2022-07-14 23:50:58,502] {processor.py:171} INFO - Processing /home/airflow/.local/lib/python3.7/site-packages/airflow/example_dags/example_time_delta_sensor_async.py took 0.247 seconds
[2022-07-14 23:51:28,700] {processor.py:163} INFO - Started process (PID=1055) to work on /home/airflow/.local/lib/python3.7/site-packages/airflow/example_dags/example_time_delta_sensor_async.py
[2022-07-14 23:51:28,705] {processor.py:620} INFO - Processing file /home/airflow/.local/lib/python3.7/site-packages/airflow/example_dags/example_time_delta_sensor_async.py for tasks to queue
[2022-07-14 23:51:28,709] {logging_mixin.py:109} INFO - [2022-07-14 23:51:28,708] {dagbag.py:500} INFO - Filling up the DagBag from /home/airflow/.local/lib/python3.7/site-packages/airflow/example_dags/example_time_delta_sensor_async.py
[2022-07-14 23:51:28,795] {processor.py:632} INFO - DAG(s) dict_keys(['example_time_delta_sensor_async']) retrieved from /home/airflow/.local/lib/python3.7/site-packages/airflow/example_dags/example_time_delta_sensor_async.py
[2022-07-14 23:51:28,871] {logging_mixin.py:109} INFO - [2022-07-14 23:51:28,870] {dag.py:2389} INFO - Sync 1 DAGs
[2022-07-14 23:51:28,941] {logging_mixin.py:109} INFO - [2022-07-14 23:51:28,940] {dag.py:2921} INFO - Setting next_dagrun for example_time_delta_sensor_async to None
[2022-07-14 23:51:28,973] {processor.py:171} INFO - Processing /home/airflow/.local/lib/python3.7/site-packages/airflow/example_dags/example_time_delta_sensor_async.py took 0.285 seconds
[2022-07-14 23:51:59,198] {processor.py:163} INFO - Started process (PID=1135) to work on /home/airflow/.local/lib/python3.7/site-packages/airflow/example_dags/example_time_delta_sensor_async.py
[2022-07-14 23:51:59,205] {processor.py:620} INFO - Processing file /home/airflow/.local/lib/python3.7/site-packages/airflow/example_dags/example_time_delta_sensor_async.py for tasks to queue
[2022-07-14 23:51:59,208] {logging_mixin.py:109} INFO - [2022-07-14 23:51:59,208] {dagbag.py:500} INFO - Filling up the DagBag from /home/airflow/.local/lib/python3.7/site-packages/airflow/example_dags/example_time_delta_sensor_async.py
[2022-07-14 23:51:59,283] {processor.py:632} INFO - DAG(s) dict_keys(['example_time_delta_sensor_async']) retrieved from /home/airflow/.local/lib/python3.7/site-packages/airflow/example_dags/example_time_delta_sensor_async.py
[2022-07-14 23:51:59,330] {logging_mixin.py:109} INFO - [2022-07-14 23:51:59,329] {dag.py:2389} INFO - Sync 1 DAGs
[2022-07-14 23:51:59,399] {logging_mixin.py:109} INFO - [2022-07-14 23:51:59,398] {dag.py:2921} INFO - Setting next_dagrun for example_time_delta_sensor_async to None
[2022-07-14 23:51:59,432] {processor.py:171} INFO - Processing /home/airflow/.local/lib/python3.7/site-packages/airflow/example_dags/example_time_delta_sensor_async.py took 0.242 seconds
[2022-07-14 23:52:29,969] {processor.py:163} INFO - Started process (PID=1233) to work on /home/airflow/.local/lib/python3.7/site-packages/airflow/example_dags/example_time_delta_sensor_async.py
[2022-07-14 23:52:29,980] {processor.py:620} INFO - Processing file /home/airflow/.local/lib/python3.7/site-packages/airflow/example_dags/example_time_delta_sensor_async.py for tasks to queue
[2022-07-14 23:52:29,984] {logging_mixin.py:109} INFO - [2022-07-14 23:52:29,984] {dagbag.py:500} INFO - Filling up the DagBag from /home/airflow/.local/lib/python3.7/site-packages/airflow/example_dags/example_time_delta_sensor_async.py
[2022-07-14 23:52:30,071] {processor.py:632} INFO - DAG(s) dict_keys(['example_time_delta_sensor_async']) retrieved from /home/airflow/.local/lib/python3.7/site-packages/airflow/example_dags/example_time_delta_sensor_async.py
[2022-07-14 23:52:30,117] {logging_mixin.py:109} INFO - [2022-07-14 23:52:30,117] {dag.py:2389} INFO - Sync 1 DAGs
[2022-07-14 23:52:30,183] {logging_mixin.py:109} INFO - [2022-07-14 23:52:30,183] {dag.py:2921} INFO - Setting next_dagrun for example_time_delta_sensor_async to None
[2022-07-14 23:52:30,217] {processor.py:171} INFO - Processing /home/airflow/.local/lib/python3.7/site-packages/airflow/example_dags/example_time_delta_sensor_async.py took 0.256 seconds
[2022-07-14 23:53:01,151] {processor.py:163} INFO - Started process (PID=1314) to work on /home/airflow/.local/lib/python3.7/site-packages/airflow/example_dags/example_time_delta_sensor_async.py
[2022-07-14 23:53:01,155] {processor.py:620} INFO - Processing file /home/airflow/.local/lib/python3.7/site-packages/airflow/example_dags/example_time_delta_sensor_async.py for tasks to queue
[2022-07-14 23:53:01,160] {logging_mixin.py:109} INFO - [2022-07-14 23:53:01,159] {dagbag.py:500} INFO - Filling up the DagBag from /home/airflow/.local/lib/python3.7/site-packages/airflow/example_dags/example_time_delta_sensor_async.py
[2022-07-14 23:53:01,226] {processor.py:632} INFO - DAG(s) dict_keys(['example_time_delta_sensor_async']) retrieved from /home/airflow/.local/lib/python3.7/site-packages/airflow/example_dags/example_time_delta_sensor_async.py
[2022-07-14 23:53:01,265] {logging_mixin.py:109} INFO - [2022-07-14 23:53:01,265] {dag.py:2389} INFO - Sync 1 DAGs
[2022-07-14 23:53:01,324] {logging_mixin.py:109} INFO - [2022-07-14 23:53:01,324] {dag.py:2921} INFO - Setting next_dagrun for example_time_delta_sensor_async to None
[2022-07-14 23:53:01,353] {processor.py:171} INFO - Processing /home/airflow/.local/lib/python3.7/site-packages/airflow/example_dags/example_time_delta_sensor_async.py took 0.210 seconds
[2022-07-14 23:53:31,605] {processor.py:163} INFO - Started process (PID=1410) to work on /home/airflow/.local/lib/python3.7/site-packages/airflow/example_dags/example_time_delta_sensor_async.py
[2022-07-14 23:53:31,608] {processor.py:620} INFO - Processing file /home/airflow/.local/lib/python3.7/site-packages/airflow/example_dags/example_time_delta_sensor_async.py for tasks to queue
[2022-07-14 23:53:31,612] {logging_mixin.py:109} INFO - [2022-07-14 23:53:31,611] {dagbag.py:500} INFO - Filling up the DagBag from /home/airflow/.local/lib/python3.7/site-packages/airflow/example_dags/example_time_delta_sensor_async.py
[2022-07-14 23:53:31,680] {processor.py:632} INFO - DAG(s) dict_keys(['example_time_delta_sensor_async']) retrieved from /home/airflow/.local/lib/python3.7/site-packages/airflow/example_dags/example_time_delta_sensor_async.py
[2022-07-14 23:53:31,716] {logging_mixin.py:109} INFO - [2022-07-14 23:53:31,716] {dag.py:2389} INFO - Sync 1 DAGs
[2022-07-14 23:53:31,777] {logging_mixin.py:109} INFO - [2022-07-14 23:53:31,777] {dag.py:2921} INFO - Setting next_dagrun for example_time_delta_sensor_async to None
[2022-07-14 23:53:31,826] {processor.py:171} INFO - Processing /home/airflow/.local/lib/python3.7/site-packages/airflow/example_dags/example_time_delta_sensor_async.py took 0.229 seconds
[2022-07-14 23:54:01,875] {processor.py:163} INFO - Started process (PID=1492) to work on /home/airflow/.local/lib/python3.7/site-packages/airflow/example_dags/example_time_delta_sensor_async.py
[2022-07-14 23:54:01,879] {processor.py:620} INFO - Processing file /home/airflow/.local/lib/python3.7/site-packages/airflow/example_dags/example_time_delta_sensor_async.py for tasks to queue
[2022-07-14 23:54:01,882] {logging_mixin.py:109} INFO - [2022-07-14 23:54:01,882] {dagbag.py:500} INFO - Filling up the DagBag from /home/airflow/.local/lib/python3.7/site-packages/airflow/example_dags/example_time_delta_sensor_async.py
[2022-07-14 23:54:01,939] {processor.py:632} INFO - DAG(s) dict_keys(['example_time_delta_sensor_async']) retrieved from /home/airflow/.local/lib/python3.7/site-packages/airflow/example_dags/example_time_delta_sensor_async.py
[2022-07-14 23:54:01,972] {logging_mixin.py:109} INFO - [2022-07-14 23:54:01,972] {dag.py:2389} INFO - Sync 1 DAGs
[2022-07-14 23:54:02,022] {logging_mixin.py:109} INFO - [2022-07-14 23:54:02,022] {dag.py:2921} INFO - Setting next_dagrun for example_time_delta_sensor_async to None
[2022-07-14 23:54:02,048] {processor.py:171} INFO - Processing /home/airflow/.local/lib/python3.7/site-packages/airflow/example_dags/example_time_delta_sensor_async.py took 0.179 seconds
[2022-07-14 23:54:32,647] {processor.py:163} INFO - Started process (PID=1590) to work on /home/airflow/.local/lib/python3.7/site-packages/airflow/example_dags/example_time_delta_sensor_async.py
[2022-07-14 23:54:32,652] {processor.py:620} INFO - Processing file /home/airflow/.local/lib/python3.7/site-packages/airflow/example_dags/example_time_delta_sensor_async.py for tasks to queue
[2022-07-14 23:54:32,656] {logging_mixin.py:109} INFO - [2022-07-14 23:54:32,655] {dagbag.py:500} INFO - Filling up the DagBag from /home/airflow/.local/lib/python3.7/site-packages/airflow/example_dags/example_time_delta_sensor_async.py
[2022-07-14 23:54:32,726] {processor.py:632} INFO - DAG(s) dict_keys(['example_time_delta_sensor_async']) retrieved from /home/airflow/.local/lib/python3.7/site-packages/airflow/example_dags/example_time_delta_sensor_async.py
[2022-07-14 23:54:32,765] {logging_mixin.py:109} INFO - [2022-07-14 23:54:32,765] {dag.py:2389} INFO - Sync 1 DAGs
[2022-07-14 23:54:32,834] {logging_mixin.py:109} INFO - [2022-07-14 23:54:32,833] {dag.py:2921} INFO - Setting next_dagrun for example_time_delta_sensor_async to None
[2022-07-14 23:54:32,863] {processor.py:171} INFO - Processing /home/airflow/.local/lib/python3.7/site-packages/airflow/example_dags/example_time_delta_sensor_async.py took 0.223 seconds
[2022-07-14 23:55:03,431] {processor.py:163} INFO - Started process (PID=1672) to work on /home/airflow/.local/lib/python3.7/site-packages/airflow/example_dags/example_time_delta_sensor_async.py
[2022-07-14 23:55:03,434] {processor.py:620} INFO - Processing file /home/airflow/.local/lib/python3.7/site-packages/airflow/example_dags/example_time_delta_sensor_async.py for tasks to queue
[2022-07-14 23:55:03,437] {logging_mixin.py:109} INFO - [2022-07-14 23:55:03,437] {dagbag.py:500} INFO - Filling up the DagBag from /home/airflow/.local/lib/python3.7/site-packages/airflow/example_dags/example_time_delta_sensor_async.py
[2022-07-14 23:55:03,496] {processor.py:632} INFO - DAG(s) dict_keys(['example_time_delta_sensor_async']) retrieved from /home/airflow/.local/lib/python3.7/site-packages/airflow/example_dags/example_time_delta_sensor_async.py
[2022-07-14 23:55:03,528] {logging_mixin.py:109} INFO - [2022-07-14 23:55:03,528] {dag.py:2389} INFO - Sync 1 DAGs
[2022-07-14 23:55:03,579] {logging_mixin.py:109} INFO - [2022-07-14 23:55:03,579] {dag.py:2921} INFO - Setting next_dagrun for example_time_delta_sensor_async to None
[2022-07-14 23:55:03,602] {processor.py:171} INFO - Processing /home/airflow/.local/lib/python3.7/site-packages/airflow/example_dags/example_time_delta_sensor_async.py took 0.177 seconds
[2022-07-14 23:55:34,375] {processor.py:163} INFO - Started process (PID=1770) to work on /home/airflow/.local/lib/python3.7/site-packages/airflow/example_dags/example_time_delta_sensor_async.py
[2022-07-14 23:55:34,379] {processor.py:620} INFO - Processing file /home/airflow/.local/lib/python3.7/site-packages/airflow/example_dags/example_time_delta_sensor_async.py for tasks to queue
[2022-07-14 23:55:34,383] {logging_mixin.py:109} INFO - [2022-07-14 23:55:34,382] {dagbag.py:500} INFO - Filling up the DagBag from /home/airflow/.local/lib/python3.7/site-packages/airflow/example_dags/example_time_delta_sensor_async.py
[2022-07-14 23:55:34,480] {processor.py:632} INFO - DAG(s) dict_keys(['example_time_delta_sensor_async']) retrieved from /home/airflow/.local/lib/python3.7/site-packages/airflow/example_dags/example_time_delta_sensor_async.py
[2022-07-14 23:55:34,519] {logging_mixin.py:109} INFO - [2022-07-14 23:55:34,518] {dag.py:2389} INFO - Sync 1 DAGs
[2022-07-14 23:55:34,579] {logging_mixin.py:109} INFO - [2022-07-14 23:55:34,578] {dag.py:2921} INFO - Setting next_dagrun for example_time_delta_sensor_async to None
[2022-07-14 23:55:34,609] {processor.py:171} INFO - Processing /home/airflow/.local/lib/python3.7/site-packages/airflow/example_dags/example_time_delta_sensor_async.py took 0.241 seconds
[2022-07-14 23:56:05,390] {processor.py:163} INFO - Started process (PID=1862) to work on /home/airflow/.local/lib/python3.7/site-packages/airflow/example_dags/example_time_delta_sensor_async.py
[2022-07-14 23:56:05,395] {processor.py:620} INFO - Processing file /home/airflow/.local/lib/python3.7/site-packages/airflow/example_dags/example_time_delta_sensor_async.py for tasks to queue
[2022-07-14 23:56:05,399] {logging_mixin.py:109} INFO - [2022-07-14 23:56:05,398] {dagbag.py:500} INFO - Filling up the DagBag from /home/airflow/.local/lib/python3.7/site-packages/airflow/example_dags/example_time_delta_sensor_async.py
[2022-07-14 23:56:05,464] {processor.py:632} INFO - DAG(s) dict_keys(['example_time_delta_sensor_async']) retrieved from /home/airflow/.local/lib/python3.7/site-packages/airflow/example_dags/example_time_delta_sensor_async.py
[2022-07-14 23:56:05,504] {logging_mixin.py:109} INFO - [2022-07-14 23:56:05,503] {dag.py:2389} INFO - Sync 1 DAGs
[2022-07-14 23:56:05,565] {logging_mixin.py:109} INFO - [2022-07-14 23:56:05,565] {dag.py:2921} INFO - Setting next_dagrun for example_time_delta_sensor_async to None
[2022-07-14 23:56:05,596] {processor.py:171} INFO - Processing /home/airflow/.local/lib/python3.7/site-packages/airflow/example_dags/example_time_delta_sensor_async.py took 0.213 seconds
[2022-07-14 23:56:35,919] {processor.py:163} INFO - Started process (PID=1950) to work on /home/airflow/.local/lib/python3.7/site-packages/airflow/example_dags/example_time_delta_sensor_async.py
[2022-07-14 23:56:35,923] {processor.py:620} INFO - Processing file /home/airflow/.local/lib/python3.7/site-packages/airflow/example_dags/example_time_delta_sensor_async.py for tasks to queue
[2022-07-14 23:56:35,927] {logging_mixin.py:109} INFO - [2022-07-14 23:56:35,926] {dagbag.py:500} INFO - Filling up the DagBag from /home/airflow/.local/lib/python3.7/site-packages/airflow/example_dags/example_time_delta_sensor_async.py
[2022-07-14 23:56:35,998] {processor.py:632} INFO - DAG(s) dict_keys(['example_time_delta_sensor_async']) retrieved from /home/airflow/.local/lib/python3.7/site-packages/airflow/example_dags/example_time_delta_sensor_async.py
[2022-07-14 23:56:36,038] {logging_mixin.py:109} INFO - [2022-07-14 23:56:36,037] {dag.py:2389} INFO - Sync 1 DAGs
[2022-07-14 23:56:36,100] {logging_mixin.py:109} INFO - [2022-07-14 23:56:36,099] {dag.py:2921} INFO - Setting next_dagrun for example_time_delta_sensor_async to None
[2022-07-14 23:56:36,130] {processor.py:171} INFO - Processing /home/airflow/.local/lib/python3.7/site-packages/airflow/example_dags/example_time_delta_sensor_async.py took 0.218 seconds
[2022-07-14 23:57:06,825] {processor.py:163} INFO - Started process (PID=2047) to work on /home/airflow/.local/lib/python3.7/site-packages/airflow/example_dags/example_time_delta_sensor_async.py
[2022-07-14 23:57:06,829] {processor.py:620} INFO - Processing file /home/airflow/.local/lib/python3.7/site-packages/airflow/example_dags/example_time_delta_sensor_async.py for tasks to queue
[2022-07-14 23:57:06,832] {logging_mixin.py:109} INFO - [2022-07-14 23:57:06,832] {dagbag.py:500} INFO - Filling up the DagBag from /home/airflow/.local/lib/python3.7/site-packages/airflow/example_dags/example_time_delta_sensor_async.py
[2022-07-14 23:57:06,899] {processor.py:632} INFO - DAG(s) dict_keys(['example_time_delta_sensor_async']) retrieved from /home/airflow/.local/lib/python3.7/site-packages/airflow/example_dags/example_time_delta_sensor_async.py
[2022-07-14 23:57:06,934] {logging_mixin.py:109} INFO - [2022-07-14 23:57:06,934] {dag.py:2389} INFO - Sync 1 DAGs
[2022-07-14 23:57:06,994] {logging_mixin.py:109} INFO - [2022-07-14 23:57:06,994] {dag.py:2921} INFO - Setting next_dagrun for example_time_delta_sensor_async to None
[2022-07-14 23:57:07,024] {processor.py:171} INFO - Processing /home/airflow/.local/lib/python3.7/site-packages/airflow/example_dags/example_time_delta_sensor_async.py took 0.206 seconds
[2022-07-14 23:57:37,155] {processor.py:163} INFO - Started process (PID=2129) to work on /home/airflow/.local/lib/python3.7/site-packages/airflow/example_dags/example_time_delta_sensor_async.py
[2022-07-14 23:57:37,161] {processor.py:620} INFO - Processing file /home/airflow/.local/lib/python3.7/site-packages/airflow/example_dags/example_time_delta_sensor_async.py for tasks to queue
[2022-07-14 23:57:37,164] {logging_mixin.py:109} INFO - [2022-07-14 23:57:37,164] {dagbag.py:500} INFO - Filling up the DagBag from /home/airflow/.local/lib/python3.7/site-packages/airflow/example_dags/example_time_delta_sensor_async.py
[2022-07-14 23:57:37,232] {processor.py:632} INFO - DAG(s) dict_keys(['example_time_delta_sensor_async']) retrieved from /home/airflow/.local/lib/python3.7/site-packages/airflow/example_dags/example_time_delta_sensor_async.py
[2022-07-14 23:57:37,269] {logging_mixin.py:109} INFO - [2022-07-14 23:57:37,269] {dag.py:2389} INFO - Sync 1 DAGs
[2022-07-14 23:57:37,335] {logging_mixin.py:109} INFO - [2022-07-14 23:57:37,335] {dag.py:2921} INFO - Setting next_dagrun for example_time_delta_sensor_async to None
[2022-07-14 23:57:37,367] {processor.py:171} INFO - Processing /home/airflow/.local/lib/python3.7/site-packages/airflow/example_dags/example_time_delta_sensor_async.py took 0.220 seconds
[2022-07-14 23:58:07,655] {processor.py:163} INFO - Started process (PID=2227) to work on /home/airflow/.local/lib/python3.7/site-packages/airflow/example_dags/example_time_delta_sensor_async.py
[2022-07-14 23:58:07,660] {processor.py:620} INFO - Processing file /home/airflow/.local/lib/python3.7/site-packages/airflow/example_dags/example_time_delta_sensor_async.py for tasks to queue
[2022-07-14 23:58:07,669] {logging_mixin.py:109} INFO - [2022-07-14 23:58:07,669] {dagbag.py:500} INFO - Filling up the DagBag from /home/airflow/.local/lib/python3.7/site-packages/airflow/example_dags/example_time_delta_sensor_async.py
[2022-07-14 23:58:07,742] {processor.py:632} INFO - DAG(s) dict_keys(['example_time_delta_sensor_async']) retrieved from /home/airflow/.local/lib/python3.7/site-packages/airflow/example_dags/example_time_delta_sensor_async.py
[2022-07-14 23:58:07,780] {logging_mixin.py:109} INFO - [2022-07-14 23:58:07,780] {dag.py:2389} INFO - Sync 1 DAGs
[2022-07-14 23:58:07,845] {logging_mixin.py:109} INFO - [2022-07-14 23:58:07,844] {dag.py:2921} INFO - Setting next_dagrun for example_time_delta_sensor_async to None
[2022-07-14 23:58:07,878] {processor.py:171} INFO - Processing /home/airflow/.local/lib/python3.7/site-packages/airflow/example_dags/example_time_delta_sensor_async.py took 0.231 seconds
[2022-07-14 23:58:38,490] {processor.py:163} INFO - Started process (PID=2309) to work on /home/airflow/.local/lib/python3.7/site-packages/airflow/example_dags/example_time_delta_sensor_async.py
[2022-07-14 23:58:38,494] {processor.py:620} INFO - Processing file /home/airflow/.local/lib/python3.7/site-packages/airflow/example_dags/example_time_delta_sensor_async.py for tasks to queue
[2022-07-14 23:58:38,497] {logging_mixin.py:109} INFO - [2022-07-14 23:58:38,497] {dagbag.py:500} INFO - Filling up the DagBag from /home/airflow/.local/lib/python3.7/site-packages/airflow/example_dags/example_time_delta_sensor_async.py
[2022-07-14 23:58:38,563] {processor.py:632} INFO - DAG(s) dict_keys(['example_time_delta_sensor_async']) retrieved from /home/airflow/.local/lib/python3.7/site-packages/airflow/example_dags/example_time_delta_sensor_async.py
[2022-07-14 23:58:38,603] {logging_mixin.py:109} INFO - [2022-07-14 23:58:38,603] {dag.py:2389} INFO - Sync 1 DAGs
[2022-07-14 23:58:38,669] {logging_mixin.py:109} INFO - [2022-07-14 23:58:38,668] {dag.py:2921} INFO - Setting next_dagrun for example_time_delta_sensor_async to None
[2022-07-14 23:58:38,698] {processor.py:171} INFO - Processing /home/airflow/.local/lib/python3.7/site-packages/airflow/example_dags/example_time_delta_sensor_async.py took 0.215 seconds
[2022-07-14 23:59:09,206] {processor.py:163} INFO - Started process (PID=2405) to work on /home/airflow/.local/lib/python3.7/site-packages/airflow/example_dags/example_time_delta_sensor_async.py
[2022-07-14 23:59:09,210] {processor.py:620} INFO - Processing file /home/airflow/.local/lib/python3.7/site-packages/airflow/example_dags/example_time_delta_sensor_async.py for tasks to queue
[2022-07-14 23:59:09,213] {logging_mixin.py:109} INFO - [2022-07-14 23:59:09,213] {dagbag.py:500} INFO - Filling up the DagBag from /home/airflow/.local/lib/python3.7/site-packages/airflow/example_dags/example_time_delta_sensor_async.py
[2022-07-14 23:59:09,276] {processor.py:632} INFO - DAG(s) dict_keys(['example_time_delta_sensor_async']) retrieved from /home/airflow/.local/lib/python3.7/site-packages/airflow/example_dags/example_time_delta_sensor_async.py
[2022-07-14 23:59:09,312] {logging_mixin.py:109} INFO - [2022-07-14 23:59:09,311] {dag.py:2389} INFO - Sync 1 DAGs
[2022-07-14 23:59:09,373] {logging_mixin.py:109} INFO - [2022-07-14 23:59:09,373] {dag.py:2921} INFO - Setting next_dagrun for example_time_delta_sensor_async to None
[2022-07-14 23:59:09,400] {processor.py:171} INFO - Processing /home/airflow/.local/lib/python3.7/site-packages/airflow/example_dags/example_time_delta_sensor_async.py took 0.203 seconds
[2022-07-14 23:59:39,907] {processor.py:163} INFO - Started process (PID=2487) to work on /home/airflow/.local/lib/python3.7/site-packages/airflow/example_dags/example_time_delta_sensor_async.py
[2022-07-14 23:59:39,911] {processor.py:620} INFO - Processing file /home/airflow/.local/lib/python3.7/site-packages/airflow/example_dags/example_time_delta_sensor_async.py for tasks to queue
[2022-07-14 23:59:39,914] {logging_mixin.py:109} INFO - [2022-07-14 23:59:39,913] {dagbag.py:500} INFO - Filling up the DagBag from /home/airflow/.local/lib/python3.7/site-packages/airflow/example_dags/example_time_delta_sensor_async.py
[2022-07-14 23:59:39,986] {processor.py:632} INFO - DAG(s) dict_keys(['example_time_delta_sensor_async']) retrieved from /home/airflow/.local/lib/python3.7/site-packages/airflow/example_dags/example_time_delta_sensor_async.py
[2022-07-14 23:59:40,025] {logging_mixin.py:109} INFO - [2022-07-14 23:59:40,025] {dag.py:2389} INFO - Sync 1 DAGs
[2022-07-14 23:59:40,089] {logging_mixin.py:109} INFO - [2022-07-14 23:59:40,088] {dag.py:2921} INFO - Setting next_dagrun for example_time_delta_sensor_async to None
[2022-07-14 23:59:40,121] {processor.py:171} INFO - Processing /home/airflow/.local/lib/python3.7/site-packages/airflow/example_dags/example_time_delta_sensor_async.py took 0.222 seconds
