[2022-07-14 23:41:51,085] {processor.py:163} INFO - Started process (PID=390) to work on /home/airflow/.local/lib/python3.7/site-packages/airflow/example_dags/example_task_group.py
[2022-07-14 23:41:51,100] {processor.py:620} INFO - Processing file /home/airflow/.local/lib/python3.7/site-packages/airflow/example_dags/example_task_group.py for tasks to queue
[2022-07-14 23:41:51,107] {logging_mixin.py:109} INFO - [2022-07-14 23:41:51,106] {dagbag.py:500} INFO - Filling up the DagBag from /home/airflow/.local/lib/python3.7/site-packages/airflow/example_dags/example_task_group.py
[2022-07-14 23:41:51,676] {processor.py:632} INFO - DAG(s) dict_keys(['example_task_group']) retrieved from /home/airflow/.local/lib/python3.7/site-packages/airflow/example_dags/example_task_group.py
[2022-07-14 23:41:52,120] {logging_mixin.py:109} INFO - [2022-07-14 23:41:52,120] {dag.py:2389} INFO - Sync 1 DAGs
[2022-07-14 23:41:52,580] {logging_mixin.py:109} INFO - [2022-07-14 23:41:52,579] {dag.py:2921} INFO - Setting next_dagrun for example_task_group to 2022-07-13T23:41:52.557789+00:00
[2022-07-14 23:41:52,680] {processor.py:171} INFO - Processing /home/airflow/.local/lib/python3.7/site-packages/airflow/example_dags/example_task_group.py took 1.623 seconds
[2022-07-14 23:46:54,045] {processor.py:163} INFO - Started process (PID=247) to work on /home/airflow/.local/lib/python3.7/site-packages/airflow/example_dags/example_task_group.py
[2022-07-14 23:46:54,054] {processor.py:620} INFO - Processing file /home/airflow/.local/lib/python3.7/site-packages/airflow/example_dags/example_task_group.py for tasks to queue
[2022-07-14 23:46:54,060] {logging_mixin.py:109} INFO - [2022-07-14 23:46:54,060] {dagbag.py:500} INFO - Filling up the DagBag from /home/airflow/.local/lib/python3.7/site-packages/airflow/example_dags/example_task_group.py
[2022-07-14 23:46:54,313] {processor.py:632} INFO - DAG(s) dict_keys(['example_task_group']) retrieved from /home/airflow/.local/lib/python3.7/site-packages/airflow/example_dags/example_task_group.py
[2022-07-14 23:46:54,420] {logging_mixin.py:109} INFO - [2022-07-14 23:46:54,420] {dag.py:2389} INFO - Sync 1 DAGs
[2022-07-14 23:46:54,655] {logging_mixin.py:109} INFO - [2022-07-14 23:46:54,654] {dag.py:2921} INFO - Setting next_dagrun for example_task_group to 2022-07-13T23:46:54.652757+00:00
[2022-07-14 23:46:54,750] {processor.py:171} INFO - Processing /home/airflow/.local/lib/python3.7/site-packages/airflow/example_dags/example_task_group.py took 0.725 seconds
[2022-07-14 23:47:25,385] {processor.py:163} INFO - Started process (PID=339) to work on /home/airflow/.local/lib/python3.7/site-packages/airflow/example_dags/example_task_group.py
[2022-07-14 23:47:25,401] {processor.py:620} INFO - Processing file /home/airflow/.local/lib/python3.7/site-packages/airflow/example_dags/example_task_group.py for tasks to queue
[2022-07-14 23:47:25,407] {logging_mixin.py:109} INFO - [2022-07-14 23:47:25,407] {dagbag.py:500} INFO - Filling up the DagBag from /home/airflow/.local/lib/python3.7/site-packages/airflow/example_dags/example_task_group.py
[2022-07-14 23:47:25,609] {processor.py:632} INFO - DAG(s) dict_keys(['example_task_group']) retrieved from /home/airflow/.local/lib/python3.7/site-packages/airflow/example_dags/example_task_group.py
[2022-07-14 23:47:25,694] {logging_mixin.py:109} INFO - [2022-07-14 23:47:25,694] {dag.py:2389} INFO - Sync 1 DAGs
[2022-07-14 23:47:25,877] {logging_mixin.py:109} INFO - [2022-07-14 23:47:25,876] {dag.py:2921} INFO - Setting next_dagrun for example_task_group to 2022-07-13T23:47:25.867537+00:00
[2022-07-14 23:47:25,997] {processor.py:171} INFO - Processing /home/airflow/.local/lib/python3.7/site-packages/airflow/example_dags/example_task_group.py took 0.632 seconds
[2022-07-14 23:47:56,101] {processor.py:163} INFO - Started process (PID=424) to work on /home/airflow/.local/lib/python3.7/site-packages/airflow/example_dags/example_task_group.py
[2022-07-14 23:47:56,106] {processor.py:620} INFO - Processing file /home/airflow/.local/lib/python3.7/site-packages/airflow/example_dags/example_task_group.py for tasks to queue
[2022-07-14 23:47:56,111] {logging_mixin.py:109} INFO - [2022-07-14 23:47:56,111] {dagbag.py:500} INFO - Filling up the DagBag from /home/airflow/.local/lib/python3.7/site-packages/airflow/example_dags/example_task_group.py
[2022-07-14 23:47:56,190] {processor.py:632} INFO - DAG(s) dict_keys(['example_task_group']) retrieved from /home/airflow/.local/lib/python3.7/site-packages/airflow/example_dags/example_task_group.py
[2022-07-14 23:47:56,241] {logging_mixin.py:109} INFO - [2022-07-14 23:47:56,240] {dag.py:2389} INFO - Sync 1 DAGs
[2022-07-14 23:47:56,304] {logging_mixin.py:109} INFO - [2022-07-14 23:47:56,304] {dag.py:2921} INFO - Setting next_dagrun for example_task_group to 2022-07-13T23:47:56.302333+00:00
[2022-07-14 23:47:56,339] {processor.py:171} INFO - Processing /home/airflow/.local/lib/python3.7/site-packages/airflow/example_dags/example_task_group.py took 0.245 seconds
[2022-07-14 23:48:26,684] {processor.py:163} INFO - Started process (PID=522) to work on /home/airflow/.local/lib/python3.7/site-packages/airflow/example_dags/example_task_group.py
[2022-07-14 23:48:26,689] {processor.py:620} INFO - Processing file /home/airflow/.local/lib/python3.7/site-packages/airflow/example_dags/example_task_group.py for tasks to queue
[2022-07-14 23:48:26,691] {logging_mixin.py:109} INFO - [2022-07-14 23:48:26,691] {dagbag.py:500} INFO - Filling up the DagBag from /home/airflow/.local/lib/python3.7/site-packages/airflow/example_dags/example_task_group.py
[2022-07-14 23:48:26,774] {processor.py:632} INFO - DAG(s) dict_keys(['example_task_group']) retrieved from /home/airflow/.local/lib/python3.7/site-packages/airflow/example_dags/example_task_group.py
[2022-07-14 23:48:26,820] {logging_mixin.py:109} INFO - [2022-07-14 23:48:26,820] {dag.py:2389} INFO - Sync 1 DAGs
[2022-07-14 23:48:26,919] {logging_mixin.py:109} INFO - [2022-07-14 23:48:26,918] {dag.py:2921} INFO - Setting next_dagrun for example_task_group to 2022-07-13T23:48:26.911062+00:00
[2022-07-14 23:48:26,972] {processor.py:171} INFO - Processing /home/airflow/.local/lib/python3.7/site-packages/airflow/example_dags/example_task_group.py took 0.305 seconds
[2022-07-14 23:48:57,228] {processor.py:163} INFO - Started process (PID=602) to work on /home/airflow/.local/lib/python3.7/site-packages/airflow/example_dags/example_task_group.py
[2022-07-14 23:48:57,232] {processor.py:620} INFO - Processing file /home/airflow/.local/lib/python3.7/site-packages/airflow/example_dags/example_task_group.py for tasks to queue
[2022-07-14 23:48:57,240] {logging_mixin.py:109} INFO - [2022-07-14 23:48:57,240] {dagbag.py:500} INFO - Filling up the DagBag from /home/airflow/.local/lib/python3.7/site-packages/airflow/example_dags/example_task_group.py
[2022-07-14 23:48:57,322] {processor.py:632} INFO - DAG(s) dict_keys(['example_task_group']) retrieved from /home/airflow/.local/lib/python3.7/site-packages/airflow/example_dags/example_task_group.py
[2022-07-14 23:48:57,378] {logging_mixin.py:109} INFO - [2022-07-14 23:48:57,378] {dag.py:2389} INFO - Sync 1 DAGs
[2022-07-14 23:48:57,450] {logging_mixin.py:109} INFO - [2022-07-14 23:48:57,449] {dag.py:2921} INFO - Setting next_dagrun for example_task_group to 2022-07-13T23:48:57.447675+00:00
[2022-07-14 23:48:57,493] {processor.py:171} INFO - Processing /home/airflow/.local/lib/python3.7/site-packages/airflow/example_dags/example_task_group.py took 0.273 seconds
[2022-07-14 23:49:27,816] {processor.py:163} INFO - Started process (PID=700) to work on /home/airflow/.local/lib/python3.7/site-packages/airflow/example_dags/example_task_group.py
[2022-07-14 23:49:27,820] {processor.py:620} INFO - Processing file /home/airflow/.local/lib/python3.7/site-packages/airflow/example_dags/example_task_group.py for tasks to queue
[2022-07-14 23:49:27,823] {logging_mixin.py:109} INFO - [2022-07-14 23:49:27,823] {dagbag.py:500} INFO - Filling up the DagBag from /home/airflow/.local/lib/python3.7/site-packages/airflow/example_dags/example_task_group.py
[2022-07-14 23:49:27,913] {processor.py:632} INFO - DAG(s) dict_keys(['example_task_group']) retrieved from /home/airflow/.local/lib/python3.7/site-packages/airflow/example_dags/example_task_group.py
[2022-07-14 23:49:28,017] {logging_mixin.py:109} INFO - [2022-07-14 23:49:28,017] {dag.py:2389} INFO - Sync 1 DAGs
[2022-07-14 23:49:28,110] {logging_mixin.py:109} INFO - [2022-07-14 23:49:28,109] {dag.py:2921} INFO - Setting next_dagrun for example_task_group to 2022-07-13T23:49:28.108047+00:00
[2022-07-14 23:49:28,144] {processor.py:171} INFO - Processing /home/airflow/.local/lib/python3.7/site-packages/airflow/example_dags/example_task_group.py took 0.337 seconds
[2022-07-14 23:49:58,491] {processor.py:163} INFO - Started process (PID=782) to work on /home/airflow/.local/lib/python3.7/site-packages/airflow/example_dags/example_task_group.py
[2022-07-14 23:49:58,495] {processor.py:620} INFO - Processing file /home/airflow/.local/lib/python3.7/site-packages/airflow/example_dags/example_task_group.py for tasks to queue
[2022-07-14 23:49:58,499] {logging_mixin.py:109} INFO - [2022-07-14 23:49:58,499] {dagbag.py:500} INFO - Filling up the DagBag from /home/airflow/.local/lib/python3.7/site-packages/airflow/example_dags/example_task_group.py
[2022-07-14 23:49:58,588] {processor.py:632} INFO - DAG(s) dict_keys(['example_task_group']) retrieved from /home/airflow/.local/lib/python3.7/site-packages/airflow/example_dags/example_task_group.py
[2022-07-14 23:49:58,639] {logging_mixin.py:109} INFO - [2022-07-14 23:49:58,639] {dag.py:2389} INFO - Sync 1 DAGs
[2022-07-14 23:49:58,713] {logging_mixin.py:109} INFO - [2022-07-14 23:49:58,712] {dag.py:2921} INFO - Setting next_dagrun for example_task_group to 2022-07-13T23:49:58.710144+00:00
[2022-07-14 23:49:58,745] {processor.py:171} INFO - Processing /home/airflow/.local/lib/python3.7/site-packages/airflow/example_dags/example_task_group.py took 0.262 seconds
[2022-07-14 23:50:29,169] {processor.py:163} INFO - Started process (PID=880) to work on /home/airflow/.local/lib/python3.7/site-packages/airflow/example_dags/example_task_group.py
[2022-07-14 23:50:29,173] {processor.py:620} INFO - Processing file /home/airflow/.local/lib/python3.7/site-packages/airflow/example_dags/example_task_group.py for tasks to queue
[2022-07-14 23:50:29,176] {logging_mixin.py:109} INFO - [2022-07-14 23:50:29,175] {dagbag.py:500} INFO - Filling up the DagBag from /home/airflow/.local/lib/python3.7/site-packages/airflow/example_dags/example_task_group.py
[2022-07-14 23:50:29,268] {processor.py:632} INFO - DAG(s) dict_keys(['example_task_group']) retrieved from /home/airflow/.local/lib/python3.7/site-packages/airflow/example_dags/example_task_group.py
[2022-07-14 23:50:29,324] {logging_mixin.py:109} INFO - [2022-07-14 23:50:29,324] {dag.py:2389} INFO - Sync 1 DAGs
[2022-07-14 23:50:29,395] {logging_mixin.py:109} INFO - [2022-07-14 23:50:29,395] {dag.py:2921} INFO - Setting next_dagrun for example_task_group to 2022-07-13T23:50:29.393130+00:00
[2022-07-14 23:50:29,432] {processor.py:171} INFO - Processing /home/airflow/.local/lib/python3.7/site-packages/airflow/example_dags/example_task_group.py took 0.271 seconds
[2022-07-14 23:50:59,557] {processor.py:163} INFO - Started process (PID=961) to work on /home/airflow/.local/lib/python3.7/site-packages/airflow/example_dags/example_task_group.py
[2022-07-14 23:50:59,561] {processor.py:620} INFO - Processing file /home/airflow/.local/lib/python3.7/site-packages/airflow/example_dags/example_task_group.py for tasks to queue
[2022-07-14 23:50:59,564] {logging_mixin.py:109} INFO - [2022-07-14 23:50:59,564] {dagbag.py:500} INFO - Filling up the DagBag from /home/airflow/.local/lib/python3.7/site-packages/airflow/example_dags/example_task_group.py
[2022-07-14 23:50:59,656] {processor.py:632} INFO - DAG(s) dict_keys(['example_task_group']) retrieved from /home/airflow/.local/lib/python3.7/site-packages/airflow/example_dags/example_task_group.py
[2022-07-14 23:50:59,706] {logging_mixin.py:109} INFO - [2022-07-14 23:50:59,705] {dag.py:2389} INFO - Sync 1 DAGs
[2022-07-14 23:50:59,768] {logging_mixin.py:109} INFO - [2022-07-14 23:50:59,768] {dag.py:2921} INFO - Setting next_dagrun for example_task_group to 2022-07-13T23:50:59.766390+00:00
[2022-07-14 23:50:59,798] {processor.py:171} INFO - Processing /home/airflow/.local/lib/python3.7/site-packages/airflow/example_dags/example_task_group.py took 0.248 seconds
[2022-07-14 23:51:30,216] {processor.py:163} INFO - Started process (PID=1059) to work on /home/airflow/.local/lib/python3.7/site-packages/airflow/example_dags/example_task_group.py
[2022-07-14 23:51:30,222] {processor.py:620} INFO - Processing file /home/airflow/.local/lib/python3.7/site-packages/airflow/example_dags/example_task_group.py for tasks to queue
[2022-07-14 23:51:30,226] {logging_mixin.py:109} INFO - [2022-07-14 23:51:30,225] {dagbag.py:500} INFO - Filling up the DagBag from /home/airflow/.local/lib/python3.7/site-packages/airflow/example_dags/example_task_group.py
[2022-07-14 23:51:30,314] {processor.py:632} INFO - DAG(s) dict_keys(['example_task_group']) retrieved from /home/airflow/.local/lib/python3.7/site-packages/airflow/example_dags/example_task_group.py
[2022-07-14 23:51:30,366] {logging_mixin.py:109} INFO - [2022-07-14 23:51:30,365] {dag.py:2389} INFO - Sync 1 DAGs
[2022-07-14 23:51:30,434] {logging_mixin.py:109} INFO - [2022-07-14 23:51:30,433] {dag.py:2921} INFO - Setting next_dagrun for example_task_group to 2022-07-13T23:51:30.431544+00:00
[2022-07-14 23:51:30,467] {processor.py:171} INFO - Processing /home/airflow/.local/lib/python3.7/site-packages/airflow/example_dags/example_task_group.py took 0.263 seconds
[2022-07-14 23:52:00,623] {processor.py:163} INFO - Started process (PID=1141) to work on /home/airflow/.local/lib/python3.7/site-packages/airflow/example_dags/example_task_group.py
[2022-07-14 23:52:00,627] {processor.py:620} INFO - Processing file /home/airflow/.local/lib/python3.7/site-packages/airflow/example_dags/example_task_group.py for tasks to queue
[2022-07-14 23:52:00,630] {logging_mixin.py:109} INFO - [2022-07-14 23:52:00,630] {dagbag.py:500} INFO - Filling up the DagBag from /home/airflow/.local/lib/python3.7/site-packages/airflow/example_dags/example_task_group.py
[2022-07-14 23:52:00,717] {processor.py:632} INFO - DAG(s) dict_keys(['example_task_group']) retrieved from /home/airflow/.local/lib/python3.7/site-packages/airflow/example_dags/example_task_group.py
[2022-07-14 23:52:00,768] {logging_mixin.py:109} INFO - [2022-07-14 23:52:00,767] {dag.py:2389} INFO - Sync 1 DAGs
[2022-07-14 23:52:00,832] {logging_mixin.py:109} INFO - [2022-07-14 23:52:00,831] {dag.py:2921} INFO - Setting next_dagrun for example_task_group to 2022-07-13T23:52:00.829972+00:00
[2022-07-14 23:52:00,864] {processor.py:171} INFO - Processing /home/airflow/.local/lib/python3.7/site-packages/airflow/example_dags/example_task_group.py took 0.248 seconds
[2022-07-14 23:52:31,319] {processor.py:163} INFO - Started process (PID=1237) to work on /home/airflow/.local/lib/python3.7/site-packages/airflow/example_dags/example_task_group.py
[2022-07-14 23:52:31,324] {processor.py:620} INFO - Processing file /home/airflow/.local/lib/python3.7/site-packages/airflow/example_dags/example_task_group.py for tasks to queue
[2022-07-14 23:52:31,328] {logging_mixin.py:109} INFO - [2022-07-14 23:52:31,327] {dagbag.py:500} INFO - Filling up the DagBag from /home/airflow/.local/lib/python3.7/site-packages/airflow/example_dags/example_task_group.py
[2022-07-14 23:52:31,419] {processor.py:632} INFO - DAG(s) dict_keys(['example_task_group']) retrieved from /home/airflow/.local/lib/python3.7/site-packages/airflow/example_dags/example_task_group.py
[2022-07-14 23:52:31,470] {logging_mixin.py:109} INFO - [2022-07-14 23:52:31,469] {dag.py:2389} INFO - Sync 1 DAGs
[2022-07-14 23:52:31,537] {logging_mixin.py:109} INFO - [2022-07-14 23:52:31,537] {dag.py:2921} INFO - Setting next_dagrun for example_task_group to 2022-07-13T23:52:31.535403+00:00
[2022-07-14 23:52:31,573] {processor.py:171} INFO - Processing /home/airflow/.local/lib/python3.7/site-packages/airflow/example_dags/example_task_group.py took 0.262 seconds
[2022-07-14 23:53:02,450] {processor.py:163} INFO - Started process (PID=1318) to work on /home/airflow/.local/lib/python3.7/site-packages/airflow/example_dags/example_task_group.py
[2022-07-14 23:53:02,456] {processor.py:620} INFO - Processing file /home/airflow/.local/lib/python3.7/site-packages/airflow/example_dags/example_task_group.py for tasks to queue
[2022-07-14 23:53:02,459] {logging_mixin.py:109} INFO - [2022-07-14 23:53:02,458] {dagbag.py:500} INFO - Filling up the DagBag from /home/airflow/.local/lib/python3.7/site-packages/airflow/example_dags/example_task_group.py
[2022-07-14 23:53:02,543] {processor.py:632} INFO - DAG(s) dict_keys(['example_task_group']) retrieved from /home/airflow/.local/lib/python3.7/site-packages/airflow/example_dags/example_task_group.py
[2022-07-14 23:53:02,593] {logging_mixin.py:109} INFO - [2022-07-14 23:53:02,592] {dag.py:2389} INFO - Sync 1 DAGs
[2022-07-14 23:53:02,658] {logging_mixin.py:109} INFO - [2022-07-14 23:53:02,657] {dag.py:2921} INFO - Setting next_dagrun for example_task_group to 2022-07-13T23:53:02.655723+00:00
[2022-07-14 23:53:02,687] {processor.py:171} INFO - Processing /home/airflow/.local/lib/python3.7/site-packages/airflow/example_dags/example_task_group.py took 0.246 seconds
[2022-07-14 23:53:32,936] {processor.py:163} INFO - Started process (PID=1416) to work on /home/airflow/.local/lib/python3.7/site-packages/airflow/example_dags/example_task_group.py
[2022-07-14 23:53:32,942] {processor.py:620} INFO - Processing file /home/airflow/.local/lib/python3.7/site-packages/airflow/example_dags/example_task_group.py for tasks to queue
[2022-07-14 23:53:32,945] {logging_mixin.py:109} INFO - [2022-07-14 23:53:32,944] {dagbag.py:500} INFO - Filling up the DagBag from /home/airflow/.local/lib/python3.7/site-packages/airflow/example_dags/example_task_group.py
[2022-07-14 23:53:33,050] {processor.py:632} INFO - DAG(s) dict_keys(['example_task_group']) retrieved from /home/airflow/.local/lib/python3.7/site-packages/airflow/example_dags/example_task_group.py
[2022-07-14 23:53:33,149] {logging_mixin.py:109} INFO - [2022-07-14 23:53:33,149] {dag.py:2389} INFO - Sync 1 DAGs
[2022-07-14 23:53:33,232] {logging_mixin.py:109} INFO - [2022-07-14 23:53:33,232] {dag.py:2921} INFO - Setting next_dagrun for example_task_group to 2022-07-13T23:53:33.230283+00:00
[2022-07-14 23:53:33,265] {processor.py:171} INFO - Processing /home/airflow/.local/lib/python3.7/site-packages/airflow/example_dags/example_task_group.py took 0.336 seconds
[2022-07-14 23:54:03,354] {processor.py:163} INFO - Started process (PID=1496) to work on /home/airflow/.local/lib/python3.7/site-packages/airflow/example_dags/example_task_group.py
[2022-07-14 23:54:03,359] {processor.py:620} INFO - Processing file /home/airflow/.local/lib/python3.7/site-packages/airflow/example_dags/example_task_group.py for tasks to queue
[2022-07-14 23:54:03,363] {logging_mixin.py:109} INFO - [2022-07-14 23:54:03,362] {dagbag.py:500} INFO - Filling up the DagBag from /home/airflow/.local/lib/python3.7/site-packages/airflow/example_dags/example_task_group.py
[2022-07-14 23:54:03,441] {processor.py:632} INFO - DAG(s) dict_keys(['example_task_group']) retrieved from /home/airflow/.local/lib/python3.7/site-packages/airflow/example_dags/example_task_group.py
[2022-07-14 23:54:03,488] {logging_mixin.py:109} INFO - [2022-07-14 23:54:03,487] {dag.py:2389} INFO - Sync 1 DAGs
[2022-07-14 23:54:03,548] {logging_mixin.py:109} INFO - [2022-07-14 23:54:03,547] {dag.py:2921} INFO - Setting next_dagrun for example_task_group to 2022-07-13T23:54:03.545675+00:00
[2022-07-14 23:54:03,575] {processor.py:171} INFO - Processing /home/airflow/.local/lib/python3.7/site-packages/airflow/example_dags/example_task_group.py took 0.229 seconds
[2022-07-14 23:54:33,833] {processor.py:163} INFO - Started process (PID=1594) to work on /home/airflow/.local/lib/python3.7/site-packages/airflow/example_dags/example_task_group.py
[2022-07-14 23:54:33,838] {processor.py:620} INFO - Processing file /home/airflow/.local/lib/python3.7/site-packages/airflow/example_dags/example_task_group.py for tasks to queue
[2022-07-14 23:54:33,841] {logging_mixin.py:109} INFO - [2022-07-14 23:54:33,840] {dagbag.py:500} INFO - Filling up the DagBag from /home/airflow/.local/lib/python3.7/site-packages/airflow/example_dags/example_task_group.py
[2022-07-14 23:54:33,943] {processor.py:632} INFO - DAG(s) dict_keys(['example_task_group']) retrieved from /home/airflow/.local/lib/python3.7/site-packages/airflow/example_dags/example_task_group.py
[2022-07-14 23:54:33,994] {logging_mixin.py:109} INFO - [2022-07-14 23:54:33,994] {dag.py:2389} INFO - Sync 1 DAGs
[2022-07-14 23:54:34,068] {logging_mixin.py:109} INFO - [2022-07-14 23:54:34,067] {dag.py:2921} INFO - Setting next_dagrun for example_task_group to 2022-07-13T23:54:34.065765+00:00
[2022-07-14 23:54:34,109] {processor.py:171} INFO - Processing /home/airflow/.local/lib/python3.7/site-packages/airflow/example_dags/example_task_group.py took 0.286 seconds
[2022-07-14 23:55:04,628] {processor.py:163} INFO - Started process (PID=1686) to work on /home/airflow/.local/lib/python3.7/site-packages/airflow/example_dags/example_task_group.py
[2022-07-14 23:55:04,632] {processor.py:620} INFO - Processing file /home/airflow/.local/lib/python3.7/site-packages/airflow/example_dags/example_task_group.py for tasks to queue
[2022-07-14 23:55:04,636] {logging_mixin.py:109} INFO - [2022-07-14 23:55:04,635] {dagbag.py:500} INFO - Filling up the DagBag from /home/airflow/.local/lib/python3.7/site-packages/airflow/example_dags/example_task_group.py
[2022-07-14 23:55:04,712] {processor.py:632} INFO - DAG(s) dict_keys(['example_task_group']) retrieved from /home/airflow/.local/lib/python3.7/site-packages/airflow/example_dags/example_task_group.py
[2022-07-14 23:55:04,760] {logging_mixin.py:109} INFO - [2022-07-14 23:55:04,759] {dag.py:2389} INFO - Sync 1 DAGs
[2022-07-14 23:55:04,823] {logging_mixin.py:109} INFO - [2022-07-14 23:55:04,823] {dag.py:2921} INFO - Setting next_dagrun for example_task_group to 2022-07-13T23:55:04.821223+00:00
[2022-07-14 23:55:04,864] {processor.py:171} INFO - Processing /home/airflow/.local/lib/python3.7/site-packages/airflow/example_dags/example_task_group.py took 0.243 seconds
[2022-07-14 23:55:35,622] {processor.py:163} INFO - Started process (PID=1774) to work on /home/airflow/.local/lib/python3.7/site-packages/airflow/example_dags/example_task_group.py
[2022-07-14 23:55:35,626] {processor.py:620} INFO - Processing file /home/airflow/.local/lib/python3.7/site-packages/airflow/example_dags/example_task_group.py for tasks to queue
[2022-07-14 23:55:35,629] {logging_mixin.py:109} INFO - [2022-07-14 23:55:35,629] {dagbag.py:500} INFO - Filling up the DagBag from /home/airflow/.local/lib/python3.7/site-packages/airflow/example_dags/example_task_group.py
[2022-07-14 23:55:35,708] {processor.py:632} INFO - DAG(s) dict_keys(['example_task_group']) retrieved from /home/airflow/.local/lib/python3.7/site-packages/airflow/example_dags/example_task_group.py
[2022-07-14 23:55:35,759] {logging_mixin.py:109} INFO - [2022-07-14 23:55:35,759] {dag.py:2389} INFO - Sync 1 DAGs
[2022-07-14 23:55:35,872] {logging_mixin.py:109} INFO - [2022-07-14 23:55:35,871] {dag.py:2921} INFO - Setting next_dagrun for example_task_group to 2022-07-13T23:55:35.869850+00:00
[2022-07-14 23:55:35,908] {processor.py:171} INFO - Processing /home/airflow/.local/lib/python3.7/site-packages/airflow/example_dags/example_task_group.py took 0.292 seconds
[2022-07-14 23:56:06,653] {processor.py:163} INFO - Started process (PID=1872) to work on /home/airflow/.local/lib/python3.7/site-packages/airflow/example_dags/example_task_group.py
[2022-07-14 23:56:06,657] {processor.py:620} INFO - Processing file /home/airflow/.local/lib/python3.7/site-packages/airflow/example_dags/example_task_group.py for tasks to queue
[2022-07-14 23:56:06,661] {logging_mixin.py:109} INFO - [2022-07-14 23:56:06,660] {dagbag.py:500} INFO - Filling up the DagBag from /home/airflow/.local/lib/python3.7/site-packages/airflow/example_dags/example_task_group.py
[2022-07-14 23:56:06,745] {processor.py:632} INFO - DAG(s) dict_keys(['example_task_group']) retrieved from /home/airflow/.local/lib/python3.7/site-packages/airflow/example_dags/example_task_group.py
[2022-07-14 23:56:06,798] {logging_mixin.py:109} INFO - [2022-07-14 23:56:06,798] {dag.py:2389} INFO - Sync 1 DAGs
[2022-07-14 23:56:06,866] {logging_mixin.py:109} INFO - [2022-07-14 23:56:06,865] {dag.py:2921} INFO - Setting next_dagrun for example_task_group to 2022-07-13T23:56:06.863951+00:00
[2022-07-14 23:56:06,908] {processor.py:171} INFO - Processing /home/airflow/.local/lib/python3.7/site-packages/airflow/example_dags/example_task_group.py took 0.263 seconds
[2022-07-14 23:56:37,079] {processor.py:163} INFO - Started process (PID=1954) to work on /home/airflow/.local/lib/python3.7/site-packages/airflow/example_dags/example_task_group.py
[2022-07-14 23:56:37,083] {processor.py:620} INFO - Processing file /home/airflow/.local/lib/python3.7/site-packages/airflow/example_dags/example_task_group.py for tasks to queue
[2022-07-14 23:56:37,087] {logging_mixin.py:109} INFO - [2022-07-14 23:56:37,086] {dagbag.py:500} INFO - Filling up the DagBag from /home/airflow/.local/lib/python3.7/site-packages/airflow/example_dags/example_task_group.py
[2022-07-14 23:56:37,173] {processor.py:632} INFO - DAG(s) dict_keys(['example_task_group']) retrieved from /home/airflow/.local/lib/python3.7/site-packages/airflow/example_dags/example_task_group.py
[2022-07-14 23:56:37,224] {logging_mixin.py:109} INFO - [2022-07-14 23:56:37,223] {dag.py:2389} INFO - Sync 1 DAGs
[2022-07-14 23:56:37,334] {logging_mixin.py:109} INFO - [2022-07-14 23:56:37,333] {dag.py:2921} INFO - Setting next_dagrun for example_task_group to 2022-07-13T23:56:37.331669+00:00
[2022-07-14 23:56:37,384] {processor.py:171} INFO - Processing /home/airflow/.local/lib/python3.7/site-packages/airflow/example_dags/example_task_group.py took 0.313 seconds
[2022-07-14 23:57:07,976] {processor.py:163} INFO - Started process (PID=2051) to work on /home/airflow/.local/lib/python3.7/site-packages/airflow/example_dags/example_task_group.py
[2022-07-14 23:57:07,981] {processor.py:620} INFO - Processing file /home/airflow/.local/lib/python3.7/site-packages/airflow/example_dags/example_task_group.py for tasks to queue
[2022-07-14 23:57:07,984] {logging_mixin.py:109} INFO - [2022-07-14 23:57:07,984] {dagbag.py:500} INFO - Filling up the DagBag from /home/airflow/.local/lib/python3.7/site-packages/airflow/example_dags/example_task_group.py
[2022-07-14 23:57:08,079] {processor.py:632} INFO - DAG(s) dict_keys(['example_task_group']) retrieved from /home/airflow/.local/lib/python3.7/site-packages/airflow/example_dags/example_task_group.py
[2022-07-14 23:57:08,129] {logging_mixin.py:109} INFO - [2022-07-14 23:57:08,129] {dag.py:2389} INFO - Sync 1 DAGs
[2022-07-14 23:57:08,195] {logging_mixin.py:109} INFO - [2022-07-14 23:57:08,195] {dag.py:2921} INFO - Setting next_dagrun for example_task_group to 2022-07-13T23:57:08.192675+00:00
[2022-07-14 23:57:08,251] {processor.py:171} INFO - Processing /home/airflow/.local/lib/python3.7/site-packages/airflow/example_dags/example_task_group.py took 0.282 seconds
[2022-07-14 23:57:38,424] {processor.py:163} INFO - Started process (PID=2133) to work on /home/airflow/.local/lib/python3.7/site-packages/airflow/example_dags/example_task_group.py
[2022-07-14 23:57:38,428] {processor.py:620} INFO - Processing file /home/airflow/.local/lib/python3.7/site-packages/airflow/example_dags/example_task_group.py for tasks to queue
[2022-07-14 23:57:38,431] {logging_mixin.py:109} INFO - [2022-07-14 23:57:38,430] {dagbag.py:500} INFO - Filling up the DagBag from /home/airflow/.local/lib/python3.7/site-packages/airflow/example_dags/example_task_group.py
[2022-07-14 23:57:38,505] {processor.py:632} INFO - DAG(s) dict_keys(['example_task_group']) retrieved from /home/airflow/.local/lib/python3.7/site-packages/airflow/example_dags/example_task_group.py
[2022-07-14 23:57:38,550] {logging_mixin.py:109} INFO - [2022-07-14 23:57:38,550] {dag.py:2389} INFO - Sync 1 DAGs
[2022-07-14 23:57:38,608] {logging_mixin.py:109} INFO - [2022-07-14 23:57:38,607] {dag.py:2921} INFO - Setting next_dagrun for example_task_group to 2022-07-13T23:57:38.605536+00:00
[2022-07-14 23:57:38,638] {processor.py:171} INFO - Processing /home/airflow/.local/lib/python3.7/site-packages/airflow/example_dags/example_task_group.py took 0.221 seconds
[2022-07-14 23:58:08,942] {processor.py:163} INFO - Started process (PID=2231) to work on /home/airflow/.local/lib/python3.7/site-packages/airflow/example_dags/example_task_group.py
[2022-07-14 23:58:08,947] {processor.py:620} INFO - Processing file /home/airflow/.local/lib/python3.7/site-packages/airflow/example_dags/example_task_group.py for tasks to queue
[2022-07-14 23:58:08,950] {logging_mixin.py:109} INFO - [2022-07-14 23:58:08,950] {dagbag.py:500} INFO - Filling up the DagBag from /home/airflow/.local/lib/python3.7/site-packages/airflow/example_dags/example_task_group.py
[2022-07-14 23:58:09,025] {processor.py:632} INFO - DAG(s) dict_keys(['example_task_group']) retrieved from /home/airflow/.local/lib/python3.7/site-packages/airflow/example_dags/example_task_group.py
[2022-07-14 23:58:09,071] {logging_mixin.py:109} INFO - [2022-07-14 23:58:09,070] {dag.py:2389} INFO - Sync 1 DAGs
[2022-07-14 23:58:09,130] {logging_mixin.py:109} INFO - [2022-07-14 23:58:09,130] {dag.py:2921} INFO - Setting next_dagrun for example_task_group to 2022-07-13T23:58:09.128546+00:00
[2022-07-14 23:58:09,160] {processor.py:171} INFO - Processing /home/airflow/.local/lib/python3.7/site-packages/airflow/example_dags/example_task_group.py took 0.224 seconds
[2022-07-14 23:58:39,441] {processor.py:163} INFO - Started process (PID=2313) to work on /home/airflow/.local/lib/python3.7/site-packages/airflow/example_dags/example_task_group.py
[2022-07-14 23:58:39,445] {processor.py:620} INFO - Processing file /home/airflow/.local/lib/python3.7/site-packages/airflow/example_dags/example_task_group.py for tasks to queue
[2022-07-14 23:58:39,447] {logging_mixin.py:109} INFO - [2022-07-14 23:58:39,447] {dagbag.py:500} INFO - Filling up the DagBag from /home/airflow/.local/lib/python3.7/site-packages/airflow/example_dags/example_task_group.py
[2022-07-14 23:58:39,515] {processor.py:632} INFO - DAG(s) dict_keys(['example_task_group']) retrieved from /home/airflow/.local/lib/python3.7/site-packages/airflow/example_dags/example_task_group.py
[2022-07-14 23:58:39,557] {logging_mixin.py:109} INFO - [2022-07-14 23:58:39,557] {dag.py:2389} INFO - Sync 1 DAGs
[2022-07-14 23:58:39,613] {logging_mixin.py:109} INFO - [2022-07-14 23:58:39,613] {dag.py:2921} INFO - Setting next_dagrun for example_task_group to 2022-07-13T23:58:39.611263+00:00
[2022-07-14 23:58:39,639] {processor.py:171} INFO - Processing /home/airflow/.local/lib/python3.7/site-packages/airflow/example_dags/example_task_group.py took 0.205 seconds
[2022-07-14 23:59:10,697] {processor.py:163} INFO - Started process (PID=2411) to work on /home/airflow/.local/lib/python3.7/site-packages/airflow/example_dags/example_task_group.py
[2022-07-14 23:59:10,702] {processor.py:620} INFO - Processing file /home/airflow/.local/lib/python3.7/site-packages/airflow/example_dags/example_task_group.py for tasks to queue
[2022-07-14 23:59:10,711] {logging_mixin.py:109} INFO - [2022-07-14 23:59:10,710] {dagbag.py:500} INFO - Filling up the DagBag from /home/airflow/.local/lib/python3.7/site-packages/airflow/example_dags/example_task_group.py
[2022-07-14 23:59:10,812] {processor.py:632} INFO - DAG(s) dict_keys(['example_task_group']) retrieved from /home/airflow/.local/lib/python3.7/site-packages/airflow/example_dags/example_task_group.py
[2022-07-14 23:59:10,867] {logging_mixin.py:109} INFO - [2022-07-14 23:59:10,867] {dag.py:2389} INFO - Sync 1 DAGs
[2022-07-14 23:59:10,928] {logging_mixin.py:109} INFO - [2022-07-14 23:59:10,927] {dag.py:2921} INFO - Setting next_dagrun for example_task_group to 2022-07-13T23:59:10.926122+00:00
[2022-07-14 23:59:10,956] {processor.py:171} INFO - Processing /home/airflow/.local/lib/python3.7/site-packages/airflow/example_dags/example_task_group.py took 0.266 seconds
[2022-07-14 23:59:41,048] {processor.py:163} INFO - Started process (PID=2491) to work on /home/airflow/.local/lib/python3.7/site-packages/airflow/example_dags/example_task_group.py
[2022-07-14 23:59:41,052] {processor.py:620} INFO - Processing file /home/airflow/.local/lib/python3.7/site-packages/airflow/example_dags/example_task_group.py for tasks to queue
[2022-07-14 23:59:41,055] {logging_mixin.py:109} INFO - [2022-07-14 23:59:41,055] {dagbag.py:500} INFO - Filling up the DagBag from /home/airflow/.local/lib/python3.7/site-packages/airflow/example_dags/example_task_group.py
[2022-07-14 23:59:41,134] {processor.py:632} INFO - DAG(s) dict_keys(['example_task_group']) retrieved from /home/airflow/.local/lib/python3.7/site-packages/airflow/example_dags/example_task_group.py
[2022-07-14 23:59:41,182] {logging_mixin.py:109} INFO - [2022-07-14 23:59:41,181] {dag.py:2389} INFO - Sync 1 DAGs
[2022-07-14 23:59:41,241] {logging_mixin.py:109} INFO - [2022-07-14 23:59:41,240] {dag.py:2921} INFO - Setting next_dagrun for example_task_group to 2022-07-13T23:59:41.238575+00:00
[2022-07-14 23:59:41,268] {processor.py:171} INFO - Processing /home/airflow/.local/lib/python3.7/site-packages/airflow/example_dags/example_task_group.py took 0.227 seconds
