[2022-07-14 23:41:47,934] {processor.py:163} INFO - Started process (PID=384) to work on /home/airflow/.local/lib/python3.7/site-packages/airflow/example_dags/example_skip_dag.py
[2022-07-14 23:41:47,973] {processor.py:620} INFO - Processing file /home/airflow/.local/lib/python3.7/site-packages/airflow/example_dags/example_skip_dag.py for tasks to queue
[2022-07-14 23:41:47,994] {logging_mixin.py:109} INFO - [2022-07-14 23:41:47,993] {dagbag.py:500} INFO - Filling up the DagBag from /home/airflow/.local/lib/python3.7/site-packages/airflow/example_dags/example_skip_dag.py
[2022-07-14 23:41:48,568] {processor.py:632} INFO - DAG(s) dict_keys(['example_skip_dag']) retrieved from /home/airflow/.local/lib/python3.7/site-packages/airflow/example_dags/example_skip_dag.py
[2022-07-14 23:41:48,882] {logging_mixin.py:109} INFO - [2022-07-14 23:41:48,881] {dag.py:2389} INFO - Sync 1 DAGs
[2022-07-14 23:41:49,296] {logging_mixin.py:109} INFO - [2022-07-14 23:41:49,295] {dag.py:2921} INFO - Setting next_dagrun for example_skip_dag to 2022-07-13T23:41:49.279174+00:00
[2022-07-14 23:41:49,506] {processor.py:171} INFO - Processing /home/airflow/.local/lib/python3.7/site-packages/airflow/example_dags/example_skip_dag.py took 1.621 seconds
[2022-07-14 23:46:51,566] {processor.py:163} INFO - Started process (PID=241) to work on /home/airflow/.local/lib/python3.7/site-packages/airflow/example_dags/example_skip_dag.py
[2022-07-14 23:46:51,579] {processor.py:620} INFO - Processing file /home/airflow/.local/lib/python3.7/site-packages/airflow/example_dags/example_skip_dag.py for tasks to queue
[2022-07-14 23:46:51,587] {logging_mixin.py:109} INFO - [2022-07-14 23:46:51,586] {dagbag.py:500} INFO - Filling up the DagBag from /home/airflow/.local/lib/python3.7/site-packages/airflow/example_dags/example_skip_dag.py
[2022-07-14 23:46:51,787] {processor.py:632} INFO - DAG(s) dict_keys(['example_skip_dag']) retrieved from /home/airflow/.local/lib/python3.7/site-packages/airflow/example_dags/example_skip_dag.py
[2022-07-14 23:46:51,951] {logging_mixin.py:109} INFO - [2022-07-14 23:46:51,950] {dag.py:2389} INFO - Sync 1 DAGs
[2022-07-14 23:46:52,221] {logging_mixin.py:109} INFO - [2022-07-14 23:46:52,220] {dag.py:2921} INFO - Setting next_dagrun for example_skip_dag to 2022-07-13T23:46:52.206321+00:00
[2022-07-14 23:46:52,353] {processor.py:171} INFO - Processing /home/airflow/.local/lib/python3.7/site-packages/airflow/example_dags/example_skip_dag.py took 0.813 seconds
[2022-07-14 23:47:23,265] {processor.py:163} INFO - Started process (PID=321) to work on /home/airflow/.local/lib/python3.7/site-packages/airflow/example_dags/example_skip_dag.py
[2022-07-14 23:47:23,275] {processor.py:620} INFO - Processing file /home/airflow/.local/lib/python3.7/site-packages/airflow/example_dags/example_skip_dag.py for tasks to queue
[2022-07-14 23:47:23,280] {logging_mixin.py:109} INFO - [2022-07-14 23:47:23,280] {dagbag.py:500} INFO - Filling up the DagBag from /home/airflow/.local/lib/python3.7/site-packages/airflow/example_dags/example_skip_dag.py
[2022-07-14 23:47:23,450] {processor.py:632} INFO - DAG(s) dict_keys(['example_skip_dag']) retrieved from /home/airflow/.local/lib/python3.7/site-packages/airflow/example_dags/example_skip_dag.py
[2022-07-14 23:47:23,536] {logging_mixin.py:109} INFO - [2022-07-14 23:47:23,535] {dag.py:2389} INFO - Sync 1 DAGs
[2022-07-14 23:47:23,636] {logging_mixin.py:109} INFO - [2022-07-14 23:47:23,636] {dag.py:2921} INFO - Setting next_dagrun for example_skip_dag to 2022-07-13T23:47:23.634432+00:00
[2022-07-14 23:47:23,684] {processor.py:171} INFO - Processing /home/airflow/.local/lib/python3.7/site-packages/airflow/example_dags/example_skip_dag.py took 0.431 seconds
[2022-07-14 23:47:53,836] {processor.py:163} INFO - Started process (PID=418) to work on /home/airflow/.local/lib/python3.7/site-packages/airflow/example_dags/example_skip_dag.py
[2022-07-14 23:47:53,843] {processor.py:620} INFO - Processing file /home/airflow/.local/lib/python3.7/site-packages/airflow/example_dags/example_skip_dag.py for tasks to queue
[2022-07-14 23:47:53,849] {logging_mixin.py:109} INFO - [2022-07-14 23:47:53,849] {dagbag.py:500} INFO - Filling up the DagBag from /home/airflow/.local/lib/python3.7/site-packages/airflow/example_dags/example_skip_dag.py
[2022-07-14 23:47:53,955] {processor.py:632} INFO - DAG(s) dict_keys(['example_skip_dag']) retrieved from /home/airflow/.local/lib/python3.7/site-packages/airflow/example_dags/example_skip_dag.py
[2022-07-14 23:47:54,013] {logging_mixin.py:109} INFO - [2022-07-14 23:47:54,012] {dag.py:2389} INFO - Sync 1 DAGs
[2022-07-14 23:47:54,120] {logging_mixin.py:109} INFO - [2022-07-14 23:47:54,119] {dag.py:2921} INFO - Setting next_dagrun for example_skip_dag to 2022-07-13T23:47:54.118096+00:00
[2022-07-14 23:47:54,174] {processor.py:171} INFO - Processing /home/airflow/.local/lib/python3.7/site-packages/airflow/example_dags/example_skip_dag.py took 0.356 seconds
[2022-07-14 23:48:24,332] {processor.py:163} INFO - Started process (PID=508) to work on /home/airflow/.local/lib/python3.7/site-packages/airflow/example_dags/example_skip_dag.py
[2022-07-14 23:48:24,337] {processor.py:620} INFO - Processing file /home/airflow/.local/lib/python3.7/site-packages/airflow/example_dags/example_skip_dag.py for tasks to queue
[2022-07-14 23:48:24,341] {logging_mixin.py:109} INFO - [2022-07-14 23:48:24,340] {dagbag.py:500} INFO - Filling up the DagBag from /home/airflow/.local/lib/python3.7/site-packages/airflow/example_dags/example_skip_dag.py
[2022-07-14 23:48:24,414] {processor.py:632} INFO - DAG(s) dict_keys(['example_skip_dag']) retrieved from /home/airflow/.local/lib/python3.7/site-packages/airflow/example_dags/example_skip_dag.py
[2022-07-14 23:48:24,459] {logging_mixin.py:109} INFO - [2022-07-14 23:48:24,458] {dag.py:2389} INFO - Sync 1 DAGs
[2022-07-14 23:48:24,520] {logging_mixin.py:109} INFO - [2022-07-14 23:48:24,519] {dag.py:2921} INFO - Setting next_dagrun for example_skip_dag to 2022-07-13T23:48:24.517773+00:00
[2022-07-14 23:48:24,550] {processor.py:171} INFO - Processing /home/airflow/.local/lib/python3.7/site-packages/airflow/example_dags/example_skip_dag.py took 0.225 seconds
[2022-07-14 23:48:54,940] {processor.py:163} INFO - Started process (PID=596) to work on /home/airflow/.local/lib/python3.7/site-packages/airflow/example_dags/example_skip_dag.py
[2022-07-14 23:48:54,948] {processor.py:620} INFO - Processing file /home/airflow/.local/lib/python3.7/site-packages/airflow/example_dags/example_skip_dag.py for tasks to queue
[2022-07-14 23:48:54,951] {logging_mixin.py:109} INFO - [2022-07-14 23:48:54,951] {dagbag.py:500} INFO - Filling up the DagBag from /home/airflow/.local/lib/python3.7/site-packages/airflow/example_dags/example_skip_dag.py
[2022-07-14 23:48:55,021] {processor.py:632} INFO - DAG(s) dict_keys(['example_skip_dag']) retrieved from /home/airflow/.local/lib/python3.7/site-packages/airflow/example_dags/example_skip_dag.py
[2022-07-14 23:48:55,067] {logging_mixin.py:109} INFO - [2022-07-14 23:48:55,066] {dag.py:2389} INFO - Sync 1 DAGs
[2022-07-14 23:48:55,136] {logging_mixin.py:109} INFO - [2022-07-14 23:48:55,136] {dag.py:2921} INFO - Setting next_dagrun for example_skip_dag to 2022-07-13T23:48:55.134707+00:00
[2022-07-14 23:48:55,165] {processor.py:171} INFO - Processing /home/airflow/.local/lib/python3.7/site-packages/airflow/example_dags/example_skip_dag.py took 0.232 seconds
[2022-07-14 23:49:25,479] {processor.py:163} INFO - Started process (PID=688) to work on /home/airflow/.local/lib/python3.7/site-packages/airflow/example_dags/example_skip_dag.py
[2022-07-14 23:49:25,484] {processor.py:620} INFO - Processing file /home/airflow/.local/lib/python3.7/site-packages/airflow/example_dags/example_skip_dag.py for tasks to queue
[2022-07-14 23:49:25,487] {logging_mixin.py:109} INFO - [2022-07-14 23:49:25,487] {dagbag.py:500} INFO - Filling up the DagBag from /home/airflow/.local/lib/python3.7/site-packages/airflow/example_dags/example_skip_dag.py
[2022-07-14 23:49:25,583] {processor.py:632} INFO - DAG(s) dict_keys(['example_skip_dag']) retrieved from /home/airflow/.local/lib/python3.7/site-packages/airflow/example_dags/example_skip_dag.py
[2022-07-14 23:49:25,635] {logging_mixin.py:109} INFO - [2022-07-14 23:49:25,634] {dag.py:2389} INFO - Sync 1 DAGs
[2022-07-14 23:49:25,703] {logging_mixin.py:109} INFO - [2022-07-14 23:49:25,703] {dag.py:2921} INFO - Setting next_dagrun for example_skip_dag to 2022-07-13T23:49:25.701113+00:00
[2022-07-14 23:49:25,738] {processor.py:171} INFO - Processing /home/airflow/.local/lib/python3.7/site-packages/airflow/example_dags/example_skip_dag.py took 0.267 seconds
[2022-07-14 23:49:55,932] {processor.py:163} INFO - Started process (PID=774) to work on /home/airflow/.local/lib/python3.7/site-packages/airflow/example_dags/example_skip_dag.py
[2022-07-14 23:49:55,936] {processor.py:620} INFO - Processing file /home/airflow/.local/lib/python3.7/site-packages/airflow/example_dags/example_skip_dag.py for tasks to queue
[2022-07-14 23:49:55,940] {logging_mixin.py:109} INFO - [2022-07-14 23:49:55,940] {dagbag.py:500} INFO - Filling up the DagBag from /home/airflow/.local/lib/python3.7/site-packages/airflow/example_dags/example_skip_dag.py
[2022-07-14 23:49:56,018] {processor.py:632} INFO - DAG(s) dict_keys(['example_skip_dag']) retrieved from /home/airflow/.local/lib/python3.7/site-packages/airflow/example_dags/example_skip_dag.py
[2022-07-14 23:49:56,066] {logging_mixin.py:109} INFO - [2022-07-14 23:49:56,065] {dag.py:2389} INFO - Sync 1 DAGs
[2022-07-14 23:49:56,133] {logging_mixin.py:109} INFO - [2022-07-14 23:49:56,132] {dag.py:2921} INFO - Setting next_dagrun for example_skip_dag to 2022-07-13T23:49:56.130330+00:00
[2022-07-14 23:49:56,165] {processor.py:171} INFO - Processing /home/airflow/.local/lib/python3.7/site-packages/airflow/example_dags/example_skip_dag.py took 0.244 seconds
[2022-07-14 23:50:26,535] {processor.py:163} INFO - Started process (PID=872) to work on /home/airflow/.local/lib/python3.7/site-packages/airflow/example_dags/example_skip_dag.py
[2022-07-14 23:50:26,540] {processor.py:620} INFO - Processing file /home/airflow/.local/lib/python3.7/site-packages/airflow/example_dags/example_skip_dag.py for tasks to queue
[2022-07-14 23:50:26,543] {logging_mixin.py:109} INFO - [2022-07-14 23:50:26,543] {dagbag.py:500} INFO - Filling up the DagBag from /home/airflow/.local/lib/python3.7/site-packages/airflow/example_dags/example_skip_dag.py
[2022-07-14 23:50:26,629] {processor.py:632} INFO - DAG(s) dict_keys(['example_skip_dag']) retrieved from /home/airflow/.local/lib/python3.7/site-packages/airflow/example_dags/example_skip_dag.py
[2022-07-14 23:50:26,677] {logging_mixin.py:109} INFO - [2022-07-14 23:50:26,677] {dag.py:2389} INFO - Sync 1 DAGs
[2022-07-14 23:50:26,750] {logging_mixin.py:109} INFO - [2022-07-14 23:50:26,749] {dag.py:2921} INFO - Setting next_dagrun for example_skip_dag to 2022-07-13T23:50:26.747096+00:00
[2022-07-14 23:50:26,784] {processor.py:171} INFO - Processing /home/airflow/.local/lib/python3.7/site-packages/airflow/example_dags/example_skip_dag.py took 0.257 seconds
[2022-07-14 23:50:56,883] {processor.py:163} INFO - Started process (PID=955) to work on /home/airflow/.local/lib/python3.7/site-packages/airflow/example_dags/example_skip_dag.py
[2022-07-14 23:50:56,888] {processor.py:620} INFO - Processing file /home/airflow/.local/lib/python3.7/site-packages/airflow/example_dags/example_skip_dag.py for tasks to queue
[2022-07-14 23:50:56,893] {logging_mixin.py:109} INFO - [2022-07-14 23:50:56,893] {dagbag.py:500} INFO - Filling up the DagBag from /home/airflow/.local/lib/python3.7/site-packages/airflow/example_dags/example_skip_dag.py
[2022-07-14 23:50:56,979] {processor.py:632} INFO - DAG(s) dict_keys(['example_skip_dag']) retrieved from /home/airflow/.local/lib/python3.7/site-packages/airflow/example_dags/example_skip_dag.py
[2022-07-14 23:50:57,087] {logging_mixin.py:109} INFO - [2022-07-14 23:50:57,086] {dag.py:2389} INFO - Sync 1 DAGs
[2022-07-14 23:50:57,159] {logging_mixin.py:109} INFO - [2022-07-14 23:50:57,159] {dag.py:2921} INFO - Setting next_dagrun for example_skip_dag to 2022-07-13T23:50:57.156922+00:00
[2022-07-14 23:50:57,195] {processor.py:171} INFO - Processing /home/airflow/.local/lib/python3.7/site-packages/airflow/example_dags/example_skip_dag.py took 0.320 seconds
[2022-07-14 23:51:27,548] {processor.py:163} INFO - Started process (PID=1051) to work on /home/airflow/.local/lib/python3.7/site-packages/airflow/example_dags/example_skip_dag.py
[2022-07-14 23:51:27,562] {processor.py:620} INFO - Processing file /home/airflow/.local/lib/python3.7/site-packages/airflow/example_dags/example_skip_dag.py for tasks to queue
[2022-07-14 23:51:27,566] {logging_mixin.py:109} INFO - [2022-07-14 23:51:27,566] {dagbag.py:500} INFO - Filling up the DagBag from /home/airflow/.local/lib/python3.7/site-packages/airflow/example_dags/example_skip_dag.py
[2022-07-14 23:51:27,660] {processor.py:632} INFO - DAG(s) dict_keys(['example_skip_dag']) retrieved from /home/airflow/.local/lib/python3.7/site-packages/airflow/example_dags/example_skip_dag.py
[2022-07-14 23:51:27,715] {logging_mixin.py:109} INFO - [2022-07-14 23:51:27,714] {dag.py:2389} INFO - Sync 1 DAGs
[2022-07-14 23:51:27,786] {logging_mixin.py:109} INFO - [2022-07-14 23:51:27,785] {dag.py:2921} INFO - Setting next_dagrun for example_skip_dag to 2022-07-13T23:51:27.783901+00:00
[2022-07-14 23:51:27,821] {processor.py:171} INFO - Processing /home/airflow/.local/lib/python3.7/site-packages/airflow/example_dags/example_skip_dag.py took 0.280 seconds
[2022-07-14 23:51:58,189] {processor.py:163} INFO - Started process (PID=1133) to work on /home/airflow/.local/lib/python3.7/site-packages/airflow/example_dags/example_skip_dag.py
[2022-07-14 23:51:58,194] {processor.py:620} INFO - Processing file /home/airflow/.local/lib/python3.7/site-packages/airflow/example_dags/example_skip_dag.py for tasks to queue
[2022-07-14 23:51:58,203] {logging_mixin.py:109} INFO - [2022-07-14 23:51:58,202] {dagbag.py:500} INFO - Filling up the DagBag from /home/airflow/.local/lib/python3.7/site-packages/airflow/example_dags/example_skip_dag.py
[2022-07-14 23:51:58,298] {processor.py:632} INFO - DAG(s) dict_keys(['example_skip_dag']) retrieved from /home/airflow/.local/lib/python3.7/site-packages/airflow/example_dags/example_skip_dag.py
[2022-07-14 23:51:58,354] {logging_mixin.py:109} INFO - [2022-07-14 23:51:58,353] {dag.py:2389} INFO - Sync 1 DAGs
[2022-07-14 23:51:58,506] {logging_mixin.py:109} INFO - [2022-07-14 23:51:58,505] {dag.py:2921} INFO - Setting next_dagrun for example_skip_dag to 2022-07-13T23:51:58.503910+00:00
[2022-07-14 23:51:58,562] {processor.py:171} INFO - Processing /home/airflow/.local/lib/python3.7/site-packages/airflow/example_dags/example_skip_dag.py took 0.381 seconds
[2022-07-14 23:52:28,643] {processor.py:163} INFO - Started process (PID=1228) to work on /home/airflow/.local/lib/python3.7/site-packages/airflow/example_dags/example_skip_dag.py
[2022-07-14 23:52:28,650] {processor.py:620} INFO - Processing file /home/airflow/.local/lib/python3.7/site-packages/airflow/example_dags/example_skip_dag.py for tasks to queue
[2022-07-14 23:52:28,653] {logging_mixin.py:109} INFO - [2022-07-14 23:52:28,653] {dagbag.py:500} INFO - Filling up the DagBag from /home/airflow/.local/lib/python3.7/site-packages/airflow/example_dags/example_skip_dag.py
[2022-07-14 23:52:28,749] {processor.py:632} INFO - DAG(s) dict_keys(['example_skip_dag']) retrieved from /home/airflow/.local/lib/python3.7/site-packages/airflow/example_dags/example_skip_dag.py
[2022-07-14 23:52:28,800] {logging_mixin.py:109} INFO - [2022-07-14 23:52:28,800] {dag.py:2389} INFO - Sync 1 DAGs
[2022-07-14 23:52:28,869] {logging_mixin.py:109} INFO - [2022-07-14 23:52:28,868] {dag.py:2921} INFO - Setting next_dagrun for example_skip_dag to 2022-07-13T23:52:28.866351+00:00
[2022-07-14 23:52:28,905] {processor.py:171} INFO - Processing /home/airflow/.local/lib/python3.7/site-packages/airflow/example_dags/example_skip_dag.py took 0.269 seconds
[2022-07-14 23:52:59,855] {processor.py:163} INFO - Started process (PID=1310) to work on /home/airflow/.local/lib/python3.7/site-packages/airflow/example_dags/example_skip_dag.py
[2022-07-14 23:52:59,860] {processor.py:620} INFO - Processing file /home/airflow/.local/lib/python3.7/site-packages/airflow/example_dags/example_skip_dag.py for tasks to queue
[2022-07-14 23:52:59,864] {logging_mixin.py:109} INFO - [2022-07-14 23:52:59,863] {dagbag.py:500} INFO - Filling up the DagBag from /home/airflow/.local/lib/python3.7/site-packages/airflow/example_dags/example_skip_dag.py
[2022-07-14 23:52:59,940] {processor.py:632} INFO - DAG(s) dict_keys(['example_skip_dag']) retrieved from /home/airflow/.local/lib/python3.7/site-packages/airflow/example_dags/example_skip_dag.py
[2022-07-14 23:52:59,985] {logging_mixin.py:109} INFO - [2022-07-14 23:52:59,984] {dag.py:2389} INFO - Sync 1 DAGs
[2022-07-14 23:53:00,054] {logging_mixin.py:109} INFO - [2022-07-14 23:53:00,053] {dag.py:2921} INFO - Setting next_dagrun for example_skip_dag to 2022-07-13T23:53:00.051940+00:00
[2022-07-14 23:53:00,091] {processor.py:171} INFO - Processing /home/airflow/.local/lib/python3.7/site-packages/airflow/example_dags/example_skip_dag.py took 0.243 seconds
[2022-07-14 23:53:30,223] {processor.py:163} INFO - Started process (PID=1408) to work on /home/airflow/.local/lib/python3.7/site-packages/airflow/example_dags/example_skip_dag.py
[2022-07-14 23:53:30,228] {processor.py:620} INFO - Processing file /home/airflow/.local/lib/python3.7/site-packages/airflow/example_dags/example_skip_dag.py for tasks to queue
[2022-07-14 23:53:30,231] {logging_mixin.py:109} INFO - [2022-07-14 23:53:30,230] {dagbag.py:500} INFO - Filling up the DagBag from /home/airflow/.local/lib/python3.7/site-packages/airflow/example_dags/example_skip_dag.py
[2022-07-14 23:53:30,306] {processor.py:632} INFO - DAG(s) dict_keys(['example_skip_dag']) retrieved from /home/airflow/.local/lib/python3.7/site-packages/airflow/example_dags/example_skip_dag.py
[2022-07-14 23:53:30,403] {logging_mixin.py:109} INFO - [2022-07-14 23:53:30,403] {dag.py:2389} INFO - Sync 1 DAGs
[2022-07-14 23:53:30,503] {logging_mixin.py:109} INFO - [2022-07-14 23:53:30,503] {dag.py:2921} INFO - Setting next_dagrun for example_skip_dag to 2022-07-13T23:53:30.499920+00:00
[2022-07-14 23:53:30,548] {processor.py:171} INFO - Processing /home/airflow/.local/lib/python3.7/site-packages/airflow/example_dags/example_skip_dag.py took 0.334 seconds
[2022-07-14 23:54:00,607] {processor.py:163} INFO - Started process (PID=1490) to work on /home/airflow/.local/lib/python3.7/site-packages/airflow/example_dags/example_skip_dag.py
[2022-07-14 23:54:00,612] {processor.py:620} INFO - Processing file /home/airflow/.local/lib/python3.7/site-packages/airflow/example_dags/example_skip_dag.py for tasks to queue
[2022-07-14 23:54:00,616] {logging_mixin.py:109} INFO - [2022-07-14 23:54:00,615] {dagbag.py:500} INFO - Filling up the DagBag from /home/airflow/.local/lib/python3.7/site-packages/airflow/example_dags/example_skip_dag.py
[2022-07-14 23:54:00,690] {processor.py:632} INFO - DAG(s) dict_keys(['example_skip_dag']) retrieved from /home/airflow/.local/lib/python3.7/site-packages/airflow/example_dags/example_skip_dag.py
[2022-07-14 23:54:00,736] {logging_mixin.py:109} INFO - [2022-07-14 23:54:00,735] {dag.py:2389} INFO - Sync 1 DAGs
[2022-07-14 23:54:00,794] {logging_mixin.py:109} INFO - [2022-07-14 23:54:00,794] {dag.py:2921} INFO - Setting next_dagrun for example_skip_dag to 2022-07-13T23:54:00.792350+00:00
[2022-07-14 23:54:00,824] {processor.py:171} INFO - Processing /home/airflow/.local/lib/python3.7/site-packages/airflow/example_dags/example_skip_dag.py took 0.223 seconds
[2022-07-14 23:54:31,550] {processor.py:163} INFO - Started process (PID=1588) to work on /home/airflow/.local/lib/python3.7/site-packages/airflow/example_dags/example_skip_dag.py
[2022-07-14 23:54:31,554] {processor.py:620} INFO - Processing file /home/airflow/.local/lib/python3.7/site-packages/airflow/example_dags/example_skip_dag.py for tasks to queue
[2022-07-14 23:54:31,557] {logging_mixin.py:109} INFO - [2022-07-14 23:54:31,557] {dagbag.py:500} INFO - Filling up the DagBag from /home/airflow/.local/lib/python3.7/site-packages/airflow/example_dags/example_skip_dag.py
[2022-07-14 23:54:31,631] {processor.py:632} INFO - DAG(s) dict_keys(['example_skip_dag']) retrieved from /home/airflow/.local/lib/python3.7/site-packages/airflow/example_dags/example_skip_dag.py
[2022-07-14 23:54:31,675] {logging_mixin.py:109} INFO - [2022-07-14 23:54:31,674] {dag.py:2389} INFO - Sync 1 DAGs
[2022-07-14 23:54:31,733] {logging_mixin.py:109} INFO - [2022-07-14 23:54:31,733] {dag.py:2921} INFO - Setting next_dagrun for example_skip_dag to 2022-07-13T23:54:31.731823+00:00
[2022-07-14 23:54:31,762] {processor.py:171} INFO - Processing /home/airflow/.local/lib/python3.7/site-packages/airflow/example_dags/example_skip_dag.py took 0.218 seconds
[2022-07-14 23:55:02,349] {processor.py:163} INFO - Started process (PID=1670) to work on /home/airflow/.local/lib/python3.7/site-packages/airflow/example_dags/example_skip_dag.py
[2022-07-14 23:55:02,354] {processor.py:620} INFO - Processing file /home/airflow/.local/lib/python3.7/site-packages/airflow/example_dags/example_skip_dag.py for tasks to queue
[2022-07-14 23:55:02,359] {logging_mixin.py:109} INFO - [2022-07-14 23:55:02,358] {dagbag.py:500} INFO - Filling up the DagBag from /home/airflow/.local/lib/python3.7/site-packages/airflow/example_dags/example_skip_dag.py
[2022-07-14 23:55:02,433] {processor.py:632} INFO - DAG(s) dict_keys(['example_skip_dag']) retrieved from /home/airflow/.local/lib/python3.7/site-packages/airflow/example_dags/example_skip_dag.py
[2022-07-14 23:55:02,475] {logging_mixin.py:109} INFO - [2022-07-14 23:55:02,475] {dag.py:2389} INFO - Sync 1 DAGs
[2022-07-14 23:55:02,530] {logging_mixin.py:109} INFO - [2022-07-14 23:55:02,530] {dag.py:2921} INFO - Setting next_dagrun for example_skip_dag to 2022-07-13T23:55:02.528650+00:00
[2022-07-14 23:55:02,558] {processor.py:171} INFO - Processing /home/airflow/.local/lib/python3.7/site-packages/airflow/example_dags/example_skip_dag.py took 0.216 seconds
[2022-07-14 23:55:33,310] {processor.py:163} INFO - Started process (PID=1768) to work on /home/airflow/.local/lib/python3.7/site-packages/airflow/example_dags/example_skip_dag.py
[2022-07-14 23:55:33,315] {processor.py:620} INFO - Processing file /home/airflow/.local/lib/python3.7/site-packages/airflow/example_dags/example_skip_dag.py for tasks to queue
[2022-07-14 23:55:33,320] {logging_mixin.py:109} INFO - [2022-07-14 23:55:33,319] {dagbag.py:500} INFO - Filling up the DagBag from /home/airflow/.local/lib/python3.7/site-packages/airflow/example_dags/example_skip_dag.py
[2022-07-14 23:55:33,410] {processor.py:632} INFO - DAG(s) dict_keys(['example_skip_dag']) retrieved from /home/airflow/.local/lib/python3.7/site-packages/airflow/example_dags/example_skip_dag.py
[2022-07-14 23:55:33,457] {logging_mixin.py:109} INFO - [2022-07-14 23:55:33,456] {dag.py:2389} INFO - Sync 1 DAGs
[2022-07-14 23:55:33,527] {logging_mixin.py:109} INFO - [2022-07-14 23:55:33,527] {dag.py:2921} INFO - Setting next_dagrun for example_skip_dag to 2022-07-13T23:55:33.525523+00:00
[2022-07-14 23:55:33,558] {processor.py:171} INFO - Processing /home/airflow/.local/lib/python3.7/site-packages/airflow/example_dags/example_skip_dag.py took 0.257 seconds
[2022-07-14 23:56:04,214] {processor.py:163} INFO - Started process (PID=1860) to work on /home/airflow/.local/lib/python3.7/site-packages/airflow/example_dags/example_skip_dag.py
[2022-07-14 23:56:04,220] {processor.py:620} INFO - Processing file /home/airflow/.local/lib/python3.7/site-packages/airflow/example_dags/example_skip_dag.py for tasks to queue
[2022-07-14 23:56:04,232] {logging_mixin.py:109} INFO - [2022-07-14 23:56:04,231] {dagbag.py:500} INFO - Filling up the DagBag from /home/airflow/.local/lib/python3.7/site-packages/airflow/example_dags/example_skip_dag.py
[2022-07-14 23:56:04,399] {processor.py:632} INFO - DAG(s) dict_keys(['example_skip_dag']) retrieved from /home/airflow/.local/lib/python3.7/site-packages/airflow/example_dags/example_skip_dag.py
[2022-07-14 23:56:04,477] {logging_mixin.py:109} INFO - [2022-07-14 23:56:04,476] {dag.py:2389} INFO - Sync 1 DAGs
[2022-07-14 23:56:04,552] {logging_mixin.py:109} INFO - [2022-07-14 23:56:04,551] {dag.py:2921} INFO - Setting next_dagrun for example_skip_dag to 2022-07-13T23:56:04.549951+00:00
[2022-07-14 23:56:04,584] {processor.py:171} INFO - Processing /home/airflow/.local/lib/python3.7/site-packages/airflow/example_dags/example_skip_dag.py took 0.378 seconds
[2022-07-14 23:56:34,787] {processor.py:163} INFO - Started process (PID=1948) to work on /home/airflow/.local/lib/python3.7/site-packages/airflow/example_dags/example_skip_dag.py
[2022-07-14 23:56:34,791] {processor.py:620} INFO - Processing file /home/airflow/.local/lib/python3.7/site-packages/airflow/example_dags/example_skip_dag.py for tasks to queue
[2022-07-14 23:56:34,794] {logging_mixin.py:109} INFO - [2022-07-14 23:56:34,794] {dagbag.py:500} INFO - Filling up the DagBag from /home/airflow/.local/lib/python3.7/site-packages/airflow/example_dags/example_skip_dag.py
[2022-07-14 23:56:34,864] {processor.py:632} INFO - DAG(s) dict_keys(['example_skip_dag']) retrieved from /home/airflow/.local/lib/python3.7/site-packages/airflow/example_dags/example_skip_dag.py
[2022-07-14 23:56:34,919] {logging_mixin.py:109} INFO - [2022-07-14 23:56:34,918] {dag.py:2389} INFO - Sync 1 DAGs
[2022-07-14 23:56:34,981] {logging_mixin.py:109} INFO - [2022-07-14 23:56:34,981] {dag.py:2921} INFO - Setting next_dagrun for example_skip_dag to 2022-07-13T23:56:34.979380+00:00
[2022-07-14 23:56:35,011] {processor.py:171} INFO - Processing /home/airflow/.local/lib/python3.7/site-packages/airflow/example_dags/example_skip_dag.py took 0.232 seconds
[2022-07-14 23:57:05,686] {processor.py:163} INFO - Started process (PID=2045) to work on /home/airflow/.local/lib/python3.7/site-packages/airflow/example_dags/example_skip_dag.py
[2022-07-14 23:57:05,691] {processor.py:620} INFO - Processing file /home/airflow/.local/lib/python3.7/site-packages/airflow/example_dags/example_skip_dag.py for tasks to queue
[2022-07-14 23:57:05,695] {logging_mixin.py:109} INFO - [2022-07-14 23:57:05,694] {dagbag.py:500} INFO - Filling up the DagBag from /home/airflow/.local/lib/python3.7/site-packages/airflow/example_dags/example_skip_dag.py
[2022-07-14 23:57:05,773] {processor.py:632} INFO - DAG(s) dict_keys(['example_skip_dag']) retrieved from /home/airflow/.local/lib/python3.7/site-packages/airflow/example_dags/example_skip_dag.py
[2022-07-14 23:57:05,822] {logging_mixin.py:109} INFO - [2022-07-14 23:57:05,821] {dag.py:2389} INFO - Sync 1 DAGs
[2022-07-14 23:57:05,882] {logging_mixin.py:109} INFO - [2022-07-14 23:57:05,882] {dag.py:2921} INFO - Setting next_dagrun for example_skip_dag to 2022-07-13T23:57:05.880533+00:00
[2022-07-14 23:57:05,912] {processor.py:171} INFO - Processing /home/airflow/.local/lib/python3.7/site-packages/airflow/example_dags/example_skip_dag.py took 0.233 seconds
[2022-07-14 23:57:36,884] {processor.py:163} INFO - Started process (PID=2127) to work on /home/airflow/.local/lib/python3.7/site-packages/airflow/example_dags/example_skip_dag.py
[2022-07-14 23:57:36,895] {processor.py:620} INFO - Processing file /home/airflow/.local/lib/python3.7/site-packages/airflow/example_dags/example_skip_dag.py for tasks to queue
[2022-07-14 23:57:36,899] {logging_mixin.py:109} INFO - [2022-07-14 23:57:36,898] {dagbag.py:500} INFO - Filling up the DagBag from /home/airflow/.local/lib/python3.7/site-packages/airflow/example_dags/example_skip_dag.py
[2022-07-14 23:57:36,970] {processor.py:632} INFO - DAG(s) dict_keys(['example_skip_dag']) retrieved from /home/airflow/.local/lib/python3.7/site-packages/airflow/example_dags/example_skip_dag.py
[2022-07-14 23:57:37,015] {logging_mixin.py:109} INFO - [2022-07-14 23:57:37,015] {dag.py:2389} INFO - Sync 1 DAGs
[2022-07-14 23:57:37,080] {logging_mixin.py:109} INFO - [2022-07-14 23:57:37,079] {dag.py:2921} INFO - Setting next_dagrun for example_skip_dag to 2022-07-13T23:57:37.077984+00:00
[2022-07-14 23:57:37,112] {processor.py:171} INFO - Processing /home/airflow/.local/lib/python3.7/site-packages/airflow/example_dags/example_skip_dag.py took 0.237 seconds
[2022-07-14 23:58:07,649] {processor.py:163} INFO - Started process (PID=2225) to work on /home/airflow/.local/lib/python3.7/site-packages/airflow/example_dags/example_skip_dag.py
[2022-07-14 23:58:07,655] {processor.py:620} INFO - Processing file /home/airflow/.local/lib/python3.7/site-packages/airflow/example_dags/example_skip_dag.py for tasks to queue
[2022-07-14 23:58:07,658] {logging_mixin.py:109} INFO - [2022-07-14 23:58:07,658] {dagbag.py:500} INFO - Filling up the DagBag from /home/airflow/.local/lib/python3.7/site-packages/airflow/example_dags/example_skip_dag.py
[2022-07-14 23:58:07,735] {processor.py:632} INFO - DAG(s) dict_keys(['example_skip_dag']) retrieved from /home/airflow/.local/lib/python3.7/site-packages/airflow/example_dags/example_skip_dag.py
[2022-07-14 23:58:07,783] {logging_mixin.py:109} INFO - [2022-07-14 23:58:07,783] {dag.py:2389} INFO - Sync 1 DAGs
[2022-07-14 23:58:07,849] {logging_mixin.py:109} INFO - [2022-07-14 23:58:07,849] {dag.py:2921} INFO - Setting next_dagrun for example_skip_dag to 2022-07-13T23:58:07.846769+00:00
[2022-07-14 23:58:07,899] {processor.py:171} INFO - Processing /home/airflow/.local/lib/python3.7/site-packages/airflow/example_dags/example_skip_dag.py took 0.260 seconds
[2022-07-14 23:58:38,213] {processor.py:163} INFO - Started process (PID=2307) to work on /home/airflow/.local/lib/python3.7/site-packages/airflow/example_dags/example_skip_dag.py
[2022-07-14 23:58:38,217] {processor.py:620} INFO - Processing file /home/airflow/.local/lib/python3.7/site-packages/airflow/example_dags/example_skip_dag.py for tasks to queue
[2022-07-14 23:58:38,221] {logging_mixin.py:109} INFO - [2022-07-14 23:58:38,220] {dagbag.py:500} INFO - Filling up the DagBag from /home/airflow/.local/lib/python3.7/site-packages/airflow/example_dags/example_skip_dag.py
[2022-07-14 23:58:38,300] {processor.py:632} INFO - DAG(s) dict_keys(['example_skip_dag']) retrieved from /home/airflow/.local/lib/python3.7/site-packages/airflow/example_dags/example_skip_dag.py
[2022-07-14 23:58:38,350] {logging_mixin.py:109} INFO - [2022-07-14 23:58:38,349] {dag.py:2389} INFO - Sync 1 DAGs
[2022-07-14 23:58:38,416] {logging_mixin.py:109} INFO - [2022-07-14 23:58:38,415] {dag.py:2921} INFO - Setting next_dagrun for example_skip_dag to 2022-07-13T23:58:38.413962+00:00
[2022-07-14 23:58:38,447] {processor.py:171} INFO - Processing /home/airflow/.local/lib/python3.7/site-packages/airflow/example_dags/example_skip_dag.py took 0.242 seconds
[2022-07-14 23:59:09,113] {processor.py:163} INFO - Started process (PID=2403) to work on /home/airflow/.local/lib/python3.7/site-packages/airflow/example_dags/example_skip_dag.py
[2022-07-14 23:59:09,118] {processor.py:620} INFO - Processing file /home/airflow/.local/lib/python3.7/site-packages/airflow/example_dags/example_skip_dag.py for tasks to queue
[2022-07-14 23:59:09,123] {logging_mixin.py:109} INFO - [2022-07-14 23:59:09,122] {dagbag.py:500} INFO - Filling up the DagBag from /home/airflow/.local/lib/python3.7/site-packages/airflow/example_dags/example_skip_dag.py
[2022-07-14 23:59:09,201] {processor.py:632} INFO - DAG(s) dict_keys(['example_skip_dag']) retrieved from /home/airflow/.local/lib/python3.7/site-packages/airflow/example_dags/example_skip_dag.py
[2022-07-14 23:59:09,246] {logging_mixin.py:109} INFO - [2022-07-14 23:59:09,245] {dag.py:2389} INFO - Sync 1 DAGs
[2022-07-14 23:59:09,308] {logging_mixin.py:109} INFO - [2022-07-14 23:59:09,307] {dag.py:2921} INFO - Setting next_dagrun for example_skip_dag to 2022-07-13T23:59:09.306033+00:00
[2022-07-14 23:59:09,337] {processor.py:171} INFO - Processing /home/airflow/.local/lib/python3.7/site-packages/airflow/example_dags/example_skip_dag.py took 0.231 seconds
[2022-07-14 23:59:39,761] {processor.py:163} INFO - Started process (PID=2485) to work on /home/airflow/.local/lib/python3.7/site-packages/airflow/example_dags/example_skip_dag.py
[2022-07-14 23:59:39,765] {processor.py:620} INFO - Processing file /home/airflow/.local/lib/python3.7/site-packages/airflow/example_dags/example_skip_dag.py for tasks to queue
[2022-07-14 23:59:39,767] {logging_mixin.py:109} INFO - [2022-07-14 23:59:39,767] {dagbag.py:500} INFO - Filling up the DagBag from /home/airflow/.local/lib/python3.7/site-packages/airflow/example_dags/example_skip_dag.py
[2022-07-14 23:59:39,839] {processor.py:632} INFO - DAG(s) dict_keys(['example_skip_dag']) retrieved from /home/airflow/.local/lib/python3.7/site-packages/airflow/example_dags/example_skip_dag.py
[2022-07-14 23:59:39,890] {logging_mixin.py:109} INFO - [2022-07-14 23:59:39,889] {dag.py:2389} INFO - Sync 1 DAGs
[2022-07-14 23:59:39,963] {logging_mixin.py:109} INFO - [2022-07-14 23:59:39,962] {dag.py:2921} INFO - Setting next_dagrun for example_skip_dag to 2022-07-13T23:59:39.960630+00:00
[2022-07-14 23:59:39,994] {processor.py:171} INFO - Processing /home/airflow/.local/lib/python3.7/site-packages/airflow/example_dags/example_skip_dag.py took 0.241 seconds
