[2022-07-14 23:41:40,216] {processor.py:163} INFO - Started process (PID=376) to work on /home/airflow/.local/lib/python3.7/site-packages/airflow/example_dags/example_xcom.py
[2022-07-14 23:41:40,240] {processor.py:620} INFO - Processing file /home/airflow/.local/lib/python3.7/site-packages/airflow/example_dags/example_xcom.py for tasks to queue
[2022-07-14 23:41:40,252] {logging_mixin.py:109} INFO - [2022-07-14 23:41:40,252] {dagbag.py:500} INFO - Filling up the DagBag from /home/airflow/.local/lib/python3.7/site-packages/airflow/example_dags/example_xcom.py
[2022-07-14 23:41:40,927] {processor.py:632} INFO - DAG(s) dict_keys(['example_xcom']) retrieved from /home/airflow/.local/lib/python3.7/site-packages/airflow/example_dags/example_xcom.py
[2022-07-14 23:41:49,194] {logging_mixin.py:109} INFO - [2022-07-14 23:41:49,193] {dag.py:2389} INFO - Sync 1 DAGs
[2022-07-14 23:41:49,785] {logging_mixin.py:109} INFO - [2022-07-14 23:41:49,777] {dag.py:2921} INFO - Setting next_dagrun for example_xcom to 2021-01-01T00:00:00+00:00
[2022-07-14 23:41:50,064] {processor.py:171} INFO - Processing /home/airflow/.local/lib/python3.7/site-packages/airflow/example_dags/example_xcom.py took 9.895 seconds
[2022-07-14 23:46:50,738] {processor.py:163} INFO - Started process (PID=233) to work on /home/airflow/.local/lib/python3.7/site-packages/airflow/example_dags/example_xcom.py
[2022-07-14 23:46:50,752] {processor.py:620} INFO - Processing file /home/airflow/.local/lib/python3.7/site-packages/airflow/example_dags/example_xcom.py for tasks to queue
[2022-07-14 23:46:50,769] {logging_mixin.py:109} INFO - [2022-07-14 23:46:50,768] {dagbag.py:500} INFO - Filling up the DagBag from /home/airflow/.local/lib/python3.7/site-packages/airflow/example_dags/example_xcom.py
[2022-07-14 23:46:51,107] {processor.py:632} INFO - DAG(s) dict_keys(['example_xcom']) retrieved from /home/airflow/.local/lib/python3.7/site-packages/airflow/example_dags/example_xcom.py
[2022-07-14 23:46:54,773] {logging_mixin.py:109} INFO - [2022-07-14 23:46:54,773] {dag.py:2389} INFO - Sync 1 DAGs
[2022-07-14 23:46:54,995] {logging_mixin.py:109} INFO - [2022-07-14 23:46:54,994] {dag.py:2921} INFO - Setting next_dagrun for example_xcom to 2021-01-01T00:00:00+00:00
[2022-07-14 23:46:55,117] {processor.py:171} INFO - Processing /home/airflow/.local/lib/python3.7/site-packages/airflow/example_dags/example_xcom.py took 4.416 seconds
[2022-07-14 23:47:25,344] {processor.py:163} INFO - Started process (PID=337) to work on /home/airflow/.local/lib/python3.7/site-packages/airflow/example_dags/example_xcom.py
[2022-07-14 23:47:25,369] {processor.py:620} INFO - Processing file /home/airflow/.local/lib/python3.7/site-packages/airflow/example_dags/example_xcom.py for tasks to queue
[2022-07-14 23:47:25,373] {logging_mixin.py:109} INFO - [2022-07-14 23:47:25,373] {dagbag.py:500} INFO - Filling up the DagBag from /home/airflow/.local/lib/python3.7/site-packages/airflow/example_dags/example_xcom.py
[2022-07-14 23:47:25,578] {processor.py:632} INFO - DAG(s) dict_keys(['example_xcom']) retrieved from /home/airflow/.local/lib/python3.7/site-packages/airflow/example_dags/example_xcom.py
[2022-07-14 23:47:27,874] {logging_mixin.py:109} INFO - [2022-07-14 23:47:27,873] {dag.py:2389} INFO - Sync 1 DAGs
[2022-07-14 23:47:27,973] {logging_mixin.py:109} INFO - [2022-07-14 23:47:27,972] {dag.py:2921} INFO - Setting next_dagrun for example_xcom to 2021-01-01T00:00:00+00:00
[2022-07-14 23:47:28,030] {processor.py:171} INFO - Processing /home/airflow/.local/lib/python3.7/site-packages/airflow/example_dags/example_xcom.py took 2.697 seconds
[2022-07-14 23:47:58,442] {processor.py:163} INFO - Started process (PID=428) to work on /home/airflow/.local/lib/python3.7/site-packages/airflow/example_dags/example_xcom.py
[2022-07-14 23:47:58,446] {processor.py:620} INFO - Processing file /home/airflow/.local/lib/python3.7/site-packages/airflow/example_dags/example_xcom.py for tasks to queue
[2022-07-14 23:47:58,449] {logging_mixin.py:109} INFO - [2022-07-14 23:47:58,449] {dagbag.py:500} INFO - Filling up the DagBag from /home/airflow/.local/lib/python3.7/site-packages/airflow/example_dags/example_xcom.py
[2022-07-14 23:47:58,549] {processor.py:632} INFO - DAG(s) dict_keys(['example_xcom']) retrieved from /home/airflow/.local/lib/python3.7/site-packages/airflow/example_dags/example_xcom.py
[2022-07-14 23:47:58,630] {logging_mixin.py:109} INFO - [2022-07-14 23:47:58,629] {dag.py:2389} INFO - Sync 1 DAGs
[2022-07-14 23:47:58,694] {logging_mixin.py:109} INFO - [2022-07-14 23:47:58,693] {dag.py:2921} INFO - Setting next_dagrun for example_xcom to 2021-01-01T00:00:00+00:00
[2022-07-14 23:47:58,724] {processor.py:171} INFO - Processing /home/airflow/.local/lib/python3.7/site-packages/airflow/example_dags/example_xcom.py took 0.289 seconds
[2022-07-14 23:48:29,006] {processor.py:163} INFO - Started process (PID=526) to work on /home/airflow/.local/lib/python3.7/site-packages/airflow/example_dags/example_xcom.py
[2022-07-14 23:48:29,017] {processor.py:620} INFO - Processing file /home/airflow/.local/lib/python3.7/site-packages/airflow/example_dags/example_xcom.py for tasks to queue
[2022-07-14 23:48:29,020] {logging_mixin.py:109} INFO - [2022-07-14 23:48:29,020] {dagbag.py:500} INFO - Filling up the DagBag from /home/airflow/.local/lib/python3.7/site-packages/airflow/example_dags/example_xcom.py
[2022-07-14 23:48:29,154] {processor.py:632} INFO - DAG(s) dict_keys(['example_xcom']) retrieved from /home/airflow/.local/lib/python3.7/site-packages/airflow/example_dags/example_xcom.py
[2022-07-14 23:48:30,272] {logging_mixin.py:109} INFO - [2022-07-14 23:48:30,272] {dag.py:2389} INFO - Sync 1 DAGs
[2022-07-14 23:48:30,330] {logging_mixin.py:109} INFO - [2022-07-14 23:48:30,329] {dag.py:2921} INFO - Setting next_dagrun for example_xcom to 2021-01-01T00:00:00+00:00
[2022-07-14 23:48:30,367] {processor.py:171} INFO - Processing /home/airflow/.local/lib/python3.7/site-packages/airflow/example_dags/example_xcom.py took 1.369 seconds
[2022-07-14 23:49:00,897] {processor.py:163} INFO - Started process (PID=612) to work on /home/airflow/.local/lib/python3.7/site-packages/airflow/example_dags/example_xcom.py
[2022-07-14 23:49:00,901] {processor.py:620} INFO - Processing file /home/airflow/.local/lib/python3.7/site-packages/airflow/example_dags/example_xcom.py for tasks to queue
[2022-07-14 23:49:00,904] {logging_mixin.py:109} INFO - [2022-07-14 23:49:00,903] {dagbag.py:500} INFO - Filling up the DagBag from /home/airflow/.local/lib/python3.7/site-packages/airflow/example_dags/example_xcom.py
[2022-07-14 23:49:00,979] {processor.py:632} INFO - DAG(s) dict_keys(['example_xcom']) retrieved from /home/airflow/.local/lib/python3.7/site-packages/airflow/example_dags/example_xcom.py
[2022-07-14 23:49:01,919] {logging_mixin.py:109} INFO - [2022-07-14 23:49:01,919] {dag.py:2389} INFO - Sync 1 DAGs
[2022-07-14 23:49:01,971] {logging_mixin.py:109} INFO - [2022-07-14 23:49:01,971] {dag.py:2921} INFO - Setting next_dagrun for example_xcom to 2021-01-01T00:00:00+00:00
[2022-07-14 23:49:02,003] {processor.py:171} INFO - Processing /home/airflow/.local/lib/python3.7/site-packages/airflow/example_dags/example_xcom.py took 1.113 seconds
[2022-07-14 23:49:32,897] {processor.py:163} INFO - Started process (PID=712) to work on /home/airflow/.local/lib/python3.7/site-packages/airflow/example_dags/example_xcom.py
[2022-07-14 23:49:32,901] {processor.py:620} INFO - Processing file /home/airflow/.local/lib/python3.7/site-packages/airflow/example_dags/example_xcom.py for tasks to queue
[2022-07-14 23:49:32,905] {logging_mixin.py:109} INFO - [2022-07-14 23:49:32,904] {dagbag.py:500} INFO - Filling up the DagBag from /home/airflow/.local/lib/python3.7/site-packages/airflow/example_dags/example_xcom.py
[2022-07-14 23:49:32,995] {processor.py:632} INFO - DAG(s) dict_keys(['example_xcom']) retrieved from /home/airflow/.local/lib/python3.7/site-packages/airflow/example_dags/example_xcom.py
[2022-07-14 23:49:34,279] {logging_mixin.py:109} INFO - [2022-07-14 23:49:34,278] {dag.py:2389} INFO - Sync 1 DAGs
[2022-07-14 23:49:34,356] {logging_mixin.py:109} INFO - [2022-07-14 23:49:34,356] {dag.py:2921} INFO - Setting next_dagrun for example_xcom to 2021-01-01T00:00:00+00:00
[2022-07-14 23:49:34,413] {processor.py:171} INFO - Processing /home/airflow/.local/lib/python3.7/site-packages/airflow/example_dags/example_xcom.py took 1.526 seconds
[2022-07-14 23:50:04,638] {processor.py:163} INFO - Started process (PID=810) to work on /home/airflow/.local/lib/python3.7/site-packages/airflow/example_dags/example_xcom.py
[2022-07-14 23:50:04,644] {processor.py:620} INFO - Processing file /home/airflow/.local/lib/python3.7/site-packages/airflow/example_dags/example_xcom.py for tasks to queue
[2022-07-14 23:50:04,657] {logging_mixin.py:109} INFO - [2022-07-14 23:50:04,657] {dagbag.py:500} INFO - Filling up the DagBag from /home/airflow/.local/lib/python3.7/site-packages/airflow/example_dags/example_xcom.py
[2022-07-14 23:50:04,755] {processor.py:632} INFO - DAG(s) dict_keys(['example_xcom']) retrieved from /home/airflow/.local/lib/python3.7/site-packages/airflow/example_dags/example_xcom.py
[2022-07-14 23:50:06,045] {logging_mixin.py:109} INFO - [2022-07-14 23:50:06,044] {dag.py:2389} INFO - Sync 1 DAGs
[2022-07-14 23:50:06,108] {logging_mixin.py:109} INFO - [2022-07-14 23:50:06,108] {dag.py:2921} INFO - Setting next_dagrun for example_xcom to 2021-01-01T00:00:00+00:00
[2022-07-14 23:50:06,146] {processor.py:171} INFO - Processing /home/airflow/.local/lib/python3.7/site-packages/airflow/example_dags/example_xcom.py took 1.516 seconds
[2022-07-14 23:50:36,334] {processor.py:163} INFO - Started process (PID=898) to work on /home/airflow/.local/lib/python3.7/site-packages/airflow/example_dags/example_xcom.py
[2022-07-14 23:50:36,347] {processor.py:620} INFO - Processing file /home/airflow/.local/lib/python3.7/site-packages/airflow/example_dags/example_xcom.py for tasks to queue
[2022-07-14 23:50:36,350] {logging_mixin.py:109} INFO - [2022-07-14 23:50:36,350] {dagbag.py:500} INFO - Filling up the DagBag from /home/airflow/.local/lib/python3.7/site-packages/airflow/example_dags/example_xcom.py
[2022-07-14 23:50:36,448] {processor.py:632} INFO - DAG(s) dict_keys(['example_xcom']) retrieved from /home/airflow/.local/lib/python3.7/site-packages/airflow/example_dags/example_xcom.py
[2022-07-14 23:50:37,677] {logging_mixin.py:109} INFO - [2022-07-14 23:50:37,677] {dag.py:2389} INFO - Sync 1 DAGs
[2022-07-14 23:50:37,742] {logging_mixin.py:109} INFO - [2022-07-14 23:50:37,742] {dag.py:2921} INFO - Setting next_dagrun for example_xcom to 2021-01-01T00:00:00+00:00
[2022-07-14 23:50:37,782] {processor.py:171} INFO - Processing /home/airflow/.local/lib/python3.7/site-packages/airflow/example_dags/example_xcom.py took 1.463 seconds
[2022-07-14 23:51:08,109] {processor.py:163} INFO - Started process (PID=997) to work on /home/airflow/.local/lib/python3.7/site-packages/airflow/example_dags/example_xcom.py
[2022-07-14 23:51:08,113] {processor.py:620} INFO - Processing file /home/airflow/.local/lib/python3.7/site-packages/airflow/example_dags/example_xcom.py for tasks to queue
[2022-07-14 23:51:08,116] {logging_mixin.py:109} INFO - [2022-07-14 23:51:08,116] {dagbag.py:500} INFO - Filling up the DagBag from /home/airflow/.local/lib/python3.7/site-packages/airflow/example_dags/example_xcom.py
[2022-07-14 23:51:08,211] {processor.py:632} INFO - DAG(s) dict_keys(['example_xcom']) retrieved from /home/airflow/.local/lib/python3.7/site-packages/airflow/example_dags/example_xcom.py
[2022-07-14 23:51:09,459] {logging_mixin.py:109} INFO - [2022-07-14 23:51:09,459] {dag.py:2389} INFO - Sync 1 DAGs
[2022-07-14 23:51:09,526] {logging_mixin.py:109} INFO - [2022-07-14 23:51:09,525] {dag.py:2921} INFO - Setting next_dagrun for example_xcom to 2021-01-01T00:00:00+00:00
[2022-07-14 23:51:09,569] {processor.py:171} INFO - Processing /home/airflow/.local/lib/python3.7/site-packages/airflow/example_dags/example_xcom.py took 1.468 seconds
[2022-07-14 23:51:39,695] {processor.py:163} INFO - Started process (PID=1079) to work on /home/airflow/.local/lib/python3.7/site-packages/airflow/example_dags/example_xcom.py
[2022-07-14 23:51:39,699] {processor.py:620} INFO - Processing file /home/airflow/.local/lib/python3.7/site-packages/airflow/example_dags/example_xcom.py for tasks to queue
[2022-07-14 23:51:39,703] {logging_mixin.py:109} INFO - [2022-07-14 23:51:39,702] {dagbag.py:500} INFO - Filling up the DagBag from /home/airflow/.local/lib/python3.7/site-packages/airflow/example_dags/example_xcom.py
[2022-07-14 23:51:39,788] {processor.py:632} INFO - DAG(s) dict_keys(['example_xcom']) retrieved from /home/airflow/.local/lib/python3.7/site-packages/airflow/example_dags/example_xcom.py
[2022-07-14 23:51:40,880] {logging_mixin.py:109} INFO - [2022-07-14 23:51:40,879] {dag.py:2389} INFO - Sync 1 DAGs
[2022-07-14 23:51:40,941] {logging_mixin.py:109} INFO - [2022-07-14 23:51:40,940] {dag.py:2921} INFO - Setting next_dagrun for example_xcom to 2021-01-01T00:00:00+00:00
[2022-07-14 23:51:40,985] {processor.py:171} INFO - Processing /home/airflow/.local/lib/python3.7/site-packages/airflow/example_dags/example_xcom.py took 1.297 seconds
[2022-07-14 23:52:11,690] {processor.py:163} INFO - Started process (PID=1181) to work on /home/airflow/.local/lib/python3.7/site-packages/airflow/example_dags/example_xcom.py
[2022-07-14 23:52:11,696] {processor.py:620} INFO - Processing file /home/airflow/.local/lib/python3.7/site-packages/airflow/example_dags/example_xcom.py for tasks to queue
[2022-07-14 23:52:11,699] {logging_mixin.py:109} INFO - [2022-07-14 23:52:11,699] {dagbag.py:500} INFO - Filling up the DagBag from /home/airflow/.local/lib/python3.7/site-packages/airflow/example_dags/example_xcom.py
[2022-07-14 23:52:11,794] {processor.py:632} INFO - DAG(s) dict_keys(['example_xcom']) retrieved from /home/airflow/.local/lib/python3.7/site-packages/airflow/example_dags/example_xcom.py
[2022-07-14 23:52:13,161] {logging_mixin.py:109} INFO - [2022-07-14 23:52:13,160] {dag.py:2389} INFO - Sync 1 DAGs
[2022-07-14 23:52:13,225] {logging_mixin.py:109} INFO - [2022-07-14 23:52:13,224] {dag.py:2921} INFO - Setting next_dagrun for example_xcom to 2021-01-01T00:00:00+00:00
[2022-07-14 23:52:13,267] {processor.py:171} INFO - Processing /home/airflow/.local/lib/python3.7/site-packages/airflow/example_dags/example_xcom.py took 1.585 seconds
[2022-07-14 23:52:43,324] {processor.py:163} INFO - Started process (PID=1265) to work on /home/airflow/.local/lib/python3.7/site-packages/airflow/example_dags/example_xcom.py
[2022-07-14 23:52:43,328] {processor.py:620} INFO - Processing file /home/airflow/.local/lib/python3.7/site-packages/airflow/example_dags/example_xcom.py for tasks to queue
[2022-07-14 23:52:43,331] {logging_mixin.py:109} INFO - [2022-07-14 23:52:43,330] {dagbag.py:500} INFO - Filling up the DagBag from /home/airflow/.local/lib/python3.7/site-packages/airflow/example_dags/example_xcom.py
[2022-07-14 23:52:43,419] {processor.py:632} INFO - DAG(s) dict_keys(['example_xcom']) retrieved from /home/airflow/.local/lib/python3.7/site-packages/airflow/example_dags/example_xcom.py
[2022-07-14 23:52:44,596] {logging_mixin.py:109} INFO - [2022-07-14 23:52:44,596] {dag.py:2389} INFO - Sync 1 DAGs
[2022-07-14 23:52:44,667] {logging_mixin.py:109} INFO - [2022-07-14 23:52:44,666] {dag.py:2921} INFO - Setting next_dagrun for example_xcom to 2021-01-01T00:00:00+00:00
[2022-07-14 23:52:44,710] {processor.py:171} INFO - Processing /home/airflow/.local/lib/python3.7/site-packages/airflow/example_dags/example_xcom.py took 1.394 seconds
[2022-07-14 23:53:14,999] {processor.py:163} INFO - Started process (PID=1362) to work on /home/airflow/.local/lib/python3.7/site-packages/airflow/example_dags/example_xcom.py
[2022-07-14 23:53:15,005] {processor.py:620} INFO - Processing file /home/airflow/.local/lib/python3.7/site-packages/airflow/example_dags/example_xcom.py for tasks to queue
[2022-07-14 23:53:15,008] {logging_mixin.py:109} INFO - [2022-07-14 23:53:15,008] {dagbag.py:500} INFO - Filling up the DagBag from /home/airflow/.local/lib/python3.7/site-packages/airflow/example_dags/example_xcom.py
[2022-07-14 23:53:15,098] {processor.py:632} INFO - DAG(s) dict_keys(['example_xcom']) retrieved from /home/airflow/.local/lib/python3.7/site-packages/airflow/example_dags/example_xcom.py
[2022-07-14 23:53:16,457] {logging_mixin.py:109} INFO - [2022-07-14 23:53:16,456] {dag.py:2389} INFO - Sync 1 DAGs
[2022-07-14 23:53:16,541] {logging_mixin.py:109} INFO - [2022-07-14 23:53:16,541] {dag.py:2921} INFO - Setting next_dagrun for example_xcom to 2021-01-01T00:00:00+00:00
[2022-07-14 23:53:16,582] {processor.py:171} INFO - Processing /home/airflow/.local/lib/python3.7/site-packages/airflow/example_dags/example_xcom.py took 1.591 seconds
[2022-07-14 23:53:46,922] {processor.py:163} INFO - Started process (PID=1464) to work on /home/airflow/.local/lib/python3.7/site-packages/airflow/example_dags/example_xcom.py
[2022-07-14 23:53:46,926] {processor.py:620} INFO - Processing file /home/airflow/.local/lib/python3.7/site-packages/airflow/example_dags/example_xcom.py for tasks to queue
[2022-07-14 23:53:46,928] {logging_mixin.py:109} INFO - [2022-07-14 23:53:46,928] {dagbag.py:500} INFO - Filling up the DagBag from /home/airflow/.local/lib/python3.7/site-packages/airflow/example_dags/example_xcom.py
[2022-07-14 23:53:47,034] {processor.py:632} INFO - DAG(s) dict_keys(['example_xcom']) retrieved from /home/airflow/.local/lib/python3.7/site-packages/airflow/example_dags/example_xcom.py
[2022-07-14 23:53:48,304] {logging_mixin.py:109} INFO - [2022-07-14 23:53:48,303] {dag.py:2389} INFO - Sync 1 DAGs
[2022-07-14 23:53:48,365] {logging_mixin.py:109} INFO - [2022-07-14 23:53:48,364] {dag.py:2921} INFO - Setting next_dagrun for example_xcom to 2021-01-01T00:00:00+00:00
[2022-07-14 23:53:48,404] {processor.py:171} INFO - Processing /home/airflow/.local/lib/python3.7/site-packages/airflow/example_dags/example_xcom.py took 1.490 seconds
[2022-07-14 23:54:18,717] {processor.py:163} INFO - Started process (PID=1548) to work on /home/airflow/.local/lib/python3.7/site-packages/airflow/example_dags/example_xcom.py
[2022-07-14 23:54:18,720] {processor.py:620} INFO - Processing file /home/airflow/.local/lib/python3.7/site-packages/airflow/example_dags/example_xcom.py for tasks to queue
[2022-07-14 23:54:18,723] {logging_mixin.py:109} INFO - [2022-07-14 23:54:18,723] {dagbag.py:500} INFO - Filling up the DagBag from /home/airflow/.local/lib/python3.7/site-packages/airflow/example_dags/example_xcom.py
[2022-07-14 23:54:18,803] {processor.py:632} INFO - DAG(s) dict_keys(['example_xcom']) retrieved from /home/airflow/.local/lib/python3.7/site-packages/airflow/example_dags/example_xcom.py
[2022-07-14 23:54:19,745] {logging_mixin.py:109} INFO - [2022-07-14 23:54:19,745] {dag.py:2389} INFO - Sync 1 DAGs
[2022-07-14 23:54:19,793] {logging_mixin.py:109} INFO - [2022-07-14 23:54:19,792] {dag.py:2921} INFO - Setting next_dagrun for example_xcom to 2021-01-01T00:00:00+00:00
[2022-07-14 23:54:19,824] {processor.py:171} INFO - Processing /home/airflow/.local/lib/python3.7/site-packages/airflow/example_dags/example_xcom.py took 1.114 seconds
[2022-07-14 23:54:50,478] {processor.py:163} INFO - Started process (PID=1646) to work on /home/airflow/.local/lib/python3.7/site-packages/airflow/example_dags/example_xcom.py
[2022-07-14 23:54:50,482] {processor.py:620} INFO - Processing file /home/airflow/.local/lib/python3.7/site-packages/airflow/example_dags/example_xcom.py for tasks to queue
[2022-07-14 23:54:50,485] {logging_mixin.py:109} INFO - [2022-07-14 23:54:50,485] {dagbag.py:500} INFO - Filling up the DagBag from /home/airflow/.local/lib/python3.7/site-packages/airflow/example_dags/example_xcom.py
[2022-07-14 23:54:50,570] {processor.py:632} INFO - DAG(s) dict_keys(['example_xcom']) retrieved from /home/airflow/.local/lib/python3.7/site-packages/airflow/example_dags/example_xcom.py
[2022-07-14 23:54:51,667] {logging_mixin.py:109} INFO - [2022-07-14 23:54:51,666] {dag.py:2389} INFO - Sync 1 DAGs
[2022-07-14 23:54:51,780] {logging_mixin.py:109} INFO - [2022-07-14 23:54:51,780] {dag.py:2921} INFO - Setting next_dagrun for example_xcom to 2021-01-01T00:00:00+00:00
[2022-07-14 23:54:51,854] {processor.py:171} INFO - Processing /home/airflow/.local/lib/python3.7/site-packages/airflow/example_dags/example_xcom.py took 1.383 seconds
[2022-07-14 23:55:22,653] {processor.py:163} INFO - Started process (PID=1730) to work on /home/airflow/.local/lib/python3.7/site-packages/airflow/example_dags/example_xcom.py
[2022-07-14 23:55:22,658] {processor.py:620} INFO - Processing file /home/airflow/.local/lib/python3.7/site-packages/airflow/example_dags/example_xcom.py for tasks to queue
[2022-07-14 23:55:22,661] {logging_mixin.py:109} INFO - [2022-07-14 23:55:22,660] {dagbag.py:500} INFO - Filling up the DagBag from /home/airflow/.local/lib/python3.7/site-packages/airflow/example_dags/example_xcom.py
[2022-07-14 23:55:22,740] {processor.py:632} INFO - DAG(s) dict_keys(['example_xcom']) retrieved from /home/airflow/.local/lib/python3.7/site-packages/airflow/example_dags/example_xcom.py
[2022-07-14 23:55:23,804] {logging_mixin.py:109} INFO - [2022-07-14 23:55:23,804] {dag.py:2389} INFO - Sync 1 DAGs
[2022-07-14 23:55:23,857] {logging_mixin.py:109} INFO - [2022-07-14 23:55:23,857] {dag.py:2921} INFO - Setting next_dagrun for example_xcom to 2021-01-01T00:00:00+00:00
[2022-07-14 23:55:23,922] {processor.py:171} INFO - Processing /home/airflow/.local/lib/python3.7/site-packages/airflow/example_dags/example_xcom.py took 1.276 seconds
[2022-07-14 23:55:54,818] {processor.py:163} INFO - Started process (PID=1830) to work on /home/airflow/.local/lib/python3.7/site-packages/airflow/example_dags/example_xcom.py
[2022-07-14 23:55:54,822] {processor.py:620} INFO - Processing file /home/airflow/.local/lib/python3.7/site-packages/airflow/example_dags/example_xcom.py for tasks to queue
[2022-07-14 23:55:54,825] {logging_mixin.py:109} INFO - [2022-07-14 23:55:54,824] {dagbag.py:500} INFO - Filling up the DagBag from /home/airflow/.local/lib/python3.7/site-packages/airflow/example_dags/example_xcom.py
[2022-07-14 23:55:54,905] {processor.py:632} INFO - DAG(s) dict_keys(['example_xcom']) retrieved from /home/airflow/.local/lib/python3.7/site-packages/airflow/example_dags/example_xcom.py
[2022-07-14 23:55:56,018] {logging_mixin.py:109} INFO - [2022-07-14 23:55:56,018] {dag.py:2389} INFO - Sync 1 DAGs
[2022-07-14 23:55:56,079] {logging_mixin.py:109} INFO - [2022-07-14 23:55:56,078] {dag.py:2921} INFO - Setting next_dagrun for example_xcom to 2021-01-01T00:00:00+00:00
[2022-07-14 23:55:56,120] {processor.py:171} INFO - Processing /home/airflow/.local/lib/python3.7/site-packages/airflow/example_dags/example_xcom.py took 1.310 seconds
[2022-07-14 23:56:26,580] {processor.py:163} INFO - Started process (PID=1928) to work on /home/airflow/.local/lib/python3.7/site-packages/airflow/example_dags/example_xcom.py
[2022-07-14 23:56:26,586] {processor.py:620} INFO - Processing file /home/airflow/.local/lib/python3.7/site-packages/airflow/example_dags/example_xcom.py for tasks to queue
[2022-07-14 23:56:26,590] {logging_mixin.py:109} INFO - [2022-07-14 23:56:26,590] {dagbag.py:500} INFO - Filling up the DagBag from /home/airflow/.local/lib/python3.7/site-packages/airflow/example_dags/example_xcom.py
[2022-07-14 23:56:26,690] {processor.py:632} INFO - DAG(s) dict_keys(['example_xcom']) retrieved from /home/airflow/.local/lib/python3.7/site-packages/airflow/example_dags/example_xcom.py
[2022-07-14 23:56:27,840] {logging_mixin.py:109} INFO - [2022-07-14 23:56:27,840] {dag.py:2389} INFO - Sync 1 DAGs
[2022-07-14 23:56:27,904] {logging_mixin.py:109} INFO - [2022-07-14 23:56:27,903] {dag.py:2921} INFO - Setting next_dagrun for example_xcom to 2021-01-01T00:00:00+00:00
[2022-07-14 23:56:27,941] {processor.py:171} INFO - Processing /home/airflow/.local/lib/python3.7/site-packages/airflow/example_dags/example_xcom.py took 1.367 seconds
[2022-07-14 23:56:58,121] {processor.py:163} INFO - Started process (PID=2011) to work on /home/airflow/.local/lib/python3.7/site-packages/airflow/example_dags/example_xcom.py
[2022-07-14 23:56:58,136] {processor.py:620} INFO - Processing file /home/airflow/.local/lib/python3.7/site-packages/airflow/example_dags/example_xcom.py for tasks to queue
[2022-07-14 23:56:58,141] {logging_mixin.py:109} INFO - [2022-07-14 23:56:58,140] {dagbag.py:500} INFO - Filling up the DagBag from /home/airflow/.local/lib/python3.7/site-packages/airflow/example_dags/example_xcom.py
[2022-07-14 23:56:58,249] {processor.py:632} INFO - DAG(s) dict_keys(['example_xcom']) retrieved from /home/airflow/.local/lib/python3.7/site-packages/airflow/example_dags/example_xcom.py
[2022-07-14 23:56:59,355] {logging_mixin.py:109} INFO - [2022-07-14 23:56:59,355] {dag.py:2389} INFO - Sync 1 DAGs
[2022-07-14 23:56:59,415] {logging_mixin.py:109} INFO - [2022-07-14 23:56:59,414] {dag.py:2921} INFO - Setting next_dagrun for example_xcom to 2021-01-01T00:00:00+00:00
[2022-07-14 23:56:59,444] {processor.py:171} INFO - Processing /home/airflow/.local/lib/python3.7/site-packages/airflow/example_dags/example_xcom.py took 1.337 seconds
[2022-07-14 23:57:30,325] {processor.py:163} INFO - Started process (PID=2111) to work on /home/airflow/.local/lib/python3.7/site-packages/airflow/example_dags/example_xcom.py
[2022-07-14 23:57:30,334] {processor.py:620} INFO - Processing file /home/airflow/.local/lib/python3.7/site-packages/airflow/example_dags/example_xcom.py for tasks to queue
[2022-07-14 23:57:30,337] {logging_mixin.py:109} INFO - [2022-07-14 23:57:30,337] {dagbag.py:500} INFO - Filling up the DagBag from /home/airflow/.local/lib/python3.7/site-packages/airflow/example_dags/example_xcom.py
[2022-07-14 23:57:30,424] {processor.py:632} INFO - DAG(s) dict_keys(['example_xcom']) retrieved from /home/airflow/.local/lib/python3.7/site-packages/airflow/example_dags/example_xcom.py
[2022-07-14 23:57:31,476] {logging_mixin.py:109} INFO - [2022-07-14 23:57:31,475] {dag.py:2389} INFO - Sync 1 DAGs
[2022-07-14 23:57:31,530] {logging_mixin.py:109} INFO - [2022-07-14 23:57:31,530] {dag.py:2921} INFO - Setting next_dagrun for example_xcom to 2021-01-01T00:00:00+00:00
[2022-07-14 23:57:31,562] {processor.py:171} INFO - Processing /home/airflow/.local/lib/python3.7/site-packages/airflow/example_dags/example_xcom.py took 1.245 seconds
[2022-07-14 23:58:02,012] {processor.py:163} INFO - Started process (PID=2193) to work on /home/airflow/.local/lib/python3.7/site-packages/airflow/example_dags/example_xcom.py
[2022-07-14 23:58:02,017] {processor.py:620} INFO - Processing file /home/airflow/.local/lib/python3.7/site-packages/airflow/example_dags/example_xcom.py for tasks to queue
[2022-07-14 23:58:02,020] {logging_mixin.py:109} INFO - [2022-07-14 23:58:02,019] {dagbag.py:500} INFO - Filling up the DagBag from /home/airflow/.local/lib/python3.7/site-packages/airflow/example_dags/example_xcom.py
[2022-07-14 23:58:02,097] {processor.py:632} INFO - DAG(s) dict_keys(['example_xcom']) retrieved from /home/airflow/.local/lib/python3.7/site-packages/airflow/example_dags/example_xcom.py
[2022-07-14 23:58:03,133] {logging_mixin.py:109} INFO - [2022-07-14 23:58:03,133] {dag.py:2389} INFO - Sync 1 DAGs
[2022-07-14 23:58:03,192] {logging_mixin.py:109} INFO - [2022-07-14 23:58:03,192] {dag.py:2921} INFO - Setting next_dagrun for example_xcom to 2021-01-01T00:00:00+00:00
[2022-07-14 23:58:03,228] {processor.py:171} INFO - Processing /home/airflow/.local/lib/python3.7/site-packages/airflow/example_dags/example_xcom.py took 1.223 seconds
[2022-07-14 23:58:34,381] {processor.py:163} INFO - Started process (PID=2297) to work on /home/airflow/.local/lib/python3.7/site-packages/airflow/example_dags/example_xcom.py
[2022-07-14 23:58:34,386] {processor.py:620} INFO - Processing file /home/airflow/.local/lib/python3.7/site-packages/airflow/example_dags/example_xcom.py for tasks to queue
[2022-07-14 23:58:34,389] {logging_mixin.py:109} INFO - [2022-07-14 23:58:34,388] {dagbag.py:500} INFO - Filling up the DagBag from /home/airflow/.local/lib/python3.7/site-packages/airflow/example_dags/example_xcom.py
[2022-07-14 23:58:34,473] {processor.py:632} INFO - DAG(s) dict_keys(['example_xcom']) retrieved from /home/airflow/.local/lib/python3.7/site-packages/airflow/example_dags/example_xcom.py
[2022-07-14 23:58:35,618] {logging_mixin.py:109} INFO - [2022-07-14 23:58:35,618] {dag.py:2389} INFO - Sync 1 DAGs
[2022-07-14 23:58:35,679] {logging_mixin.py:109} INFO - [2022-07-14 23:58:35,678] {dag.py:2921} INFO - Setting next_dagrun for example_xcom to 2021-01-01T00:00:00+00:00
[2022-07-14 23:58:35,717] {processor.py:171} INFO - Processing /home/airflow/.local/lib/python3.7/site-packages/airflow/example_dags/example_xcom.py took 1.343 seconds
[2022-07-14 23:59:06,488] {processor.py:163} INFO - Started process (PID=2395) to work on /home/airflow/.local/lib/python3.7/site-packages/airflow/example_dags/example_xcom.py
[2022-07-14 23:59:06,492] {processor.py:620} INFO - Processing file /home/airflow/.local/lib/python3.7/site-packages/airflow/example_dags/example_xcom.py for tasks to queue
[2022-07-14 23:59:06,496] {logging_mixin.py:109} INFO - [2022-07-14 23:59:06,495] {dagbag.py:500} INFO - Filling up the DagBag from /home/airflow/.local/lib/python3.7/site-packages/airflow/example_dags/example_xcom.py
[2022-07-14 23:59:06,577] {processor.py:632} INFO - DAG(s) dict_keys(['example_xcom']) retrieved from /home/airflow/.local/lib/python3.7/site-packages/airflow/example_dags/example_xcom.py
[2022-07-14 23:59:07,802] {logging_mixin.py:109} INFO - [2022-07-14 23:59:07,802] {dag.py:2389} INFO - Sync 1 DAGs
[2022-07-14 23:59:07,860] {logging_mixin.py:109} INFO - [2022-07-14 23:59:07,859] {dag.py:2921} INFO - Setting next_dagrun for example_xcom to 2021-01-01T00:00:00+00:00
[2022-07-14 23:59:07,896] {processor.py:171} INFO - Processing /home/airflow/.local/lib/python3.7/site-packages/airflow/example_dags/example_xcom.py took 1.416 seconds
[2022-07-14 23:59:38,278] {processor.py:163} INFO - Started process (PID=2478) to work on /home/airflow/.local/lib/python3.7/site-packages/airflow/example_dags/example_xcom.py
[2022-07-14 23:59:38,286] {processor.py:620} INFO - Processing file /home/airflow/.local/lib/python3.7/site-packages/airflow/example_dags/example_xcom.py for tasks to queue
[2022-07-14 23:59:38,290] {logging_mixin.py:109} INFO - [2022-07-14 23:59:38,289] {dagbag.py:500} INFO - Filling up the DagBag from /home/airflow/.local/lib/python3.7/site-packages/airflow/example_dags/example_xcom.py
[2022-07-14 23:59:38,389] {processor.py:632} INFO - DAG(s) dict_keys(['example_xcom']) retrieved from /home/airflow/.local/lib/python3.7/site-packages/airflow/example_dags/example_xcom.py
[2022-07-14 23:59:39,472] {logging_mixin.py:109} INFO - [2022-07-14 23:59:39,471] {dag.py:2389} INFO - Sync 1 DAGs
[2022-07-14 23:59:39,531] {logging_mixin.py:109} INFO - [2022-07-14 23:59:39,531] {dag.py:2921} INFO - Setting next_dagrun for example_xcom to 2021-01-01T00:00:00+00:00
[2022-07-14 23:59:39,568] {processor.py:171} INFO - Processing /home/airflow/.local/lib/python3.7/site-packages/airflow/example_dags/example_xcom.py took 1.303 seconds
