[2022-07-14 23:41:37,138] {processor.py:163} INFO - Started process (PID=370) to work on /home/airflow/.local/lib/python3.7/site-packages/airflow/example_dags/example_subdag_operator.py
[2022-07-14 23:41:37,165] {processor.py:620} INFO - Processing file /home/airflow/.local/lib/python3.7/site-packages/airflow/example_dags/example_subdag_operator.py for tasks to queue
[2022-07-14 23:41:37,190] {logging_mixin.py:109} INFO - [2022-07-14 23:41:37,189] {dagbag.py:500} INFO - Filling up the DagBag from /home/airflow/.local/lib/python3.7/site-packages/airflow/example_dags/example_subdag_operator.py
[2022-07-14 23:41:38,043] {processor.py:632} INFO - DAG(s) dict_keys(['example_subdag_operator.section-1', 'example_subdag_operator.section-2', 'example_subdag_operator']) retrieved from /home/airflow/.local/lib/python3.7/site-packages/airflow/example_dags/example_subdag_operator.py
[2022-07-14 23:41:46,587] {logging_mixin.py:109} INFO - [2022-07-14 23:41:46,586] {dag.py:2389} INFO - Sync 3 DAGs
[2022-07-14 23:41:46,967] {logging_mixin.py:109} INFO - [2022-07-14 23:41:46,953] {dag.py:2921} INFO - Setting next_dagrun for example_subdag_operator to 2022-07-12T00:00:00+00:00
[2022-07-14 23:41:46,988] {logging_mixin.py:109} INFO - [2022-07-14 23:41:46,987] {dag.py:2921} INFO - Setting next_dagrun for example_subdag_operator.section-1 to None
[2022-07-14 23:41:46,999] {logging_mixin.py:109} INFO - [2022-07-14 23:41:46,999] {dag.py:2921} INFO - Setting next_dagrun for example_subdag_operator.section-2 to None
[2022-07-14 23:41:47,215] {logging_mixin.py:109} INFO - [2022-07-14 23:41:47,214] {dag.py:2389} INFO - Sync 2 DAGs
[2022-07-14 23:41:47,478] {logging_mixin.py:109} INFO - [2022-07-14 23:41:47,477] {dag.py:2921} INFO - Setting next_dagrun for example_subdag_operator.section-1 to None
[2022-07-14 23:41:47,499] {logging_mixin.py:109} INFO - [2022-07-14 23:41:47,498] {dag.py:2921} INFO - Setting next_dagrun for example_subdag_operator.section-2 to None
[2022-07-14 23:41:47,632] {processor.py:171} INFO - Processing /home/airflow/.local/lib/python3.7/site-packages/airflow/example_dags/example_subdag_operator.py took 10.545 seconds
[2022-07-14 23:46:48,170] {processor.py:163} INFO - Started process (PID=227) to work on /home/airflow/.local/lib/python3.7/site-packages/airflow/example_dags/example_subdag_operator.py
[2022-07-14 23:46:48,192] {processor.py:620} INFO - Processing file /home/airflow/.local/lib/python3.7/site-packages/airflow/example_dags/example_subdag_operator.py for tasks to queue
[2022-07-14 23:46:48,199] {logging_mixin.py:109} INFO - [2022-07-14 23:46:48,197] {dagbag.py:500} INFO - Filling up the DagBag from /home/airflow/.local/lib/python3.7/site-packages/airflow/example_dags/example_subdag_operator.py
[2022-07-14 23:46:48,553] {processor.py:632} INFO - DAG(s) dict_keys(['example_subdag_operator.section-1', 'example_subdag_operator.section-2', 'example_subdag_operator']) retrieved from /home/airflow/.local/lib/python3.7/site-packages/airflow/example_dags/example_subdag_operator.py
[2022-07-14 23:46:48,802] {logging_mixin.py:109} INFO - [2022-07-14 23:46:48,794] {dag.py:2389} INFO - Sync 3 DAGs
[2022-07-14 23:46:49,063] {logging_mixin.py:109} INFO - [2022-07-14 23:46:49,062] {dag.py:2921} INFO - Setting next_dagrun for example_subdag_operator to 2022-07-12T00:00:00+00:00
[2022-07-14 23:46:49,083] {logging_mixin.py:109} INFO - [2022-07-14 23:46:49,068] {dag.py:2921} INFO - Setting next_dagrun for example_subdag_operator.section-1 to None
[2022-07-14 23:46:49,088] {logging_mixin.py:109} INFO - [2022-07-14 23:46:49,086] {dag.py:2921} INFO - Setting next_dagrun for example_subdag_operator.section-2 to None
[2022-07-14 23:46:49,165] {logging_mixin.py:109} INFO - [2022-07-14 23:46:49,164] {dag.py:2389} INFO - Sync 2 DAGs
[2022-07-14 23:46:49,317] {logging_mixin.py:109} INFO - [2022-07-14 23:46:49,317] {dag.py:2921} INFO - Setting next_dagrun for example_subdag_operator.section-1 to None
[2022-07-14 23:46:49,327] {logging_mixin.py:109} INFO - [2022-07-14 23:46:49,327] {dag.py:2921} INFO - Setting next_dagrun for example_subdag_operator.section-2 to None
[2022-07-14 23:46:49,399] {processor.py:171} INFO - Processing /home/airflow/.local/lib/python3.7/site-packages/airflow/example_dags/example_subdag_operator.py took 1.260 seconds
[2022-07-14 23:47:20,064] {processor.py:163} INFO - Started process (PID=313) to work on /home/airflow/.local/lib/python3.7/site-packages/airflow/example_dags/example_subdag_operator.py
[2022-07-14 23:47:20,075] {processor.py:620} INFO - Processing file /home/airflow/.local/lib/python3.7/site-packages/airflow/example_dags/example_subdag_operator.py for tasks to queue
[2022-07-14 23:47:20,081] {logging_mixin.py:109} INFO - [2022-07-14 23:47:20,080] {dagbag.py:500} INFO - Filling up the DagBag from /home/airflow/.local/lib/python3.7/site-packages/airflow/example_dags/example_subdag_operator.py
[2022-07-14 23:47:20,299] {processor.py:632} INFO - DAG(s) dict_keys(['example_subdag_operator.section-1', 'example_subdag_operator.section-2', 'example_subdag_operator']) retrieved from /home/airflow/.local/lib/python3.7/site-packages/airflow/example_dags/example_subdag_operator.py
[2022-07-14 23:47:20,408] {logging_mixin.py:109} INFO - [2022-07-14 23:47:20,408] {dag.py:2389} INFO - Sync 3 DAGs
[2022-07-14 23:47:20,507] {logging_mixin.py:109} INFO - [2022-07-14 23:47:20,506] {dag.py:2921} INFO - Setting next_dagrun for example_subdag_operator to 2022-07-12T00:00:00+00:00
[2022-07-14 23:47:20,511] {logging_mixin.py:109} INFO - [2022-07-14 23:47:20,510] {dag.py:2921} INFO - Setting next_dagrun for example_subdag_operator.section-1 to None
[2022-07-14 23:47:20,513] {logging_mixin.py:109} INFO - [2022-07-14 23:47:20,513] {dag.py:2921} INFO - Setting next_dagrun for example_subdag_operator.section-2 to None
[2022-07-14 23:47:20,545] {logging_mixin.py:109} INFO - [2022-07-14 23:47:20,544] {dag.py:2389} INFO - Sync 2 DAGs
[2022-07-14 23:47:20,607] {logging_mixin.py:109} INFO - [2022-07-14 23:47:20,607] {dag.py:2921} INFO - Setting next_dagrun for example_subdag_operator.section-1 to None
[2022-07-14 23:47:20,611] {logging_mixin.py:109} INFO - [2022-07-14 23:47:20,610] {dag.py:2921} INFO - Setting next_dagrun for example_subdag_operator.section-2 to None
[2022-07-14 23:47:20,643] {processor.py:171} INFO - Processing /home/airflow/.local/lib/python3.7/site-packages/airflow/example_dags/example_subdag_operator.py took 0.587 seconds
[2022-07-14 23:47:50,945] {processor.py:163} INFO - Started process (PID=410) to work on /home/airflow/.local/lib/python3.7/site-packages/airflow/example_dags/example_subdag_operator.py
[2022-07-14 23:47:50,954] {processor.py:620} INFO - Processing file /home/airflow/.local/lib/python3.7/site-packages/airflow/example_dags/example_subdag_operator.py for tasks to queue
[2022-07-14 23:47:50,967] {logging_mixin.py:109} INFO - [2022-07-14 23:47:50,966] {dagbag.py:500} INFO - Filling up the DagBag from /home/airflow/.local/lib/python3.7/site-packages/airflow/example_dags/example_subdag_operator.py
[2022-07-14 23:47:51,257] {processor.py:632} INFO - DAG(s) dict_keys(['example_subdag_operator.section-1', 'example_subdag_operator.section-2', 'example_subdag_operator']) retrieved from /home/airflow/.local/lib/python3.7/site-packages/airflow/example_dags/example_subdag_operator.py
[2022-07-14 23:47:51,346] {logging_mixin.py:109} INFO - [2022-07-14 23:47:51,346] {dag.py:2389} INFO - Sync 3 DAGs
[2022-07-14 23:47:51,472] {logging_mixin.py:109} INFO - [2022-07-14 23:47:51,470] {dag.py:2921} INFO - Setting next_dagrun for example_subdag_operator to 2022-07-12T00:00:00+00:00
[2022-07-14 23:47:51,477] {logging_mixin.py:109} INFO - [2022-07-14 23:47:51,476] {dag.py:2921} INFO - Setting next_dagrun for example_subdag_operator.section-1 to None
[2022-07-14 23:47:51,480] {logging_mixin.py:109} INFO - [2022-07-14 23:47:51,479] {dag.py:2921} INFO - Setting next_dagrun for example_subdag_operator.section-2 to None
[2022-07-14 23:47:51,519] {logging_mixin.py:109} INFO - [2022-07-14 23:47:51,519] {dag.py:2389} INFO - Sync 2 DAGs
[2022-07-14 23:47:51,601] {logging_mixin.py:109} INFO - [2022-07-14 23:47:51,601] {dag.py:2921} INFO - Setting next_dagrun for example_subdag_operator.section-1 to None
[2022-07-14 23:47:51,607] {logging_mixin.py:109} INFO - [2022-07-14 23:47:51,606] {dag.py:2921} INFO - Setting next_dagrun for example_subdag_operator.section-2 to None
[2022-07-14 23:47:51,647] {processor.py:171} INFO - Processing /home/airflow/.local/lib/python3.7/site-packages/airflow/example_dags/example_subdag_operator.py took 0.736 seconds
[2022-07-14 23:48:21,694] {processor.py:163} INFO - Started process (PID=492) to work on /home/airflow/.local/lib/python3.7/site-packages/airflow/example_dags/example_subdag_operator.py
[2022-07-14 23:48:21,698] {processor.py:620} INFO - Processing file /home/airflow/.local/lib/python3.7/site-packages/airflow/example_dags/example_subdag_operator.py for tasks to queue
[2022-07-14 23:48:21,700] {logging_mixin.py:109} INFO - [2022-07-14 23:48:21,700] {dagbag.py:500} INFO - Filling up the DagBag from /home/airflow/.local/lib/python3.7/site-packages/airflow/example_dags/example_subdag_operator.py
[2022-07-14 23:48:21,790] {processor.py:632} INFO - DAG(s) dict_keys(['example_subdag_operator.section-1', 'example_subdag_operator.section-2', 'example_subdag_operator']) retrieved from /home/airflow/.local/lib/python3.7/site-packages/airflow/example_dags/example_subdag_operator.py
[2022-07-14 23:48:21,837] {logging_mixin.py:109} INFO - [2022-07-14 23:48:21,837] {dag.py:2389} INFO - Sync 3 DAGs
[2022-07-14 23:48:21,891] {logging_mixin.py:109} INFO - [2022-07-14 23:48:21,891] {dag.py:2921} INFO - Setting next_dagrun for example_subdag_operator to 2022-07-12T00:00:00+00:00
[2022-07-14 23:48:21,894] {logging_mixin.py:109} INFO - [2022-07-14 23:48:21,893] {dag.py:2921} INFO - Setting next_dagrun for example_subdag_operator.section-1 to None
[2022-07-14 23:48:21,895] {logging_mixin.py:109} INFO - [2022-07-14 23:48:21,895] {dag.py:2921} INFO - Setting next_dagrun for example_subdag_operator.section-2 to None
[2022-07-14 23:48:21,915] {logging_mixin.py:109} INFO - [2022-07-14 23:48:21,914] {dag.py:2389} INFO - Sync 2 DAGs
[2022-07-14 23:48:21,949] {logging_mixin.py:109} INFO - [2022-07-14 23:48:21,948] {dag.py:2921} INFO - Setting next_dagrun for example_subdag_operator.section-1 to None
[2022-07-14 23:48:21,951] {logging_mixin.py:109} INFO - [2022-07-14 23:48:21,950] {dag.py:2921} INFO - Setting next_dagrun for example_subdag_operator.section-2 to None
[2022-07-14 23:48:21,970] {processor.py:171} INFO - Processing /home/airflow/.local/lib/python3.7/site-packages/airflow/example_dags/example_subdag_operator.py took 0.283 seconds
[2022-07-14 23:48:52,183] {processor.py:163} INFO - Started process (PID=588) to work on /home/airflow/.local/lib/python3.7/site-packages/airflow/example_dags/example_subdag_operator.py
[2022-07-14 23:48:52,188] {processor.py:620} INFO - Processing file /home/airflow/.local/lib/python3.7/site-packages/airflow/example_dags/example_subdag_operator.py for tasks to queue
[2022-07-14 23:48:52,191] {logging_mixin.py:109} INFO - [2022-07-14 23:48:52,191] {dagbag.py:500} INFO - Filling up the DagBag from /home/airflow/.local/lib/python3.7/site-packages/airflow/example_dags/example_subdag_operator.py
[2022-07-14 23:48:52,299] {processor.py:632} INFO - DAG(s) dict_keys(['example_subdag_operator.section-1', 'example_subdag_operator.section-2', 'example_subdag_operator']) retrieved from /home/airflow/.local/lib/python3.7/site-packages/airflow/example_dags/example_subdag_operator.py
[2022-07-14 23:48:52,363] {logging_mixin.py:109} INFO - [2022-07-14 23:48:52,362] {dag.py:2389} INFO - Sync 3 DAGs
[2022-07-14 23:48:52,429] {logging_mixin.py:109} INFO - [2022-07-14 23:48:52,428] {dag.py:2921} INFO - Setting next_dagrun for example_subdag_operator to 2022-07-12T00:00:00+00:00
[2022-07-14 23:48:52,432] {logging_mixin.py:109} INFO - [2022-07-14 23:48:52,432] {dag.py:2921} INFO - Setting next_dagrun for example_subdag_operator.section-1 to None
[2022-07-14 23:48:52,436] {logging_mixin.py:109} INFO - [2022-07-14 23:48:52,436] {dag.py:2921} INFO - Setting next_dagrun for example_subdag_operator.section-2 to None
[2022-07-14 23:48:52,461] {logging_mixin.py:109} INFO - [2022-07-14 23:48:52,460] {dag.py:2389} INFO - Sync 2 DAGs
[2022-07-14 23:48:52,505] {logging_mixin.py:109} INFO - [2022-07-14 23:48:52,504] {dag.py:2921} INFO - Setting next_dagrun for example_subdag_operator.section-1 to None
[2022-07-14 23:48:52,509] {logging_mixin.py:109} INFO - [2022-07-14 23:48:52,508] {dag.py:2921} INFO - Setting next_dagrun for example_subdag_operator.section-2 to None
[2022-07-14 23:48:52,548] {processor.py:171} INFO - Processing /home/airflow/.local/lib/python3.7/site-packages/airflow/example_dags/example_subdag_operator.py took 0.374 seconds
[2022-07-14 23:49:22,744] {processor.py:163} INFO - Started process (PID=670) to work on /home/airflow/.local/lib/python3.7/site-packages/airflow/example_dags/example_subdag_operator.py
[2022-07-14 23:49:22,748] {processor.py:620} INFO - Processing file /home/airflow/.local/lib/python3.7/site-packages/airflow/example_dags/example_subdag_operator.py for tasks to queue
[2022-07-14 23:49:22,751] {logging_mixin.py:109} INFO - [2022-07-14 23:49:22,751] {dagbag.py:500} INFO - Filling up the DagBag from /home/airflow/.local/lib/python3.7/site-packages/airflow/example_dags/example_subdag_operator.py
[2022-07-14 23:49:22,866] {processor.py:632} INFO - DAG(s) dict_keys(['example_subdag_operator.section-1', 'example_subdag_operator.section-2', 'example_subdag_operator']) retrieved from /home/airflow/.local/lib/python3.7/site-packages/airflow/example_dags/example_subdag_operator.py
[2022-07-14 23:49:22,920] {logging_mixin.py:109} INFO - [2022-07-14 23:49:22,919] {dag.py:2389} INFO - Sync 3 DAGs
[2022-07-14 23:49:22,985] {logging_mixin.py:109} INFO - [2022-07-14 23:49:22,984] {dag.py:2921} INFO - Setting next_dagrun for example_subdag_operator to 2022-07-12T00:00:00+00:00
[2022-07-14 23:49:22,987] {logging_mixin.py:109} INFO - [2022-07-14 23:49:22,987] {dag.py:2921} INFO - Setting next_dagrun for example_subdag_operator.section-1 to None
[2022-07-14 23:49:22,990] {logging_mixin.py:109} INFO - [2022-07-14 23:49:22,989] {dag.py:2921} INFO - Setting next_dagrun for example_subdag_operator.section-2 to None
[2022-07-14 23:49:23,012] {logging_mixin.py:109} INFO - [2022-07-14 23:49:23,012] {dag.py:2389} INFO - Sync 2 DAGs
[2022-07-14 23:49:23,058] {logging_mixin.py:109} INFO - [2022-07-14 23:49:23,057] {dag.py:2921} INFO - Setting next_dagrun for example_subdag_operator.section-1 to None
[2022-07-14 23:49:23,061] {logging_mixin.py:109} INFO - [2022-07-14 23:49:23,061] {dag.py:2921} INFO - Setting next_dagrun for example_subdag_operator.section-2 to None
[2022-07-14 23:49:23,085] {processor.py:171} INFO - Processing /home/airflow/.local/lib/python3.7/site-packages/airflow/example_dags/example_subdag_operator.py took 0.348 seconds
[2022-07-14 23:49:53,182] {processor.py:163} INFO - Started process (PID=768) to work on /home/airflow/.local/lib/python3.7/site-packages/airflow/example_dags/example_subdag_operator.py
[2022-07-14 23:49:53,187] {processor.py:620} INFO - Processing file /home/airflow/.local/lib/python3.7/site-packages/airflow/example_dags/example_subdag_operator.py for tasks to queue
[2022-07-14 23:49:53,190] {logging_mixin.py:109} INFO - [2022-07-14 23:49:53,190] {dagbag.py:500} INFO - Filling up the DagBag from /home/airflow/.local/lib/python3.7/site-packages/airflow/example_dags/example_subdag_operator.py
[2022-07-14 23:49:53,302] {processor.py:632} INFO - DAG(s) dict_keys(['example_subdag_operator.section-1', 'example_subdag_operator.section-2', 'example_subdag_operator']) retrieved from /home/airflow/.local/lib/python3.7/site-packages/airflow/example_dags/example_subdag_operator.py
[2022-07-14 23:49:53,397] {logging_mixin.py:109} INFO - [2022-07-14 23:49:53,397] {dag.py:2389} INFO - Sync 3 DAGs
[2022-07-14 23:49:53,462] {logging_mixin.py:109} INFO - [2022-07-14 23:49:53,461] {dag.py:2921} INFO - Setting next_dagrun for example_subdag_operator to 2022-07-12T00:00:00+00:00
[2022-07-14 23:49:53,464] {logging_mixin.py:109} INFO - [2022-07-14 23:49:53,464] {dag.py:2921} INFO - Setting next_dagrun for example_subdag_operator.section-1 to None
[2022-07-14 23:49:53,467] {logging_mixin.py:109} INFO - [2022-07-14 23:49:53,466] {dag.py:2921} INFO - Setting next_dagrun for example_subdag_operator.section-2 to None
[2022-07-14 23:49:53,488] {logging_mixin.py:109} INFO - [2022-07-14 23:49:53,488] {dag.py:2389} INFO - Sync 2 DAGs
[2022-07-14 23:49:53,530] {logging_mixin.py:109} INFO - [2022-07-14 23:49:53,530] {dag.py:2921} INFO - Setting next_dagrun for example_subdag_operator.section-1 to None
[2022-07-14 23:49:53,533] {logging_mixin.py:109} INFO - [2022-07-14 23:49:53,532] {dag.py:2921} INFO - Setting next_dagrun for example_subdag_operator.section-2 to None
[2022-07-14 23:49:53,555] {processor.py:171} INFO - Processing /home/airflow/.local/lib/python3.7/site-packages/airflow/example_dags/example_subdag_operator.py took 0.381 seconds
[2022-07-14 23:50:23,717] {processor.py:163} INFO - Started process (PID=848) to work on /home/airflow/.local/lib/python3.7/site-packages/airflow/example_dags/example_subdag_operator.py
[2022-07-14 23:50:23,720] {processor.py:620} INFO - Processing file /home/airflow/.local/lib/python3.7/site-packages/airflow/example_dags/example_subdag_operator.py for tasks to queue
[2022-07-14 23:50:23,723] {logging_mixin.py:109} INFO - [2022-07-14 23:50:23,722] {dagbag.py:500} INFO - Filling up the DagBag from /home/airflow/.local/lib/python3.7/site-packages/airflow/example_dags/example_subdag_operator.py
[2022-07-14 23:50:23,839] {processor.py:632} INFO - DAG(s) dict_keys(['example_subdag_operator.section-1', 'example_subdag_operator.section-2', 'example_subdag_operator']) retrieved from /home/airflow/.local/lib/python3.7/site-packages/airflow/example_dags/example_subdag_operator.py
[2022-07-14 23:50:23,896] {logging_mixin.py:109} INFO - [2022-07-14 23:50:23,895] {dag.py:2389} INFO - Sync 3 DAGs
[2022-07-14 23:50:23,960] {logging_mixin.py:109} INFO - [2022-07-14 23:50:23,960] {dag.py:2921} INFO - Setting next_dagrun for example_subdag_operator to 2022-07-12T00:00:00+00:00
[2022-07-14 23:50:23,964] {logging_mixin.py:109} INFO - [2022-07-14 23:50:23,963] {dag.py:2921} INFO - Setting next_dagrun for example_subdag_operator.section-1 to None
[2022-07-14 23:50:23,966] {logging_mixin.py:109} INFO - [2022-07-14 23:50:23,965] {dag.py:2921} INFO - Setting next_dagrun for example_subdag_operator.section-2 to None
[2022-07-14 23:50:23,988] {logging_mixin.py:109} INFO - [2022-07-14 23:50:23,987] {dag.py:2389} INFO - Sync 2 DAGs
[2022-07-14 23:50:24,031] {logging_mixin.py:109} INFO - [2022-07-14 23:50:24,030] {dag.py:2921} INFO - Setting next_dagrun for example_subdag_operator.section-1 to None
[2022-07-14 23:50:24,034] {logging_mixin.py:109} INFO - [2022-07-14 23:50:24,034] {dag.py:2921} INFO - Setting next_dagrun for example_subdag_operator.section-2 to None
[2022-07-14 23:50:24,069] {processor.py:171} INFO - Processing /home/airflow/.local/lib/python3.7/site-packages/airflow/example_dags/example_subdag_operator.py took 0.360 seconds
[2022-07-14 23:50:54,910] {processor.py:163} INFO - Started process (PID=947) to work on /home/airflow/.local/lib/python3.7/site-packages/airflow/example_dags/example_subdag_operator.py
[2022-07-14 23:50:54,925] {processor.py:620} INFO - Processing file /home/airflow/.local/lib/python3.7/site-packages/airflow/example_dags/example_subdag_operator.py for tasks to queue
[2022-07-14 23:50:54,930] {logging_mixin.py:109} INFO - [2022-07-14 23:50:54,929] {dagbag.py:500} INFO - Filling up the DagBag from /home/airflow/.local/lib/python3.7/site-packages/airflow/example_dags/example_subdag_operator.py
[2022-07-14 23:50:55,061] {processor.py:632} INFO - DAG(s) dict_keys(['example_subdag_operator.section-1', 'example_subdag_operator.section-2', 'example_subdag_operator']) retrieved from /home/airflow/.local/lib/python3.7/site-packages/airflow/example_dags/example_subdag_operator.py
[2022-07-14 23:50:55,119] {logging_mixin.py:109} INFO - [2022-07-14 23:50:55,119] {dag.py:2389} INFO - Sync 3 DAGs
[2022-07-14 23:50:55,194] {logging_mixin.py:109} INFO - [2022-07-14 23:50:55,193] {dag.py:2921} INFO - Setting next_dagrun for example_subdag_operator to 2022-07-12T00:00:00+00:00
[2022-07-14 23:50:55,199] {logging_mixin.py:109} INFO - [2022-07-14 23:50:55,199] {dag.py:2921} INFO - Setting next_dagrun for example_subdag_operator.section-1 to None
[2022-07-14 23:50:55,202] {logging_mixin.py:109} INFO - [2022-07-14 23:50:55,201] {dag.py:2921} INFO - Setting next_dagrun for example_subdag_operator.section-2 to None
[2022-07-14 23:50:55,229] {logging_mixin.py:109} INFO - [2022-07-14 23:50:55,228] {dag.py:2389} INFO - Sync 2 DAGs
[2022-07-14 23:50:55,277] {logging_mixin.py:109} INFO - [2022-07-14 23:50:55,277] {dag.py:2921} INFO - Setting next_dagrun for example_subdag_operator.section-1 to None
[2022-07-14 23:50:55,280] {logging_mixin.py:109} INFO - [2022-07-14 23:50:55,280] {dag.py:2921} INFO - Setting next_dagrun for example_subdag_operator.section-2 to None
[2022-07-14 23:50:55,307] {processor.py:171} INFO - Processing /home/airflow/.local/lib/python3.7/site-packages/airflow/example_dags/example_subdag_operator.py took 0.405 seconds
[2022-07-14 23:51:25,379] {processor.py:163} INFO - Started process (PID=1037) to work on /home/airflow/.local/lib/python3.7/site-packages/airflow/example_dags/example_subdag_operator.py
[2022-07-14 23:51:25,391] {processor.py:620} INFO - Processing file /home/airflow/.local/lib/python3.7/site-packages/airflow/example_dags/example_subdag_operator.py for tasks to queue
[2022-07-14 23:51:25,402] {logging_mixin.py:109} INFO - [2022-07-14 23:51:25,402] {dagbag.py:500} INFO - Filling up the DagBag from /home/airflow/.local/lib/python3.7/site-packages/airflow/example_dags/example_subdag_operator.py
[2022-07-14 23:51:25,533] {processor.py:632} INFO - DAG(s) dict_keys(['example_subdag_operator.section-1', 'example_subdag_operator.section-2', 'example_subdag_operator']) retrieved from /home/airflow/.local/lib/python3.7/site-packages/airflow/example_dags/example_subdag_operator.py
[2022-07-14 23:51:25,597] {logging_mixin.py:109} INFO - [2022-07-14 23:51:25,596] {dag.py:2389} INFO - Sync 3 DAGs
[2022-07-14 23:51:25,678] {logging_mixin.py:109} INFO - [2022-07-14 23:51:25,678] {dag.py:2921} INFO - Setting next_dagrun for example_subdag_operator to 2022-07-12T00:00:00+00:00
[2022-07-14 23:51:25,684] {logging_mixin.py:109} INFO - [2022-07-14 23:51:25,683] {dag.py:2921} INFO - Setting next_dagrun for example_subdag_operator.section-1 to None
[2022-07-14 23:51:25,687] {logging_mixin.py:109} INFO - [2022-07-14 23:51:25,687] {dag.py:2921} INFO - Setting next_dagrun for example_subdag_operator.section-2 to None
[2022-07-14 23:51:25,714] {logging_mixin.py:109} INFO - [2022-07-14 23:51:25,713] {dag.py:2389} INFO - Sync 2 DAGs
[2022-07-14 23:51:25,755] {logging_mixin.py:109} INFO - [2022-07-14 23:51:25,755] {dag.py:2921} INFO - Setting next_dagrun for example_subdag_operator.section-1 to None
[2022-07-14 23:51:25,758] {logging_mixin.py:109} INFO - [2022-07-14 23:51:25,757] {dag.py:2921} INFO - Setting next_dagrun for example_subdag_operator.section-2 to None
[2022-07-14 23:51:25,781] {processor.py:171} INFO - Processing /home/airflow/.local/lib/python3.7/site-packages/airflow/example_dags/example_subdag_operator.py took 0.410 seconds
[2022-07-14 23:51:56,272] {processor.py:163} INFO - Started process (PID=1125) to work on /home/airflow/.local/lib/python3.7/site-packages/airflow/example_dags/example_subdag_operator.py
[2022-07-14 23:51:56,278] {processor.py:620} INFO - Processing file /home/airflow/.local/lib/python3.7/site-packages/airflow/example_dags/example_subdag_operator.py for tasks to queue
[2022-07-14 23:51:56,282] {logging_mixin.py:109} INFO - [2022-07-14 23:51:56,281] {dagbag.py:500} INFO - Filling up the DagBag from /home/airflow/.local/lib/python3.7/site-packages/airflow/example_dags/example_subdag_operator.py
[2022-07-14 23:51:56,413] {processor.py:632} INFO - DAG(s) dict_keys(['example_subdag_operator.section-1', 'example_subdag_operator.section-2', 'example_subdag_operator']) retrieved from /home/airflow/.local/lib/python3.7/site-packages/airflow/example_dags/example_subdag_operator.py
[2022-07-14 23:51:56,481] {logging_mixin.py:109} INFO - [2022-07-14 23:51:56,480] {dag.py:2389} INFO - Sync 3 DAGs
[2022-07-14 23:51:56,558] {logging_mixin.py:109} INFO - [2022-07-14 23:51:56,558] {dag.py:2921} INFO - Setting next_dagrun for example_subdag_operator to 2022-07-12T00:00:00+00:00
[2022-07-14 23:51:56,561] {logging_mixin.py:109} INFO - [2022-07-14 23:51:56,561] {dag.py:2921} INFO - Setting next_dagrun for example_subdag_operator.section-1 to None
[2022-07-14 23:51:56,563] {logging_mixin.py:109} INFO - [2022-07-14 23:51:56,563] {dag.py:2921} INFO - Setting next_dagrun for example_subdag_operator.section-2 to None
[2022-07-14 23:51:56,589] {logging_mixin.py:109} INFO - [2022-07-14 23:51:56,589] {dag.py:2389} INFO - Sync 2 DAGs
[2022-07-14 23:51:56,638] {logging_mixin.py:109} INFO - [2022-07-14 23:51:56,638] {dag.py:2921} INFO - Setting next_dagrun for example_subdag_operator.section-1 to None
[2022-07-14 23:51:56,641] {logging_mixin.py:109} INFO - [2022-07-14 23:51:56,641] {dag.py:2921} INFO - Setting next_dagrun for example_subdag_operator.section-2 to None
[2022-07-14 23:51:56,668] {processor.py:171} INFO - Processing /home/airflow/.local/lib/python3.7/site-packages/airflow/example_dags/example_subdag_operator.py took 0.406 seconds
[2022-07-14 23:52:27,187] {processor.py:163} INFO - Started process (PID=1223) to work on /home/airflow/.local/lib/python3.7/site-packages/airflow/example_dags/example_subdag_operator.py
[2022-07-14 23:52:27,192] {processor.py:620} INFO - Processing file /home/airflow/.local/lib/python3.7/site-packages/airflow/example_dags/example_subdag_operator.py for tasks to queue
[2022-07-14 23:52:27,195] {logging_mixin.py:109} INFO - [2022-07-14 23:52:27,195] {dagbag.py:500} INFO - Filling up the DagBag from /home/airflow/.local/lib/python3.7/site-packages/airflow/example_dags/example_subdag_operator.py
[2022-07-14 23:52:27,322] {processor.py:632} INFO - DAG(s) dict_keys(['example_subdag_operator.section-1', 'example_subdag_operator.section-2', 'example_subdag_operator']) retrieved from /home/airflow/.local/lib/python3.7/site-packages/airflow/example_dags/example_subdag_operator.py
[2022-07-14 23:52:27,387] {logging_mixin.py:109} INFO - [2022-07-14 23:52:27,386] {dag.py:2389} INFO - Sync 3 DAGs
[2022-07-14 23:52:27,462] {logging_mixin.py:109} INFO - [2022-07-14 23:52:27,462] {dag.py:2921} INFO - Setting next_dagrun for example_subdag_operator to 2022-07-12T00:00:00+00:00
[2022-07-14 23:52:27,466] {logging_mixin.py:109} INFO - [2022-07-14 23:52:27,465] {dag.py:2921} INFO - Setting next_dagrun for example_subdag_operator.section-1 to None
[2022-07-14 23:52:27,469] {logging_mixin.py:109} INFO - [2022-07-14 23:52:27,469] {dag.py:2921} INFO - Setting next_dagrun for example_subdag_operator.section-2 to None
[2022-07-14 23:52:27,492] {logging_mixin.py:109} INFO - [2022-07-14 23:52:27,492] {dag.py:2389} INFO - Sync 2 DAGs
[2022-07-14 23:52:27,537] {logging_mixin.py:109} INFO - [2022-07-14 23:52:27,537] {dag.py:2921} INFO - Setting next_dagrun for example_subdag_operator.section-1 to None
[2022-07-14 23:52:27,541] {logging_mixin.py:109} INFO - [2022-07-14 23:52:27,540] {dag.py:2921} INFO - Setting next_dagrun for example_subdag_operator.section-2 to None
[2022-07-14 23:52:27,566] {processor.py:171} INFO - Processing /home/airflow/.local/lib/python3.7/site-packages/airflow/example_dags/example_subdag_operator.py took 0.388 seconds
[2022-07-14 23:52:58,176] {processor.py:163} INFO - Started process (PID=1304) to work on /home/airflow/.local/lib/python3.7/site-packages/airflow/example_dags/example_subdag_operator.py
[2022-07-14 23:52:58,198] {processor.py:620} INFO - Processing file /home/airflow/.local/lib/python3.7/site-packages/airflow/example_dags/example_subdag_operator.py for tasks to queue
[2022-07-14 23:52:58,209] {logging_mixin.py:109} INFO - [2022-07-14 23:52:58,208] {dagbag.py:500} INFO - Filling up the DagBag from /home/airflow/.local/lib/python3.7/site-packages/airflow/example_dags/example_subdag_operator.py
[2022-07-14 23:52:58,492] {processor.py:632} INFO - DAG(s) dict_keys(['example_subdag_operator.section-1', 'example_subdag_operator.section-2', 'example_subdag_operator']) retrieved from /home/airflow/.local/lib/python3.7/site-packages/airflow/example_dags/example_subdag_operator.py
[2022-07-14 23:52:58,605] {logging_mixin.py:109} INFO - [2022-07-14 23:52:58,605] {dag.py:2389} INFO - Sync 3 DAGs
[2022-07-14 23:52:58,723] {logging_mixin.py:109} INFO - [2022-07-14 23:52:58,722] {dag.py:2921} INFO - Setting next_dagrun for example_subdag_operator to 2022-07-12T00:00:00+00:00
[2022-07-14 23:52:58,726] {logging_mixin.py:109} INFO - [2022-07-14 23:52:58,725] {dag.py:2921} INFO - Setting next_dagrun for example_subdag_operator.section-1 to None
[2022-07-14 23:52:58,730] {logging_mixin.py:109} INFO - [2022-07-14 23:52:58,730] {dag.py:2921} INFO - Setting next_dagrun for example_subdag_operator.section-2 to None
[2022-07-14 23:52:58,759] {logging_mixin.py:109} INFO - [2022-07-14 23:52:58,758] {dag.py:2389} INFO - Sync 2 DAGs
[2022-07-14 23:52:58,830] {logging_mixin.py:109} INFO - [2022-07-14 23:52:58,830] {dag.py:2921} INFO - Setting next_dagrun for example_subdag_operator.section-1 to None
[2022-07-14 23:52:58,834] {logging_mixin.py:109} INFO - [2022-07-14 23:52:58,833] {dag.py:2921} INFO - Setting next_dagrun for example_subdag_operator.section-2 to None
[2022-07-14 23:52:58,859] {processor.py:171} INFO - Processing /home/airflow/.local/lib/python3.7/site-packages/airflow/example_dags/example_subdag_operator.py took 0.712 seconds
[2022-07-14 23:53:29,205] {processor.py:163} INFO - Started process (PID=1404) to work on /home/airflow/.local/lib/python3.7/site-packages/airflow/example_dags/example_subdag_operator.py
[2022-07-14 23:53:29,210] {processor.py:620} INFO - Processing file /home/airflow/.local/lib/python3.7/site-packages/airflow/example_dags/example_subdag_operator.py for tasks to queue
[2022-07-14 23:53:29,215] {logging_mixin.py:109} INFO - [2022-07-14 23:53:29,214] {dagbag.py:500} INFO - Filling up the DagBag from /home/airflow/.local/lib/python3.7/site-packages/airflow/example_dags/example_subdag_operator.py
[2022-07-14 23:53:29,324] {processor.py:632} INFO - DAG(s) dict_keys(['example_subdag_operator.section-1', 'example_subdag_operator.section-2', 'example_subdag_operator']) retrieved from /home/airflow/.local/lib/python3.7/site-packages/airflow/example_dags/example_subdag_operator.py
[2022-07-14 23:53:29,379] {logging_mixin.py:109} INFO - [2022-07-14 23:53:29,379] {dag.py:2389} INFO - Sync 3 DAGs
[2022-07-14 23:53:29,447] {logging_mixin.py:109} INFO - [2022-07-14 23:53:29,446] {dag.py:2921} INFO - Setting next_dagrun for example_subdag_operator to 2022-07-12T00:00:00+00:00
[2022-07-14 23:53:29,450] {logging_mixin.py:109} INFO - [2022-07-14 23:53:29,449] {dag.py:2921} INFO - Setting next_dagrun for example_subdag_operator.section-1 to None
[2022-07-14 23:53:29,452] {logging_mixin.py:109} INFO - [2022-07-14 23:53:29,452] {dag.py:2921} INFO - Setting next_dagrun for example_subdag_operator.section-2 to None
[2022-07-14 23:53:29,474] {logging_mixin.py:109} INFO - [2022-07-14 23:53:29,474] {dag.py:2389} INFO - Sync 2 DAGs
[2022-07-14 23:53:29,513] {logging_mixin.py:109} INFO - [2022-07-14 23:53:29,513] {dag.py:2921} INFO - Setting next_dagrun for example_subdag_operator.section-1 to None
[2022-07-14 23:53:29,516] {logging_mixin.py:109} INFO - [2022-07-14 23:53:29,516] {dag.py:2921} INFO - Setting next_dagrun for example_subdag_operator.section-2 to None
[2022-07-14 23:53:29,538] {processor.py:171} INFO - Processing /home/airflow/.local/lib/python3.7/site-packages/airflow/example_dags/example_subdag_operator.py took 0.342 seconds
[2022-07-14 23:54:00,285] {processor.py:163} INFO - Started process (PID=1486) to work on /home/airflow/.local/lib/python3.7/site-packages/airflow/example_dags/example_subdag_operator.py
[2022-07-14 23:54:00,288] {processor.py:620} INFO - Processing file /home/airflow/.local/lib/python3.7/site-packages/airflow/example_dags/example_subdag_operator.py for tasks to queue
[2022-07-14 23:54:00,291] {logging_mixin.py:109} INFO - [2022-07-14 23:54:00,291] {dagbag.py:500} INFO - Filling up the DagBag from /home/airflow/.local/lib/python3.7/site-packages/airflow/example_dags/example_subdag_operator.py
[2022-07-14 23:54:00,379] {processor.py:632} INFO - DAG(s) dict_keys(['example_subdag_operator.section-1', 'example_subdag_operator.section-2', 'example_subdag_operator']) retrieved from /home/airflow/.local/lib/python3.7/site-packages/airflow/example_dags/example_subdag_operator.py
[2022-07-14 23:54:00,424] {logging_mixin.py:109} INFO - [2022-07-14 23:54:00,423] {dag.py:2389} INFO - Sync 3 DAGs
[2022-07-14 23:54:00,477] {logging_mixin.py:109} INFO - [2022-07-14 23:54:00,477] {dag.py:2921} INFO - Setting next_dagrun for example_subdag_operator to 2022-07-12T00:00:00+00:00
[2022-07-14 23:54:00,479] {logging_mixin.py:109} INFO - [2022-07-14 23:54:00,479] {dag.py:2921} INFO - Setting next_dagrun for example_subdag_operator.section-1 to None
[2022-07-14 23:54:00,482] {logging_mixin.py:109} INFO - [2022-07-14 23:54:00,482] {dag.py:2921} INFO - Setting next_dagrun for example_subdag_operator.section-2 to None
[2022-07-14 23:54:00,501] {logging_mixin.py:109} INFO - [2022-07-14 23:54:00,500] {dag.py:2389} INFO - Sync 2 DAGs
[2022-07-14 23:54:00,539] {logging_mixin.py:109} INFO - [2022-07-14 23:54:00,538] {dag.py:2921} INFO - Setting next_dagrun for example_subdag_operator.section-1 to None
[2022-07-14 23:54:00,541] {logging_mixin.py:109} INFO - [2022-07-14 23:54:00,541] {dag.py:2921} INFO - Setting next_dagrun for example_subdag_operator.section-2 to None
[2022-07-14 23:54:00,563] {processor.py:171} INFO - Processing /home/airflow/.local/lib/python3.7/site-packages/airflow/example_dags/example_subdag_operator.py took 0.285 seconds
[2022-07-14 23:54:31,175] {processor.py:163} INFO - Started process (PID=1584) to work on /home/airflow/.local/lib/python3.7/site-packages/airflow/example_dags/example_subdag_operator.py
[2022-07-14 23:54:31,188] {processor.py:620} INFO - Processing file /home/airflow/.local/lib/python3.7/site-packages/airflow/example_dags/example_subdag_operator.py for tasks to queue
[2022-07-14 23:54:31,192] {logging_mixin.py:109} INFO - [2022-07-14 23:54:31,192] {dagbag.py:500} INFO - Filling up the DagBag from /home/airflow/.local/lib/python3.7/site-packages/airflow/example_dags/example_subdag_operator.py
[2022-07-14 23:54:31,367] {processor.py:632} INFO - DAG(s) dict_keys(['example_subdag_operator.section-1', 'example_subdag_operator.section-2', 'example_subdag_operator']) retrieved from /home/airflow/.local/lib/python3.7/site-packages/airflow/example_dags/example_subdag_operator.py
[2022-07-14 23:54:31,436] {logging_mixin.py:109} INFO - [2022-07-14 23:54:31,436] {dag.py:2389} INFO - Sync 3 DAGs
[2022-07-14 23:54:31,500] {logging_mixin.py:109} INFO - [2022-07-14 23:54:31,499] {dag.py:2921} INFO - Setting next_dagrun for example_subdag_operator to 2022-07-12T00:00:00+00:00
[2022-07-14 23:54:31,503] {logging_mixin.py:109} INFO - [2022-07-14 23:54:31,502] {dag.py:2921} INFO - Setting next_dagrun for example_subdag_operator.section-1 to None
[2022-07-14 23:54:31,506] {logging_mixin.py:109} INFO - [2022-07-14 23:54:31,506] {dag.py:2921} INFO - Setting next_dagrun for example_subdag_operator.section-2 to None
[2022-07-14 23:54:31,529] {logging_mixin.py:109} INFO - [2022-07-14 23:54:31,529] {dag.py:2389} INFO - Sync 2 DAGs
[2022-07-14 23:54:31,568] {logging_mixin.py:109} INFO - [2022-07-14 23:54:31,567] {dag.py:2921} INFO - Setting next_dagrun for example_subdag_operator.section-1 to None
[2022-07-14 23:54:31,570] {logging_mixin.py:109} INFO - [2022-07-14 23:54:31,569] {dag.py:2921} INFO - Setting next_dagrun for example_subdag_operator.section-2 to None
[2022-07-14 23:54:31,590] {processor.py:171} INFO - Processing /home/airflow/.local/lib/python3.7/site-packages/airflow/example_dags/example_subdag_operator.py took 0.423 seconds
[2022-07-14 23:55:02,053] {processor.py:163} INFO - Started process (PID=1666) to work on /home/airflow/.local/lib/python3.7/site-packages/airflow/example_dags/example_subdag_operator.py
[2022-07-14 23:55:02,058] {processor.py:620} INFO - Processing file /home/airflow/.local/lib/python3.7/site-packages/airflow/example_dags/example_subdag_operator.py for tasks to queue
[2022-07-14 23:55:02,061] {logging_mixin.py:109} INFO - [2022-07-14 23:55:02,061] {dagbag.py:500} INFO - Filling up the DagBag from /home/airflow/.local/lib/python3.7/site-packages/airflow/example_dags/example_subdag_operator.py
[2022-07-14 23:55:02,175] {processor.py:632} INFO - DAG(s) dict_keys(['example_subdag_operator.section-1', 'example_subdag_operator.section-2', 'example_subdag_operator']) retrieved from /home/airflow/.local/lib/python3.7/site-packages/airflow/example_dags/example_subdag_operator.py
[2022-07-14 23:55:02,228] {logging_mixin.py:109} INFO - [2022-07-14 23:55:02,228] {dag.py:2389} INFO - Sync 3 DAGs
[2022-07-14 23:55:02,289] {logging_mixin.py:109} INFO - [2022-07-14 23:55:02,288] {dag.py:2921} INFO - Setting next_dagrun for example_subdag_operator to 2022-07-12T00:00:00+00:00
[2022-07-14 23:55:02,291] {logging_mixin.py:109} INFO - [2022-07-14 23:55:02,291] {dag.py:2921} INFO - Setting next_dagrun for example_subdag_operator.section-1 to None
[2022-07-14 23:55:02,293] {logging_mixin.py:109} INFO - [2022-07-14 23:55:02,293] {dag.py:2921} INFO - Setting next_dagrun for example_subdag_operator.section-2 to None
[2022-07-14 23:55:02,313] {logging_mixin.py:109} INFO - [2022-07-14 23:55:02,313] {dag.py:2389} INFO - Sync 2 DAGs
[2022-07-14 23:55:02,355] {logging_mixin.py:109} INFO - [2022-07-14 23:55:02,354] {dag.py:2921} INFO - Setting next_dagrun for example_subdag_operator.section-1 to None
[2022-07-14 23:55:02,357] {logging_mixin.py:109} INFO - [2022-07-14 23:55:02,357] {dag.py:2921} INFO - Setting next_dagrun for example_subdag_operator.section-2 to None
[2022-07-14 23:55:02,379] {processor.py:171} INFO - Processing /home/airflow/.local/lib/python3.7/site-packages/airflow/example_dags/example_subdag_operator.py took 0.334 seconds
[2022-07-14 23:55:32,880] {processor.py:163} INFO - Started process (PID=1764) to work on /home/airflow/.local/lib/python3.7/site-packages/airflow/example_dags/example_subdag_operator.py
[2022-07-14 23:55:32,885] {processor.py:620} INFO - Processing file /home/airflow/.local/lib/python3.7/site-packages/airflow/example_dags/example_subdag_operator.py for tasks to queue
[2022-07-14 23:55:32,888] {logging_mixin.py:109} INFO - [2022-07-14 23:55:32,888] {dagbag.py:500} INFO - Filling up the DagBag from /home/airflow/.local/lib/python3.7/site-packages/airflow/example_dags/example_subdag_operator.py
[2022-07-14 23:55:32,988] {processor.py:632} INFO - DAG(s) dict_keys(['example_subdag_operator.section-1', 'example_subdag_operator.section-2', 'example_subdag_operator']) retrieved from /home/airflow/.local/lib/python3.7/site-packages/airflow/example_dags/example_subdag_operator.py
[2022-07-14 23:55:33,049] {logging_mixin.py:109} INFO - [2022-07-14 23:55:33,049] {dag.py:2389} INFO - Sync 3 DAGs
[2022-07-14 23:55:33,137] {logging_mixin.py:109} INFO - [2022-07-14 23:55:33,137] {dag.py:2921} INFO - Setting next_dagrun for example_subdag_operator to 2022-07-12T00:00:00+00:00
[2022-07-14 23:55:33,143] {logging_mixin.py:109} INFO - [2022-07-14 23:55:33,140] {dag.py:2921} INFO - Setting next_dagrun for example_subdag_operator.section-1 to None
[2022-07-14 23:55:33,147] {logging_mixin.py:109} INFO - [2022-07-14 23:55:33,146] {dag.py:2921} INFO - Setting next_dagrun for example_subdag_operator.section-2 to None
[2022-07-14 23:55:33,197] {logging_mixin.py:109} INFO - [2022-07-14 23:55:33,196] {dag.py:2389} INFO - Sync 2 DAGs
[2022-07-14 23:55:33,262] {logging_mixin.py:109} INFO - [2022-07-14 23:55:33,261] {dag.py:2921} INFO - Setting next_dagrun for example_subdag_operator.section-1 to None
[2022-07-14 23:55:33,266] {logging_mixin.py:109} INFO - [2022-07-14 23:55:33,266] {dag.py:2921} INFO - Setting next_dagrun for example_subdag_operator.section-2 to None
[2022-07-14 23:55:33,319] {processor.py:171} INFO - Processing /home/airflow/.local/lib/python3.7/site-packages/airflow/example_dags/example_subdag_operator.py took 0.447 seconds
[2022-07-14 23:56:03,862] {processor.py:163} INFO - Started process (PID=1846) to work on /home/airflow/.local/lib/python3.7/site-packages/airflow/example_dags/example_subdag_operator.py
[2022-07-14 23:56:03,870] {processor.py:620} INFO - Processing file /home/airflow/.local/lib/python3.7/site-packages/airflow/example_dags/example_subdag_operator.py for tasks to queue
[2022-07-14 23:56:03,873] {logging_mixin.py:109} INFO - [2022-07-14 23:56:03,873] {dagbag.py:500} INFO - Filling up the DagBag from /home/airflow/.local/lib/python3.7/site-packages/airflow/example_dags/example_subdag_operator.py
[2022-07-14 23:56:03,991] {processor.py:632} INFO - DAG(s) dict_keys(['example_subdag_operator.section-1', 'example_subdag_operator.section-2', 'example_subdag_operator']) retrieved from /home/airflow/.local/lib/python3.7/site-packages/airflow/example_dags/example_subdag_operator.py
[2022-07-14 23:56:04,047] {logging_mixin.py:109} INFO - [2022-07-14 23:56:04,047] {dag.py:2389} INFO - Sync 3 DAGs
[2022-07-14 23:56:04,122] {logging_mixin.py:109} INFO - [2022-07-14 23:56:04,122] {dag.py:2921} INFO - Setting next_dagrun for example_subdag_operator to 2022-07-12T00:00:00+00:00
[2022-07-14 23:56:04,128] {logging_mixin.py:109} INFO - [2022-07-14 23:56:04,127] {dag.py:2921} INFO - Setting next_dagrun for example_subdag_operator.section-1 to None
[2022-07-14 23:56:04,140] {logging_mixin.py:109} INFO - [2022-07-14 23:56:04,139] {dag.py:2921} INFO - Setting next_dagrun for example_subdag_operator.section-2 to None
[2022-07-14 23:56:04,183] {logging_mixin.py:109} INFO - [2022-07-14 23:56:04,183] {dag.py:2389} INFO - Sync 2 DAGs
[2022-07-14 23:56:04,268] {logging_mixin.py:109} INFO - [2022-07-14 23:56:04,267] {dag.py:2921} INFO - Setting next_dagrun for example_subdag_operator.section-1 to None
[2022-07-14 23:56:04,274] {logging_mixin.py:109} INFO - [2022-07-14 23:56:04,273] {dag.py:2921} INFO - Setting next_dagrun for example_subdag_operator.section-2 to None
[2022-07-14 23:56:04,331] {processor.py:171} INFO - Processing /home/airflow/.local/lib/python3.7/site-packages/airflow/example_dags/example_subdag_operator.py took 0.477 seconds
[2022-07-14 23:56:34,465] {processor.py:163} INFO - Started process (PID=1944) to work on /home/airflow/.local/lib/python3.7/site-packages/airflow/example_dags/example_subdag_operator.py
[2022-07-14 23:56:34,472] {processor.py:620} INFO - Processing file /home/airflow/.local/lib/python3.7/site-packages/airflow/example_dags/example_subdag_operator.py for tasks to queue
[2022-07-14 23:56:34,475] {logging_mixin.py:109} INFO - [2022-07-14 23:56:34,475] {dagbag.py:500} INFO - Filling up the DagBag from /home/airflow/.local/lib/python3.7/site-packages/airflow/example_dags/example_subdag_operator.py
[2022-07-14 23:56:34,583] {processor.py:632} INFO - DAG(s) dict_keys(['example_subdag_operator.section-1', 'example_subdag_operator.section-2', 'example_subdag_operator']) retrieved from /home/airflow/.local/lib/python3.7/site-packages/airflow/example_dags/example_subdag_operator.py
[2022-07-14 23:56:34,657] {logging_mixin.py:109} INFO - [2022-07-14 23:56:34,657] {dag.py:2389} INFO - Sync 3 DAGs
[2022-07-14 23:56:34,758] {logging_mixin.py:109} INFO - [2022-07-14 23:56:34,758] {dag.py:2921} INFO - Setting next_dagrun for example_subdag_operator to 2022-07-12T00:00:00+00:00
[2022-07-14 23:56:34,761] {logging_mixin.py:109} INFO - [2022-07-14 23:56:34,760] {dag.py:2921} INFO - Setting next_dagrun for example_subdag_operator.section-1 to None
[2022-07-14 23:56:34,763] {logging_mixin.py:109} INFO - [2022-07-14 23:56:34,762] {dag.py:2921} INFO - Setting next_dagrun for example_subdag_operator.section-2 to None
[2022-07-14 23:56:34,790] {logging_mixin.py:109} INFO - [2022-07-14 23:56:34,789] {dag.py:2389} INFO - Sync 2 DAGs
[2022-07-14 23:56:34,830] {logging_mixin.py:109} INFO - [2022-07-14 23:56:34,829] {dag.py:2921} INFO - Setting next_dagrun for example_subdag_operator.section-1 to None
[2022-07-14 23:56:34,833] {logging_mixin.py:109} INFO - [2022-07-14 23:56:34,833] {dag.py:2921} INFO - Setting next_dagrun for example_subdag_operator.section-2 to None
[2022-07-14 23:56:34,861] {processor.py:171} INFO - Processing /home/airflow/.local/lib/python3.7/site-packages/airflow/example_dags/example_subdag_operator.py took 0.404 seconds
[2022-07-14 23:57:05,352] {processor.py:163} INFO - Started process (PID=2035) to work on /home/airflow/.local/lib/python3.7/site-packages/airflow/example_dags/example_subdag_operator.py
[2022-07-14 23:57:05,359] {processor.py:620} INFO - Processing file /home/airflow/.local/lib/python3.7/site-packages/airflow/example_dags/example_subdag_operator.py for tasks to queue
[2022-07-14 23:57:05,369] {logging_mixin.py:109} INFO - [2022-07-14 23:57:05,369] {dagbag.py:500} INFO - Filling up the DagBag from /home/airflow/.local/lib/python3.7/site-packages/airflow/example_dags/example_subdag_operator.py
[2022-07-14 23:57:05,499] {processor.py:632} INFO - DAG(s) dict_keys(['example_subdag_operator.section-1', 'example_subdag_operator.section-2', 'example_subdag_operator']) retrieved from /home/airflow/.local/lib/python3.7/site-packages/airflow/example_dags/example_subdag_operator.py
[2022-07-14 23:57:05,603] {logging_mixin.py:109} INFO - [2022-07-14 23:57:05,602] {dag.py:2389} INFO - Sync 3 DAGs
[2022-07-14 23:57:05,673] {logging_mixin.py:109} INFO - [2022-07-14 23:57:05,673] {dag.py:2921} INFO - Setting next_dagrun for example_subdag_operator to 2022-07-12T00:00:00+00:00
[2022-07-14 23:57:05,678] {logging_mixin.py:109} INFO - [2022-07-14 23:57:05,678] {dag.py:2921} INFO - Setting next_dagrun for example_subdag_operator.section-1 to None
[2022-07-14 23:57:05,681] {logging_mixin.py:109} INFO - [2022-07-14 23:57:05,680] {dag.py:2921} INFO - Setting next_dagrun for example_subdag_operator.section-2 to None
[2022-07-14 23:57:05,705] {logging_mixin.py:109} INFO - [2022-07-14 23:57:05,704] {dag.py:2389} INFO - Sync 2 DAGs
[2022-07-14 23:57:05,744] {logging_mixin.py:109} INFO - [2022-07-14 23:57:05,744] {dag.py:2921} INFO - Setting next_dagrun for example_subdag_operator.section-1 to None
[2022-07-14 23:57:05,749] {logging_mixin.py:109} INFO - [2022-07-14 23:57:05,748] {dag.py:2921} INFO - Setting next_dagrun for example_subdag_operator.section-2 to None
[2022-07-14 23:57:05,775] {processor.py:171} INFO - Processing /home/airflow/.local/lib/python3.7/site-packages/airflow/example_dags/example_subdag_operator.py took 0.435 seconds
[2022-07-14 23:57:36,552] {processor.py:163} INFO - Started process (PID=2123) to work on /home/airflow/.local/lib/python3.7/site-packages/airflow/example_dags/example_subdag_operator.py
[2022-07-14 23:57:36,556] {processor.py:620} INFO - Processing file /home/airflow/.local/lib/python3.7/site-packages/airflow/example_dags/example_subdag_operator.py for tasks to queue
[2022-07-14 23:57:36,559] {logging_mixin.py:109} INFO - [2022-07-14 23:57:36,559] {dagbag.py:500} INFO - Filling up the DagBag from /home/airflow/.local/lib/python3.7/site-packages/airflow/example_dags/example_subdag_operator.py
[2022-07-14 23:57:36,658] {processor.py:632} INFO - DAG(s) dict_keys(['example_subdag_operator.section-1', 'example_subdag_operator.section-2', 'example_subdag_operator']) retrieved from /home/airflow/.local/lib/python3.7/site-packages/airflow/example_dags/example_subdag_operator.py
[2022-07-14 23:57:36,719] {logging_mixin.py:109} INFO - [2022-07-14 23:57:36,719] {dag.py:2389} INFO - Sync 3 DAGs
[2022-07-14 23:57:36,780] {logging_mixin.py:109} INFO - [2022-07-14 23:57:36,780] {dag.py:2921} INFO - Setting next_dagrun for example_subdag_operator to 2022-07-12T00:00:00+00:00
[2022-07-14 23:57:36,784] {logging_mixin.py:109} INFO - [2022-07-14 23:57:36,783] {dag.py:2921} INFO - Setting next_dagrun for example_subdag_operator.section-1 to None
[2022-07-14 23:57:36,787] {logging_mixin.py:109} INFO - [2022-07-14 23:57:36,786] {dag.py:2921} INFO - Setting next_dagrun for example_subdag_operator.section-2 to None
[2022-07-14 23:57:36,808] {logging_mixin.py:109} INFO - [2022-07-14 23:57:36,807] {dag.py:2389} INFO - Sync 2 DAGs
[2022-07-14 23:57:36,844] {logging_mixin.py:109} INFO - [2022-07-14 23:57:36,844] {dag.py:2921} INFO - Setting next_dagrun for example_subdag_operator.section-1 to None
[2022-07-14 23:57:36,849] {logging_mixin.py:109} INFO - [2022-07-14 23:57:36,848] {dag.py:2921} INFO - Setting next_dagrun for example_subdag_operator.section-2 to None
[2022-07-14 23:57:36,873] {processor.py:171} INFO - Processing /home/airflow/.local/lib/python3.7/site-packages/airflow/example_dags/example_subdag_operator.py took 0.329 seconds
[2022-07-14 23:58:06,955] {processor.py:163} INFO - Started process (PID=2221) to work on /home/airflow/.local/lib/python3.7/site-packages/airflow/example_dags/example_subdag_operator.py
[2022-07-14 23:58:06,959] {processor.py:620} INFO - Processing file /home/airflow/.local/lib/python3.7/site-packages/airflow/example_dags/example_subdag_operator.py for tasks to queue
[2022-07-14 23:58:06,962] {logging_mixin.py:109} INFO - [2022-07-14 23:58:06,961] {dagbag.py:500} INFO - Filling up the DagBag from /home/airflow/.local/lib/python3.7/site-packages/airflow/example_dags/example_subdag_operator.py
[2022-07-14 23:58:07,061] {processor.py:632} INFO - DAG(s) dict_keys(['example_subdag_operator.section-1', 'example_subdag_operator.section-2', 'example_subdag_operator']) retrieved from /home/airflow/.local/lib/python3.7/site-packages/airflow/example_dags/example_subdag_operator.py
[2022-07-14 23:58:07,118] {logging_mixin.py:109} INFO - [2022-07-14 23:58:07,117] {dag.py:2389} INFO - Sync 3 DAGs
[2022-07-14 23:58:07,186] {logging_mixin.py:109} INFO - [2022-07-14 23:58:07,185] {dag.py:2921} INFO - Setting next_dagrun for example_subdag_operator to 2022-07-12T00:00:00+00:00
[2022-07-14 23:58:07,189] {logging_mixin.py:109} INFO - [2022-07-14 23:58:07,188] {dag.py:2921} INFO - Setting next_dagrun for example_subdag_operator.section-1 to None
[2022-07-14 23:58:07,191] {logging_mixin.py:109} INFO - [2022-07-14 23:58:07,191] {dag.py:2921} INFO - Setting next_dagrun for example_subdag_operator.section-2 to None
[2022-07-14 23:58:07,214] {logging_mixin.py:109} INFO - [2022-07-14 23:58:07,213] {dag.py:2389} INFO - Sync 2 DAGs
[2022-07-14 23:58:07,253] {logging_mixin.py:109} INFO - [2022-07-14 23:58:07,253] {dag.py:2921} INFO - Setting next_dagrun for example_subdag_operator.section-1 to None
[2022-07-14 23:58:07,256] {logging_mixin.py:109} INFO - [2022-07-14 23:58:07,256] {dag.py:2921} INFO - Setting next_dagrun for example_subdag_operator.section-2 to None
[2022-07-14 23:58:07,280] {processor.py:171} INFO - Processing /home/airflow/.local/lib/python3.7/site-packages/airflow/example_dags/example_subdag_operator.py took 0.332 seconds
[2022-07-14 23:58:37,783] {processor.py:163} INFO - Started process (PID=2301) to work on /home/airflow/.local/lib/python3.7/site-packages/airflow/example_dags/example_subdag_operator.py
[2022-07-14 23:58:37,788] {processor.py:620} INFO - Processing file /home/airflow/.local/lib/python3.7/site-packages/airflow/example_dags/example_subdag_operator.py for tasks to queue
[2022-07-14 23:58:37,791] {logging_mixin.py:109} INFO - [2022-07-14 23:58:37,791] {dagbag.py:500} INFO - Filling up the DagBag from /home/airflow/.local/lib/python3.7/site-packages/airflow/example_dags/example_subdag_operator.py
[2022-07-14 23:58:37,910] {processor.py:632} INFO - DAG(s) dict_keys(['example_subdag_operator.section-1', 'example_subdag_operator.section-2', 'example_subdag_operator']) retrieved from /home/airflow/.local/lib/python3.7/site-packages/airflow/example_dags/example_subdag_operator.py
[2022-07-14 23:58:37,970] {logging_mixin.py:109} INFO - [2022-07-14 23:58:37,970] {dag.py:2389} INFO - Sync 3 DAGs
[2022-07-14 23:58:38,053] {logging_mixin.py:109} INFO - [2022-07-14 23:58:38,052] {dag.py:2921} INFO - Setting next_dagrun for example_subdag_operator to 2022-07-12T00:00:00+00:00
[2022-07-14 23:58:38,056] {logging_mixin.py:109} INFO - [2022-07-14 23:58:38,055] {dag.py:2921} INFO - Setting next_dagrun for example_subdag_operator.section-1 to None
[2022-07-14 23:58:38,068] {logging_mixin.py:109} INFO - [2022-07-14 23:58:38,068] {dag.py:2921} INFO - Setting next_dagrun for example_subdag_operator.section-2 to None
[2022-07-14 23:58:38,093] {logging_mixin.py:109} INFO - [2022-07-14 23:58:38,092] {dag.py:2389} INFO - Sync 2 DAGs
[2022-07-14 23:58:38,137] {logging_mixin.py:109} INFO - [2022-07-14 23:58:38,137] {dag.py:2921} INFO - Setting next_dagrun for example_subdag_operator.section-1 to None
[2022-07-14 23:58:38,141] {logging_mixin.py:109} INFO - [2022-07-14 23:58:38,141] {dag.py:2921} INFO - Setting next_dagrun for example_subdag_operator.section-2 to None
[2022-07-14 23:58:38,163] {processor.py:171} INFO - Processing /home/airflow/.local/lib/python3.7/site-packages/airflow/example_dags/example_subdag_operator.py took 0.388 seconds
[2022-07-14 23:59:08,823] {processor.py:163} INFO - Started process (PID=2399) to work on /home/airflow/.local/lib/python3.7/site-packages/airflow/example_dags/example_subdag_operator.py
[2022-07-14 23:59:08,830] {processor.py:620} INFO - Processing file /home/airflow/.local/lib/python3.7/site-packages/airflow/example_dags/example_subdag_operator.py for tasks to queue
[2022-07-14 23:59:08,833] {logging_mixin.py:109} INFO - [2022-07-14 23:59:08,832] {dagbag.py:500} INFO - Filling up the DagBag from /home/airflow/.local/lib/python3.7/site-packages/airflow/example_dags/example_subdag_operator.py
[2022-07-14 23:59:08,938] {processor.py:632} INFO - DAG(s) dict_keys(['example_subdag_operator.section-1', 'example_subdag_operator.section-2', 'example_subdag_operator']) retrieved from /home/airflow/.local/lib/python3.7/site-packages/airflow/example_dags/example_subdag_operator.py
[2022-07-14 23:59:08,991] {logging_mixin.py:109} INFO - [2022-07-14 23:59:08,991] {dag.py:2389} INFO - Sync 3 DAGs
[2022-07-14 23:59:09,055] {logging_mixin.py:109} INFO - [2022-07-14 23:59:09,054] {dag.py:2921} INFO - Setting next_dagrun for example_subdag_operator to 2022-07-12T00:00:00+00:00
[2022-07-14 23:59:09,058] {logging_mixin.py:109} INFO - [2022-07-14 23:59:09,057] {dag.py:2921} INFO - Setting next_dagrun for example_subdag_operator.section-1 to None
[2022-07-14 23:59:09,061] {logging_mixin.py:109} INFO - [2022-07-14 23:59:09,060] {dag.py:2921} INFO - Setting next_dagrun for example_subdag_operator.section-2 to None
[2022-07-14 23:59:09,094] {logging_mixin.py:109} INFO - [2022-07-14 23:59:09,094] {dag.py:2389} INFO - Sync 2 DAGs
[2022-07-14 23:59:09,139] {logging_mixin.py:109} INFO - [2022-07-14 23:59:09,139] {dag.py:2921} INFO - Setting next_dagrun for example_subdag_operator.section-1 to None
[2022-07-14 23:59:09,142] {logging_mixin.py:109} INFO - [2022-07-14 23:59:09,141] {dag.py:2921} INFO - Setting next_dagrun for example_subdag_operator.section-2 to None
[2022-07-14 23:59:09,163] {processor.py:171} INFO - Processing /home/airflow/.local/lib/python3.7/site-packages/airflow/example_dags/example_subdag_operator.py took 0.351 seconds
[2022-07-14 23:59:39,403] {processor.py:163} INFO - Started process (PID=2481) to work on /home/airflow/.local/lib/python3.7/site-packages/airflow/example_dags/example_subdag_operator.py
[2022-07-14 23:59:39,407] {processor.py:620} INFO - Processing file /home/airflow/.local/lib/python3.7/site-packages/airflow/example_dags/example_subdag_operator.py for tasks to queue
[2022-07-14 23:59:39,410] {logging_mixin.py:109} INFO - [2022-07-14 23:59:39,409] {dagbag.py:500} INFO - Filling up the DagBag from /home/airflow/.local/lib/python3.7/site-packages/airflow/example_dags/example_subdag_operator.py
[2022-07-14 23:59:39,512] {processor.py:632} INFO - DAG(s) dict_keys(['example_subdag_operator.section-1', 'example_subdag_operator.section-2', 'example_subdag_operator']) retrieved from /home/airflow/.local/lib/python3.7/site-packages/airflow/example_dags/example_subdag_operator.py
[2022-07-14 23:59:39,566] {logging_mixin.py:109} INFO - [2022-07-14 23:59:39,565] {dag.py:2389} INFO - Sync 3 DAGs
[2022-07-14 23:59:39,635] {logging_mixin.py:109} INFO - [2022-07-14 23:59:39,634] {dag.py:2921} INFO - Setting next_dagrun for example_subdag_operator to 2022-07-12T00:00:00+00:00
[2022-07-14 23:59:39,638] {logging_mixin.py:109} INFO - [2022-07-14 23:59:39,637] {dag.py:2921} INFO - Setting next_dagrun for example_subdag_operator.section-1 to None
[2022-07-14 23:59:39,640] {logging_mixin.py:109} INFO - [2022-07-14 23:59:39,639] {dag.py:2921} INFO - Setting next_dagrun for example_subdag_operator.section-2 to None
[2022-07-14 23:59:39,663] {logging_mixin.py:109} INFO - [2022-07-14 23:59:39,662] {dag.py:2389} INFO - Sync 2 DAGs
[2022-07-14 23:59:39,701] {logging_mixin.py:109} INFO - [2022-07-14 23:59:39,700] {dag.py:2921} INFO - Setting next_dagrun for example_subdag_operator.section-1 to None
[2022-07-14 23:59:39,703] {logging_mixin.py:109} INFO - [2022-07-14 23:59:39,703] {dag.py:2921} INFO - Setting next_dagrun for example_subdag_operator.section-2 to None
[2022-07-14 23:59:39,723] {processor.py:171} INFO - Processing /home/airflow/.local/lib/python3.7/site-packages/airflow/example_dags/example_subdag_operator.py took 0.327 seconds
