[2022-07-14 23:41:02,637] {processor.py:163} INFO - Started process (PID=316) to work on /home/airflow/.local/lib/python3.7/site-packages/airflow/example_dags/example_latest_only.py
[2022-07-14 23:41:02,659] {processor.py:620} INFO - Processing file /home/airflow/.local/lib/python3.7/site-packages/airflow/example_dags/example_latest_only.py for tasks to queue
[2022-07-14 23:41:02,681] {logging_mixin.py:109} INFO - [2022-07-14 23:41:02,681] {dagbag.py:500} INFO - Filling up the DagBag from /home/airflow/.local/lib/python3.7/site-packages/airflow/example_dags/example_latest_only.py
[2022-07-14 23:41:03,234] {processor.py:632} INFO - DAG(s) dict_keys(['latest_only']) retrieved from /home/airflow/.local/lib/python3.7/site-packages/airflow/example_dags/example_latest_only.py
[2022-07-14 23:41:03,505] {logging_mixin.py:109} INFO - [2022-07-14 23:41:03,504] {dag.py:2389} INFO - Sync 1 DAGs
[2022-07-14 23:41:03,738] {logging_mixin.py:109} INFO - [2022-07-14 23:41:03,738] {dag.py:2921} INFO - Setting next_dagrun for latest_only to 2022-07-14T19:41:03.736071+00:00
[2022-07-14 23:41:03,882] {processor.py:171} INFO - Processing /home/airflow/.local/lib/python3.7/site-packages/airflow/example_dags/example_latest_only.py took 1.300 seconds
[2022-07-14 23:42:06,686] {processor.py:163} INFO - Started process (PID=430) to work on /home/airflow/.local/lib/python3.7/site-packages/airflow/example_dags/example_latest_only.py
[2022-07-14 23:42:06,710] {processor.py:620} INFO - Processing file /home/airflow/.local/lib/python3.7/site-packages/airflow/example_dags/example_latest_only.py for tasks to queue
[2022-07-14 23:42:06,724] {logging_mixin.py:109} INFO - [2022-07-14 23:42:06,723] {dagbag.py:500} INFO - Filling up the DagBag from /home/airflow/.local/lib/python3.7/site-packages/airflow/example_dags/example_latest_only.py
[2022-07-14 23:42:07,133] {processor.py:632} INFO - DAG(s) dict_keys(['latest_only']) retrieved from /home/airflow/.local/lib/python3.7/site-packages/airflow/example_dags/example_latest_only.py
[2022-07-14 23:42:07,243] {logging_mixin.py:109} INFO - [2022-07-14 23:42:07,242] {dag.py:2389} INFO - Sync 1 DAGs
[2022-07-14 23:42:07,705] {logging_mixin.py:109} INFO - [2022-07-14 23:42:07,704] {dag.py:2921} INFO - Setting next_dagrun for latest_only to 2022-07-14T19:42:07.687491+00:00
[2022-07-14 23:42:07,790] {processor.py:171} INFO - Processing /home/airflow/.local/lib/python3.7/site-packages/airflow/example_dags/example_latest_only.py took 1.137 seconds
[2022-07-14 23:46:36,170] {processor.py:163} INFO - Started process (PID=189) to work on /home/airflow/.local/lib/python3.7/site-packages/airflow/example_dags/example_latest_only.py
[2022-07-14 23:46:36,204] {processor.py:620} INFO - Processing file /home/airflow/.local/lib/python3.7/site-packages/airflow/example_dags/example_latest_only.py for tasks to queue
[2022-07-14 23:46:36,216] {logging_mixin.py:109} INFO - [2022-07-14 23:46:36,215] {dagbag.py:500} INFO - Filling up the DagBag from /home/airflow/.local/lib/python3.7/site-packages/airflow/example_dags/example_latest_only.py
[2022-07-14 23:46:36,501] {processor.py:632} INFO - DAG(s) dict_keys(['latest_only']) retrieved from /home/airflow/.local/lib/python3.7/site-packages/airflow/example_dags/example_latest_only.py
[2022-07-14 23:46:36,621] {logging_mixin.py:109} INFO - [2022-07-14 23:46:36,620] {dag.py:2389} INFO - Sync 1 DAGs
[2022-07-14 23:46:36,830] {logging_mixin.py:109} INFO - [2022-07-14 23:46:36,829] {dag.py:2921} INFO - Setting next_dagrun for latest_only to 2022-07-14T19:46:36.827472+00:00
[2022-07-14 23:46:36,942] {processor.py:171} INFO - Processing /home/airflow/.local/lib/python3.7/site-packages/airflow/example_dags/example_latest_only.py took 0.822 seconds
[2022-07-14 23:47:07,453] {processor.py:163} INFO - Started process (PID=279) to work on /home/airflow/.local/lib/python3.7/site-packages/airflow/example_dags/example_latest_only.py
[2022-07-14 23:47:07,475] {processor.py:620} INFO - Processing file /home/airflow/.local/lib/python3.7/site-packages/airflow/example_dags/example_latest_only.py for tasks to queue
[2022-07-14 23:47:07,492] {logging_mixin.py:109} INFO - [2022-07-14 23:47:07,491] {dagbag.py:500} INFO - Filling up the DagBag from /home/airflow/.local/lib/python3.7/site-packages/airflow/example_dags/example_latest_only.py
[2022-07-14 23:47:07,790] {processor.py:632} INFO - DAG(s) dict_keys(['latest_only']) retrieved from /home/airflow/.local/lib/python3.7/site-packages/airflow/example_dags/example_latest_only.py
[2022-07-14 23:47:07,882] {logging_mixin.py:109} INFO - [2022-07-14 23:47:07,881] {dag.py:2389} INFO - Sync 1 DAGs
[2022-07-14 23:47:08,088] {logging_mixin.py:109} INFO - [2022-07-14 23:47:08,087] {dag.py:2921} INFO - Setting next_dagrun for latest_only to 2022-07-14T19:47:08.085832+00:00
[2022-07-14 23:47:08,187] {processor.py:171} INFO - Processing /home/airflow/.local/lib/python3.7/site-packages/airflow/example_dags/example_latest_only.py took 0.783 seconds
[2022-07-14 23:47:38,331] {processor.py:163} INFO - Started process (PID=367) to work on /home/airflow/.local/lib/python3.7/site-packages/airflow/example_dags/example_latest_only.py
[2022-07-14 23:47:38,339] {processor.py:620} INFO - Processing file /home/airflow/.local/lib/python3.7/site-packages/airflow/example_dags/example_latest_only.py for tasks to queue
[2022-07-14 23:47:38,343] {logging_mixin.py:109} INFO - [2022-07-14 23:47:38,343] {dagbag.py:500} INFO - Filling up the DagBag from /home/airflow/.local/lib/python3.7/site-packages/airflow/example_dags/example_latest_only.py
[2022-07-14 23:47:38,464] {processor.py:632} INFO - DAG(s) dict_keys(['latest_only']) retrieved from /home/airflow/.local/lib/python3.7/site-packages/airflow/example_dags/example_latest_only.py
[2022-07-14 23:47:38,520] {logging_mixin.py:109} INFO - [2022-07-14 23:47:38,519] {dag.py:2389} INFO - Sync 1 DAGs
[2022-07-14 23:47:38,614] {logging_mixin.py:109} INFO - [2022-07-14 23:47:38,613] {dag.py:2921} INFO - Setting next_dagrun for latest_only to 2022-07-14T19:47:38.611343+00:00
[2022-07-14 23:47:38,657] {processor.py:171} INFO - Processing /home/airflow/.local/lib/python3.7/site-packages/airflow/example_dags/example_latest_only.py took 0.343 seconds
[2022-07-14 23:48:09,009] {processor.py:163} INFO - Started process (PID=464) to work on /home/airflow/.local/lib/python3.7/site-packages/airflow/example_dags/example_latest_only.py
[2022-07-14 23:48:09,013] {processor.py:620} INFO - Processing file /home/airflow/.local/lib/python3.7/site-packages/airflow/example_dags/example_latest_only.py for tasks to queue
[2022-07-14 23:48:09,016] {logging_mixin.py:109} INFO - [2022-07-14 23:48:09,015] {dagbag.py:500} INFO - Filling up the DagBag from /home/airflow/.local/lib/python3.7/site-packages/airflow/example_dags/example_latest_only.py
[2022-07-14 23:48:09,081] {processor.py:632} INFO - DAG(s) dict_keys(['latest_only']) retrieved from /home/airflow/.local/lib/python3.7/site-packages/airflow/example_dags/example_latest_only.py
[2022-07-14 23:48:09,119] {logging_mixin.py:109} INFO - [2022-07-14 23:48:09,118] {dag.py:2389} INFO - Sync 1 DAGs
[2022-07-14 23:48:09,178] {logging_mixin.py:109} INFO - [2022-07-14 23:48:09,178] {dag.py:2921} INFO - Setting next_dagrun for latest_only to 2022-07-14T19:48:09.176291+00:00
[2022-07-14 23:48:09,208] {processor.py:171} INFO - Processing /home/airflow/.local/lib/python3.7/site-packages/airflow/example_dags/example_latest_only.py took 0.206 seconds
[2022-07-14 23:48:39,451] {processor.py:163} INFO - Started process (PID=546) to work on /home/airflow/.local/lib/python3.7/site-packages/airflow/example_dags/example_latest_only.py
[2022-07-14 23:48:39,454] {processor.py:620} INFO - Processing file /home/airflow/.local/lib/python3.7/site-packages/airflow/example_dags/example_latest_only.py for tasks to queue
[2022-07-14 23:48:39,457] {logging_mixin.py:109} INFO - [2022-07-14 23:48:39,457] {dagbag.py:500} INFO - Filling up the DagBag from /home/airflow/.local/lib/python3.7/site-packages/airflow/example_dags/example_latest_only.py
[2022-07-14 23:48:39,514] {processor.py:632} INFO - DAG(s) dict_keys(['latest_only']) retrieved from /home/airflow/.local/lib/python3.7/site-packages/airflow/example_dags/example_latest_only.py
[2022-07-14 23:48:39,549] {logging_mixin.py:109} INFO - [2022-07-14 23:48:39,548] {dag.py:2389} INFO - Sync 1 DAGs
[2022-07-14 23:48:39,606] {logging_mixin.py:109} INFO - [2022-07-14 23:48:39,606] {dag.py:2921} INFO - Setting next_dagrun for latest_only to 2022-07-14T19:48:39.604629+00:00
[2022-07-14 23:48:39,634] {processor.py:171} INFO - Processing /home/airflow/.local/lib/python3.7/site-packages/airflow/example_dags/example_latest_only.py took 0.190 seconds
[2022-07-14 23:49:09,916] {processor.py:163} INFO - Started process (PID=644) to work on /home/airflow/.local/lib/python3.7/site-packages/airflow/example_dags/example_latest_only.py
[2022-07-14 23:49:09,920] {processor.py:620} INFO - Processing file /home/airflow/.local/lib/python3.7/site-packages/airflow/example_dags/example_latest_only.py for tasks to queue
[2022-07-14 23:49:09,923] {logging_mixin.py:109} INFO - [2022-07-14 23:49:09,922] {dagbag.py:500} INFO - Filling up the DagBag from /home/airflow/.local/lib/python3.7/site-packages/airflow/example_dags/example_latest_only.py
[2022-07-14 23:49:09,989] {processor.py:632} INFO - DAG(s) dict_keys(['latest_only']) retrieved from /home/airflow/.local/lib/python3.7/site-packages/airflow/example_dags/example_latest_only.py
[2022-07-14 23:49:10,028] {logging_mixin.py:109} INFO - [2022-07-14 23:49:10,028] {dag.py:2389} INFO - Sync 1 DAGs
[2022-07-14 23:49:10,093] {logging_mixin.py:109} INFO - [2022-07-14 23:49:10,092] {dag.py:2921} INFO - Setting next_dagrun for latest_only to 2022-07-14T19:49:10.090794+00:00
[2022-07-14 23:49:10,123] {processor.py:171} INFO - Processing /home/airflow/.local/lib/python3.7/site-packages/airflow/example_dags/example_latest_only.py took 0.214 seconds
[2022-07-14 23:49:40,487] {processor.py:163} INFO - Started process (PID=726) to work on /home/airflow/.local/lib/python3.7/site-packages/airflow/example_dags/example_latest_only.py
[2022-07-14 23:49:40,491] {processor.py:620} INFO - Processing file /home/airflow/.local/lib/python3.7/site-packages/airflow/example_dags/example_latest_only.py for tasks to queue
[2022-07-14 23:49:40,494] {logging_mixin.py:109} INFO - [2022-07-14 23:49:40,494] {dagbag.py:500} INFO - Filling up the DagBag from /home/airflow/.local/lib/python3.7/site-packages/airflow/example_dags/example_latest_only.py
[2022-07-14 23:49:40,562] {processor.py:632} INFO - DAG(s) dict_keys(['latest_only']) retrieved from /home/airflow/.local/lib/python3.7/site-packages/airflow/example_dags/example_latest_only.py
[2022-07-14 23:49:40,600] {logging_mixin.py:109} INFO - [2022-07-14 23:49:40,599] {dag.py:2389} INFO - Sync 1 DAGs
[2022-07-14 23:49:40,660] {logging_mixin.py:109} INFO - [2022-07-14 23:49:40,660] {dag.py:2921} INFO - Setting next_dagrun for latest_only to 2022-07-14T19:49:40.658132+00:00
[2022-07-14 23:49:40,693] {processor.py:171} INFO - Processing /home/airflow/.local/lib/python3.7/site-packages/airflow/example_dags/example_latest_only.py took 0.214 seconds
[2022-07-14 23:50:10,776] {processor.py:163} INFO - Started process (PID=824) to work on /home/airflow/.local/lib/python3.7/site-packages/airflow/example_dags/example_latest_only.py
[2022-07-14 23:50:10,781] {processor.py:620} INFO - Processing file /home/airflow/.local/lib/python3.7/site-packages/airflow/example_dags/example_latest_only.py for tasks to queue
[2022-07-14 23:50:10,785] {logging_mixin.py:109} INFO - [2022-07-14 23:50:10,785] {dagbag.py:500} INFO - Filling up the DagBag from /home/airflow/.local/lib/python3.7/site-packages/airflow/example_dags/example_latest_only.py
[2022-07-14 23:50:10,863] {processor.py:632} INFO - DAG(s) dict_keys(['latest_only']) retrieved from /home/airflow/.local/lib/python3.7/site-packages/airflow/example_dags/example_latest_only.py
[2022-07-14 23:50:10,908] {logging_mixin.py:109} INFO - [2022-07-14 23:50:10,907] {dag.py:2389} INFO - Sync 1 DAGs
[2022-07-14 23:50:10,980] {logging_mixin.py:109} INFO - [2022-07-14 23:50:10,980] {dag.py:2921} INFO - Setting next_dagrun for latest_only to 2022-07-14T19:50:10.978156+00:00
[2022-07-14 23:50:11,017] {processor.py:171} INFO - Processing /home/airflow/.local/lib/python3.7/site-packages/airflow/example_dags/example_latest_only.py took 0.249 seconds
[2022-07-14 23:50:41,135] {processor.py:163} INFO - Started process (PID=904) to work on /home/airflow/.local/lib/python3.7/site-packages/airflow/example_dags/example_latest_only.py
[2022-07-14 23:50:41,140] {processor.py:620} INFO - Processing file /home/airflow/.local/lib/python3.7/site-packages/airflow/example_dags/example_latest_only.py for tasks to queue
[2022-07-14 23:50:41,142] {logging_mixin.py:109} INFO - [2022-07-14 23:50:41,142] {dagbag.py:500} INFO - Filling up the DagBag from /home/airflow/.local/lib/python3.7/site-packages/airflow/example_dags/example_latest_only.py
[2022-07-14 23:50:41,212] {processor.py:632} INFO - DAG(s) dict_keys(['latest_only']) retrieved from /home/airflow/.local/lib/python3.7/site-packages/airflow/example_dags/example_latest_only.py
[2022-07-14 23:50:41,253] {logging_mixin.py:109} INFO - [2022-07-14 23:50:41,252] {dag.py:2389} INFO - Sync 1 DAGs
[2022-07-14 23:50:41,315] {logging_mixin.py:109} INFO - [2022-07-14 23:50:41,315] {dag.py:2921} INFO - Setting next_dagrun for latest_only to 2022-07-14T19:50:41.313201+00:00
[2022-07-14 23:50:41,347] {processor.py:171} INFO - Processing /home/airflow/.local/lib/python3.7/site-packages/airflow/example_dags/example_latest_only.py took 0.220 seconds
[2022-07-14 23:51:11,450] {processor.py:163} INFO - Started process (PID=1003) to work on /home/airflow/.local/lib/python3.7/site-packages/airflow/example_dags/example_latest_only.py
[2022-07-14 23:51:11,454] {processor.py:620} INFO - Processing file /home/airflow/.local/lib/python3.7/site-packages/airflow/example_dags/example_latest_only.py for tasks to queue
[2022-07-14 23:51:11,458] {logging_mixin.py:109} INFO - [2022-07-14 23:51:11,457] {dagbag.py:500} INFO - Filling up the DagBag from /home/airflow/.local/lib/python3.7/site-packages/airflow/example_dags/example_latest_only.py
[2022-07-14 23:51:11,535] {processor.py:632} INFO - DAG(s) dict_keys(['latest_only']) retrieved from /home/airflow/.local/lib/python3.7/site-packages/airflow/example_dags/example_latest_only.py
[2022-07-14 23:51:11,580] {logging_mixin.py:109} INFO - [2022-07-14 23:51:11,580] {dag.py:2389} INFO - Sync 1 DAGs
[2022-07-14 23:51:11,650] {logging_mixin.py:109} INFO - [2022-07-14 23:51:11,650] {dag.py:2921} INFO - Setting next_dagrun for latest_only to 2022-07-14T19:51:11.648236+00:00
[2022-07-14 23:51:11,685] {processor.py:171} INFO - Processing /home/airflow/.local/lib/python3.7/site-packages/airflow/example_dags/example_latest_only.py took 0.244 seconds
[2022-07-14 23:51:42,049] {processor.py:163} INFO - Started process (PID=1085) to work on /home/airflow/.local/lib/python3.7/site-packages/airflow/example_dags/example_latest_only.py
[2022-07-14 23:51:42,053] {processor.py:620} INFO - Processing file /home/airflow/.local/lib/python3.7/site-packages/airflow/example_dags/example_latest_only.py for tasks to queue
[2022-07-14 23:51:42,056] {logging_mixin.py:109} INFO - [2022-07-14 23:51:42,056] {dagbag.py:500} INFO - Filling up the DagBag from /home/airflow/.local/lib/python3.7/site-packages/airflow/example_dags/example_latest_only.py
[2022-07-14 23:51:42,131] {processor.py:632} INFO - DAG(s) dict_keys(['latest_only']) retrieved from /home/airflow/.local/lib/python3.7/site-packages/airflow/example_dags/example_latest_only.py
[2022-07-14 23:51:42,175] {logging_mixin.py:109} INFO - [2022-07-14 23:51:42,175] {dag.py:2389} INFO - Sync 1 DAGs
[2022-07-14 23:51:42,244] {logging_mixin.py:109} INFO - [2022-07-14 23:51:42,243] {dag.py:2921} INFO - Setting next_dagrun for latest_only to 2022-07-14T19:51:42.242126+00:00
[2022-07-14 23:51:42,276] {processor.py:171} INFO - Processing /home/airflow/.local/lib/python3.7/site-packages/airflow/example_dags/example_latest_only.py took 0.235 seconds
[2022-07-14 23:52:12,703] {processor.py:163} INFO - Started process (PID=1183) to work on /home/airflow/.local/lib/python3.7/site-packages/airflow/example_dags/example_latest_only.py
[2022-07-14 23:52:12,717] {processor.py:620} INFO - Processing file /home/airflow/.local/lib/python3.7/site-packages/airflow/example_dags/example_latest_only.py for tasks to queue
[2022-07-14 23:52:12,723] {logging_mixin.py:109} INFO - [2022-07-14 23:52:12,723] {dagbag.py:500} INFO - Filling up the DagBag from /home/airflow/.local/lib/python3.7/site-packages/airflow/example_dags/example_latest_only.py
[2022-07-14 23:52:12,870] {processor.py:632} INFO - DAG(s) dict_keys(['latest_only']) retrieved from /home/airflow/.local/lib/python3.7/site-packages/airflow/example_dags/example_latest_only.py
[2022-07-14 23:52:12,932] {logging_mixin.py:109} INFO - [2022-07-14 23:52:12,931] {dag.py:2389} INFO - Sync 1 DAGs
[2022-07-14 23:52:13,001] {logging_mixin.py:109} INFO - [2022-07-14 23:52:13,000] {dag.py:2921} INFO - Setting next_dagrun for latest_only to 2022-07-14T19:52:12.998704+00:00
[2022-07-14 23:52:13,039] {processor.py:171} INFO - Processing /home/airflow/.local/lib/python3.7/site-packages/airflow/example_dags/example_latest_only.py took 0.345 seconds
[2022-07-14 23:52:43,322] {processor.py:163} INFO - Started process (PID=1263) to work on /home/airflow/.local/lib/python3.7/site-packages/airflow/example_dags/example_latest_only.py
[2022-07-14 23:52:43,327] {processor.py:620} INFO - Processing file /home/airflow/.local/lib/python3.7/site-packages/airflow/example_dags/example_latest_only.py for tasks to queue
[2022-07-14 23:52:43,331] {logging_mixin.py:109} INFO - [2022-07-14 23:52:43,330] {dagbag.py:500} INFO - Filling up the DagBag from /home/airflow/.local/lib/python3.7/site-packages/airflow/example_dags/example_latest_only.py
[2022-07-14 23:52:43,403] {processor.py:632} INFO - DAG(s) dict_keys(['latest_only']) retrieved from /home/airflow/.local/lib/python3.7/site-packages/airflow/example_dags/example_latest_only.py
[2022-07-14 23:52:43,443] {logging_mixin.py:109} INFO - [2022-07-14 23:52:43,442] {dag.py:2389} INFO - Sync 1 DAGs
[2022-07-14 23:52:43,506] {logging_mixin.py:109} INFO - [2022-07-14 23:52:43,506] {dag.py:2921} INFO - Setting next_dagrun for latest_only to 2022-07-14T19:52:43.504267+00:00
[2022-07-14 23:52:43,538] {processor.py:171} INFO - Processing /home/airflow/.local/lib/python3.7/site-packages/airflow/example_dags/example_latest_only.py took 0.225 seconds
[2022-07-14 23:53:13,716] {processor.py:163} INFO - Started process (PID=1360) to work on /home/airflow/.local/lib/python3.7/site-packages/airflow/example_dags/example_latest_only.py
[2022-07-14 23:53:13,727] {processor.py:620} INFO - Processing file /home/airflow/.local/lib/python3.7/site-packages/airflow/example_dags/example_latest_only.py for tasks to queue
[2022-07-14 23:53:13,730] {logging_mixin.py:109} INFO - [2022-07-14 23:53:13,729] {dagbag.py:500} INFO - Filling up the DagBag from /home/airflow/.local/lib/python3.7/site-packages/airflow/example_dags/example_latest_only.py
[2022-07-14 23:53:13,798] {processor.py:632} INFO - DAG(s) dict_keys(['latest_only']) retrieved from /home/airflow/.local/lib/python3.7/site-packages/airflow/example_dags/example_latest_only.py
[2022-07-14 23:53:13,843] {logging_mixin.py:109} INFO - [2022-07-14 23:53:13,842] {dag.py:2389} INFO - Sync 1 DAGs
[2022-07-14 23:53:13,911] {logging_mixin.py:109} INFO - [2022-07-14 23:53:13,911] {dag.py:2921} INFO - Setting next_dagrun for latest_only to 2022-07-14T19:53:13.909579+00:00
[2022-07-14 23:53:13,946] {processor.py:171} INFO - Processing /home/airflow/.local/lib/python3.7/site-packages/airflow/example_dags/example_latest_only.py took 0.237 seconds
[2022-07-14 23:53:44,569] {processor.py:163} INFO - Started process (PID=1450) to work on /home/airflow/.local/lib/python3.7/site-packages/airflow/example_dags/example_latest_only.py
[2022-07-14 23:53:44,584] {processor.py:620} INFO - Processing file /home/airflow/.local/lib/python3.7/site-packages/airflow/example_dags/example_latest_only.py for tasks to queue
[2022-07-14 23:53:44,590] {logging_mixin.py:109} INFO - [2022-07-14 23:53:44,589] {dagbag.py:500} INFO - Filling up the DagBag from /home/airflow/.local/lib/python3.7/site-packages/airflow/example_dags/example_latest_only.py
[2022-07-14 23:53:44,677] {processor.py:632} INFO - DAG(s) dict_keys(['latest_only']) retrieved from /home/airflow/.local/lib/python3.7/site-packages/airflow/example_dags/example_latest_only.py
[2022-07-14 23:53:44,718] {logging_mixin.py:109} INFO - [2022-07-14 23:53:44,718] {dag.py:2389} INFO - Sync 1 DAGs
[2022-07-14 23:53:44,794] {logging_mixin.py:109} INFO - [2022-07-14 23:53:44,793] {dag.py:2921} INFO - Setting next_dagrun for latest_only to 2022-07-14T19:53:44.791770+00:00
[2022-07-14 23:53:44,875] {processor.py:171} INFO - Processing /home/airflow/.local/lib/python3.7/site-packages/airflow/example_dags/example_latest_only.py took 0.313 seconds
[2022-07-14 23:54:15,201] {processor.py:163} INFO - Started process (PID=1538) to work on /home/airflow/.local/lib/python3.7/site-packages/airflow/example_dags/example_latest_only.py
[2022-07-14 23:54:15,205] {processor.py:620} INFO - Processing file /home/airflow/.local/lib/python3.7/site-packages/airflow/example_dags/example_latest_only.py for tasks to queue
[2022-07-14 23:54:15,208] {logging_mixin.py:109} INFO - [2022-07-14 23:54:15,207] {dagbag.py:500} INFO - Filling up the DagBag from /home/airflow/.local/lib/python3.7/site-packages/airflow/example_dags/example_latest_only.py
[2022-07-14 23:54:15,275] {processor.py:632} INFO - DAG(s) dict_keys(['latest_only']) retrieved from /home/airflow/.local/lib/python3.7/site-packages/airflow/example_dags/example_latest_only.py
[2022-07-14 23:54:15,313] {logging_mixin.py:109} INFO - [2022-07-14 23:54:15,312] {dag.py:2389} INFO - Sync 1 DAGs
[2022-07-14 23:54:15,379] {logging_mixin.py:109} INFO - [2022-07-14 23:54:15,378] {dag.py:2921} INFO - Setting next_dagrun for latest_only to 2022-07-14T19:54:15.376844+00:00
[2022-07-14 23:54:15,410] {processor.py:171} INFO - Processing /home/airflow/.local/lib/python3.7/site-packages/airflow/example_dags/example_latest_only.py took 0.217 seconds
[2022-07-14 23:54:45,732] {processor.py:163} INFO - Started process (PID=1636) to work on /home/airflow/.local/lib/python3.7/site-packages/airflow/example_dags/example_latest_only.py
[2022-07-14 23:54:45,737] {processor.py:620} INFO - Processing file /home/airflow/.local/lib/python3.7/site-packages/airflow/example_dags/example_latest_only.py for tasks to queue
[2022-07-14 23:54:45,740] {logging_mixin.py:109} INFO - [2022-07-14 23:54:45,740] {dagbag.py:500} INFO - Filling up the DagBag from /home/airflow/.local/lib/python3.7/site-packages/airflow/example_dags/example_latest_only.py
[2022-07-14 23:54:45,804] {processor.py:632} INFO - DAG(s) dict_keys(['latest_only']) retrieved from /home/airflow/.local/lib/python3.7/site-packages/airflow/example_dags/example_latest_only.py
[2022-07-14 23:54:45,856] {logging_mixin.py:109} INFO - [2022-07-14 23:54:45,855] {dag.py:2389} INFO - Sync 1 DAGs
[2022-07-14 23:54:45,920] {logging_mixin.py:109} INFO - [2022-07-14 23:54:45,920] {dag.py:2921} INFO - Setting next_dagrun for latest_only to 2022-07-14T19:54:45.918267+00:00
[2022-07-14 23:54:45,949] {processor.py:171} INFO - Processing /home/airflow/.local/lib/python3.7/site-packages/airflow/example_dags/example_latest_only.py took 0.224 seconds
[2022-07-14 23:55:16,132] {processor.py:163} INFO - Started process (PID=1718) to work on /home/airflow/.local/lib/python3.7/site-packages/airflow/example_dags/example_latest_only.py
[2022-07-14 23:55:16,135] {processor.py:620} INFO - Processing file /home/airflow/.local/lib/python3.7/site-packages/airflow/example_dags/example_latest_only.py for tasks to queue
[2022-07-14 23:55:16,139] {logging_mixin.py:109} INFO - [2022-07-14 23:55:16,138] {dagbag.py:500} INFO - Filling up the DagBag from /home/airflow/.local/lib/python3.7/site-packages/airflow/example_dags/example_latest_only.py
[2022-07-14 23:55:16,203] {processor.py:632} INFO - DAG(s) dict_keys(['latest_only']) retrieved from /home/airflow/.local/lib/python3.7/site-packages/airflow/example_dags/example_latest_only.py
[2022-07-14 23:55:16,241] {logging_mixin.py:109} INFO - [2022-07-14 23:55:16,240] {dag.py:2389} INFO - Sync 1 DAGs
[2022-07-14 23:55:16,304] {logging_mixin.py:109} INFO - [2022-07-14 23:55:16,303] {dag.py:2921} INFO - Setting next_dagrun for latest_only to 2022-07-14T19:55:16.302112+00:00
[2022-07-14 23:55:16,334] {processor.py:171} INFO - Processing /home/airflow/.local/lib/python3.7/site-packages/airflow/example_dags/example_latest_only.py took 0.209 seconds
[2022-07-14 23:55:46,664] {processor.py:163} INFO - Started process (PID=1814) to work on /home/airflow/.local/lib/python3.7/site-packages/airflow/example_dags/example_latest_only.py
[2022-07-14 23:55:46,668] {processor.py:620} INFO - Processing file /home/airflow/.local/lib/python3.7/site-packages/airflow/example_dags/example_latest_only.py for tasks to queue
[2022-07-14 23:55:46,671] {logging_mixin.py:109} INFO - [2022-07-14 23:55:46,671] {dagbag.py:500} INFO - Filling up the DagBag from /home/airflow/.local/lib/python3.7/site-packages/airflow/example_dags/example_latest_only.py
[2022-07-14 23:55:46,740] {processor.py:632} INFO - DAG(s) dict_keys(['latest_only']) retrieved from /home/airflow/.local/lib/python3.7/site-packages/airflow/example_dags/example_latest_only.py
[2022-07-14 23:55:46,783] {logging_mixin.py:109} INFO - [2022-07-14 23:55:46,782] {dag.py:2389} INFO - Sync 1 DAGs
[2022-07-14 23:55:46,847] {logging_mixin.py:109} INFO - [2022-07-14 23:55:46,847] {dag.py:2921} INFO - Setting next_dagrun for latest_only to 2022-07-14T19:55:46.845347+00:00
[2022-07-14 23:55:46,880] {processor.py:171} INFO - Processing /home/airflow/.local/lib/python3.7/site-packages/airflow/example_dags/example_latest_only.py took 0.223 seconds
[2022-07-14 23:56:17,753] {processor.py:163} INFO - Started process (PID=1896) to work on /home/airflow/.local/lib/python3.7/site-packages/airflow/example_dags/example_latest_only.py
[2022-07-14 23:56:17,758] {processor.py:620} INFO - Processing file /home/airflow/.local/lib/python3.7/site-packages/airflow/example_dags/example_latest_only.py for tasks to queue
[2022-07-14 23:56:17,761] {logging_mixin.py:109} INFO - [2022-07-14 23:56:17,760] {dagbag.py:500} INFO - Filling up the DagBag from /home/airflow/.local/lib/python3.7/site-packages/airflow/example_dags/example_latest_only.py
[2022-07-14 23:56:17,830] {processor.py:632} INFO - DAG(s) dict_keys(['latest_only']) retrieved from /home/airflow/.local/lib/python3.7/site-packages/airflow/example_dags/example_latest_only.py
[2022-07-14 23:56:17,872] {logging_mixin.py:109} INFO - [2022-07-14 23:56:17,871] {dag.py:2389} INFO - Sync 1 DAGs
[2022-07-14 23:56:17,942] {logging_mixin.py:109} INFO - [2022-07-14 23:56:17,941] {dag.py:2921} INFO - Setting next_dagrun for latest_only to 2022-07-14T19:56:17.939478+00:00
[2022-07-14 23:56:17,983] {processor.py:171} INFO - Processing /home/airflow/.local/lib/python3.7/site-packages/airflow/example_dags/example_latest_only.py took 0.237 seconds
[2022-07-14 23:56:48,324] {processor.py:163} INFO - Started process (PID=1993) to work on /home/airflow/.local/lib/python3.7/site-packages/airflow/example_dags/example_latest_only.py
[2022-07-14 23:56:48,330] {processor.py:620} INFO - Processing file /home/airflow/.local/lib/python3.7/site-packages/airflow/example_dags/example_latest_only.py for tasks to queue
[2022-07-14 23:56:48,334] {logging_mixin.py:109} INFO - [2022-07-14 23:56:48,334] {dagbag.py:500} INFO - Filling up the DagBag from /home/airflow/.local/lib/python3.7/site-packages/airflow/example_dags/example_latest_only.py
[2022-07-14 23:56:48,429] {processor.py:632} INFO - DAG(s) dict_keys(['latest_only']) retrieved from /home/airflow/.local/lib/python3.7/site-packages/airflow/example_dags/example_latest_only.py
[2022-07-14 23:56:48,509] {logging_mixin.py:109} INFO - [2022-07-14 23:56:48,508] {dag.py:2389} INFO - Sync 1 DAGs
[2022-07-14 23:56:48,576] {logging_mixin.py:109} INFO - [2022-07-14 23:56:48,575] {dag.py:2921} INFO - Setting next_dagrun for latest_only to 2022-07-14T19:56:48.573563+00:00
[2022-07-14 23:56:48,610] {processor.py:171} INFO - Processing /home/airflow/.local/lib/python3.7/site-packages/airflow/example_dags/example_latest_only.py took 0.295 seconds
[2022-07-14 23:57:18,825] {processor.py:163} INFO - Started process (PID=2073) to work on /home/airflow/.local/lib/python3.7/site-packages/airflow/example_dags/example_latest_only.py
[2022-07-14 23:57:18,831] {processor.py:620} INFO - Processing file /home/airflow/.local/lib/python3.7/site-packages/airflow/example_dags/example_latest_only.py for tasks to queue
[2022-07-14 23:57:18,835] {logging_mixin.py:109} INFO - [2022-07-14 23:57:18,834] {dagbag.py:500} INFO - Filling up the DagBag from /home/airflow/.local/lib/python3.7/site-packages/airflow/example_dags/example_latest_only.py
[2022-07-14 23:57:18,913] {processor.py:632} INFO - DAG(s) dict_keys(['latest_only']) retrieved from /home/airflow/.local/lib/python3.7/site-packages/airflow/example_dags/example_latest_only.py
[2022-07-14 23:57:18,948] {logging_mixin.py:109} INFO - [2022-07-14 23:57:18,948] {dag.py:2389} INFO - Sync 1 DAGs
[2022-07-14 23:57:19,000] {logging_mixin.py:109} INFO - [2022-07-14 23:57:19,000] {dag.py:2921} INFO - Setting next_dagrun for latest_only to 2022-07-14T19:57:18.998807+00:00
[2022-07-14 23:57:19,027] {processor.py:171} INFO - Processing /home/airflow/.local/lib/python3.7/site-packages/airflow/example_dags/example_latest_only.py took 0.209 seconds
[2022-07-14 23:57:49,841] {processor.py:163} INFO - Started process (PID=2171) to work on /home/airflow/.local/lib/python3.7/site-packages/airflow/example_dags/example_latest_only.py
[2022-07-14 23:57:49,845] {processor.py:620} INFO - Processing file /home/airflow/.local/lib/python3.7/site-packages/airflow/example_dags/example_latest_only.py for tasks to queue
[2022-07-14 23:57:49,849] {logging_mixin.py:109} INFO - [2022-07-14 23:57:49,848] {dagbag.py:500} INFO - Filling up the DagBag from /home/airflow/.local/lib/python3.7/site-packages/airflow/example_dags/example_latest_only.py
[2022-07-14 23:57:49,912] {processor.py:632} INFO - DAG(s) dict_keys(['latest_only']) retrieved from /home/airflow/.local/lib/python3.7/site-packages/airflow/example_dags/example_latest_only.py
[2022-07-14 23:57:49,949] {logging_mixin.py:109} INFO - [2022-07-14 23:57:49,949] {dag.py:2389} INFO - Sync 1 DAGs
[2022-07-14 23:57:50,008] {logging_mixin.py:109} INFO - [2022-07-14 23:57:50,008] {dag.py:2921} INFO - Setting next_dagrun for latest_only to 2022-07-14T19:57:50.006529+00:00
[2022-07-14 23:57:50,039] {processor.py:171} INFO - Processing /home/airflow/.local/lib/python3.7/site-packages/airflow/example_dags/example_latest_only.py took 0.205 seconds
[2022-07-14 23:58:20,355] {processor.py:163} INFO - Started process (PID=2253) to work on /home/airflow/.local/lib/python3.7/site-packages/airflow/example_dags/example_latest_only.py
[2022-07-14 23:58:20,359] {processor.py:620} INFO - Processing file /home/airflow/.local/lib/python3.7/site-packages/airflow/example_dags/example_latest_only.py for tasks to queue
[2022-07-14 23:58:20,362] {logging_mixin.py:109} INFO - [2022-07-14 23:58:20,362] {dagbag.py:500} INFO - Filling up the DagBag from /home/airflow/.local/lib/python3.7/site-packages/airflow/example_dags/example_latest_only.py
[2022-07-14 23:58:20,421] {processor.py:632} INFO - DAG(s) dict_keys(['latest_only']) retrieved from /home/airflow/.local/lib/python3.7/site-packages/airflow/example_dags/example_latest_only.py
[2022-07-14 23:58:20,454] {logging_mixin.py:109} INFO - [2022-07-14 23:58:20,454] {dag.py:2389} INFO - Sync 1 DAGs
[2022-07-14 23:58:20,506] {logging_mixin.py:109} INFO - [2022-07-14 23:58:20,506] {dag.py:2921} INFO - Setting next_dagrun for latest_only to 2022-07-14T19:58:20.504976+00:00
[2022-07-14 23:58:20,533] {processor.py:171} INFO - Processing /home/airflow/.local/lib/python3.7/site-packages/airflow/example_dags/example_latest_only.py took 0.184 seconds
[2022-07-14 23:58:50,733] {processor.py:163} INFO - Started process (PID=2351) to work on /home/airflow/.local/lib/python3.7/site-packages/airflow/example_dags/example_latest_only.py
[2022-07-14 23:58:50,737] {processor.py:620} INFO - Processing file /home/airflow/.local/lib/python3.7/site-packages/airflow/example_dags/example_latest_only.py for tasks to queue
[2022-07-14 23:58:50,742] {logging_mixin.py:109} INFO - [2022-07-14 23:58:50,742] {dagbag.py:500} INFO - Filling up the DagBag from /home/airflow/.local/lib/python3.7/site-packages/airflow/example_dags/example_latest_only.py
[2022-07-14 23:58:50,815] {processor.py:632} INFO - DAG(s) dict_keys(['latest_only']) retrieved from /home/airflow/.local/lib/python3.7/site-packages/airflow/example_dags/example_latest_only.py
[2022-07-14 23:58:50,857] {logging_mixin.py:109} INFO - [2022-07-14 23:58:50,857] {dag.py:2389} INFO - Sync 1 DAGs
[2022-07-14 23:58:50,919] {logging_mixin.py:109} INFO - [2022-07-14 23:58:50,918] {dag.py:2921} INFO - Setting next_dagrun for latest_only to 2022-07-14T19:58:50.917118+00:00
[2022-07-14 23:58:50,947] {processor.py:171} INFO - Processing /home/airflow/.local/lib/python3.7/site-packages/airflow/example_dags/example_latest_only.py took 0.221 seconds
[2022-07-14 23:59:21,152] {processor.py:163} INFO - Started process (PID=2433) to work on /home/airflow/.local/lib/python3.7/site-packages/airflow/example_dags/example_latest_only.py
[2022-07-14 23:59:21,156] {processor.py:620} INFO - Processing file /home/airflow/.local/lib/python3.7/site-packages/airflow/example_dags/example_latest_only.py for tasks to queue
[2022-07-14 23:59:21,159] {logging_mixin.py:109} INFO - [2022-07-14 23:59:21,159] {dagbag.py:500} INFO - Filling up the DagBag from /home/airflow/.local/lib/python3.7/site-packages/airflow/example_dags/example_latest_only.py
[2022-07-14 23:59:21,219] {processor.py:632} INFO - DAG(s) dict_keys(['latest_only']) retrieved from /home/airflow/.local/lib/python3.7/site-packages/airflow/example_dags/example_latest_only.py
[2022-07-14 23:59:21,255] {logging_mixin.py:109} INFO - [2022-07-14 23:59:21,254] {dag.py:2389} INFO - Sync 1 DAGs
[2022-07-14 23:59:21,312] {logging_mixin.py:109} INFO - [2022-07-14 23:59:21,311] {dag.py:2921} INFO - Setting next_dagrun for latest_only to 2022-07-14T19:59:21.309771+00:00
[2022-07-14 23:59:21,343] {processor.py:171} INFO - Processing /home/airflow/.local/lib/python3.7/site-packages/airflow/example_dags/example_latest_only.py took 0.197 seconds
[2022-07-14 23:59:51,485] {processor.py:163} INFO - Started process (PID=2529) to work on /home/airflow/.local/lib/python3.7/site-packages/airflow/example_dags/example_latest_only.py
[2022-07-14 23:59:51,489] {processor.py:620} INFO - Processing file /home/airflow/.local/lib/python3.7/site-packages/airflow/example_dags/example_latest_only.py for tasks to queue
[2022-07-14 23:59:51,492] {logging_mixin.py:109} INFO - [2022-07-14 23:59:51,492] {dagbag.py:500} INFO - Filling up the DagBag from /home/airflow/.local/lib/python3.7/site-packages/airflow/example_dags/example_latest_only.py
[2022-07-14 23:59:51,557] {processor.py:632} INFO - DAG(s) dict_keys(['latest_only']) retrieved from /home/airflow/.local/lib/python3.7/site-packages/airflow/example_dags/example_latest_only.py
[2022-07-14 23:59:51,593] {logging_mixin.py:109} INFO - [2022-07-14 23:59:51,593] {dag.py:2389} INFO - Sync 1 DAGs
[2022-07-14 23:59:51,656] {logging_mixin.py:109} INFO - [2022-07-14 23:59:51,655] {dag.py:2921} INFO - Setting next_dagrun for latest_only to 2022-07-14T19:59:51.653937+00:00
[2022-07-14 23:59:51,686] {processor.py:171} INFO - Processing /home/airflow/.local/lib/python3.7/site-packages/airflow/example_dags/example_latest_only.py took 0.208 seconds
