[2022-07-14 23:41:34,122] {processor.py:163} INFO - Started process (PID=366) to work on /home/airflow/.local/lib/python3.7/site-packages/airflow/example_dags/example_trigger_controller_dag.py
[2022-07-14 23:41:34,146] {processor.py:620} INFO - Processing file /home/airflow/.local/lib/python3.7/site-packages/airflow/example_dags/example_trigger_controller_dag.py for tasks to queue
[2022-07-14 23:41:34,163] {logging_mixin.py:109} INFO - [2022-07-14 23:41:34,162] {dagbag.py:500} INFO - Filling up the DagBag from /home/airflow/.local/lib/python3.7/site-packages/airflow/example_dags/example_trigger_controller_dag.py
[2022-07-14 23:41:34,472] {processor.py:632} INFO - DAG(s) dict_keys(['example_trigger_controller_dag']) retrieved from /home/airflow/.local/lib/python3.7/site-packages/airflow/example_dags/example_trigger_controller_dag.py
[2022-07-14 23:41:34,641] {logging_mixin.py:109} INFO - [2022-07-14 23:41:34,641] {dag.py:2389} INFO - Sync 1 DAGs
[2022-07-14 23:41:35,102] {logging_mixin.py:109} INFO - [2022-07-14 23:41:35,099] {dag.py:2921} INFO - Setting next_dagrun for example_trigger_controller_dag to 2021-01-01T00:00:00+00:00
[2022-07-14 23:41:35,249] {processor.py:171} INFO - Processing /home/airflow/.local/lib/python3.7/site-packages/airflow/example_dags/example_trigger_controller_dag.py took 1.183 seconds
[2022-07-14 23:46:45,967] {processor.py:163} INFO - Started process (PID=223) to work on /home/airflow/.local/lib/python3.7/site-packages/airflow/example_dags/example_trigger_controller_dag.py
[2022-07-14 23:46:45,979] {processor.py:620} INFO - Processing file /home/airflow/.local/lib/python3.7/site-packages/airflow/example_dags/example_trigger_controller_dag.py for tasks to queue
[2022-07-14 23:46:45,990] {logging_mixin.py:109} INFO - [2022-07-14 23:46:45,989] {dagbag.py:500} INFO - Filling up the DagBag from /home/airflow/.local/lib/python3.7/site-packages/airflow/example_dags/example_trigger_controller_dag.py
[2022-07-14 23:46:46,367] {processor.py:632} INFO - DAG(s) dict_keys(['example_trigger_controller_dag']) retrieved from /home/airflow/.local/lib/python3.7/site-packages/airflow/example_dags/example_trigger_controller_dag.py
[2022-07-14 23:46:46,560] {logging_mixin.py:109} INFO - [2022-07-14 23:46:46,559] {dag.py:2389} INFO - Sync 1 DAGs
[2022-07-14 23:46:46,824] {logging_mixin.py:109} INFO - [2022-07-14 23:46:46,824] {dag.py:2921} INFO - Setting next_dagrun for example_trigger_controller_dag to 2021-01-01T00:00:00+00:00
[2022-07-14 23:46:46,994] {processor.py:171} INFO - Processing /home/airflow/.local/lib/python3.7/site-packages/airflow/example_dags/example_trigger_controller_dag.py took 1.049 seconds
[2022-07-14 23:47:18,282] {processor.py:163} INFO - Started process (PID=309) to work on /home/airflow/.local/lib/python3.7/site-packages/airflow/example_dags/example_trigger_controller_dag.py
[2022-07-14 23:47:18,299] {processor.py:620} INFO - Processing file /home/airflow/.local/lib/python3.7/site-packages/airflow/example_dags/example_trigger_controller_dag.py for tasks to queue
[2022-07-14 23:47:18,310] {logging_mixin.py:109} INFO - [2022-07-14 23:47:18,309] {dagbag.py:500} INFO - Filling up the DagBag from /home/airflow/.local/lib/python3.7/site-packages/airflow/example_dags/example_trigger_controller_dag.py
[2022-07-14 23:47:18,503] {processor.py:632} INFO - DAG(s) dict_keys(['example_trigger_controller_dag']) retrieved from /home/airflow/.local/lib/python3.7/site-packages/airflow/example_dags/example_trigger_controller_dag.py
[2022-07-14 23:47:18,653] {logging_mixin.py:109} INFO - [2022-07-14 23:47:18,653] {dag.py:2389} INFO - Sync 1 DAGs
[2022-07-14 23:47:18,869] {logging_mixin.py:109} INFO - [2022-07-14 23:47:18,869] {dag.py:2921} INFO - Setting next_dagrun for example_trigger_controller_dag to 2021-01-01T00:00:00+00:00
[2022-07-14 23:47:18,965] {processor.py:171} INFO - Processing /home/airflow/.local/lib/python3.7/site-packages/airflow/example_dags/example_trigger_controller_dag.py took 0.699 seconds
[2022-07-14 23:47:49,412] {processor.py:163} INFO - Started process (PID=406) to work on /home/airflow/.local/lib/python3.7/site-packages/airflow/example_dags/example_trigger_controller_dag.py
[2022-07-14 23:47:49,424] {processor.py:620} INFO - Processing file /home/airflow/.local/lib/python3.7/site-packages/airflow/example_dags/example_trigger_controller_dag.py for tasks to queue
[2022-07-14 23:47:49,429] {logging_mixin.py:109} INFO - [2022-07-14 23:47:49,429] {dagbag.py:500} INFO - Filling up the DagBag from /home/airflow/.local/lib/python3.7/site-packages/airflow/example_dags/example_trigger_controller_dag.py
[2022-07-14 23:47:49,557] {processor.py:632} INFO - DAG(s) dict_keys(['example_trigger_controller_dag']) retrieved from /home/airflow/.local/lib/python3.7/site-packages/airflow/example_dags/example_trigger_controller_dag.py
[2022-07-14 23:47:49,628] {logging_mixin.py:109} INFO - [2022-07-14 23:47:49,627] {dag.py:2389} INFO - Sync 1 DAGs
[2022-07-14 23:47:49,746] {logging_mixin.py:109} INFO - [2022-07-14 23:47:49,746] {dag.py:2921} INFO - Setting next_dagrun for example_trigger_controller_dag to 2021-01-01T00:00:00+00:00
[2022-07-14 23:47:49,777] {processor.py:171} INFO - Processing /home/airflow/.local/lib/python3.7/site-packages/airflow/example_dags/example_trigger_controller_dag.py took 0.380 seconds
[2022-07-14 23:48:20,450] {processor.py:163} INFO - Started process (PID=486) to work on /home/airflow/.local/lib/python3.7/site-packages/airflow/example_dags/example_trigger_controller_dag.py
[2022-07-14 23:48:20,454] {processor.py:620} INFO - Processing file /home/airflow/.local/lib/python3.7/site-packages/airflow/example_dags/example_trigger_controller_dag.py for tasks to queue
[2022-07-14 23:48:20,457] {logging_mixin.py:109} INFO - [2022-07-14 23:48:20,456] {dagbag.py:500} INFO - Filling up the DagBag from /home/airflow/.local/lib/python3.7/site-packages/airflow/example_dags/example_trigger_controller_dag.py
[2022-07-14 23:48:20,515] {processor.py:632} INFO - DAG(s) dict_keys(['example_trigger_controller_dag']) retrieved from /home/airflow/.local/lib/python3.7/site-packages/airflow/example_dags/example_trigger_controller_dag.py
[2022-07-14 23:48:20,549] {logging_mixin.py:109} INFO - [2022-07-14 23:48:20,548] {dag.py:2389} INFO - Sync 1 DAGs
[2022-07-14 23:48:20,606] {logging_mixin.py:109} INFO - [2022-07-14 23:48:20,605] {dag.py:2921} INFO - Setting next_dagrun for example_trigger_controller_dag to 2021-01-01T00:00:00+00:00
[2022-07-14 23:48:20,632] {processor.py:171} INFO - Processing /home/airflow/.local/lib/python3.7/site-packages/airflow/example_dags/example_trigger_controller_dag.py took 0.189 seconds
[2022-07-14 23:48:50,908] {processor.py:163} INFO - Started process (PID=584) to work on /home/airflow/.local/lib/python3.7/site-packages/airflow/example_dags/example_trigger_controller_dag.py
[2022-07-14 23:48:50,913] {processor.py:620} INFO - Processing file /home/airflow/.local/lib/python3.7/site-packages/airflow/example_dags/example_trigger_controller_dag.py for tasks to queue
[2022-07-14 23:48:50,916] {logging_mixin.py:109} INFO - [2022-07-14 23:48:50,916] {dagbag.py:500} INFO - Filling up the DagBag from /home/airflow/.local/lib/python3.7/site-packages/airflow/example_dags/example_trigger_controller_dag.py
[2022-07-14 23:48:50,980] {processor.py:632} INFO - DAG(s) dict_keys(['example_trigger_controller_dag']) retrieved from /home/airflow/.local/lib/python3.7/site-packages/airflow/example_dags/example_trigger_controller_dag.py
[2022-07-14 23:48:51,023] {logging_mixin.py:109} INFO - [2022-07-14 23:48:51,023] {dag.py:2389} INFO - Sync 1 DAGs
[2022-07-14 23:48:51,088] {logging_mixin.py:109} INFO - [2022-07-14 23:48:51,088] {dag.py:2921} INFO - Setting next_dagrun for example_trigger_controller_dag to 2021-01-01T00:00:00+00:00
[2022-07-14 23:48:51,118] {processor.py:171} INFO - Processing /home/airflow/.local/lib/python3.7/site-packages/airflow/example_dags/example_trigger_controller_dag.py took 0.217 seconds
[2022-07-14 23:49:21,491] {processor.py:163} INFO - Started process (PID=666) to work on /home/airflow/.local/lib/python3.7/site-packages/airflow/example_dags/example_trigger_controller_dag.py
[2022-07-14 23:49:21,496] {processor.py:620} INFO - Processing file /home/airflow/.local/lib/python3.7/site-packages/airflow/example_dags/example_trigger_controller_dag.py for tasks to queue
[2022-07-14 23:49:21,500] {logging_mixin.py:109} INFO - [2022-07-14 23:49:21,499] {dagbag.py:500} INFO - Filling up the DagBag from /home/airflow/.local/lib/python3.7/site-packages/airflow/example_dags/example_trigger_controller_dag.py
[2022-07-14 23:49:21,563] {processor.py:632} INFO - DAG(s) dict_keys(['example_trigger_controller_dag']) retrieved from /home/airflow/.local/lib/python3.7/site-packages/airflow/example_dags/example_trigger_controller_dag.py
[2022-07-14 23:49:21,603] {logging_mixin.py:109} INFO - [2022-07-14 23:49:21,602] {dag.py:2389} INFO - Sync 1 DAGs
[2022-07-14 23:49:21,662] {logging_mixin.py:109} INFO - [2022-07-14 23:49:21,661] {dag.py:2921} INFO - Setting next_dagrun for example_trigger_controller_dag to 2021-01-01T00:00:00+00:00
[2022-07-14 23:49:21,693] {processor.py:171} INFO - Processing /home/airflow/.local/lib/python3.7/site-packages/airflow/example_dags/example_trigger_controller_dag.py took 0.209 seconds
[2022-07-14 23:49:51,774] {processor.py:163} INFO - Started process (PID=762) to work on /home/airflow/.local/lib/python3.7/site-packages/airflow/example_dags/example_trigger_controller_dag.py
[2022-07-14 23:49:51,779] {processor.py:620} INFO - Processing file /home/airflow/.local/lib/python3.7/site-packages/airflow/example_dags/example_trigger_controller_dag.py for tasks to queue
[2022-07-14 23:49:51,782] {logging_mixin.py:109} INFO - [2022-07-14 23:49:51,782] {dagbag.py:500} INFO - Filling up the DagBag from /home/airflow/.local/lib/python3.7/site-packages/airflow/example_dags/example_trigger_controller_dag.py
[2022-07-14 23:49:51,847] {processor.py:632} INFO - DAG(s) dict_keys(['example_trigger_controller_dag']) retrieved from /home/airflow/.local/lib/python3.7/site-packages/airflow/example_dags/example_trigger_controller_dag.py
[2022-07-14 23:49:51,883] {logging_mixin.py:109} INFO - [2022-07-14 23:49:51,882] {dag.py:2389} INFO - Sync 1 DAGs
[2022-07-14 23:49:51,944] {logging_mixin.py:109} INFO - [2022-07-14 23:49:51,943] {dag.py:2921} INFO - Setting next_dagrun for example_trigger_controller_dag to 2021-01-01T00:00:00+00:00
[2022-07-14 23:49:51,993] {processor.py:171} INFO - Processing /home/airflow/.local/lib/python3.7/site-packages/airflow/example_dags/example_trigger_controller_dag.py took 0.227 seconds
[2022-07-14 23:50:22,049] {processor.py:163} INFO - Started process (PID=842) to work on /home/airflow/.local/lib/python3.7/site-packages/airflow/example_dags/example_trigger_controller_dag.py
[2022-07-14 23:50:22,053] {processor.py:620} INFO - Processing file /home/airflow/.local/lib/python3.7/site-packages/airflow/example_dags/example_trigger_controller_dag.py for tasks to queue
[2022-07-14 23:50:22,056] {logging_mixin.py:109} INFO - [2022-07-14 23:50:22,056] {dagbag.py:500} INFO - Filling up the DagBag from /home/airflow/.local/lib/python3.7/site-packages/airflow/example_dags/example_trigger_controller_dag.py
[2022-07-14 23:50:22,129] {processor.py:632} INFO - DAG(s) dict_keys(['example_trigger_controller_dag']) retrieved from /home/airflow/.local/lib/python3.7/site-packages/airflow/example_dags/example_trigger_controller_dag.py
[2022-07-14 23:50:22,169] {logging_mixin.py:109} INFO - [2022-07-14 23:50:22,168] {dag.py:2389} INFO - Sync 1 DAGs
[2022-07-14 23:50:22,231] {logging_mixin.py:109} INFO - [2022-07-14 23:50:22,231] {dag.py:2921} INFO - Setting next_dagrun for example_trigger_controller_dag to 2021-01-01T00:00:00+00:00
[2022-07-14 23:50:22,261] {processor.py:171} INFO - Processing /home/airflow/.local/lib/python3.7/site-packages/airflow/example_dags/example_trigger_controller_dag.py took 0.220 seconds
[2022-07-14 23:50:52,448] {processor.py:163} INFO - Started process (PID=941) to work on /home/airflow/.local/lib/python3.7/site-packages/airflow/example_dags/example_trigger_controller_dag.py
[2022-07-14 23:50:52,452] {processor.py:620} INFO - Processing file /home/airflow/.local/lib/python3.7/site-packages/airflow/example_dags/example_trigger_controller_dag.py for tasks to queue
[2022-07-14 23:50:52,456] {logging_mixin.py:109} INFO - [2022-07-14 23:50:52,455] {dagbag.py:500} INFO - Filling up the DagBag from /home/airflow/.local/lib/python3.7/site-packages/airflow/example_dags/example_trigger_controller_dag.py
[2022-07-14 23:50:52,525] {processor.py:632} INFO - DAG(s) dict_keys(['example_trigger_controller_dag']) retrieved from /home/airflow/.local/lib/python3.7/site-packages/airflow/example_dags/example_trigger_controller_dag.py
[2022-07-14 23:50:52,563] {logging_mixin.py:109} INFO - [2022-07-14 23:50:52,562] {dag.py:2389} INFO - Sync 1 DAGs
[2022-07-14 23:50:52,634] {logging_mixin.py:109} INFO - [2022-07-14 23:50:52,634] {dag.py:2921} INFO - Setting next_dagrun for example_trigger_controller_dag to 2021-01-01T00:00:00+00:00
[2022-07-14 23:50:52,712] {processor.py:171} INFO - Processing /home/airflow/.local/lib/python3.7/site-packages/airflow/example_dags/example_trigger_controller_dag.py took 0.271 seconds
[2022-07-14 23:51:22,953] {processor.py:163} INFO - Started process (PID=1023) to work on /home/airflow/.local/lib/python3.7/site-packages/airflow/example_dags/example_trigger_controller_dag.py
[2022-07-14 23:51:22,959] {processor.py:620} INFO - Processing file /home/airflow/.local/lib/python3.7/site-packages/airflow/example_dags/example_trigger_controller_dag.py for tasks to queue
[2022-07-14 23:51:22,963] {logging_mixin.py:109} INFO - [2022-07-14 23:51:22,962] {dagbag.py:500} INFO - Filling up the DagBag from /home/airflow/.local/lib/python3.7/site-packages/airflow/example_dags/example_trigger_controller_dag.py
[2022-07-14 23:51:23,031] {processor.py:632} INFO - DAG(s) dict_keys(['example_trigger_controller_dag']) retrieved from /home/airflow/.local/lib/python3.7/site-packages/airflow/example_dags/example_trigger_controller_dag.py
[2022-07-14 23:51:23,089] {logging_mixin.py:109} INFO - [2022-07-14 23:51:23,088] {dag.py:2389} INFO - Sync 1 DAGs
[2022-07-14 23:51:23,149] {logging_mixin.py:109} INFO - [2022-07-14 23:51:23,148] {dag.py:2921} INFO - Setting next_dagrun for example_trigger_controller_dag to 2021-01-01T00:00:00+00:00
[2022-07-14 23:51:23,177] {processor.py:171} INFO - Processing /home/airflow/.local/lib/python3.7/site-packages/airflow/example_dags/example_trigger_controller_dag.py took 0.232 seconds
[2022-07-14 23:51:53,808] {processor.py:163} INFO - Started process (PID=1121) to work on /home/airflow/.local/lib/python3.7/site-packages/airflow/example_dags/example_trigger_controller_dag.py
[2022-07-14 23:51:53,814] {processor.py:620} INFO - Processing file /home/airflow/.local/lib/python3.7/site-packages/airflow/example_dags/example_trigger_controller_dag.py for tasks to queue
[2022-07-14 23:51:53,817] {logging_mixin.py:109} INFO - [2022-07-14 23:51:53,816] {dagbag.py:500} INFO - Filling up the DagBag from /home/airflow/.local/lib/python3.7/site-packages/airflow/example_dags/example_trigger_controller_dag.py
[2022-07-14 23:51:53,890] {processor.py:632} INFO - DAG(s) dict_keys(['example_trigger_controller_dag']) retrieved from /home/airflow/.local/lib/python3.7/site-packages/airflow/example_dags/example_trigger_controller_dag.py
[2022-07-14 23:51:53,928] {logging_mixin.py:109} INFO - [2022-07-14 23:51:53,927] {dag.py:2389} INFO - Sync 1 DAGs
[2022-07-14 23:51:54,003] {logging_mixin.py:109} INFO - [2022-07-14 23:51:54,002] {dag.py:2921} INFO - Setting next_dagrun for example_trigger_controller_dag to 2021-01-01T00:00:00+00:00
[2022-07-14 23:51:54,058] {processor.py:171} INFO - Processing /home/airflow/.local/lib/python3.7/site-packages/airflow/example_dags/example_trigger_controller_dag.py took 0.260 seconds
[2022-07-14 23:52:24,606] {processor.py:163} INFO - Started process (PID=1213) to work on /home/airflow/.local/lib/python3.7/site-packages/airflow/example_dags/example_trigger_controller_dag.py
[2022-07-14 23:52:24,617] {processor.py:620} INFO - Processing file /home/airflow/.local/lib/python3.7/site-packages/airflow/example_dags/example_trigger_controller_dag.py for tasks to queue
[2022-07-14 23:52:24,622] {logging_mixin.py:109} INFO - [2022-07-14 23:52:24,621] {dagbag.py:500} INFO - Filling up the DagBag from /home/airflow/.local/lib/python3.7/site-packages/airflow/example_dags/example_trigger_controller_dag.py
[2022-07-14 23:52:24,777] {processor.py:632} INFO - DAG(s) dict_keys(['example_trigger_controller_dag']) retrieved from /home/airflow/.local/lib/python3.7/site-packages/airflow/example_dags/example_trigger_controller_dag.py
[2022-07-14 23:52:24,853] {logging_mixin.py:109} INFO - [2022-07-14 23:52:24,853] {dag.py:2389} INFO - Sync 1 DAGs
[2022-07-14 23:52:24,998] {logging_mixin.py:109} INFO - [2022-07-14 23:52:24,997] {dag.py:2921} INFO - Setting next_dagrun for example_trigger_controller_dag to 2021-01-01T00:00:00+00:00
[2022-07-14 23:52:25,060] {processor.py:171} INFO - Processing /home/airflow/.local/lib/python3.7/site-packages/airflow/example_dags/example_trigger_controller_dag.py took 0.468 seconds
[2022-07-14 23:52:55,324] {processor.py:163} INFO - Started process (PID=1299) to work on /home/airflow/.local/lib/python3.7/site-packages/airflow/example_dags/example_trigger_controller_dag.py
[2022-07-14 23:52:55,334] {processor.py:620} INFO - Processing file /home/airflow/.local/lib/python3.7/site-packages/airflow/example_dags/example_trigger_controller_dag.py for tasks to queue
[2022-07-14 23:52:55,338] {logging_mixin.py:109} INFO - [2022-07-14 23:52:55,338] {dagbag.py:500} INFO - Filling up the DagBag from /home/airflow/.local/lib/python3.7/site-packages/airflow/example_dags/example_trigger_controller_dag.py
[2022-07-14 23:52:55,439] {processor.py:632} INFO - DAG(s) dict_keys(['example_trigger_controller_dag']) retrieved from /home/airflow/.local/lib/python3.7/site-packages/airflow/example_dags/example_trigger_controller_dag.py
[2022-07-14 23:52:55,478] {logging_mixin.py:109} INFO - [2022-07-14 23:52:55,478] {dag.py:2389} INFO - Sync 1 DAGs
[2022-07-14 23:52:55,613] {logging_mixin.py:109} INFO - [2022-07-14 23:52:55,610] {dag.py:2921} INFO - Setting next_dagrun for example_trigger_controller_dag to 2021-01-01T00:00:00+00:00
[2022-07-14 23:52:55,671] {processor.py:171} INFO - Processing /home/airflow/.local/lib/python3.7/site-packages/airflow/example_dags/example_trigger_controller_dag.py took 0.365 seconds
[2022-07-14 23:53:25,879] {processor.py:163} INFO - Started process (PID=1396) to work on /home/airflow/.local/lib/python3.7/site-packages/airflow/example_dags/example_trigger_controller_dag.py
[2022-07-14 23:53:25,884] {processor.py:620} INFO - Processing file /home/airflow/.local/lib/python3.7/site-packages/airflow/example_dags/example_trigger_controller_dag.py for tasks to queue
[2022-07-14 23:53:25,888] {logging_mixin.py:109} INFO - [2022-07-14 23:53:25,887] {dagbag.py:500} INFO - Filling up the DagBag from /home/airflow/.local/lib/python3.7/site-packages/airflow/example_dags/example_trigger_controller_dag.py
[2022-07-14 23:53:25,957] {processor.py:632} INFO - DAG(s) dict_keys(['example_trigger_controller_dag']) retrieved from /home/airflow/.local/lib/python3.7/site-packages/airflow/example_dags/example_trigger_controller_dag.py
[2022-07-14 23:53:25,994] {logging_mixin.py:109} INFO - [2022-07-14 23:53:25,994] {dag.py:2389} INFO - Sync 1 DAGs
[2022-07-14 23:53:26,058] {logging_mixin.py:109} INFO - [2022-07-14 23:53:26,057] {dag.py:2921} INFO - Setting next_dagrun for example_trigger_controller_dag to 2021-01-01T00:00:00+00:00
[2022-07-14 23:53:26,088] {processor.py:171} INFO - Processing /home/airflow/.local/lib/python3.7/site-packages/airflow/example_dags/example_trigger_controller_dag.py took 0.217 seconds
[2022-07-14 23:53:56,318] {processor.py:163} INFO - Started process (PID=1478) to work on /home/airflow/.local/lib/python3.7/site-packages/airflow/example_dags/example_trigger_controller_dag.py
[2022-07-14 23:53:56,322] {processor.py:620} INFO - Processing file /home/airflow/.local/lib/python3.7/site-packages/airflow/example_dags/example_trigger_controller_dag.py for tasks to queue
[2022-07-14 23:53:56,326] {logging_mixin.py:109} INFO - [2022-07-14 23:53:56,325] {dagbag.py:500} INFO - Filling up the DagBag from /home/airflow/.local/lib/python3.7/site-packages/airflow/example_dags/example_trigger_controller_dag.py
[2022-07-14 23:53:56,387] {processor.py:632} INFO - DAG(s) dict_keys(['example_trigger_controller_dag']) retrieved from /home/airflow/.local/lib/python3.7/site-packages/airflow/example_dags/example_trigger_controller_dag.py
[2022-07-14 23:53:56,423] {logging_mixin.py:109} INFO - [2022-07-14 23:53:56,422] {dag.py:2389} INFO - Sync 1 DAGs
[2022-07-14 23:53:56,484] {logging_mixin.py:109} INFO - [2022-07-14 23:53:56,483] {dag.py:2921} INFO - Setting next_dagrun for example_trigger_controller_dag to 2021-01-01T00:00:00+00:00
[2022-07-14 23:53:56,524] {processor.py:171} INFO - Processing /home/airflow/.local/lib/python3.7/site-packages/airflow/example_dags/example_trigger_controller_dag.py took 0.213 seconds
[2022-07-14 23:54:26,653] {processor.py:163} INFO - Started process (PID=1576) to work on /home/airflow/.local/lib/python3.7/site-packages/airflow/example_dags/example_trigger_controller_dag.py
[2022-07-14 23:54:26,657] {processor.py:620} INFO - Processing file /home/airflow/.local/lib/python3.7/site-packages/airflow/example_dags/example_trigger_controller_dag.py for tasks to queue
[2022-07-14 23:54:26,660] {logging_mixin.py:109} INFO - [2022-07-14 23:54:26,660] {dagbag.py:500} INFO - Filling up the DagBag from /home/airflow/.local/lib/python3.7/site-packages/airflow/example_dags/example_trigger_controller_dag.py
[2022-07-14 23:54:26,722] {processor.py:632} INFO - DAG(s) dict_keys(['example_trigger_controller_dag']) retrieved from /home/airflow/.local/lib/python3.7/site-packages/airflow/example_dags/example_trigger_controller_dag.py
[2022-07-14 23:54:26,757] {logging_mixin.py:109} INFO - [2022-07-14 23:54:26,756] {dag.py:2389} INFO - Sync 1 DAGs
[2022-07-14 23:54:26,817] {logging_mixin.py:109} INFO - [2022-07-14 23:54:26,816] {dag.py:2921} INFO - Setting next_dagrun for example_trigger_controller_dag to 2021-01-01T00:00:00+00:00
[2022-07-14 23:54:26,845] {processor.py:171} INFO - Processing /home/airflow/.local/lib/python3.7/site-packages/airflow/example_dags/example_trigger_controller_dag.py took 0.198 seconds
[2022-07-14 23:54:57,433] {processor.py:163} INFO - Started process (PID=1658) to work on /home/airflow/.local/lib/python3.7/site-packages/airflow/example_dags/example_trigger_controller_dag.py
[2022-07-14 23:54:57,439] {processor.py:620} INFO - Processing file /home/airflow/.local/lib/python3.7/site-packages/airflow/example_dags/example_trigger_controller_dag.py for tasks to queue
[2022-07-14 23:54:57,442] {logging_mixin.py:109} INFO - [2022-07-14 23:54:57,442] {dagbag.py:500} INFO - Filling up the DagBag from /home/airflow/.local/lib/python3.7/site-packages/airflow/example_dags/example_trigger_controller_dag.py
[2022-07-14 23:54:57,509] {processor.py:632} INFO - DAG(s) dict_keys(['example_trigger_controller_dag']) retrieved from /home/airflow/.local/lib/python3.7/site-packages/airflow/example_dags/example_trigger_controller_dag.py
[2022-07-14 23:54:57,545] {logging_mixin.py:109} INFO - [2022-07-14 23:54:57,545] {dag.py:2389} INFO - Sync 1 DAGs
[2022-07-14 23:54:57,614] {logging_mixin.py:109} INFO - [2022-07-14 23:54:57,613] {dag.py:2921} INFO - Setting next_dagrun for example_trigger_controller_dag to 2021-01-01T00:00:00+00:00
[2022-07-14 23:54:57,647] {processor.py:171} INFO - Processing /home/airflow/.local/lib/python3.7/site-packages/airflow/example_dags/example_trigger_controller_dag.py took 0.223 seconds
[2022-07-14 23:55:28,294] {processor.py:163} INFO - Started process (PID=1756) to work on /home/airflow/.local/lib/python3.7/site-packages/airflow/example_dags/example_trigger_controller_dag.py
[2022-07-14 23:55:28,298] {processor.py:620} INFO - Processing file /home/airflow/.local/lib/python3.7/site-packages/airflow/example_dags/example_trigger_controller_dag.py for tasks to queue
[2022-07-14 23:55:28,301] {logging_mixin.py:109} INFO - [2022-07-14 23:55:28,301] {dagbag.py:500} INFO - Filling up the DagBag from /home/airflow/.local/lib/python3.7/site-packages/airflow/example_dags/example_trigger_controller_dag.py
[2022-07-14 23:55:28,368] {processor.py:632} INFO - DAG(s) dict_keys(['example_trigger_controller_dag']) retrieved from /home/airflow/.local/lib/python3.7/site-packages/airflow/example_dags/example_trigger_controller_dag.py
[2022-07-14 23:55:28,405] {logging_mixin.py:109} INFO - [2022-07-14 23:55:28,404] {dag.py:2389} INFO - Sync 1 DAGs
[2022-07-14 23:55:28,469] {logging_mixin.py:109} INFO - [2022-07-14 23:55:28,469] {dag.py:2921} INFO - Setting next_dagrun for example_trigger_controller_dag to 2021-01-01T00:00:00+00:00
[2022-07-14 23:55:28,500] {processor.py:171} INFO - Processing /home/airflow/.local/lib/python3.7/site-packages/airflow/example_dags/example_trigger_controller_dag.py took 0.214 seconds
[2022-07-14 23:55:59,403] {processor.py:163} INFO - Started process (PID=1838) to work on /home/airflow/.local/lib/python3.7/site-packages/airflow/example_dags/example_trigger_controller_dag.py
[2022-07-14 23:55:59,407] {processor.py:620} INFO - Processing file /home/airflow/.local/lib/python3.7/site-packages/airflow/example_dags/example_trigger_controller_dag.py for tasks to queue
[2022-07-14 23:55:59,409] {logging_mixin.py:109} INFO - [2022-07-14 23:55:59,409] {dagbag.py:500} INFO - Filling up the DagBag from /home/airflow/.local/lib/python3.7/site-packages/airflow/example_dags/example_trigger_controller_dag.py
[2022-07-14 23:55:59,467] {processor.py:632} INFO - DAG(s) dict_keys(['example_trigger_controller_dag']) retrieved from /home/airflow/.local/lib/python3.7/site-packages/airflow/example_dags/example_trigger_controller_dag.py
[2022-07-14 23:55:59,499] {logging_mixin.py:109} INFO - [2022-07-14 23:55:59,498] {dag.py:2389} INFO - Sync 1 DAGs
[2022-07-14 23:55:59,551] {logging_mixin.py:109} INFO - [2022-07-14 23:55:59,550] {dag.py:2921} INFO - Setting next_dagrun for example_trigger_controller_dag to 2021-01-01T00:00:00+00:00
[2022-07-14 23:55:59,576] {processor.py:171} INFO - Processing /home/airflow/.local/lib/python3.7/site-packages/airflow/example_dags/example_trigger_controller_dag.py took 0.179 seconds
[2022-07-14 23:56:30,031] {processor.py:163} INFO - Started process (PID=1934) to work on /home/airflow/.local/lib/python3.7/site-packages/airflow/example_dags/example_trigger_controller_dag.py
[2022-07-14 23:56:30,042] {processor.py:620} INFO - Processing file /home/airflow/.local/lib/python3.7/site-packages/airflow/example_dags/example_trigger_controller_dag.py for tasks to queue
[2022-07-14 23:56:30,048] {logging_mixin.py:109} INFO - [2022-07-14 23:56:30,047] {dagbag.py:500} INFO - Filling up the DagBag from /home/airflow/.local/lib/python3.7/site-packages/airflow/example_dags/example_trigger_controller_dag.py
[2022-07-14 23:56:30,194] {processor.py:632} INFO - DAG(s) dict_keys(['example_trigger_controller_dag']) retrieved from /home/airflow/.local/lib/python3.7/site-packages/airflow/example_dags/example_trigger_controller_dag.py
[2022-07-14 23:56:30,270] {logging_mixin.py:109} INFO - [2022-07-14 23:56:30,270] {dag.py:2389} INFO - Sync 1 DAGs
[2022-07-14 23:56:30,398] {logging_mixin.py:109} INFO - [2022-07-14 23:56:30,398] {dag.py:2921} INFO - Setting next_dagrun for example_trigger_controller_dag to 2021-01-01T00:00:00+00:00
[2022-07-14 23:56:30,495] {processor.py:171} INFO - Processing /home/airflow/.local/lib/python3.7/site-packages/airflow/example_dags/example_trigger_controller_dag.py took 0.475 seconds
[2022-07-14 23:57:01,441] {processor.py:163} INFO - Started process (PID=2015) to work on /home/airflow/.local/lib/python3.7/site-packages/airflow/example_dags/example_trigger_controller_dag.py
[2022-07-14 23:57:01,446] {processor.py:620} INFO - Processing file /home/airflow/.local/lib/python3.7/site-packages/airflow/example_dags/example_trigger_controller_dag.py for tasks to queue
[2022-07-14 23:57:01,449] {logging_mixin.py:109} INFO - [2022-07-14 23:57:01,449] {dagbag.py:500} INFO - Filling up the DagBag from /home/airflow/.local/lib/python3.7/site-packages/airflow/example_dags/example_trigger_controller_dag.py
[2022-07-14 23:57:01,514] {processor.py:632} INFO - DAG(s) dict_keys(['example_trigger_controller_dag']) retrieved from /home/airflow/.local/lib/python3.7/site-packages/airflow/example_dags/example_trigger_controller_dag.py
[2022-07-14 23:57:01,552] {logging_mixin.py:109} INFO - [2022-07-14 23:57:01,551] {dag.py:2389} INFO - Sync 1 DAGs
[2022-07-14 23:57:01,609] {logging_mixin.py:109} INFO - [2022-07-14 23:57:01,609] {dag.py:2921} INFO - Setting next_dagrun for example_trigger_controller_dag to 2021-01-01T00:00:00+00:00
[2022-07-14 23:57:01,639] {processor.py:171} INFO - Processing /home/airflow/.local/lib/python3.7/site-packages/airflow/example_dags/example_trigger_controller_dag.py took 0.205 seconds
[2022-07-14 23:57:32,634] {processor.py:163} INFO - Started process (PID=2115) to work on /home/airflow/.local/lib/python3.7/site-packages/airflow/example_dags/example_trigger_controller_dag.py
[2022-07-14 23:57:32,639] {processor.py:620} INFO - Processing file /home/airflow/.local/lib/python3.7/site-packages/airflow/example_dags/example_trigger_controller_dag.py for tasks to queue
[2022-07-14 23:57:32,642] {logging_mixin.py:109} INFO - [2022-07-14 23:57:32,641] {dagbag.py:500} INFO - Filling up the DagBag from /home/airflow/.local/lib/python3.7/site-packages/airflow/example_dags/example_trigger_controller_dag.py
[2022-07-14 23:57:32,706] {processor.py:632} INFO - DAG(s) dict_keys(['example_trigger_controller_dag']) retrieved from /home/airflow/.local/lib/python3.7/site-packages/airflow/example_dags/example_trigger_controller_dag.py
[2022-07-14 23:57:32,746] {logging_mixin.py:109} INFO - [2022-07-14 23:57:32,745] {dag.py:2389} INFO - Sync 1 DAGs
[2022-07-14 23:57:32,811] {logging_mixin.py:109} INFO - [2022-07-14 23:57:32,810] {dag.py:2921} INFO - Setting next_dagrun for example_trigger_controller_dag to 2021-01-01T00:00:00+00:00
[2022-07-14 23:57:32,839] {processor.py:171} INFO - Processing /home/airflow/.local/lib/python3.7/site-packages/airflow/example_dags/example_trigger_controller_dag.py took 0.212 seconds
[2022-07-14 23:58:03,030] {processor.py:163} INFO - Started process (PID=2195) to work on /home/airflow/.local/lib/python3.7/site-packages/airflow/example_dags/example_trigger_controller_dag.py
[2022-07-14 23:58:03,035] {processor.py:620} INFO - Processing file /home/airflow/.local/lib/python3.7/site-packages/airflow/example_dags/example_trigger_controller_dag.py for tasks to queue
[2022-07-14 23:58:03,054] {logging_mixin.py:109} INFO - [2022-07-14 23:58:03,053] {dagbag.py:500} INFO - Filling up the DagBag from /home/airflow/.local/lib/python3.7/site-packages/airflow/example_dags/example_trigger_controller_dag.py
[2022-07-14 23:58:03,117] {processor.py:632} INFO - DAG(s) dict_keys(['example_trigger_controller_dag']) retrieved from /home/airflow/.local/lib/python3.7/site-packages/airflow/example_dags/example_trigger_controller_dag.py
[2022-07-14 23:58:03,155] {logging_mixin.py:109} INFO - [2022-07-14 23:58:03,154] {dag.py:2389} INFO - Sync 1 DAGs
[2022-07-14 23:58:03,215] {logging_mixin.py:109} INFO - [2022-07-14 23:58:03,215] {dag.py:2921} INFO - Setting next_dagrun for example_trigger_controller_dag to 2021-01-01T00:00:00+00:00
[2022-07-14 23:58:03,247] {processor.py:171} INFO - Processing /home/airflow/.local/lib/python3.7/site-packages/airflow/example_dags/example_trigger_controller_dag.py took 0.225 seconds
[2022-07-14 23:58:33,985] {processor.py:163} INFO - Started process (PID=2292) to work on /home/airflow/.local/lib/python3.7/site-packages/airflow/example_dags/example_trigger_controller_dag.py
[2022-07-14 23:58:34,007] {processor.py:620} INFO - Processing file /home/airflow/.local/lib/python3.7/site-packages/airflow/example_dags/example_trigger_controller_dag.py for tasks to queue
[2022-07-14 23:58:34,011] {logging_mixin.py:109} INFO - [2022-07-14 23:58:34,010] {dagbag.py:500} INFO - Filling up the DagBag from /home/airflow/.local/lib/python3.7/site-packages/airflow/example_dags/example_trigger_controller_dag.py
[2022-07-14 23:58:34,078] {processor.py:632} INFO - DAG(s) dict_keys(['example_trigger_controller_dag']) retrieved from /home/airflow/.local/lib/python3.7/site-packages/airflow/example_dags/example_trigger_controller_dag.py
[2022-07-14 23:58:34,116] {logging_mixin.py:109} INFO - [2022-07-14 23:58:34,116] {dag.py:2389} INFO - Sync 1 DAGs
[2022-07-14 23:58:34,186] {logging_mixin.py:109} INFO - [2022-07-14 23:58:34,186] {dag.py:2921} INFO - Setting next_dagrun for example_trigger_controller_dag to 2021-01-01T00:00:00+00:00
[2022-07-14 23:58:34,219] {processor.py:171} INFO - Processing /home/airflow/.local/lib/python3.7/site-packages/airflow/example_dags/example_trigger_controller_dag.py took 0.241 seconds
[2022-07-14 23:59:05,082] {processor.py:163} INFO - Started process (PID=2385) to work on /home/airflow/.local/lib/python3.7/site-packages/airflow/example_dags/example_trigger_controller_dag.py
[2022-07-14 23:59:05,093] {processor.py:620} INFO - Processing file /home/airflow/.local/lib/python3.7/site-packages/airflow/example_dags/example_trigger_controller_dag.py for tasks to queue
[2022-07-14 23:59:05,104] {logging_mixin.py:109} INFO - [2022-07-14 23:59:05,104] {dagbag.py:500} INFO - Filling up the DagBag from /home/airflow/.local/lib/python3.7/site-packages/airflow/example_dags/example_trigger_controller_dag.py
[2022-07-14 23:59:05,173] {processor.py:632} INFO - DAG(s) dict_keys(['example_trigger_controller_dag']) retrieved from /home/airflow/.local/lib/python3.7/site-packages/airflow/example_dags/example_trigger_controller_dag.py
[2022-07-14 23:59:05,231] {logging_mixin.py:109} INFO - [2022-07-14 23:59:05,230] {dag.py:2389} INFO - Sync 1 DAGs
[2022-07-14 23:59:05,354] {logging_mixin.py:109} INFO - [2022-07-14 23:59:05,354] {dag.py:2921} INFO - Setting next_dagrun for example_trigger_controller_dag to 2021-01-01T00:00:00+00:00
[2022-07-14 23:59:05,398] {processor.py:171} INFO - Processing /home/airflow/.local/lib/python3.7/site-packages/airflow/example_dags/example_trigger_controller_dag.py took 0.317 seconds
[2022-07-14 23:59:35,799] {processor.py:163} INFO - Started process (PID=2473) to work on /home/airflow/.local/lib/python3.7/site-packages/airflow/example_dags/example_trigger_controller_dag.py
[2022-07-14 23:59:35,808] {processor.py:620} INFO - Processing file /home/airflow/.local/lib/python3.7/site-packages/airflow/example_dags/example_trigger_controller_dag.py for tasks to queue
[2022-07-14 23:59:35,811] {logging_mixin.py:109} INFO - [2022-07-14 23:59:35,811] {dagbag.py:500} INFO - Filling up the DagBag from /home/airflow/.local/lib/python3.7/site-packages/airflow/example_dags/example_trigger_controller_dag.py
[2022-07-14 23:59:35,918] {processor.py:632} INFO - DAG(s) dict_keys(['example_trigger_controller_dag']) retrieved from /home/airflow/.local/lib/python3.7/site-packages/airflow/example_dags/example_trigger_controller_dag.py
[2022-07-14 23:59:35,956] {logging_mixin.py:109} INFO - [2022-07-14 23:59:35,956] {dag.py:2389} INFO - Sync 1 DAGs
[2022-07-14 23:59:36,019] {logging_mixin.py:109} INFO - [2022-07-14 23:59:36,018] {dag.py:2921} INFO - Setting next_dagrun for example_trigger_controller_dag to 2021-01-01T00:00:00+00:00
[2022-07-14 23:59:36,051] {processor.py:171} INFO - Processing /home/airflow/.local/lib/python3.7/site-packages/airflow/example_dags/example_trigger_controller_dag.py took 0.267 seconds
