[2022-07-14 23:41:04,107] {processor.py:163} INFO - Started process (PID=318) to work on /home/airflow/.local/lib/python3.7/site-packages/airflow/example_dags/example_branch_day_of_week_operator.py
[2022-07-14 23:41:04,127] {processor.py:620} INFO - Processing file /home/airflow/.local/lib/python3.7/site-packages/airflow/example_dags/example_branch_day_of_week_operator.py for tasks to queue
[2022-07-14 23:41:04,133] {logging_mixin.py:109} INFO - [2022-07-14 23:41:04,132] {dagbag.py:500} INFO - Filling up the DagBag from /home/airflow/.local/lib/python3.7/site-packages/airflow/example_dags/example_branch_day_of_week_operator.py
[2022-07-14 23:41:04,563] {processor.py:632} INFO - DAG(s) dict_keys(['example_weekday_branch_operator']) retrieved from /home/airflow/.local/lib/python3.7/site-packages/airflow/example_dags/example_branch_day_of_week_operator.py
[2022-07-14 23:41:04,815] {logging_mixin.py:109} INFO - [2022-07-14 23:41:04,810] {dag.py:2389} INFO - Sync 1 DAGs
[2022-07-14 23:41:05,360] {logging_mixin.py:109} INFO - [2022-07-14 23:41:05,340] {dag.py:2921} INFO - Setting next_dagrun for example_weekday_branch_operator to 2022-07-13 00:00:00+00:00
[2022-07-14 23:41:05,523] {processor.py:171} INFO - Processing /home/airflow/.local/lib/python3.7/site-packages/airflow/example_dags/example_branch_day_of_week_operator.py took 1.479 seconds
[2022-07-14 23:42:07,910] {processor.py:163} INFO - Started process (PID=432) to work on /home/airflow/.local/lib/python3.7/site-packages/airflow/example_dags/example_branch_day_of_week_operator.py
[2022-07-14 23:42:07,919] {processor.py:620} INFO - Processing file /home/airflow/.local/lib/python3.7/site-packages/airflow/example_dags/example_branch_day_of_week_operator.py for tasks to queue
[2022-07-14 23:42:07,926] {logging_mixin.py:109} INFO - [2022-07-14 23:42:07,925] {dagbag.py:500} INFO - Filling up the DagBag from /home/airflow/.local/lib/python3.7/site-packages/airflow/example_dags/example_branch_day_of_week_operator.py
[2022-07-14 23:42:08,170] {processor.py:632} INFO - DAG(s) dict_keys(['example_weekday_branch_operator']) retrieved from /home/airflow/.local/lib/python3.7/site-packages/airflow/example_dags/example_branch_day_of_week_operator.py
[2022-07-14 23:42:08,328] {logging_mixin.py:109} INFO - [2022-07-14 23:42:08,327] {dag.py:2389} INFO - Sync 1 DAGs
[2022-07-14 23:42:08,769] {logging_mixin.py:109} INFO - [2022-07-14 23:42:08,769] {dag.py:2921} INFO - Setting next_dagrun for example_weekday_branch_operator to 2022-07-13 00:00:00+00:00
[2022-07-14 23:42:08,926] {processor.py:171} INFO - Processing /home/airflow/.local/lib/python3.7/site-packages/airflow/example_dags/example_branch_day_of_week_operator.py took 1.032 seconds
[2022-07-14 23:46:37,038] {processor.py:163} INFO - Started process (PID=191) to work on /home/airflow/.local/lib/python3.7/site-packages/airflow/example_dags/example_branch_day_of_week_operator.py
[2022-07-14 23:46:37,054] {processor.py:620} INFO - Processing file /home/airflow/.local/lib/python3.7/site-packages/airflow/example_dags/example_branch_day_of_week_operator.py for tasks to queue
[2022-07-14 23:46:37,061] {logging_mixin.py:109} INFO - [2022-07-14 23:46:37,060] {dagbag.py:500} INFO - Filling up the DagBag from /home/airflow/.local/lib/python3.7/site-packages/airflow/example_dags/example_branch_day_of_week_operator.py
[2022-07-14 23:46:37,305] {processor.py:632} INFO - DAG(s) dict_keys(['example_weekday_branch_operator']) retrieved from /home/airflow/.local/lib/python3.7/site-packages/airflow/example_dags/example_branch_day_of_week_operator.py
[2022-07-14 23:46:37,438] {logging_mixin.py:109} INFO - [2022-07-14 23:46:37,438] {dag.py:2389} INFO - Sync 1 DAGs
[2022-07-14 23:46:37,766] {logging_mixin.py:109} INFO - [2022-07-14 23:46:37,765] {dag.py:2921} INFO - Setting next_dagrun for example_weekday_branch_operator to 2022-07-13 00:00:00+00:00
[2022-07-14 23:46:37,880] {processor.py:171} INFO - Processing /home/airflow/.local/lib/python3.7/site-packages/airflow/example_dags/example_branch_day_of_week_operator.py took 0.864 seconds
[2022-07-14 23:47:08,315] {processor.py:163} INFO - Started process (PID=281) to work on /home/airflow/.local/lib/python3.7/site-packages/airflow/example_dags/example_branch_day_of_week_operator.py
[2022-07-14 23:47:08,352] {processor.py:620} INFO - Processing file /home/airflow/.local/lib/python3.7/site-packages/airflow/example_dags/example_branch_day_of_week_operator.py for tasks to queue
[2022-07-14 23:47:08,362] {logging_mixin.py:109} INFO - [2022-07-14 23:47:08,362] {dagbag.py:500} INFO - Filling up the DagBag from /home/airflow/.local/lib/python3.7/site-packages/airflow/example_dags/example_branch_day_of_week_operator.py
[2022-07-14 23:47:08,833] {processor.py:632} INFO - DAG(s) dict_keys(['example_weekday_branch_operator']) retrieved from /home/airflow/.local/lib/python3.7/site-packages/airflow/example_dags/example_branch_day_of_week_operator.py
[2022-07-14 23:47:09,010] {logging_mixin.py:109} INFO - [2022-07-14 23:47:09,010] {dag.py:2389} INFO - Sync 1 DAGs
[2022-07-14 23:47:09,383] {logging_mixin.py:109} INFO - [2022-07-14 23:47:09,382] {dag.py:2921} INFO - Setting next_dagrun for example_weekday_branch_operator to 2022-07-13 00:00:00+00:00
[2022-07-14 23:47:09,532] {processor.py:171} INFO - Processing /home/airflow/.local/lib/python3.7/site-packages/airflow/example_dags/example_branch_day_of_week_operator.py took 1.240 seconds
[2022-07-14 23:47:39,725] {processor.py:163} INFO - Started process (PID=369) to work on /home/airflow/.local/lib/python3.7/site-packages/airflow/example_dags/example_branch_day_of_week_operator.py
[2022-07-14 23:47:39,731] {processor.py:620} INFO - Processing file /home/airflow/.local/lib/python3.7/site-packages/airflow/example_dags/example_branch_day_of_week_operator.py for tasks to queue
[2022-07-14 23:47:39,737] {logging_mixin.py:109} INFO - [2022-07-14 23:47:39,736] {dagbag.py:500} INFO - Filling up the DagBag from /home/airflow/.local/lib/python3.7/site-packages/airflow/example_dags/example_branch_day_of_week_operator.py
[2022-07-14 23:47:39,819] {processor.py:632} INFO - DAG(s) dict_keys(['example_weekday_branch_operator']) retrieved from /home/airflow/.local/lib/python3.7/site-packages/airflow/example_dags/example_branch_day_of_week_operator.py
[2022-07-14 23:47:39,885] {logging_mixin.py:109} INFO - [2022-07-14 23:47:39,884] {dag.py:2389} INFO - Sync 1 DAGs
[2022-07-14 23:47:39,977] {logging_mixin.py:109} INFO - [2022-07-14 23:47:39,977] {dag.py:2921} INFO - Setting next_dagrun for example_weekday_branch_operator to 2022-07-13 00:00:00+00:00
[2022-07-14 23:47:40,026] {processor.py:171} INFO - Processing /home/airflow/.local/lib/python3.7/site-packages/airflow/example_dags/example_branch_day_of_week_operator.py took 0.309 seconds
[2022-07-14 23:48:10,097] {processor.py:163} INFO - Started process (PID=466) to work on /home/airflow/.local/lib/python3.7/site-packages/airflow/example_dags/example_branch_day_of_week_operator.py
[2022-07-14 23:48:10,101] {processor.py:620} INFO - Processing file /home/airflow/.local/lib/python3.7/site-packages/airflow/example_dags/example_branch_day_of_week_operator.py for tasks to queue
[2022-07-14 23:48:10,104] {logging_mixin.py:109} INFO - [2022-07-14 23:48:10,103] {dagbag.py:500} INFO - Filling up the DagBag from /home/airflow/.local/lib/python3.7/site-packages/airflow/example_dags/example_branch_day_of_week_operator.py
[2022-07-14 23:48:10,177] {processor.py:632} INFO - DAG(s) dict_keys(['example_weekday_branch_operator']) retrieved from /home/airflow/.local/lib/python3.7/site-packages/airflow/example_dags/example_branch_day_of_week_operator.py
[2022-07-14 23:48:10,214] {logging_mixin.py:109} INFO - [2022-07-14 23:48:10,213] {dag.py:2389} INFO - Sync 1 DAGs
[2022-07-14 23:48:10,280] {logging_mixin.py:109} INFO - [2022-07-14 23:48:10,279] {dag.py:2921} INFO - Setting next_dagrun for example_weekday_branch_operator to 2022-07-13 00:00:00+00:00
[2022-07-14 23:48:10,309] {processor.py:171} INFO - Processing /home/airflow/.local/lib/python3.7/site-packages/airflow/example_dags/example_branch_day_of_week_operator.py took 0.219 seconds
[2022-07-14 23:48:40,477] {processor.py:163} INFO - Started process (PID=548) to work on /home/airflow/.local/lib/python3.7/site-packages/airflow/example_dags/example_branch_day_of_week_operator.py
[2022-07-14 23:48:40,481] {processor.py:620} INFO - Processing file /home/airflow/.local/lib/python3.7/site-packages/airflow/example_dags/example_branch_day_of_week_operator.py for tasks to queue
[2022-07-14 23:48:40,484] {logging_mixin.py:109} INFO - [2022-07-14 23:48:40,484] {dagbag.py:500} INFO - Filling up the DagBag from /home/airflow/.local/lib/python3.7/site-packages/airflow/example_dags/example_branch_day_of_week_operator.py
[2022-07-14 23:48:40,548] {processor.py:632} INFO - DAG(s) dict_keys(['example_weekday_branch_operator']) retrieved from /home/airflow/.local/lib/python3.7/site-packages/airflow/example_dags/example_branch_day_of_week_operator.py
[2022-07-14 23:48:40,582] {logging_mixin.py:109} INFO - [2022-07-14 23:48:40,581] {dag.py:2389} INFO - Sync 1 DAGs
[2022-07-14 23:48:40,648] {logging_mixin.py:109} INFO - [2022-07-14 23:48:40,647] {dag.py:2921} INFO - Setting next_dagrun for example_weekday_branch_operator to 2022-07-13 00:00:00+00:00
[2022-07-14 23:48:40,673] {processor.py:171} INFO - Processing /home/airflow/.local/lib/python3.7/site-packages/airflow/example_dags/example_branch_day_of_week_operator.py took 0.203 seconds
[2022-07-14 23:49:10,929] {processor.py:163} INFO - Started process (PID=646) to work on /home/airflow/.local/lib/python3.7/site-packages/airflow/example_dags/example_branch_day_of_week_operator.py
[2022-07-14 23:49:10,933] {processor.py:620} INFO - Processing file /home/airflow/.local/lib/python3.7/site-packages/airflow/example_dags/example_branch_day_of_week_operator.py for tasks to queue
[2022-07-14 23:49:10,937] {logging_mixin.py:109} INFO - [2022-07-14 23:49:10,937] {dagbag.py:500} INFO - Filling up the DagBag from /home/airflow/.local/lib/python3.7/site-packages/airflow/example_dags/example_branch_day_of_week_operator.py
[2022-07-14 23:49:11,010] {processor.py:632} INFO - DAG(s) dict_keys(['example_weekday_branch_operator']) retrieved from /home/airflow/.local/lib/python3.7/site-packages/airflow/example_dags/example_branch_day_of_week_operator.py
[2022-07-14 23:49:11,048] {logging_mixin.py:109} INFO - [2022-07-14 23:49:11,048] {dag.py:2389} INFO - Sync 1 DAGs
[2022-07-14 23:49:11,119] {logging_mixin.py:109} INFO - [2022-07-14 23:49:11,118] {dag.py:2921} INFO - Setting next_dagrun for example_weekday_branch_operator to 2022-07-13 00:00:00+00:00
[2022-07-14 23:49:11,148] {processor.py:171} INFO - Processing /home/airflow/.local/lib/python3.7/site-packages/airflow/example_dags/example_branch_day_of_week_operator.py took 0.226 seconds
[2022-07-14 23:49:41,497] {processor.py:163} INFO - Started process (PID=728) to work on /home/airflow/.local/lib/python3.7/site-packages/airflow/example_dags/example_branch_day_of_week_operator.py
[2022-07-14 23:49:41,502] {processor.py:620} INFO - Processing file /home/airflow/.local/lib/python3.7/site-packages/airflow/example_dags/example_branch_day_of_week_operator.py for tasks to queue
[2022-07-14 23:49:41,505] {logging_mixin.py:109} INFO - [2022-07-14 23:49:41,504] {dagbag.py:500} INFO - Filling up the DagBag from /home/airflow/.local/lib/python3.7/site-packages/airflow/example_dags/example_branch_day_of_week_operator.py
[2022-07-14 23:49:41,577] {processor.py:632} INFO - DAG(s) dict_keys(['example_weekday_branch_operator']) retrieved from /home/airflow/.local/lib/python3.7/site-packages/airflow/example_dags/example_branch_day_of_week_operator.py
[2022-07-14 23:49:41,612] {logging_mixin.py:109} INFO - [2022-07-14 23:49:41,612] {dag.py:2389} INFO - Sync 1 DAGs
[2022-07-14 23:49:41,678] {logging_mixin.py:109} INFO - [2022-07-14 23:49:41,677] {dag.py:2921} INFO - Setting next_dagrun for example_weekday_branch_operator to 2022-07-13 00:00:00+00:00
[2022-07-14 23:49:41,706] {processor.py:171} INFO - Processing /home/airflow/.local/lib/python3.7/site-packages/airflow/example_dags/example_branch_day_of_week_operator.py took 0.216 seconds
[2022-07-14 23:50:11,792] {processor.py:163} INFO - Started process (PID=826) to work on /home/airflow/.local/lib/python3.7/site-packages/airflow/example_dags/example_branch_day_of_week_operator.py
[2022-07-14 23:50:11,797] {processor.py:620} INFO - Processing file /home/airflow/.local/lib/python3.7/site-packages/airflow/example_dags/example_branch_day_of_week_operator.py for tasks to queue
[2022-07-14 23:50:11,801] {logging_mixin.py:109} INFO - [2022-07-14 23:50:11,800] {dagbag.py:500} INFO - Filling up the DagBag from /home/airflow/.local/lib/python3.7/site-packages/airflow/example_dags/example_branch_day_of_week_operator.py
[2022-07-14 23:50:11,881] {processor.py:632} INFO - DAG(s) dict_keys(['example_weekday_branch_operator']) retrieved from /home/airflow/.local/lib/python3.7/site-packages/airflow/example_dags/example_branch_day_of_week_operator.py
[2022-07-14 23:50:11,922] {logging_mixin.py:109} INFO - [2022-07-14 23:50:11,921] {dag.py:2389} INFO - Sync 1 DAGs
[2022-07-14 23:50:11,997] {logging_mixin.py:109} INFO - [2022-07-14 23:50:11,996] {dag.py:2921} INFO - Setting next_dagrun for example_weekday_branch_operator to 2022-07-13 00:00:00+00:00
[2022-07-14 23:50:12,029] {processor.py:171} INFO - Processing /home/airflow/.local/lib/python3.7/site-packages/airflow/example_dags/example_branch_day_of_week_operator.py took 0.244 seconds
[2022-07-14 23:50:42,194] {processor.py:163} INFO - Started process (PID=908) to work on /home/airflow/.local/lib/python3.7/site-packages/airflow/example_dags/example_branch_day_of_week_operator.py
[2022-07-14 23:50:42,198] {processor.py:620} INFO - Processing file /home/airflow/.local/lib/python3.7/site-packages/airflow/example_dags/example_branch_day_of_week_operator.py for tasks to queue
[2022-07-14 23:50:42,202] {logging_mixin.py:109} INFO - [2022-07-14 23:50:42,201] {dagbag.py:500} INFO - Filling up the DagBag from /home/airflow/.local/lib/python3.7/site-packages/airflow/example_dags/example_branch_day_of_week_operator.py
[2022-07-14 23:50:42,282] {processor.py:632} INFO - DAG(s) dict_keys(['example_weekday_branch_operator']) retrieved from /home/airflow/.local/lib/python3.7/site-packages/airflow/example_dags/example_branch_day_of_week_operator.py
[2022-07-14 23:50:42,320] {logging_mixin.py:109} INFO - [2022-07-14 23:50:42,320] {dag.py:2389} INFO - Sync 1 DAGs
[2022-07-14 23:50:42,389] {logging_mixin.py:109} INFO - [2022-07-14 23:50:42,388] {dag.py:2921} INFO - Setting next_dagrun for example_weekday_branch_operator to 2022-07-13 00:00:00+00:00
[2022-07-14 23:50:42,418] {processor.py:171} INFO - Processing /home/airflow/.local/lib/python3.7/site-packages/airflow/example_dags/example_branch_day_of_week_operator.py took 0.231 seconds
[2022-07-14 23:51:12,460] {processor.py:163} INFO - Started process (PID=1005) to work on /home/airflow/.local/lib/python3.7/site-packages/airflow/example_dags/example_branch_day_of_week_operator.py
[2022-07-14 23:51:12,466] {processor.py:620} INFO - Processing file /home/airflow/.local/lib/python3.7/site-packages/airflow/example_dags/example_branch_day_of_week_operator.py for tasks to queue
[2022-07-14 23:51:12,470] {logging_mixin.py:109} INFO - [2022-07-14 23:51:12,469] {dagbag.py:500} INFO - Filling up the DagBag from /home/airflow/.local/lib/python3.7/site-packages/airflow/example_dags/example_branch_day_of_week_operator.py
[2022-07-14 23:51:12,550] {processor.py:632} INFO - DAG(s) dict_keys(['example_weekday_branch_operator']) retrieved from /home/airflow/.local/lib/python3.7/site-packages/airflow/example_dags/example_branch_day_of_week_operator.py
[2022-07-14 23:51:12,591] {logging_mixin.py:109} INFO - [2022-07-14 23:51:12,590] {dag.py:2389} INFO - Sync 1 DAGs
[2022-07-14 23:51:12,668] {logging_mixin.py:109} INFO - [2022-07-14 23:51:12,668] {dag.py:2921} INFO - Setting next_dagrun for example_weekday_branch_operator to 2022-07-13 00:00:00+00:00
[2022-07-14 23:51:12,698] {processor.py:171} INFO - Processing /home/airflow/.local/lib/python3.7/site-packages/airflow/example_dags/example_branch_day_of_week_operator.py took 0.246 seconds
[2022-07-14 23:51:43,336] {processor.py:163} INFO - Started process (PID=1087) to work on /home/airflow/.local/lib/python3.7/site-packages/airflow/example_dags/example_branch_day_of_week_operator.py
[2022-07-14 23:51:43,342] {processor.py:620} INFO - Processing file /home/airflow/.local/lib/python3.7/site-packages/airflow/example_dags/example_branch_day_of_week_operator.py for tasks to queue
[2022-07-14 23:51:43,345] {logging_mixin.py:109} INFO - [2022-07-14 23:51:43,345] {dagbag.py:500} INFO - Filling up the DagBag from /home/airflow/.local/lib/python3.7/site-packages/airflow/example_dags/example_branch_day_of_week_operator.py
[2022-07-14 23:51:43,428] {processor.py:632} INFO - DAG(s) dict_keys(['example_weekday_branch_operator']) retrieved from /home/airflow/.local/lib/python3.7/site-packages/airflow/example_dags/example_branch_day_of_week_operator.py
[2022-07-14 23:51:43,472] {logging_mixin.py:109} INFO - [2022-07-14 23:51:43,472] {dag.py:2389} INFO - Sync 1 DAGs
[2022-07-14 23:51:43,542] {logging_mixin.py:109} INFO - [2022-07-14 23:51:43,542] {dag.py:2921} INFO - Setting next_dagrun for example_weekday_branch_operator to 2022-07-13 00:00:00+00:00
[2022-07-14 23:51:43,573] {processor.py:171} INFO - Processing /home/airflow/.local/lib/python3.7/site-packages/airflow/example_dags/example_branch_day_of_week_operator.py took 0.244 seconds
[2022-07-14 23:52:14,161] {processor.py:163} INFO - Started process (PID=1185) to work on /home/airflow/.local/lib/python3.7/site-packages/airflow/example_dags/example_branch_day_of_week_operator.py
[2022-07-14 23:52:14,166] {processor.py:620} INFO - Processing file /home/airflow/.local/lib/python3.7/site-packages/airflow/example_dags/example_branch_day_of_week_operator.py for tasks to queue
[2022-07-14 23:52:14,170] {logging_mixin.py:109} INFO - [2022-07-14 23:52:14,169] {dagbag.py:500} INFO - Filling up the DagBag from /home/airflow/.local/lib/python3.7/site-packages/airflow/example_dags/example_branch_day_of_week_operator.py
[2022-07-14 23:52:14,257] {processor.py:632} INFO - DAG(s) dict_keys(['example_weekday_branch_operator']) retrieved from /home/airflow/.local/lib/python3.7/site-packages/airflow/example_dags/example_branch_day_of_week_operator.py
[2022-07-14 23:52:14,300] {logging_mixin.py:109} INFO - [2022-07-14 23:52:14,300] {dag.py:2389} INFO - Sync 1 DAGs
[2022-07-14 23:52:14,394] {logging_mixin.py:109} INFO - [2022-07-14 23:52:14,390] {dag.py:2921} INFO - Setting next_dagrun for example_weekday_branch_operator to 2022-07-13 00:00:00+00:00
[2022-07-14 23:52:14,427] {processor.py:171} INFO - Processing /home/airflow/.local/lib/python3.7/site-packages/airflow/example_dags/example_branch_day_of_week_operator.py took 0.274 seconds
[2022-07-14 23:52:44,596] {processor.py:163} INFO - Started process (PID=1276) to work on /home/airflow/.local/lib/python3.7/site-packages/airflow/example_dags/example_branch_day_of_week_operator.py
[2022-07-14 23:52:44,609] {processor.py:620} INFO - Processing file /home/airflow/.local/lib/python3.7/site-packages/airflow/example_dags/example_branch_day_of_week_operator.py for tasks to queue
[2022-07-14 23:52:44,613] {logging_mixin.py:109} INFO - [2022-07-14 23:52:44,613] {dagbag.py:500} INFO - Filling up the DagBag from /home/airflow/.local/lib/python3.7/site-packages/airflow/example_dags/example_branch_day_of_week_operator.py
[2022-07-14 23:52:44,773] {processor.py:632} INFO - DAG(s) dict_keys(['example_weekday_branch_operator']) retrieved from /home/airflow/.local/lib/python3.7/site-packages/airflow/example_dags/example_branch_day_of_week_operator.py
[2022-07-14 23:52:44,839] {logging_mixin.py:109} INFO - [2022-07-14 23:52:44,838] {dag.py:2389} INFO - Sync 1 DAGs
[2022-07-14 23:52:44,949] {logging_mixin.py:109} INFO - [2022-07-14 23:52:44,948] {dag.py:2921} INFO - Setting next_dagrun for example_weekday_branch_operator to 2022-07-13 00:00:00+00:00
[2022-07-14 23:52:44,981] {processor.py:171} INFO - Processing /home/airflow/.local/lib/python3.7/site-packages/airflow/example_dags/example_branch_day_of_week_operator.py took 0.393 seconds
[2022-07-14 23:53:15,250] {processor.py:163} INFO - Started process (PID=1364) to work on /home/airflow/.local/lib/python3.7/site-packages/airflow/example_dags/example_branch_day_of_week_operator.py
[2022-07-14 23:53:15,256] {processor.py:620} INFO - Processing file /home/airflow/.local/lib/python3.7/site-packages/airflow/example_dags/example_branch_day_of_week_operator.py for tasks to queue
[2022-07-14 23:53:15,260] {logging_mixin.py:109} INFO - [2022-07-14 23:53:15,259] {dagbag.py:500} INFO - Filling up the DagBag from /home/airflow/.local/lib/python3.7/site-packages/airflow/example_dags/example_branch_day_of_week_operator.py
[2022-07-14 23:53:15,359] {processor.py:632} INFO - DAG(s) dict_keys(['example_weekday_branch_operator']) retrieved from /home/airflow/.local/lib/python3.7/site-packages/airflow/example_dags/example_branch_day_of_week_operator.py
[2022-07-14 23:53:15,412] {logging_mixin.py:109} INFO - [2022-07-14 23:53:15,411] {dag.py:2389} INFO - Sync 1 DAGs
[2022-07-14 23:53:15,489] {logging_mixin.py:109} INFO - [2022-07-14 23:53:15,488] {dag.py:2921} INFO - Setting next_dagrun for example_weekday_branch_operator to 2022-07-13 00:00:00+00:00
[2022-07-14 23:53:15,523] {processor.py:171} INFO - Processing /home/airflow/.local/lib/python3.7/site-packages/airflow/example_dags/example_branch_day_of_week_operator.py took 0.283 seconds
[2022-07-14 23:53:45,590] {processor.py:163} INFO - Started process (PID=1454) to work on /home/airflow/.local/lib/python3.7/site-packages/airflow/example_dags/example_branch_day_of_week_operator.py
[2022-07-14 23:53:45,594] {processor.py:620} INFO - Processing file /home/airflow/.local/lib/python3.7/site-packages/airflow/example_dags/example_branch_day_of_week_operator.py for tasks to queue
[2022-07-14 23:53:45,598] {logging_mixin.py:109} INFO - [2022-07-14 23:53:45,597] {dagbag.py:500} INFO - Filling up the DagBag from /home/airflow/.local/lib/python3.7/site-packages/airflow/example_dags/example_branch_day_of_week_operator.py
[2022-07-14 23:53:45,672] {processor.py:632} INFO - DAG(s) dict_keys(['example_weekday_branch_operator']) retrieved from /home/airflow/.local/lib/python3.7/site-packages/airflow/example_dags/example_branch_day_of_week_operator.py
[2022-07-14 23:53:45,721] {logging_mixin.py:109} INFO - [2022-07-14 23:53:45,720] {dag.py:2389} INFO - Sync 1 DAGs
[2022-07-14 23:53:45,829] {logging_mixin.py:109} INFO - [2022-07-14 23:53:45,828] {dag.py:2921} INFO - Setting next_dagrun for example_weekday_branch_operator to 2022-07-13 00:00:00+00:00
[2022-07-14 23:53:45,856] {processor.py:171} INFO - Processing /home/airflow/.local/lib/python3.7/site-packages/airflow/example_dags/example_branch_day_of_week_operator.py took 0.273 seconds
[2022-07-14 23:54:16,279] {processor.py:163} INFO - Started process (PID=1540) to work on /home/airflow/.local/lib/python3.7/site-packages/airflow/example_dags/example_branch_day_of_week_operator.py
[2022-07-14 23:54:16,283] {processor.py:620} INFO - Processing file /home/airflow/.local/lib/python3.7/site-packages/airflow/example_dags/example_branch_day_of_week_operator.py for tasks to queue
[2022-07-14 23:54:16,287] {logging_mixin.py:109} INFO - [2022-07-14 23:54:16,287] {dagbag.py:500} INFO - Filling up the DagBag from /home/airflow/.local/lib/python3.7/site-packages/airflow/example_dags/example_branch_day_of_week_operator.py
[2022-07-14 23:54:16,359] {processor.py:632} INFO - DAG(s) dict_keys(['example_weekday_branch_operator']) retrieved from /home/airflow/.local/lib/python3.7/site-packages/airflow/example_dags/example_branch_day_of_week_operator.py
[2022-07-14 23:54:16,397] {logging_mixin.py:109} INFO - [2022-07-14 23:54:16,397] {dag.py:2389} INFO - Sync 1 DAGs
[2022-07-14 23:54:16,470] {logging_mixin.py:109} INFO - [2022-07-14 23:54:16,469] {dag.py:2921} INFO - Setting next_dagrun for example_weekday_branch_operator to 2022-07-13 00:00:00+00:00
[2022-07-14 23:54:16,522] {processor.py:171} INFO - Processing /home/airflow/.local/lib/python3.7/site-packages/airflow/example_dags/example_branch_day_of_week_operator.py took 0.251 seconds
[2022-07-14 23:54:46,869] {processor.py:163} INFO - Started process (PID=1638) to work on /home/airflow/.local/lib/python3.7/site-packages/airflow/example_dags/example_branch_day_of_week_operator.py
[2022-07-14 23:54:46,874] {processor.py:620} INFO - Processing file /home/airflow/.local/lib/python3.7/site-packages/airflow/example_dags/example_branch_day_of_week_operator.py for tasks to queue
[2022-07-14 23:54:46,877] {logging_mixin.py:109} INFO - [2022-07-14 23:54:46,876] {dagbag.py:500} INFO - Filling up the DagBag from /home/airflow/.local/lib/python3.7/site-packages/airflow/example_dags/example_branch_day_of_week_operator.py
[2022-07-14 23:54:46,949] {processor.py:632} INFO - DAG(s) dict_keys(['example_weekday_branch_operator']) retrieved from /home/airflow/.local/lib/python3.7/site-packages/airflow/example_dags/example_branch_day_of_week_operator.py
[2022-07-14 23:54:46,993] {logging_mixin.py:109} INFO - [2022-07-14 23:54:46,993] {dag.py:2389} INFO - Sync 1 DAGs
[2022-07-14 23:54:47,077] {logging_mixin.py:109} INFO - [2022-07-14 23:54:47,077] {dag.py:2921} INFO - Setting next_dagrun for example_weekday_branch_operator to 2022-07-13 00:00:00+00:00
[2022-07-14 23:54:47,112] {processor.py:171} INFO - Processing /home/airflow/.local/lib/python3.7/site-packages/airflow/example_dags/example_branch_day_of_week_operator.py took 0.251 seconds
[2022-07-14 23:55:17,312] {processor.py:163} INFO - Started process (PID=1720) to work on /home/airflow/.local/lib/python3.7/site-packages/airflow/example_dags/example_branch_day_of_week_operator.py
[2022-07-14 23:55:17,319] {processor.py:620} INFO - Processing file /home/airflow/.local/lib/python3.7/site-packages/airflow/example_dags/example_branch_day_of_week_operator.py for tasks to queue
[2022-07-14 23:55:17,322] {logging_mixin.py:109} INFO - [2022-07-14 23:55:17,322] {dagbag.py:500} INFO - Filling up the DagBag from /home/airflow/.local/lib/python3.7/site-packages/airflow/example_dags/example_branch_day_of_week_operator.py
[2022-07-14 23:55:17,407] {processor.py:632} INFO - DAG(s) dict_keys(['example_weekday_branch_operator']) retrieved from /home/airflow/.local/lib/python3.7/site-packages/airflow/example_dags/example_branch_day_of_week_operator.py
[2022-07-14 23:55:17,449] {logging_mixin.py:109} INFO - [2022-07-14 23:55:17,448] {dag.py:2389} INFO - Sync 1 DAGs
[2022-07-14 23:55:17,526] {logging_mixin.py:109} INFO - [2022-07-14 23:55:17,525] {dag.py:2921} INFO - Setting next_dagrun for example_weekday_branch_operator to 2022-07-13 00:00:00+00:00
[2022-07-14 23:55:17,557] {processor.py:171} INFO - Processing /home/airflow/.local/lib/python3.7/site-packages/airflow/example_dags/example_branch_day_of_week_operator.py took 0.252 seconds
[2022-07-14 23:55:47,713] {processor.py:163} INFO - Started process (PID=1816) to work on /home/airflow/.local/lib/python3.7/site-packages/airflow/example_dags/example_branch_day_of_week_operator.py
[2022-07-14 23:55:47,725] {processor.py:620} INFO - Processing file /home/airflow/.local/lib/python3.7/site-packages/airflow/example_dags/example_branch_day_of_week_operator.py for tasks to queue
[2022-07-14 23:55:47,739] {logging_mixin.py:109} INFO - [2022-07-14 23:55:47,734] {dagbag.py:500} INFO - Filling up the DagBag from /home/airflow/.local/lib/python3.7/site-packages/airflow/example_dags/example_branch_day_of_week_operator.py
[2022-07-14 23:55:47,970] {processor.py:632} INFO - DAG(s) dict_keys(['example_weekday_branch_operator']) retrieved from /home/airflow/.local/lib/python3.7/site-packages/airflow/example_dags/example_branch_day_of_week_operator.py
[2022-07-14 23:55:48,040] {logging_mixin.py:109} INFO - [2022-07-14 23:55:48,039] {dag.py:2389} INFO - Sync 1 DAGs
[2022-07-14 23:55:48,159] {logging_mixin.py:109} INFO - [2022-07-14 23:55:48,158] {dag.py:2921} INFO - Setting next_dagrun for example_weekday_branch_operator to 2022-07-13 00:00:00+00:00
[2022-07-14 23:55:48,201] {processor.py:171} INFO - Processing /home/airflow/.local/lib/python3.7/site-packages/airflow/example_dags/example_branch_day_of_week_operator.py took 0.510 seconds
[2022-07-14 23:56:18,823] {processor.py:163} INFO - Started process (PID=1898) to work on /home/airflow/.local/lib/python3.7/site-packages/airflow/example_dags/example_branch_day_of_week_operator.py
[2022-07-14 23:56:18,827] {processor.py:620} INFO - Processing file /home/airflow/.local/lib/python3.7/site-packages/airflow/example_dags/example_branch_day_of_week_operator.py for tasks to queue
[2022-07-14 23:56:18,830] {logging_mixin.py:109} INFO - [2022-07-14 23:56:18,830] {dagbag.py:500} INFO - Filling up the DagBag from /home/airflow/.local/lib/python3.7/site-packages/airflow/example_dags/example_branch_day_of_week_operator.py
[2022-07-14 23:56:18,896] {processor.py:632} INFO - DAG(s) dict_keys(['example_weekday_branch_operator']) retrieved from /home/airflow/.local/lib/python3.7/site-packages/airflow/example_dags/example_branch_day_of_week_operator.py
[2022-07-14 23:56:18,933] {logging_mixin.py:109} INFO - [2022-07-14 23:56:18,933] {dag.py:2389} INFO - Sync 1 DAGs
[2022-07-14 23:56:18,994] {logging_mixin.py:109} INFO - [2022-07-14 23:56:18,994] {dag.py:2921} INFO - Setting next_dagrun for example_weekday_branch_operator to 2022-07-13 00:00:00+00:00
[2022-07-14 23:56:19,020] {processor.py:171} INFO - Processing /home/airflow/.local/lib/python3.7/site-packages/airflow/example_dags/example_branch_day_of_week_operator.py took 0.205 seconds
[2022-07-14 23:56:49,667] {processor.py:163} INFO - Started process (PID=1995) to work on /home/airflow/.local/lib/python3.7/site-packages/airflow/example_dags/example_branch_day_of_week_operator.py
[2022-07-14 23:56:49,672] {processor.py:620} INFO - Processing file /home/airflow/.local/lib/python3.7/site-packages/airflow/example_dags/example_branch_day_of_week_operator.py for tasks to queue
[2022-07-14 23:56:49,676] {logging_mixin.py:109} INFO - [2022-07-14 23:56:49,675] {dagbag.py:500} INFO - Filling up the DagBag from /home/airflow/.local/lib/python3.7/site-packages/airflow/example_dags/example_branch_day_of_week_operator.py
[2022-07-14 23:56:49,759] {processor.py:632} INFO - DAG(s) dict_keys(['example_weekday_branch_operator']) retrieved from /home/airflow/.local/lib/python3.7/site-packages/airflow/example_dags/example_branch_day_of_week_operator.py
[2022-07-14 23:56:49,800] {logging_mixin.py:109} INFO - [2022-07-14 23:56:49,799] {dag.py:2389} INFO - Sync 1 DAGs
[2022-07-14 23:56:49,873] {logging_mixin.py:109} INFO - [2022-07-14 23:56:49,872] {dag.py:2921} INFO - Setting next_dagrun for example_weekday_branch_operator to 2022-07-13 00:00:00+00:00
[2022-07-14 23:56:49,903] {processor.py:171} INFO - Processing /home/airflow/.local/lib/python3.7/site-packages/airflow/example_dags/example_branch_day_of_week_operator.py took 0.243 seconds
[2022-07-14 23:57:20,079] {processor.py:163} INFO - Started process (PID=2077) to work on /home/airflow/.local/lib/python3.7/site-packages/airflow/example_dags/example_branch_day_of_week_operator.py
[2022-07-14 23:57:20,083] {processor.py:620} INFO - Processing file /home/airflow/.local/lib/python3.7/site-packages/airflow/example_dags/example_branch_day_of_week_operator.py for tasks to queue
[2022-07-14 23:57:20,086] {logging_mixin.py:109} INFO - [2022-07-14 23:57:20,085] {dagbag.py:500} INFO - Filling up the DagBag from /home/airflow/.local/lib/python3.7/site-packages/airflow/example_dags/example_branch_day_of_week_operator.py
[2022-07-14 23:57:20,160] {processor.py:632} INFO - DAG(s) dict_keys(['example_weekday_branch_operator']) retrieved from /home/airflow/.local/lib/python3.7/site-packages/airflow/example_dags/example_branch_day_of_week_operator.py
[2022-07-14 23:57:20,198] {logging_mixin.py:109} INFO - [2022-07-14 23:57:20,197] {dag.py:2389} INFO - Sync 1 DAGs
[2022-07-14 23:57:20,263] {logging_mixin.py:109} INFO - [2022-07-14 23:57:20,263] {dag.py:2921} INFO - Setting next_dagrun for example_weekday_branch_operator to 2022-07-13 00:00:00+00:00
[2022-07-14 23:57:20,290] {processor.py:171} INFO - Processing /home/airflow/.local/lib/python3.7/site-packages/airflow/example_dags/example_branch_day_of_week_operator.py took 0.219 seconds
[2022-07-14 23:57:51,008] {processor.py:163} INFO - Started process (PID=2173) to work on /home/airflow/.local/lib/python3.7/site-packages/airflow/example_dags/example_branch_day_of_week_operator.py
[2022-07-14 23:57:51,014] {processor.py:620} INFO - Processing file /home/airflow/.local/lib/python3.7/site-packages/airflow/example_dags/example_branch_day_of_week_operator.py for tasks to queue
[2022-07-14 23:57:51,017] {logging_mixin.py:109} INFO - [2022-07-14 23:57:51,017] {dagbag.py:500} INFO - Filling up the DagBag from /home/airflow/.local/lib/python3.7/site-packages/airflow/example_dags/example_branch_day_of_week_operator.py
[2022-07-14 23:57:51,087] {processor.py:632} INFO - DAG(s) dict_keys(['example_weekday_branch_operator']) retrieved from /home/airflow/.local/lib/python3.7/site-packages/airflow/example_dags/example_branch_day_of_week_operator.py
[2022-07-14 23:57:51,132] {logging_mixin.py:109} INFO - [2022-07-14 23:57:51,131] {dag.py:2389} INFO - Sync 1 DAGs
[2022-07-14 23:57:51,199] {logging_mixin.py:109} INFO - [2022-07-14 23:57:51,199] {dag.py:2921} INFO - Setting next_dagrun for example_weekday_branch_operator to 2022-07-13 00:00:00+00:00
[2022-07-14 23:57:51,229] {processor.py:171} INFO - Processing /home/airflow/.local/lib/python3.7/site-packages/airflow/example_dags/example_branch_day_of_week_operator.py took 0.229 seconds
[2022-07-14 23:58:21,374] {processor.py:163} INFO - Started process (PID=2255) to work on /home/airflow/.local/lib/python3.7/site-packages/airflow/example_dags/example_branch_day_of_week_operator.py
[2022-07-14 23:58:21,378] {processor.py:620} INFO - Processing file /home/airflow/.local/lib/python3.7/site-packages/airflow/example_dags/example_branch_day_of_week_operator.py for tasks to queue
[2022-07-14 23:58:21,381] {logging_mixin.py:109} INFO - [2022-07-14 23:58:21,380] {dagbag.py:500} INFO - Filling up the DagBag from /home/airflow/.local/lib/python3.7/site-packages/airflow/example_dags/example_branch_day_of_week_operator.py
[2022-07-14 23:58:21,445] {processor.py:632} INFO - DAG(s) dict_keys(['example_weekday_branch_operator']) retrieved from /home/airflow/.local/lib/python3.7/site-packages/airflow/example_dags/example_branch_day_of_week_operator.py
[2022-07-14 23:58:21,478] {logging_mixin.py:109} INFO - [2022-07-14 23:58:21,478] {dag.py:2389} INFO - Sync 1 DAGs
[2022-07-14 23:58:21,543] {logging_mixin.py:109} INFO - [2022-07-14 23:58:21,542] {dag.py:2921} INFO - Setting next_dagrun for example_weekday_branch_operator to 2022-07-13 00:00:00+00:00
[2022-07-14 23:58:21,569] {processor.py:171} INFO - Processing /home/airflow/.local/lib/python3.7/site-packages/airflow/example_dags/example_branch_day_of_week_operator.py took 0.203 seconds
[2022-07-14 23:58:51,880] {processor.py:163} INFO - Started process (PID=2353) to work on /home/airflow/.local/lib/python3.7/site-packages/airflow/example_dags/example_branch_day_of_week_operator.py
[2022-07-14 23:58:51,884] {processor.py:620} INFO - Processing file /home/airflow/.local/lib/python3.7/site-packages/airflow/example_dags/example_branch_day_of_week_operator.py for tasks to queue
[2022-07-14 23:58:51,887] {logging_mixin.py:109} INFO - [2022-07-14 23:58:51,887] {dagbag.py:500} INFO - Filling up the DagBag from /home/airflow/.local/lib/python3.7/site-packages/airflow/example_dags/example_branch_day_of_week_operator.py
[2022-07-14 23:58:51,960] {processor.py:632} INFO - DAG(s) dict_keys(['example_weekday_branch_operator']) retrieved from /home/airflow/.local/lib/python3.7/site-packages/airflow/example_dags/example_branch_day_of_week_operator.py
[2022-07-14 23:58:51,995] {logging_mixin.py:109} INFO - [2022-07-14 23:58:51,994] {dag.py:2389} INFO - Sync 1 DAGs
[2022-07-14 23:58:52,066] {logging_mixin.py:109} INFO - [2022-07-14 23:58:52,066] {dag.py:2921} INFO - Setting next_dagrun for example_weekday_branch_operator to 2022-07-13 00:00:00+00:00
[2022-07-14 23:58:52,097] {processor.py:171} INFO - Processing /home/airflow/.local/lib/python3.7/site-packages/airflow/example_dags/example_branch_day_of_week_operator.py took 0.224 seconds
[2022-07-14 23:59:22,201] {processor.py:163} INFO - Started process (PID=2435) to work on /home/airflow/.local/lib/python3.7/site-packages/airflow/example_dags/example_branch_day_of_week_operator.py
[2022-07-14 23:59:22,206] {processor.py:620} INFO - Processing file /home/airflow/.local/lib/python3.7/site-packages/airflow/example_dags/example_branch_day_of_week_operator.py for tasks to queue
[2022-07-14 23:59:22,210] {logging_mixin.py:109} INFO - [2022-07-14 23:59:22,210] {dagbag.py:500} INFO - Filling up the DagBag from /home/airflow/.local/lib/python3.7/site-packages/airflow/example_dags/example_branch_day_of_week_operator.py
[2022-07-14 23:59:22,282] {processor.py:632} INFO - DAG(s) dict_keys(['example_weekday_branch_operator']) retrieved from /home/airflow/.local/lib/python3.7/site-packages/airflow/example_dags/example_branch_day_of_week_operator.py
[2022-07-14 23:59:22,317] {logging_mixin.py:109} INFO - [2022-07-14 23:59:22,317] {dag.py:2389} INFO - Sync 1 DAGs
[2022-07-14 23:59:22,390] {logging_mixin.py:109} INFO - [2022-07-14 23:59:22,390] {dag.py:2921} INFO - Setting next_dagrun for example_weekday_branch_operator to 2022-07-13 00:00:00+00:00
[2022-07-14 23:59:22,418] {processor.py:171} INFO - Processing /home/airflow/.local/lib/python3.7/site-packages/airflow/example_dags/example_branch_day_of_week_operator.py took 0.225 seconds
[2022-07-14 23:59:52,560] {processor.py:163} INFO - Started process (PID=2533) to work on /home/airflow/.local/lib/python3.7/site-packages/airflow/example_dags/example_branch_day_of_week_operator.py
[2022-07-14 23:59:52,565] {processor.py:620} INFO - Processing file /home/airflow/.local/lib/python3.7/site-packages/airflow/example_dags/example_branch_day_of_week_operator.py for tasks to queue
[2022-07-14 23:59:52,568] {logging_mixin.py:109} INFO - [2022-07-14 23:59:52,568] {dagbag.py:500} INFO - Filling up the DagBag from /home/airflow/.local/lib/python3.7/site-packages/airflow/example_dags/example_branch_day_of_week_operator.py
[2022-07-14 23:59:52,697] {processor.py:632} INFO - DAG(s) dict_keys(['example_weekday_branch_operator']) retrieved from /home/airflow/.local/lib/python3.7/site-packages/airflow/example_dags/example_branch_day_of_week_operator.py
[2022-07-14 23:59:52,764] {logging_mixin.py:109} INFO - [2022-07-14 23:59:52,763] {dag.py:2389} INFO - Sync 1 DAGs
[2022-07-14 23:59:52,839] {logging_mixin.py:109} INFO - [2022-07-14 23:59:52,839] {dag.py:2921} INFO - Setting next_dagrun for example_weekday_branch_operator to 2022-07-13 00:00:00+00:00
[2022-07-14 23:59:52,872] {processor.py:171} INFO - Processing /home/airflow/.local/lib/python3.7/site-packages/airflow/example_dags/example_branch_day_of_week_operator.py took 0.318 seconds
