[2022-07-14 23:41:20,267] {processor.py:163} INFO - Started process (PID=340) to work on /home/airflow/.local/lib/python3.7/site-packages/airflow/example_dags/example_branch_datetime_operator.py
[2022-07-14 23:41:20,288] {processor.py:620} INFO - Processing file /home/airflow/.local/lib/python3.7/site-packages/airflow/example_dags/example_branch_datetime_operator.py for tasks to queue
[2022-07-14 23:41:20,297] {logging_mixin.py:109} INFO - [2022-07-14 23:41:20,297] {dagbag.py:500} INFO - Filling up the DagBag from /home/airflow/.local/lib/python3.7/site-packages/airflow/example_dags/example_branch_datetime_operator.py
[2022-07-14 23:41:21,007] {processor.py:632} INFO - DAG(s) dict_keys(['example_branch_datetime_operator_2']) retrieved from /home/airflow/.local/lib/python3.7/site-packages/airflow/example_dags/example_branch_datetime_operator.py
[2022-07-14 23:41:21,486] {logging_mixin.py:109} INFO - [2022-07-14 23:41:21,485] {dag.py:2389} INFO - Sync 1 DAGs
[2022-07-14 23:41:22,191] {logging_mixin.py:109} INFO - [2022-07-14 23:41:22,190] {dag.py:2921} INFO - Setting next_dagrun for example_branch_datetime_operator_2 to 2022-07-13 00:00:00+00:00
[2022-07-14 23:41:22,343] {processor.py:171} INFO - Processing /home/airflow/.local/lib/python3.7/site-packages/airflow/example_dags/example_branch_datetime_operator.py took 2.134 seconds
[2022-07-14 23:42:26,013] {processor.py:163} INFO - Started process (PID=460) to work on /home/airflow/.local/lib/python3.7/site-packages/airflow/example_dags/example_branch_datetime_operator.py
[2022-07-14 23:42:26,067] {processor.py:620} INFO - Processing file /home/airflow/.local/lib/python3.7/site-packages/airflow/example_dags/example_branch_datetime_operator.py for tasks to queue
[2022-07-14 23:42:26,106] {logging_mixin.py:109} INFO - [2022-07-14 23:42:26,092] {dagbag.py:500} INFO - Filling up the DagBag from /home/airflow/.local/lib/python3.7/site-packages/airflow/example_dags/example_branch_datetime_operator.py
[2022-07-14 23:42:27,047] {processor.py:632} INFO - DAG(s) dict_keys(['example_branch_datetime_operator_2']) retrieved from /home/airflow/.local/lib/python3.7/site-packages/airflow/example_dags/example_branch_datetime_operator.py
[2022-07-14 23:42:27,536] {logging_mixin.py:109} INFO - [2022-07-14 23:42:27,535] {dag.py:2389} INFO - Sync 1 DAGs
[2022-07-14 23:42:29,211] {logging_mixin.py:109} INFO - [2022-07-14 23:42:29,211] {process_utils.py:212} INFO - Waiting up to 5 seconds for processes to exit...
[2022-07-14 23:42:29,295] {logging_mixin.py:109} INFO - [2022-07-14 23:42:29,295] {process_utils.py:212} INFO - Waiting up to 5 seconds for processes to exit...
[2022-07-14 23:46:43,027] {processor.py:163} INFO - Started process (PID=203) to work on /home/airflow/.local/lib/python3.7/site-packages/airflow/example_dags/example_branch_datetime_operator.py
[2022-07-14 23:46:43,053] {processor.py:620} INFO - Processing file /home/airflow/.local/lib/python3.7/site-packages/airflow/example_dags/example_branch_datetime_operator.py for tasks to queue
[2022-07-14 23:46:43,063] {logging_mixin.py:109} INFO - [2022-07-14 23:46:43,062] {dagbag.py:500} INFO - Filling up the DagBag from /home/airflow/.local/lib/python3.7/site-packages/airflow/example_dags/example_branch_datetime_operator.py
[2022-07-14 23:46:43,267] {processor.py:632} INFO - DAG(s) dict_keys(['example_branch_datetime_operator_2']) retrieved from /home/airflow/.local/lib/python3.7/site-packages/airflow/example_dags/example_branch_datetime_operator.py
[2022-07-14 23:46:43,363] {logging_mixin.py:109} INFO - [2022-07-14 23:46:43,362] {dag.py:2389} INFO - Sync 1 DAGs
[2022-07-14 23:46:43,546] {logging_mixin.py:109} INFO - [2022-07-14 23:46:43,545] {dag.py:2921} INFO - Setting next_dagrun for example_branch_datetime_operator_2 to 2022-07-13 00:00:00+00:00
[2022-07-14 23:46:43,598] {processor.py:171} INFO - Processing /home/airflow/.local/lib/python3.7/site-packages/airflow/example_dags/example_branch_datetime_operator.py took 0.596 seconds
[2022-07-14 23:47:13,724] {processor.py:163} INFO - Started process (PID=299) to work on /home/airflow/.local/lib/python3.7/site-packages/airflow/example_dags/example_branch_datetime_operator.py
[2022-07-14 23:47:13,736] {processor.py:620} INFO - Processing file /home/airflow/.local/lib/python3.7/site-packages/airflow/example_dags/example_branch_datetime_operator.py for tasks to queue
[2022-07-14 23:47:13,741] {logging_mixin.py:109} INFO - [2022-07-14 23:47:13,740] {dagbag.py:500} INFO - Filling up the DagBag from /home/airflow/.local/lib/python3.7/site-packages/airflow/example_dags/example_branch_datetime_operator.py
[2022-07-14 23:47:13,971] {processor.py:632} INFO - DAG(s) dict_keys(['example_branch_datetime_operator_2']) retrieved from /home/airflow/.local/lib/python3.7/site-packages/airflow/example_dags/example_branch_datetime_operator.py
[2022-07-14 23:47:14,123] {logging_mixin.py:109} INFO - [2022-07-14 23:47:14,122] {dag.py:2389} INFO - Sync 1 DAGs
[2022-07-14 23:47:14,252] {logging_mixin.py:109} INFO - [2022-07-14 23:47:14,251] {dag.py:2921} INFO - Setting next_dagrun for example_branch_datetime_operator_2 to 2022-07-13 00:00:00+00:00
[2022-07-14 23:47:14,310] {processor.py:171} INFO - Processing /home/airflow/.local/lib/python3.7/site-packages/airflow/example_dags/example_branch_datetime_operator.py took 0.611 seconds
[2022-07-14 23:47:44,555] {processor.py:163} INFO - Started process (PID=388) to work on /home/airflow/.local/lib/python3.7/site-packages/airflow/example_dags/example_branch_datetime_operator.py
[2022-07-14 23:47:44,561] {processor.py:620} INFO - Processing file /home/airflow/.local/lib/python3.7/site-packages/airflow/example_dags/example_branch_datetime_operator.py for tasks to queue
[2022-07-14 23:47:44,569] {logging_mixin.py:109} INFO - [2022-07-14 23:47:44,569] {dagbag.py:500} INFO - Filling up the DagBag from /home/airflow/.local/lib/python3.7/site-packages/airflow/example_dags/example_branch_datetime_operator.py
[2022-07-14 23:47:44,724] {processor.py:632} INFO - DAG(s) dict_keys(['example_branch_datetime_operator_2']) retrieved from /home/airflow/.local/lib/python3.7/site-packages/airflow/example_dags/example_branch_datetime_operator.py
[2022-07-14 23:47:44,815] {logging_mixin.py:109} INFO - [2022-07-14 23:47:44,814] {dag.py:2389} INFO - Sync 1 DAGs
[2022-07-14 23:47:44,953] {logging_mixin.py:109} INFO - [2022-07-14 23:47:44,952] {dag.py:2921} INFO - Setting next_dagrun for example_branch_datetime_operator_2 to 2022-07-13 00:00:00+00:00
[2022-07-14 23:47:45,015] {processor.py:171} INFO - Processing /home/airflow/.local/lib/python3.7/site-packages/airflow/example_dags/example_branch_datetime_operator.py took 0.467 seconds
[2022-07-14 23:48:15,566] {processor.py:163} INFO - Started process (PID=476) to work on /home/airflow/.local/lib/python3.7/site-packages/airflow/example_dags/example_branch_datetime_operator.py
[2022-07-14 23:48:15,570] {processor.py:620} INFO - Processing file /home/airflow/.local/lib/python3.7/site-packages/airflow/example_dags/example_branch_datetime_operator.py for tasks to queue
[2022-07-14 23:48:15,573] {logging_mixin.py:109} INFO - [2022-07-14 23:48:15,573] {dagbag.py:500} INFO - Filling up the DagBag from /home/airflow/.local/lib/python3.7/site-packages/airflow/example_dags/example_branch_datetime_operator.py
[2022-07-14 23:48:15,650] {processor.py:632} INFO - DAG(s) dict_keys(['example_branch_datetime_operator_2']) retrieved from /home/airflow/.local/lib/python3.7/site-packages/airflow/example_dags/example_branch_datetime_operator.py
[2022-07-14 23:48:15,691] {logging_mixin.py:109} INFO - [2022-07-14 23:48:15,690] {dag.py:2389} INFO - Sync 1 DAGs
[2022-07-14 23:48:15,761] {logging_mixin.py:109} INFO - [2022-07-14 23:48:15,760] {dag.py:2921} INFO - Setting next_dagrun for example_branch_datetime_operator_2 to 2022-07-13 00:00:00+00:00
[2022-07-14 23:48:15,792] {processor.py:171} INFO - Processing /home/airflow/.local/lib/python3.7/site-packages/airflow/example_dags/example_branch_datetime_operator.py took 0.233 seconds
[2022-07-14 23:48:46,217] {processor.py:163} INFO - Started process (PID=572) to work on /home/airflow/.local/lib/python3.7/site-packages/airflow/example_dags/example_branch_datetime_operator.py
[2022-07-14 23:48:46,222] {processor.py:620} INFO - Processing file /home/airflow/.local/lib/python3.7/site-packages/airflow/example_dags/example_branch_datetime_operator.py for tasks to queue
[2022-07-14 23:48:46,225] {logging_mixin.py:109} INFO - [2022-07-14 23:48:46,225] {dagbag.py:500} INFO - Filling up the DagBag from /home/airflow/.local/lib/python3.7/site-packages/airflow/example_dags/example_branch_datetime_operator.py
[2022-07-14 23:48:46,302] {processor.py:632} INFO - DAG(s) dict_keys(['example_branch_datetime_operator_2']) retrieved from /home/airflow/.local/lib/python3.7/site-packages/airflow/example_dags/example_branch_datetime_operator.py
[2022-07-14 23:48:46,343] {logging_mixin.py:109} INFO - [2022-07-14 23:48:46,342] {dag.py:2389} INFO - Sync 1 DAGs
[2022-07-14 23:48:46,422] {logging_mixin.py:109} INFO - [2022-07-14 23:48:46,421] {dag.py:2921} INFO - Setting next_dagrun for example_branch_datetime_operator_2 to 2022-07-13 00:00:00+00:00
[2022-07-14 23:48:46,453] {processor.py:171} INFO - Processing /home/airflow/.local/lib/python3.7/site-packages/airflow/example_dags/example_branch_datetime_operator.py took 0.243 seconds
[2022-07-14 23:49:16,522] {processor.py:163} INFO - Started process (PID=654) to work on /home/airflow/.local/lib/python3.7/site-packages/airflow/example_dags/example_branch_datetime_operator.py
[2022-07-14 23:49:16,526] {processor.py:620} INFO - Processing file /home/airflow/.local/lib/python3.7/site-packages/airflow/example_dags/example_branch_datetime_operator.py for tasks to queue
[2022-07-14 23:49:16,530] {logging_mixin.py:109} INFO - [2022-07-14 23:49:16,530] {dagbag.py:500} INFO - Filling up the DagBag from /home/airflow/.local/lib/python3.7/site-packages/airflow/example_dags/example_branch_datetime_operator.py
[2022-07-14 23:49:16,605] {processor.py:632} INFO - DAG(s) dict_keys(['example_branch_datetime_operator_2']) retrieved from /home/airflow/.local/lib/python3.7/site-packages/airflow/example_dags/example_branch_datetime_operator.py
[2022-07-14 23:49:16,643] {logging_mixin.py:109} INFO - [2022-07-14 23:49:16,642] {dag.py:2389} INFO - Sync 1 DAGs
[2022-07-14 23:49:16,713] {logging_mixin.py:109} INFO - [2022-07-14 23:49:16,713] {dag.py:2921} INFO - Setting next_dagrun for example_branch_datetime_operator_2 to 2022-07-13 00:00:00+00:00
[2022-07-14 23:49:16,753] {processor.py:171} INFO - Processing /home/airflow/.local/lib/python3.7/site-packages/airflow/example_dags/example_branch_datetime_operator.py took 0.237 seconds
[2022-07-14 23:49:46,807] {processor.py:163} INFO - Started process (PID=752) to work on /home/airflow/.local/lib/python3.7/site-packages/airflow/example_dags/example_branch_datetime_operator.py
[2022-07-14 23:49:46,812] {processor.py:620} INFO - Processing file /home/airflow/.local/lib/python3.7/site-packages/airflow/example_dags/example_branch_datetime_operator.py for tasks to queue
[2022-07-14 23:49:46,815] {logging_mixin.py:109} INFO - [2022-07-14 23:49:46,814] {dagbag.py:500} INFO - Filling up the DagBag from /home/airflow/.local/lib/python3.7/site-packages/airflow/example_dags/example_branch_datetime_operator.py
[2022-07-14 23:49:46,896] {processor.py:632} INFO - DAG(s) dict_keys(['example_branch_datetime_operator_2']) retrieved from /home/airflow/.local/lib/python3.7/site-packages/airflow/example_dags/example_branch_datetime_operator.py
[2022-07-14 23:49:46,938] {logging_mixin.py:109} INFO - [2022-07-14 23:49:46,937] {dag.py:2389} INFO - Sync 1 DAGs
[2022-07-14 23:49:47,015] {logging_mixin.py:109} INFO - [2022-07-14 23:49:47,015] {dag.py:2921} INFO - Setting next_dagrun for example_branch_datetime_operator_2 to 2022-07-13 00:00:00+00:00
[2022-07-14 23:49:47,051] {processor.py:171} INFO - Processing /home/airflow/.local/lib/python3.7/site-packages/airflow/example_dags/example_branch_datetime_operator.py took 0.252 seconds
[2022-07-14 23:50:17,136] {processor.py:163} INFO - Started process (PID=834) to work on /home/airflow/.local/lib/python3.7/site-packages/airflow/example_dags/example_branch_datetime_operator.py
[2022-07-14 23:50:17,141] {processor.py:620} INFO - Processing file /home/airflow/.local/lib/python3.7/site-packages/airflow/example_dags/example_branch_datetime_operator.py for tasks to queue
[2022-07-14 23:50:17,144] {logging_mixin.py:109} INFO - [2022-07-14 23:50:17,144] {dagbag.py:500} INFO - Filling up the DagBag from /home/airflow/.local/lib/python3.7/site-packages/airflow/example_dags/example_branch_datetime_operator.py
[2022-07-14 23:50:17,232] {processor.py:632} INFO - DAG(s) dict_keys(['example_branch_datetime_operator_2']) retrieved from /home/airflow/.local/lib/python3.7/site-packages/airflow/example_dags/example_branch_datetime_operator.py
[2022-07-14 23:50:17,275] {logging_mixin.py:109} INFO - [2022-07-14 23:50:17,275] {dag.py:2389} INFO - Sync 1 DAGs
[2022-07-14 23:50:17,353] {logging_mixin.py:109} INFO - [2022-07-14 23:50:17,352] {dag.py:2921} INFO - Setting next_dagrun for example_branch_datetime_operator_2 to 2022-07-13 00:00:00+00:00
[2022-07-14 23:50:17,384] {processor.py:171} INFO - Processing /home/airflow/.local/lib/python3.7/site-packages/airflow/example_dags/example_branch_datetime_operator.py took 0.256 seconds
[2022-07-14 23:50:47,871] {processor.py:163} INFO - Started process (PID=933) to work on /home/airflow/.local/lib/python3.7/site-packages/airflow/example_dags/example_branch_datetime_operator.py
[2022-07-14 23:50:47,875] {processor.py:620} INFO - Processing file /home/airflow/.local/lib/python3.7/site-packages/airflow/example_dags/example_branch_datetime_operator.py for tasks to queue
[2022-07-14 23:50:47,879] {logging_mixin.py:109} INFO - [2022-07-14 23:50:47,879] {dagbag.py:500} INFO - Filling up the DagBag from /home/airflow/.local/lib/python3.7/site-packages/airflow/example_dags/example_branch_datetime_operator.py
[2022-07-14 23:50:47,972] {processor.py:632} INFO - DAG(s) dict_keys(['example_branch_datetime_operator_2']) retrieved from /home/airflow/.local/lib/python3.7/site-packages/airflow/example_dags/example_branch_datetime_operator.py
[2022-07-14 23:50:48,018] {logging_mixin.py:109} INFO - [2022-07-14 23:50:48,017] {dag.py:2389} INFO - Sync 1 DAGs
[2022-07-14 23:50:48,114] {logging_mixin.py:109} INFO - [2022-07-14 23:50:48,114] {dag.py:2921} INFO - Setting next_dagrun for example_branch_datetime_operator_2 to 2022-07-13 00:00:00+00:00
[2022-07-14 23:50:48,148] {processor.py:171} INFO - Processing /home/airflow/.local/lib/python3.7/site-packages/airflow/example_dags/example_branch_datetime_operator.py took 0.285 seconds
[2022-07-14 23:51:18,497] {processor.py:163} INFO - Started process (PID=1015) to work on /home/airflow/.local/lib/python3.7/site-packages/airflow/example_dags/example_branch_datetime_operator.py
[2022-07-14 23:51:18,503] {processor.py:620} INFO - Processing file /home/airflow/.local/lib/python3.7/site-packages/airflow/example_dags/example_branch_datetime_operator.py for tasks to queue
[2022-07-14 23:51:18,507] {logging_mixin.py:109} INFO - [2022-07-14 23:51:18,506] {dagbag.py:500} INFO - Filling up the DagBag from /home/airflow/.local/lib/python3.7/site-packages/airflow/example_dags/example_branch_datetime_operator.py
[2022-07-14 23:51:18,598] {processor.py:632} INFO - DAG(s) dict_keys(['example_branch_datetime_operator_2']) retrieved from /home/airflow/.local/lib/python3.7/site-packages/airflow/example_dags/example_branch_datetime_operator.py
[2022-07-14 23:51:18,642] {logging_mixin.py:109} INFO - [2022-07-14 23:51:18,641] {dag.py:2389} INFO - Sync 1 DAGs
[2022-07-14 23:51:18,722] {logging_mixin.py:109} INFO - [2022-07-14 23:51:18,722] {dag.py:2921} INFO - Setting next_dagrun for example_branch_datetime_operator_2 to 2022-07-13 00:00:00+00:00
[2022-07-14 23:51:18,755] {processor.py:171} INFO - Processing /home/airflow/.local/lib/python3.7/site-packages/airflow/example_dags/example_branch_datetime_operator.py took 0.269 seconds
[2022-07-14 23:51:49,375] {processor.py:163} INFO - Started process (PID=1113) to work on /home/airflow/.local/lib/python3.7/site-packages/airflow/example_dags/example_branch_datetime_operator.py
[2022-07-14 23:51:49,380] {processor.py:620} INFO - Processing file /home/airflow/.local/lib/python3.7/site-packages/airflow/example_dags/example_branch_datetime_operator.py for tasks to queue
[2022-07-14 23:51:49,385] {logging_mixin.py:109} INFO - [2022-07-14 23:51:49,385] {dagbag.py:500} INFO - Filling up the DagBag from /home/airflow/.local/lib/python3.7/site-packages/airflow/example_dags/example_branch_datetime_operator.py
[2022-07-14 23:51:49,469] {processor.py:632} INFO - DAG(s) dict_keys(['example_branch_datetime_operator_2']) retrieved from /home/airflow/.local/lib/python3.7/site-packages/airflow/example_dags/example_branch_datetime_operator.py
[2022-07-14 23:51:49,510] {logging_mixin.py:109} INFO - [2022-07-14 23:51:49,509] {dag.py:2389} INFO - Sync 1 DAGs
[2022-07-14 23:51:49,586] {logging_mixin.py:109} INFO - [2022-07-14 23:51:49,585] {dag.py:2921} INFO - Setting next_dagrun for example_branch_datetime_operator_2 to 2022-07-13 00:00:00+00:00
[2022-07-14 23:51:49,617] {processor.py:171} INFO - Processing /home/airflow/.local/lib/python3.7/site-packages/airflow/example_dags/example_branch_datetime_operator.py took 0.250 seconds
[2022-07-14 23:52:20,074] {processor.py:163} INFO - Started process (PID=1195) to work on /home/airflow/.local/lib/python3.7/site-packages/airflow/example_dags/example_branch_datetime_operator.py
[2022-07-14 23:52:20,078] {processor.py:620} INFO - Processing file /home/airflow/.local/lib/python3.7/site-packages/airflow/example_dags/example_branch_datetime_operator.py for tasks to queue
[2022-07-14 23:52:20,082] {logging_mixin.py:109} INFO - [2022-07-14 23:52:20,081] {dagbag.py:500} INFO - Filling up the DagBag from /home/airflow/.local/lib/python3.7/site-packages/airflow/example_dags/example_branch_datetime_operator.py
[2022-07-14 23:52:20,162] {processor.py:632} INFO - DAG(s) dict_keys(['example_branch_datetime_operator_2']) retrieved from /home/airflow/.local/lib/python3.7/site-packages/airflow/example_dags/example_branch_datetime_operator.py
[2022-07-14 23:52:20,201] {logging_mixin.py:109} INFO - [2022-07-14 23:52:20,201] {dag.py:2389} INFO - Sync 1 DAGs
[2022-07-14 23:52:20,272] {logging_mixin.py:109} INFO - [2022-07-14 23:52:20,272] {dag.py:2921} INFO - Setting next_dagrun for example_branch_datetime_operator_2 to 2022-07-13 00:00:00+00:00
[2022-07-14 23:52:20,304] {processor.py:171} INFO - Processing /home/airflow/.local/lib/python3.7/site-packages/airflow/example_dags/example_branch_datetime_operator.py took 0.237 seconds
[2022-07-14 23:52:50,672] {processor.py:163} INFO - Started process (PID=1292) to work on /home/airflow/.local/lib/python3.7/site-packages/airflow/example_dags/example_branch_datetime_operator.py
[2022-07-14 23:52:50,678] {processor.py:620} INFO - Processing file /home/airflow/.local/lib/python3.7/site-packages/airflow/example_dags/example_branch_datetime_operator.py for tasks to queue
[2022-07-14 23:52:50,683] {logging_mixin.py:109} INFO - [2022-07-14 23:52:50,682] {dagbag.py:500} INFO - Filling up the DagBag from /home/airflow/.local/lib/python3.7/site-packages/airflow/example_dags/example_branch_datetime_operator.py
[2022-07-14 23:52:50,775] {processor.py:632} INFO - DAG(s) dict_keys(['example_branch_datetime_operator_2']) retrieved from /home/airflow/.local/lib/python3.7/site-packages/airflow/example_dags/example_branch_datetime_operator.py
[2022-07-14 23:52:50,818] {logging_mixin.py:109} INFO - [2022-07-14 23:52:50,817] {dag.py:2389} INFO - Sync 1 DAGs
[2022-07-14 23:52:50,895] {logging_mixin.py:109} INFO - [2022-07-14 23:52:50,895] {dag.py:2921} INFO - Setting next_dagrun for example_branch_datetime_operator_2 to 2022-07-13 00:00:00+00:00
[2022-07-14 23:52:50,924] {processor.py:171} INFO - Processing /home/airflow/.local/lib/python3.7/site-packages/airflow/example_dags/example_branch_datetime_operator.py took 0.260 seconds
[2022-07-14 23:53:21,195] {processor.py:163} INFO - Started process (PID=1374) to work on /home/airflow/.local/lib/python3.7/site-packages/airflow/example_dags/example_branch_datetime_operator.py
[2022-07-14 23:53:21,200] {processor.py:620} INFO - Processing file /home/airflow/.local/lib/python3.7/site-packages/airflow/example_dags/example_branch_datetime_operator.py for tasks to queue
[2022-07-14 23:53:21,206] {logging_mixin.py:109} INFO - [2022-07-14 23:53:21,205] {dagbag.py:500} INFO - Filling up the DagBag from /home/airflow/.local/lib/python3.7/site-packages/airflow/example_dags/example_branch_datetime_operator.py
[2022-07-14 23:53:21,275] {processor.py:632} INFO - DAG(s) dict_keys(['example_branch_datetime_operator_2']) retrieved from /home/airflow/.local/lib/python3.7/site-packages/airflow/example_dags/example_branch_datetime_operator.py
[2022-07-14 23:53:21,311] {logging_mixin.py:109} INFO - [2022-07-14 23:53:21,310] {dag.py:2389} INFO - Sync 1 DAGs
[2022-07-14 23:53:21,372] {logging_mixin.py:109} INFO - [2022-07-14 23:53:21,372] {dag.py:2921} INFO - Setting next_dagrun for example_branch_datetime_operator_2 to 2022-07-13 00:00:00+00:00
[2022-07-14 23:53:21,399] {processor.py:171} INFO - Processing /home/airflow/.local/lib/python3.7/site-packages/airflow/example_dags/example_branch_datetime_operator.py took 0.212 seconds
[2022-07-14 23:53:51,503] {processor.py:163} INFO - Started process (PID=1470) to work on /home/airflow/.local/lib/python3.7/site-packages/airflow/example_dags/example_branch_datetime_operator.py
[2022-07-14 23:53:51,507] {processor.py:620} INFO - Processing file /home/airflow/.local/lib/python3.7/site-packages/airflow/example_dags/example_branch_datetime_operator.py for tasks to queue
[2022-07-14 23:53:51,510] {logging_mixin.py:109} INFO - [2022-07-14 23:53:51,509] {dagbag.py:500} INFO - Filling up the DagBag from /home/airflow/.local/lib/python3.7/site-packages/airflow/example_dags/example_branch_datetime_operator.py
[2022-07-14 23:53:51,583] {processor.py:632} INFO - DAG(s) dict_keys(['example_branch_datetime_operator_2']) retrieved from /home/airflow/.local/lib/python3.7/site-packages/airflow/example_dags/example_branch_datetime_operator.py
[2022-07-14 23:53:51,620] {logging_mixin.py:109} INFO - [2022-07-14 23:53:51,619] {dag.py:2389} INFO - Sync 1 DAGs
[2022-07-14 23:53:51,689] {logging_mixin.py:109} INFO - [2022-07-14 23:53:51,688] {dag.py:2921} INFO - Setting next_dagrun for example_branch_datetime_operator_2 to 2022-07-13 00:00:00+00:00
[2022-07-14 23:53:51,716] {processor.py:171} INFO - Processing /home/airflow/.local/lib/python3.7/site-packages/airflow/example_dags/example_branch_datetime_operator.py took 0.220 seconds
[2022-07-14 23:54:22,004] {processor.py:163} INFO - Started process (PID=1552) to work on /home/airflow/.local/lib/python3.7/site-packages/airflow/example_dags/example_branch_datetime_operator.py
[2022-07-14 23:54:22,008] {processor.py:620} INFO - Processing file /home/airflow/.local/lib/python3.7/site-packages/airflow/example_dags/example_branch_datetime_operator.py for tasks to queue
[2022-07-14 23:54:22,011] {logging_mixin.py:109} INFO - [2022-07-14 23:54:22,011] {dagbag.py:500} INFO - Filling up the DagBag from /home/airflow/.local/lib/python3.7/site-packages/airflow/example_dags/example_branch_datetime_operator.py
[2022-07-14 23:54:22,083] {processor.py:632} INFO - DAG(s) dict_keys(['example_branch_datetime_operator_2']) retrieved from /home/airflow/.local/lib/python3.7/site-packages/airflow/example_dags/example_branch_datetime_operator.py
[2022-07-14 23:54:22,120] {logging_mixin.py:109} INFO - [2022-07-14 23:54:22,119] {dag.py:2389} INFO - Sync 1 DAGs
[2022-07-14 23:54:22,189] {logging_mixin.py:109} INFO - [2022-07-14 23:54:22,188] {dag.py:2921} INFO - Setting next_dagrun for example_branch_datetime_operator_2 to 2022-07-13 00:00:00+00:00
[2022-07-14 23:54:22,216] {processor.py:171} INFO - Processing /home/airflow/.local/lib/python3.7/site-packages/airflow/example_dags/example_branch_datetime_operator.py took 0.219 seconds
[2022-07-14 23:54:52,875] {processor.py:163} INFO - Started process (PID=1650) to work on /home/airflow/.local/lib/python3.7/site-packages/airflow/example_dags/example_branch_datetime_operator.py
[2022-07-14 23:54:52,879] {processor.py:620} INFO - Processing file /home/airflow/.local/lib/python3.7/site-packages/airflow/example_dags/example_branch_datetime_operator.py for tasks to queue
[2022-07-14 23:54:52,884] {logging_mixin.py:109} INFO - [2022-07-14 23:54:52,884] {dagbag.py:500} INFO - Filling up the DagBag from /home/airflow/.local/lib/python3.7/site-packages/airflow/example_dags/example_branch_datetime_operator.py
[2022-07-14 23:54:52,962] {processor.py:632} INFO - DAG(s) dict_keys(['example_branch_datetime_operator_2']) retrieved from /home/airflow/.local/lib/python3.7/site-packages/airflow/example_dags/example_branch_datetime_operator.py
[2022-07-14 23:54:53,003] {logging_mixin.py:109} INFO - [2022-07-14 23:54:53,003] {dag.py:2389} INFO - Sync 1 DAGs
[2022-07-14 23:54:53,096] {logging_mixin.py:109} INFO - [2022-07-14 23:54:53,095] {dag.py:2921} INFO - Setting next_dagrun for example_branch_datetime_operator_2 to 2022-07-13 00:00:00+00:00
[2022-07-14 23:54:53,125] {processor.py:171} INFO - Processing /home/airflow/.local/lib/python3.7/site-packages/airflow/example_dags/example_branch_datetime_operator.py took 0.258 seconds
[2022-07-14 23:55:23,800] {processor.py:163} INFO - Started process (PID=1732) to work on /home/airflow/.local/lib/python3.7/site-packages/airflow/example_dags/example_branch_datetime_operator.py
[2022-07-14 23:55:23,804] {processor.py:620} INFO - Processing file /home/airflow/.local/lib/python3.7/site-packages/airflow/example_dags/example_branch_datetime_operator.py for tasks to queue
[2022-07-14 23:55:23,807] {logging_mixin.py:109} INFO - [2022-07-14 23:55:23,807] {dagbag.py:500} INFO - Filling up the DagBag from /home/airflow/.local/lib/python3.7/site-packages/airflow/example_dags/example_branch_datetime_operator.py
[2022-07-14 23:55:23,877] {processor.py:632} INFO - DAG(s) dict_keys(['example_branch_datetime_operator_2']) retrieved from /home/airflow/.local/lib/python3.7/site-packages/airflow/example_dags/example_branch_datetime_operator.py
[2022-07-14 23:55:23,920] {logging_mixin.py:109} INFO - [2022-07-14 23:55:23,919] {dag.py:2389} INFO - Sync 1 DAGs
[2022-07-14 23:55:23,995] {logging_mixin.py:109} INFO - [2022-07-14 23:55:23,995] {dag.py:2921} INFO - Setting next_dagrun for example_branch_datetime_operator_2 to 2022-07-13 00:00:00+00:00
[2022-07-14 23:55:24,020] {processor.py:171} INFO - Processing /home/airflow/.local/lib/python3.7/site-packages/airflow/example_dags/example_branch_datetime_operator.py took 0.228 seconds
[2022-07-14 23:55:54,810] {processor.py:163} INFO - Started process (PID=1828) to work on /home/airflow/.local/lib/python3.7/site-packages/airflow/example_dags/example_branch_datetime_operator.py
[2022-07-14 23:55:54,815] {processor.py:620} INFO - Processing file /home/airflow/.local/lib/python3.7/site-packages/airflow/example_dags/example_branch_datetime_operator.py for tasks to queue
[2022-07-14 23:55:54,818] {logging_mixin.py:109} INFO - [2022-07-14 23:55:54,818] {dagbag.py:500} INFO - Filling up the DagBag from /home/airflow/.local/lib/python3.7/site-packages/airflow/example_dags/example_branch_datetime_operator.py
[2022-07-14 23:55:54,901] {processor.py:632} INFO - DAG(s) dict_keys(['example_branch_datetime_operator_2']) retrieved from /home/airflow/.local/lib/python3.7/site-packages/airflow/example_dags/example_branch_datetime_operator.py
[2022-07-14 23:55:54,942] {logging_mixin.py:109} INFO - [2022-07-14 23:55:54,942] {dag.py:2389} INFO - Sync 1 DAGs
[2022-07-14 23:55:55,014] {logging_mixin.py:109} INFO - [2022-07-14 23:55:55,013] {dag.py:2921} INFO - Setting next_dagrun for example_branch_datetime_operator_2 to 2022-07-13 00:00:00+00:00
[2022-07-14 23:55:55,043] {processor.py:171} INFO - Processing /home/airflow/.local/lib/python3.7/site-packages/airflow/example_dags/example_branch_datetime_operator.py took 0.240 seconds
[2022-07-14 23:56:25,520] {processor.py:163} INFO - Started process (PID=1920) to work on /home/airflow/.local/lib/python3.7/site-packages/airflow/example_dags/example_branch_datetime_operator.py
[2022-07-14 23:56:25,524] {processor.py:620} INFO - Processing file /home/airflow/.local/lib/python3.7/site-packages/airflow/example_dags/example_branch_datetime_operator.py for tasks to queue
[2022-07-14 23:56:25,529] {logging_mixin.py:109} INFO - [2022-07-14 23:56:25,528] {dagbag.py:500} INFO - Filling up the DagBag from /home/airflow/.local/lib/python3.7/site-packages/airflow/example_dags/example_branch_datetime_operator.py
[2022-07-14 23:56:25,604] {processor.py:632} INFO - DAG(s) dict_keys(['example_branch_datetime_operator_2']) retrieved from /home/airflow/.local/lib/python3.7/site-packages/airflow/example_dags/example_branch_datetime_operator.py
[2022-07-14 23:56:25,639] {logging_mixin.py:109} INFO - [2022-07-14 23:56:25,639] {dag.py:2389} INFO - Sync 1 DAGs
[2022-07-14 23:56:25,707] {logging_mixin.py:109} INFO - [2022-07-14 23:56:25,707] {dag.py:2921} INFO - Setting next_dagrun for example_branch_datetime_operator_2 to 2022-07-13 00:00:00+00:00
[2022-07-14 23:56:25,735] {processor.py:171} INFO - Processing /home/airflow/.local/lib/python3.7/site-packages/airflow/example_dags/example_branch_datetime_operator.py took 0.223 seconds
[2022-07-14 23:56:55,791] {processor.py:163} INFO - Started process (PID=2007) to work on /home/airflow/.local/lib/python3.7/site-packages/airflow/example_dags/example_branch_datetime_operator.py
[2022-07-14 23:56:55,796] {processor.py:620} INFO - Processing file /home/airflow/.local/lib/python3.7/site-packages/airflow/example_dags/example_branch_datetime_operator.py for tasks to queue
[2022-07-14 23:56:55,799] {logging_mixin.py:109} INFO - [2022-07-14 23:56:55,798] {dagbag.py:500} INFO - Filling up the DagBag from /home/airflow/.local/lib/python3.7/site-packages/airflow/example_dags/example_branch_datetime_operator.py
[2022-07-14 23:56:55,875] {processor.py:632} INFO - DAG(s) dict_keys(['example_branch_datetime_operator_2']) retrieved from /home/airflow/.local/lib/python3.7/site-packages/airflow/example_dags/example_branch_datetime_operator.py
[2022-07-14 23:56:55,939] {logging_mixin.py:109} INFO - [2022-07-14 23:56:55,938] {dag.py:2389} INFO - Sync 1 DAGs
[2022-07-14 23:56:56,009] {logging_mixin.py:109} INFO - [2022-07-14 23:56:56,008] {dag.py:2921} INFO - Setting next_dagrun for example_branch_datetime_operator_2 to 2022-07-13 00:00:00+00:00
[2022-07-14 23:56:56,038] {processor.py:171} INFO - Processing /home/airflow/.local/lib/python3.7/site-packages/airflow/example_dags/example_branch_datetime_operator.py took 0.253 seconds
[2022-07-14 23:57:26,778] {processor.py:163} INFO - Started process (PID=2103) to work on /home/airflow/.local/lib/python3.7/site-packages/airflow/example_dags/example_branch_datetime_operator.py
[2022-07-14 23:57:26,784] {processor.py:620} INFO - Processing file /home/airflow/.local/lib/python3.7/site-packages/airflow/example_dags/example_branch_datetime_operator.py for tasks to queue
[2022-07-14 23:57:26,787] {logging_mixin.py:109} INFO - [2022-07-14 23:57:26,786] {dagbag.py:500} INFO - Filling up the DagBag from /home/airflow/.local/lib/python3.7/site-packages/airflow/example_dags/example_branch_datetime_operator.py
[2022-07-14 23:57:26,868] {processor.py:632} INFO - DAG(s) dict_keys(['example_branch_datetime_operator_2']) retrieved from /home/airflow/.local/lib/python3.7/site-packages/airflow/example_dags/example_branch_datetime_operator.py
[2022-07-14 23:57:26,912] {logging_mixin.py:109} INFO - [2022-07-14 23:57:26,912] {dag.py:2389} INFO - Sync 1 DAGs
[2022-07-14 23:57:26,984] {logging_mixin.py:109} INFO - [2022-07-14 23:57:26,983] {dag.py:2921} INFO - Setting next_dagrun for example_branch_datetime_operator_2 to 2022-07-13 00:00:00+00:00
[2022-07-14 23:57:27,013] {processor.py:171} INFO - Processing /home/airflow/.local/lib/python3.7/site-packages/airflow/example_dags/example_branch_datetime_operator.py took 0.242 seconds
[2022-07-14 23:57:57,441] {processor.py:163} INFO - Started process (PID=2185) to work on /home/airflow/.local/lib/python3.7/site-packages/airflow/example_dags/example_branch_datetime_operator.py
[2022-07-14 23:57:57,445] {processor.py:620} INFO - Processing file /home/airflow/.local/lib/python3.7/site-packages/airflow/example_dags/example_branch_datetime_operator.py for tasks to queue
[2022-07-14 23:57:57,449] {logging_mixin.py:109} INFO - [2022-07-14 23:57:57,448] {dagbag.py:500} INFO - Filling up the DagBag from /home/airflow/.local/lib/python3.7/site-packages/airflow/example_dags/example_branch_datetime_operator.py
[2022-07-14 23:57:57,541] {processor.py:632} INFO - DAG(s) dict_keys(['example_branch_datetime_operator_2']) retrieved from /home/airflow/.local/lib/python3.7/site-packages/airflow/example_dags/example_branch_datetime_operator.py
[2022-07-14 23:57:57,586] {logging_mixin.py:109} INFO - [2022-07-14 23:57:57,585] {dag.py:2389} INFO - Sync 1 DAGs
[2022-07-14 23:57:57,662] {logging_mixin.py:109} INFO - [2022-07-14 23:57:57,661] {dag.py:2921} INFO - Setting next_dagrun for example_branch_datetime_operator_2 to 2022-07-13 00:00:00+00:00
[2022-07-14 23:57:57,700] {processor.py:171} INFO - Processing /home/airflow/.local/lib/python3.7/site-packages/airflow/example_dags/example_branch_datetime_operator.py took 0.267 seconds
[2022-07-14 23:58:28,038] {processor.py:163} INFO - Started process (PID=2283) to work on /home/airflow/.local/lib/python3.7/site-packages/airflow/example_dags/example_branch_datetime_operator.py
[2022-07-14 23:58:28,059] {processor.py:620} INFO - Processing file /home/airflow/.local/lib/python3.7/site-packages/airflow/example_dags/example_branch_datetime_operator.py for tasks to queue
[2022-07-14 23:58:28,066] {logging_mixin.py:109} INFO - [2022-07-14 23:58:28,065] {dagbag.py:500} INFO - Filling up the DagBag from /home/airflow/.local/lib/python3.7/site-packages/airflow/example_dags/example_branch_datetime_operator.py
[2022-07-14 23:58:28,178] {processor.py:632} INFO - DAG(s) dict_keys(['example_branch_datetime_operator_2']) retrieved from /home/airflow/.local/lib/python3.7/site-packages/airflow/example_dags/example_branch_datetime_operator.py
[2022-07-14 23:58:28,235] {logging_mixin.py:109} INFO - [2022-07-14 23:58:28,235] {dag.py:2389} INFO - Sync 1 DAGs
[2022-07-14 23:58:28,388] {logging_mixin.py:109} INFO - [2022-07-14 23:58:28,387] {dag.py:2921} INFO - Setting next_dagrun for example_branch_datetime_operator_2 to 2022-07-13 00:00:00+00:00
[2022-07-14 23:58:28,428] {processor.py:171} INFO - Processing /home/airflow/.local/lib/python3.7/site-packages/airflow/example_dags/example_branch_datetime_operator.py took 0.399 seconds
[2022-07-14 23:58:58,634] {processor.py:163} INFO - Started process (PID=2363) to work on /home/airflow/.local/lib/python3.7/site-packages/airflow/example_dags/example_branch_datetime_operator.py
[2022-07-14 23:58:58,637] {processor.py:620} INFO - Processing file /home/airflow/.local/lib/python3.7/site-packages/airflow/example_dags/example_branch_datetime_operator.py for tasks to queue
[2022-07-14 23:58:58,640] {logging_mixin.py:109} INFO - [2022-07-14 23:58:58,640] {dagbag.py:500} INFO - Filling up the DagBag from /home/airflow/.local/lib/python3.7/site-packages/airflow/example_dags/example_branch_datetime_operator.py
[2022-07-14 23:58:58,705] {processor.py:632} INFO - DAG(s) dict_keys(['example_branch_datetime_operator_2']) retrieved from /home/airflow/.local/lib/python3.7/site-packages/airflow/example_dags/example_branch_datetime_operator.py
[2022-07-14 23:58:58,708] {logging_mixin.py:109} INFO - [2022-07-14 23:58:58,708] {dag.py:2389} INFO - Sync 1 DAGs
[2022-07-14 23:58:58,765] {logging_mixin.py:109} INFO - [2022-07-14 23:58:58,764] {dag.py:2921} INFO - Setting next_dagrun for example_branch_datetime_operator_2 to 2022-07-13 00:00:00+00:00
[2022-07-14 23:58:58,791] {processor.py:171} INFO - Processing /home/airflow/.local/lib/python3.7/site-packages/airflow/example_dags/example_branch_datetime_operator.py took 0.196 seconds
[2022-07-14 23:59:29,103] {processor.py:163} INFO - Started process (PID=2461) to work on /home/airflow/.local/lib/python3.7/site-packages/airflow/example_dags/example_branch_datetime_operator.py
[2022-07-14 23:59:29,108] {processor.py:620} INFO - Processing file /home/airflow/.local/lib/python3.7/site-packages/airflow/example_dags/example_branch_datetime_operator.py for tasks to queue
[2022-07-14 23:59:29,112] {logging_mixin.py:109} INFO - [2022-07-14 23:59:29,111] {dagbag.py:500} INFO - Filling up the DagBag from /home/airflow/.local/lib/python3.7/site-packages/airflow/example_dags/example_branch_datetime_operator.py
[2022-07-14 23:59:29,194] {processor.py:632} INFO - DAG(s) dict_keys(['example_branch_datetime_operator_2']) retrieved from /home/airflow/.local/lib/python3.7/site-packages/airflow/example_dags/example_branch_datetime_operator.py
[2022-07-14 23:59:29,233] {logging_mixin.py:109} INFO - [2022-07-14 23:59:29,232] {dag.py:2389} INFO - Sync 1 DAGs
[2022-07-14 23:59:29,305] {logging_mixin.py:109} INFO - [2022-07-14 23:59:29,304] {dag.py:2921} INFO - Setting next_dagrun for example_branch_datetime_operator_2 to 2022-07-13 00:00:00+00:00
[2022-07-14 23:59:29,334] {processor.py:171} INFO - Processing /home/airflow/.local/lib/python3.7/site-packages/airflow/example_dags/example_branch_datetime_operator.py took 0.239 seconds
[2022-07-14 23:59:59,656] {processor.py:163} INFO - Started process (PID=2543) to work on /home/airflow/.local/lib/python3.7/site-packages/airflow/example_dags/example_branch_datetime_operator.py
[2022-07-14 23:59:59,660] {processor.py:620} INFO - Processing file /home/airflow/.local/lib/python3.7/site-packages/airflow/example_dags/example_branch_datetime_operator.py for tasks to queue
[2022-07-14 23:59:59,663] {logging_mixin.py:109} INFO - [2022-07-14 23:59:59,663] {dagbag.py:500} INFO - Filling up the DagBag from /home/airflow/.local/lib/python3.7/site-packages/airflow/example_dags/example_branch_datetime_operator.py
[2022-07-14 23:59:59,727] {processor.py:632} INFO - DAG(s) dict_keys(['example_branch_datetime_operator_2']) retrieved from /home/airflow/.local/lib/python3.7/site-packages/airflow/example_dags/example_branch_datetime_operator.py
[2022-07-14 23:59:59,758] {logging_mixin.py:109} INFO - [2022-07-14 23:59:59,758] {dag.py:2389} INFO - Sync 1 DAGs
[2022-07-14 23:59:59,827] {logging_mixin.py:109} INFO - [2022-07-14 23:59:59,826] {dag.py:2921} INFO - Setting next_dagrun for example_branch_datetime_operator_2 to 2022-07-13 00:00:00+00:00
[2022-07-14 23:59:59,855] {processor.py:171} INFO - Processing /home/airflow/.local/lib/python3.7/site-packages/airflow/example_dags/example_branch_datetime_operator.py took 0.205 seconds
