[2022-07-14 23:41:00,680] {processor.py:163} INFO - Started process (PID=308) to work on /home/airflow/.local/lib/python3.7/site-packages/airflow/example_dags/example_bash_operator.py
[2022-07-14 23:41:00,697] {processor.py:620} INFO - Processing file /home/airflow/.local/lib/python3.7/site-packages/airflow/example_dags/example_bash_operator.py for tasks to queue
[2022-07-14 23:41:00,708] {logging_mixin.py:109} INFO - [2022-07-14 23:41:00,707] {dagbag.py:500} INFO - Filling up the DagBag from /home/airflow/.local/lib/python3.7/site-packages/airflow/example_dags/example_bash_operator.py
[2022-07-14 23:41:01,343] {processor.py:632} INFO - DAG(s) dict_keys(['example_bash_operator']) retrieved from /home/airflow/.local/lib/python3.7/site-packages/airflow/example_dags/example_bash_operator.py
[2022-07-14 23:41:01,664] {logging_mixin.py:109} INFO - [2022-07-14 23:41:01,663] {dag.py:2389} INFO - Sync 1 DAGs
[2022-07-14 23:41:02,161] {logging_mixin.py:109} INFO - [2022-07-14 23:41:02,161] {dag.py:2921} INFO - Setting next_dagrun for example_bash_operator to 2022-07-13 00:00:00+00:00
[2022-07-14 23:41:02,381] {processor.py:171} INFO - Processing /home/airflow/.local/lib/python3.7/site-packages/airflow/example_dags/example_bash_operator.py took 1.725 seconds
[2022-07-14 23:42:04,859] {processor.py:163} INFO - Started process (PID=428) to work on /home/airflow/.local/lib/python3.7/site-packages/airflow/example_dags/example_bash_operator.py
[2022-07-14 23:42:04,880] {processor.py:620} INFO - Processing file /home/airflow/.local/lib/python3.7/site-packages/airflow/example_dags/example_bash_operator.py for tasks to queue
[2022-07-14 23:42:04,905] {logging_mixin.py:109} INFO - [2022-07-14 23:42:04,904] {dagbag.py:500} INFO - Filling up the DagBag from /home/airflow/.local/lib/python3.7/site-packages/airflow/example_dags/example_bash_operator.py
[2022-07-14 23:42:05,573] {processor.py:632} INFO - DAG(s) dict_keys(['example_bash_operator']) retrieved from /home/airflow/.local/lib/python3.7/site-packages/airflow/example_dags/example_bash_operator.py
[2022-07-14 23:42:05,899] {logging_mixin.py:109} INFO - [2022-07-14 23:42:05,899] {dag.py:2389} INFO - Sync 1 DAGs
[2022-07-14 23:42:06,332] {logging_mixin.py:109} INFO - [2022-07-14 23:42:06,318] {dag.py:2921} INFO - Setting next_dagrun for example_bash_operator to 2022-07-13 00:00:00+00:00
[2022-07-14 23:42:06,519] {processor.py:171} INFO - Processing /home/airflow/.local/lib/python3.7/site-packages/airflow/example_dags/example_bash_operator.py took 1.714 seconds
[2022-07-14 23:46:34,495] {processor.py:163} INFO - Started process (PID=187) to work on /home/airflow/.local/lib/python3.7/site-packages/airflow/example_dags/example_bash_operator.py
[2022-07-14 23:46:34,510] {processor.py:620} INFO - Processing file /home/airflow/.local/lib/python3.7/site-packages/airflow/example_dags/example_bash_operator.py for tasks to queue
[2022-07-14 23:46:34,515] {logging_mixin.py:109} INFO - [2022-07-14 23:46:34,514] {dagbag.py:500} INFO - Filling up the DagBag from /home/airflow/.local/lib/python3.7/site-packages/airflow/example_dags/example_bash_operator.py
[2022-07-14 23:46:34,821] {processor.py:632} INFO - DAG(s) dict_keys(['example_bash_operator']) retrieved from /home/airflow/.local/lib/python3.7/site-packages/airflow/example_dags/example_bash_operator.py
[2022-07-14 23:46:35,035] {logging_mixin.py:109} INFO - [2022-07-14 23:46:35,034] {dag.py:2389} INFO - Sync 1 DAGs
[2022-07-14 23:46:35,285] {logging_mixin.py:109} INFO - [2022-07-14 23:46:35,285] {dag.py:2921} INFO - Setting next_dagrun for example_bash_operator to 2022-07-13 00:00:00+00:00
[2022-07-14 23:46:35,394] {processor.py:171} INFO - Processing /home/airflow/.local/lib/python3.7/site-packages/airflow/example_dags/example_bash_operator.py took 0.927 seconds
[2022-07-14 23:47:05,956] {processor.py:163} INFO - Started process (PID=277) to work on /home/airflow/.local/lib/python3.7/site-packages/airflow/example_dags/example_bash_operator.py
[2022-07-14 23:47:05,966] {processor.py:620} INFO - Processing file /home/airflow/.local/lib/python3.7/site-packages/airflow/example_dags/example_bash_operator.py for tasks to queue
[2022-07-14 23:47:05,976] {logging_mixin.py:109} INFO - [2022-07-14 23:47:05,976] {dagbag.py:500} INFO - Filling up the DagBag from /home/airflow/.local/lib/python3.7/site-packages/airflow/example_dags/example_bash_operator.py
[2022-07-14 23:47:06,191] {processor.py:632} INFO - DAG(s) dict_keys(['example_bash_operator']) retrieved from /home/airflow/.local/lib/python3.7/site-packages/airflow/example_dags/example_bash_operator.py
[2022-07-14 23:47:06,272] {logging_mixin.py:109} INFO - [2022-07-14 23:47:06,271] {dag.py:2389} INFO - Sync 1 DAGs
[2022-07-14 23:47:06,439] {logging_mixin.py:109} INFO - [2022-07-14 23:47:06,438] {dag.py:2921} INFO - Setting next_dagrun for example_bash_operator to 2022-07-13 00:00:00+00:00
[2022-07-14 23:47:06,524] {processor.py:171} INFO - Processing /home/airflow/.local/lib/python3.7/site-packages/airflow/example_dags/example_bash_operator.py took 0.587 seconds
[2022-07-14 23:47:36,818] {processor.py:163} INFO - Started process (PID=365) to work on /home/airflow/.local/lib/python3.7/site-packages/airflow/example_dags/example_bash_operator.py
[2022-07-14 23:47:36,828] {processor.py:620} INFO - Processing file /home/airflow/.local/lib/python3.7/site-packages/airflow/example_dags/example_bash_operator.py for tasks to queue
[2022-07-14 23:47:36,840] {logging_mixin.py:109} INFO - [2022-07-14 23:47:36,839] {dagbag.py:500} INFO - Filling up the DagBag from /home/airflow/.local/lib/python3.7/site-packages/airflow/example_dags/example_bash_operator.py
[2022-07-14 23:47:37,031] {processor.py:632} INFO - DAG(s) dict_keys(['example_bash_operator']) retrieved from /home/airflow/.local/lib/python3.7/site-packages/airflow/example_dags/example_bash_operator.py
[2022-07-14 23:47:37,091] {logging_mixin.py:109} INFO - [2022-07-14 23:47:37,091] {dag.py:2389} INFO - Sync 1 DAGs
[2022-07-14 23:47:37,203] {logging_mixin.py:109} INFO - [2022-07-14 23:47:37,203] {dag.py:2921} INFO - Setting next_dagrun for example_bash_operator to 2022-07-13 00:00:00+00:00
[2022-07-14 23:47:37,248] {processor.py:171} INFO - Processing /home/airflow/.local/lib/python3.7/site-packages/airflow/example_dags/example_bash_operator.py took 0.454 seconds
[2022-07-14 23:48:07,517] {processor.py:163} INFO - Started process (PID=461) to work on /home/airflow/.local/lib/python3.7/site-packages/airflow/example_dags/example_bash_operator.py
[2022-07-14 23:48:07,527] {processor.py:620} INFO - Processing file /home/airflow/.local/lib/python3.7/site-packages/airflow/example_dags/example_bash_operator.py for tasks to queue
[2022-07-14 23:48:07,530] {logging_mixin.py:109} INFO - [2022-07-14 23:48:07,529] {dagbag.py:500} INFO - Filling up the DagBag from /home/airflow/.local/lib/python3.7/site-packages/airflow/example_dags/example_bash_operator.py
[2022-07-14 23:48:07,747] {processor.py:632} INFO - DAG(s) dict_keys(['example_bash_operator']) retrieved from /home/airflow/.local/lib/python3.7/site-packages/airflow/example_dags/example_bash_operator.py
[2022-07-14 23:48:07,869] {logging_mixin.py:109} INFO - [2022-07-14 23:48:07,868] {dag.py:2389} INFO - Sync 1 DAGs
[2022-07-14 23:48:07,984] {logging_mixin.py:109} INFO - [2022-07-14 23:48:07,983] {dag.py:2921} INFO - Setting next_dagrun for example_bash_operator to 2022-07-13 00:00:00+00:00
[2022-07-14 23:48:08,018] {processor.py:171} INFO - Processing /home/airflow/.local/lib/python3.7/site-packages/airflow/example_dags/example_bash_operator.py took 0.515 seconds
[2022-07-14 23:48:38,176] {processor.py:163} INFO - Started process (PID=544) to work on /home/airflow/.local/lib/python3.7/site-packages/airflow/example_dags/example_bash_operator.py
[2022-07-14 23:48:38,181] {processor.py:620} INFO - Processing file /home/airflow/.local/lib/python3.7/site-packages/airflow/example_dags/example_bash_operator.py for tasks to queue
[2022-07-14 23:48:38,184] {logging_mixin.py:109} INFO - [2022-07-14 23:48:38,184] {dagbag.py:500} INFO - Filling up the DagBag from /home/airflow/.local/lib/python3.7/site-packages/airflow/example_dags/example_bash_operator.py
[2022-07-14 23:48:38,272] {processor.py:632} INFO - DAG(s) dict_keys(['example_bash_operator']) retrieved from /home/airflow/.local/lib/python3.7/site-packages/airflow/example_dags/example_bash_operator.py
[2022-07-14 23:48:38,321] {logging_mixin.py:109} INFO - [2022-07-14 23:48:38,320] {dag.py:2389} INFO - Sync 1 DAGs
[2022-07-14 23:48:38,391] {logging_mixin.py:109} INFO - [2022-07-14 23:48:38,390] {dag.py:2921} INFO - Setting next_dagrun for example_bash_operator to 2022-07-13 00:00:00+00:00
[2022-07-14 23:48:38,419] {processor.py:171} INFO - Processing /home/airflow/.local/lib/python3.7/site-packages/airflow/example_dags/example_bash_operator.py took 0.250 seconds
[2022-07-14 23:49:08,543] {processor.py:163} INFO - Started process (PID=642) to work on /home/airflow/.local/lib/python3.7/site-packages/airflow/example_dags/example_bash_operator.py
[2022-07-14 23:49:08,548] {processor.py:620} INFO - Processing file /home/airflow/.local/lib/python3.7/site-packages/airflow/example_dags/example_bash_operator.py for tasks to queue
[2022-07-14 23:49:08,551] {logging_mixin.py:109} INFO - [2022-07-14 23:49:08,550] {dagbag.py:500} INFO - Filling up the DagBag from /home/airflow/.local/lib/python3.7/site-packages/airflow/example_dags/example_bash_operator.py
[2022-07-14 23:49:08,638] {processor.py:632} INFO - DAG(s) dict_keys(['example_bash_operator']) retrieved from /home/airflow/.local/lib/python3.7/site-packages/airflow/example_dags/example_bash_operator.py
[2022-07-14 23:49:08,687] {logging_mixin.py:109} INFO - [2022-07-14 23:49:08,687] {dag.py:2389} INFO - Sync 1 DAGs
[2022-07-14 23:49:08,761] {logging_mixin.py:109} INFO - [2022-07-14 23:49:08,761] {dag.py:2921} INFO - Setting next_dagrun for example_bash_operator to 2022-07-13 00:00:00+00:00
[2022-07-14 23:49:08,831] {processor.py:171} INFO - Processing /home/airflow/.local/lib/python3.7/site-packages/airflow/example_dags/example_bash_operator.py took 0.296 seconds
[2022-07-14 23:49:39,137] {processor.py:163} INFO - Started process (PID=724) to work on /home/airflow/.local/lib/python3.7/site-packages/airflow/example_dags/example_bash_operator.py
[2022-07-14 23:49:39,142] {processor.py:620} INFO - Processing file /home/airflow/.local/lib/python3.7/site-packages/airflow/example_dags/example_bash_operator.py for tasks to queue
[2022-07-14 23:49:39,145] {logging_mixin.py:109} INFO - [2022-07-14 23:49:39,145] {dagbag.py:500} INFO - Filling up the DagBag from /home/airflow/.local/lib/python3.7/site-packages/airflow/example_dags/example_bash_operator.py
[2022-07-14 23:49:39,230] {processor.py:632} INFO - DAG(s) dict_keys(['example_bash_operator']) retrieved from /home/airflow/.local/lib/python3.7/site-packages/airflow/example_dags/example_bash_operator.py
[2022-07-14 23:49:39,272] {logging_mixin.py:109} INFO - [2022-07-14 23:49:39,271] {dag.py:2389} INFO - Sync 1 DAGs
[2022-07-14 23:49:39,348] {logging_mixin.py:109} INFO - [2022-07-14 23:49:39,347] {dag.py:2921} INFO - Setting next_dagrun for example_bash_operator to 2022-07-13 00:00:00+00:00
[2022-07-14 23:49:39,391] {processor.py:171} INFO - Processing /home/airflow/.local/lib/python3.7/site-packages/airflow/example_dags/example_bash_operator.py took 0.262 seconds
[2022-07-14 23:50:09,566] {processor.py:163} INFO - Started process (PID=822) to work on /home/airflow/.local/lib/python3.7/site-packages/airflow/example_dags/example_bash_operator.py
[2022-07-14 23:50:09,572] {processor.py:620} INFO - Processing file /home/airflow/.local/lib/python3.7/site-packages/airflow/example_dags/example_bash_operator.py for tasks to queue
[2022-07-14 23:50:09,575] {logging_mixin.py:109} INFO - [2022-07-14 23:50:09,575] {dagbag.py:500} INFO - Filling up the DagBag from /home/airflow/.local/lib/python3.7/site-packages/airflow/example_dags/example_bash_operator.py
[2022-07-14 23:50:09,673] {processor.py:632} INFO - DAG(s) dict_keys(['example_bash_operator']) retrieved from /home/airflow/.local/lib/python3.7/site-packages/airflow/example_dags/example_bash_operator.py
[2022-07-14 23:50:09,725] {logging_mixin.py:109} INFO - [2022-07-14 23:50:09,725] {dag.py:2389} INFO - Sync 1 DAGs
[2022-07-14 23:50:09,804] {logging_mixin.py:109} INFO - [2022-07-14 23:50:09,804] {dag.py:2921} INFO - Setting next_dagrun for example_bash_operator to 2022-07-13 00:00:00+00:00
[2022-07-14 23:50:09,837] {processor.py:171} INFO - Processing /home/airflow/.local/lib/python3.7/site-packages/airflow/example_dags/example_bash_operator.py took 0.280 seconds
[2022-07-14 23:50:40,122] {processor.py:163} INFO - Started process (PID=902) to work on /home/airflow/.local/lib/python3.7/site-packages/airflow/example_dags/example_bash_operator.py
[2022-07-14 23:50:40,126] {processor.py:620} INFO - Processing file /home/airflow/.local/lib/python3.7/site-packages/airflow/example_dags/example_bash_operator.py for tasks to queue
[2022-07-14 23:50:40,129] {logging_mixin.py:109} INFO - [2022-07-14 23:50:40,128] {dagbag.py:500} INFO - Filling up the DagBag from /home/airflow/.local/lib/python3.7/site-packages/airflow/example_dags/example_bash_operator.py
[2022-07-14 23:50:40,218] {processor.py:632} INFO - DAG(s) dict_keys(['example_bash_operator']) retrieved from /home/airflow/.local/lib/python3.7/site-packages/airflow/example_dags/example_bash_operator.py
[2022-07-14 23:50:40,263] {logging_mixin.py:109} INFO - [2022-07-14 23:50:40,262] {dag.py:2389} INFO - Sync 1 DAGs
[2022-07-14 23:50:40,331] {logging_mixin.py:109} INFO - [2022-07-14 23:50:40,330] {dag.py:2921} INFO - Setting next_dagrun for example_bash_operator to 2022-07-13 00:00:00+00:00
[2022-07-14 23:50:40,359] {processor.py:171} INFO - Processing /home/airflow/.local/lib/python3.7/site-packages/airflow/example_dags/example_bash_operator.py took 0.245 seconds
[2022-07-14 23:51:10,453] {processor.py:163} INFO - Started process (PID=1001) to work on /home/airflow/.local/lib/python3.7/site-packages/airflow/example_dags/example_bash_operator.py
[2022-07-14 23:51:10,458] {processor.py:620} INFO - Processing file /home/airflow/.local/lib/python3.7/site-packages/airflow/example_dags/example_bash_operator.py for tasks to queue
[2022-07-14 23:51:10,466] {logging_mixin.py:109} INFO - [2022-07-14 23:51:10,465] {dagbag.py:500} INFO - Filling up the DagBag from /home/airflow/.local/lib/python3.7/site-packages/airflow/example_dags/example_bash_operator.py
[2022-07-14 23:51:10,577] {processor.py:632} INFO - DAG(s) dict_keys(['example_bash_operator']) retrieved from /home/airflow/.local/lib/python3.7/site-packages/airflow/example_dags/example_bash_operator.py
[2022-07-14 23:51:10,632] {logging_mixin.py:109} INFO - [2022-07-14 23:51:10,631] {dag.py:2389} INFO - Sync 1 DAGs
[2022-07-14 23:51:10,721] {logging_mixin.py:109} INFO - [2022-07-14 23:51:10,720] {dag.py:2921} INFO - Setting next_dagrun for example_bash_operator to 2022-07-13 00:00:00+00:00
[2022-07-14 23:51:10,764] {processor.py:171} INFO - Processing /home/airflow/.local/lib/python3.7/site-packages/airflow/example_dags/example_bash_operator.py took 0.320 seconds
[2022-07-14 23:51:40,986] {processor.py:163} INFO - Started process (PID=1083) to work on /home/airflow/.local/lib/python3.7/site-packages/airflow/example_dags/example_bash_operator.py
[2022-07-14 23:51:40,990] {processor.py:620} INFO - Processing file /home/airflow/.local/lib/python3.7/site-packages/airflow/example_dags/example_bash_operator.py for tasks to queue
[2022-07-14 23:51:40,994] {logging_mixin.py:109} INFO - [2022-07-14 23:51:40,993] {dagbag.py:500} INFO - Filling up the DagBag from /home/airflow/.local/lib/python3.7/site-packages/airflow/example_dags/example_bash_operator.py
[2022-07-14 23:51:41,086] {processor.py:632} INFO - DAG(s) dict_keys(['example_bash_operator']) retrieved from /home/airflow/.local/lib/python3.7/site-packages/airflow/example_dags/example_bash_operator.py
[2022-07-14 23:51:41,130] {logging_mixin.py:109} INFO - [2022-07-14 23:51:41,129] {dag.py:2389} INFO - Sync 1 DAGs
[2022-07-14 23:51:41,197] {logging_mixin.py:109} INFO - [2022-07-14 23:51:41,196] {dag.py:2921} INFO - Setting next_dagrun for example_bash_operator to 2022-07-13 00:00:00+00:00
[2022-07-14 23:51:41,225] {processor.py:171} INFO - Processing /home/airflow/.local/lib/python3.7/site-packages/airflow/example_dags/example_bash_operator.py took 0.247 seconds
[2022-07-14 23:52:11,423] {processor.py:163} INFO - Started process (PID=1179) to work on /home/airflow/.local/lib/python3.7/site-packages/airflow/example_dags/example_bash_operator.py
[2022-07-14 23:52:11,428] {processor.py:620} INFO - Processing file /home/airflow/.local/lib/python3.7/site-packages/airflow/example_dags/example_bash_operator.py for tasks to queue
[2022-07-14 23:52:11,432] {logging_mixin.py:109} INFO - [2022-07-14 23:52:11,432] {dagbag.py:500} INFO - Filling up the DagBag from /home/airflow/.local/lib/python3.7/site-packages/airflow/example_dags/example_bash_operator.py
[2022-07-14 23:52:11,535] {processor.py:632} INFO - DAG(s) dict_keys(['example_bash_operator']) retrieved from /home/airflow/.local/lib/python3.7/site-packages/airflow/example_dags/example_bash_operator.py
[2022-07-14 23:52:11,583] {logging_mixin.py:109} INFO - [2022-07-14 23:52:11,582] {dag.py:2389} INFO - Sync 1 DAGs
[2022-07-14 23:52:11,669] {logging_mixin.py:109} INFO - [2022-07-14 23:52:11,669] {dag.py:2921} INFO - Setting next_dagrun for example_bash_operator to 2022-07-13 00:00:00+00:00
[2022-07-14 23:52:11,706] {processor.py:171} INFO - Processing /home/airflow/.local/lib/python3.7/site-packages/airflow/example_dags/example_bash_operator.py took 0.292 seconds
[2022-07-14 23:52:41,999] {processor.py:163} INFO - Started process (PID=1261) to work on /home/airflow/.local/lib/python3.7/site-packages/airflow/example_dags/example_bash_operator.py
[2022-07-14 23:52:42,003] {processor.py:620} INFO - Processing file /home/airflow/.local/lib/python3.7/site-packages/airflow/example_dags/example_bash_operator.py for tasks to queue
[2022-07-14 23:52:42,007] {logging_mixin.py:109} INFO - [2022-07-14 23:52:42,006] {dagbag.py:500} INFO - Filling up the DagBag from /home/airflow/.local/lib/python3.7/site-packages/airflow/example_dags/example_bash_operator.py
[2022-07-14 23:52:42,097] {processor.py:632} INFO - DAG(s) dict_keys(['example_bash_operator']) retrieved from /home/airflow/.local/lib/python3.7/site-packages/airflow/example_dags/example_bash_operator.py
[2022-07-14 23:52:42,150] {logging_mixin.py:109} INFO - [2022-07-14 23:52:42,149] {dag.py:2389} INFO - Sync 1 DAGs
[2022-07-14 23:52:42,231] {logging_mixin.py:109} INFO - [2022-07-14 23:52:42,231] {dag.py:2921} INFO - Setting next_dagrun for example_bash_operator to 2022-07-13 00:00:00+00:00
[2022-07-14 23:52:42,265] {processor.py:171} INFO - Processing /home/airflow/.local/lib/python3.7/site-packages/airflow/example_dags/example_bash_operator.py took 0.273 seconds
[2022-07-14 23:53:12,426] {processor.py:163} INFO - Started process (PID=1356) to work on /home/airflow/.local/lib/python3.7/site-packages/airflow/example_dags/example_bash_operator.py
[2022-07-14 23:53:12,430] {processor.py:620} INFO - Processing file /home/airflow/.local/lib/python3.7/site-packages/airflow/example_dags/example_bash_operator.py for tasks to queue
[2022-07-14 23:53:12,433] {logging_mixin.py:109} INFO - [2022-07-14 23:53:12,432] {dagbag.py:500} INFO - Filling up the DagBag from /home/airflow/.local/lib/python3.7/site-packages/airflow/example_dags/example_bash_operator.py
[2022-07-14 23:53:12,520] {processor.py:632} INFO - DAG(s) dict_keys(['example_bash_operator']) retrieved from /home/airflow/.local/lib/python3.7/site-packages/airflow/example_dags/example_bash_operator.py
[2022-07-14 23:53:12,564] {logging_mixin.py:109} INFO - [2022-07-14 23:53:12,564] {dag.py:2389} INFO - Sync 1 DAGs
[2022-07-14 23:53:12,656] {logging_mixin.py:109} INFO - [2022-07-14 23:53:12,655] {dag.py:2921} INFO - Setting next_dagrun for example_bash_operator to 2022-07-13 00:00:00+00:00
[2022-07-14 23:53:12,692] {processor.py:171} INFO - Processing /home/airflow/.local/lib/python3.7/site-packages/airflow/example_dags/example_bash_operator.py took 0.272 seconds
[2022-07-14 23:53:43,258] {processor.py:163} INFO - Started process (PID=1438) to work on /home/airflow/.local/lib/python3.7/site-packages/airflow/example_dags/example_bash_operator.py
[2022-07-14 23:53:43,263] {processor.py:620} INFO - Processing file /home/airflow/.local/lib/python3.7/site-packages/airflow/example_dags/example_bash_operator.py for tasks to queue
[2022-07-14 23:53:43,268] {logging_mixin.py:109} INFO - [2022-07-14 23:53:43,267] {dagbag.py:500} INFO - Filling up the DagBag from /home/airflow/.local/lib/python3.7/site-packages/airflow/example_dags/example_bash_operator.py
[2022-07-14 23:53:43,366] {processor.py:632} INFO - DAG(s) dict_keys(['example_bash_operator']) retrieved from /home/airflow/.local/lib/python3.7/site-packages/airflow/example_dags/example_bash_operator.py
[2022-07-14 23:53:43,417] {logging_mixin.py:109} INFO - [2022-07-14 23:53:43,416] {dag.py:2389} INFO - Sync 1 DAGs
[2022-07-14 23:53:43,494] {logging_mixin.py:109} INFO - [2022-07-14 23:53:43,494] {dag.py:2921} INFO - Setting next_dagrun for example_bash_operator to 2022-07-13 00:00:00+00:00
[2022-07-14 23:53:43,528] {processor.py:171} INFO - Processing /home/airflow/.local/lib/python3.7/site-packages/airflow/example_dags/example_bash_operator.py took 0.277 seconds
[2022-07-14 23:54:13,963] {processor.py:163} INFO - Started process (PID=1536) to work on /home/airflow/.local/lib/python3.7/site-packages/airflow/example_dags/example_bash_operator.py
[2022-07-14 23:54:13,969] {processor.py:620} INFO - Processing file /home/airflow/.local/lib/python3.7/site-packages/airflow/example_dags/example_bash_operator.py for tasks to queue
[2022-07-14 23:54:13,972] {logging_mixin.py:109} INFO - [2022-07-14 23:54:13,971] {dagbag.py:500} INFO - Filling up the DagBag from /home/airflow/.local/lib/python3.7/site-packages/airflow/example_dags/example_bash_operator.py
[2022-07-14 23:54:14,068] {processor.py:632} INFO - DAG(s) dict_keys(['example_bash_operator']) retrieved from /home/airflow/.local/lib/python3.7/site-packages/airflow/example_dags/example_bash_operator.py
[2022-07-14 23:54:14,115] {logging_mixin.py:109} INFO - [2022-07-14 23:54:14,115] {dag.py:2389} INFO - Sync 1 DAGs
[2022-07-14 23:54:14,194] {logging_mixin.py:109} INFO - [2022-07-14 23:54:14,193] {dag.py:2921} INFO - Setting next_dagrun for example_bash_operator to 2022-07-13 00:00:00+00:00
[2022-07-14 23:54:14,223] {processor.py:171} INFO - Processing /home/airflow/.local/lib/python3.7/site-packages/airflow/example_dags/example_bash_operator.py took 0.268 seconds
[2022-07-14 23:54:44,428] {processor.py:163} INFO - Started process (PID=1626) to work on /home/airflow/.local/lib/python3.7/site-packages/airflow/example_dags/example_bash_operator.py
[2022-07-14 23:54:44,433] {processor.py:620} INFO - Processing file /home/airflow/.local/lib/python3.7/site-packages/airflow/example_dags/example_bash_operator.py for tasks to queue
[2022-07-14 23:54:44,437] {logging_mixin.py:109} INFO - [2022-07-14 23:54:44,437] {dagbag.py:500} INFO - Filling up the DagBag from /home/airflow/.local/lib/python3.7/site-packages/airflow/example_dags/example_bash_operator.py
[2022-07-14 23:54:44,528] {processor.py:632} INFO - DAG(s) dict_keys(['example_bash_operator']) retrieved from /home/airflow/.local/lib/python3.7/site-packages/airflow/example_dags/example_bash_operator.py
[2022-07-14 23:54:44,573] {logging_mixin.py:109} INFO - [2022-07-14 23:54:44,573] {dag.py:2389} INFO - Sync 1 DAGs
[2022-07-14 23:54:44,648] {logging_mixin.py:109} INFO - [2022-07-14 23:54:44,647] {dag.py:2921} INFO - Setting next_dagrun for example_bash_operator to 2022-07-13 00:00:00+00:00
[2022-07-14 23:54:44,679] {processor.py:171} INFO - Processing /home/airflow/.local/lib/python3.7/site-packages/airflow/example_dags/example_bash_operator.py took 0.263 seconds
[2022-07-14 23:55:14,851] {processor.py:163} INFO - Started process (PID=1714) to work on /home/airflow/.local/lib/python3.7/site-packages/airflow/example_dags/example_bash_operator.py
[2022-07-14 23:55:14,855] {processor.py:620} INFO - Processing file /home/airflow/.local/lib/python3.7/site-packages/airflow/example_dags/example_bash_operator.py for tasks to queue
[2022-07-14 23:55:14,857] {logging_mixin.py:109} INFO - [2022-07-14 23:55:14,857] {dagbag.py:500} INFO - Filling up the DagBag from /home/airflow/.local/lib/python3.7/site-packages/airflow/example_dags/example_bash_operator.py
[2022-07-14 23:55:14,941] {processor.py:632} INFO - DAG(s) dict_keys(['example_bash_operator']) retrieved from /home/airflow/.local/lib/python3.7/site-packages/airflow/example_dags/example_bash_operator.py
[2022-07-14 23:55:14,987] {logging_mixin.py:109} INFO - [2022-07-14 23:55:14,986] {dag.py:2389} INFO - Sync 1 DAGs
[2022-07-14 23:55:15,054] {logging_mixin.py:109} INFO - [2022-07-14 23:55:15,053] {dag.py:2921} INFO - Setting next_dagrun for example_bash_operator to 2022-07-13 00:00:00+00:00
[2022-07-14 23:55:15,084] {processor.py:171} INFO - Processing /home/airflow/.local/lib/python3.7/site-packages/airflow/example_dags/example_bash_operator.py took 0.240 seconds
[2022-07-14 23:55:45,261] {processor.py:163} INFO - Started process (PID=1806) to work on /home/airflow/.local/lib/python3.7/site-packages/airflow/example_dags/example_bash_operator.py
[2022-07-14 23:55:45,271] {processor.py:620} INFO - Processing file /home/airflow/.local/lib/python3.7/site-packages/airflow/example_dags/example_bash_operator.py for tasks to queue
[2022-07-14 23:55:45,274] {logging_mixin.py:109} INFO - [2022-07-14 23:55:45,274] {dagbag.py:500} INFO - Filling up the DagBag from /home/airflow/.local/lib/python3.7/site-packages/airflow/example_dags/example_bash_operator.py
[2022-07-14 23:55:45,449] {processor.py:632} INFO - DAG(s) dict_keys(['example_bash_operator']) retrieved from /home/airflow/.local/lib/python3.7/site-packages/airflow/example_dags/example_bash_operator.py
[2022-07-14 23:55:45,495] {logging_mixin.py:109} INFO - [2022-07-14 23:55:45,494] {dag.py:2389} INFO - Sync 1 DAGs
[2022-07-14 23:55:45,567] {logging_mixin.py:109} INFO - [2022-07-14 23:55:45,567] {dag.py:2921} INFO - Setting next_dagrun for example_bash_operator to 2022-07-13 00:00:00+00:00
[2022-07-14 23:55:45,598] {processor.py:171} INFO - Processing /home/airflow/.local/lib/python3.7/site-packages/airflow/example_dags/example_bash_operator.py took 0.352 seconds
[2022-07-14 23:56:16,385] {processor.py:163} INFO - Started process (PID=1894) to work on /home/airflow/.local/lib/python3.7/site-packages/airflow/example_dags/example_bash_operator.py
[2022-07-14 23:56:16,393] {processor.py:620} INFO - Processing file /home/airflow/.local/lib/python3.7/site-packages/airflow/example_dags/example_bash_operator.py for tasks to queue
[2022-07-14 23:56:16,398] {logging_mixin.py:109} INFO - [2022-07-14 23:56:16,398] {dagbag.py:500} INFO - Filling up the DagBag from /home/airflow/.local/lib/python3.7/site-packages/airflow/example_dags/example_bash_operator.py
[2022-07-14 23:56:16,585] {processor.py:632} INFO - DAG(s) dict_keys(['example_bash_operator']) retrieved from /home/airflow/.local/lib/python3.7/site-packages/airflow/example_dags/example_bash_operator.py
[2022-07-14 23:56:16,671] {logging_mixin.py:109} INFO - [2022-07-14 23:56:16,670] {dag.py:2389} INFO - Sync 1 DAGs
[2022-07-14 23:56:16,743] {logging_mixin.py:109} INFO - [2022-07-14 23:56:16,742] {dag.py:2921} INFO - Setting next_dagrun for example_bash_operator to 2022-07-13 00:00:00+00:00
[2022-07-14 23:56:16,770] {processor.py:171} INFO - Processing /home/airflow/.local/lib/python3.7/site-packages/airflow/example_dags/example_bash_operator.py took 0.397 seconds
[2022-07-14 23:56:47,009] {processor.py:163} INFO - Started process (PID=1989) to work on /home/airflow/.local/lib/python3.7/site-packages/airflow/example_dags/example_bash_operator.py
[2022-07-14 23:56:47,021] {processor.py:620} INFO - Processing file /home/airflow/.local/lib/python3.7/site-packages/airflow/example_dags/example_bash_operator.py for tasks to queue
[2022-07-14 23:56:47,028] {logging_mixin.py:109} INFO - [2022-07-14 23:56:47,028] {dagbag.py:500} INFO - Filling up the DagBag from /home/airflow/.local/lib/python3.7/site-packages/airflow/example_dags/example_bash_operator.py
[2022-07-14 23:56:47,305] {processor.py:632} INFO - DAG(s) dict_keys(['example_bash_operator']) retrieved from /home/airflow/.local/lib/python3.7/site-packages/airflow/example_dags/example_bash_operator.py
[2022-07-14 23:56:47,408] {logging_mixin.py:109} INFO - [2022-07-14 23:56:47,408] {dag.py:2389} INFO - Sync 1 DAGs
[2022-07-14 23:56:47,522] {logging_mixin.py:109} INFO - [2022-07-14 23:56:47,521] {dag.py:2921} INFO - Setting next_dagrun for example_bash_operator to 2022-07-13 00:00:00+00:00
[2022-07-14 23:56:47,579] {processor.py:171} INFO - Processing /home/airflow/.local/lib/python3.7/site-packages/airflow/example_dags/example_bash_operator.py took 0.595 seconds
[2022-07-14 23:57:17,818] {processor.py:163} INFO - Started process (PID=2071) to work on /home/airflow/.local/lib/python3.7/site-packages/airflow/example_dags/example_bash_operator.py
[2022-07-14 23:57:17,825] {processor.py:620} INFO - Processing file /home/airflow/.local/lib/python3.7/site-packages/airflow/example_dags/example_bash_operator.py for tasks to queue
[2022-07-14 23:57:17,829] {logging_mixin.py:109} INFO - [2022-07-14 23:57:17,828] {dagbag.py:500} INFO - Filling up the DagBag from /home/airflow/.local/lib/python3.7/site-packages/airflow/example_dags/example_bash_operator.py
[2022-07-14 23:57:17,922] {processor.py:632} INFO - DAG(s) dict_keys(['example_bash_operator']) retrieved from /home/airflow/.local/lib/python3.7/site-packages/airflow/example_dags/example_bash_operator.py
[2022-07-14 23:57:17,968] {logging_mixin.py:109} INFO - [2022-07-14 23:57:17,968] {dag.py:2389} INFO - Sync 1 DAGs
[2022-07-14 23:57:18,050] {logging_mixin.py:109} INFO - [2022-07-14 23:57:18,049] {dag.py:2921} INFO - Setting next_dagrun for example_bash_operator to 2022-07-13 00:00:00+00:00
[2022-07-14 23:57:18,089] {processor.py:171} INFO - Processing /home/airflow/.local/lib/python3.7/site-packages/airflow/example_dags/example_bash_operator.py took 0.282 seconds
[2022-07-14 23:57:48,529] {processor.py:163} INFO - Started process (PID=2169) to work on /home/airflow/.local/lib/python3.7/site-packages/airflow/example_dags/example_bash_operator.py
[2022-07-14 23:57:48,534] {processor.py:620} INFO - Processing file /home/airflow/.local/lib/python3.7/site-packages/airflow/example_dags/example_bash_operator.py for tasks to queue
[2022-07-14 23:57:48,538] {logging_mixin.py:109} INFO - [2022-07-14 23:57:48,537] {dagbag.py:500} INFO - Filling up the DagBag from /home/airflow/.local/lib/python3.7/site-packages/airflow/example_dags/example_bash_operator.py
[2022-07-14 23:57:48,628] {processor.py:632} INFO - DAG(s) dict_keys(['example_bash_operator']) retrieved from /home/airflow/.local/lib/python3.7/site-packages/airflow/example_dags/example_bash_operator.py
[2022-07-14 23:57:48,672] {logging_mixin.py:109} INFO - [2022-07-14 23:57:48,672] {dag.py:2389} INFO - Sync 1 DAGs
[2022-07-14 23:57:48,746] {logging_mixin.py:109} INFO - [2022-07-14 23:57:48,745] {dag.py:2921} INFO - Setting next_dagrun for example_bash_operator to 2022-07-13 00:00:00+00:00
[2022-07-14 23:57:48,783] {processor.py:171} INFO - Processing /home/airflow/.local/lib/python3.7/site-packages/airflow/example_dags/example_bash_operator.py took 0.262 seconds
[2022-07-14 23:58:19,085] {processor.py:163} INFO - Started process (PID=2251) to work on /home/airflow/.local/lib/python3.7/site-packages/airflow/example_dags/example_bash_operator.py
[2022-07-14 23:58:19,089] {processor.py:620} INFO - Processing file /home/airflow/.local/lib/python3.7/site-packages/airflow/example_dags/example_bash_operator.py for tasks to queue
[2022-07-14 23:58:19,092] {logging_mixin.py:109} INFO - [2022-07-14 23:58:19,091] {dagbag.py:500} INFO - Filling up the DagBag from /home/airflow/.local/lib/python3.7/site-packages/airflow/example_dags/example_bash_operator.py
[2022-07-14 23:58:19,175] {processor.py:632} INFO - DAG(s) dict_keys(['example_bash_operator']) retrieved from /home/airflow/.local/lib/python3.7/site-packages/airflow/example_dags/example_bash_operator.py
[2022-07-14 23:58:19,217] {logging_mixin.py:109} INFO - [2022-07-14 23:58:19,217] {dag.py:2389} INFO - Sync 1 DAGs
[2022-07-14 23:58:19,284] {logging_mixin.py:109} INFO - [2022-07-14 23:58:19,284] {dag.py:2921} INFO - Setting next_dagrun for example_bash_operator to 2022-07-13 00:00:00+00:00
[2022-07-14 23:58:19,313] {processor.py:171} INFO - Processing /home/airflow/.local/lib/python3.7/site-packages/airflow/example_dags/example_bash_operator.py took 0.234 seconds
[2022-07-14 23:58:49,468] {processor.py:163} INFO - Started process (PID=2349) to work on /home/airflow/.local/lib/python3.7/site-packages/airflow/example_dags/example_bash_operator.py
[2022-07-14 23:58:49,473] {processor.py:620} INFO - Processing file /home/airflow/.local/lib/python3.7/site-packages/airflow/example_dags/example_bash_operator.py for tasks to queue
[2022-07-14 23:58:49,476] {logging_mixin.py:109} INFO - [2022-07-14 23:58:49,476] {dagbag.py:500} INFO - Filling up the DagBag from /home/airflow/.local/lib/python3.7/site-packages/airflow/example_dags/example_bash_operator.py
[2022-07-14 23:58:49,595] {processor.py:632} INFO - DAG(s) dict_keys(['example_bash_operator']) retrieved from /home/airflow/.local/lib/python3.7/site-packages/airflow/example_dags/example_bash_operator.py
[2022-07-14 23:58:49,644] {logging_mixin.py:109} INFO - [2022-07-14 23:58:49,644] {dag.py:2389} INFO - Sync 1 DAGs
[2022-07-14 23:58:49,715] {logging_mixin.py:109} INFO - [2022-07-14 23:58:49,714] {dag.py:2921} INFO - Setting next_dagrun for example_bash_operator to 2022-07-13 00:00:00+00:00
[2022-07-14 23:58:49,744] {processor.py:171} INFO - Processing /home/airflow/.local/lib/python3.7/site-packages/airflow/example_dags/example_bash_operator.py took 0.283 seconds
[2022-07-14 23:59:19,937] {processor.py:163} INFO - Started process (PID=2429) to work on /home/airflow/.local/lib/python3.7/site-packages/airflow/example_dags/example_bash_operator.py
[2022-07-14 23:59:19,941] {processor.py:620} INFO - Processing file /home/airflow/.local/lib/python3.7/site-packages/airflow/example_dags/example_bash_operator.py for tasks to queue
[2022-07-14 23:59:19,944] {logging_mixin.py:109} INFO - [2022-07-14 23:59:19,943] {dagbag.py:500} INFO - Filling up the DagBag from /home/airflow/.local/lib/python3.7/site-packages/airflow/example_dags/example_bash_operator.py
[2022-07-14 23:59:20,018] {processor.py:632} INFO - DAG(s) dict_keys(['example_bash_operator']) retrieved from /home/airflow/.local/lib/python3.7/site-packages/airflow/example_dags/example_bash_operator.py
[2022-07-14 23:59:20,058] {logging_mixin.py:109} INFO - [2022-07-14 23:59:20,058] {dag.py:2389} INFO - Sync 1 DAGs
[2022-07-14 23:59:20,121] {logging_mixin.py:109} INFO - [2022-07-14 23:59:20,120] {dag.py:2921} INFO - Setting next_dagrun for example_bash_operator to 2022-07-13 00:00:00+00:00
[2022-07-14 23:59:20,147] {processor.py:171} INFO - Processing /home/airflow/.local/lib/python3.7/site-packages/airflow/example_dags/example_bash_operator.py took 0.217 seconds
[2022-07-14 23:59:50,260] {processor.py:163} INFO - Started process (PID=2527) to work on /home/airflow/.local/lib/python3.7/site-packages/airflow/example_dags/example_bash_operator.py
[2022-07-14 23:59:50,265] {processor.py:620} INFO - Processing file /home/airflow/.local/lib/python3.7/site-packages/airflow/example_dags/example_bash_operator.py for tasks to queue
[2022-07-14 23:59:50,269] {logging_mixin.py:109} INFO - [2022-07-14 23:59:50,268] {dagbag.py:500} INFO - Filling up the DagBag from /home/airflow/.local/lib/python3.7/site-packages/airflow/example_dags/example_bash_operator.py
[2022-07-14 23:59:50,357] {processor.py:632} INFO - DAG(s) dict_keys(['example_bash_operator']) retrieved from /home/airflow/.local/lib/python3.7/site-packages/airflow/example_dags/example_bash_operator.py
[2022-07-14 23:59:50,402] {logging_mixin.py:109} INFO - [2022-07-14 23:59:50,401] {dag.py:2389} INFO - Sync 1 DAGs
[2022-07-14 23:59:50,468] {logging_mixin.py:109} INFO - [2022-07-14 23:59:50,468] {dag.py:2921} INFO - Setting next_dagrun for example_bash_operator to 2022-07-13 00:00:00+00:00
[2022-07-14 23:59:50,496] {processor.py:171} INFO - Processing /home/airflow/.local/lib/python3.7/site-packages/airflow/example_dags/example_bash_operator.py took 0.243 seconds
