[2022-07-14 23:41:07,456] {processor.py:163} INFO - Started process (PID=322) to work on /home/airflow/.local/lib/python3.7/site-packages/airflow/example_dags/example_short_circuit_operator.py
[2022-07-14 23:41:07,495] {processor.py:620} INFO - Processing file /home/airflow/.local/lib/python3.7/site-packages/airflow/example_dags/example_short_circuit_operator.py for tasks to queue
[2022-07-14 23:41:07,511] {logging_mixin.py:109} INFO - [2022-07-14 23:41:07,511] {dagbag.py:500} INFO - Filling up the DagBag from /home/airflow/.local/lib/python3.7/site-packages/airflow/example_dags/example_short_circuit_operator.py
[2022-07-14 23:41:08,107] {processor.py:632} INFO - DAG(s) dict_keys(['example_short_circuit_operator']) retrieved from /home/airflow/.local/lib/python3.7/site-packages/airflow/example_dags/example_short_circuit_operator.py
[2022-07-14 23:41:08,493] {logging_mixin.py:109} INFO - [2022-07-14 23:41:08,492] {dag.py:2389} INFO - Sync 1 DAGs
[2022-07-14 23:41:09,008] {logging_mixin.py:109} INFO - [2022-07-14 23:41:08,990] {dag.py:2921} INFO - Setting next_dagrun for example_short_circuit_operator to 2022-07-13T23:41:08.968068+00:00
[2022-07-14 23:41:09,201] {processor.py:171} INFO - Processing /home/airflow/.local/lib/python3.7/site-packages/airflow/example_dags/example_short_circuit_operator.py took 1.800 seconds
[2022-07-14 23:42:10,170] {processor.py:163} INFO - Started process (PID=436) to work on /home/airflow/.local/lib/python3.7/site-packages/airflow/example_dags/example_short_circuit_operator.py
[2022-07-14 23:42:10,180] {processor.py:620} INFO - Processing file /home/airflow/.local/lib/python3.7/site-packages/airflow/example_dags/example_short_circuit_operator.py for tasks to queue
[2022-07-14 23:42:10,188] {logging_mixin.py:109} INFO - [2022-07-14 23:42:10,187] {dagbag.py:500} INFO - Filling up the DagBag from /home/airflow/.local/lib/python3.7/site-packages/airflow/example_dags/example_short_circuit_operator.py
[2022-07-14 23:42:10,589] {processor.py:632} INFO - DAG(s) dict_keys(['example_short_circuit_operator']) retrieved from /home/airflow/.local/lib/python3.7/site-packages/airflow/example_dags/example_short_circuit_operator.py
[2022-07-14 23:42:10,753] {logging_mixin.py:109} INFO - [2022-07-14 23:42:10,752] {dag.py:2389} INFO - Sync 1 DAGs
[2022-07-14 23:42:11,150] {logging_mixin.py:109} INFO - [2022-07-14 23:42:11,132] {dag.py:2921} INFO - Setting next_dagrun for example_short_circuit_operator to 2022-07-13T23:42:11.115398+00:00
[2022-07-14 23:42:11,398] {processor.py:171} INFO - Processing /home/airflow/.local/lib/python3.7/site-packages/airflow/example_dags/example_short_circuit_operator.py took 1.245 seconds
[2022-07-14 23:46:38,377] {processor.py:163} INFO - Started process (PID=195) to work on /home/airflow/.local/lib/python3.7/site-packages/airflow/example_dags/example_short_circuit_operator.py
[2022-07-14 23:46:38,383] {processor.py:620} INFO - Processing file /home/airflow/.local/lib/python3.7/site-packages/airflow/example_dags/example_short_circuit_operator.py for tasks to queue
[2022-07-14 23:46:38,401] {logging_mixin.py:109} INFO - [2022-07-14 23:46:38,401] {dagbag.py:500} INFO - Filling up the DagBag from /home/airflow/.local/lib/python3.7/site-packages/airflow/example_dags/example_short_circuit_operator.py
[2022-07-14 23:46:38,615] {processor.py:632} INFO - DAG(s) dict_keys(['example_short_circuit_operator']) retrieved from /home/airflow/.local/lib/python3.7/site-packages/airflow/example_dags/example_short_circuit_operator.py
[2022-07-14 23:46:38,792] {logging_mixin.py:109} INFO - [2022-07-14 23:46:38,791] {dag.py:2389} INFO - Sync 1 DAGs
[2022-07-14 23:46:38,998] {logging_mixin.py:109} INFO - [2022-07-14 23:46:38,997] {dag.py:2921} INFO - Setting next_dagrun for example_short_circuit_operator to 2022-07-13T23:46:38.995828+00:00
[2022-07-14 23:46:39,109] {processor.py:171} INFO - Processing /home/airflow/.local/lib/python3.7/site-packages/airflow/example_dags/example_short_circuit_operator.py took 0.765 seconds
[2022-07-14 23:47:10,717] {processor.py:163} INFO - Started process (PID=293) to work on /home/airflow/.local/lib/python3.7/site-packages/airflow/example_dags/example_short_circuit_operator.py
[2022-07-14 23:47:10,739] {processor.py:620} INFO - Processing file /home/airflow/.local/lib/python3.7/site-packages/airflow/example_dags/example_short_circuit_operator.py for tasks to queue
[2022-07-14 23:47:10,752] {logging_mixin.py:109} INFO - [2022-07-14 23:47:10,751] {dagbag.py:500} INFO - Filling up the DagBag from /home/airflow/.local/lib/python3.7/site-packages/airflow/example_dags/example_short_circuit_operator.py
[2022-07-14 23:47:11,073] {processor.py:632} INFO - DAG(s) dict_keys(['example_short_circuit_operator']) retrieved from /home/airflow/.local/lib/python3.7/site-packages/airflow/example_dags/example_short_circuit_operator.py
[2022-07-14 23:47:11,160] {logging_mixin.py:109} INFO - [2022-07-14 23:47:11,159] {dag.py:2389} INFO - Sync 1 DAGs
[2022-07-14 23:47:11,288] {logging_mixin.py:109} INFO - [2022-07-14 23:47:11,288] {dag.py:2921} INFO - Setting next_dagrun for example_short_circuit_operator to 2022-07-13T23:47:11.282271+00:00
[2022-07-14 23:47:11,383] {processor.py:171} INFO - Processing /home/airflow/.local/lib/python3.7/site-packages/airflow/example_dags/example_short_circuit_operator.py took 0.701 seconds
[2022-07-14 23:47:42,103] {processor.py:163} INFO - Started process (PID=373) to work on /home/airflow/.local/lib/python3.7/site-packages/airflow/example_dags/example_short_circuit_operator.py
[2022-07-14 23:47:42,108] {processor.py:620} INFO - Processing file /home/airflow/.local/lib/python3.7/site-packages/airflow/example_dags/example_short_circuit_operator.py for tasks to queue
[2022-07-14 23:47:42,115] {logging_mixin.py:109} INFO - [2022-07-14 23:47:42,114] {dagbag.py:500} INFO - Filling up the DagBag from /home/airflow/.local/lib/python3.7/site-packages/airflow/example_dags/example_short_circuit_operator.py
[2022-07-14 23:47:42,265] {processor.py:632} INFO - DAG(s) dict_keys(['example_short_circuit_operator']) retrieved from /home/airflow/.local/lib/python3.7/site-packages/airflow/example_dags/example_short_circuit_operator.py
[2022-07-14 23:47:42,342] {logging_mixin.py:109} INFO - [2022-07-14 23:47:42,341] {dag.py:2389} INFO - Sync 1 DAGs
[2022-07-14 23:47:42,419] {logging_mixin.py:109} INFO - [2022-07-14 23:47:42,418] {dag.py:2921} INFO - Setting next_dagrun for example_short_circuit_operator to 2022-07-13T23:47:42.416819+00:00
[2022-07-14 23:47:42,459] {processor.py:171} INFO - Processing /home/airflow/.local/lib/python3.7/site-packages/airflow/example_dags/example_short_circuit_operator.py took 0.369 seconds
[2022-07-14 23:48:12,529] {processor.py:163} INFO - Started process (PID=470) to work on /home/airflow/.local/lib/python3.7/site-packages/airflow/example_dags/example_short_circuit_operator.py
[2022-07-14 23:48:12,536] {processor.py:620} INFO - Processing file /home/airflow/.local/lib/python3.7/site-packages/airflow/example_dags/example_short_circuit_operator.py for tasks to queue
[2022-07-14 23:48:12,540] {logging_mixin.py:109} INFO - [2022-07-14 23:48:12,540] {dagbag.py:500} INFO - Filling up the DagBag from /home/airflow/.local/lib/python3.7/site-packages/airflow/example_dags/example_short_circuit_operator.py
[2022-07-14 23:48:12,627] {processor.py:632} INFO - DAG(s) dict_keys(['example_short_circuit_operator']) retrieved from /home/airflow/.local/lib/python3.7/site-packages/airflow/example_dags/example_short_circuit_operator.py
[2022-07-14 23:48:12,673] {logging_mixin.py:109} INFO - [2022-07-14 23:48:12,673] {dag.py:2389} INFO - Sync 1 DAGs
[2022-07-14 23:48:12,738] {logging_mixin.py:109} INFO - [2022-07-14 23:48:12,738] {dag.py:2921} INFO - Setting next_dagrun for example_short_circuit_operator to 2022-07-13T23:48:12.736028+00:00
[2022-07-14 23:48:12,770] {processor.py:171} INFO - Processing /home/airflow/.local/lib/python3.7/site-packages/airflow/example_dags/example_short_circuit_operator.py took 0.248 seconds
[2022-07-14 23:48:42,918] {processor.py:163} INFO - Started process (PID=552) to work on /home/airflow/.local/lib/python3.7/site-packages/airflow/example_dags/example_short_circuit_operator.py
[2022-07-14 23:48:42,924] {processor.py:620} INFO - Processing file /home/airflow/.local/lib/python3.7/site-packages/airflow/example_dags/example_short_circuit_operator.py for tasks to queue
[2022-07-14 23:48:42,929] {logging_mixin.py:109} INFO - [2022-07-14 23:48:42,929] {dagbag.py:500} INFO - Filling up the DagBag from /home/airflow/.local/lib/python3.7/site-packages/airflow/example_dags/example_short_circuit_operator.py
[2022-07-14 23:48:43,006] {processor.py:632} INFO - DAG(s) dict_keys(['example_short_circuit_operator']) retrieved from /home/airflow/.local/lib/python3.7/site-packages/airflow/example_dags/example_short_circuit_operator.py
[2022-07-14 23:48:43,053] {logging_mixin.py:109} INFO - [2022-07-14 23:48:43,052] {dag.py:2389} INFO - Sync 1 DAGs
[2022-07-14 23:48:43,115] {logging_mixin.py:109} INFO - [2022-07-14 23:48:43,114] {dag.py:2921} INFO - Setting next_dagrun for example_short_circuit_operator to 2022-07-13T23:48:43.112658+00:00
[2022-07-14 23:48:43,144] {processor.py:171} INFO - Processing /home/airflow/.local/lib/python3.7/site-packages/airflow/example_dags/example_short_circuit_operator.py took 0.235 seconds
[2022-07-14 23:49:13,215] {processor.py:163} INFO - Started process (PID=650) to work on /home/airflow/.local/lib/python3.7/site-packages/airflow/example_dags/example_short_circuit_operator.py
[2022-07-14 23:49:13,221] {processor.py:620} INFO - Processing file /home/airflow/.local/lib/python3.7/site-packages/airflow/example_dags/example_short_circuit_operator.py for tasks to queue
[2022-07-14 23:49:13,224] {logging_mixin.py:109} INFO - [2022-07-14 23:49:13,224] {dagbag.py:500} INFO - Filling up the DagBag from /home/airflow/.local/lib/python3.7/site-packages/airflow/example_dags/example_short_circuit_operator.py
[2022-07-14 23:49:13,307] {processor.py:632} INFO - DAG(s) dict_keys(['example_short_circuit_operator']) retrieved from /home/airflow/.local/lib/python3.7/site-packages/airflow/example_dags/example_short_circuit_operator.py
[2022-07-14 23:49:13,354] {logging_mixin.py:109} INFO - [2022-07-14 23:49:13,354] {dag.py:2389} INFO - Sync 1 DAGs
[2022-07-14 23:49:13,427] {logging_mixin.py:109} INFO - [2022-07-14 23:49:13,426] {dag.py:2921} INFO - Setting next_dagrun for example_short_circuit_operator to 2022-07-13T23:49:13.424931+00:00
[2022-07-14 23:49:13,459] {processor.py:171} INFO - Processing /home/airflow/.local/lib/python3.7/site-packages/airflow/example_dags/example_short_circuit_operator.py took 0.251 seconds
[2022-07-14 23:49:43,521] {processor.py:163} INFO - Started process (PID=732) to work on /home/airflow/.local/lib/python3.7/site-packages/airflow/example_dags/example_short_circuit_operator.py
[2022-07-14 23:49:43,525] {processor.py:620} INFO - Processing file /home/airflow/.local/lib/python3.7/site-packages/airflow/example_dags/example_short_circuit_operator.py for tasks to queue
[2022-07-14 23:49:43,528] {logging_mixin.py:109} INFO - [2022-07-14 23:49:43,527] {dagbag.py:500} INFO - Filling up the DagBag from /home/airflow/.local/lib/python3.7/site-packages/airflow/example_dags/example_short_circuit_operator.py
[2022-07-14 23:49:43,599] {processor.py:632} INFO - DAG(s) dict_keys(['example_short_circuit_operator']) retrieved from /home/airflow/.local/lib/python3.7/site-packages/airflow/example_dags/example_short_circuit_operator.py
[2022-07-14 23:49:43,640] {logging_mixin.py:109} INFO - [2022-07-14 23:49:43,639] {dag.py:2389} INFO - Sync 1 DAGs
[2022-07-14 23:49:43,696] {logging_mixin.py:109} INFO - [2022-07-14 23:49:43,695] {dag.py:2921} INFO - Setting next_dagrun for example_short_circuit_operator to 2022-07-13T23:49:43.694131+00:00
[2022-07-14 23:49:43,723] {processor.py:171} INFO - Processing /home/airflow/.local/lib/python3.7/site-packages/airflow/example_dags/example_short_circuit_operator.py took 0.208 seconds
[2022-07-14 23:50:13,816] {processor.py:163} INFO - Started process (PID=830) to work on /home/airflow/.local/lib/python3.7/site-packages/airflow/example_dags/example_short_circuit_operator.py
[2022-07-14 23:50:13,822] {processor.py:620} INFO - Processing file /home/airflow/.local/lib/python3.7/site-packages/airflow/example_dags/example_short_circuit_operator.py for tasks to queue
[2022-07-14 23:50:13,826] {logging_mixin.py:109} INFO - [2022-07-14 23:50:13,825] {dagbag.py:500} INFO - Filling up the DagBag from /home/airflow/.local/lib/python3.7/site-packages/airflow/example_dags/example_short_circuit_operator.py
[2022-07-14 23:50:13,910] {processor.py:632} INFO - DAG(s) dict_keys(['example_short_circuit_operator']) retrieved from /home/airflow/.local/lib/python3.7/site-packages/airflow/example_dags/example_short_circuit_operator.py
[2022-07-14 23:50:13,957] {logging_mixin.py:109} INFO - [2022-07-14 23:50:13,957] {dag.py:2389} INFO - Sync 1 DAGs
[2022-07-14 23:50:14,025] {logging_mixin.py:109} INFO - [2022-07-14 23:50:14,025] {dag.py:2921} INFO - Setting next_dagrun for example_short_circuit_operator to 2022-07-13T23:50:14.023120+00:00
[2022-07-14 23:50:14,060] {processor.py:171} INFO - Processing /home/airflow/.local/lib/python3.7/site-packages/airflow/example_dags/example_short_circuit_operator.py took 0.252 seconds
[2022-07-14 23:50:44,531] {processor.py:163} INFO - Started process (PID=923) to work on /home/airflow/.local/lib/python3.7/site-packages/airflow/example_dags/example_short_circuit_operator.py
[2022-07-14 23:50:44,536] {processor.py:620} INFO - Processing file /home/airflow/.local/lib/python3.7/site-packages/airflow/example_dags/example_short_circuit_operator.py for tasks to queue
[2022-07-14 23:50:44,541] {logging_mixin.py:109} INFO - [2022-07-14 23:50:44,540] {dagbag.py:500} INFO - Filling up the DagBag from /home/airflow/.local/lib/python3.7/site-packages/airflow/example_dags/example_short_circuit_operator.py
[2022-07-14 23:50:44,633] {processor.py:632} INFO - DAG(s) dict_keys(['example_short_circuit_operator']) retrieved from /home/airflow/.local/lib/python3.7/site-packages/airflow/example_dags/example_short_circuit_operator.py
[2022-07-14 23:50:44,687] {logging_mixin.py:109} INFO - [2022-07-14 23:50:44,687] {dag.py:2389} INFO - Sync 1 DAGs
[2022-07-14 23:50:44,760] {logging_mixin.py:109} INFO - [2022-07-14 23:50:44,759] {dag.py:2921} INFO - Setting next_dagrun for example_short_circuit_operator to 2022-07-13T23:50:44.757929+00:00
[2022-07-14 23:50:44,796] {processor.py:171} INFO - Processing /home/airflow/.local/lib/python3.7/site-packages/airflow/example_dags/example_short_circuit_operator.py took 0.273 seconds
[2022-07-14 23:51:15,167] {processor.py:163} INFO - Started process (PID=1011) to work on /home/airflow/.local/lib/python3.7/site-packages/airflow/example_dags/example_short_circuit_operator.py
[2022-07-14 23:51:15,173] {processor.py:620} INFO - Processing file /home/airflow/.local/lib/python3.7/site-packages/airflow/example_dags/example_short_circuit_operator.py for tasks to queue
[2022-07-14 23:51:15,177] {logging_mixin.py:109} INFO - [2022-07-14 23:51:15,176] {dagbag.py:500} INFO - Filling up the DagBag from /home/airflow/.local/lib/python3.7/site-packages/airflow/example_dags/example_short_circuit_operator.py
[2022-07-14 23:51:15,262] {processor.py:632} INFO - DAG(s) dict_keys(['example_short_circuit_operator']) retrieved from /home/airflow/.local/lib/python3.7/site-packages/airflow/example_dags/example_short_circuit_operator.py
[2022-07-14 23:51:15,313] {logging_mixin.py:109} INFO - [2022-07-14 23:51:15,313] {dag.py:2389} INFO - Sync 1 DAGs
[2022-07-14 23:51:15,382] {logging_mixin.py:109} INFO - [2022-07-14 23:51:15,382] {dag.py:2921} INFO - Setting next_dagrun for example_short_circuit_operator to 2022-07-13T23:51:15.380206+00:00
[2022-07-14 23:51:15,416] {processor.py:171} INFO - Processing /home/airflow/.local/lib/python3.7/site-packages/airflow/example_dags/example_short_circuit_operator.py took 0.257 seconds
[2022-07-14 23:51:45,656] {processor.py:163} INFO - Started process (PID=1103) to work on /home/airflow/.local/lib/python3.7/site-packages/airflow/example_dags/example_short_circuit_operator.py
[2022-07-14 23:51:45,670] {processor.py:620} INFO - Processing file /home/airflow/.local/lib/python3.7/site-packages/airflow/example_dags/example_short_circuit_operator.py for tasks to queue
[2022-07-14 23:51:45,675] {logging_mixin.py:109} INFO - [2022-07-14 23:51:45,674] {dagbag.py:500} INFO - Filling up the DagBag from /home/airflow/.local/lib/python3.7/site-packages/airflow/example_dags/example_short_circuit_operator.py
[2022-07-14 23:51:45,877] {processor.py:632} INFO - DAG(s) dict_keys(['example_short_circuit_operator']) retrieved from /home/airflow/.local/lib/python3.7/site-packages/airflow/example_dags/example_short_circuit_operator.py
[2022-07-14 23:51:45,942] {logging_mixin.py:109} INFO - [2022-07-14 23:51:45,941] {dag.py:2389} INFO - Sync 1 DAGs
[2022-07-14 23:51:46,014] {logging_mixin.py:109} INFO - [2022-07-14 23:51:46,014] {dag.py:2921} INFO - Setting next_dagrun for example_short_circuit_operator to 2022-07-13T23:51:46.011920+00:00
[2022-07-14 23:51:46,049] {processor.py:171} INFO - Processing /home/airflow/.local/lib/python3.7/site-packages/airflow/example_dags/example_short_circuit_operator.py took 0.400 seconds
[2022-07-14 23:52:16,497] {processor.py:163} INFO - Started process (PID=1189) to work on /home/airflow/.local/lib/python3.7/site-packages/airflow/example_dags/example_short_circuit_operator.py
[2022-07-14 23:52:16,502] {processor.py:620} INFO - Processing file /home/airflow/.local/lib/python3.7/site-packages/airflow/example_dags/example_short_circuit_operator.py for tasks to queue
[2022-07-14 23:52:16,506] {logging_mixin.py:109} INFO - [2022-07-14 23:52:16,505] {dagbag.py:500} INFO - Filling up the DagBag from /home/airflow/.local/lib/python3.7/site-packages/airflow/example_dags/example_short_circuit_operator.py
[2022-07-14 23:52:16,632] {processor.py:632} INFO - DAG(s) dict_keys(['example_short_circuit_operator']) retrieved from /home/airflow/.local/lib/python3.7/site-packages/airflow/example_dags/example_short_circuit_operator.py
[2022-07-14 23:52:16,713] {logging_mixin.py:109} INFO - [2022-07-14 23:52:16,712] {dag.py:2389} INFO - Sync 1 DAGs
[2022-07-14 23:52:16,787] {logging_mixin.py:109} INFO - [2022-07-14 23:52:16,787] {dag.py:2921} INFO - Setting next_dagrun for example_short_circuit_operator to 2022-07-13T23:52:16.785109+00:00
[2022-07-14 23:52:16,821] {processor.py:171} INFO - Processing /home/airflow/.local/lib/python3.7/site-packages/airflow/example_dags/example_short_circuit_operator.py took 0.333 seconds
[2022-07-14 23:52:47,047] {processor.py:163} INFO - Started process (PID=1286) to work on /home/airflow/.local/lib/python3.7/site-packages/airflow/example_dags/example_short_circuit_operator.py
[2022-07-14 23:52:47,053] {processor.py:620} INFO - Processing file /home/airflow/.local/lib/python3.7/site-packages/airflow/example_dags/example_short_circuit_operator.py for tasks to queue
[2022-07-14 23:52:47,057] {logging_mixin.py:109} INFO - [2022-07-14 23:52:47,056] {dagbag.py:500} INFO - Filling up the DagBag from /home/airflow/.local/lib/python3.7/site-packages/airflow/example_dags/example_short_circuit_operator.py
[2022-07-14 23:52:47,140] {processor.py:632} INFO - DAG(s) dict_keys(['example_short_circuit_operator']) retrieved from /home/airflow/.local/lib/python3.7/site-packages/airflow/example_dags/example_short_circuit_operator.py
[2022-07-14 23:52:47,189] {logging_mixin.py:109} INFO - [2022-07-14 23:52:47,188] {dag.py:2389} INFO - Sync 1 DAGs
[2022-07-14 23:52:47,262] {logging_mixin.py:109} INFO - [2022-07-14 23:52:47,261] {dag.py:2921} INFO - Setting next_dagrun for example_short_circuit_operator to 2022-07-13T23:52:47.259499+00:00
[2022-07-14 23:52:47,296] {processor.py:171} INFO - Processing /home/airflow/.local/lib/python3.7/site-packages/airflow/example_dags/example_short_circuit_operator.py took 0.257 seconds
[2022-07-14 23:53:17,626] {processor.py:163} INFO - Started process (PID=1368) to work on /home/airflow/.local/lib/python3.7/site-packages/airflow/example_dags/example_short_circuit_operator.py
[2022-07-14 23:53:17,631] {processor.py:620} INFO - Processing file /home/airflow/.local/lib/python3.7/site-packages/airflow/example_dags/example_short_circuit_operator.py for tasks to queue
[2022-07-14 23:53:17,635] {logging_mixin.py:109} INFO - [2022-07-14 23:53:17,634] {dagbag.py:500} INFO - Filling up the DagBag from /home/airflow/.local/lib/python3.7/site-packages/airflow/example_dags/example_short_circuit_operator.py
[2022-07-14 23:53:17,716] {processor.py:632} INFO - DAG(s) dict_keys(['example_short_circuit_operator']) retrieved from /home/airflow/.local/lib/python3.7/site-packages/airflow/example_dags/example_short_circuit_operator.py
[2022-07-14 23:53:17,760] {logging_mixin.py:109} INFO - [2022-07-14 23:53:17,760] {dag.py:2389} INFO - Sync 1 DAGs
[2022-07-14 23:53:17,827] {logging_mixin.py:109} INFO - [2022-07-14 23:53:17,827] {dag.py:2921} INFO - Setting next_dagrun for example_short_circuit_operator to 2022-07-13T23:53:17.825438+00:00
[2022-07-14 23:53:17,859] {processor.py:171} INFO - Processing /home/airflow/.local/lib/python3.7/site-packages/airflow/example_dags/example_short_circuit_operator.py took 0.242 seconds
[2022-07-14 23:53:48,172] {processor.py:163} INFO - Started process (PID=1466) to work on /home/airflow/.local/lib/python3.7/site-packages/airflow/example_dags/example_short_circuit_operator.py
[2022-07-14 23:53:48,177] {processor.py:620} INFO - Processing file /home/airflow/.local/lib/python3.7/site-packages/airflow/example_dags/example_short_circuit_operator.py for tasks to queue
[2022-07-14 23:53:48,181] {logging_mixin.py:109} INFO - [2022-07-14 23:53:48,181] {dagbag.py:500} INFO - Filling up the DagBag from /home/airflow/.local/lib/python3.7/site-packages/airflow/example_dags/example_short_circuit_operator.py
[2022-07-14 23:53:48,262] {processor.py:632} INFO - DAG(s) dict_keys(['example_short_circuit_operator']) retrieved from /home/airflow/.local/lib/python3.7/site-packages/airflow/example_dags/example_short_circuit_operator.py
[2022-07-14 23:53:48,311] {logging_mixin.py:109} INFO - [2022-07-14 23:53:48,310] {dag.py:2389} INFO - Sync 1 DAGs
[2022-07-14 23:53:48,377] {logging_mixin.py:109} INFO - [2022-07-14 23:53:48,376] {dag.py:2921} INFO - Setting next_dagrun for example_short_circuit_operator to 2022-07-13T23:53:48.374874+00:00
[2022-07-14 23:53:48,408] {processor.py:171} INFO - Processing /home/airflow/.local/lib/python3.7/site-packages/airflow/example_dags/example_short_circuit_operator.py took 0.244 seconds
[2022-07-14 23:54:18,714] {processor.py:163} INFO - Started process (PID=1546) to work on /home/airflow/.local/lib/python3.7/site-packages/airflow/example_dags/example_short_circuit_operator.py
[2022-07-14 23:54:18,718] {processor.py:620} INFO - Processing file /home/airflow/.local/lib/python3.7/site-packages/airflow/example_dags/example_short_circuit_operator.py for tasks to queue
[2022-07-14 23:54:18,721] {logging_mixin.py:109} INFO - [2022-07-14 23:54:18,721] {dagbag.py:500} INFO - Filling up the DagBag from /home/airflow/.local/lib/python3.7/site-packages/airflow/example_dags/example_short_circuit_operator.py
[2022-07-14 23:54:18,796] {processor.py:632} INFO - DAG(s) dict_keys(['example_short_circuit_operator']) retrieved from /home/airflow/.local/lib/python3.7/site-packages/airflow/example_dags/example_short_circuit_operator.py
[2022-07-14 23:54:18,841] {logging_mixin.py:109} INFO - [2022-07-14 23:54:18,841] {dag.py:2389} INFO - Sync 1 DAGs
[2022-07-14 23:54:18,907] {logging_mixin.py:109} INFO - [2022-07-14 23:54:18,907] {dag.py:2921} INFO - Setting next_dagrun for example_short_circuit_operator to 2022-07-13T23:54:18.905668+00:00
[2022-07-14 23:54:18,937] {processor.py:171} INFO - Processing /home/airflow/.local/lib/python3.7/site-packages/airflow/example_dags/example_short_circuit_operator.py took 0.230 seconds
[2022-07-14 23:54:49,173] {processor.py:163} INFO - Started process (PID=1644) to work on /home/airflow/.local/lib/python3.7/site-packages/airflow/example_dags/example_short_circuit_operator.py
[2022-07-14 23:54:49,177] {processor.py:620} INFO - Processing file /home/airflow/.local/lib/python3.7/site-packages/airflow/example_dags/example_short_circuit_operator.py for tasks to queue
[2022-07-14 23:54:49,181] {logging_mixin.py:109} INFO - [2022-07-14 23:54:49,181] {dagbag.py:500} INFO - Filling up the DagBag from /home/airflow/.local/lib/python3.7/site-packages/airflow/example_dags/example_short_circuit_operator.py
[2022-07-14 23:54:49,289] {processor.py:632} INFO - DAG(s) dict_keys(['example_short_circuit_operator']) retrieved from /home/airflow/.local/lib/python3.7/site-packages/airflow/example_dags/example_short_circuit_operator.py
[2022-07-14 23:54:49,331] {logging_mixin.py:109} INFO - [2022-07-14 23:54:49,330] {dag.py:2389} INFO - Sync 1 DAGs
[2022-07-14 23:54:49,399] {logging_mixin.py:109} INFO - [2022-07-14 23:54:49,398] {dag.py:2921} INFO - Setting next_dagrun for example_short_circuit_operator to 2022-07-13T23:54:49.397377+00:00
[2022-07-14 23:54:49,430] {processor.py:171} INFO - Processing /home/airflow/.local/lib/python3.7/site-packages/airflow/example_dags/example_short_circuit_operator.py took 0.264 seconds
[2022-07-14 23:55:19,618] {processor.py:163} INFO - Started process (PID=1724) to work on /home/airflow/.local/lib/python3.7/site-packages/airflow/example_dags/example_short_circuit_operator.py
[2022-07-14 23:55:19,622] {processor.py:620} INFO - Processing file /home/airflow/.local/lib/python3.7/site-packages/airflow/example_dags/example_short_circuit_operator.py for tasks to queue
[2022-07-14 23:55:19,624] {logging_mixin.py:109} INFO - [2022-07-14 23:55:19,624] {dagbag.py:500} INFO - Filling up the DagBag from /home/airflow/.local/lib/python3.7/site-packages/airflow/example_dags/example_short_circuit_operator.py
[2022-07-14 23:55:19,690] {processor.py:632} INFO - DAG(s) dict_keys(['example_short_circuit_operator']) retrieved from /home/airflow/.local/lib/python3.7/site-packages/airflow/example_dags/example_short_circuit_operator.py
[2022-07-14 23:55:19,731] {logging_mixin.py:109} INFO - [2022-07-14 23:55:19,730] {dag.py:2389} INFO - Sync 1 DAGs
[2022-07-14 23:55:19,790] {logging_mixin.py:109} INFO - [2022-07-14 23:55:19,790] {dag.py:2921} INFO - Setting next_dagrun for example_short_circuit_operator to 2022-07-13T23:55:19.788203+00:00
[2022-07-14 23:55:19,816] {processor.py:171} INFO - Processing /home/airflow/.local/lib/python3.7/site-packages/airflow/example_dags/example_short_circuit_operator.py took 0.205 seconds
[2022-07-14 23:55:50,376] {processor.py:163} INFO - Started process (PID=1822) to work on /home/airflow/.local/lib/python3.7/site-packages/airflow/example_dags/example_short_circuit_operator.py
[2022-07-14 23:55:50,380] {processor.py:620} INFO - Processing file /home/airflow/.local/lib/python3.7/site-packages/airflow/example_dags/example_short_circuit_operator.py for tasks to queue
[2022-07-14 23:55:50,383] {logging_mixin.py:109} INFO - [2022-07-14 23:55:50,382] {dagbag.py:500} INFO - Filling up the DagBag from /home/airflow/.local/lib/python3.7/site-packages/airflow/example_dags/example_short_circuit_operator.py
[2022-07-14 23:55:50,458] {processor.py:632} INFO - DAG(s) dict_keys(['example_short_circuit_operator']) retrieved from /home/airflow/.local/lib/python3.7/site-packages/airflow/example_dags/example_short_circuit_operator.py
[2022-07-14 23:55:50,503] {logging_mixin.py:109} INFO - [2022-07-14 23:55:50,502] {dag.py:2389} INFO - Sync 1 DAGs
[2022-07-14 23:55:50,567] {logging_mixin.py:109} INFO - [2022-07-14 23:55:50,567] {dag.py:2921} INFO - Setting next_dagrun for example_short_circuit_operator to 2022-07-13T23:55:50.565410+00:00
[2022-07-14 23:55:50,600] {processor.py:171} INFO - Processing /home/airflow/.local/lib/python3.7/site-packages/airflow/example_dags/example_short_circuit_operator.py took 0.231 seconds
[2022-07-14 23:56:21,110] {processor.py:163} INFO - Started process (PID=1904) to work on /home/airflow/.local/lib/python3.7/site-packages/airflow/example_dags/example_short_circuit_operator.py
[2022-07-14 23:56:21,114] {processor.py:620} INFO - Processing file /home/airflow/.local/lib/python3.7/site-packages/airflow/example_dags/example_short_circuit_operator.py for tasks to queue
[2022-07-14 23:56:21,116] {logging_mixin.py:109} INFO - [2022-07-14 23:56:21,116] {dagbag.py:500} INFO - Filling up the DagBag from /home/airflow/.local/lib/python3.7/site-packages/airflow/example_dags/example_short_circuit_operator.py
[2022-07-14 23:56:21,187] {processor.py:632} INFO - DAG(s) dict_keys(['example_short_circuit_operator']) retrieved from /home/airflow/.local/lib/python3.7/site-packages/airflow/example_dags/example_short_circuit_operator.py
[2022-07-14 23:56:21,227] {logging_mixin.py:109} INFO - [2022-07-14 23:56:21,226] {dag.py:2389} INFO - Sync 1 DAGs
[2022-07-14 23:56:21,282] {logging_mixin.py:109} INFO - [2022-07-14 23:56:21,282] {dag.py:2921} INFO - Setting next_dagrun for example_short_circuit_operator to 2022-07-13T23:56:21.280781+00:00
[2022-07-14 23:56:21,308] {processor.py:171} INFO - Processing /home/airflow/.local/lib/python3.7/site-packages/airflow/example_dags/example_short_circuit_operator.py took 0.205 seconds
[2022-07-14 23:56:52,023] {processor.py:163} INFO - Started process (PID=1999) to work on /home/airflow/.local/lib/python3.7/site-packages/airflow/example_dags/example_short_circuit_operator.py
[2022-07-14 23:56:52,034] {processor.py:620} INFO - Processing file /home/airflow/.local/lib/python3.7/site-packages/airflow/example_dags/example_short_circuit_operator.py for tasks to queue
[2022-07-14 23:56:52,038] {logging_mixin.py:109} INFO - [2022-07-14 23:56:52,038] {dagbag.py:500} INFO - Filling up the DagBag from /home/airflow/.local/lib/python3.7/site-packages/airflow/example_dags/example_short_circuit_operator.py
[2022-07-14 23:56:52,185] {processor.py:632} INFO - DAG(s) dict_keys(['example_short_circuit_operator']) retrieved from /home/airflow/.local/lib/python3.7/site-packages/airflow/example_dags/example_short_circuit_operator.py
[2022-07-14 23:56:52,233] {logging_mixin.py:109} INFO - [2022-07-14 23:56:52,232] {dag.py:2389} INFO - Sync 1 DAGs
[2022-07-14 23:56:52,339] {logging_mixin.py:109} INFO - [2022-07-14 23:56:52,339] {dag.py:2921} INFO - Setting next_dagrun for example_short_circuit_operator to 2022-07-13T23:56:52.337173+00:00
[2022-07-14 23:56:52,384] {processor.py:171} INFO - Processing /home/airflow/.local/lib/python3.7/site-packages/airflow/example_dags/example_short_circuit_operator.py took 0.372 seconds
[2022-07-14 23:57:22,473] {processor.py:163} INFO - Started process (PID=2081) to work on /home/airflow/.local/lib/python3.7/site-packages/airflow/example_dags/example_short_circuit_operator.py
[2022-07-14 23:57:22,478] {processor.py:620} INFO - Processing file /home/airflow/.local/lib/python3.7/site-packages/airflow/example_dags/example_short_circuit_operator.py for tasks to queue
[2022-07-14 23:57:22,480] {logging_mixin.py:109} INFO - [2022-07-14 23:57:22,480] {dagbag.py:500} INFO - Filling up the DagBag from /home/airflow/.local/lib/python3.7/site-packages/airflow/example_dags/example_short_circuit_operator.py
[2022-07-14 23:57:22,553] {processor.py:632} INFO - DAG(s) dict_keys(['example_short_circuit_operator']) retrieved from /home/airflow/.local/lib/python3.7/site-packages/airflow/example_dags/example_short_circuit_operator.py
[2022-07-14 23:57:22,596] {logging_mixin.py:109} INFO - [2022-07-14 23:57:22,595] {dag.py:2389} INFO - Sync 1 DAGs
[2022-07-14 23:57:22,649] {logging_mixin.py:109} INFO - [2022-07-14 23:57:22,649] {dag.py:2921} INFO - Setting next_dagrun for example_short_circuit_operator to 2022-07-13T23:57:22.647808+00:00
[2022-07-14 23:57:22,677] {processor.py:171} INFO - Processing /home/airflow/.local/lib/python3.7/site-packages/airflow/example_dags/example_short_circuit_operator.py took 0.211 seconds
[2022-07-14 23:57:53,345] {processor.py:163} INFO - Started process (PID=2179) to work on /home/airflow/.local/lib/python3.7/site-packages/airflow/example_dags/example_short_circuit_operator.py
[2022-07-14 23:57:53,349] {processor.py:620} INFO - Processing file /home/airflow/.local/lib/python3.7/site-packages/airflow/example_dags/example_short_circuit_operator.py for tasks to queue
[2022-07-14 23:57:53,352] {logging_mixin.py:109} INFO - [2022-07-14 23:57:53,352] {dagbag.py:500} INFO - Filling up the DagBag from /home/airflow/.local/lib/python3.7/site-packages/airflow/example_dags/example_short_circuit_operator.py
[2022-07-14 23:57:53,438] {processor.py:632} INFO - DAG(s) dict_keys(['example_short_circuit_operator']) retrieved from /home/airflow/.local/lib/python3.7/site-packages/airflow/example_dags/example_short_circuit_operator.py
[2022-07-14 23:57:53,486] {logging_mixin.py:109} INFO - [2022-07-14 23:57:53,485] {dag.py:2389} INFO - Sync 1 DAGs
[2022-07-14 23:57:53,551] {logging_mixin.py:109} INFO - [2022-07-14 23:57:53,550] {dag.py:2921} INFO - Setting next_dagrun for example_short_circuit_operator to 2022-07-13T23:57:53.549088+00:00
[2022-07-14 23:57:53,582] {processor.py:171} INFO - Processing /home/airflow/.local/lib/python3.7/site-packages/airflow/example_dags/example_short_circuit_operator.py took 0.244 seconds
[2022-07-14 23:58:23,626] {processor.py:163} INFO - Started process (PID=2261) to work on /home/airflow/.local/lib/python3.7/site-packages/airflow/example_dags/example_short_circuit_operator.py
[2022-07-14 23:58:23,631] {processor.py:620} INFO - Processing file /home/airflow/.local/lib/python3.7/site-packages/airflow/example_dags/example_short_circuit_operator.py for tasks to queue
[2022-07-14 23:58:23,635] {logging_mixin.py:109} INFO - [2022-07-14 23:58:23,634] {dagbag.py:500} INFO - Filling up the DagBag from /home/airflow/.local/lib/python3.7/site-packages/airflow/example_dags/example_short_circuit_operator.py
[2022-07-14 23:58:23,709] {processor.py:632} INFO - DAG(s) dict_keys(['example_short_circuit_operator']) retrieved from /home/airflow/.local/lib/python3.7/site-packages/airflow/example_dags/example_short_circuit_operator.py
[2022-07-14 23:58:23,750] {logging_mixin.py:109} INFO - [2022-07-14 23:58:23,750] {dag.py:2389} INFO - Sync 1 DAGs
[2022-07-14 23:58:23,804] {logging_mixin.py:109} INFO - [2022-07-14 23:58:23,803] {dag.py:2921} INFO - Setting next_dagrun for example_short_circuit_operator to 2022-07-13T23:58:23.802112+00:00
[2022-07-14 23:58:23,830] {processor.py:171} INFO - Processing /home/airflow/.local/lib/python3.7/site-packages/airflow/example_dags/example_short_circuit_operator.py took 0.211 seconds
[2022-07-14 23:58:54,160] {processor.py:163} INFO - Started process (PID=2357) to work on /home/airflow/.local/lib/python3.7/site-packages/airflow/example_dags/example_short_circuit_operator.py
[2022-07-14 23:58:54,166] {processor.py:620} INFO - Processing file /home/airflow/.local/lib/python3.7/site-packages/airflow/example_dags/example_short_circuit_operator.py for tasks to queue
[2022-07-14 23:58:54,169] {logging_mixin.py:109} INFO - [2022-07-14 23:58:54,168] {dagbag.py:500} INFO - Filling up the DagBag from /home/airflow/.local/lib/python3.7/site-packages/airflow/example_dags/example_short_circuit_operator.py
[2022-07-14 23:58:54,261] {processor.py:632} INFO - DAG(s) dict_keys(['example_short_circuit_operator']) retrieved from /home/airflow/.local/lib/python3.7/site-packages/airflow/example_dags/example_short_circuit_operator.py
[2022-07-14 23:58:54,305] {logging_mixin.py:109} INFO - [2022-07-14 23:58:54,305] {dag.py:2389} INFO - Sync 1 DAGs
[2022-07-14 23:58:54,374] {logging_mixin.py:109} INFO - [2022-07-14 23:58:54,373] {dag.py:2921} INFO - Setting next_dagrun for example_short_circuit_operator to 2022-07-13T23:58:54.371669+00:00
[2022-07-14 23:58:54,409] {processor.py:171} INFO - Processing /home/airflow/.local/lib/python3.7/site-packages/airflow/example_dags/example_short_circuit_operator.py took 0.258 seconds
[2022-07-14 23:59:24,470] {processor.py:163} INFO - Started process (PID=2449) to work on /home/airflow/.local/lib/python3.7/site-packages/airflow/example_dags/example_short_circuit_operator.py
[2022-07-14 23:59:24,474] {processor.py:620} INFO - Processing file /home/airflow/.local/lib/python3.7/site-packages/airflow/example_dags/example_short_circuit_operator.py for tasks to queue
[2022-07-14 23:59:24,478] {logging_mixin.py:109} INFO - [2022-07-14 23:59:24,477] {dagbag.py:500} INFO - Filling up the DagBag from /home/airflow/.local/lib/python3.7/site-packages/airflow/example_dags/example_short_circuit_operator.py
[2022-07-14 23:59:24,551] {processor.py:632} INFO - DAG(s) dict_keys(['example_short_circuit_operator']) retrieved from /home/airflow/.local/lib/python3.7/site-packages/airflow/example_dags/example_short_circuit_operator.py
[2022-07-14 23:59:24,595] {logging_mixin.py:109} INFO - [2022-07-14 23:59:24,595] {dag.py:2389} INFO - Sync 1 DAGs
[2022-07-14 23:59:24,656] {logging_mixin.py:109} INFO - [2022-07-14 23:59:24,656] {dag.py:2921} INFO - Setting next_dagrun for example_short_circuit_operator to 2022-07-13T23:59:24.654374+00:00
[2022-07-14 23:59:24,684] {processor.py:171} INFO - Processing /home/airflow/.local/lib/python3.7/site-packages/airflow/example_dags/example_short_circuit_operator.py took 0.222 seconds
[2022-07-14 23:59:55,185] {processor.py:163} INFO - Started process (PID=2537) to work on /home/airflow/.local/lib/python3.7/site-packages/airflow/example_dags/example_short_circuit_operator.py
[2022-07-14 23:59:55,189] {processor.py:620} INFO - Processing file /home/airflow/.local/lib/python3.7/site-packages/airflow/example_dags/example_short_circuit_operator.py for tasks to queue
[2022-07-14 23:59:55,193] {logging_mixin.py:109} INFO - [2022-07-14 23:59:55,193] {dagbag.py:500} INFO - Filling up the DagBag from /home/airflow/.local/lib/python3.7/site-packages/airflow/example_dags/example_short_circuit_operator.py
[2022-07-14 23:59:55,272] {processor.py:632} INFO - DAG(s) dict_keys(['example_short_circuit_operator']) retrieved from /home/airflow/.local/lib/python3.7/site-packages/airflow/example_dags/example_short_circuit_operator.py
[2022-07-14 23:59:55,322] {logging_mixin.py:109} INFO - [2022-07-14 23:59:55,321] {dag.py:2389} INFO - Sync 1 DAGs
[2022-07-14 23:59:55,388] {logging_mixin.py:109} INFO - [2022-07-14 23:59:55,388] {dag.py:2921} INFO - Setting next_dagrun for example_short_circuit_operator to 2022-07-13T23:59:55.386223+00:00
[2022-07-14 23:59:55,422] {processor.py:171} INFO - Processing /home/airflow/.local/lib/python3.7/site-packages/airflow/example_dags/example_short_circuit_operator.py took 0.244 seconds
