[2022-07-14 23:41:09,333] {processor.py:163} INFO - Started process (PID=324) to work on /home/airflow/.local/lib/python3.7/site-packages/airflow/example_dags/tutorial_taskflow_api_etl_virtualenv.py
[2022-07-14 23:41:09,341] {processor.py:620} INFO - Processing file /home/airflow/.local/lib/python3.7/site-packages/airflow/example_dags/tutorial_taskflow_api_etl_virtualenv.py for tasks to queue
[2022-07-14 23:41:09,346] {logging_mixin.py:109} INFO - [2022-07-14 23:41:09,346] {dagbag.py:500} INFO - Filling up the DagBag from /home/airflow/.local/lib/python3.7/site-packages/airflow/example_dags/tutorial_taskflow_api_etl_virtualenv.py
[2022-07-14 23:41:09,647] {processor.py:632} INFO - DAG(s) dict_keys(['tutorial_taskflow_api_etl_virtualenv']) retrieved from /home/airflow/.local/lib/python3.7/site-packages/airflow/example_dags/tutorial_taskflow_api_etl_virtualenv.py
[2022-07-14 23:41:19,339] {logging_mixin.py:109} INFO - [2022-07-14 23:41:19,338] {dag.py:2389} INFO - Sync 1 DAGs
[2022-07-14 23:41:19,761] {logging_mixin.py:109} INFO - [2022-07-14 23:41:19,760] {dag.py:2921} INFO - Setting next_dagrun for tutorial_taskflow_api_etl_virtualenv to None
[2022-07-14 23:41:20,033] {processor.py:171} INFO - Processing /home/airflow/.local/lib/python3.7/site-packages/airflow/example_dags/tutorial_taskflow_api_etl_virtualenv.py took 10.734 seconds
[2022-07-14 23:42:11,635] {processor.py:163} INFO - Started process (PID=448) to work on /home/airflow/.local/lib/python3.7/site-packages/airflow/example_dags/tutorial_taskflow_api_etl_virtualenv.py
[2022-07-14 23:42:11,664] {processor.py:620} INFO - Processing file /home/airflow/.local/lib/python3.7/site-packages/airflow/example_dags/tutorial_taskflow_api_etl_virtualenv.py for tasks to queue
[2022-07-14 23:42:11,682] {logging_mixin.py:109} INFO - [2022-07-14 23:42:11,673] {dagbag.py:500} INFO - Filling up the DagBag from /home/airflow/.local/lib/python3.7/site-packages/airflow/example_dags/tutorial_taskflow_api_etl_virtualenv.py
[2022-07-14 23:42:12,407] {processor.py:632} INFO - DAG(s) dict_keys(['tutorial_taskflow_api_etl_virtualenv']) retrieved from /home/airflow/.local/lib/python3.7/site-packages/airflow/example_dags/tutorial_taskflow_api_etl_virtualenv.py
[2022-07-14 23:42:24,424] {logging_mixin.py:109} INFO - [2022-07-14 23:42:24,423] {dag.py:2389} INFO - Sync 1 DAGs
[2022-07-14 23:42:25,256] {logging_mixin.py:109} INFO - [2022-07-14 23:42:25,234] {dag.py:2921} INFO - Setting next_dagrun for tutorial_taskflow_api_etl_virtualenv to None
[2022-07-14 23:42:25,635] {processor.py:171} INFO - Processing /home/airflow/.local/lib/python3.7/site-packages/airflow/example_dags/tutorial_taskflow_api_etl_virtualenv.py took 14.036 seconds
[2022-07-14 23:46:38,801] {processor.py:163} INFO - Started process (PID=197) to work on /home/airflow/.local/lib/python3.7/site-packages/airflow/example_dags/tutorial_taskflow_api_etl_virtualenv.py
[2022-07-14 23:46:38,811] {processor.py:620} INFO - Processing file /home/airflow/.local/lib/python3.7/site-packages/airflow/example_dags/tutorial_taskflow_api_etl_virtualenv.py for tasks to queue
[2022-07-14 23:46:38,823] {logging_mixin.py:109} INFO - [2022-07-14 23:46:38,818] {dagbag.py:500} INFO - Filling up the DagBag from /home/airflow/.local/lib/python3.7/site-packages/airflow/example_dags/tutorial_taskflow_api_etl_virtualenv.py
[2022-07-14 23:46:39,150] {processor.py:632} INFO - DAG(s) dict_keys(['tutorial_taskflow_api_etl_virtualenv']) retrieved from /home/airflow/.local/lib/python3.7/site-packages/airflow/example_dags/tutorial_taskflow_api_etl_virtualenv.py
[2022-07-14 23:46:42,683] {logging_mixin.py:109} INFO - [2022-07-14 23:46:42,682] {dag.py:2389} INFO - Sync 1 DAGs
[2022-07-14 23:46:42,858] {logging_mixin.py:109} INFO - [2022-07-14 23:46:42,858] {dag.py:2921} INFO - Setting next_dagrun for tutorial_taskflow_api_etl_virtualenv to None
[2022-07-14 23:46:42,928] {processor.py:171} INFO - Processing /home/airflow/.local/lib/python3.7/site-packages/airflow/example_dags/tutorial_taskflow_api_etl_virtualenv.py took 4.156 seconds
[2022-07-14 23:47:13,043] {processor.py:163} INFO - Started process (PID=297) to work on /home/airflow/.local/lib/python3.7/site-packages/airflow/example_dags/tutorial_taskflow_api_etl_virtualenv.py
[2022-07-14 23:47:13,059] {processor.py:620} INFO - Processing file /home/airflow/.local/lib/python3.7/site-packages/airflow/example_dags/tutorial_taskflow_api_etl_virtualenv.py for tasks to queue
[2022-07-14 23:47:13,064] {logging_mixin.py:109} INFO - [2022-07-14 23:47:13,064] {dagbag.py:500} INFO - Filling up the DagBag from /home/airflow/.local/lib/python3.7/site-packages/airflow/example_dags/tutorial_taskflow_api_etl_virtualenv.py
[2022-07-14 23:47:13,262] {processor.py:632} INFO - DAG(s) dict_keys(['tutorial_taskflow_api_etl_virtualenv']) retrieved from /home/airflow/.local/lib/python3.7/site-packages/airflow/example_dags/tutorial_taskflow_api_etl_virtualenv.py
[2022-07-14 23:47:15,759] {logging_mixin.py:109} INFO - [2022-07-14 23:47:15,758] {dag.py:2389} INFO - Sync 1 DAGs
[2022-07-14 23:47:15,864] {logging_mixin.py:109} INFO - [2022-07-14 23:47:15,864] {dag.py:2921} INFO - Setting next_dagrun for tutorial_taskflow_api_etl_virtualenv to None
[2022-07-14 23:47:15,954] {processor.py:171} INFO - Processing /home/airflow/.local/lib/python3.7/site-packages/airflow/example_dags/tutorial_taskflow_api_etl_virtualenv.py took 2.919 seconds
[2022-07-14 23:47:46,095] {processor.py:163} INFO - Started process (PID=396) to work on /home/airflow/.local/lib/python3.7/site-packages/airflow/example_dags/tutorial_taskflow_api_etl_virtualenv.py
[2022-07-14 23:47:46,102] {processor.py:620} INFO - Processing file /home/airflow/.local/lib/python3.7/site-packages/airflow/example_dags/tutorial_taskflow_api_etl_virtualenv.py for tasks to queue
[2022-07-14 23:47:46,107] {logging_mixin.py:109} INFO - [2022-07-14 23:47:46,107] {dagbag.py:500} INFO - Filling up the DagBag from /home/airflow/.local/lib/python3.7/site-packages/airflow/example_dags/tutorial_taskflow_api_etl_virtualenv.py
[2022-07-14 23:47:46,276] {processor.py:632} INFO - DAG(s) dict_keys(['tutorial_taskflow_api_etl_virtualenv']) retrieved from /home/airflow/.local/lib/python3.7/site-packages/airflow/example_dags/tutorial_taskflow_api_etl_virtualenv.py
[2022-07-14 23:47:47,691] {logging_mixin.py:109} INFO - [2022-07-14 23:47:47,691] {dag.py:2389} INFO - Sync 1 DAGs
[2022-07-14 23:47:47,782] {logging_mixin.py:109} INFO - [2022-07-14 23:47:47,782] {dag.py:2921} INFO - Setting next_dagrun for tutorial_taskflow_api_etl_virtualenv to None
[2022-07-14 23:47:47,850] {processor.py:171} INFO - Processing /home/airflow/.local/lib/python3.7/site-packages/airflow/example_dags/tutorial_taskflow_api_etl_virtualenv.py took 1.763 seconds
[2022-07-14 23:48:18,177] {processor.py:163} INFO - Started process (PID=480) to work on /home/airflow/.local/lib/python3.7/site-packages/airflow/example_dags/tutorial_taskflow_api_etl_virtualenv.py
[2022-07-14 23:48:18,181] {processor.py:620} INFO - Processing file /home/airflow/.local/lib/python3.7/site-packages/airflow/example_dags/tutorial_taskflow_api_etl_virtualenv.py for tasks to queue
[2022-07-14 23:48:18,184] {logging_mixin.py:109} INFO - [2022-07-14 23:48:18,184] {dagbag.py:500} INFO - Filling up the DagBag from /home/airflow/.local/lib/python3.7/site-packages/airflow/example_dags/tutorial_taskflow_api_etl_virtualenv.py
[2022-07-14 23:48:18,266] {processor.py:632} INFO - DAG(s) dict_keys(['tutorial_taskflow_api_etl_virtualenv']) retrieved from /home/airflow/.local/lib/python3.7/site-packages/airflow/example_dags/tutorial_taskflow_api_etl_virtualenv.py
[2022-07-14 23:48:19,315] {logging_mixin.py:109} INFO - [2022-07-14 23:48:19,314] {dag.py:2389} INFO - Sync 1 DAGs
[2022-07-14 23:48:19,367] {logging_mixin.py:109} INFO - [2022-07-14 23:48:19,367] {dag.py:2921} INFO - Setting next_dagrun for tutorial_taskflow_api_etl_virtualenv to None
[2022-07-14 23:48:19,400] {processor.py:171} INFO - Processing /home/airflow/.local/lib/python3.7/site-packages/airflow/example_dags/tutorial_taskflow_api_etl_virtualenv.py took 1.231 seconds
[2022-07-14 23:48:49,661] {processor.py:163} INFO - Started process (PID=578) to work on /home/airflow/.local/lib/python3.7/site-packages/airflow/example_dags/tutorial_taskflow_api_etl_virtualenv.py
[2022-07-14 23:48:49,666] {processor.py:620} INFO - Processing file /home/airflow/.local/lib/python3.7/site-packages/airflow/example_dags/tutorial_taskflow_api_etl_virtualenv.py for tasks to queue
[2022-07-14 23:48:49,669] {logging_mixin.py:109} INFO - [2022-07-14 23:48:49,669] {dagbag.py:500} INFO - Filling up the DagBag from /home/airflow/.local/lib/python3.7/site-packages/airflow/example_dags/tutorial_taskflow_api_etl_virtualenv.py
[2022-07-14 23:48:49,761] {processor.py:632} INFO - DAG(s) dict_keys(['tutorial_taskflow_api_etl_virtualenv']) retrieved from /home/airflow/.local/lib/python3.7/site-packages/airflow/example_dags/tutorial_taskflow_api_etl_virtualenv.py
[2022-07-14 23:48:50,910] {logging_mixin.py:109} INFO - [2022-07-14 23:48:50,910] {dag.py:2389} INFO - Sync 1 DAGs
[2022-07-14 23:48:50,970] {logging_mixin.py:109} INFO - [2022-07-14 23:48:50,969] {dag.py:2921} INFO - Setting next_dagrun for tutorial_taskflow_api_etl_virtualenv to None
[2022-07-14 23:48:51,005] {processor.py:171} INFO - Processing /home/airflow/.local/lib/python3.7/site-packages/airflow/example_dags/tutorial_taskflow_api_etl_virtualenv.py took 1.352 seconds
[2022-07-14 23:49:21,490] {processor.py:163} INFO - Started process (PID=664) to work on /home/airflow/.local/lib/python3.7/site-packages/airflow/example_dags/tutorial_taskflow_api_etl_virtualenv.py
[2022-07-14 23:49:21,495] {processor.py:620} INFO - Processing file /home/airflow/.local/lib/python3.7/site-packages/airflow/example_dags/tutorial_taskflow_api_etl_virtualenv.py for tasks to queue
[2022-07-14 23:49:21,499] {logging_mixin.py:109} INFO - [2022-07-14 23:49:21,498] {dagbag.py:500} INFO - Filling up the DagBag from /home/airflow/.local/lib/python3.7/site-packages/airflow/example_dags/tutorial_taskflow_api_etl_virtualenv.py
[2022-07-14 23:49:21,592] {processor.py:632} INFO - DAG(s) dict_keys(['tutorial_taskflow_api_etl_virtualenv']) retrieved from /home/airflow/.local/lib/python3.7/site-packages/airflow/example_dags/tutorial_taskflow_api_etl_virtualenv.py
[2022-07-14 23:49:22,693] {logging_mixin.py:109} INFO - [2022-07-14 23:49:22,693] {dag.py:2389} INFO - Sync 1 DAGs
[2022-07-14 23:49:22,759] {logging_mixin.py:109} INFO - [2022-07-14 23:49:22,758] {dag.py:2921} INFO - Setting next_dagrun for tutorial_taskflow_api_etl_virtualenv to None
[2022-07-14 23:49:22,798] {processor.py:171} INFO - Processing /home/airflow/.local/lib/python3.7/site-packages/airflow/example_dags/tutorial_taskflow_api_etl_virtualenv.py took 1.316 seconds
[2022-07-14 23:49:53,164] {processor.py:163} INFO - Started process (PID=766) to work on /home/airflow/.local/lib/python3.7/site-packages/airflow/example_dags/tutorial_taskflow_api_etl_virtualenv.py
[2022-07-14 23:49:53,169] {processor.py:620} INFO - Processing file /home/airflow/.local/lib/python3.7/site-packages/airflow/example_dags/tutorial_taskflow_api_etl_virtualenv.py for tasks to queue
[2022-07-14 23:49:53,174] {logging_mixin.py:109} INFO - [2022-07-14 23:49:53,173] {dagbag.py:500} INFO - Filling up the DagBag from /home/airflow/.local/lib/python3.7/site-packages/airflow/example_dags/tutorial_taskflow_api_etl_virtualenv.py
[2022-07-14 23:49:53,275] {processor.py:632} INFO - DAG(s) dict_keys(['tutorial_taskflow_api_etl_virtualenv']) retrieved from /home/airflow/.local/lib/python3.7/site-packages/airflow/example_dags/tutorial_taskflow_api_etl_virtualenv.py
[2022-07-14 23:49:54,556] {logging_mixin.py:109} INFO - [2022-07-14 23:49:54,556] {dag.py:2389} INFO - Sync 1 DAGs
[2022-07-14 23:49:54,617] {logging_mixin.py:109} INFO - [2022-07-14 23:49:54,617] {dag.py:2921} INFO - Setting next_dagrun for tutorial_taskflow_api_etl_virtualenv to None
[2022-07-14 23:49:54,653] {processor.py:171} INFO - Processing /home/airflow/.local/lib/python3.7/site-packages/airflow/example_dags/tutorial_taskflow_api_etl_virtualenv.py took 1.496 seconds
[2022-07-14 23:50:25,138] {processor.py:163} INFO - Started process (PID=862) to work on /home/airflow/.local/lib/python3.7/site-packages/airflow/example_dags/tutorial_taskflow_api_etl_virtualenv.py
[2022-07-14 23:50:25,144] {processor.py:620} INFO - Processing file /home/airflow/.local/lib/python3.7/site-packages/airflow/example_dags/tutorial_taskflow_api_etl_virtualenv.py for tasks to queue
[2022-07-14 23:50:25,147] {logging_mixin.py:109} INFO - [2022-07-14 23:50:25,147] {dagbag.py:500} INFO - Filling up the DagBag from /home/airflow/.local/lib/python3.7/site-packages/airflow/example_dags/tutorial_taskflow_api_etl_virtualenv.py
[2022-07-14 23:50:25,261] {processor.py:632} INFO - DAG(s) dict_keys(['tutorial_taskflow_api_etl_virtualenv']) retrieved from /home/airflow/.local/lib/python3.7/site-packages/airflow/example_dags/tutorial_taskflow_api_etl_virtualenv.py
[2022-07-14 23:50:26,566] {logging_mixin.py:109} INFO - [2022-07-14 23:50:26,565] {dag.py:2389} INFO - Sync 1 DAGs
[2022-07-14 23:50:26,635] {logging_mixin.py:109} INFO - [2022-07-14 23:50:26,635] {dag.py:2921} INFO - Setting next_dagrun for tutorial_taskflow_api_etl_virtualenv to None
[2022-07-14 23:50:26,671] {processor.py:171} INFO - Processing /home/airflow/.local/lib/python3.7/site-packages/airflow/example_dags/tutorial_taskflow_api_etl_virtualenv.py took 1.541 seconds
[2022-07-14 23:50:56,736] {processor.py:163} INFO - Started process (PID=953) to work on /home/airflow/.local/lib/python3.7/site-packages/airflow/example_dags/tutorial_taskflow_api_etl_virtualenv.py
[2022-07-14 23:50:56,741] {processor.py:620} INFO - Processing file /home/airflow/.local/lib/python3.7/site-packages/airflow/example_dags/tutorial_taskflow_api_etl_virtualenv.py for tasks to queue
[2022-07-14 23:50:56,744] {logging_mixin.py:109} INFO - [2022-07-14 23:50:56,744] {dagbag.py:500} INFO - Filling up the DagBag from /home/airflow/.local/lib/python3.7/site-packages/airflow/example_dags/tutorial_taskflow_api_etl_virtualenv.py
[2022-07-14 23:50:56,855] {processor.py:632} INFO - DAG(s) dict_keys(['tutorial_taskflow_api_etl_virtualenv']) retrieved from /home/airflow/.local/lib/python3.7/site-packages/airflow/example_dags/tutorial_taskflow_api_etl_virtualenv.py
[2022-07-14 23:50:58,189] {logging_mixin.py:109} INFO - [2022-07-14 23:50:58,188] {dag.py:2389} INFO - Sync 1 DAGs
[2022-07-14 23:50:58,261] {logging_mixin.py:109} INFO - [2022-07-14 23:50:58,260] {dag.py:2921} INFO - Setting next_dagrun for tutorial_taskflow_api_etl_virtualenv to None
[2022-07-14 23:50:58,304] {processor.py:171} INFO - Processing /home/airflow/.local/lib/python3.7/site-packages/airflow/example_dags/tutorial_taskflow_api_etl_virtualenv.py took 1.575 seconds
[2022-07-14 23:51:28,689] {processor.py:163} INFO - Started process (PID=1053) to work on /home/airflow/.local/lib/python3.7/site-packages/airflow/example_dags/tutorial_taskflow_api_etl_virtualenv.py
[2022-07-14 23:51:28,694] {processor.py:620} INFO - Processing file /home/airflow/.local/lib/python3.7/site-packages/airflow/example_dags/tutorial_taskflow_api_etl_virtualenv.py for tasks to queue
[2022-07-14 23:51:28,698] {logging_mixin.py:109} INFO - [2022-07-14 23:51:28,698] {dagbag.py:500} INFO - Filling up the DagBag from /home/airflow/.local/lib/python3.7/site-packages/airflow/example_dags/tutorial_taskflow_api_etl_virtualenv.py
[2022-07-14 23:51:28,798] {processor.py:632} INFO - DAG(s) dict_keys(['tutorial_taskflow_api_etl_virtualenv']) retrieved from /home/airflow/.local/lib/python3.7/site-packages/airflow/example_dags/tutorial_taskflow_api_etl_virtualenv.py
[2022-07-14 23:51:30,059] {logging_mixin.py:109} INFO - [2022-07-14 23:51:30,059] {dag.py:2389} INFO - Sync 1 DAGs
[2022-07-14 23:51:30,136] {logging_mixin.py:109} INFO - [2022-07-14 23:51:30,136] {dag.py:2921} INFO - Setting next_dagrun for tutorial_taskflow_api_etl_virtualenv to None
[2022-07-14 23:51:30,183] {processor.py:171} INFO - Processing /home/airflow/.local/lib/python3.7/site-packages/airflow/example_dags/tutorial_taskflow_api_etl_virtualenv.py took 1.504 seconds
[2022-07-14 23:52:00,355] {processor.py:163} INFO - Started process (PID=1137) to work on /home/airflow/.local/lib/python3.7/site-packages/airflow/example_dags/tutorial_taskflow_api_etl_virtualenv.py
[2022-07-14 23:52:00,360] {processor.py:620} INFO - Processing file /home/airflow/.local/lib/python3.7/site-packages/airflow/example_dags/tutorial_taskflow_api_etl_virtualenv.py for tasks to queue
[2022-07-14 23:52:00,363] {logging_mixin.py:109} INFO - [2022-07-14 23:52:00,362] {dagbag.py:500} INFO - Filling up the DagBag from /home/airflow/.local/lib/python3.7/site-packages/airflow/example_dags/tutorial_taskflow_api_etl_virtualenv.py
[2022-07-14 23:52:00,457] {processor.py:632} INFO - DAG(s) dict_keys(['tutorial_taskflow_api_etl_virtualenv']) retrieved from /home/airflow/.local/lib/python3.7/site-packages/airflow/example_dags/tutorial_taskflow_api_etl_virtualenv.py
[2022-07-14 23:52:01,558] {logging_mixin.py:109} INFO - [2022-07-14 23:52:01,557] {dag.py:2389} INFO - Sync 1 DAGs
[2022-07-14 23:52:01,615] {logging_mixin.py:109} INFO - [2022-07-14 23:52:01,615] {dag.py:2921} INFO - Setting next_dagrun for tutorial_taskflow_api_etl_virtualenv to None
[2022-07-14 23:52:01,653] {processor.py:171} INFO - Processing /home/airflow/.local/lib/python3.7/site-packages/airflow/example_dags/tutorial_taskflow_api_etl_virtualenv.py took 1.307 seconds
[2022-07-14 23:52:32,655] {processor.py:163} INFO - Started process (PID=1239) to work on /home/airflow/.local/lib/python3.7/site-packages/airflow/example_dags/tutorial_taskflow_api_etl_virtualenv.py
[2022-07-14 23:52:32,668] {processor.py:620} INFO - Processing file /home/airflow/.local/lib/python3.7/site-packages/airflow/example_dags/tutorial_taskflow_api_etl_virtualenv.py for tasks to queue
[2022-07-14 23:52:32,675] {logging_mixin.py:109} INFO - [2022-07-14 23:52:32,674] {dagbag.py:500} INFO - Filling up the DagBag from /home/airflow/.local/lib/python3.7/site-packages/airflow/example_dags/tutorial_taskflow_api_etl_virtualenv.py
[2022-07-14 23:52:32,777] {processor.py:632} INFO - DAG(s) dict_keys(['tutorial_taskflow_api_etl_virtualenv']) retrieved from /home/airflow/.local/lib/python3.7/site-packages/airflow/example_dags/tutorial_taskflow_api_etl_virtualenv.py
[2022-07-14 23:52:34,029] {logging_mixin.py:109} INFO - [2022-07-14 23:52:34,029] {dag.py:2389} INFO - Sync 1 DAGs
[2022-07-14 23:52:34,092] {logging_mixin.py:109} INFO - [2022-07-14 23:52:34,091] {dag.py:2921} INFO - Setting next_dagrun for tutorial_taskflow_api_etl_virtualenv to None
[2022-07-14 23:52:34,129] {processor.py:171} INFO - Processing /home/airflow/.local/lib/python3.7/site-packages/airflow/example_dags/tutorial_taskflow_api_etl_virtualenv.py took 1.497 seconds
[2022-07-14 23:53:04,754] {processor.py:163} INFO - Started process (PID=1332) to work on /home/airflow/.local/lib/python3.7/site-packages/airflow/example_dags/tutorial_taskflow_api_etl_virtualenv.py
[2022-07-14 23:53:04,766] {processor.py:620} INFO - Processing file /home/airflow/.local/lib/python3.7/site-packages/airflow/example_dags/tutorial_taskflow_api_etl_virtualenv.py for tasks to queue
[2022-07-14 23:53:04,775] {logging_mixin.py:109} INFO - [2022-07-14 23:53:04,775] {dagbag.py:500} INFO - Filling up the DagBag from /home/airflow/.local/lib/python3.7/site-packages/airflow/example_dags/tutorial_taskflow_api_etl_virtualenv.py
[2022-07-14 23:53:04,966] {processor.py:632} INFO - DAG(s) dict_keys(['tutorial_taskflow_api_etl_virtualenv']) retrieved from /home/airflow/.local/lib/python3.7/site-packages/airflow/example_dags/tutorial_taskflow_api_etl_virtualenv.py
[2022-07-14 23:53:06,322] {logging_mixin.py:109} INFO - [2022-07-14 23:53:06,321] {dag.py:2389} INFO - Sync 1 DAGs
[2022-07-14 23:53:06,392] {logging_mixin.py:109} INFO - [2022-07-14 23:53:06,392] {dag.py:2921} INFO - Setting next_dagrun for tutorial_taskflow_api_etl_virtualenv to None
[2022-07-14 23:53:06,439] {processor.py:171} INFO - Processing /home/airflow/.local/lib/python3.7/site-packages/airflow/example_dags/tutorial_taskflow_api_etl_virtualenv.py took 1.699 seconds
[2022-07-14 23:53:36,582] {processor.py:163} INFO - Started process (PID=1424) to work on /home/airflow/.local/lib/python3.7/site-packages/airflow/example_dags/tutorial_taskflow_api_etl_virtualenv.py
[2022-07-14 23:53:36,587] {processor.py:620} INFO - Processing file /home/airflow/.local/lib/python3.7/site-packages/airflow/example_dags/tutorial_taskflow_api_etl_virtualenv.py for tasks to queue
[2022-07-14 23:53:36,590] {logging_mixin.py:109} INFO - [2022-07-14 23:53:36,590] {dagbag.py:500} INFO - Filling up the DagBag from /home/airflow/.local/lib/python3.7/site-packages/airflow/example_dags/tutorial_taskflow_api_etl_virtualenv.py
[2022-07-14 23:53:36,681] {processor.py:632} INFO - DAG(s) dict_keys(['tutorial_taskflow_api_etl_virtualenv']) retrieved from /home/airflow/.local/lib/python3.7/site-packages/airflow/example_dags/tutorial_taskflow_api_etl_virtualenv.py
[2022-07-14 23:53:37,866] {logging_mixin.py:109} INFO - [2022-07-14 23:53:37,866] {dag.py:2389} INFO - Sync 1 DAGs
[2022-07-14 23:53:37,930] {logging_mixin.py:109} INFO - [2022-07-14 23:53:37,929] {dag.py:2921} INFO - Setting next_dagrun for tutorial_taskflow_api_etl_virtualenv to None
[2022-07-14 23:53:37,965] {processor.py:171} INFO - Processing /home/airflow/.local/lib/python3.7/site-packages/airflow/example_dags/tutorial_taskflow_api_etl_virtualenv.py took 1.391 seconds
[2022-07-14 23:54:08,199] {processor.py:163} INFO - Started process (PID=1526) to work on /home/airflow/.local/lib/python3.7/site-packages/airflow/example_dags/tutorial_taskflow_api_etl_virtualenv.py
[2022-07-14 23:54:08,206] {processor.py:620} INFO - Processing file /home/airflow/.local/lib/python3.7/site-packages/airflow/example_dags/tutorial_taskflow_api_etl_virtualenv.py for tasks to queue
[2022-07-14 23:54:08,211] {logging_mixin.py:109} INFO - [2022-07-14 23:54:08,211] {dagbag.py:500} INFO - Filling up the DagBag from /home/airflow/.local/lib/python3.7/site-packages/airflow/example_dags/tutorial_taskflow_api_etl_virtualenv.py
[2022-07-14 23:54:08,364] {processor.py:632} INFO - DAG(s) dict_keys(['tutorial_taskflow_api_etl_virtualenv']) retrieved from /home/airflow/.local/lib/python3.7/site-packages/airflow/example_dags/tutorial_taskflow_api_etl_virtualenv.py
[2022-07-14 23:54:09,540] {logging_mixin.py:109} INFO - [2022-07-14 23:54:09,540] {dag.py:2389} INFO - Sync 1 DAGs
[2022-07-14 23:54:09,597] {logging_mixin.py:109} INFO - [2022-07-14 23:54:09,596] {dag.py:2921} INFO - Setting next_dagrun for tutorial_taskflow_api_etl_virtualenv to None
[2022-07-14 23:54:09,630] {processor.py:171} INFO - Processing /home/airflow/.local/lib/python3.7/site-packages/airflow/example_dags/tutorial_taskflow_api_etl_virtualenv.py took 1.454 seconds
[2022-07-14 23:54:40,054] {processor.py:163} INFO - Started process (PID=1612) to work on /home/airflow/.local/lib/python3.7/site-packages/airflow/example_dags/tutorial_taskflow_api_etl_virtualenv.py
[2022-07-14 23:54:40,058] {processor.py:620} INFO - Processing file /home/airflow/.local/lib/python3.7/site-packages/airflow/example_dags/tutorial_taskflow_api_etl_virtualenv.py for tasks to queue
[2022-07-14 23:54:40,060] {logging_mixin.py:109} INFO - [2022-07-14 23:54:40,060] {dagbag.py:500} INFO - Filling up the DagBag from /home/airflow/.local/lib/python3.7/site-packages/airflow/example_dags/tutorial_taskflow_api_etl_virtualenv.py
[2022-07-14 23:54:40,140] {processor.py:632} INFO - DAG(s) dict_keys(['tutorial_taskflow_api_etl_virtualenv']) retrieved from /home/airflow/.local/lib/python3.7/site-packages/airflow/example_dags/tutorial_taskflow_api_etl_virtualenv.py
[2022-07-14 23:54:41,043] {logging_mixin.py:109} INFO - [2022-07-14 23:54:41,043] {dag.py:2389} INFO - Sync 1 DAGs
[2022-07-14 23:54:41,091] {logging_mixin.py:109} INFO - [2022-07-14 23:54:41,091] {dag.py:2921} INFO - Setting next_dagrun for tutorial_taskflow_api_etl_virtualenv to None
[2022-07-14 23:54:41,123] {processor.py:171} INFO - Processing /home/airflow/.local/lib/python3.7/site-packages/airflow/example_dags/tutorial_taskflow_api_etl_virtualenv.py took 1.076 seconds
[2022-07-14 23:55:11,555] {processor.py:163} INFO - Started process (PID=1710) to work on /home/airflow/.local/lib/python3.7/site-packages/airflow/example_dags/tutorial_taskflow_api_etl_virtualenv.py
[2022-07-14 23:55:11,559] {processor.py:620} INFO - Processing file /home/airflow/.local/lib/python3.7/site-packages/airflow/example_dags/tutorial_taskflow_api_etl_virtualenv.py for tasks to queue
[2022-07-14 23:55:11,562] {logging_mixin.py:109} INFO - [2022-07-14 23:55:11,562] {dagbag.py:500} INFO - Filling up the DagBag from /home/airflow/.local/lib/python3.7/site-packages/airflow/example_dags/tutorial_taskflow_api_etl_virtualenv.py
[2022-07-14 23:55:11,645] {processor.py:632} INFO - DAG(s) dict_keys(['tutorial_taskflow_api_etl_virtualenv']) retrieved from /home/airflow/.local/lib/python3.7/site-packages/airflow/example_dags/tutorial_taskflow_api_etl_virtualenv.py
[2022-07-14 23:55:12,779] {logging_mixin.py:109} INFO - [2022-07-14 23:55:12,779] {dag.py:2389} INFO - Sync 1 DAGs
[2022-07-14 23:55:12,842] {logging_mixin.py:109} INFO - [2022-07-14 23:55:12,842] {dag.py:2921} INFO - Setting next_dagrun for tutorial_taskflow_api_etl_virtualenv to None
[2022-07-14 23:55:12,877] {processor.py:171} INFO - Processing /home/airflow/.local/lib/python3.7/site-packages/airflow/example_dags/tutorial_taskflow_api_etl_virtualenv.py took 1.329 seconds
[2022-07-14 23:55:43,652] {processor.py:163} INFO - Started process (PID=1792) to work on /home/airflow/.local/lib/python3.7/site-packages/airflow/example_dags/tutorial_taskflow_api_etl_virtualenv.py
[2022-07-14 23:55:43,656] {processor.py:620} INFO - Processing file /home/airflow/.local/lib/python3.7/site-packages/airflow/example_dags/tutorial_taskflow_api_etl_virtualenv.py for tasks to queue
[2022-07-14 23:55:43,659] {logging_mixin.py:109} INFO - [2022-07-14 23:55:43,659] {dagbag.py:500} INFO - Filling up the DagBag from /home/airflow/.local/lib/python3.7/site-packages/airflow/example_dags/tutorial_taskflow_api_etl_virtualenv.py
[2022-07-14 23:55:43,736] {processor.py:632} INFO - DAG(s) dict_keys(['tutorial_taskflow_api_etl_virtualenv']) retrieved from /home/airflow/.local/lib/python3.7/site-packages/airflow/example_dags/tutorial_taskflow_api_etl_virtualenv.py
[2022-07-14 23:55:44,791] {logging_mixin.py:109} INFO - [2022-07-14 23:55:44,790] {dag.py:2389} INFO - Sync 1 DAGs
[2022-07-14 23:55:44,852] {logging_mixin.py:109} INFO - [2022-07-14 23:55:44,852] {dag.py:2921} INFO - Setting next_dagrun for tutorial_taskflow_api_etl_virtualenv to None
[2022-07-14 23:55:44,892] {processor.py:171} INFO - Processing /home/airflow/.local/lib/python3.7/site-packages/airflow/example_dags/tutorial_taskflow_api_etl_virtualenv.py took 1.247 seconds
[2022-07-14 23:56:15,359] {processor.py:163} INFO - Started process (PID=1892) to work on /home/airflow/.local/lib/python3.7/site-packages/airflow/example_dags/tutorial_taskflow_api_etl_virtualenv.py
[2022-07-14 23:56:15,363] {processor.py:620} INFO - Processing file /home/airflow/.local/lib/python3.7/site-packages/airflow/example_dags/tutorial_taskflow_api_etl_virtualenv.py for tasks to queue
[2022-07-14 23:56:15,366] {logging_mixin.py:109} INFO - [2022-07-14 23:56:15,366] {dagbag.py:500} INFO - Filling up the DagBag from /home/airflow/.local/lib/python3.7/site-packages/airflow/example_dags/tutorial_taskflow_api_etl_virtualenv.py
[2022-07-14 23:56:15,452] {processor.py:632} INFO - DAG(s) dict_keys(['tutorial_taskflow_api_etl_virtualenv']) retrieved from /home/airflow/.local/lib/python3.7/site-packages/airflow/example_dags/tutorial_taskflow_api_etl_virtualenv.py
[2022-07-14 23:56:16,543] {logging_mixin.py:109} INFO - [2022-07-14 23:56:16,543] {dag.py:2389} INFO - Sync 1 DAGs
[2022-07-14 23:56:16,660] {logging_mixin.py:109} INFO - [2022-07-14 23:56:16,659] {dag.py:2921} INFO - Setting next_dagrun for tutorial_taskflow_api_etl_virtualenv to None
[2022-07-14 23:56:16,694] {processor.py:171} INFO - Processing /home/airflow/.local/lib/python3.7/site-packages/airflow/example_dags/tutorial_taskflow_api_etl_virtualenv.py took 1.342 seconds
[2022-07-14 23:56:47,007] {processor.py:163} INFO - Started process (PID=1990) to work on /home/airflow/.local/lib/python3.7/site-packages/airflow/example_dags/tutorial_taskflow_api_etl_virtualenv.py
[2022-07-14 23:56:47,019] {processor.py:620} INFO - Processing file /home/airflow/.local/lib/python3.7/site-packages/airflow/example_dags/tutorial_taskflow_api_etl_virtualenv.py for tasks to queue
[2022-07-14 23:56:47,025] {logging_mixin.py:109} INFO - [2022-07-14 23:56:47,024] {dagbag.py:500} INFO - Filling up the DagBag from /home/airflow/.local/lib/python3.7/site-packages/airflow/example_dags/tutorial_taskflow_api_etl_virtualenv.py
[2022-07-14 23:56:47,302] {processor.py:632} INFO - DAG(s) dict_keys(['tutorial_taskflow_api_etl_virtualenv']) retrieved from /home/airflow/.local/lib/python3.7/site-packages/airflow/example_dags/tutorial_taskflow_api_etl_virtualenv.py
[2022-07-14 23:56:48,699] {logging_mixin.py:109} INFO - [2022-07-14 23:56:48,698] {dag.py:2389} INFO - Sync 1 DAGs
[2022-07-14 23:56:48,763] {logging_mixin.py:109} INFO - [2022-07-14 23:56:48,763] {dag.py:2921} INFO - Setting next_dagrun for tutorial_taskflow_api_etl_virtualenv to None
[2022-07-14 23:56:48,802] {processor.py:171} INFO - Processing /home/airflow/.local/lib/python3.7/site-packages/airflow/example_dags/tutorial_taskflow_api_etl_virtualenv.py took 1.813 seconds
[2022-07-14 23:57:19,067] {processor.py:163} INFO - Started process (PID=2075) to work on /home/airflow/.local/lib/python3.7/site-packages/airflow/example_dags/tutorial_taskflow_api_etl_virtualenv.py
[2022-07-14 23:57:19,072] {processor.py:620} INFO - Processing file /home/airflow/.local/lib/python3.7/site-packages/airflow/example_dags/tutorial_taskflow_api_etl_virtualenv.py for tasks to queue
[2022-07-14 23:57:19,075] {logging_mixin.py:109} INFO - [2022-07-14 23:57:19,075] {dagbag.py:500} INFO - Filling up the DagBag from /home/airflow/.local/lib/python3.7/site-packages/airflow/example_dags/tutorial_taskflow_api_etl_virtualenv.py
[2022-07-14 23:57:19,149] {processor.py:632} INFO - DAG(s) dict_keys(['tutorial_taskflow_api_etl_virtualenv']) retrieved from /home/airflow/.local/lib/python3.7/site-packages/airflow/example_dags/tutorial_taskflow_api_etl_virtualenv.py
[2022-07-14 23:57:20,087] {logging_mixin.py:109} INFO - [2022-07-14 23:57:20,087] {dag.py:2389} INFO - Sync 1 DAGs
[2022-07-14 23:57:20,145] {logging_mixin.py:109} INFO - [2022-07-14 23:57:20,144] {dag.py:2921} INFO - Setting next_dagrun for tutorial_taskflow_api_etl_virtualenv to None
[2022-07-14 23:57:20,180] {processor.py:171} INFO - Processing /home/airflow/.local/lib/python3.7/site-packages/airflow/example_dags/tutorial_taskflow_api_etl_virtualenv.py took 1.119 seconds
[2022-07-14 23:57:51,014] {processor.py:163} INFO - Started process (PID=2175) to work on /home/airflow/.local/lib/python3.7/site-packages/airflow/example_dags/tutorial_taskflow_api_etl_virtualenv.py
[2022-07-14 23:57:51,018] {processor.py:620} INFO - Processing file /home/airflow/.local/lib/python3.7/site-packages/airflow/example_dags/tutorial_taskflow_api_etl_virtualenv.py for tasks to queue
[2022-07-14 23:57:51,021] {logging_mixin.py:109} INFO - [2022-07-14 23:57:51,021] {dagbag.py:500} INFO - Filling up the DagBag from /home/airflow/.local/lib/python3.7/site-packages/airflow/example_dags/tutorial_taskflow_api_etl_virtualenv.py
[2022-07-14 23:57:51,109] {processor.py:632} INFO - DAG(s) dict_keys(['tutorial_taskflow_api_etl_virtualenv']) retrieved from /home/airflow/.local/lib/python3.7/site-packages/airflow/example_dags/tutorial_taskflow_api_etl_virtualenv.py
[2022-07-14 23:57:52,183] {logging_mixin.py:109} INFO - [2022-07-14 23:57:52,182] {dag.py:2389} INFO - Sync 1 DAGs
[2022-07-14 23:57:52,248] {logging_mixin.py:109} INFO - [2022-07-14 23:57:52,248] {dag.py:2921} INFO - Setting next_dagrun for tutorial_taskflow_api_etl_virtualenv to None
[2022-07-14 23:57:52,285] {processor.py:171} INFO - Processing /home/airflow/.local/lib/python3.7/site-packages/airflow/example_dags/tutorial_taskflow_api_etl_virtualenv.py took 1.277 seconds
[2022-07-14 23:58:22,599] {processor.py:163} INFO - Started process (PID=2259) to work on /home/airflow/.local/lib/python3.7/site-packages/airflow/example_dags/tutorial_taskflow_api_etl_virtualenv.py
[2022-07-14 23:58:22,603] {processor.py:620} INFO - Processing file /home/airflow/.local/lib/python3.7/site-packages/airflow/example_dags/tutorial_taskflow_api_etl_virtualenv.py for tasks to queue
[2022-07-14 23:58:22,608] {logging_mixin.py:109} INFO - [2022-07-14 23:58:22,608] {dagbag.py:500} INFO - Filling up the DagBag from /home/airflow/.local/lib/python3.7/site-packages/airflow/example_dags/tutorial_taskflow_api_etl_virtualenv.py
[2022-07-14 23:58:22,695] {processor.py:632} INFO - DAG(s) dict_keys(['tutorial_taskflow_api_etl_virtualenv']) retrieved from /home/airflow/.local/lib/python3.7/site-packages/airflow/example_dags/tutorial_taskflow_api_etl_virtualenv.py
[2022-07-14 23:58:23,855] {logging_mixin.py:109} INFO - [2022-07-14 23:58:23,854] {dag.py:2389} INFO - Sync 1 DAGs
[2022-07-14 23:58:23,904] {logging_mixin.py:109} INFO - [2022-07-14 23:58:23,903] {dag.py:2921} INFO - Setting next_dagrun for tutorial_taskflow_api_etl_virtualenv to None
[2022-07-14 23:58:23,935] {processor.py:171} INFO - Processing /home/airflow/.local/lib/python3.7/site-packages/airflow/example_dags/tutorial_taskflow_api_etl_virtualenv.py took 1.342 seconds
[2022-07-14 23:58:54,179] {processor.py:163} INFO - Started process (PID=2359) to work on /home/airflow/.local/lib/python3.7/site-packages/airflow/example_dags/tutorial_taskflow_api_etl_virtualenv.py
[2022-07-14 23:58:54,184] {processor.py:620} INFO - Processing file /home/airflow/.local/lib/python3.7/site-packages/airflow/example_dags/tutorial_taskflow_api_etl_virtualenv.py for tasks to queue
[2022-07-14 23:58:54,187] {logging_mixin.py:109} INFO - [2022-07-14 23:58:54,186] {dagbag.py:500} INFO - Filling up the DagBag from /home/airflow/.local/lib/python3.7/site-packages/airflow/example_dags/tutorial_taskflow_api_etl_virtualenv.py
[2022-07-14 23:58:54,290] {processor.py:632} INFO - DAG(s) dict_keys(['tutorial_taskflow_api_etl_virtualenv']) retrieved from /home/airflow/.local/lib/python3.7/site-packages/airflow/example_dags/tutorial_taskflow_api_etl_virtualenv.py
[2022-07-14 23:58:55,457] {logging_mixin.py:109} INFO - [2022-07-14 23:58:55,456] {dag.py:2389} INFO - Sync 1 DAGs
[2022-07-14 23:58:55,522] {logging_mixin.py:109} INFO - [2022-07-14 23:58:55,521] {dag.py:2921} INFO - Setting next_dagrun for tutorial_taskflow_api_etl_virtualenv to None
[2022-07-14 23:58:55,563] {processor.py:171} INFO - Processing /home/airflow/.local/lib/python3.7/site-packages/airflow/example_dags/tutorial_taskflow_api_etl_virtualenv.py took 1.398 seconds
[2022-07-14 23:59:25,685] {processor.py:163} INFO - Started process (PID=2457) to work on /home/airflow/.local/lib/python3.7/site-packages/airflow/example_dags/tutorial_taskflow_api_etl_virtualenv.py
[2022-07-14 23:59:25,689] {processor.py:620} INFO - Processing file /home/airflow/.local/lib/python3.7/site-packages/airflow/example_dags/tutorial_taskflow_api_etl_virtualenv.py for tasks to queue
[2022-07-14 23:59:25,692] {logging_mixin.py:109} INFO - [2022-07-14 23:59:25,692] {dagbag.py:500} INFO - Filling up the DagBag from /home/airflow/.local/lib/python3.7/site-packages/airflow/example_dags/tutorial_taskflow_api_etl_virtualenv.py
[2022-07-14 23:59:25,781] {processor.py:632} INFO - DAG(s) dict_keys(['tutorial_taskflow_api_etl_virtualenv']) retrieved from /home/airflow/.local/lib/python3.7/site-packages/airflow/example_dags/tutorial_taskflow_api_etl_virtualenv.py
[2022-07-14 23:59:26,888] {logging_mixin.py:109} INFO - [2022-07-14 23:59:26,887] {dag.py:2389} INFO - Sync 1 DAGs
[2022-07-14 23:59:26,945] {logging_mixin.py:109} INFO - [2022-07-14 23:59:26,945] {dag.py:2921} INFO - Setting next_dagrun for tutorial_taskflow_api_etl_virtualenv to None
[2022-07-14 23:59:26,980] {processor.py:171} INFO - Processing /home/airflow/.local/lib/python3.7/site-packages/airflow/example_dags/tutorial_taskflow_api_etl_virtualenv.py took 1.302 seconds
[2022-07-14 23:59:57,204] {processor.py:163} INFO - Started process (PID=2539) to work on /home/airflow/.local/lib/python3.7/site-packages/airflow/example_dags/tutorial_taskflow_api_etl_virtualenv.py
[2022-07-14 23:59:57,209] {processor.py:620} INFO - Processing file /home/airflow/.local/lib/python3.7/site-packages/airflow/example_dags/tutorial_taskflow_api_etl_virtualenv.py for tasks to queue
[2022-07-14 23:59:57,213] {logging_mixin.py:109} INFO - [2022-07-14 23:59:57,212] {dagbag.py:500} INFO - Filling up the DagBag from /home/airflow/.local/lib/python3.7/site-packages/airflow/example_dags/tutorial_taskflow_api_etl_virtualenv.py
[2022-07-14 23:59:57,305] {processor.py:632} INFO - DAG(s) dict_keys(['tutorial_taskflow_api_etl_virtualenv']) retrieved from /home/airflow/.local/lib/python3.7/site-packages/airflow/example_dags/tutorial_taskflow_api_etl_virtualenv.py
[2022-07-14 23:59:58,476] {logging_mixin.py:109} INFO - [2022-07-14 23:59:58,474] {dag.py:2389} INFO - Sync 1 DAGs
[2022-07-14 23:59:58,536] {logging_mixin.py:109} INFO - [2022-07-14 23:59:58,536] {dag.py:2921} INFO - Setting next_dagrun for tutorial_taskflow_api_etl_virtualenv to None
[2022-07-14 23:59:58,571] {processor.py:171} INFO - Processing /home/airflow/.local/lib/python3.7/site-packages/airflow/example_dags/tutorial_taskflow_api_etl_virtualenv.py took 1.375 seconds
