[2022-07-14 23:41:57,837] {processor.py:163} INFO - Started process (PID=410) to work on /home/airflow/.local/lib/python3.7/site-packages/airflow/example_dags/tutorial_etl_dag.py
[2022-07-14 23:41:57,850] {processor.py:620} INFO - Processing file /home/airflow/.local/lib/python3.7/site-packages/airflow/example_dags/tutorial_etl_dag.py for tasks to queue
[2022-07-14 23:41:57,863] {logging_mixin.py:109} INFO - [2022-07-14 23:41:57,859] {dagbag.py:500} INFO - Filling up the DagBag from /home/airflow/.local/lib/python3.7/site-packages/airflow/example_dags/tutorial_etl_dag.py
[2022-07-14 23:41:58,210] {processor.py:632} INFO - DAG(s) dict_keys(['tutorial_etl_dag']) retrieved from /home/airflow/.local/lib/python3.7/site-packages/airflow/example_dags/tutorial_etl_dag.py
[2022-07-14 23:41:58,490] {logging_mixin.py:109} INFO - [2022-07-14 23:41:58,490] {dag.py:2389} INFO - Sync 1 DAGs
[2022-07-14 23:41:58,913] {logging_mixin.py:109} INFO - [2022-07-14 23:41:58,912] {dag.py:2921} INFO - Setting next_dagrun for tutorial_etl_dag to None
[2022-07-14 23:41:59,140] {processor.py:171} INFO - Processing /home/airflow/.local/lib/python3.7/site-packages/airflow/example_dags/tutorial_etl_dag.py took 1.364 seconds
[2022-07-14 23:46:58,038] {processor.py:163} INFO - Started process (PID=257) to work on /home/airflow/.local/lib/python3.7/site-packages/airflow/example_dags/tutorial_etl_dag.py
[2022-07-14 23:46:58,049] {processor.py:620} INFO - Processing file /home/airflow/.local/lib/python3.7/site-packages/airflow/example_dags/tutorial_etl_dag.py for tasks to queue
[2022-07-14 23:46:58,070] {logging_mixin.py:109} INFO - [2022-07-14 23:46:58,070] {dagbag.py:500} INFO - Filling up the DagBag from /home/airflow/.local/lib/python3.7/site-packages/airflow/example_dags/tutorial_etl_dag.py
[2022-07-14 23:46:58,308] {processor.py:632} INFO - DAG(s) dict_keys(['tutorial_etl_dag']) retrieved from /home/airflow/.local/lib/python3.7/site-packages/airflow/example_dags/tutorial_etl_dag.py
[2022-07-14 23:46:58,425] {logging_mixin.py:109} INFO - [2022-07-14 23:46:58,425] {dag.py:2389} INFO - Sync 1 DAGs
[2022-07-14 23:46:58,635] {logging_mixin.py:109} INFO - [2022-07-14 23:46:58,634] {dag.py:2921} INFO - Setting next_dagrun for tutorial_etl_dag to None
[2022-07-14 23:46:58,733] {processor.py:171} INFO - Processing /home/airflow/.local/lib/python3.7/site-packages/airflow/example_dags/tutorial_etl_dag.py took 0.716 seconds
[2022-07-14 23:47:29,181] {processor.py:163} INFO - Started process (PID=353) to work on /home/airflow/.local/lib/python3.7/site-packages/airflow/example_dags/tutorial_etl_dag.py
[2022-07-14 23:47:29,192] {processor.py:620} INFO - Processing file /home/airflow/.local/lib/python3.7/site-packages/airflow/example_dags/tutorial_etl_dag.py for tasks to queue
[2022-07-14 23:47:29,197] {logging_mixin.py:109} INFO - [2022-07-14 23:47:29,196] {dagbag.py:500} INFO - Filling up the DagBag from /home/airflow/.local/lib/python3.7/site-packages/airflow/example_dags/tutorial_etl_dag.py
[2022-07-14 23:47:29,327] {processor.py:632} INFO - DAG(s) dict_keys(['tutorial_etl_dag']) retrieved from /home/airflow/.local/lib/python3.7/site-packages/airflow/example_dags/tutorial_etl_dag.py
[2022-07-14 23:47:29,388] {logging_mixin.py:109} INFO - [2022-07-14 23:47:29,388] {dag.py:2389} INFO - Sync 1 DAGs
[2022-07-14 23:47:29,483] {logging_mixin.py:109} INFO - [2022-07-14 23:47:29,483] {dag.py:2921} INFO - Setting next_dagrun for tutorial_etl_dag to None
[2022-07-14 23:47:29,529] {processor.py:171} INFO - Processing /home/airflow/.local/lib/python3.7/site-packages/airflow/example_dags/tutorial_etl_dag.py took 0.354 seconds
[2022-07-14 23:47:59,875] {processor.py:163} INFO - Started process (PID=434) to work on /home/airflow/.local/lib/python3.7/site-packages/airflow/example_dags/tutorial_etl_dag.py
[2022-07-14 23:47:59,878] {processor.py:620} INFO - Processing file /home/airflow/.local/lib/python3.7/site-packages/airflow/example_dags/tutorial_etl_dag.py for tasks to queue
[2022-07-14 23:47:59,881] {logging_mixin.py:109} INFO - [2022-07-14 23:47:59,881] {dagbag.py:500} INFO - Filling up the DagBag from /home/airflow/.local/lib/python3.7/site-packages/airflow/example_dags/tutorial_etl_dag.py
[2022-07-14 23:47:59,946] {processor.py:632} INFO - DAG(s) dict_keys(['tutorial_etl_dag']) retrieved from /home/airflow/.local/lib/python3.7/site-packages/airflow/example_dags/tutorial_etl_dag.py
[2022-07-14 23:47:59,981] {logging_mixin.py:109} INFO - [2022-07-14 23:47:59,980] {dag.py:2389} INFO - Sync 1 DAGs
[2022-07-14 23:48:00,038] {logging_mixin.py:109} INFO - [2022-07-14 23:48:00,037] {dag.py:2921} INFO - Setting next_dagrun for tutorial_etl_dag to None
[2022-07-14 23:48:00,066] {processor.py:171} INFO - Processing /home/airflow/.local/lib/python3.7/site-packages/airflow/example_dags/tutorial_etl_dag.py took 0.198 seconds
[2022-07-14 23:48:30,368] {processor.py:163} INFO - Started process (PID=532) to work on /home/airflow/.local/lib/python3.7/site-packages/airflow/example_dags/tutorial_etl_dag.py
[2022-07-14 23:48:30,373] {processor.py:620} INFO - Processing file /home/airflow/.local/lib/python3.7/site-packages/airflow/example_dags/tutorial_etl_dag.py for tasks to queue
[2022-07-14 23:48:30,376] {logging_mixin.py:109} INFO - [2022-07-14 23:48:30,376] {dagbag.py:500} INFO - Filling up the DagBag from /home/airflow/.local/lib/python3.7/site-packages/airflow/example_dags/tutorial_etl_dag.py
[2022-07-14 23:48:30,442] {processor.py:632} INFO - DAG(s) dict_keys(['tutorial_etl_dag']) retrieved from /home/airflow/.local/lib/python3.7/site-packages/airflow/example_dags/tutorial_etl_dag.py
[2022-07-14 23:48:30,481] {logging_mixin.py:109} INFO - [2022-07-14 23:48:30,481] {dag.py:2389} INFO - Sync 1 DAGs
[2022-07-14 23:48:30,540] {logging_mixin.py:109} INFO - [2022-07-14 23:48:30,540] {dag.py:2921} INFO - Setting next_dagrun for tutorial_etl_dag to None
[2022-07-14 23:48:30,569] {processor.py:171} INFO - Processing /home/airflow/.local/lib/python3.7/site-packages/airflow/example_dags/tutorial_etl_dag.py took 0.209 seconds
[2022-07-14 23:49:00,900] {processor.py:163} INFO - Started process (PID=614) to work on /home/airflow/.local/lib/python3.7/site-packages/airflow/example_dags/tutorial_etl_dag.py
[2022-07-14 23:49:00,903] {processor.py:620} INFO - Processing file /home/airflow/.local/lib/python3.7/site-packages/airflow/example_dags/tutorial_etl_dag.py for tasks to queue
[2022-07-14 23:49:00,906] {logging_mixin.py:109} INFO - [2022-07-14 23:49:00,905] {dagbag.py:500} INFO - Filling up the DagBag from /home/airflow/.local/lib/python3.7/site-packages/airflow/example_dags/tutorial_etl_dag.py
[2022-07-14 23:49:00,970] {processor.py:632} INFO - DAG(s) dict_keys(['tutorial_etl_dag']) retrieved from /home/airflow/.local/lib/python3.7/site-packages/airflow/example_dags/tutorial_etl_dag.py
[2022-07-14 23:49:01,004] {logging_mixin.py:109} INFO - [2022-07-14 23:49:01,004] {dag.py:2389} INFO - Sync 1 DAGs
[2022-07-14 23:49:01,058] {logging_mixin.py:109} INFO - [2022-07-14 23:49:01,058] {dag.py:2921} INFO - Setting next_dagrun for tutorial_etl_dag to None
[2022-07-14 23:49:01,085] {processor.py:171} INFO - Processing /home/airflow/.local/lib/python3.7/site-packages/airflow/example_dags/tutorial_etl_dag.py took 0.191 seconds
[2022-07-14 23:49:31,614] {processor.py:163} INFO - Started process (PID=710) to work on /home/airflow/.local/lib/python3.7/site-packages/airflow/example_dags/tutorial_etl_dag.py
[2022-07-14 23:49:31,626] {processor.py:620} INFO - Processing file /home/airflow/.local/lib/python3.7/site-packages/airflow/example_dags/tutorial_etl_dag.py for tasks to queue
[2022-07-14 23:49:31,629] {logging_mixin.py:109} INFO - [2022-07-14 23:49:31,629] {dagbag.py:500} INFO - Filling up the DagBag from /home/airflow/.local/lib/python3.7/site-packages/airflow/example_dags/tutorial_etl_dag.py
[2022-07-14 23:49:31,771] {processor.py:632} INFO - DAG(s) dict_keys(['tutorial_etl_dag']) retrieved from /home/airflow/.local/lib/python3.7/site-packages/airflow/example_dags/tutorial_etl_dag.py
[2022-07-14 23:49:31,839] {logging_mixin.py:109} INFO - [2022-07-14 23:49:31,838] {dag.py:2389} INFO - Sync 1 DAGs
[2022-07-14 23:49:31,906] {logging_mixin.py:109} INFO - [2022-07-14 23:49:31,906] {dag.py:2921} INFO - Setting next_dagrun for tutorial_etl_dag to None
[2022-07-14 23:49:31,941] {processor.py:171} INFO - Processing /home/airflow/.local/lib/python3.7/site-packages/airflow/example_dags/tutorial_etl_dag.py took 0.347 seconds
[2022-07-14 23:50:02,164] {processor.py:163} INFO - Started process (PID=792) to work on /home/airflow/.local/lib/python3.7/site-packages/airflow/example_dags/tutorial_etl_dag.py
[2022-07-14 23:50:02,168] {processor.py:620} INFO - Processing file /home/airflow/.local/lib/python3.7/site-packages/airflow/example_dags/tutorial_etl_dag.py for tasks to queue
[2022-07-14 23:50:02,171] {logging_mixin.py:109} INFO - [2022-07-14 23:50:02,171] {dagbag.py:500} INFO - Filling up the DagBag from /home/airflow/.local/lib/python3.7/site-packages/airflow/example_dags/tutorial_etl_dag.py
[2022-07-14 23:50:02,237] {processor.py:632} INFO - DAG(s) dict_keys(['tutorial_etl_dag']) retrieved from /home/airflow/.local/lib/python3.7/site-packages/airflow/example_dags/tutorial_etl_dag.py
[2022-07-14 23:50:02,279] {logging_mixin.py:109} INFO - [2022-07-14 23:50:02,278] {dag.py:2389} INFO - Sync 1 DAGs
[2022-07-14 23:50:02,343] {logging_mixin.py:109} INFO - [2022-07-14 23:50:02,342] {dag.py:2921} INFO - Setting next_dagrun for tutorial_etl_dag to None
[2022-07-14 23:50:02,376] {processor.py:171} INFO - Processing /home/airflow/.local/lib/python3.7/site-packages/airflow/example_dags/tutorial_etl_dag.py took 0.218 seconds
[2022-07-14 23:50:32,685] {processor.py:163} INFO - Started process (PID=888) to work on /home/airflow/.local/lib/python3.7/site-packages/airflow/example_dags/tutorial_etl_dag.py
[2022-07-14 23:50:32,689] {processor.py:620} INFO - Processing file /home/airflow/.local/lib/python3.7/site-packages/airflow/example_dags/tutorial_etl_dag.py for tasks to queue
[2022-07-14 23:50:32,692] {logging_mixin.py:109} INFO - [2022-07-14 23:50:32,692] {dagbag.py:500} INFO - Filling up the DagBag from /home/airflow/.local/lib/python3.7/site-packages/airflow/example_dags/tutorial_etl_dag.py
[2022-07-14 23:50:32,784] {processor.py:632} INFO - DAG(s) dict_keys(['tutorial_etl_dag']) retrieved from /home/airflow/.local/lib/python3.7/site-packages/airflow/example_dags/tutorial_etl_dag.py
[2022-07-14 23:50:32,833] {logging_mixin.py:109} INFO - [2022-07-14 23:50:32,832] {dag.py:2389} INFO - Sync 1 DAGs
[2022-07-14 23:50:32,902] {logging_mixin.py:109} INFO - [2022-07-14 23:50:32,901] {dag.py:2921} INFO - Setting next_dagrun for tutorial_etl_dag to None
[2022-07-14 23:50:32,933] {processor.py:171} INFO - Processing /home/airflow/.local/lib/python3.7/site-packages/airflow/example_dags/tutorial_etl_dag.py took 0.257 seconds
[2022-07-14 23:51:03,268] {processor.py:163} INFO - Started process (PID=971) to work on /home/airflow/.local/lib/python3.7/site-packages/airflow/example_dags/tutorial_etl_dag.py
[2022-07-14 23:51:03,272] {processor.py:620} INFO - Processing file /home/airflow/.local/lib/python3.7/site-packages/airflow/example_dags/tutorial_etl_dag.py for tasks to queue
[2022-07-14 23:51:03,275] {logging_mixin.py:109} INFO - [2022-07-14 23:51:03,275] {dagbag.py:500} INFO - Filling up the DagBag from /home/airflow/.local/lib/python3.7/site-packages/airflow/example_dags/tutorial_etl_dag.py
[2022-07-14 23:51:03,351] {processor.py:632} INFO - DAG(s) dict_keys(['tutorial_etl_dag']) retrieved from /home/airflow/.local/lib/python3.7/site-packages/airflow/example_dags/tutorial_etl_dag.py
[2022-07-14 23:51:03,397] {logging_mixin.py:109} INFO - [2022-07-14 23:51:03,396] {dag.py:2389} INFO - Sync 1 DAGs
[2022-07-14 23:51:03,465] {logging_mixin.py:109} INFO - [2022-07-14 23:51:03,465] {dag.py:2921} INFO - Setting next_dagrun for tutorial_etl_dag to None
[2022-07-14 23:51:03,500] {processor.py:171} INFO - Processing /home/airflow/.local/lib/python3.7/site-packages/airflow/example_dags/tutorial_etl_dag.py took 0.239 seconds
[2022-07-14 23:51:34,224] {processor.py:163} INFO - Started process (PID=1069) to work on /home/airflow/.local/lib/python3.7/site-packages/airflow/example_dags/tutorial_etl_dag.py
[2022-07-14 23:51:34,234] {processor.py:620} INFO - Processing file /home/airflow/.local/lib/python3.7/site-packages/airflow/example_dags/tutorial_etl_dag.py for tasks to queue
[2022-07-14 23:51:34,237] {logging_mixin.py:109} INFO - [2022-07-14 23:51:34,237] {dagbag.py:500} INFO - Filling up the DagBag from /home/airflow/.local/lib/python3.7/site-packages/airflow/example_dags/tutorial_etl_dag.py
[2022-07-14 23:51:34,316] {processor.py:632} INFO - DAG(s) dict_keys(['tutorial_etl_dag']) retrieved from /home/airflow/.local/lib/python3.7/site-packages/airflow/example_dags/tutorial_etl_dag.py
[2022-07-14 23:51:34,360] {logging_mixin.py:109} INFO - [2022-07-14 23:51:34,359] {dag.py:2389} INFO - Sync 1 DAGs
[2022-07-14 23:51:34,427] {logging_mixin.py:109} INFO - [2022-07-14 23:51:34,426] {dag.py:2921} INFO - Setting next_dagrun for tutorial_etl_dag to None
[2022-07-14 23:51:34,461] {processor.py:171} INFO - Processing /home/airflow/.local/lib/python3.7/site-packages/airflow/example_dags/tutorial_etl_dag.py took 0.246 seconds
[2022-07-14 23:52:05,068] {processor.py:163} INFO - Started process (PID=1160) to work on /home/airflow/.local/lib/python3.7/site-packages/airflow/example_dags/tutorial_etl_dag.py
[2022-07-14 23:52:05,072] {processor.py:620} INFO - Processing file /home/airflow/.local/lib/python3.7/site-packages/airflow/example_dags/tutorial_etl_dag.py for tasks to queue
[2022-07-14 23:52:05,083] {logging_mixin.py:109} INFO - [2022-07-14 23:52:05,083] {dagbag.py:500} INFO - Filling up the DagBag from /home/airflow/.local/lib/python3.7/site-packages/airflow/example_dags/tutorial_etl_dag.py
[2022-07-14 23:52:05,190] {processor.py:632} INFO - DAG(s) dict_keys(['tutorial_etl_dag']) retrieved from /home/airflow/.local/lib/python3.7/site-packages/airflow/example_dags/tutorial_etl_dag.py
[2022-07-14 23:52:05,277] {logging_mixin.py:109} INFO - [2022-07-14 23:52:05,276] {dag.py:2389} INFO - Sync 1 DAGs
[2022-07-14 23:52:05,344] {logging_mixin.py:109} INFO - [2022-07-14 23:52:05,344] {dag.py:2921} INFO - Setting next_dagrun for tutorial_etl_dag to None
[2022-07-14 23:52:05,458] {processor.py:171} INFO - Processing /home/airflow/.local/lib/python3.7/site-packages/airflow/example_dags/tutorial_etl_dag.py took 0.411 seconds
[2022-07-14 23:52:35,546] {processor.py:163} INFO - Started process (PID=1247) to work on /home/airflow/.local/lib/python3.7/site-packages/airflow/example_dags/tutorial_etl_dag.py
[2022-07-14 23:52:35,550] {processor.py:620} INFO - Processing file /home/airflow/.local/lib/python3.7/site-packages/airflow/example_dags/tutorial_etl_dag.py for tasks to queue
[2022-07-14 23:52:35,554] {logging_mixin.py:109} INFO - [2022-07-14 23:52:35,553] {dagbag.py:500} INFO - Filling up the DagBag from /home/airflow/.local/lib/python3.7/site-packages/airflow/example_dags/tutorial_etl_dag.py
[2022-07-14 23:52:35,629] {processor.py:632} INFO - DAG(s) dict_keys(['tutorial_etl_dag']) retrieved from /home/airflow/.local/lib/python3.7/site-packages/airflow/example_dags/tutorial_etl_dag.py
[2022-07-14 23:52:35,669] {logging_mixin.py:109} INFO - [2022-07-14 23:52:35,669] {dag.py:2389} INFO - Sync 1 DAGs
[2022-07-14 23:52:35,733] {logging_mixin.py:109} INFO - [2022-07-14 23:52:35,733] {dag.py:2921} INFO - Setting next_dagrun for tutorial_etl_dag to None
[2022-07-14 23:52:35,764] {processor.py:171} INFO - Processing /home/airflow/.local/lib/python3.7/site-packages/airflow/example_dags/tutorial_etl_dag.py took 0.226 seconds
[2022-07-14 23:53:06,038] {processor.py:163} INFO - Started process (PID=1344) to work on /home/airflow/.local/lib/python3.7/site-packages/airflow/example_dags/tutorial_etl_dag.py
[2022-07-14 23:53:06,057] {processor.py:620} INFO - Processing file /home/airflow/.local/lib/python3.7/site-packages/airflow/example_dags/tutorial_etl_dag.py for tasks to queue
[2022-07-14 23:53:06,063] {logging_mixin.py:109} INFO - [2022-07-14 23:53:06,062] {dagbag.py:500} INFO - Filling up the DagBag from /home/airflow/.local/lib/python3.7/site-packages/airflow/example_dags/tutorial_etl_dag.py
[2022-07-14 23:53:06,136] {processor.py:632} INFO - DAG(s) dict_keys(['tutorial_etl_dag']) retrieved from /home/airflow/.local/lib/python3.7/site-packages/airflow/example_dags/tutorial_etl_dag.py
[2022-07-14 23:53:06,177] {logging_mixin.py:109} INFO - [2022-07-14 23:53:06,177] {dag.py:2389} INFO - Sync 1 DAGs
[2022-07-14 23:53:06,241] {logging_mixin.py:109} INFO - [2022-07-14 23:53:06,241] {dag.py:2921} INFO - Setting next_dagrun for tutorial_etl_dag to None
[2022-07-14 23:53:06,275] {processor.py:171} INFO - Processing /home/airflow/.local/lib/python3.7/site-packages/airflow/example_dags/tutorial_etl_dag.py took 0.251 seconds
[2022-07-14 23:53:36,586] {processor.py:163} INFO - Started process (PID=1426) to work on /home/airflow/.local/lib/python3.7/site-packages/airflow/example_dags/tutorial_etl_dag.py
[2022-07-14 23:53:36,590] {processor.py:620} INFO - Processing file /home/airflow/.local/lib/python3.7/site-packages/airflow/example_dags/tutorial_etl_dag.py for tasks to queue
[2022-07-14 23:53:36,593] {logging_mixin.py:109} INFO - [2022-07-14 23:53:36,592] {dagbag.py:500} INFO - Filling up the DagBag from /home/airflow/.local/lib/python3.7/site-packages/airflow/example_dags/tutorial_etl_dag.py
[2022-07-14 23:53:36,663] {processor.py:632} INFO - DAG(s) dict_keys(['tutorial_etl_dag']) retrieved from /home/airflow/.local/lib/python3.7/site-packages/airflow/example_dags/tutorial_etl_dag.py
[2022-07-14 23:53:36,699] {logging_mixin.py:109} INFO - [2022-07-14 23:53:36,699] {dag.py:2389} INFO - Sync 1 DAGs
[2022-07-14 23:53:36,769] {logging_mixin.py:109} INFO - [2022-07-14 23:53:36,769] {dag.py:2921} INFO - Setting next_dagrun for tutorial_etl_dag to None
[2022-07-14 23:53:36,801] {processor.py:171} INFO - Processing /home/airflow/.local/lib/python3.7/site-packages/airflow/example_dags/tutorial_etl_dag.py took 0.222 seconds
[2022-07-14 23:54:06,991] {processor.py:163} INFO - Started process (PID=1522) to work on /home/airflow/.local/lib/python3.7/site-packages/airflow/example_dags/tutorial_etl_dag.py
[2022-07-14 23:54:07,006] {processor.py:620} INFO - Processing file /home/airflow/.local/lib/python3.7/site-packages/airflow/example_dags/tutorial_etl_dag.py for tasks to queue
[2022-07-14 23:54:07,009] {logging_mixin.py:109} INFO - [2022-07-14 23:54:07,008] {dagbag.py:500} INFO - Filling up the DagBag from /home/airflow/.local/lib/python3.7/site-packages/airflow/example_dags/tutorial_etl_dag.py
[2022-07-14 23:54:07,126] {processor.py:632} INFO - DAG(s) dict_keys(['tutorial_etl_dag']) retrieved from /home/airflow/.local/lib/python3.7/site-packages/airflow/example_dags/tutorial_etl_dag.py
[2022-07-14 23:54:07,168] {logging_mixin.py:109} INFO - [2022-07-14 23:54:07,168] {dag.py:2389} INFO - Sync 1 DAGs
[2022-07-14 23:54:07,242] {logging_mixin.py:109} INFO - [2022-07-14 23:54:07,241] {dag.py:2921} INFO - Setting next_dagrun for tutorial_etl_dag to None
[2022-07-14 23:54:07,276] {processor.py:171} INFO - Processing /home/airflow/.local/lib/python3.7/site-packages/airflow/example_dags/tutorial_etl_dag.py took 0.294 seconds
[2022-07-14 23:54:37,844] {processor.py:163} INFO - Started process (PID=1606) to work on /home/airflow/.local/lib/python3.7/site-packages/airflow/example_dags/tutorial_etl_dag.py
[2022-07-14 23:54:37,849] {processor.py:620} INFO - Processing file /home/airflow/.local/lib/python3.7/site-packages/airflow/example_dags/tutorial_etl_dag.py for tasks to queue
[2022-07-14 23:54:37,855] {logging_mixin.py:109} INFO - [2022-07-14 23:54:37,854] {dagbag.py:500} INFO - Filling up the DagBag from /home/airflow/.local/lib/python3.7/site-packages/airflow/example_dags/tutorial_etl_dag.py
[2022-07-14 23:54:37,931] {processor.py:632} INFO - DAG(s) dict_keys(['tutorial_etl_dag']) retrieved from /home/airflow/.local/lib/python3.7/site-packages/airflow/example_dags/tutorial_etl_dag.py
[2022-07-14 23:54:37,972] {logging_mixin.py:109} INFO - [2022-07-14 23:54:37,972] {dag.py:2389} INFO - Sync 1 DAGs
[2022-07-14 23:54:38,037] {logging_mixin.py:109} INFO - [2022-07-14 23:54:38,037] {dag.py:2921} INFO - Setting next_dagrun for tutorial_etl_dag to None
[2022-07-14 23:54:38,079] {processor.py:171} INFO - Processing /home/airflow/.local/lib/python3.7/site-packages/airflow/example_dags/tutorial_etl_dag.py took 0.242 seconds
[2022-07-14 23:55:08,800] {processor.py:163} INFO - Started process (PID=1704) to work on /home/airflow/.local/lib/python3.7/site-packages/airflow/example_dags/tutorial_etl_dag.py
[2022-07-14 23:55:08,806] {processor.py:620} INFO - Processing file /home/airflow/.local/lib/python3.7/site-packages/airflow/example_dags/tutorial_etl_dag.py for tasks to queue
[2022-07-14 23:55:08,810] {logging_mixin.py:109} INFO - [2022-07-14 23:55:08,809] {dagbag.py:500} INFO - Filling up the DagBag from /home/airflow/.local/lib/python3.7/site-packages/airflow/example_dags/tutorial_etl_dag.py
[2022-07-14 23:55:08,877] {processor.py:632} INFO - DAG(s) dict_keys(['tutorial_etl_dag']) retrieved from /home/airflow/.local/lib/python3.7/site-packages/airflow/example_dags/tutorial_etl_dag.py
[2022-07-14 23:55:08,929] {logging_mixin.py:109} INFO - [2022-07-14 23:55:08,929] {dag.py:2389} INFO - Sync 1 DAGs
[2022-07-14 23:55:09,009] {logging_mixin.py:109} INFO - [2022-07-14 23:55:09,009] {dag.py:2921} INFO - Setting next_dagrun for tutorial_etl_dag to None
[2022-07-14 23:55:09,060] {processor.py:171} INFO - Processing /home/airflow/.local/lib/python3.7/site-packages/airflow/example_dags/tutorial_etl_dag.py took 0.267 seconds
[2022-07-14 23:55:39,293] {processor.py:163} INFO - Started process (PID=1784) to work on /home/airflow/.local/lib/python3.7/site-packages/airflow/example_dags/tutorial_etl_dag.py
[2022-07-14 23:55:39,296] {processor.py:620} INFO - Processing file /home/airflow/.local/lib/python3.7/site-packages/airflow/example_dags/tutorial_etl_dag.py for tasks to queue
[2022-07-14 23:55:39,299] {logging_mixin.py:109} INFO - [2022-07-14 23:55:39,299] {dagbag.py:500} INFO - Filling up the DagBag from /home/airflow/.local/lib/python3.7/site-packages/airflow/example_dags/tutorial_etl_dag.py
[2022-07-14 23:55:39,369] {processor.py:632} INFO - DAG(s) dict_keys(['tutorial_etl_dag']) retrieved from /home/airflow/.local/lib/python3.7/site-packages/airflow/example_dags/tutorial_etl_dag.py
[2022-07-14 23:55:39,410] {logging_mixin.py:109} INFO - [2022-07-14 23:55:39,410] {dag.py:2389} INFO - Sync 1 DAGs
[2022-07-14 23:55:39,463] {logging_mixin.py:109} INFO - [2022-07-14 23:55:39,463] {dag.py:2921} INFO - Setting next_dagrun for tutorial_etl_dag to None
[2022-07-14 23:55:39,488] {processor.py:171} INFO - Processing /home/airflow/.local/lib/python3.7/site-packages/airflow/example_dags/tutorial_etl_dag.py took 0.202 seconds
[2022-07-14 23:56:10,507] {processor.py:163} INFO - Started process (PID=1880) to work on /home/airflow/.local/lib/python3.7/site-packages/airflow/example_dags/tutorial_etl_dag.py
[2022-07-14 23:56:10,519] {processor.py:620} INFO - Processing file /home/airflow/.local/lib/python3.7/site-packages/airflow/example_dags/tutorial_etl_dag.py for tasks to queue
[2022-07-14 23:56:10,525] {logging_mixin.py:109} INFO - [2022-07-14 23:56:10,524] {dagbag.py:500} INFO - Filling up the DagBag from /home/airflow/.local/lib/python3.7/site-packages/airflow/example_dags/tutorial_etl_dag.py
[2022-07-14 23:56:10,669] {processor.py:632} INFO - DAG(s) dict_keys(['tutorial_etl_dag']) retrieved from /home/airflow/.local/lib/python3.7/site-packages/airflow/example_dags/tutorial_etl_dag.py
[2022-07-14 23:56:10,763] {logging_mixin.py:109} INFO - [2022-07-14 23:56:10,763] {dag.py:2389} INFO - Sync 1 DAGs
[2022-07-14 23:56:10,900] {logging_mixin.py:109} INFO - [2022-07-14 23:56:10,898] {dag.py:2921} INFO - Setting next_dagrun for tutorial_etl_dag to None
[2022-07-14 23:56:10,960] {processor.py:171} INFO - Processing /home/airflow/.local/lib/python3.7/site-packages/airflow/example_dags/tutorial_etl_dag.py took 0.460 seconds
[2022-07-14 23:56:41,030] {processor.py:163} INFO - Started process (PID=1964) to work on /home/airflow/.local/lib/python3.7/site-packages/airflow/example_dags/tutorial_etl_dag.py
[2022-07-14 23:56:41,036] {processor.py:620} INFO - Processing file /home/airflow/.local/lib/python3.7/site-packages/airflow/example_dags/tutorial_etl_dag.py for tasks to queue
[2022-07-14 23:56:41,039] {logging_mixin.py:109} INFO - [2022-07-14 23:56:41,039] {dagbag.py:500} INFO - Filling up the DagBag from /home/airflow/.local/lib/python3.7/site-packages/airflow/example_dags/tutorial_etl_dag.py
[2022-07-14 23:56:41,110] {processor.py:632} INFO - DAG(s) dict_keys(['tutorial_etl_dag']) retrieved from /home/airflow/.local/lib/python3.7/site-packages/airflow/example_dags/tutorial_etl_dag.py
[2022-07-14 23:56:41,148] {logging_mixin.py:109} INFO - [2022-07-14 23:56:41,147] {dag.py:2389} INFO - Sync 1 DAGs
[2022-07-14 23:56:41,209] {logging_mixin.py:109} INFO - [2022-07-14 23:56:41,208] {dag.py:2921} INFO - Setting next_dagrun for tutorial_etl_dag to None
[2022-07-14 23:56:41,236] {processor.py:171} INFO - Processing /home/airflow/.local/lib/python3.7/site-packages/airflow/example_dags/tutorial_etl_dag.py took 0.213 seconds
[2022-07-14 23:57:11,778] {processor.py:163} INFO - Started process (PID=2061) to work on /home/airflow/.local/lib/python3.7/site-packages/airflow/example_dags/tutorial_etl_dag.py
[2022-07-14 23:57:11,782] {processor.py:620} INFO - Processing file /home/airflow/.local/lib/python3.7/site-packages/airflow/example_dags/tutorial_etl_dag.py for tasks to queue
[2022-07-14 23:57:11,788] {logging_mixin.py:109} INFO - [2022-07-14 23:57:11,788] {dagbag.py:500} INFO - Filling up the DagBag from /home/airflow/.local/lib/python3.7/site-packages/airflow/example_dags/tutorial_etl_dag.py
[2022-07-14 23:57:11,857] {processor.py:632} INFO - DAG(s) dict_keys(['tutorial_etl_dag']) retrieved from /home/airflow/.local/lib/python3.7/site-packages/airflow/example_dags/tutorial_etl_dag.py
[2022-07-14 23:57:11,893] {logging_mixin.py:109} INFO - [2022-07-14 23:57:11,893] {dag.py:2389} INFO - Sync 1 DAGs
[2022-07-14 23:57:11,965] {logging_mixin.py:109} INFO - [2022-07-14 23:57:11,964] {dag.py:2921} INFO - Setting next_dagrun for tutorial_etl_dag to None
[2022-07-14 23:57:11,994] {processor.py:171} INFO - Processing /home/airflow/.local/lib/python3.7/site-packages/airflow/example_dags/tutorial_etl_dag.py took 0.223 seconds
[2022-07-14 23:57:42,222] {processor.py:163} INFO - Started process (PID=2143) to work on /home/airflow/.local/lib/python3.7/site-packages/airflow/example_dags/tutorial_etl_dag.py
[2022-07-14 23:57:42,226] {processor.py:620} INFO - Processing file /home/airflow/.local/lib/python3.7/site-packages/airflow/example_dags/tutorial_etl_dag.py for tasks to queue
[2022-07-14 23:57:42,229] {logging_mixin.py:109} INFO - [2022-07-14 23:57:42,228] {dagbag.py:500} INFO - Filling up the DagBag from /home/airflow/.local/lib/python3.7/site-packages/airflow/example_dags/tutorial_etl_dag.py
[2022-07-14 23:57:42,301] {processor.py:632} INFO - DAG(s) dict_keys(['tutorial_etl_dag']) retrieved from /home/airflow/.local/lib/python3.7/site-packages/airflow/example_dags/tutorial_etl_dag.py
[2022-07-14 23:57:42,344] {logging_mixin.py:109} INFO - [2022-07-14 23:57:42,343] {dag.py:2389} INFO - Sync 1 DAGs
[2022-07-14 23:57:42,406] {logging_mixin.py:109} INFO - [2022-07-14 23:57:42,406] {dag.py:2921} INFO - Setting next_dagrun for tutorial_etl_dag to None
[2022-07-14 23:57:42,435] {processor.py:171} INFO - Processing /home/airflow/.local/lib/python3.7/site-packages/airflow/example_dags/tutorial_etl_dag.py took 0.221 seconds
[2022-07-14 23:58:12,614] {processor.py:163} INFO - Started process (PID=2241) to work on /home/airflow/.local/lib/python3.7/site-packages/airflow/example_dags/tutorial_etl_dag.py
[2022-07-14 23:58:12,619] {processor.py:620} INFO - Processing file /home/airflow/.local/lib/python3.7/site-packages/airflow/example_dags/tutorial_etl_dag.py for tasks to queue
[2022-07-14 23:58:12,622] {logging_mixin.py:109} INFO - [2022-07-14 23:58:12,622] {dagbag.py:500} INFO - Filling up the DagBag from /home/airflow/.local/lib/python3.7/site-packages/airflow/example_dags/tutorial_etl_dag.py
[2022-07-14 23:58:12,711] {processor.py:632} INFO - DAG(s) dict_keys(['tutorial_etl_dag']) retrieved from /home/airflow/.local/lib/python3.7/site-packages/airflow/example_dags/tutorial_etl_dag.py
[2022-07-14 23:58:12,752] {logging_mixin.py:109} INFO - [2022-07-14 23:58:12,752] {dag.py:2389} INFO - Sync 1 DAGs
[2022-07-14 23:58:12,812] {logging_mixin.py:109} INFO - [2022-07-14 23:58:12,812] {dag.py:2921} INFO - Setting next_dagrun for tutorial_etl_dag to None
[2022-07-14 23:58:12,846] {processor.py:171} INFO - Processing /home/airflow/.local/lib/python3.7/site-packages/airflow/example_dags/tutorial_etl_dag.py took 0.239 seconds
[2022-07-14 23:58:42,982] {processor.py:163} INFO - Started process (PID=2321) to work on /home/airflow/.local/lib/python3.7/site-packages/airflow/example_dags/tutorial_etl_dag.py
[2022-07-14 23:58:42,988] {processor.py:620} INFO - Processing file /home/airflow/.local/lib/python3.7/site-packages/airflow/example_dags/tutorial_etl_dag.py for tasks to queue
[2022-07-14 23:58:42,992] {logging_mixin.py:109} INFO - [2022-07-14 23:58:42,991] {dagbag.py:500} INFO - Filling up the DagBag from /home/airflow/.local/lib/python3.7/site-packages/airflow/example_dags/tutorial_etl_dag.py
[2022-07-14 23:58:43,069] {processor.py:632} INFO - DAG(s) dict_keys(['tutorial_etl_dag']) retrieved from /home/airflow/.local/lib/python3.7/site-packages/airflow/example_dags/tutorial_etl_dag.py
[2022-07-14 23:58:43,107] {logging_mixin.py:109} INFO - [2022-07-14 23:58:43,107] {dag.py:2389} INFO - Sync 1 DAGs
[2022-07-14 23:58:43,164] {logging_mixin.py:109} INFO - [2022-07-14 23:58:43,164] {dag.py:2921} INFO - Setting next_dagrun for tutorial_etl_dag to None
[2022-07-14 23:58:43,191] {processor.py:171} INFO - Processing /home/airflow/.local/lib/python3.7/site-packages/airflow/example_dags/tutorial_etl_dag.py took 0.217 seconds
[2022-07-14 23:59:13,412] {processor.py:163} INFO - Started process (PID=2419) to work on /home/airflow/.local/lib/python3.7/site-packages/airflow/example_dags/tutorial_etl_dag.py
[2022-07-14 23:59:13,417] {processor.py:620} INFO - Processing file /home/airflow/.local/lib/python3.7/site-packages/airflow/example_dags/tutorial_etl_dag.py for tasks to queue
[2022-07-14 23:59:13,422] {logging_mixin.py:109} INFO - [2022-07-14 23:59:13,422] {dagbag.py:500} INFO - Filling up the DagBag from /home/airflow/.local/lib/python3.7/site-packages/airflow/example_dags/tutorial_etl_dag.py
[2022-07-14 23:59:13,509] {processor.py:632} INFO - DAG(s) dict_keys(['tutorial_etl_dag']) retrieved from /home/airflow/.local/lib/python3.7/site-packages/airflow/example_dags/tutorial_etl_dag.py
[2022-07-14 23:59:13,558] {logging_mixin.py:109} INFO - [2022-07-14 23:59:13,557] {dag.py:2389} INFO - Sync 1 DAGs
[2022-07-14 23:59:13,676] {logging_mixin.py:109} INFO - [2022-07-14 23:59:13,676] {dag.py:2921} INFO - Setting next_dagrun for tutorial_etl_dag to None
[2022-07-14 23:59:13,749] {processor.py:171} INFO - Processing /home/airflow/.local/lib/python3.7/site-packages/airflow/example_dags/tutorial_etl_dag.py took 0.345 seconds
[2022-07-14 23:59:44,745] {processor.py:163} INFO - Started process (PID=2511) to work on /home/airflow/.local/lib/python3.7/site-packages/airflow/example_dags/tutorial_etl_dag.py
[2022-07-14 23:59:44,751] {processor.py:620} INFO - Processing file /home/airflow/.local/lib/python3.7/site-packages/airflow/example_dags/tutorial_etl_dag.py for tasks to queue
[2022-07-14 23:59:44,757] {logging_mixin.py:109} INFO - [2022-07-14 23:59:44,754] {dagbag.py:500} INFO - Filling up the DagBag from /home/airflow/.local/lib/python3.7/site-packages/airflow/example_dags/tutorial_etl_dag.py
[2022-07-14 23:59:44,848] {processor.py:632} INFO - DAG(s) dict_keys(['tutorial_etl_dag']) retrieved from /home/airflow/.local/lib/python3.7/site-packages/airflow/example_dags/tutorial_etl_dag.py
[2022-07-14 23:59:44,894] {logging_mixin.py:109} INFO - [2022-07-14 23:59:44,894] {dag.py:2389} INFO - Sync 1 DAGs
[2022-07-14 23:59:44,956] {logging_mixin.py:109} INFO - [2022-07-14 23:59:44,955] {dag.py:2921} INFO - Setting next_dagrun for tutorial_etl_dag to None
[2022-07-14 23:59:44,986] {processor.py:171} INFO - Processing /home/airflow/.local/lib/python3.7/site-packages/airflow/example_dags/tutorial_etl_dag.py took 0.251 seconds
