[2022-07-14 23:41:35,530] {processor.py:163} INFO - Started process (PID=368) to work on /home/airflow/.local/lib/python3.7/site-packages/airflow/example_dags/tutorial.py
[2022-07-14 23:41:35,557] {processor.py:620} INFO - Processing file /home/airflow/.local/lib/python3.7/site-packages/airflow/example_dags/tutorial.py for tasks to queue
[2022-07-14 23:41:35,568] {logging_mixin.py:109} INFO - [2022-07-14 23:41:35,568] {dagbag.py:500} INFO - Filling up the DagBag from /home/airflow/.local/lib/python3.7/site-packages/airflow/example_dags/tutorial.py
[2022-07-14 23:41:36,100] {processor.py:632} INFO - DAG(s) dict_keys(['tutorial']) retrieved from /home/airflow/.local/lib/python3.7/site-packages/airflow/example_dags/tutorial.py
[2022-07-14 23:41:36,402] {logging_mixin.py:109} INFO - [2022-07-14 23:41:36,397] {dag.py:2389} INFO - Sync 1 DAGs
[2022-07-14 23:41:36,882] {logging_mixin.py:109} INFO - [2022-07-14 23:41:36,881] {dag.py:2921} INFO - Setting next_dagrun for tutorial to 2022-07-13T23:41:36.871697+00:00
[2022-07-14 23:41:37,154] {processor.py:171} INFO - Processing /home/airflow/.local/lib/python3.7/site-packages/airflow/example_dags/tutorial.py took 1.670 seconds
[2022-07-14 23:46:47,114] {processor.py:163} INFO - Started process (PID=225) to work on /home/airflow/.local/lib/python3.7/site-packages/airflow/example_dags/tutorial.py
[2022-07-14 23:46:47,154] {processor.py:620} INFO - Processing file /home/airflow/.local/lib/python3.7/site-packages/airflow/example_dags/tutorial.py for tasks to queue
[2022-07-14 23:46:47,160] {logging_mixin.py:109} INFO - [2022-07-14 23:46:47,159] {dagbag.py:500} INFO - Filling up the DagBag from /home/airflow/.local/lib/python3.7/site-packages/airflow/example_dags/tutorial.py
[2022-07-14 23:46:47,460] {processor.py:632} INFO - DAG(s) dict_keys(['tutorial']) retrieved from /home/airflow/.local/lib/python3.7/site-packages/airflow/example_dags/tutorial.py
[2022-07-14 23:46:47,633] {logging_mixin.py:109} INFO - [2022-07-14 23:46:47,632] {dag.py:2389} INFO - Sync 1 DAGs
[2022-07-14 23:46:47,885] {logging_mixin.py:109} INFO - [2022-07-14 23:46:47,885] {dag.py:2921} INFO - Setting next_dagrun for tutorial to 2022-07-13T23:46:47.872963+00:00
[2022-07-14 23:46:48,016] {processor.py:171} INFO - Processing /home/airflow/.local/lib/python3.7/site-packages/airflow/example_dags/tutorial.py took 0.926 seconds
[2022-07-14 23:47:18,630] {processor.py:163} INFO - Started process (PID=311) to work on /home/airflow/.local/lib/python3.7/site-packages/airflow/example_dags/tutorial.py
[2022-07-14 23:47:18,638] {processor.py:620} INFO - Processing file /home/airflow/.local/lib/python3.7/site-packages/airflow/example_dags/tutorial.py for tasks to queue
[2022-07-14 23:47:18,647] {logging_mixin.py:109} INFO - [2022-07-14 23:47:18,644] {dagbag.py:500} INFO - Filling up the DagBag from /home/airflow/.local/lib/python3.7/site-packages/airflow/example_dags/tutorial.py
[2022-07-14 23:47:18,854] {processor.py:632} INFO - DAG(s) dict_keys(['tutorial']) retrieved from /home/airflow/.local/lib/python3.7/site-packages/airflow/example_dags/tutorial.py
[2022-07-14 23:47:19,017] {logging_mixin.py:109} INFO - [2022-07-14 23:47:19,017] {dag.py:2389} INFO - Sync 1 DAGs
[2022-07-14 23:47:19,167] {logging_mixin.py:109} INFO - [2022-07-14 23:47:19,166] {dag.py:2921} INFO - Setting next_dagrun for tutorial to 2022-07-13T23:47:19.164396+00:00
[2022-07-14 23:47:19,234] {processor.py:171} INFO - Processing /home/airflow/.local/lib/python3.7/site-packages/airflow/example_dags/tutorial.py took 0.621 seconds
[2022-07-14 23:47:49,868] {processor.py:163} INFO - Started process (PID=408) to work on /home/airflow/.local/lib/python3.7/site-packages/airflow/example_dags/tutorial.py
[2022-07-14 23:47:49,875] {processor.py:620} INFO - Processing file /home/airflow/.local/lib/python3.7/site-packages/airflow/example_dags/tutorial.py for tasks to queue
[2022-07-14 23:47:49,880] {logging_mixin.py:109} INFO - [2022-07-14 23:47:49,879] {dagbag.py:500} INFO - Filling up the DagBag from /home/airflow/.local/lib/python3.7/site-packages/airflow/example_dags/tutorial.py
[2022-07-14 23:47:50,055] {processor.py:632} INFO - DAG(s) dict_keys(['tutorial']) retrieved from /home/airflow/.local/lib/python3.7/site-packages/airflow/example_dags/tutorial.py
[2022-07-14 23:47:50,141] {logging_mixin.py:109} INFO - [2022-07-14 23:47:50,140] {dag.py:2389} INFO - Sync 1 DAGs
[2022-07-14 23:47:50,261] {logging_mixin.py:109} INFO - [2022-07-14 23:47:50,261] {dag.py:2921} INFO - Setting next_dagrun for tutorial to 2022-07-13T23:47:50.258964+00:00
[2022-07-14 23:47:50,324] {processor.py:171} INFO - Processing /home/airflow/.local/lib/python3.7/site-packages/airflow/example_dags/tutorial.py took 0.465 seconds
[2022-07-14 23:48:20,454] {processor.py:163} INFO - Started process (PID=488) to work on /home/airflow/.local/lib/python3.7/site-packages/airflow/example_dags/tutorial.py
[2022-07-14 23:48:20,457] {processor.py:620} INFO - Processing file /home/airflow/.local/lib/python3.7/site-packages/airflow/example_dags/tutorial.py for tasks to queue
[2022-07-14 23:48:20,460] {logging_mixin.py:109} INFO - [2022-07-14 23:48:20,459] {dagbag.py:500} INFO - Filling up the DagBag from /home/airflow/.local/lib/python3.7/site-packages/airflow/example_dags/tutorial.py
[2022-07-14 23:48:20,523] {processor.py:632} INFO - DAG(s) dict_keys(['tutorial']) retrieved from /home/airflow/.local/lib/python3.7/site-packages/airflow/example_dags/tutorial.py
[2022-07-14 23:48:20,560] {logging_mixin.py:109} INFO - [2022-07-14 23:48:20,559] {dag.py:2389} INFO - Sync 1 DAGs
[2022-07-14 23:48:20,617] {logging_mixin.py:109} INFO - [2022-07-14 23:48:20,616] {dag.py:2921} INFO - Setting next_dagrun for tutorial to 2022-07-13T23:48:20.614860+00:00
[2022-07-14 23:48:20,646] {processor.py:171} INFO - Processing /home/airflow/.local/lib/python3.7/site-packages/airflow/example_dags/tutorial.py took 0.200 seconds
[2022-07-14 23:48:51,048] {processor.py:163} INFO - Started process (PID=586) to work on /home/airflow/.local/lib/python3.7/site-packages/airflow/example_dags/tutorial.py
[2022-07-14 23:48:51,052] {processor.py:620} INFO - Processing file /home/airflow/.local/lib/python3.7/site-packages/airflow/example_dags/tutorial.py for tasks to queue
[2022-07-14 23:48:51,055] {logging_mixin.py:109} INFO - [2022-07-14 23:48:51,054] {dagbag.py:500} INFO - Filling up the DagBag from /home/airflow/.local/lib/python3.7/site-packages/airflow/example_dags/tutorial.py
[2022-07-14 23:48:51,154] {processor.py:632} INFO - DAG(s) dict_keys(['tutorial']) retrieved from /home/airflow/.local/lib/python3.7/site-packages/airflow/example_dags/tutorial.py
[2022-07-14 23:48:51,192] {logging_mixin.py:109} INFO - [2022-07-14 23:48:51,191] {dag.py:2389} INFO - Sync 1 DAGs
[2022-07-14 23:48:51,251] {logging_mixin.py:109} INFO - [2022-07-14 23:48:51,250] {dag.py:2921} INFO - Setting next_dagrun for tutorial to 2022-07-13T23:48:51.249208+00:00
[2022-07-14 23:48:51,279] {processor.py:171} INFO - Processing /home/airflow/.local/lib/python3.7/site-packages/airflow/example_dags/tutorial.py took 0.238 seconds
[2022-07-14 23:49:21,733] {processor.py:163} INFO - Started process (PID=668) to work on /home/airflow/.local/lib/python3.7/site-packages/airflow/example_dags/tutorial.py
[2022-07-14 23:49:21,738] {processor.py:620} INFO - Processing file /home/airflow/.local/lib/python3.7/site-packages/airflow/example_dags/tutorial.py for tasks to queue
[2022-07-14 23:49:21,741] {logging_mixin.py:109} INFO - [2022-07-14 23:49:21,741] {dagbag.py:500} INFO - Filling up the DagBag from /home/airflow/.local/lib/python3.7/site-packages/airflow/example_dags/tutorial.py
[2022-07-14 23:49:21,827] {processor.py:632} INFO - DAG(s) dict_keys(['tutorial']) retrieved from /home/airflow/.local/lib/python3.7/site-packages/airflow/example_dags/tutorial.py
[2022-07-14 23:49:21,870] {logging_mixin.py:109} INFO - [2022-07-14 23:49:21,870] {dag.py:2389} INFO - Sync 1 DAGs
[2022-07-14 23:49:21,934] {logging_mixin.py:109} INFO - [2022-07-14 23:49:21,933] {dag.py:2921} INFO - Setting next_dagrun for tutorial to 2022-07-13T23:49:21.931751+00:00
[2022-07-14 23:49:21,961] {processor.py:171} INFO - Processing /home/airflow/.local/lib/python3.7/site-packages/airflow/example_dags/tutorial.py took 0.235 seconds
[2022-07-14 23:49:52,053] {processor.py:163} INFO - Started process (PID=764) to work on /home/airflow/.local/lib/python3.7/site-packages/airflow/example_dags/tutorial.py
[2022-07-14 23:49:52,058] {processor.py:620} INFO - Processing file /home/airflow/.local/lib/python3.7/site-packages/airflow/example_dags/tutorial.py for tasks to queue
[2022-07-14 23:49:52,068] {logging_mixin.py:109} INFO - [2022-07-14 23:49:52,067] {dagbag.py:500} INFO - Filling up the DagBag from /home/airflow/.local/lib/python3.7/site-packages/airflow/example_dags/tutorial.py
[2022-07-14 23:49:52,157] {processor.py:632} INFO - DAG(s) dict_keys(['tutorial']) retrieved from /home/airflow/.local/lib/python3.7/site-packages/airflow/example_dags/tutorial.py
[2022-07-14 23:49:52,204] {logging_mixin.py:109} INFO - [2022-07-14 23:49:52,204] {dag.py:2389} INFO - Sync 1 DAGs
[2022-07-14 23:49:52,273] {logging_mixin.py:109} INFO - [2022-07-14 23:49:52,272] {dag.py:2921} INFO - Setting next_dagrun for tutorial to 2022-07-13T23:49:52.270767+00:00
[2022-07-14 23:49:52,306] {processor.py:171} INFO - Processing /home/airflow/.local/lib/python3.7/site-packages/airflow/example_dags/tutorial.py took 0.260 seconds
[2022-07-14 23:50:22,426] {processor.py:163} INFO - Started process (PID=846) to work on /home/airflow/.local/lib/python3.7/site-packages/airflow/example_dags/tutorial.py
[2022-07-14 23:50:22,431] {processor.py:620} INFO - Processing file /home/airflow/.local/lib/python3.7/site-packages/airflow/example_dags/tutorial.py for tasks to queue
[2022-07-14 23:50:22,435] {logging_mixin.py:109} INFO - [2022-07-14 23:50:22,434] {dagbag.py:500} INFO - Filling up the DagBag from /home/airflow/.local/lib/python3.7/site-packages/airflow/example_dags/tutorial.py
[2022-07-14 23:50:22,513] {processor.py:632} INFO - DAG(s) dict_keys(['tutorial']) retrieved from /home/airflow/.local/lib/python3.7/site-packages/airflow/example_dags/tutorial.py
[2022-07-14 23:50:22,557] {logging_mixin.py:109} INFO - [2022-07-14 23:50:22,557] {dag.py:2389} INFO - Sync 1 DAGs
[2022-07-14 23:50:22,632] {logging_mixin.py:109} INFO - [2022-07-14 23:50:22,631] {dag.py:2921} INFO - Setting next_dagrun for tutorial to 2022-07-13T23:50:22.629476+00:00
[2022-07-14 23:50:22,663] {processor.py:171} INFO - Processing /home/airflow/.local/lib/python3.7/site-packages/airflow/example_dags/tutorial.py took 0.244 seconds
[2022-07-14 23:50:52,779] {processor.py:163} INFO - Started process (PID=943) to work on /home/airflow/.local/lib/python3.7/site-packages/airflow/example_dags/tutorial.py
[2022-07-14 23:50:52,784] {processor.py:620} INFO - Processing file /home/airflow/.local/lib/python3.7/site-packages/airflow/example_dags/tutorial.py for tasks to queue
[2022-07-14 23:50:52,787] {logging_mixin.py:109} INFO - [2022-07-14 23:50:52,787] {dagbag.py:500} INFO - Filling up the DagBag from /home/airflow/.local/lib/python3.7/site-packages/airflow/example_dags/tutorial.py
[2022-07-14 23:50:52,874] {processor.py:632} INFO - DAG(s) dict_keys(['tutorial']) retrieved from /home/airflow/.local/lib/python3.7/site-packages/airflow/example_dags/tutorial.py
[2022-07-14 23:50:52,919] {logging_mixin.py:109} INFO - [2022-07-14 23:50:52,919] {dag.py:2389} INFO - Sync 1 DAGs
[2022-07-14 23:50:52,984] {logging_mixin.py:109} INFO - [2022-07-14 23:50:52,983] {dag.py:2921} INFO - Setting next_dagrun for tutorial to 2022-07-13T23:50:52.981878+00:00
[2022-07-14 23:50:53,018] {processor.py:171} INFO - Processing /home/airflow/.local/lib/python3.7/site-packages/airflow/example_dags/tutorial.py took 0.248 seconds
[2022-07-14 23:51:23,219] {processor.py:163} INFO - Started process (PID=1025) to work on /home/airflow/.local/lib/python3.7/site-packages/airflow/example_dags/tutorial.py
[2022-07-14 23:51:23,224] {processor.py:620} INFO - Processing file /home/airflow/.local/lib/python3.7/site-packages/airflow/example_dags/tutorial.py for tasks to queue
[2022-07-14 23:51:23,228] {logging_mixin.py:109} INFO - [2022-07-14 23:51:23,227] {dagbag.py:500} INFO - Filling up the DagBag from /home/airflow/.local/lib/python3.7/site-packages/airflow/example_dags/tutorial.py
[2022-07-14 23:51:23,307] {processor.py:632} INFO - DAG(s) dict_keys(['tutorial']) retrieved from /home/airflow/.local/lib/python3.7/site-packages/airflow/example_dags/tutorial.py
[2022-07-14 23:51:23,350] {logging_mixin.py:109} INFO - [2022-07-14 23:51:23,349] {dag.py:2389} INFO - Sync 1 DAGs
[2022-07-14 23:51:23,420] {logging_mixin.py:109} INFO - [2022-07-14 23:51:23,419] {dag.py:2921} INFO - Setting next_dagrun for tutorial to 2022-07-13T23:51:23.417523+00:00
[2022-07-14 23:51:23,448] {processor.py:171} INFO - Processing /home/airflow/.local/lib/python3.7/site-packages/airflow/example_dags/tutorial.py took 0.237 seconds
[2022-07-14 23:51:54,133] {processor.py:163} INFO - Started process (PID=1123) to work on /home/airflow/.local/lib/python3.7/site-packages/airflow/example_dags/tutorial.py
[2022-07-14 23:51:54,138] {processor.py:620} INFO - Processing file /home/airflow/.local/lib/python3.7/site-packages/airflow/example_dags/tutorial.py for tasks to queue
[2022-07-14 23:51:54,142] {logging_mixin.py:109} INFO - [2022-07-14 23:51:54,142] {dagbag.py:500} INFO - Filling up the DagBag from /home/airflow/.local/lib/python3.7/site-packages/airflow/example_dags/tutorial.py
[2022-07-14 23:51:54,237] {processor.py:632} INFO - DAG(s) dict_keys(['tutorial']) retrieved from /home/airflow/.local/lib/python3.7/site-packages/airflow/example_dags/tutorial.py
[2022-07-14 23:51:54,283] {logging_mixin.py:109} INFO - [2022-07-14 23:51:54,282] {dag.py:2389} INFO - Sync 1 DAGs
[2022-07-14 23:51:54,358] {logging_mixin.py:109} INFO - [2022-07-14 23:51:54,357] {dag.py:2921} INFO - Setting next_dagrun for tutorial to 2022-07-13T23:51:54.355518+00:00
[2022-07-14 23:51:54,396] {processor.py:171} INFO - Processing /home/airflow/.local/lib/python3.7/site-packages/airflow/example_dags/tutorial.py took 0.301 seconds
[2022-07-14 23:52:25,141] {processor.py:163} INFO - Started process (PID=1215) to work on /home/airflow/.local/lib/python3.7/site-packages/airflow/example_dags/tutorial.py
[2022-07-14 23:52:25,146] {processor.py:620} INFO - Processing file /home/airflow/.local/lib/python3.7/site-packages/airflow/example_dags/tutorial.py for tasks to queue
[2022-07-14 23:52:25,151] {logging_mixin.py:109} INFO - [2022-07-14 23:52:25,150] {dagbag.py:500} INFO - Filling up the DagBag from /home/airflow/.local/lib/python3.7/site-packages/airflow/example_dags/tutorial.py
[2022-07-14 23:52:25,251] {processor.py:632} INFO - DAG(s) dict_keys(['tutorial']) retrieved from /home/airflow/.local/lib/python3.7/site-packages/airflow/example_dags/tutorial.py
[2022-07-14 23:52:25,299] {logging_mixin.py:109} INFO - [2022-07-14 23:52:25,298] {dag.py:2389} INFO - Sync 1 DAGs
[2022-07-14 23:52:25,374] {logging_mixin.py:109} INFO - [2022-07-14 23:52:25,373] {dag.py:2921} INFO - Setting next_dagrun for tutorial to 2022-07-13T23:52:25.371865+00:00
[2022-07-14 23:52:25,411] {processor.py:171} INFO - Processing /home/airflow/.local/lib/python3.7/site-packages/airflow/example_dags/tutorial.py took 0.279 seconds
[2022-07-14 23:52:55,773] {processor.py:163} INFO - Started process (PID=1302) to work on /home/airflow/.local/lib/python3.7/site-packages/airflow/example_dags/tutorial.py
[2022-07-14 23:52:55,783] {processor.py:620} INFO - Processing file /home/airflow/.local/lib/python3.7/site-packages/airflow/example_dags/tutorial.py for tasks to queue
[2022-07-14 23:52:55,796] {logging_mixin.py:109} INFO - [2022-07-14 23:52:55,796] {dagbag.py:500} INFO - Filling up the DagBag from /home/airflow/.local/lib/python3.7/site-packages/airflow/example_dags/tutorial.py
[2022-07-14 23:52:55,892] {processor.py:632} INFO - DAG(s) dict_keys(['tutorial']) retrieved from /home/airflow/.local/lib/python3.7/site-packages/airflow/example_dags/tutorial.py
[2022-07-14 23:52:56,011] {logging_mixin.py:109} INFO - [2022-07-14 23:52:55,999] {dag.py:2389} INFO - Sync 1 DAGs
[2022-07-14 23:52:56,122] {logging_mixin.py:109} INFO - [2022-07-14 23:52:56,121] {dag.py:2921} INFO - Setting next_dagrun for tutorial to 2022-07-13T23:52:56.119543+00:00
[2022-07-14 23:52:56,157] {processor.py:171} INFO - Processing /home/airflow/.local/lib/python3.7/site-packages/airflow/example_dags/tutorial.py took 0.392 seconds
[2022-07-14 23:53:26,510] {processor.py:163} INFO - Started process (PID=1400) to work on /home/airflow/.local/lib/python3.7/site-packages/airflow/example_dags/tutorial.py
[2022-07-14 23:53:26,514] {processor.py:620} INFO - Processing file /home/airflow/.local/lib/python3.7/site-packages/airflow/example_dags/tutorial.py for tasks to queue
[2022-07-14 23:53:26,518] {logging_mixin.py:109} INFO - [2022-07-14 23:53:26,517] {dagbag.py:500} INFO - Filling up the DagBag from /home/airflow/.local/lib/python3.7/site-packages/airflow/example_dags/tutorial.py
[2022-07-14 23:53:26,596] {processor.py:632} INFO - DAG(s) dict_keys(['tutorial']) retrieved from /home/airflow/.local/lib/python3.7/site-packages/airflow/example_dags/tutorial.py
[2022-07-14 23:53:26,640] {logging_mixin.py:109} INFO - [2022-07-14 23:53:26,640] {dag.py:2389} INFO - Sync 1 DAGs
[2022-07-14 23:53:26,711] {logging_mixin.py:109} INFO - [2022-07-14 23:53:26,710] {dag.py:2921} INFO - Setting next_dagrun for tutorial to 2022-07-13T23:53:26.708742+00:00
[2022-07-14 23:53:26,750] {processor.py:171} INFO - Processing /home/airflow/.local/lib/python3.7/site-packages/airflow/example_dags/tutorial.py took 0.249 seconds
[2022-07-14 23:53:56,928] {processor.py:163} INFO - Started process (PID=1482) to work on /home/airflow/.local/lib/python3.7/site-packages/airflow/example_dags/tutorial.py
[2022-07-14 23:53:56,934] {processor.py:620} INFO - Processing file /home/airflow/.local/lib/python3.7/site-packages/airflow/example_dags/tutorial.py for tasks to queue
[2022-07-14 23:53:56,937] {logging_mixin.py:109} INFO - [2022-07-14 23:53:56,937] {dagbag.py:500} INFO - Filling up the DagBag from /home/airflow/.local/lib/python3.7/site-packages/airflow/example_dags/tutorial.py
[2022-07-14 23:53:57,011] {processor.py:632} INFO - DAG(s) dict_keys(['tutorial']) retrieved from /home/airflow/.local/lib/python3.7/site-packages/airflow/example_dags/tutorial.py
[2022-07-14 23:53:57,054] {logging_mixin.py:109} INFO - [2022-07-14 23:53:57,053] {dag.py:2389} INFO - Sync 1 DAGs
[2022-07-14 23:53:57,129] {logging_mixin.py:109} INFO - [2022-07-14 23:53:57,129] {dag.py:2921} INFO - Setting next_dagrun for tutorial to 2022-07-13T23:53:57.127077+00:00
[2022-07-14 23:53:57,169] {processor.py:171} INFO - Processing /home/airflow/.local/lib/python3.7/site-packages/airflow/example_dags/tutorial.py took 0.248 seconds
[2022-07-14 23:54:27,732] {processor.py:163} INFO - Started process (PID=1579) to work on /home/airflow/.local/lib/python3.7/site-packages/airflow/example_dags/tutorial.py
[2022-07-14 23:54:27,740] {processor.py:620} INFO - Processing file /home/airflow/.local/lib/python3.7/site-packages/airflow/example_dags/tutorial.py for tasks to queue
[2022-07-14 23:54:27,744] {logging_mixin.py:109} INFO - [2022-07-14 23:54:27,744] {dagbag.py:500} INFO - Filling up the DagBag from /home/airflow/.local/lib/python3.7/site-packages/airflow/example_dags/tutorial.py
[2022-07-14 23:54:27,870] {processor.py:632} INFO - DAG(s) dict_keys(['tutorial']) retrieved from /home/airflow/.local/lib/python3.7/site-packages/airflow/example_dags/tutorial.py
[2022-07-14 23:54:27,915] {logging_mixin.py:109} INFO - [2022-07-14 23:54:27,915] {dag.py:2389} INFO - Sync 1 DAGs
[2022-07-14 23:54:27,980] {logging_mixin.py:109} INFO - [2022-07-14 23:54:27,980] {dag.py:2921} INFO - Setting next_dagrun for tutorial to 2022-07-13T23:54:27.978052+00:00
[2022-07-14 23:54:28,009] {processor.py:171} INFO - Processing /home/airflow/.local/lib/python3.7/site-packages/airflow/example_dags/tutorial.py took 0.285 seconds
[2022-07-14 23:54:58,680] {processor.py:163} INFO - Started process (PID=1662) to work on /home/airflow/.local/lib/python3.7/site-packages/airflow/example_dags/tutorial.py
[2022-07-14 23:54:58,685] {processor.py:620} INFO - Processing file /home/airflow/.local/lib/python3.7/site-packages/airflow/example_dags/tutorial.py for tasks to queue
[2022-07-14 23:54:58,688] {logging_mixin.py:109} INFO - [2022-07-14 23:54:58,688] {dagbag.py:500} INFO - Filling up the DagBag from /home/airflow/.local/lib/python3.7/site-packages/airflow/example_dags/tutorial.py
[2022-07-14 23:54:58,765] {processor.py:632} INFO - DAG(s) dict_keys(['tutorial']) retrieved from /home/airflow/.local/lib/python3.7/site-packages/airflow/example_dags/tutorial.py
[2022-07-14 23:54:58,806] {logging_mixin.py:109} INFO - [2022-07-14 23:54:58,806] {dag.py:2389} INFO - Sync 1 DAGs
[2022-07-14 23:54:58,867] {logging_mixin.py:109} INFO - [2022-07-14 23:54:58,867] {dag.py:2921} INFO - Setting next_dagrun for tutorial to 2022-07-13T23:54:58.865879+00:00
[2022-07-14 23:54:58,902] {processor.py:171} INFO - Processing /home/airflow/.local/lib/python3.7/site-packages/airflow/example_dags/tutorial.py took 0.235 seconds
[2022-07-14 23:55:29,468] {processor.py:163} INFO - Started process (PID=1760) to work on /home/airflow/.local/lib/python3.7/site-packages/airflow/example_dags/tutorial.py
[2022-07-14 23:55:29,471] {processor.py:620} INFO - Processing file /home/airflow/.local/lib/python3.7/site-packages/airflow/example_dags/tutorial.py for tasks to queue
[2022-07-14 23:55:29,474] {logging_mixin.py:109} INFO - [2022-07-14 23:55:29,474] {dagbag.py:500} INFO - Filling up the DagBag from /home/airflow/.local/lib/python3.7/site-packages/airflow/example_dags/tutorial.py
[2022-07-14 23:55:29,544] {processor.py:632} INFO - DAG(s) dict_keys(['tutorial']) retrieved from /home/airflow/.local/lib/python3.7/site-packages/airflow/example_dags/tutorial.py
[2022-07-14 23:55:29,585] {logging_mixin.py:109} INFO - [2022-07-14 23:55:29,584] {dag.py:2389} INFO - Sync 1 DAGs
[2022-07-14 23:55:29,648] {logging_mixin.py:109} INFO - [2022-07-14 23:55:29,648] {dag.py:2921} INFO - Setting next_dagrun for tutorial to 2022-07-13T23:55:29.646791+00:00
[2022-07-14 23:55:29,689] {processor.py:171} INFO - Processing /home/airflow/.local/lib/python3.7/site-packages/airflow/example_dags/tutorial.py took 0.228 seconds
[2022-07-14 23:56:00,523] {processor.py:163} INFO - Started process (PID=1842) to work on /home/airflow/.local/lib/python3.7/site-packages/airflow/example_dags/tutorial.py
[2022-07-14 23:56:00,527] {processor.py:620} INFO - Processing file /home/airflow/.local/lib/python3.7/site-packages/airflow/example_dags/tutorial.py for tasks to queue
[2022-07-14 23:56:00,530] {logging_mixin.py:109} INFO - [2022-07-14 23:56:00,529] {dagbag.py:500} INFO - Filling up the DagBag from /home/airflow/.local/lib/python3.7/site-packages/airflow/example_dags/tutorial.py
[2022-07-14 23:56:00,594] {processor.py:632} INFO - DAG(s) dict_keys(['tutorial']) retrieved from /home/airflow/.local/lib/python3.7/site-packages/airflow/example_dags/tutorial.py
[2022-07-14 23:56:00,632] {logging_mixin.py:109} INFO - [2022-07-14 23:56:00,632] {dag.py:2389} INFO - Sync 1 DAGs
[2022-07-14 23:56:00,686] {logging_mixin.py:109} INFO - [2022-07-14 23:56:00,686] {dag.py:2921} INFO - Setting next_dagrun for tutorial to 2022-07-13T23:56:00.684970+00:00
[2022-07-14 23:56:00,714] {processor.py:171} INFO - Processing /home/airflow/.local/lib/python3.7/site-packages/airflow/example_dags/tutorial.py took 0.197 seconds
[2022-07-14 23:56:31,659] {processor.py:163} INFO - Started process (PID=1940) to work on /home/airflow/.local/lib/python3.7/site-packages/airflow/example_dags/tutorial.py
[2022-07-14 23:56:31,663] {processor.py:620} INFO - Processing file /home/airflow/.local/lib/python3.7/site-packages/airflow/example_dags/tutorial.py for tasks to queue
[2022-07-14 23:56:31,666] {logging_mixin.py:109} INFO - [2022-07-14 23:56:31,666] {dagbag.py:500} INFO - Filling up the DagBag from /home/airflow/.local/lib/python3.7/site-packages/airflow/example_dags/tutorial.py
[2022-07-14 23:56:31,774] {processor.py:632} INFO - DAG(s) dict_keys(['tutorial']) retrieved from /home/airflow/.local/lib/python3.7/site-packages/airflow/example_dags/tutorial.py
[2022-07-14 23:56:31,817] {logging_mixin.py:109} INFO - [2022-07-14 23:56:31,815] {dag.py:2389} INFO - Sync 1 DAGs
[2022-07-14 23:56:31,878] {logging_mixin.py:109} INFO - [2022-07-14 23:56:31,878] {dag.py:2921} INFO - Setting next_dagrun for tutorial to 2022-07-13T23:56:31.876204+00:00
[2022-07-14 23:56:31,911] {processor.py:171} INFO - Processing /home/airflow/.local/lib/python3.7/site-packages/airflow/example_dags/tutorial.py took 0.259 seconds
[2022-07-14 23:57:02,059] {processor.py:163} INFO - Started process (PID=2019) to work on /home/airflow/.local/lib/python3.7/site-packages/airflow/example_dags/tutorial.py
[2022-07-14 23:57:02,064] {processor.py:620} INFO - Processing file /home/airflow/.local/lib/python3.7/site-packages/airflow/example_dags/tutorial.py for tasks to queue
[2022-07-14 23:57:02,067] {logging_mixin.py:109} INFO - [2022-07-14 23:57:02,067] {dagbag.py:500} INFO - Filling up the DagBag from /home/airflow/.local/lib/python3.7/site-packages/airflow/example_dags/tutorial.py
[2022-07-14 23:57:02,142] {processor.py:632} INFO - DAG(s) dict_keys(['tutorial']) retrieved from /home/airflow/.local/lib/python3.7/site-packages/airflow/example_dags/tutorial.py
[2022-07-14 23:57:02,185] {logging_mixin.py:109} INFO - [2022-07-14 23:57:02,185] {dag.py:2389} INFO - Sync 1 DAGs
[2022-07-14 23:57:02,244] {logging_mixin.py:109} INFO - [2022-07-14 23:57:02,243] {dag.py:2921} INFO - Setting next_dagrun for tutorial to 2022-07-13T23:57:02.242132+00:00
[2022-07-14 23:57:02,272] {processor.py:171} INFO - Processing /home/airflow/.local/lib/python3.7/site-packages/airflow/example_dags/tutorial.py took 0.220 seconds
[2022-07-14 23:57:32,879] {processor.py:163} INFO - Started process (PID=2117) to work on /home/airflow/.local/lib/python3.7/site-packages/airflow/example_dags/tutorial.py
[2022-07-14 23:57:32,883] {processor.py:620} INFO - Processing file /home/airflow/.local/lib/python3.7/site-packages/airflow/example_dags/tutorial.py for tasks to queue
[2022-07-14 23:57:32,887] {logging_mixin.py:109} INFO - [2022-07-14 23:57:32,886] {dagbag.py:500} INFO - Filling up the DagBag from /home/airflow/.local/lib/python3.7/site-packages/airflow/example_dags/tutorial.py
[2022-07-14 23:57:32,965] {processor.py:632} INFO - DAG(s) dict_keys(['tutorial']) retrieved from /home/airflow/.local/lib/python3.7/site-packages/airflow/example_dags/tutorial.py
[2022-07-14 23:57:33,010] {logging_mixin.py:109} INFO - [2022-07-14 23:57:33,008] {dag.py:2389} INFO - Sync 1 DAGs
[2022-07-14 23:57:33,097] {logging_mixin.py:109} INFO - [2022-07-14 23:57:33,096] {dag.py:2921} INFO - Setting next_dagrun for tutorial to 2022-07-13T23:57:33.094939+00:00
[2022-07-14 23:57:33,127] {processor.py:171} INFO - Processing /home/airflow/.local/lib/python3.7/site-packages/airflow/example_dags/tutorial.py took 0.256 seconds
[2022-07-14 23:58:03,283] {processor.py:163} INFO - Started process (PID=2199) to work on /home/airflow/.local/lib/python3.7/site-packages/airflow/example_dags/tutorial.py
[2022-07-14 23:58:03,288] {processor.py:620} INFO - Processing file /home/airflow/.local/lib/python3.7/site-packages/airflow/example_dags/tutorial.py for tasks to queue
[2022-07-14 23:58:03,291] {logging_mixin.py:109} INFO - [2022-07-14 23:58:03,291] {dagbag.py:500} INFO - Filling up the DagBag from /home/airflow/.local/lib/python3.7/site-packages/airflow/example_dags/tutorial.py
[2022-07-14 23:58:03,366] {processor.py:632} INFO - DAG(s) dict_keys(['tutorial']) retrieved from /home/airflow/.local/lib/python3.7/site-packages/airflow/example_dags/tutorial.py
[2022-07-14 23:58:03,406] {logging_mixin.py:109} INFO - [2022-07-14 23:58:03,406] {dag.py:2389} INFO - Sync 1 DAGs
[2022-07-14 23:58:03,468] {logging_mixin.py:109} INFO - [2022-07-14 23:58:03,467] {dag.py:2921} INFO - Setting next_dagrun for tutorial to 2022-07-13T23:58:03.465728+00:00
[2022-07-14 23:58:03,499] {processor.py:171} INFO - Processing /home/airflow/.local/lib/python3.7/site-packages/airflow/example_dags/tutorial.py took 0.223 seconds
[2022-07-14 23:58:34,271] {processor.py:163} INFO - Started process (PID=2295) to work on /home/airflow/.local/lib/python3.7/site-packages/airflow/example_dags/tutorial.py
[2022-07-14 23:58:34,276] {processor.py:620} INFO - Processing file /home/airflow/.local/lib/python3.7/site-packages/airflow/example_dags/tutorial.py for tasks to queue
[2022-07-14 23:58:34,280] {logging_mixin.py:109} INFO - [2022-07-14 23:58:34,280] {dagbag.py:500} INFO - Filling up the DagBag from /home/airflow/.local/lib/python3.7/site-packages/airflow/example_dags/tutorial.py
[2022-07-14 23:58:34,366] {processor.py:632} INFO - DAG(s) dict_keys(['tutorial']) retrieved from /home/airflow/.local/lib/python3.7/site-packages/airflow/example_dags/tutorial.py
[2022-07-14 23:58:34,407] {logging_mixin.py:109} INFO - [2022-07-14 23:58:34,407] {dag.py:2389} INFO - Sync 1 DAGs
[2022-07-14 23:58:34,518] {logging_mixin.py:109} INFO - [2022-07-14 23:58:34,518] {dag.py:2921} INFO - Setting next_dagrun for tutorial to 2022-07-13T23:58:34.516362+00:00
[2022-07-14 23:58:34,579] {processor.py:171} INFO - Processing /home/airflow/.local/lib/python3.7/site-packages/airflow/example_dags/tutorial.py took 0.318 seconds
[2022-07-14 23:59:05,467] {processor.py:163} INFO - Started process (PID=2387) to work on /home/airflow/.local/lib/python3.7/site-packages/airflow/example_dags/tutorial.py
[2022-07-14 23:59:05,472] {processor.py:620} INFO - Processing file /home/airflow/.local/lib/python3.7/site-packages/airflow/example_dags/tutorial.py for tasks to queue
[2022-07-14 23:59:05,475] {logging_mixin.py:109} INFO - [2022-07-14 23:59:05,475] {dagbag.py:500} INFO - Filling up the DagBag from /home/airflow/.local/lib/python3.7/site-packages/airflow/example_dags/tutorial.py
[2022-07-14 23:59:05,547] {processor.py:632} INFO - DAG(s) dict_keys(['tutorial']) retrieved from /home/airflow/.local/lib/python3.7/site-packages/airflow/example_dags/tutorial.py
[2022-07-14 23:59:05,587] {logging_mixin.py:109} INFO - [2022-07-14 23:59:05,586] {dag.py:2389} INFO - Sync 1 DAGs
[2022-07-14 23:59:05,647] {logging_mixin.py:109} INFO - [2022-07-14 23:59:05,647] {dag.py:2921} INFO - Setting next_dagrun for tutorial to 2022-07-13T23:59:05.645475+00:00
[2022-07-14 23:59:05,677] {processor.py:171} INFO - Processing /home/airflow/.local/lib/python3.7/site-packages/airflow/example_dags/tutorial.py took 0.217 seconds
[2022-07-14 23:59:36,092] {processor.py:163} INFO - Started process (PID=2475) to work on /home/airflow/.local/lib/python3.7/site-packages/airflow/example_dags/tutorial.py
[2022-07-14 23:59:36,097] {processor.py:620} INFO - Processing file /home/airflow/.local/lib/python3.7/site-packages/airflow/example_dags/tutorial.py for tasks to queue
[2022-07-14 23:59:36,101] {logging_mixin.py:109} INFO - [2022-07-14 23:59:36,101] {dagbag.py:500} INFO - Filling up the DagBag from /home/airflow/.local/lib/python3.7/site-packages/airflow/example_dags/tutorial.py
[2022-07-14 23:59:36,198] {processor.py:632} INFO - DAG(s) dict_keys(['tutorial']) retrieved from /home/airflow/.local/lib/python3.7/site-packages/airflow/example_dags/tutorial.py
[2022-07-14 23:59:36,241] {logging_mixin.py:109} INFO - [2022-07-14 23:59:36,240] {dag.py:2389} INFO - Sync 1 DAGs
[2022-07-14 23:59:36,306] {logging_mixin.py:109} INFO - [2022-07-14 23:59:36,306] {dag.py:2921} INFO - Setting next_dagrun for tutorial to 2022-07-13T23:59:36.304359+00:00
[2022-07-14 23:59:36,338] {processor.py:171} INFO - Processing /home/airflow/.local/lib/python3.7/site-packages/airflow/example_dags/tutorial.py took 0.253 seconds
