[2022-07-15 00:00:12,532] {processor.py:163} INFO - Started process (PID=2591) to work on /home/airflow/.local/lib/python3.7/site-packages/airflow/example_dags/example_kubernetes_executor.py
[2022-07-15 00:00:12,536] {processor.py:620} INFO - Processing file /home/airflow/.local/lib/python3.7/site-packages/airflow/example_dags/example_kubernetes_executor.py for tasks to queue
[2022-07-15 00:00:12,540] {logging_mixin.py:109} INFO - [2022-07-15 00:00:12,539] {dagbag.py:500} INFO - Filling up the DagBag from /home/airflow/.local/lib/python3.7/site-packages/airflow/example_dags/example_kubernetes_executor.py
[2022-07-15 00:00:12,620] {processor.py:632} INFO - DAG(s) dict_keys(['example_kubernetes_executor']) retrieved from /home/airflow/.local/lib/python3.7/site-packages/airflow/example_dags/example_kubernetes_executor.py
[2022-07-15 00:00:12,664] {logging_mixin.py:109} INFO - [2022-07-15 00:00:12,663] {dag.py:2389} INFO - Sync 1 DAGs
[2022-07-15 00:00:12,728] {logging_mixin.py:109} INFO - [2022-07-15 00:00:12,727] {dag.py:2921} INFO - Setting next_dagrun for example_kubernetes_executor to None
[2022-07-15 00:00:12,758] {processor.py:171} INFO - Processing /home/airflow/.local/lib/python3.7/site-packages/airflow/example_dags/example_kubernetes_executor.py took 0.233 seconds
[2022-07-15 00:00:43,218] {processor.py:163} INFO - Started process (PID=2673) to work on /home/airflow/.local/lib/python3.7/site-packages/airflow/example_dags/example_kubernetes_executor.py
[2022-07-15 00:00:43,223] {processor.py:620} INFO - Processing file /home/airflow/.local/lib/python3.7/site-packages/airflow/example_dags/example_kubernetes_executor.py for tasks to queue
[2022-07-15 00:00:43,226] {logging_mixin.py:109} INFO - [2022-07-15 00:00:43,226] {dagbag.py:500} INFO - Filling up the DagBag from /home/airflow/.local/lib/python3.7/site-packages/airflow/example_dags/example_kubernetes_executor.py
[2022-07-15 00:00:43,301] {processor.py:632} INFO - DAG(s) dict_keys(['example_kubernetes_executor']) retrieved from /home/airflow/.local/lib/python3.7/site-packages/airflow/example_dags/example_kubernetes_executor.py
[2022-07-15 00:00:43,344] {logging_mixin.py:109} INFO - [2022-07-15 00:00:43,343] {dag.py:2389} INFO - Sync 1 DAGs
[2022-07-15 00:00:43,411] {logging_mixin.py:109} INFO - [2022-07-15 00:00:43,410] {dag.py:2921} INFO - Setting next_dagrun for example_kubernetes_executor to None
[2022-07-15 00:00:43,443] {processor.py:171} INFO - Processing /home/airflow/.local/lib/python3.7/site-packages/airflow/example_dags/example_kubernetes_executor.py took 0.233 seconds
[2022-07-15 00:01:13,817] {processor.py:163} INFO - Started process (PID=2771) to work on /home/airflow/.local/lib/python3.7/site-packages/airflow/example_dags/example_kubernetes_executor.py
[2022-07-15 00:01:13,823] {processor.py:620} INFO - Processing file /home/airflow/.local/lib/python3.7/site-packages/airflow/example_dags/example_kubernetes_executor.py for tasks to queue
[2022-07-15 00:01:13,842] {logging_mixin.py:109} INFO - [2022-07-15 00:01:13,841] {dagbag.py:500} INFO - Filling up the DagBag from /home/airflow/.local/lib/python3.7/site-packages/airflow/example_dags/example_kubernetes_executor.py
[2022-07-15 00:01:13,949] {processor.py:632} INFO - DAG(s) dict_keys(['example_kubernetes_executor']) retrieved from /home/airflow/.local/lib/python3.7/site-packages/airflow/example_dags/example_kubernetes_executor.py
[2022-07-15 00:01:13,997] {logging_mixin.py:109} INFO - [2022-07-15 00:01:13,997] {dag.py:2389} INFO - Sync 1 DAGs
[2022-07-15 00:01:14,063] {logging_mixin.py:109} INFO - [2022-07-15 00:01:14,063] {dag.py:2921} INFO - Setting next_dagrun for example_kubernetes_executor to None
[2022-07-15 00:01:14,092] {processor.py:171} INFO - Processing /home/airflow/.local/lib/python3.7/site-packages/airflow/example_dags/example_kubernetes_executor.py took 0.296 seconds
[2022-07-15 00:01:44,153] {processor.py:163} INFO - Started process (PID=2861) to work on /home/airflow/.local/lib/python3.7/site-packages/airflow/example_dags/example_kubernetes_executor.py
[2022-07-15 00:01:44,158] {processor.py:620} INFO - Processing file /home/airflow/.local/lib/python3.7/site-packages/airflow/example_dags/example_kubernetes_executor.py for tasks to queue
[2022-07-15 00:01:44,161] {logging_mixin.py:109} INFO - [2022-07-15 00:01:44,161] {dagbag.py:500} INFO - Filling up the DagBag from /home/airflow/.local/lib/python3.7/site-packages/airflow/example_dags/example_kubernetes_executor.py
[2022-07-15 00:01:44,236] {processor.py:632} INFO - DAG(s) dict_keys(['example_kubernetes_executor']) retrieved from /home/airflow/.local/lib/python3.7/site-packages/airflow/example_dags/example_kubernetes_executor.py
[2022-07-15 00:01:44,286] {logging_mixin.py:109} INFO - [2022-07-15 00:01:44,285] {dag.py:2389} INFO - Sync 1 DAGs
[2022-07-15 00:01:44,344] {logging_mixin.py:109} INFO - [2022-07-15 00:01:44,344] {dag.py:2921} INFO - Setting next_dagrun for example_kubernetes_executor to None
[2022-07-15 00:01:44,374] {processor.py:171} INFO - Processing /home/airflow/.local/lib/python3.7/site-packages/airflow/example_dags/example_kubernetes_executor.py took 0.228 seconds
[2022-07-15 00:02:14,745] {processor.py:163} INFO - Started process (PID=2949) to work on /home/airflow/.local/lib/python3.7/site-packages/airflow/example_dags/example_kubernetes_executor.py
[2022-07-15 00:02:14,749] {processor.py:620} INFO - Processing file /home/airflow/.local/lib/python3.7/site-packages/airflow/example_dags/example_kubernetes_executor.py for tasks to queue
[2022-07-15 00:02:14,754] {logging_mixin.py:109} INFO - [2022-07-15 00:02:14,754] {dagbag.py:500} INFO - Filling up the DagBag from /home/airflow/.local/lib/python3.7/site-packages/airflow/example_dags/example_kubernetes_executor.py
[2022-07-15 00:02:14,840] {processor.py:632} INFO - DAG(s) dict_keys(['example_kubernetes_executor']) retrieved from /home/airflow/.local/lib/python3.7/site-packages/airflow/example_dags/example_kubernetes_executor.py
[2022-07-15 00:02:14,954] {logging_mixin.py:109} INFO - [2022-07-15 00:02:14,952] {dag.py:2389} INFO - Sync 1 DAGs
[2022-07-15 00:02:15,085] {logging_mixin.py:109} INFO - [2022-07-15 00:02:15,084] {dag.py:2921} INFO - Setting next_dagrun for example_kubernetes_executor to None
[2022-07-15 00:02:15,118] {processor.py:171} INFO - Processing /home/airflow/.local/lib/python3.7/site-packages/airflow/example_dags/example_kubernetes_executor.py took 0.380 seconds
[2022-07-15 00:02:46,246] {processor.py:163} INFO - Started process (PID=3047) to work on /home/airflow/.local/lib/python3.7/site-packages/airflow/example_dags/example_kubernetes_executor.py
[2022-07-15 00:02:46,253] {processor.py:620} INFO - Processing file /home/airflow/.local/lib/python3.7/site-packages/airflow/example_dags/example_kubernetes_executor.py for tasks to queue
[2022-07-15 00:02:46,262] {logging_mixin.py:109} INFO - [2022-07-15 00:02:46,260] {dagbag.py:500} INFO - Filling up the DagBag from /home/airflow/.local/lib/python3.7/site-packages/airflow/example_dags/example_kubernetes_executor.py
[2022-07-15 00:02:46,357] {processor.py:632} INFO - DAG(s) dict_keys(['example_kubernetes_executor']) retrieved from /home/airflow/.local/lib/python3.7/site-packages/airflow/example_dags/example_kubernetes_executor.py
[2022-07-15 00:02:46,399] {logging_mixin.py:109} INFO - [2022-07-15 00:02:46,399] {dag.py:2389} INFO - Sync 1 DAGs
[2022-07-15 00:02:46,460] {logging_mixin.py:109} INFO - [2022-07-15 00:02:46,459] {dag.py:2921} INFO - Setting next_dagrun for example_kubernetes_executor to None
[2022-07-15 00:02:46,490] {processor.py:171} INFO - Processing /home/airflow/.local/lib/python3.7/site-packages/airflow/example_dags/example_kubernetes_executor.py took 0.256 seconds
[2022-07-15 00:03:16,583] {processor.py:163} INFO - Started process (PID=3129) to work on /home/airflow/.local/lib/python3.7/site-packages/airflow/example_dags/example_kubernetes_executor.py
[2022-07-15 00:03:16,590] {processor.py:620} INFO - Processing file /home/airflow/.local/lib/python3.7/site-packages/airflow/example_dags/example_kubernetes_executor.py for tasks to queue
[2022-07-15 00:03:16,595] {logging_mixin.py:109} INFO - [2022-07-15 00:03:16,594] {dagbag.py:500} INFO - Filling up the DagBag from /home/airflow/.local/lib/python3.7/site-packages/airflow/example_dags/example_kubernetes_executor.py
[2022-07-15 00:03:16,691] {processor.py:632} INFO - DAG(s) dict_keys(['example_kubernetes_executor']) retrieved from /home/airflow/.local/lib/python3.7/site-packages/airflow/example_dags/example_kubernetes_executor.py
[2022-07-15 00:03:16,736] {logging_mixin.py:109} INFO - [2022-07-15 00:03:16,736] {dag.py:2389} INFO - Sync 1 DAGs
[2022-07-15 00:03:16,796] {logging_mixin.py:109} INFO - [2022-07-15 00:03:16,796] {dag.py:2921} INFO - Setting next_dagrun for example_kubernetes_executor to None
[2022-07-15 00:03:16,839] {processor.py:171} INFO - Processing /home/airflow/.local/lib/python3.7/site-packages/airflow/example_dags/example_kubernetes_executor.py took 0.264 seconds
[2022-07-15 00:03:47,041] {processor.py:163} INFO - Started process (PID=3225) to work on /home/airflow/.local/lib/python3.7/site-packages/airflow/example_dags/example_kubernetes_executor.py
[2022-07-15 00:03:47,046] {processor.py:620} INFO - Processing file /home/airflow/.local/lib/python3.7/site-packages/airflow/example_dags/example_kubernetes_executor.py for tasks to queue
[2022-07-15 00:03:47,049] {logging_mixin.py:109} INFO - [2022-07-15 00:03:47,049] {dagbag.py:500} INFO - Filling up the DagBag from /home/airflow/.local/lib/python3.7/site-packages/airflow/example_dags/example_kubernetes_executor.py
[2022-07-15 00:03:47,128] {processor.py:632} INFO - DAG(s) dict_keys(['example_kubernetes_executor']) retrieved from /home/airflow/.local/lib/python3.7/site-packages/airflow/example_dags/example_kubernetes_executor.py
[2022-07-15 00:03:47,171] {logging_mixin.py:109} INFO - [2022-07-15 00:03:47,171] {dag.py:2389} INFO - Sync 1 DAGs
[2022-07-15 00:03:47,239] {logging_mixin.py:109} INFO - [2022-07-15 00:03:47,238] {dag.py:2921} INFO - Setting next_dagrun for example_kubernetes_executor to None
[2022-07-15 00:03:47,269] {processor.py:171} INFO - Processing /home/airflow/.local/lib/python3.7/site-packages/airflow/example_dags/example_kubernetes_executor.py took 0.236 seconds
[2022-07-15 00:04:18,012] {processor.py:163} INFO - Started process (PID=3308) to work on /home/airflow/.local/lib/python3.7/site-packages/airflow/example_dags/example_kubernetes_executor.py
[2022-07-15 00:04:18,018] {processor.py:620} INFO - Processing file /home/airflow/.local/lib/python3.7/site-packages/airflow/example_dags/example_kubernetes_executor.py for tasks to queue
[2022-07-15 00:04:18,023] {logging_mixin.py:109} INFO - [2022-07-15 00:04:18,022] {dagbag.py:500} INFO - Filling up the DagBag from /home/airflow/.local/lib/python3.7/site-packages/airflow/example_dags/example_kubernetes_executor.py
[2022-07-15 00:04:18,120] {processor.py:632} INFO - DAG(s) dict_keys(['example_kubernetes_executor']) retrieved from /home/airflow/.local/lib/python3.7/site-packages/airflow/example_dags/example_kubernetes_executor.py
[2022-07-15 00:04:18,188] {logging_mixin.py:109} INFO - [2022-07-15 00:04:18,187] {dag.py:2389} INFO - Sync 1 DAGs
[2022-07-15 00:04:18,265] {logging_mixin.py:109} INFO - [2022-07-15 00:04:18,265] {dag.py:2921} INFO - Setting next_dagrun for example_kubernetes_executor to None
[2022-07-15 00:04:18,300] {processor.py:171} INFO - Processing /home/airflow/.local/lib/python3.7/site-packages/airflow/example_dags/example_kubernetes_executor.py took 0.298 seconds
[2022-07-15 00:04:48,584] {processor.py:163} INFO - Started process (PID=3406) to work on /home/airflow/.local/lib/python3.7/site-packages/airflow/example_dags/example_kubernetes_executor.py
[2022-07-15 00:04:48,589] {processor.py:620} INFO - Processing file /home/airflow/.local/lib/python3.7/site-packages/airflow/example_dags/example_kubernetes_executor.py for tasks to queue
[2022-07-15 00:04:48,592] {logging_mixin.py:109} INFO - [2022-07-15 00:04:48,592] {dagbag.py:500} INFO - Filling up the DagBag from /home/airflow/.local/lib/python3.7/site-packages/airflow/example_dags/example_kubernetes_executor.py
[2022-07-15 00:04:48,679] {processor.py:632} INFO - DAG(s) dict_keys(['example_kubernetes_executor']) retrieved from /home/airflow/.local/lib/python3.7/site-packages/airflow/example_dags/example_kubernetes_executor.py
[2022-07-15 00:04:48,727] {logging_mixin.py:109} INFO - [2022-07-15 00:04:48,726] {dag.py:2389} INFO - Sync 1 DAGs
[2022-07-15 00:04:48,795] {logging_mixin.py:109} INFO - [2022-07-15 00:04:48,795] {dag.py:2921} INFO - Setting next_dagrun for example_kubernetes_executor to None
[2022-07-15 00:04:48,854] {processor.py:171} INFO - Processing /home/airflow/.local/lib/python3.7/site-packages/airflow/example_dags/example_kubernetes_executor.py took 0.277 seconds
[2022-07-15 00:05:19,309] {processor.py:163} INFO - Started process (PID=3486) to work on /home/airflow/.local/lib/python3.7/site-packages/airflow/example_dags/example_kubernetes_executor.py
[2022-07-15 00:05:19,312] {processor.py:620} INFO - Processing file /home/airflow/.local/lib/python3.7/site-packages/airflow/example_dags/example_kubernetes_executor.py for tasks to queue
[2022-07-15 00:05:19,316] {logging_mixin.py:109} INFO - [2022-07-15 00:05:19,315] {dagbag.py:500} INFO - Filling up the DagBag from /home/airflow/.local/lib/python3.7/site-packages/airflow/example_dags/example_kubernetes_executor.py
[2022-07-15 00:05:19,387] {processor.py:632} INFO - DAG(s) dict_keys(['example_kubernetes_executor']) retrieved from /home/airflow/.local/lib/python3.7/site-packages/airflow/example_dags/example_kubernetes_executor.py
[2022-07-15 00:05:19,427] {logging_mixin.py:109} INFO - [2022-07-15 00:05:19,427] {dag.py:2389} INFO - Sync 1 DAGs
[2022-07-15 00:05:19,487] {logging_mixin.py:109} INFO - [2022-07-15 00:05:19,487] {dag.py:2921} INFO - Setting next_dagrun for example_kubernetes_executor to None
[2022-07-15 00:05:19,517] {processor.py:171} INFO - Processing /home/airflow/.local/lib/python3.7/site-packages/airflow/example_dags/example_kubernetes_executor.py took 0.215 seconds
[2022-07-15 00:05:49,815] {processor.py:163} INFO - Started process (PID=3583) to work on /home/airflow/.local/lib/python3.7/site-packages/airflow/example_dags/example_kubernetes_executor.py
[2022-07-15 00:05:49,818] {processor.py:620} INFO - Processing file /home/airflow/.local/lib/python3.7/site-packages/airflow/example_dags/example_kubernetes_executor.py for tasks to queue
[2022-07-15 00:05:49,821] {logging_mixin.py:109} INFO - [2022-07-15 00:05:49,821] {dagbag.py:500} INFO - Filling up the DagBag from /home/airflow/.local/lib/python3.7/site-packages/airflow/example_dags/example_kubernetes_executor.py
[2022-07-15 00:05:49,899] {processor.py:632} INFO - DAG(s) dict_keys(['example_kubernetes_executor']) retrieved from /home/airflow/.local/lib/python3.7/site-packages/airflow/example_dags/example_kubernetes_executor.py
[2022-07-15 00:05:49,942] {logging_mixin.py:109} INFO - [2022-07-15 00:05:49,941] {dag.py:2389} INFO - Sync 1 DAGs
[2022-07-15 00:05:50,002] {logging_mixin.py:109} INFO - [2022-07-15 00:05:50,002] {dag.py:2921} INFO - Setting next_dagrun for example_kubernetes_executor to None
[2022-07-15 00:05:50,036] {processor.py:171} INFO - Processing /home/airflow/.local/lib/python3.7/site-packages/airflow/example_dags/example_kubernetes_executor.py took 0.228 seconds
[2022-07-15 00:06:20,192] {processor.py:163} INFO - Started process (PID=3666) to work on /home/airflow/.local/lib/python3.7/site-packages/airflow/example_dags/example_kubernetes_executor.py
[2022-07-15 00:06:20,196] {processor.py:620} INFO - Processing file /home/airflow/.local/lib/python3.7/site-packages/airflow/example_dags/example_kubernetes_executor.py for tasks to queue
[2022-07-15 00:06:20,199] {logging_mixin.py:109} INFO - [2022-07-15 00:06:20,199] {dagbag.py:500} INFO - Filling up the DagBag from /home/airflow/.local/lib/python3.7/site-packages/airflow/example_dags/example_kubernetes_executor.py
[2022-07-15 00:06:20,267] {processor.py:632} INFO - DAG(s) dict_keys(['example_kubernetes_executor']) retrieved from /home/airflow/.local/lib/python3.7/site-packages/airflow/example_dags/example_kubernetes_executor.py
[2022-07-15 00:06:20,306] {logging_mixin.py:109} INFO - [2022-07-15 00:06:20,305] {dag.py:2389} INFO - Sync 1 DAGs
[2022-07-15 00:06:20,364] {logging_mixin.py:109} INFO - [2022-07-15 00:06:20,364] {dag.py:2921} INFO - Setting next_dagrun for example_kubernetes_executor to None
[2022-07-15 00:06:20,390] {processor.py:171} INFO - Processing /home/airflow/.local/lib/python3.7/site-packages/airflow/example_dags/example_kubernetes_executor.py took 0.204 seconds
[2022-07-15 00:06:50,539] {processor.py:163} INFO - Started process (PID=3764) to work on /home/airflow/.local/lib/python3.7/site-packages/airflow/example_dags/example_kubernetes_executor.py
[2022-07-15 00:06:50,543] {processor.py:620} INFO - Processing file /home/airflow/.local/lib/python3.7/site-packages/airflow/example_dags/example_kubernetes_executor.py for tasks to queue
[2022-07-15 00:06:50,546] {logging_mixin.py:109} INFO - [2022-07-15 00:06:50,546] {dagbag.py:500} INFO - Filling up the DagBag from /home/airflow/.local/lib/python3.7/site-packages/airflow/example_dags/example_kubernetes_executor.py
[2022-07-15 00:06:50,623] {processor.py:632} INFO - DAG(s) dict_keys(['example_kubernetes_executor']) retrieved from /home/airflow/.local/lib/python3.7/site-packages/airflow/example_dags/example_kubernetes_executor.py
[2022-07-15 00:06:50,669] {logging_mixin.py:109} INFO - [2022-07-15 00:06:50,669] {dag.py:2389} INFO - Sync 1 DAGs
[2022-07-15 00:06:50,729] {logging_mixin.py:109} INFO - [2022-07-15 00:06:50,729] {dag.py:2921} INFO - Setting next_dagrun for example_kubernetes_executor to None
[2022-07-15 00:06:50,758] {processor.py:171} INFO - Processing /home/airflow/.local/lib/python3.7/site-packages/airflow/example_dags/example_kubernetes_executor.py took 0.227 seconds
[2022-07-15 00:07:21,747] {processor.py:163} INFO - Started process (PID=3846) to work on /home/airflow/.local/lib/python3.7/site-packages/airflow/example_dags/example_kubernetes_executor.py
[2022-07-15 00:07:21,751] {processor.py:620} INFO - Processing file /home/airflow/.local/lib/python3.7/site-packages/airflow/example_dags/example_kubernetes_executor.py for tasks to queue
[2022-07-15 00:07:21,754] {logging_mixin.py:109} INFO - [2022-07-15 00:07:21,753] {dagbag.py:500} INFO - Filling up the DagBag from /home/airflow/.local/lib/python3.7/site-packages/airflow/example_dags/example_kubernetes_executor.py
[2022-07-15 00:07:21,822] {processor.py:632} INFO - DAG(s) dict_keys(['example_kubernetes_executor']) retrieved from /home/airflow/.local/lib/python3.7/site-packages/airflow/example_dags/example_kubernetes_executor.py
[2022-07-15 00:07:21,860] {logging_mixin.py:109} INFO - [2022-07-15 00:07:21,860] {dag.py:2389} INFO - Sync 1 DAGs
[2022-07-15 00:07:21,913] {logging_mixin.py:109} INFO - [2022-07-15 00:07:21,913] {dag.py:2921} INFO - Setting next_dagrun for example_kubernetes_executor to None
[2022-07-15 00:07:21,940] {processor.py:171} INFO - Processing /home/airflow/.local/lib/python3.7/site-packages/airflow/example_dags/example_kubernetes_executor.py took 0.200 seconds
[2022-07-15 00:07:52,507] {processor.py:163} INFO - Started process (PID=3942) to work on /home/airflow/.local/lib/python3.7/site-packages/airflow/example_dags/example_kubernetes_executor.py
[2022-07-15 00:07:52,521] {processor.py:620} INFO - Processing file /home/airflow/.local/lib/python3.7/site-packages/airflow/example_dags/example_kubernetes_executor.py for tasks to queue
[2022-07-15 00:07:52,526] {logging_mixin.py:109} INFO - [2022-07-15 00:07:52,525] {dagbag.py:500} INFO - Filling up the DagBag from /home/airflow/.local/lib/python3.7/site-packages/airflow/example_dags/example_kubernetes_executor.py
[2022-07-15 00:07:52,630] {processor.py:632} INFO - DAG(s) dict_keys(['example_kubernetes_executor']) retrieved from /home/airflow/.local/lib/python3.7/site-packages/airflow/example_dags/example_kubernetes_executor.py
[2022-07-15 00:07:52,687] {logging_mixin.py:109} INFO - [2022-07-15 00:07:52,686] {dag.py:2389} INFO - Sync 1 DAGs
[2022-07-15 00:07:52,762] {logging_mixin.py:109} INFO - [2022-07-15 00:07:52,762] {dag.py:2921} INFO - Setting next_dagrun for example_kubernetes_executor to None
[2022-07-15 00:07:52,801] {processor.py:171} INFO - Processing /home/airflow/.local/lib/python3.7/site-packages/airflow/example_dags/example_kubernetes_executor.py took 0.305 seconds
