[2022-07-15 00:00:05,208] {processor.py:163} INFO - Started process (PID=2561) to work on /home/airflow/.local/lib/python3.7/site-packages/airflow/example_dags/example_xcomargs.py
[2022-07-15 00:00:05,212] {processor.py:620} INFO - Processing file /home/airflow/.local/lib/python3.7/site-packages/airflow/example_dags/example_xcomargs.py for tasks to queue
[2022-07-15 00:00:05,216] {logging_mixin.py:109} INFO - [2022-07-15 00:00:05,215] {dagbag.py:500} INFO - Filling up the DagBag from /home/airflow/.local/lib/python3.7/site-packages/airflow/example_dags/example_xcomargs.py
[2022-07-15 00:00:05,317] {processor.py:632} INFO - DAG(s) dict_keys(['example_xcom_args', 'example_xcom_args_with_operators']) retrieved from /home/airflow/.local/lib/python3.7/site-packages/airflow/example_dags/example_xcomargs.py
[2022-07-15 00:00:06,496] {logging_mixin.py:109} INFO - [2022-07-15 00:00:06,495] {dag.py:2389} INFO - Sync 2 DAGs
[2022-07-15 00:00:06,559] {logging_mixin.py:109} INFO - [2022-07-15 00:00:06,558] {dag.py:2921} INFO - Setting next_dagrun for example_xcom_args to None
[2022-07-15 00:00:06,567] {logging_mixin.py:109} INFO - [2022-07-15 00:00:06,566] {dag.py:2921} INFO - Setting next_dagrun for example_xcom_args_with_operators to None
[2022-07-15 00:00:06,613] {processor.py:171} INFO - Processing /home/airflow/.local/lib/python3.7/site-packages/airflow/example_dags/example_xcomargs.py took 1.412 seconds
[2022-07-15 00:00:36,715] {processor.py:163} INFO - Started process (PID=2651) to work on /home/airflow/.local/lib/python3.7/site-packages/airflow/example_dags/example_xcomargs.py
[2022-07-15 00:00:36,720] {processor.py:620} INFO - Processing file /home/airflow/.local/lib/python3.7/site-packages/airflow/example_dags/example_xcomargs.py for tasks to queue
[2022-07-15 00:00:36,723] {logging_mixin.py:109} INFO - [2022-07-15 00:00:36,723] {dagbag.py:500} INFO - Filling up the DagBag from /home/airflow/.local/lib/python3.7/site-packages/airflow/example_dags/example_xcomargs.py
[2022-07-15 00:00:36,821] {processor.py:632} INFO - DAG(s) dict_keys(['example_xcom_args', 'example_xcom_args_with_operators']) retrieved from /home/airflow/.local/lib/python3.7/site-packages/airflow/example_dags/example_xcomargs.py
[2022-07-15 00:00:38,058] {logging_mixin.py:109} INFO - [2022-07-15 00:00:38,057] {dag.py:2389} INFO - Sync 2 DAGs
[2022-07-15 00:00:38,126] {logging_mixin.py:109} INFO - [2022-07-15 00:00:38,126] {dag.py:2921} INFO - Setting next_dagrun for example_xcom_args to None
[2022-07-15 00:00:38,129] {logging_mixin.py:109} INFO - [2022-07-15 00:00:38,129] {dag.py:2921} INFO - Setting next_dagrun for example_xcom_args_with_operators to None
[2022-07-15 00:00:38,168] {processor.py:171} INFO - Processing /home/airflow/.local/lib/python3.7/site-packages/airflow/example_dags/example_xcomargs.py took 1.460 seconds
[2022-07-15 00:01:09,035] {processor.py:163} INFO - Started process (PID=2753) to work on /home/airflow/.local/lib/python3.7/site-packages/airflow/example_dags/example_xcomargs.py
[2022-07-15 00:01:09,039] {processor.py:620} INFO - Processing file /home/airflow/.local/lib/python3.7/site-packages/airflow/example_dags/example_xcomargs.py for tasks to queue
[2022-07-15 00:01:09,042] {logging_mixin.py:109} INFO - [2022-07-15 00:01:09,042] {dagbag.py:500} INFO - Filling up the DagBag from /home/airflow/.local/lib/python3.7/site-packages/airflow/example_dags/example_xcomargs.py
[2022-07-15 00:01:09,139] {processor.py:632} INFO - DAG(s) dict_keys(['example_xcom_args', 'example_xcom_args_with_operators']) retrieved from /home/airflow/.local/lib/python3.7/site-packages/airflow/example_dags/example_xcomargs.py
[2022-07-15 00:01:10,460] {logging_mixin.py:109} INFO - [2022-07-15 00:01:10,459] {dag.py:2389} INFO - Sync 2 DAGs
[2022-07-15 00:01:10,522] {logging_mixin.py:109} INFO - [2022-07-15 00:01:10,521] {dag.py:2921} INFO - Setting next_dagrun for example_xcom_args to None
[2022-07-15 00:01:10,529] {logging_mixin.py:109} INFO - [2022-07-15 00:01:10,529] {dag.py:2921} INFO - Setting next_dagrun for example_xcom_args_with_operators to None
[2022-07-15 00:01:10,570] {processor.py:171} INFO - Processing /home/airflow/.local/lib/python3.7/site-packages/airflow/example_dags/example_xcomargs.py took 1.542 seconds
[2022-07-15 00:01:41,175] {processor.py:163} INFO - Started process (PID=2835) to work on /home/airflow/.local/lib/python3.7/site-packages/airflow/example_dags/example_xcomargs.py
[2022-07-15 00:01:41,180] {processor.py:620} INFO - Processing file /home/airflow/.local/lib/python3.7/site-packages/airflow/example_dags/example_xcomargs.py for tasks to queue
[2022-07-15 00:01:41,183] {logging_mixin.py:109} INFO - [2022-07-15 00:01:41,183] {dagbag.py:500} INFO - Filling up the DagBag from /home/airflow/.local/lib/python3.7/site-packages/airflow/example_dags/example_xcomargs.py
[2022-07-15 00:01:41,278] {processor.py:632} INFO - DAG(s) dict_keys(['example_xcom_args', 'example_xcom_args_with_operators']) retrieved from /home/airflow/.local/lib/python3.7/site-packages/airflow/example_dags/example_xcomargs.py
[2022-07-15 00:01:42,278] {logging_mixin.py:109} INFO - [2022-07-15 00:01:42,278] {dag.py:2389} INFO - Sync 2 DAGs
[2022-07-15 00:01:42,353] {logging_mixin.py:109} INFO - [2022-07-15 00:01:42,353] {dag.py:2921} INFO - Setting next_dagrun for example_xcom_args to None
[2022-07-15 00:01:42,356] {logging_mixin.py:109} INFO - [2022-07-15 00:01:42,355] {dag.py:2921} INFO - Setting next_dagrun for example_xcom_args_with_operators to None
[2022-07-15 00:01:42,396] {processor.py:171} INFO - Processing /home/airflow/.local/lib/python3.7/site-packages/airflow/example_dags/example_xcomargs.py took 1.228 seconds
[2022-07-15 00:02:12,669] {processor.py:163} INFO - Started process (PID=2935) to work on /home/airflow/.local/lib/python3.7/site-packages/airflow/example_dags/example_xcomargs.py
[2022-07-15 00:02:12,674] {processor.py:620} INFO - Processing file /home/airflow/.local/lib/python3.7/site-packages/airflow/example_dags/example_xcomargs.py for tasks to queue
[2022-07-15 00:02:12,677] {logging_mixin.py:109} INFO - [2022-07-15 00:02:12,676] {dagbag.py:500} INFO - Filling up the DagBag from /home/airflow/.local/lib/python3.7/site-packages/airflow/example_dags/example_xcomargs.py
[2022-07-15 00:02:12,819] {processor.py:632} INFO - DAG(s) dict_keys(['example_xcom_args', 'example_xcom_args_with_operators']) retrieved from /home/airflow/.local/lib/python3.7/site-packages/airflow/example_dags/example_xcomargs.py
[2022-07-15 00:02:14,003] {logging_mixin.py:109} INFO - [2022-07-15 00:02:14,003] {dag.py:2389} INFO - Sync 2 DAGs
[2022-07-15 00:02:14,069] {logging_mixin.py:109} INFO - [2022-07-15 00:02:14,069] {dag.py:2921} INFO - Setting next_dagrun for example_xcom_args to None
[2022-07-15 00:02:14,071] {logging_mixin.py:109} INFO - [2022-07-15 00:02:14,071] {dag.py:2921} INFO - Setting next_dagrun for example_xcom_args_with_operators to None
[2022-07-15 00:02:14,108] {processor.py:171} INFO - Processing /home/airflow/.local/lib/python3.7/site-packages/airflow/example_dags/example_xcomargs.py took 1.445 seconds
[2022-07-15 00:02:44,731] {processor.py:163} INFO - Started process (PID=3029) to work on /home/airflow/.local/lib/python3.7/site-packages/airflow/example_dags/example_xcomargs.py
[2022-07-15 00:02:44,736] {processor.py:620} INFO - Processing file /home/airflow/.local/lib/python3.7/site-packages/airflow/example_dags/example_xcomargs.py for tasks to queue
[2022-07-15 00:02:44,738] {logging_mixin.py:109} INFO - [2022-07-15 00:02:44,738] {dagbag.py:500} INFO - Filling up the DagBag from /home/airflow/.local/lib/python3.7/site-packages/airflow/example_dags/example_xcomargs.py
[2022-07-15 00:02:44,838] {processor.py:632} INFO - DAG(s) dict_keys(['example_xcom_args', 'example_xcom_args_with_operators']) retrieved from /home/airflow/.local/lib/python3.7/site-packages/airflow/example_dags/example_xcomargs.py
[2022-07-15 00:02:46,143] {logging_mixin.py:109} INFO - [2022-07-15 00:02:46,143] {dag.py:2389} INFO - Sync 2 DAGs
[2022-07-15 00:02:46,213] {logging_mixin.py:109} INFO - [2022-07-15 00:02:46,213] {dag.py:2921} INFO - Setting next_dagrun for example_xcom_args to None
[2022-07-15 00:02:46,230] {logging_mixin.py:109} INFO - [2022-07-15 00:02:46,227] {dag.py:2921} INFO - Setting next_dagrun for example_xcom_args_with_operators to None
[2022-07-15 00:02:46,300] {processor.py:171} INFO - Processing /home/airflow/.local/lib/python3.7/site-packages/airflow/example_dags/example_xcomargs.py took 1.576 seconds
[2022-07-15 00:03:16,565] {processor.py:163} INFO - Started process (PID=3127) to work on /home/airflow/.local/lib/python3.7/site-packages/airflow/example_dags/example_xcomargs.py
[2022-07-15 00:03:16,575] {processor.py:620} INFO - Processing file /home/airflow/.local/lib/python3.7/site-packages/airflow/example_dags/example_xcomargs.py for tasks to queue
[2022-07-15 00:03:16,586] {logging_mixin.py:109} INFO - [2022-07-15 00:03:16,586] {dagbag.py:500} INFO - Filling up the DagBag from /home/airflow/.local/lib/python3.7/site-packages/airflow/example_dags/example_xcomargs.py
[2022-07-15 00:03:16,717] {processor.py:632} INFO - DAG(s) dict_keys(['example_xcom_args', 'example_xcom_args_with_operators']) retrieved from /home/airflow/.local/lib/python3.7/site-packages/airflow/example_dags/example_xcomargs.py
[2022-07-15 00:03:18,022] {logging_mixin.py:109} INFO - [2022-07-15 00:03:18,022] {dag.py:2389} INFO - Sync 2 DAGs
[2022-07-15 00:03:18,092] {logging_mixin.py:109} INFO - [2022-07-15 00:03:18,091] {dag.py:2921} INFO - Setting next_dagrun for example_xcom_args to None
[2022-07-15 00:03:18,095] {logging_mixin.py:109} INFO - [2022-07-15 00:03:18,094] {dag.py:2921} INFO - Setting next_dagrun for example_xcom_args_with_operators to None
[2022-07-15 00:03:18,131] {processor.py:171} INFO - Processing /home/airflow/.local/lib/python3.7/site-packages/airflow/example_dags/example_xcomargs.py took 1.573 seconds
[2022-07-15 00:03:48,691] {processor.py:163} INFO - Started process (PID=3231) to work on /home/airflow/.local/lib/python3.7/site-packages/airflow/example_dags/example_xcomargs.py
[2022-07-15 00:03:48,695] {processor.py:620} INFO - Processing file /home/airflow/.local/lib/python3.7/site-packages/airflow/example_dags/example_xcomargs.py for tasks to queue
[2022-07-15 00:03:48,698] {logging_mixin.py:109} INFO - [2022-07-15 00:03:48,698] {dagbag.py:500} INFO - Filling up the DagBag from /home/airflow/.local/lib/python3.7/site-packages/airflow/example_dags/example_xcomargs.py
[2022-07-15 00:03:48,812] {processor.py:632} INFO - DAG(s) dict_keys(['example_xcom_args', 'example_xcom_args_with_operators']) retrieved from /home/airflow/.local/lib/python3.7/site-packages/airflow/example_dags/example_xcomargs.py
[2022-07-15 00:03:50,147] {logging_mixin.py:109} INFO - [2022-07-15 00:03:50,146] {dag.py:2389} INFO - Sync 2 DAGs
[2022-07-15 00:03:50,204] {logging_mixin.py:109} INFO - [2022-07-15 00:03:50,203] {dag.py:2921} INFO - Setting next_dagrun for example_xcom_args to None
[2022-07-15 00:03:50,207] {logging_mixin.py:109} INFO - [2022-07-15 00:03:50,206] {dag.py:2921} INFO - Setting next_dagrun for example_xcom_args_with_operators to None
[2022-07-15 00:03:50,241] {processor.py:171} INFO - Processing /home/airflow/.local/lib/python3.7/site-packages/airflow/example_dags/example_xcomargs.py took 1.558 seconds
[2022-07-15 00:04:20,781] {processor.py:163} INFO - Started process (PID=3320) to work on /home/airflow/.local/lib/python3.7/site-packages/airflow/example_dags/example_xcomargs.py
[2022-07-15 00:04:20,785] {processor.py:620} INFO - Processing file /home/airflow/.local/lib/python3.7/site-packages/airflow/example_dags/example_xcomargs.py for tasks to queue
[2022-07-15 00:04:20,788] {logging_mixin.py:109} INFO - [2022-07-15 00:04:20,788] {dagbag.py:500} INFO - Filling up the DagBag from /home/airflow/.local/lib/python3.7/site-packages/airflow/example_dags/example_xcomargs.py
[2022-07-15 00:04:20,885] {processor.py:632} INFO - DAG(s) dict_keys(['example_xcom_args', 'example_xcom_args_with_operators']) retrieved from /home/airflow/.local/lib/python3.7/site-packages/airflow/example_dags/example_xcomargs.py
[2022-07-15 00:04:21,860] {logging_mixin.py:109} INFO - [2022-07-15 00:04:21,860] {dag.py:2389} INFO - Sync 2 DAGs
[2022-07-15 00:04:21,916] {logging_mixin.py:109} INFO - [2022-07-15 00:04:21,915] {dag.py:2921} INFO - Setting next_dagrun for example_xcom_args to None
[2022-07-15 00:04:21,920] {logging_mixin.py:109} INFO - [2022-07-15 00:04:21,919] {dag.py:2921} INFO - Setting next_dagrun for example_xcom_args_with_operators to None
[2022-07-15 00:04:21,951] {processor.py:171} INFO - Processing /home/airflow/.local/lib/python3.7/site-packages/airflow/example_dags/example_xcomargs.py took 1.176 seconds
[2022-07-15 00:04:52,184] {processor.py:163} INFO - Started process (PID=3420) to work on /home/airflow/.local/lib/python3.7/site-packages/airflow/example_dags/example_xcomargs.py
[2022-07-15 00:04:52,188] {processor.py:620} INFO - Processing file /home/airflow/.local/lib/python3.7/site-packages/airflow/example_dags/example_xcomargs.py for tasks to queue
[2022-07-15 00:04:52,191] {logging_mixin.py:109} INFO - [2022-07-15 00:04:52,191] {dagbag.py:500} INFO - Filling up the DagBag from /home/airflow/.local/lib/python3.7/site-packages/airflow/example_dags/example_xcomargs.py
[2022-07-15 00:04:52,300] {processor.py:632} INFO - DAG(s) dict_keys(['example_xcom_args', 'example_xcom_args_with_operators']) retrieved from /home/airflow/.local/lib/python3.7/site-packages/airflow/example_dags/example_xcomargs.py
[2022-07-15 00:04:53,436] {logging_mixin.py:109} INFO - [2022-07-15 00:04:53,435] {dag.py:2389} INFO - Sync 2 DAGs
[2022-07-15 00:04:53,496] {logging_mixin.py:109} INFO - [2022-07-15 00:04:53,496] {dag.py:2921} INFO - Setting next_dagrun for example_xcom_args to None
[2022-07-15 00:04:53,499] {logging_mixin.py:109} INFO - [2022-07-15 00:04:53,499] {dag.py:2921} INFO - Setting next_dagrun for example_xcom_args_with_operators to None
[2022-07-15 00:04:53,535] {processor.py:171} INFO - Processing /home/airflow/.local/lib/python3.7/site-packages/airflow/example_dags/example_xcomargs.py took 1.358 seconds
[2022-07-15 00:05:23,694] {processor.py:163} INFO - Started process (PID=3502) to work on /home/airflow/.local/lib/python3.7/site-packages/airflow/example_dags/example_xcomargs.py
[2022-07-15 00:05:23,698] {processor.py:620} INFO - Processing file /home/airflow/.local/lib/python3.7/site-packages/airflow/example_dags/example_xcomargs.py for tasks to queue
[2022-07-15 00:05:23,702] {logging_mixin.py:109} INFO - [2022-07-15 00:05:23,702] {dagbag.py:500} INFO - Filling up the DagBag from /home/airflow/.local/lib/python3.7/site-packages/airflow/example_dags/example_xcomargs.py
[2022-07-15 00:05:23,813] {processor.py:632} INFO - DAG(s) dict_keys(['example_xcom_args', 'example_xcom_args_with_operators']) retrieved from /home/airflow/.local/lib/python3.7/site-packages/airflow/example_dags/example_xcomargs.py
[2022-07-15 00:05:25,001] {logging_mixin.py:109} INFO - [2022-07-15 00:05:25,001] {dag.py:2389} INFO - Sync 2 DAGs
[2022-07-15 00:05:25,061] {logging_mixin.py:109} INFO - [2022-07-15 00:05:25,061] {dag.py:2921} INFO - Setting next_dagrun for example_xcom_args to None
[2022-07-15 00:05:25,064] {logging_mixin.py:109} INFO - [2022-07-15 00:05:25,063] {dag.py:2921} INFO - Setting next_dagrun for example_xcom_args_with_operators to None
[2022-07-15 00:05:25,100] {processor.py:171} INFO - Processing /home/airflow/.local/lib/python3.7/site-packages/airflow/example_dags/example_xcomargs.py took 1.413 seconds
[2022-07-15 00:05:55,306] {processor.py:163} INFO - Started process (PID=3600) to work on /home/airflow/.local/lib/python3.7/site-packages/airflow/example_dags/example_xcomargs.py
[2022-07-15 00:05:55,320] {processor.py:620} INFO - Processing file /home/airflow/.local/lib/python3.7/site-packages/airflow/example_dags/example_xcomargs.py for tasks to queue
[2022-07-15 00:05:55,330] {logging_mixin.py:109} INFO - [2022-07-15 00:05:55,329] {dagbag.py:500} INFO - Filling up the DagBag from /home/airflow/.local/lib/python3.7/site-packages/airflow/example_dags/example_xcomargs.py
[2022-07-15 00:05:55,506] {processor.py:632} INFO - DAG(s) dict_keys(['example_xcom_args', 'example_xcom_args_with_operators']) retrieved from /home/airflow/.local/lib/python3.7/site-packages/airflow/example_dags/example_xcomargs.py
[2022-07-15 00:05:57,004] {logging_mixin.py:109} INFO - [2022-07-15 00:05:57,004] {dag.py:2389} INFO - Sync 2 DAGs
[2022-07-15 00:05:57,075] {logging_mixin.py:109} INFO - [2022-07-15 00:05:57,075] {dag.py:2921} INFO - Setting next_dagrun for example_xcom_args to None
[2022-07-15 00:05:57,079] {logging_mixin.py:109} INFO - [2022-07-15 00:05:57,078] {dag.py:2921} INFO - Setting next_dagrun for example_xcom_args_with_operators to None
[2022-07-15 00:05:57,117] {processor.py:171} INFO - Processing /home/airflow/.local/lib/python3.7/site-packages/airflow/example_dags/example_xcomargs.py took 1.833 seconds
[2022-07-15 00:06:27,245] {processor.py:163} INFO - Started process (PID=3702) to work on /home/airflow/.local/lib/python3.7/site-packages/airflow/example_dags/example_xcomargs.py
[2022-07-15 00:06:27,250] {processor.py:620} INFO - Processing file /home/airflow/.local/lib/python3.7/site-packages/airflow/example_dags/example_xcomargs.py for tasks to queue
[2022-07-15 00:06:27,253] {logging_mixin.py:109} INFO - [2022-07-15 00:06:27,253] {dagbag.py:500} INFO - Filling up the DagBag from /home/airflow/.local/lib/python3.7/site-packages/airflow/example_dags/example_xcomargs.py
[2022-07-15 00:06:27,369] {processor.py:632} INFO - DAG(s) dict_keys(['example_xcom_args', 'example_xcom_args_with_operators']) retrieved from /home/airflow/.local/lib/python3.7/site-packages/airflow/example_dags/example_xcomargs.py
[2022-07-15 00:06:28,604] {logging_mixin.py:109} INFO - [2022-07-15 00:06:28,604] {dag.py:2389} INFO - Sync 2 DAGs
[2022-07-15 00:06:28,666] {logging_mixin.py:109} INFO - [2022-07-15 00:06:28,666] {dag.py:2921} INFO - Setting next_dagrun for example_xcom_args to None
[2022-07-15 00:06:28,669] {logging_mixin.py:109} INFO - [2022-07-15 00:06:28,669] {dag.py:2921} INFO - Setting next_dagrun for example_xcom_args_with_operators to None
[2022-07-15 00:06:28,706] {processor.py:171} INFO - Processing /home/airflow/.local/lib/python3.7/site-packages/airflow/example_dags/example_xcomargs.py took 1.470 seconds
[2022-07-15 00:06:58,760] {processor.py:163} INFO - Started process (PID=3784) to work on /home/airflow/.local/lib/python3.7/site-packages/airflow/example_dags/example_xcomargs.py
[2022-07-15 00:06:58,764] {processor.py:620} INFO - Processing file /home/airflow/.local/lib/python3.7/site-packages/airflow/example_dags/example_xcomargs.py for tasks to queue
[2022-07-15 00:06:58,768] {logging_mixin.py:109} INFO - [2022-07-15 00:06:58,767] {dagbag.py:500} INFO - Filling up the DagBag from /home/airflow/.local/lib/python3.7/site-packages/airflow/example_dags/example_xcomargs.py
[2022-07-15 00:06:58,881] {processor.py:632} INFO - DAG(s) dict_keys(['example_xcom_args', 'example_xcom_args_with_operators']) retrieved from /home/airflow/.local/lib/python3.7/site-packages/airflow/example_dags/example_xcomargs.py
[2022-07-15 00:06:59,914] {logging_mixin.py:109} INFO - [2022-07-15 00:06:59,913] {dag.py:2389} INFO - Sync 2 DAGs
[2022-07-15 00:06:59,965] {logging_mixin.py:109} INFO - [2022-07-15 00:06:59,965] {dag.py:2921} INFO - Setting next_dagrun for example_xcom_args to None
[2022-07-15 00:06:59,968] {logging_mixin.py:109} INFO - [2022-07-15 00:06:59,967] {dag.py:2921} INFO - Setting next_dagrun for example_xcom_args_with_operators to None
[2022-07-15 00:07:00,000] {processor.py:171} INFO - Processing /home/airflow/.local/lib/python3.7/site-packages/airflow/example_dags/example_xcomargs.py took 1.247 seconds
[2022-07-15 00:07:30,361] {processor.py:163} INFO - Started process (PID=3884) to work on /home/airflow/.local/lib/python3.7/site-packages/airflow/example_dags/example_xcomargs.py
[2022-07-15 00:07:30,365] {processor.py:620} INFO - Processing file /home/airflow/.local/lib/python3.7/site-packages/airflow/example_dags/example_xcomargs.py for tasks to queue
[2022-07-15 00:07:30,368] {logging_mixin.py:109} INFO - [2022-07-15 00:07:30,368] {dagbag.py:500} INFO - Filling up the DagBag from /home/airflow/.local/lib/python3.7/site-packages/airflow/example_dags/example_xcomargs.py
[2022-07-15 00:07:30,478] {processor.py:632} INFO - DAG(s) dict_keys(['example_xcom_args', 'example_xcom_args_with_operators']) retrieved from /home/airflow/.local/lib/python3.7/site-packages/airflow/example_dags/example_xcomargs.py
[2022-07-15 00:07:31,622] {logging_mixin.py:109} INFO - [2022-07-15 00:07:31,621] {dag.py:2389} INFO - Sync 2 DAGs
[2022-07-15 00:07:31,686] {logging_mixin.py:109} INFO - [2022-07-15 00:07:31,686] {dag.py:2921} INFO - Setting next_dagrun for example_xcom_args to None
[2022-07-15 00:07:31,689] {logging_mixin.py:109} INFO - [2022-07-15 00:07:31,689] {dag.py:2921} INFO - Setting next_dagrun for example_xcom_args_with_operators to None
[2022-07-15 00:07:31,723] {processor.py:171} INFO - Processing /home/airflow/.local/lib/python3.7/site-packages/airflow/example_dags/example_xcomargs.py took 1.369 seconds
[2022-07-15 00:08:02,000] {processor.py:163} INFO - Started process (PID=3968) to work on /home/airflow/.local/lib/python3.7/site-packages/airflow/example_dags/example_xcomargs.py
[2022-07-15 00:08:02,003] {processor.py:620} INFO - Processing file /home/airflow/.local/lib/python3.7/site-packages/airflow/example_dags/example_xcomargs.py for tasks to queue
[2022-07-15 00:08:02,006] {logging_mixin.py:109} INFO - [2022-07-15 00:08:02,006] {dagbag.py:500} INFO - Filling up the DagBag from /home/airflow/.local/lib/python3.7/site-packages/airflow/example_dags/example_xcomargs.py
[2022-07-15 00:08:02,113] {processor.py:632} INFO - DAG(s) dict_keys(['example_xcom_args', 'example_xcom_args_with_operators']) retrieved from /home/airflow/.local/lib/python3.7/site-packages/airflow/example_dags/example_xcomargs.py
[2022-07-15 00:08:03,198] {logging_mixin.py:109} INFO - [2022-07-15 00:08:03,198] {dag.py:2389} INFO - Sync 2 DAGs
[2022-07-15 00:08:03,263] {logging_mixin.py:109} INFO - [2022-07-15 00:08:03,263] {dag.py:2921} INFO - Setting next_dagrun for example_xcom_args to None
[2022-07-15 00:08:03,266] {logging_mixin.py:109} INFO - [2022-07-15 00:08:03,266] {dag.py:2921} INFO - Setting next_dagrun for example_xcom_args_with_operators to None
[2022-07-15 00:08:03,304] {processor.py:171} INFO - Processing /home/airflow/.local/lib/python3.7/site-packages/airflow/example_dags/example_xcomargs.py took 1.311 seconds
