[2022-07-15 00:00:06,226] {processor.py:163} INFO - Started process (PID=2569) to work on /home/airflow/.local/lib/python3.7/site-packages/airflow/example_dags/example_complex.py
[2022-07-15 00:00:06,230] {processor.py:620} INFO - Processing file /home/airflow/.local/lib/python3.7/site-packages/airflow/example_dags/example_complex.py for tasks to queue
[2022-07-15 00:00:06,233] {logging_mixin.py:109} INFO - [2022-07-15 00:00:06,233] {dagbag.py:500} INFO - Filling up the DagBag from /home/airflow/.local/lib/python3.7/site-packages/airflow/example_dags/example_complex.py
[2022-07-15 00:00:06,372] {processor.py:632} INFO - DAG(s) dict_keys(['example_complex']) retrieved from /home/airflow/.local/lib/python3.7/site-packages/airflow/example_dags/example_complex.py
[2022-07-15 00:00:06,462] {logging_mixin.py:109} INFO - [2022-07-15 00:00:06,462] {dag.py:2389} INFO - Sync 1 DAGs
[2022-07-15 00:00:06,523] {logging_mixin.py:109} INFO - [2022-07-15 00:00:06,523] {dag.py:2921} INFO - Setting next_dagrun for example_complex to None
[2022-07-15 00:00:06,552] {processor.py:171} INFO - Processing /home/airflow/.local/lib/python3.7/site-packages/airflow/example_dags/example_complex.py took 0.333 seconds
[2022-07-15 00:00:36,710] {processor.py:163} INFO - Started process (PID=2649) to work on /home/airflow/.local/lib/python3.7/site-packages/airflow/example_dags/example_complex.py
[2022-07-15 00:00:36,716] {processor.py:620} INFO - Processing file /home/airflow/.local/lib/python3.7/site-packages/airflow/example_dags/example_complex.py for tasks to queue
[2022-07-15 00:00:36,719] {logging_mixin.py:109} INFO - [2022-07-15 00:00:36,718] {dagbag.py:500} INFO - Filling up the DagBag from /home/airflow/.local/lib/python3.7/site-packages/airflow/example_dags/example_complex.py
[2022-07-15 00:00:36,848] {processor.py:632} INFO - DAG(s) dict_keys(['example_complex']) retrieved from /home/airflow/.local/lib/python3.7/site-packages/airflow/example_dags/example_complex.py
[2022-07-15 00:00:36,940] {logging_mixin.py:109} INFO - [2022-07-15 00:00:36,940] {dag.py:2389} INFO - Sync 1 DAGs
[2022-07-15 00:00:37,058] {logging_mixin.py:109} INFO - [2022-07-15 00:00:37,057] {dag.py:2921} INFO - Setting next_dagrun for example_complex to None
[2022-07-15 00:00:37,092] {processor.py:171} INFO - Processing /home/airflow/.local/lib/python3.7/site-packages/airflow/example_dags/example_complex.py took 0.392 seconds
[2022-07-15 00:01:07,600] {processor.py:163} INFO - Started process (PID=2747) to work on /home/airflow/.local/lib/python3.7/site-packages/airflow/example_dags/example_complex.py
[2022-07-15 00:01:07,604] {processor.py:620} INFO - Processing file /home/airflow/.local/lib/python3.7/site-packages/airflow/example_dags/example_complex.py for tasks to queue
[2022-07-15 00:01:07,609] {logging_mixin.py:109} INFO - [2022-07-15 00:01:07,608] {dagbag.py:500} INFO - Filling up the DagBag from /home/airflow/.local/lib/python3.7/site-packages/airflow/example_dags/example_complex.py
[2022-07-15 00:01:07,803] {processor.py:632} INFO - DAG(s) dict_keys(['example_complex']) retrieved from /home/airflow/.local/lib/python3.7/site-packages/airflow/example_dags/example_complex.py
[2022-07-15 00:01:07,887] {logging_mixin.py:109} INFO - [2022-07-15 00:01:07,887] {dag.py:2389} INFO - Sync 1 DAGs
[2022-07-15 00:01:07,948] {logging_mixin.py:109} INFO - [2022-07-15 00:01:07,948] {dag.py:2921} INFO - Setting next_dagrun for example_complex to None
[2022-07-15 00:01:07,980] {processor.py:171} INFO - Processing /home/airflow/.local/lib/python3.7/site-packages/airflow/example_dags/example_complex.py took 0.390 seconds
[2022-07-15 00:01:38,598] {processor.py:163} INFO - Started process (PID=2829) to work on /home/airflow/.local/lib/python3.7/site-packages/airflow/example_dags/example_complex.py
[2022-07-15 00:01:38,602] {processor.py:620} INFO - Processing file /home/airflow/.local/lib/python3.7/site-packages/airflow/example_dags/example_complex.py for tasks to queue
[2022-07-15 00:01:38,604] {logging_mixin.py:109} INFO - [2022-07-15 00:01:38,604] {dagbag.py:500} INFO - Filling up the DagBag from /home/airflow/.local/lib/python3.7/site-packages/airflow/example_dags/example_complex.py
[2022-07-15 00:01:38,733] {processor.py:632} INFO - DAG(s) dict_keys(['example_complex']) retrieved from /home/airflow/.local/lib/python3.7/site-packages/airflow/example_dags/example_complex.py
[2022-07-15 00:01:38,811] {logging_mixin.py:109} INFO - [2022-07-15 00:01:38,810] {dag.py:2389} INFO - Sync 1 DAGs
[2022-07-15 00:01:38,880] {logging_mixin.py:109} INFO - [2022-07-15 00:01:38,880] {dag.py:2921} INFO - Setting next_dagrun for example_complex to None
[2022-07-15 00:01:38,905] {processor.py:171} INFO - Processing /home/airflow/.local/lib/python3.7/site-packages/airflow/example_dags/example_complex.py took 0.315 seconds
[2022-07-15 00:02:09,137] {processor.py:163} INFO - Started process (PID=2927) to work on /home/airflow/.local/lib/python3.7/site-packages/airflow/example_dags/example_complex.py
[2022-07-15 00:02:09,152] {processor.py:620} INFO - Processing file /home/airflow/.local/lib/python3.7/site-packages/airflow/example_dags/example_complex.py for tasks to queue
[2022-07-15 00:02:09,162] {logging_mixin.py:109} INFO - [2022-07-15 00:02:09,162] {dagbag.py:500} INFO - Filling up the DagBag from /home/airflow/.local/lib/python3.7/site-packages/airflow/example_dags/example_complex.py
[2022-07-15 00:02:09,287] {processor.py:632} INFO - DAG(s) dict_keys(['example_complex']) retrieved from /home/airflow/.local/lib/python3.7/site-packages/airflow/example_dags/example_complex.py
[2022-07-15 00:02:09,371] {logging_mixin.py:109} INFO - [2022-07-15 00:02:09,371] {dag.py:2389} INFO - Sync 1 DAGs
[2022-07-15 00:02:09,443] {logging_mixin.py:109} INFO - [2022-07-15 00:02:09,442] {dag.py:2921} INFO - Setting next_dagrun for example_complex to None
[2022-07-15 00:02:09,475] {processor.py:171} INFO - Processing /home/airflow/.local/lib/python3.7/site-packages/airflow/example_dags/example_complex.py took 0.344 seconds
[2022-07-15 00:02:39,966] {processor.py:163} INFO - Started process (PID=3007) to work on /home/airflow/.local/lib/python3.7/site-packages/airflow/example_dags/example_complex.py
[2022-07-15 00:02:39,970] {processor.py:620} INFO - Processing file /home/airflow/.local/lib/python3.7/site-packages/airflow/example_dags/example_complex.py for tasks to queue
[2022-07-15 00:02:39,973] {logging_mixin.py:109} INFO - [2022-07-15 00:02:39,973] {dagbag.py:500} INFO - Filling up the DagBag from /home/airflow/.local/lib/python3.7/site-packages/airflow/example_dags/example_complex.py
[2022-07-15 00:02:40,092] {processor.py:632} INFO - DAG(s) dict_keys(['example_complex']) retrieved from /home/airflow/.local/lib/python3.7/site-packages/airflow/example_dags/example_complex.py
[2022-07-15 00:02:40,167] {logging_mixin.py:109} INFO - [2022-07-15 00:02:40,167] {dag.py:2389} INFO - Sync 1 DAGs
[2022-07-15 00:02:40,224] {logging_mixin.py:109} INFO - [2022-07-15 00:02:40,223] {dag.py:2921} INFO - Setting next_dagrun for example_complex to None
[2022-07-15 00:02:40,261] {processor.py:171} INFO - Processing /home/airflow/.local/lib/python3.7/site-packages/airflow/example_dags/example_complex.py took 0.302 seconds
[2022-07-15 00:03:10,492] {processor.py:163} INFO - Started process (PID=3107) to work on /home/airflow/.local/lib/python3.7/site-packages/airflow/example_dags/example_complex.py
[2022-07-15 00:03:10,500] {processor.py:620} INFO - Processing file /home/airflow/.local/lib/python3.7/site-packages/airflow/example_dags/example_complex.py for tasks to queue
[2022-07-15 00:03:10,503] {logging_mixin.py:109} INFO - [2022-07-15 00:03:10,503] {dagbag.py:500} INFO - Filling up the DagBag from /home/airflow/.local/lib/python3.7/site-packages/airflow/example_dags/example_complex.py
[2022-07-15 00:03:10,664] {processor.py:632} INFO - DAG(s) dict_keys(['example_complex']) retrieved from /home/airflow/.local/lib/python3.7/site-packages/airflow/example_dags/example_complex.py
[2022-07-15 00:03:10,756] {logging_mixin.py:109} INFO - [2022-07-15 00:03:10,756] {dag.py:2389} INFO - Sync 1 DAGs
[2022-07-15 00:03:10,819] {logging_mixin.py:109} INFO - [2022-07-15 00:03:10,819] {dag.py:2921} INFO - Setting next_dagrun for example_complex to None
[2022-07-15 00:03:10,850] {processor.py:171} INFO - Processing /home/airflow/.local/lib/python3.7/site-packages/airflow/example_dags/example_complex.py took 0.370 seconds
[2022-07-15 00:03:41,144] {processor.py:163} INFO - Started process (PID=3187) to work on /home/airflow/.local/lib/python3.7/site-packages/airflow/example_dags/example_complex.py
[2022-07-15 00:03:41,148] {processor.py:620} INFO - Processing file /home/airflow/.local/lib/python3.7/site-packages/airflow/example_dags/example_complex.py for tasks to queue
[2022-07-15 00:03:41,151] {logging_mixin.py:109} INFO - [2022-07-15 00:03:41,151] {dagbag.py:500} INFO - Filling up the DagBag from /home/airflow/.local/lib/python3.7/site-packages/airflow/example_dags/example_complex.py
[2022-07-15 00:03:41,271] {processor.py:632} INFO - DAG(s) dict_keys(['example_complex']) retrieved from /home/airflow/.local/lib/python3.7/site-packages/airflow/example_dags/example_complex.py
[2022-07-15 00:03:41,351] {logging_mixin.py:109} INFO - [2022-07-15 00:03:41,350] {dag.py:2389} INFO - Sync 1 DAGs
[2022-07-15 00:03:41,418] {logging_mixin.py:109} INFO - [2022-07-15 00:03:41,418] {dag.py:2921} INFO - Setting next_dagrun for example_complex to None
[2022-07-15 00:03:41,446] {processor.py:171} INFO - Processing /home/airflow/.local/lib/python3.7/site-packages/airflow/example_dags/example_complex.py took 0.310 seconds
[2022-07-15 00:04:11,718] {processor.py:163} INFO - Started process (PID=3288) to work on /home/airflow/.local/lib/python3.7/site-packages/airflow/example_dags/example_complex.py
[2022-07-15 00:04:11,721] {processor.py:620} INFO - Processing file /home/airflow/.local/lib/python3.7/site-packages/airflow/example_dags/example_complex.py for tasks to queue
[2022-07-15 00:04:11,724] {logging_mixin.py:109} INFO - [2022-07-15 00:04:11,724] {dagbag.py:500} INFO - Filling up the DagBag from /home/airflow/.local/lib/python3.7/site-packages/airflow/example_dags/example_complex.py
[2022-07-15 00:04:11,856] {processor.py:632} INFO - DAG(s) dict_keys(['example_complex']) retrieved from /home/airflow/.local/lib/python3.7/site-packages/airflow/example_dags/example_complex.py
[2022-07-15 00:04:11,951] {logging_mixin.py:109} INFO - [2022-07-15 00:04:11,951] {dag.py:2389} INFO - Sync 1 DAGs
[2022-07-15 00:04:12,028] {logging_mixin.py:109} INFO - [2022-07-15 00:04:12,027] {dag.py:2921} INFO - Setting next_dagrun for example_complex to None
[2022-07-15 00:04:12,074] {processor.py:171} INFO - Processing /home/airflow/.local/lib/python3.7/site-packages/airflow/example_dags/example_complex.py took 0.363 seconds
[2022-07-15 00:04:42,161] {processor.py:163} INFO - Started process (PID=3370) to work on /home/airflow/.local/lib/python3.7/site-packages/airflow/example_dags/example_complex.py
[2022-07-15 00:04:42,165] {processor.py:620} INFO - Processing file /home/airflow/.local/lib/python3.7/site-packages/airflow/example_dags/example_complex.py for tasks to queue
[2022-07-15 00:04:42,168] {logging_mixin.py:109} INFO - [2022-07-15 00:04:42,168] {dagbag.py:500} INFO - Filling up the DagBag from /home/airflow/.local/lib/python3.7/site-packages/airflow/example_dags/example_complex.py
[2022-07-15 00:04:42,298] {processor.py:632} INFO - DAG(s) dict_keys(['example_complex']) retrieved from /home/airflow/.local/lib/python3.7/site-packages/airflow/example_dags/example_complex.py
[2022-07-15 00:04:42,381] {logging_mixin.py:109} INFO - [2022-07-15 00:04:42,381] {dag.py:2389} INFO - Sync 1 DAGs
[2022-07-15 00:04:42,438] {logging_mixin.py:109} INFO - [2022-07-15 00:04:42,438] {dag.py:2921} INFO - Setting next_dagrun for example_complex to None
[2022-07-15 00:04:42,465] {processor.py:171} INFO - Processing /home/airflow/.local/lib/python3.7/site-packages/airflow/example_dags/example_complex.py took 0.311 seconds
[2022-07-15 00:05:12,581] {processor.py:163} INFO - Started process (PID=3466) to work on /home/airflow/.local/lib/python3.7/site-packages/airflow/example_dags/example_complex.py
[2022-07-15 00:05:12,589] {processor.py:620} INFO - Processing file /home/airflow/.local/lib/python3.7/site-packages/airflow/example_dags/example_complex.py for tasks to queue
[2022-07-15 00:05:12,594] {logging_mixin.py:109} INFO - [2022-07-15 00:05:12,594] {dagbag.py:500} INFO - Filling up the DagBag from /home/airflow/.local/lib/python3.7/site-packages/airflow/example_dags/example_complex.py
[2022-07-15 00:05:12,731] {processor.py:632} INFO - DAG(s) dict_keys(['example_complex']) retrieved from /home/airflow/.local/lib/python3.7/site-packages/airflow/example_dags/example_complex.py
[2022-07-15 00:05:12,816] {logging_mixin.py:109} INFO - [2022-07-15 00:05:12,815] {dag.py:2389} INFO - Sync 1 DAGs
[2022-07-15 00:05:12,877] {logging_mixin.py:109} INFO - [2022-07-15 00:05:12,877] {dag.py:2921} INFO - Setting next_dagrun for example_complex to None
[2022-07-15 00:05:12,912] {processor.py:171} INFO - Processing /home/airflow/.local/lib/python3.7/site-packages/airflow/example_dags/example_complex.py took 0.339 seconds
[2022-07-15 00:05:42,979] {processor.py:163} INFO - Started process (PID=3548) to work on /home/airflow/.local/lib/python3.7/site-packages/airflow/example_dags/example_complex.py
[2022-07-15 00:05:42,983] {processor.py:620} INFO - Processing file /home/airflow/.local/lib/python3.7/site-packages/airflow/example_dags/example_complex.py for tasks to queue
[2022-07-15 00:05:43,004] {logging_mixin.py:109} INFO - [2022-07-15 00:05:43,003] {dagbag.py:500} INFO - Filling up the DagBag from /home/airflow/.local/lib/python3.7/site-packages/airflow/example_dags/example_complex.py
[2022-07-15 00:05:43,124] {processor.py:632} INFO - DAG(s) dict_keys(['example_complex']) retrieved from /home/airflow/.local/lib/python3.7/site-packages/airflow/example_dags/example_complex.py
[2022-07-15 00:05:43,205] {logging_mixin.py:109} INFO - [2022-07-15 00:05:43,205] {dag.py:2389} INFO - Sync 1 DAGs
[2022-07-15 00:05:43,267] {logging_mixin.py:109} INFO - [2022-07-15 00:05:43,267] {dag.py:2921} INFO - Setting next_dagrun for example_complex to None
[2022-07-15 00:05:43,300] {processor.py:171} INFO - Processing /home/airflow/.local/lib/python3.7/site-packages/airflow/example_dags/example_complex.py took 0.328 seconds
[2022-07-15 00:06:13,401] {processor.py:163} INFO - Started process (PID=3644) to work on /home/airflow/.local/lib/python3.7/site-packages/airflow/example_dags/example_complex.py
[2022-07-15 00:06:13,406] {processor.py:620} INFO - Processing file /home/airflow/.local/lib/python3.7/site-packages/airflow/example_dags/example_complex.py for tasks to queue
[2022-07-15 00:06:13,412] {logging_mixin.py:109} INFO - [2022-07-15 00:06:13,411] {dagbag.py:500} INFO - Filling up the DagBag from /home/airflow/.local/lib/python3.7/site-packages/airflow/example_dags/example_complex.py
[2022-07-15 00:06:13,613] {processor.py:632} INFO - DAG(s) dict_keys(['example_complex']) retrieved from /home/airflow/.local/lib/python3.7/site-packages/airflow/example_dags/example_complex.py
[2022-07-15 00:06:13,699] {logging_mixin.py:109} INFO - [2022-07-15 00:06:13,699] {dag.py:2389} INFO - Sync 1 DAGs
[2022-07-15 00:06:13,763] {logging_mixin.py:109} INFO - [2022-07-15 00:06:13,762] {dag.py:2921} INFO - Setting next_dagrun for example_complex to None
[2022-07-15 00:06:13,796] {processor.py:171} INFO - Processing /home/airflow/.local/lib/python3.7/site-packages/airflow/example_dags/example_complex.py took 0.403 seconds
[2022-07-15 00:06:44,791] {processor.py:163} INFO - Started process (PID=3736) to work on /home/airflow/.local/lib/python3.7/site-packages/airflow/example_dags/example_complex.py
[2022-07-15 00:06:44,795] {processor.py:620} INFO - Processing file /home/airflow/.local/lib/python3.7/site-packages/airflow/example_dags/example_complex.py for tasks to queue
[2022-07-15 00:06:44,798] {logging_mixin.py:109} INFO - [2022-07-15 00:06:44,798] {dagbag.py:500} INFO - Filling up the DagBag from /home/airflow/.local/lib/python3.7/site-packages/airflow/example_dags/example_complex.py
[2022-07-15 00:06:44,934] {processor.py:632} INFO - DAG(s) dict_keys(['example_complex']) retrieved from /home/airflow/.local/lib/python3.7/site-packages/airflow/example_dags/example_complex.py
[2022-07-15 00:06:45,017] {logging_mixin.py:109} INFO - [2022-07-15 00:06:45,017] {dag.py:2389} INFO - Sync 1 DAGs
[2022-07-15 00:06:45,084] {logging_mixin.py:109} INFO - [2022-07-15 00:06:45,083] {dag.py:2921} INFO - Setting next_dagrun for example_complex to None
[2022-07-15 00:06:45,116] {processor.py:171} INFO - Processing /home/airflow/.local/lib/python3.7/site-packages/airflow/example_dags/example_complex.py took 0.333 seconds
[2022-07-15 00:07:15,781] {processor.py:163} INFO - Started process (PID=3822) to work on /home/airflow/.local/lib/python3.7/site-packages/airflow/example_dags/example_complex.py
[2022-07-15 00:07:15,790] {processor.py:620} INFO - Processing file /home/airflow/.local/lib/python3.7/site-packages/airflow/example_dags/example_complex.py for tasks to queue
[2022-07-15 00:07:15,793] {logging_mixin.py:109} INFO - [2022-07-15 00:07:15,793] {dagbag.py:500} INFO - Filling up the DagBag from /home/airflow/.local/lib/python3.7/site-packages/airflow/example_dags/example_complex.py
[2022-07-15 00:07:15,935] {processor.py:632} INFO - DAG(s) dict_keys(['example_complex']) retrieved from /home/airflow/.local/lib/python3.7/site-packages/airflow/example_dags/example_complex.py
[2022-07-15 00:07:16,032] {logging_mixin.py:109} INFO - [2022-07-15 00:07:16,031] {dag.py:2389} INFO - Sync 1 DAGs
[2022-07-15 00:07:16,151] {logging_mixin.py:109} INFO - [2022-07-15 00:07:16,150] {dag.py:2921} INFO - Setting next_dagrun for example_complex to None
[2022-07-15 00:07:16,195] {processor.py:171} INFO - Processing /home/airflow/.local/lib/python3.7/site-packages/airflow/example_dags/example_complex.py took 0.430 seconds
[2022-07-15 00:07:46,464] {processor.py:163} INFO - Started process (PID=3920) to work on /home/airflow/.local/lib/python3.7/site-packages/airflow/example_dags/example_complex.py
[2022-07-15 00:07:46,468] {processor.py:620} INFO - Processing file /home/airflow/.local/lib/python3.7/site-packages/airflow/example_dags/example_complex.py for tasks to queue
[2022-07-15 00:07:46,479] {logging_mixin.py:109} INFO - [2022-07-15 00:07:46,479] {dagbag.py:500} INFO - Filling up the DagBag from /home/airflow/.local/lib/python3.7/site-packages/airflow/example_dags/example_complex.py
[2022-07-15 00:07:46,644] {processor.py:632} INFO - DAG(s) dict_keys(['example_complex']) retrieved from /home/airflow/.local/lib/python3.7/site-packages/airflow/example_dags/example_complex.py
[2022-07-15 00:07:46,736] {logging_mixin.py:109} INFO - [2022-07-15 00:07:46,734] {dag.py:2389} INFO - Sync 1 DAGs
[2022-07-15 00:07:46,932] {logging_mixin.py:109} INFO - [2022-07-15 00:07:46,932] {dag.py:2921} INFO - Setting next_dagrun for example_complex to None
[2022-07-15 00:07:46,967] {processor.py:171} INFO - Processing /home/airflow/.local/lib/python3.7/site-packages/airflow/example_dags/example_complex.py took 0.522 seconds
