[2022-07-15 00:00:21,963] {processor.py:163} INFO - Started process (PID=2611) to work on /home/airflow/.local/lib/python3.7/site-packages/airflow/example_dags/example_latest_only.py
[2022-07-15 00:00:21,967] {processor.py:620} INFO - Processing file /home/airflow/.local/lib/python3.7/site-packages/airflow/example_dags/example_latest_only.py for tasks to queue
[2022-07-15 00:00:21,970] {logging_mixin.py:109} INFO - [2022-07-15 00:00:21,970] {dagbag.py:500} INFO - Filling up the DagBag from /home/airflow/.local/lib/python3.7/site-packages/airflow/example_dags/example_latest_only.py
[2022-07-15 00:00:22,034] {processor.py:632} INFO - DAG(s) dict_keys(['latest_only']) retrieved from /home/airflow/.local/lib/python3.7/site-packages/airflow/example_dags/example_latest_only.py
[2022-07-15 00:00:22,073] {logging_mixin.py:109} INFO - [2022-07-15 00:00:22,073] {dag.py:2389} INFO - Sync 1 DAGs
[2022-07-15 00:00:22,136] {logging_mixin.py:109} INFO - [2022-07-15 00:00:22,136] {dag.py:2921} INFO - Setting next_dagrun for latest_only to 2022-07-14T20:00:22.134369+00:00
[2022-07-15 00:00:22,165] {processor.py:171} INFO - Processing /home/airflow/.local/lib/python3.7/site-packages/airflow/example_dags/example_latest_only.py took 0.209 seconds
[2022-07-15 00:00:52,439] {processor.py:163} INFO - Started process (PID=2709) to work on /home/airflow/.local/lib/python3.7/site-packages/airflow/example_dags/example_latest_only.py
[2022-07-15 00:00:52,444] {processor.py:620} INFO - Processing file /home/airflow/.local/lib/python3.7/site-packages/airflow/example_dags/example_latest_only.py for tasks to queue
[2022-07-15 00:00:52,447] {logging_mixin.py:109} INFO - [2022-07-15 00:00:52,446] {dagbag.py:500} INFO - Filling up the DagBag from /home/airflow/.local/lib/python3.7/site-packages/airflow/example_dags/example_latest_only.py
[2022-07-15 00:00:52,516] {processor.py:632} INFO - DAG(s) dict_keys(['latest_only']) retrieved from /home/airflow/.local/lib/python3.7/site-packages/airflow/example_dags/example_latest_only.py
[2022-07-15 00:00:52,556] {logging_mixin.py:109} INFO - [2022-07-15 00:00:52,556] {dag.py:2389} INFO - Sync 1 DAGs
[2022-07-15 00:00:52,619] {logging_mixin.py:109} INFO - [2022-07-15 00:00:52,618] {dag.py:2921} INFO - Setting next_dagrun for latest_only to 2022-07-14T20:00:52.616690+00:00
[2022-07-15 00:00:52,656] {processor.py:171} INFO - Processing /home/airflow/.local/lib/python3.7/site-packages/airflow/example_dags/example_latest_only.py took 0.224 seconds
[2022-07-15 00:01:22,930] {processor.py:163} INFO - Started process (PID=2791) to work on /home/airflow/.local/lib/python3.7/site-packages/airflow/example_dags/example_latest_only.py
[2022-07-15 00:01:22,934] {processor.py:620} INFO - Processing file /home/airflow/.local/lib/python3.7/site-packages/airflow/example_dags/example_latest_only.py for tasks to queue
[2022-07-15 00:01:22,937] {logging_mixin.py:109} INFO - [2022-07-15 00:01:22,937] {dagbag.py:500} INFO - Filling up the DagBag from /home/airflow/.local/lib/python3.7/site-packages/airflow/example_dags/example_latest_only.py
[2022-07-15 00:01:23,006] {processor.py:632} INFO - DAG(s) dict_keys(['latest_only']) retrieved from /home/airflow/.local/lib/python3.7/site-packages/airflow/example_dags/example_latest_only.py
[2022-07-15 00:01:23,045] {logging_mixin.py:109} INFO - [2022-07-15 00:01:23,045] {dag.py:2389} INFO - Sync 1 DAGs
[2022-07-15 00:01:23,102] {logging_mixin.py:109} INFO - [2022-07-15 00:01:23,102] {dag.py:2921} INFO - Setting next_dagrun for latest_only to 2022-07-14T20:01:23.100654+00:00
[2022-07-15 00:01:23,130] {processor.py:171} INFO - Processing /home/airflow/.local/lib/python3.7/site-packages/airflow/example_dags/example_latest_only.py took 0.206 seconds
[2022-07-15 00:01:53,677] {processor.py:163} INFO - Started process (PID=2889) to work on /home/airflow/.local/lib/python3.7/site-packages/airflow/example_dags/example_latest_only.py
[2022-07-15 00:01:53,682] {processor.py:620} INFO - Processing file /home/airflow/.local/lib/python3.7/site-packages/airflow/example_dags/example_latest_only.py for tasks to queue
[2022-07-15 00:01:53,686] {logging_mixin.py:109} INFO - [2022-07-15 00:01:53,685] {dagbag.py:500} INFO - Filling up the DagBag from /home/airflow/.local/lib/python3.7/site-packages/airflow/example_dags/example_latest_only.py
[2022-07-15 00:01:53,755] {processor.py:632} INFO - DAG(s) dict_keys(['latest_only']) retrieved from /home/airflow/.local/lib/python3.7/site-packages/airflow/example_dags/example_latest_only.py
[2022-07-15 00:01:53,797] {logging_mixin.py:109} INFO - [2022-07-15 00:01:53,796] {dag.py:2389} INFO - Sync 1 DAGs
[2022-07-15 00:01:53,866] {logging_mixin.py:109} INFO - [2022-07-15 00:01:53,865] {dag.py:2921} INFO - Setting next_dagrun for latest_only to 2022-07-14T20:01:53.863617+00:00
[2022-07-15 00:01:53,901] {processor.py:171} INFO - Processing /home/airflow/.local/lib/python3.7/site-packages/airflow/example_dags/example_latest_only.py took 0.231 seconds
[2022-07-15 00:02:24,371] {processor.py:163} INFO - Started process (PID=2981) to work on /home/airflow/.local/lib/python3.7/site-packages/airflow/example_dags/example_latest_only.py
[2022-07-15 00:02:24,375] {processor.py:620} INFO - Processing file /home/airflow/.local/lib/python3.7/site-packages/airflow/example_dags/example_latest_only.py for tasks to queue
[2022-07-15 00:02:24,378] {logging_mixin.py:109} INFO - [2022-07-15 00:02:24,378] {dagbag.py:500} INFO - Filling up the DagBag from /home/airflow/.local/lib/python3.7/site-packages/airflow/example_dags/example_latest_only.py
[2022-07-15 00:02:24,456] {processor.py:632} INFO - DAG(s) dict_keys(['latest_only']) retrieved from /home/airflow/.local/lib/python3.7/site-packages/airflow/example_dags/example_latest_only.py
[2022-07-15 00:02:24,498] {logging_mixin.py:109} INFO - [2022-07-15 00:02:24,498] {dag.py:2389} INFO - Sync 1 DAGs
[2022-07-15 00:02:24,571] {logging_mixin.py:109} INFO - [2022-07-15 00:02:24,571] {dag.py:2921} INFO - Setting next_dagrun for latest_only to 2022-07-14T20:02:24.569393+00:00
[2022-07-15 00:02:24,612] {processor.py:171} INFO - Processing /home/airflow/.local/lib/python3.7/site-packages/airflow/example_dags/example_latest_only.py took 0.248 seconds
[2022-07-15 00:02:54,963] {processor.py:163} INFO - Started process (PID=3069) to work on /home/airflow/.local/lib/python3.7/site-packages/airflow/example_dags/example_latest_only.py
[2022-07-15 00:02:54,967] {processor.py:620} INFO - Processing file /home/airflow/.local/lib/python3.7/site-packages/airflow/example_dags/example_latest_only.py for tasks to queue
[2022-07-15 00:02:54,970] {logging_mixin.py:109} INFO - [2022-07-15 00:02:54,969] {dagbag.py:500} INFO - Filling up the DagBag from /home/airflow/.local/lib/python3.7/site-packages/airflow/example_dags/example_latest_only.py
[2022-07-15 00:02:55,041] {processor.py:632} INFO - DAG(s) dict_keys(['latest_only']) retrieved from /home/airflow/.local/lib/python3.7/site-packages/airflow/example_dags/example_latest_only.py
[2022-07-15 00:02:55,087] {logging_mixin.py:109} INFO - [2022-07-15 00:02:55,086] {dag.py:2389} INFO - Sync 1 DAGs
[2022-07-15 00:02:55,152] {logging_mixin.py:109} INFO - [2022-07-15 00:02:55,152] {dag.py:2921} INFO - Setting next_dagrun for latest_only to 2022-07-14T20:02:55.150474+00:00
[2022-07-15 00:02:55,189] {processor.py:171} INFO - Processing /home/airflow/.local/lib/python3.7/site-packages/airflow/example_dags/example_latest_only.py took 0.234 seconds
[2022-07-15 00:03:25,450] {processor.py:163} INFO - Started process (PID=3161) to work on /home/airflow/.local/lib/python3.7/site-packages/airflow/example_dags/example_latest_only.py
[2022-07-15 00:03:25,454] {processor.py:620} INFO - Processing file /home/airflow/.local/lib/python3.7/site-packages/airflow/example_dags/example_latest_only.py for tasks to queue
[2022-07-15 00:03:25,459] {logging_mixin.py:109} INFO - [2022-07-15 00:03:25,458] {dagbag.py:500} INFO - Filling up the DagBag from /home/airflow/.local/lib/python3.7/site-packages/airflow/example_dags/example_latest_only.py
[2022-07-15 00:03:25,525] {processor.py:632} INFO - DAG(s) dict_keys(['latest_only']) retrieved from /home/airflow/.local/lib/python3.7/site-packages/airflow/example_dags/example_latest_only.py
[2022-07-15 00:03:25,563] {logging_mixin.py:109} INFO - [2022-07-15 00:03:25,563] {dag.py:2389} INFO - Sync 1 DAGs
[2022-07-15 00:03:25,628] {logging_mixin.py:109} INFO - [2022-07-15 00:03:25,628] {dag.py:2921} INFO - Setting next_dagrun for latest_only to 2022-07-14T20:03:25.626643+00:00
[2022-07-15 00:03:25,663] {processor.py:171} INFO - Processing /home/airflow/.local/lib/python3.7/site-packages/airflow/example_dags/example_latest_only.py took 0.219 seconds
[2022-07-15 00:03:56,093] {processor.py:163} INFO - Started process (PID=3249) to work on /home/airflow/.local/lib/python3.7/site-packages/airflow/example_dags/example_latest_only.py
[2022-07-15 00:03:56,099] {processor.py:620} INFO - Processing file /home/airflow/.local/lib/python3.7/site-packages/airflow/example_dags/example_latest_only.py for tasks to queue
[2022-07-15 00:03:56,103] {logging_mixin.py:109} INFO - [2022-07-15 00:03:56,103] {dagbag.py:500} INFO - Filling up the DagBag from /home/airflow/.local/lib/python3.7/site-packages/airflow/example_dags/example_latest_only.py
[2022-07-15 00:03:56,178] {processor.py:632} INFO - DAG(s) dict_keys(['latest_only']) retrieved from /home/airflow/.local/lib/python3.7/site-packages/airflow/example_dags/example_latest_only.py
[2022-07-15 00:03:56,221] {logging_mixin.py:109} INFO - [2022-07-15 00:03:56,221] {dag.py:2389} INFO - Sync 1 DAGs
[2022-07-15 00:03:56,287] {logging_mixin.py:109} INFO - [2022-07-15 00:03:56,286] {dag.py:2921} INFO - Setting next_dagrun for latest_only to 2022-07-14T20:03:56.284396+00:00
[2022-07-15 00:03:56,318] {processor.py:171} INFO - Processing /home/airflow/.local/lib/python3.7/site-packages/airflow/example_dags/example_latest_only.py took 0.232 seconds
[2022-07-15 00:04:26,420] {processor.py:163} INFO - Started process (PID=3348) to work on /home/airflow/.local/lib/python3.7/site-packages/airflow/example_dags/example_latest_only.py
[2022-07-15 00:04:26,425] {processor.py:620} INFO - Processing file /home/airflow/.local/lib/python3.7/site-packages/airflow/example_dags/example_latest_only.py for tasks to queue
[2022-07-15 00:04:26,431] {logging_mixin.py:109} INFO - [2022-07-15 00:04:26,430] {dagbag.py:500} INFO - Filling up the DagBag from /home/airflow/.local/lib/python3.7/site-packages/airflow/example_dags/example_latest_only.py
[2022-07-15 00:04:26,499] {processor.py:632} INFO - DAG(s) dict_keys(['latest_only']) retrieved from /home/airflow/.local/lib/python3.7/site-packages/airflow/example_dags/example_latest_only.py
[2022-07-15 00:04:26,541] {logging_mixin.py:109} INFO - [2022-07-15 00:04:26,540] {dag.py:2389} INFO - Sync 1 DAGs
[2022-07-15 00:04:26,614] {logging_mixin.py:109} INFO - [2022-07-15 00:04:26,614] {dag.py:2921} INFO - Setting next_dagrun for latest_only to 2022-07-14T20:04:26.612200+00:00
[2022-07-15 00:04:26,651] {processor.py:171} INFO - Processing /home/airflow/.local/lib/python3.7/site-packages/airflow/example_dags/example_latest_only.py took 0.239 seconds
[2022-07-15 00:04:57,053] {processor.py:163} INFO - Started process (PID=3428) to work on /home/airflow/.local/lib/python3.7/site-packages/airflow/example_dags/example_latest_only.py
[2022-07-15 00:04:57,060] {processor.py:620} INFO - Processing file /home/airflow/.local/lib/python3.7/site-packages/airflow/example_dags/example_latest_only.py for tasks to queue
[2022-07-15 00:04:57,065] {logging_mixin.py:109} INFO - [2022-07-15 00:04:57,064] {dagbag.py:500} INFO - Filling up the DagBag from /home/airflow/.local/lib/python3.7/site-packages/airflow/example_dags/example_latest_only.py
[2022-07-15 00:04:57,143] {processor.py:632} INFO - DAG(s) dict_keys(['latest_only']) retrieved from /home/airflow/.local/lib/python3.7/site-packages/airflow/example_dags/example_latest_only.py
[2022-07-15 00:04:57,193] {logging_mixin.py:109} INFO - [2022-07-15 00:04:57,192] {dag.py:2389} INFO - Sync 1 DAGs
[2022-07-15 00:04:57,272] {logging_mixin.py:109} INFO - [2022-07-15 00:04:57,272] {dag.py:2921} INFO - Setting next_dagrun for latest_only to 2022-07-14T20:04:57.270303+00:00
[2022-07-15 00:04:57,306] {processor.py:171} INFO - Processing /home/airflow/.local/lib/python3.7/site-packages/airflow/example_dags/example_latest_only.py took 0.262 seconds
[2022-07-15 00:05:27,503] {processor.py:163} INFO - Started process (PID=3526) to work on /home/airflow/.local/lib/python3.7/site-packages/airflow/example_dags/example_latest_only.py
[2022-07-15 00:05:27,508] {processor.py:620} INFO - Processing file /home/airflow/.local/lib/python3.7/site-packages/airflow/example_dags/example_latest_only.py for tasks to queue
[2022-07-15 00:05:27,511] {logging_mixin.py:109} INFO - [2022-07-15 00:05:27,510] {dagbag.py:500} INFO - Filling up the DagBag from /home/airflow/.local/lib/python3.7/site-packages/airflow/example_dags/example_latest_only.py
[2022-07-15 00:05:27,615] {processor.py:632} INFO - DAG(s) dict_keys(['latest_only']) retrieved from /home/airflow/.local/lib/python3.7/site-packages/airflow/example_dags/example_latest_only.py
[2022-07-15 00:05:27,658] {logging_mixin.py:109} INFO - [2022-07-15 00:05:27,656] {dag.py:2389} INFO - Sync 1 DAGs
[2022-07-15 00:05:27,728] {logging_mixin.py:109} INFO - [2022-07-15 00:05:27,727] {dag.py:2921} INFO - Setting next_dagrun for latest_only to 2022-07-14T20:05:27.725792+00:00
[2022-07-15 00:05:27,762] {processor.py:171} INFO - Processing /home/airflow/.local/lib/python3.7/site-packages/airflow/example_dags/example_latest_only.py took 0.266 seconds
[2022-07-15 00:05:57,910] {processor.py:163} INFO - Started process (PID=3606) to work on /home/airflow/.local/lib/python3.7/site-packages/airflow/example_dags/example_latest_only.py
[2022-07-15 00:05:57,921] {processor.py:620} INFO - Processing file /home/airflow/.local/lib/python3.7/site-packages/airflow/example_dags/example_latest_only.py for tasks to queue
[2022-07-15 00:05:57,925] {logging_mixin.py:109} INFO - [2022-07-15 00:05:57,924] {dagbag.py:500} INFO - Filling up the DagBag from /home/airflow/.local/lib/python3.7/site-packages/airflow/example_dags/example_latest_only.py
[2022-07-15 00:05:58,032] {processor.py:632} INFO - DAG(s) dict_keys(['latest_only']) retrieved from /home/airflow/.local/lib/python3.7/site-packages/airflow/example_dags/example_latest_only.py
[2022-07-15 00:05:58,079] {logging_mixin.py:109} INFO - [2022-07-15 00:05:58,078] {dag.py:2389} INFO - Sync 1 DAGs
[2022-07-15 00:05:58,183] {logging_mixin.py:109} INFO - [2022-07-15 00:05:58,182] {dag.py:2921} INFO - Setting next_dagrun for latest_only to 2022-07-14T20:05:58.180620+00:00
[2022-07-15 00:05:58,230] {processor.py:171} INFO - Processing /home/airflow/.local/lib/python3.7/site-packages/airflow/example_dags/example_latest_only.py took 0.334 seconds
[2022-07-15 00:06:28,802] {processor.py:163} INFO - Started process (PID=3704) to work on /home/airflow/.local/lib/python3.7/site-packages/airflow/example_dags/example_latest_only.py
[2022-07-15 00:06:28,822] {processor.py:620} INFO - Processing file /home/airflow/.local/lib/python3.7/site-packages/airflow/example_dags/example_latest_only.py for tasks to queue
[2022-07-15 00:06:28,827] {logging_mixin.py:109} INFO - [2022-07-15 00:06:28,827] {dagbag.py:500} INFO - Filling up the DagBag from /home/airflow/.local/lib/python3.7/site-packages/airflow/example_dags/example_latest_only.py
[2022-07-15 00:06:28,901] {processor.py:632} INFO - DAG(s) dict_keys(['latest_only']) retrieved from /home/airflow/.local/lib/python3.7/site-packages/airflow/example_dags/example_latest_only.py
[2022-07-15 00:06:28,946] {logging_mixin.py:109} INFO - [2022-07-15 00:06:28,945] {dag.py:2389} INFO - Sync 1 DAGs
[2022-07-15 00:06:29,016] {logging_mixin.py:109} INFO - [2022-07-15 00:06:29,016] {dag.py:2921} INFO - Setting next_dagrun for latest_only to 2022-07-14T20:06:29.013961+00:00
[2022-07-15 00:06:29,048] {processor.py:171} INFO - Processing /home/airflow/.local/lib/python3.7/site-packages/airflow/example_dags/example_latest_only.py took 0.254 seconds
[2022-07-15 00:06:59,407] {processor.py:163} INFO - Started process (PID=3786) to work on /home/airflow/.local/lib/python3.7/site-packages/airflow/example_dags/example_latest_only.py
[2022-07-15 00:06:59,411] {processor.py:620} INFO - Processing file /home/airflow/.local/lib/python3.7/site-packages/airflow/example_dags/example_latest_only.py for tasks to queue
[2022-07-15 00:06:59,414] {logging_mixin.py:109} INFO - [2022-07-15 00:06:59,414] {dagbag.py:500} INFO - Filling up the DagBag from /home/airflow/.local/lib/python3.7/site-packages/airflow/example_dags/example_latest_only.py
[2022-07-15 00:06:59,473] {processor.py:632} INFO - DAG(s) dict_keys(['latest_only']) retrieved from /home/airflow/.local/lib/python3.7/site-packages/airflow/example_dags/example_latest_only.py
[2022-07-15 00:06:59,513] {logging_mixin.py:109} INFO - [2022-07-15 00:06:59,512] {dag.py:2389} INFO - Sync 1 DAGs
[2022-07-15 00:06:59,570] {logging_mixin.py:109} INFO - [2022-07-15 00:06:59,569] {dag.py:2921} INFO - Setting next_dagrun for latest_only to 2022-07-14T20:06:59.568099+00:00
[2022-07-15 00:06:59,597] {processor.py:171} INFO - Processing /home/airflow/.local/lib/python3.7/site-packages/airflow/example_dags/example_latest_only.py took 0.196 seconds
[2022-07-15 00:07:30,358] {processor.py:163} INFO - Started process (PID=3882) to work on /home/airflow/.local/lib/python3.7/site-packages/airflow/example_dags/example_latest_only.py
[2022-07-15 00:07:30,363] {processor.py:620} INFO - Processing file /home/airflow/.local/lib/python3.7/site-packages/airflow/example_dags/example_latest_only.py for tasks to queue
[2022-07-15 00:07:30,368] {logging_mixin.py:109} INFO - [2022-07-15 00:07:30,368] {dagbag.py:500} INFO - Filling up the DagBag from /home/airflow/.local/lib/python3.7/site-packages/airflow/example_dags/example_latest_only.py
[2022-07-15 00:07:30,436] {processor.py:632} INFO - DAG(s) dict_keys(['latest_only']) retrieved from /home/airflow/.local/lib/python3.7/site-packages/airflow/example_dags/example_latest_only.py
[2022-07-15 00:07:30,485] {logging_mixin.py:109} INFO - [2022-07-15 00:07:30,484] {dag.py:2389} INFO - Sync 1 DAGs
[2022-07-15 00:07:30,587] {logging_mixin.py:109} INFO - [2022-07-15 00:07:30,586] {dag.py:2921} INFO - Setting next_dagrun for latest_only to 2022-07-14T20:07:30.584951+00:00
[2022-07-15 00:07:30,623] {processor.py:171} INFO - Processing /home/airflow/.local/lib/python3.7/site-packages/airflow/example_dags/example_latest_only.py took 0.275 seconds
[2022-07-15 00:08:00,981] {processor.py:163} INFO - Started process (PID=3964) to work on /home/airflow/.local/lib/python3.7/site-packages/airflow/example_dags/example_latest_only.py
[2022-07-15 00:08:00,986] {processor.py:620} INFO - Processing file /home/airflow/.local/lib/python3.7/site-packages/airflow/example_dags/example_latest_only.py for tasks to queue
[2022-07-15 00:08:00,989] {logging_mixin.py:109} INFO - [2022-07-15 00:08:00,989] {dagbag.py:500} INFO - Filling up the DagBag from /home/airflow/.local/lib/python3.7/site-packages/airflow/example_dags/example_latest_only.py
[2022-07-15 00:08:01,053] {processor.py:632} INFO - DAG(s) dict_keys(['latest_only']) retrieved from /home/airflow/.local/lib/python3.7/site-packages/airflow/example_dags/example_latest_only.py
[2022-07-15 00:08:01,089] {logging_mixin.py:109} INFO - [2022-07-15 00:08:01,088] {dag.py:2389} INFO - Sync 1 DAGs
[2022-07-15 00:08:01,145] {logging_mixin.py:109} INFO - [2022-07-15 00:08:01,144] {dag.py:2921} INFO - Setting next_dagrun for latest_only to 2022-07-14T20:08:01.142904+00:00
[2022-07-15 00:08:01,174] {processor.py:171} INFO - Processing /home/airflow/.local/lib/python3.7/site-packages/airflow/example_dags/example_latest_only.py took 0.199 seconds
