[2022-07-15 00:00:08,942] {processor.py:163} INFO - Started process (PID=2575) to work on /home/airflow/.local/lib/python3.7/site-packages/airflow/example_dags/example_branch_python_dop_operator_3.py
[2022-07-15 00:00:08,946] {processor.py:620} INFO - Processing file /home/airflow/.local/lib/python3.7/site-packages/airflow/example_dags/example_branch_python_dop_operator_3.py for tasks to queue
[2022-07-15 00:00:08,949] {logging_mixin.py:109} INFO - [2022-07-15 00:00:08,948] {dagbag.py:500} INFO - Filling up the DagBag from /home/airflow/.local/lib/python3.7/site-packages/airflow/example_dags/example_branch_python_dop_operator_3.py
[2022-07-15 00:00:09,028] {processor.py:632} INFO - DAG(s) dict_keys(['example_branch_dop_operator_v3']) retrieved from /home/airflow/.local/lib/python3.7/site-packages/airflow/example_dags/example_branch_python_dop_operator_3.py
[2022-07-15 00:00:09,067] {logging_mixin.py:109} INFO - [2022-07-15 00:00:09,067] {dag.py:2389} INFO - Sync 1 DAGs
[2022-07-15 00:00:09,164] {logging_mixin.py:109} INFO - [2022-07-15 00:00:09,164] {dag.py:2921} INFO - Setting next_dagrun for example_branch_dop_operator_v3 to 2022-07-14T23:59:00+00:00
[2022-07-15 00:00:09,195] {processor.py:171} INFO - Processing /home/airflow/.local/lib/python3.7/site-packages/airflow/example_dags/example_branch_python_dop_operator_3.py took 0.260 seconds
[2022-07-15 00:00:39,792] {processor.py:163} INFO - Started process (PID=2657) to work on /home/airflow/.local/lib/python3.7/site-packages/airflow/example_dags/example_branch_python_dop_operator_3.py
[2022-07-15 00:00:39,797] {processor.py:620} INFO - Processing file /home/airflow/.local/lib/python3.7/site-packages/airflow/example_dags/example_branch_python_dop_operator_3.py for tasks to queue
[2022-07-15 00:00:39,800] {logging_mixin.py:109} INFO - [2022-07-15 00:00:39,799] {dagbag.py:500} INFO - Filling up the DagBag from /home/airflow/.local/lib/python3.7/site-packages/airflow/example_dags/example_branch_python_dop_operator_3.py
[2022-07-15 00:00:39,879] {processor.py:632} INFO - DAG(s) dict_keys(['example_branch_dop_operator_v3']) retrieved from /home/airflow/.local/lib/python3.7/site-packages/airflow/example_dags/example_branch_python_dop_operator_3.py
[2022-07-15 00:00:39,916] {logging_mixin.py:109} INFO - [2022-07-15 00:00:39,915] {dag.py:2389} INFO - Sync 1 DAGs
[2022-07-15 00:00:40,002] {logging_mixin.py:109} INFO - [2022-07-15 00:00:40,001] {dag.py:2921} INFO - Setting next_dagrun for example_branch_dop_operator_v3 to 2022-07-14T23:59:00+00:00
[2022-07-15 00:00:40,028] {processor.py:171} INFO - Processing /home/airflow/.local/lib/python3.7/site-packages/airflow/example_dags/example_branch_python_dop_operator_3.py took 0.243 seconds
[2022-07-15 00:01:10,160] {processor.py:163} INFO - Started process (PID=2755) to work on /home/airflow/.local/lib/python3.7/site-packages/airflow/example_dags/example_branch_python_dop_operator_3.py
[2022-07-15 00:01:10,165] {processor.py:620} INFO - Processing file /home/airflow/.local/lib/python3.7/site-packages/airflow/example_dags/example_branch_python_dop_operator_3.py for tasks to queue
[2022-07-15 00:01:10,168] {logging_mixin.py:109} INFO - [2022-07-15 00:01:10,168] {dagbag.py:500} INFO - Filling up the DagBag from /home/airflow/.local/lib/python3.7/site-packages/airflow/example_dags/example_branch_python_dop_operator_3.py
[2022-07-15 00:01:10,261] {processor.py:632} INFO - DAG(s) dict_keys(['example_branch_dop_operator_v3']) retrieved from /home/airflow/.local/lib/python3.7/site-packages/airflow/example_dags/example_branch_python_dop_operator_3.py
[2022-07-15 00:01:10,301] {logging_mixin.py:109} INFO - [2022-07-15 00:01:10,301] {dag.py:2389} INFO - Sync 1 DAGs
[2022-07-15 00:01:10,400] {logging_mixin.py:109} INFO - [2022-07-15 00:01:10,399] {dag.py:2921} INFO - Setting next_dagrun for example_branch_dop_operator_v3 to 2022-07-15T00:00:00+00:00
[2022-07-15 00:01:10,438] {processor.py:171} INFO - Processing /home/airflow/.local/lib/python3.7/site-packages/airflow/example_dags/example_branch_python_dop_operator_3.py took 0.287 seconds
[2022-07-15 00:01:41,178] {processor.py:163} INFO - Started process (PID=2837) to work on /home/airflow/.local/lib/python3.7/site-packages/airflow/example_dags/example_branch_python_dop_operator_3.py
[2022-07-15 00:01:41,183] {processor.py:620} INFO - Processing file /home/airflow/.local/lib/python3.7/site-packages/airflow/example_dags/example_branch_python_dop_operator_3.py for tasks to queue
[2022-07-15 00:01:41,186] {logging_mixin.py:109} INFO - [2022-07-15 00:01:41,185] {dagbag.py:500} INFO - Filling up the DagBag from /home/airflow/.local/lib/python3.7/site-packages/airflow/example_dags/example_branch_python_dop_operator_3.py
[2022-07-15 00:01:41,266] {processor.py:632} INFO - DAG(s) dict_keys(['example_branch_dop_operator_v3']) retrieved from /home/airflow/.local/lib/python3.7/site-packages/airflow/example_dags/example_branch_python_dop_operator_3.py
[2022-07-15 00:01:41,303] {logging_mixin.py:109} INFO - [2022-07-15 00:01:41,303] {dag.py:2389} INFO - Sync 1 DAGs
[2022-07-15 00:01:41,392] {logging_mixin.py:109} INFO - [2022-07-15 00:01:41,392] {dag.py:2921} INFO - Setting next_dagrun for example_branch_dop_operator_v3 to 2022-07-15T00:00:00+00:00
[2022-07-15 00:01:41,419] {processor.py:171} INFO - Processing /home/airflow/.local/lib/python3.7/site-packages/airflow/example_dags/example_branch_python_dop_operator_3.py took 0.247 seconds
[2022-07-15 00:02:11,652] {processor.py:163} INFO - Started process (PID=2933) to work on /home/airflow/.local/lib/python3.7/site-packages/airflow/example_dags/example_branch_python_dop_operator_3.py
[2022-07-15 00:02:11,657] {processor.py:620} INFO - Processing file /home/airflow/.local/lib/python3.7/site-packages/airflow/example_dags/example_branch_python_dop_operator_3.py for tasks to queue
[2022-07-15 00:02:11,660] {logging_mixin.py:109} INFO - [2022-07-15 00:02:11,660] {dagbag.py:500} INFO - Filling up the DagBag from /home/airflow/.local/lib/python3.7/site-packages/airflow/example_dags/example_branch_python_dop_operator_3.py
[2022-07-15 00:02:11,738] {processor.py:632} INFO - DAG(s) dict_keys(['example_branch_dop_operator_v3']) retrieved from /home/airflow/.local/lib/python3.7/site-packages/airflow/example_dags/example_branch_python_dop_operator_3.py
[2022-07-15 00:02:11,788] {logging_mixin.py:109} INFO - [2022-07-15 00:02:11,788] {dag.py:2389} INFO - Sync 1 DAGs
[2022-07-15 00:02:11,897] {logging_mixin.py:109} INFO - [2022-07-15 00:02:11,897] {dag.py:2921} INFO - Setting next_dagrun for example_branch_dop_operator_v3 to 2022-07-15T00:01:00+00:00
[2022-07-15 00:02:11,927] {processor.py:171} INFO - Processing /home/airflow/.local/lib/python3.7/site-packages/airflow/example_dags/example_branch_python_dop_operator_3.py took 0.282 seconds
[2022-07-15 00:02:42,325] {processor.py:163} INFO - Started process (PID=3015) to work on /home/airflow/.local/lib/python3.7/site-packages/airflow/example_dags/example_branch_python_dop_operator_3.py
[2022-07-15 00:02:42,330] {processor.py:620} INFO - Processing file /home/airflow/.local/lib/python3.7/site-packages/airflow/example_dags/example_branch_python_dop_operator_3.py for tasks to queue
[2022-07-15 00:02:42,333] {logging_mixin.py:109} INFO - [2022-07-15 00:02:42,333] {dagbag.py:500} INFO - Filling up the DagBag from /home/airflow/.local/lib/python3.7/site-packages/airflow/example_dags/example_branch_python_dop_operator_3.py
[2022-07-15 00:02:42,420] {processor.py:632} INFO - DAG(s) dict_keys(['example_branch_dop_operator_v3']) retrieved from /home/airflow/.local/lib/python3.7/site-packages/airflow/example_dags/example_branch_python_dop_operator_3.py
[2022-07-15 00:02:42,458] {logging_mixin.py:109} INFO - [2022-07-15 00:02:42,457] {dag.py:2389} INFO - Sync 1 DAGs
[2022-07-15 00:02:42,554] {logging_mixin.py:109} INFO - [2022-07-15 00:02:42,554] {dag.py:2921} INFO - Setting next_dagrun for example_branch_dop_operator_v3 to 2022-07-15T00:01:00+00:00
[2022-07-15 00:02:42,582] {processor.py:171} INFO - Processing /home/airflow/.local/lib/python3.7/site-packages/airflow/example_dags/example_branch_python_dop_operator_3.py took 0.263 seconds
[2022-07-15 00:03:12,831] {processor.py:163} INFO - Started process (PID=3112) to work on /home/airflow/.local/lib/python3.7/site-packages/airflow/example_dags/example_branch_python_dop_operator_3.py
[2022-07-15 00:03:12,836] {processor.py:620} INFO - Processing file /home/airflow/.local/lib/python3.7/site-packages/airflow/example_dags/example_branch_python_dop_operator_3.py for tasks to queue
[2022-07-15 00:03:12,839] {logging_mixin.py:109} INFO - [2022-07-15 00:03:12,838] {dagbag.py:500} INFO - Filling up the DagBag from /home/airflow/.local/lib/python3.7/site-packages/airflow/example_dags/example_branch_python_dop_operator_3.py
[2022-07-15 00:03:12,941] {processor.py:632} INFO - DAG(s) dict_keys(['example_branch_dop_operator_v3']) retrieved from /home/airflow/.local/lib/python3.7/site-packages/airflow/example_dags/example_branch_python_dop_operator_3.py
[2022-07-15 00:03:12,997] {logging_mixin.py:109} INFO - [2022-07-15 00:03:12,996] {dag.py:2389} INFO - Sync 1 DAGs
[2022-07-15 00:03:13,121] {logging_mixin.py:109} INFO - [2022-07-15 00:03:13,121] {dag.py:2921} INFO - Setting next_dagrun for example_branch_dop_operator_v3 to 2022-07-15T00:02:00+00:00
[2022-07-15 00:03:13,151] {processor.py:171} INFO - Processing /home/airflow/.local/lib/python3.7/site-packages/airflow/example_dags/example_branch_python_dop_operator_3.py took 0.327 seconds
[2022-07-15 00:03:43,508] {processor.py:163} INFO - Started process (PID=3193) to work on /home/airflow/.local/lib/python3.7/site-packages/airflow/example_dags/example_branch_python_dop_operator_3.py
[2022-07-15 00:03:43,513] {processor.py:620} INFO - Processing file /home/airflow/.local/lib/python3.7/site-packages/airflow/example_dags/example_branch_python_dop_operator_3.py for tasks to queue
[2022-07-15 00:03:43,516] {logging_mixin.py:109} INFO - [2022-07-15 00:03:43,516] {dagbag.py:500} INFO - Filling up the DagBag from /home/airflow/.local/lib/python3.7/site-packages/airflow/example_dags/example_branch_python_dop_operator_3.py
[2022-07-15 00:03:43,604] {processor.py:632} INFO - DAG(s) dict_keys(['example_branch_dop_operator_v3']) retrieved from /home/airflow/.local/lib/python3.7/site-packages/airflow/example_dags/example_branch_python_dop_operator_3.py
[2022-07-15 00:03:43,645] {logging_mixin.py:109} INFO - [2022-07-15 00:03:43,644] {dag.py:2389} INFO - Sync 1 DAGs
[2022-07-15 00:03:43,754] {logging_mixin.py:109} INFO - [2022-07-15 00:03:43,753] {dag.py:2921} INFO - Setting next_dagrun for example_branch_dop_operator_v3 to 2022-07-15T00:02:00+00:00
[2022-07-15 00:03:43,796] {processor.py:171} INFO - Processing /home/airflow/.local/lib/python3.7/site-packages/airflow/example_dags/example_branch_python_dop_operator_3.py took 0.296 seconds
[2022-07-15 00:04:14,146] {processor.py:163} INFO - Started process (PID=3292) to work on /home/airflow/.local/lib/python3.7/site-packages/airflow/example_dags/example_branch_python_dop_operator_3.py
[2022-07-15 00:04:14,152] {processor.py:620} INFO - Processing file /home/airflow/.local/lib/python3.7/site-packages/airflow/example_dags/example_branch_python_dop_operator_3.py for tasks to queue
[2022-07-15 00:04:14,157] {logging_mixin.py:109} INFO - [2022-07-15 00:04:14,157] {dagbag.py:500} INFO - Filling up the DagBag from /home/airflow/.local/lib/python3.7/site-packages/airflow/example_dags/example_branch_python_dop_operator_3.py
[2022-07-15 00:04:14,237] {processor.py:632} INFO - DAG(s) dict_keys(['example_branch_dop_operator_v3']) retrieved from /home/airflow/.local/lib/python3.7/site-packages/airflow/example_dags/example_branch_python_dop_operator_3.py
[2022-07-15 00:04:14,277] {logging_mixin.py:109} INFO - [2022-07-15 00:04:14,277] {dag.py:2389} INFO - Sync 1 DAGs
[2022-07-15 00:04:14,382] {logging_mixin.py:109} INFO - [2022-07-15 00:04:14,382] {dag.py:2921} INFO - Setting next_dagrun for example_branch_dop_operator_v3 to 2022-07-15T00:03:00+00:00
[2022-07-15 00:04:14,416] {processor.py:171} INFO - Processing /home/airflow/.local/lib/python3.7/site-packages/airflow/example_dags/example_branch_python_dop_operator_3.py took 0.277 seconds
[2022-07-15 00:04:44,757] {processor.py:163} INFO - Started process (PID=3384) to work on /home/airflow/.local/lib/python3.7/site-packages/airflow/example_dags/example_branch_python_dop_operator_3.py
[2022-07-15 00:04:44,762] {processor.py:620} INFO - Processing file /home/airflow/.local/lib/python3.7/site-packages/airflow/example_dags/example_branch_python_dop_operator_3.py for tasks to queue
[2022-07-15 00:04:44,765] {logging_mixin.py:109} INFO - [2022-07-15 00:04:44,765] {dagbag.py:500} INFO - Filling up the DagBag from /home/airflow/.local/lib/python3.7/site-packages/airflow/example_dags/example_branch_python_dop_operator_3.py
[2022-07-15 00:04:44,846] {processor.py:632} INFO - DAG(s) dict_keys(['example_branch_dop_operator_v3']) retrieved from /home/airflow/.local/lib/python3.7/site-packages/airflow/example_dags/example_branch_python_dop_operator_3.py
[2022-07-15 00:04:44,884] {logging_mixin.py:109} INFO - [2022-07-15 00:04:44,883] {dag.py:2389} INFO - Sync 1 DAGs
[2022-07-15 00:04:44,982] {logging_mixin.py:109} INFO - [2022-07-15 00:04:44,982] {dag.py:2921} INFO - Setting next_dagrun for example_branch_dop_operator_v3 to 2022-07-15T00:03:00+00:00
[2022-07-15 00:04:45,017] {processor.py:171} INFO - Processing /home/airflow/.local/lib/python3.7/site-packages/airflow/example_dags/example_branch_python_dop_operator_3.py took 0.268 seconds
[2022-07-15 00:05:15,287] {processor.py:163} INFO - Started process (PID=3472) to work on /home/airflow/.local/lib/python3.7/site-packages/airflow/example_dags/example_branch_python_dop_operator_3.py
[2022-07-15 00:05:15,293] {processor.py:620} INFO - Processing file /home/airflow/.local/lib/python3.7/site-packages/airflow/example_dags/example_branch_python_dop_operator_3.py for tasks to queue
[2022-07-15 00:05:15,298] {logging_mixin.py:109} INFO - [2022-07-15 00:05:15,298] {dagbag.py:500} INFO - Filling up the DagBag from /home/airflow/.local/lib/python3.7/site-packages/airflow/example_dags/example_branch_python_dop_operator_3.py
[2022-07-15 00:05:15,405] {processor.py:632} INFO - DAG(s) dict_keys(['example_branch_dop_operator_v3']) retrieved from /home/airflow/.local/lib/python3.7/site-packages/airflow/example_dags/example_branch_python_dop_operator_3.py
[2022-07-15 00:05:15,450] {logging_mixin.py:109} INFO - [2022-07-15 00:05:15,449] {dag.py:2389} INFO - Sync 1 DAGs
[2022-07-15 00:05:15,572] {logging_mixin.py:109} INFO - [2022-07-15 00:05:15,572] {dag.py:2921} INFO - Setting next_dagrun for example_branch_dop_operator_v3 to 2022-07-15T00:04:00+00:00
[2022-07-15 00:05:15,605] {processor.py:171} INFO - Processing /home/airflow/.local/lib/python3.7/site-packages/airflow/example_dags/example_branch_python_dop_operator_3.py took 0.336 seconds
[2022-07-15 00:05:46,375] {processor.py:163} INFO - Started process (PID=3570) to work on /home/airflow/.local/lib/python3.7/site-packages/airflow/example_dags/example_branch_python_dop_operator_3.py
[2022-07-15 00:05:46,379] {processor.py:620} INFO - Processing file /home/airflow/.local/lib/python3.7/site-packages/airflow/example_dags/example_branch_python_dop_operator_3.py for tasks to queue
[2022-07-15 00:05:46,384] {logging_mixin.py:109} INFO - [2022-07-15 00:05:46,383] {dagbag.py:500} INFO - Filling up the DagBag from /home/airflow/.local/lib/python3.7/site-packages/airflow/example_dags/example_branch_python_dop_operator_3.py
[2022-07-15 00:05:46,464] {processor.py:632} INFO - DAG(s) dict_keys(['example_branch_dop_operator_v3']) retrieved from /home/airflow/.local/lib/python3.7/site-packages/airflow/example_dags/example_branch_python_dop_operator_3.py
[2022-07-15 00:05:46,503] {logging_mixin.py:109} INFO - [2022-07-15 00:05:46,503] {dag.py:2389} INFO - Sync 1 DAGs
[2022-07-15 00:05:46,611] {logging_mixin.py:109} INFO - [2022-07-15 00:05:46,610] {dag.py:2921} INFO - Setting next_dagrun for example_branch_dop_operator_v3 to 2022-07-15T00:04:00+00:00
[2022-07-15 00:05:46,645] {processor.py:171} INFO - Processing /home/airflow/.local/lib/python3.7/site-packages/airflow/example_dags/example_branch_python_dop_operator_3.py took 0.277 seconds
[2022-07-15 00:06:17,156] {processor.py:163} INFO - Started process (PID=3652) to work on /home/airflow/.local/lib/python3.7/site-packages/airflow/example_dags/example_branch_python_dop_operator_3.py
[2022-07-15 00:06:17,161] {processor.py:620} INFO - Processing file /home/airflow/.local/lib/python3.7/site-packages/airflow/example_dags/example_branch_python_dop_operator_3.py for tasks to queue
[2022-07-15 00:06:17,164] {logging_mixin.py:109} INFO - [2022-07-15 00:06:17,164] {dagbag.py:500} INFO - Filling up the DagBag from /home/airflow/.local/lib/python3.7/site-packages/airflow/example_dags/example_branch_python_dop_operator_3.py
[2022-07-15 00:06:17,266] {processor.py:632} INFO - DAG(s) dict_keys(['example_branch_dop_operator_v3']) retrieved from /home/airflow/.local/lib/python3.7/site-packages/airflow/example_dags/example_branch_python_dop_operator_3.py
[2022-07-15 00:06:17,307] {logging_mixin.py:109} INFO - [2022-07-15 00:06:17,307] {dag.py:2389} INFO - Sync 1 DAGs
[2022-07-15 00:06:17,431] {logging_mixin.py:109} INFO - [2022-07-15 00:06:17,430] {dag.py:2921} INFO - Setting next_dagrun for example_branch_dop_operator_v3 to 2022-07-15T00:05:00+00:00
[2022-07-15 00:06:17,498] {processor.py:171} INFO - Processing /home/airflow/.local/lib/python3.7/site-packages/airflow/example_dags/example_branch_python_dop_operator_3.py took 0.350 seconds
[2022-07-15 00:06:47,678] {processor.py:163} INFO - Started process (PID=3748) to work on /home/airflow/.local/lib/python3.7/site-packages/airflow/example_dags/example_branch_python_dop_operator_3.py
[2022-07-15 00:06:47,682] {processor.py:620} INFO - Processing file /home/airflow/.local/lib/python3.7/site-packages/airflow/example_dags/example_branch_python_dop_operator_3.py for tasks to queue
[2022-07-15 00:06:47,686] {logging_mixin.py:109} INFO - [2022-07-15 00:06:47,685] {dagbag.py:500} INFO - Filling up the DagBag from /home/airflow/.local/lib/python3.7/site-packages/airflow/example_dags/example_branch_python_dop_operator_3.py
[2022-07-15 00:06:47,773] {processor.py:632} INFO - DAG(s) dict_keys(['example_branch_dop_operator_v3']) retrieved from /home/airflow/.local/lib/python3.7/site-packages/airflow/example_dags/example_branch_python_dop_operator_3.py
[2022-07-15 00:06:47,817] {logging_mixin.py:109} INFO - [2022-07-15 00:06:47,816] {dag.py:2389} INFO - Sync 1 DAGs
[2022-07-15 00:06:47,935] {logging_mixin.py:109} INFO - [2022-07-15 00:06:47,934] {dag.py:2921} INFO - Setting next_dagrun for example_branch_dop_operator_v3 to 2022-07-15T00:05:00+00:00
[2022-07-15 00:06:47,972] {processor.py:171} INFO - Processing /home/airflow/.local/lib/python3.7/site-packages/airflow/example_dags/example_branch_python_dop_operator_3.py took 0.302 seconds
[2022-07-15 00:07:18,401] {processor.py:163} INFO - Started process (PID=3830) to work on /home/airflow/.local/lib/python3.7/site-packages/airflow/example_dags/example_branch_python_dop_operator_3.py
[2022-07-15 00:07:18,405] {processor.py:620} INFO - Processing file /home/airflow/.local/lib/python3.7/site-packages/airflow/example_dags/example_branch_python_dop_operator_3.py for tasks to queue
[2022-07-15 00:07:18,409] {logging_mixin.py:109} INFO - [2022-07-15 00:07:18,409] {dagbag.py:500} INFO - Filling up the DagBag from /home/airflow/.local/lib/python3.7/site-packages/airflow/example_dags/example_branch_python_dop_operator_3.py
[2022-07-15 00:07:18,497] {processor.py:632} INFO - DAG(s) dict_keys(['example_branch_dop_operator_v3']) retrieved from /home/airflow/.local/lib/python3.7/site-packages/airflow/example_dags/example_branch_python_dop_operator_3.py
[2022-07-15 00:07:18,535] {logging_mixin.py:109} INFO - [2022-07-15 00:07:18,535] {dag.py:2389} INFO - Sync 1 DAGs
[2022-07-15 00:07:18,625] {logging_mixin.py:109} INFO - [2022-07-15 00:07:18,625] {dag.py:2921} INFO - Setting next_dagrun for example_branch_dop_operator_v3 to 2022-07-15T00:06:00+00:00
[2022-07-15 00:07:18,654] {processor.py:171} INFO - Processing /home/airflow/.local/lib/python3.7/site-packages/airflow/example_dags/example_branch_python_dop_operator_3.py took 0.262 seconds
[2022-07-15 00:07:49,055] {processor.py:163} INFO - Started process (PID=3928) to work on /home/airflow/.local/lib/python3.7/site-packages/airflow/example_dags/example_branch_python_dop_operator_3.py
[2022-07-15 00:07:49,060] {processor.py:620} INFO - Processing file /home/airflow/.local/lib/python3.7/site-packages/airflow/example_dags/example_branch_python_dop_operator_3.py for tasks to queue
[2022-07-15 00:07:49,064] {logging_mixin.py:109} INFO - [2022-07-15 00:07:49,063] {dagbag.py:500} INFO - Filling up the DagBag from /home/airflow/.local/lib/python3.7/site-packages/airflow/example_dags/example_branch_python_dop_operator_3.py
[2022-07-15 00:07:49,167] {processor.py:632} INFO - DAG(s) dict_keys(['example_branch_dop_operator_v3']) retrieved from /home/airflow/.local/lib/python3.7/site-packages/airflow/example_dags/example_branch_python_dop_operator_3.py
[2022-07-15 00:07:49,238] {logging_mixin.py:109} INFO - [2022-07-15 00:07:49,238] {dag.py:2389} INFO - Sync 1 DAGs
[2022-07-15 00:07:49,355] {logging_mixin.py:109} INFO - [2022-07-15 00:07:49,354] {dag.py:2921} INFO - Setting next_dagrun for example_branch_dop_operator_v3 to 2022-07-15T00:06:00+00:00
[2022-07-15 00:07:49,391] {processor.py:171} INFO - Processing /home/airflow/.local/lib/python3.7/site-packages/airflow/example_dags/example_branch_python_dop_operator_3.py took 0.345 seconds
