[2022-07-15 00:00:11,848] {processor.py:163} INFO - Started process (PID=2585) to work on /home/airflow/.local/lib/python3.7/site-packages/airflow/example_dags/example_time_delta_sensor_async.py
[2022-07-15 00:00:11,856] {processor.py:620} INFO - Processing file /home/airflow/.local/lib/python3.7/site-packages/airflow/example_dags/example_time_delta_sensor_async.py for tasks to queue
[2022-07-15 00:00:11,860] {logging_mixin.py:109} INFO - [2022-07-15 00:00:11,860] {dagbag.py:500} INFO - Filling up the DagBag from /home/airflow/.local/lib/python3.7/site-packages/airflow/example_dags/example_time_delta_sensor_async.py
[2022-07-15 00:00:12,035] {processor.py:632} INFO - DAG(s) dict_keys(['example_time_delta_sensor_async']) retrieved from /home/airflow/.local/lib/python3.7/site-packages/airflow/example_dags/example_time_delta_sensor_async.py
[2022-07-15 00:00:12,077] {logging_mixin.py:109} INFO - [2022-07-15 00:00:12,077] {dag.py:2389} INFO - Sync 1 DAGs
[2022-07-15 00:00:12,142] {logging_mixin.py:109} INFO - [2022-07-15 00:00:12,141] {dag.py:2921} INFO - Setting next_dagrun for example_time_delta_sensor_async to None
[2022-07-15 00:00:12,170] {processor.py:171} INFO - Processing /home/airflow/.local/lib/python3.7/site-packages/airflow/example_dags/example_time_delta_sensor_async.py took 0.329 seconds
[2022-07-15 00:00:42,487] {processor.py:163} INFO - Started process (PID=2667) to work on /home/airflow/.local/lib/python3.7/site-packages/airflow/example_dags/example_time_delta_sensor_async.py
[2022-07-15 00:00:42,492] {processor.py:620} INFO - Processing file /home/airflow/.local/lib/python3.7/site-packages/airflow/example_dags/example_time_delta_sensor_async.py for tasks to queue
[2022-07-15 00:00:42,495] {logging_mixin.py:109} INFO - [2022-07-15 00:00:42,495] {dagbag.py:500} INFO - Filling up the DagBag from /home/airflow/.local/lib/python3.7/site-packages/airflow/example_dags/example_time_delta_sensor_async.py
[2022-07-15 00:00:42,560] {processor.py:632} INFO - DAG(s) dict_keys(['example_time_delta_sensor_async']) retrieved from /home/airflow/.local/lib/python3.7/site-packages/airflow/example_dags/example_time_delta_sensor_async.py
[2022-07-15 00:00:42,596] {logging_mixin.py:109} INFO - [2022-07-15 00:00:42,596] {dag.py:2389} INFO - Sync 1 DAGs
[2022-07-15 00:00:42,654] {logging_mixin.py:109} INFO - [2022-07-15 00:00:42,653] {dag.py:2921} INFO - Setting next_dagrun for example_time_delta_sensor_async to None
[2022-07-15 00:00:42,681] {processor.py:171} INFO - Processing /home/airflow/.local/lib/python3.7/site-packages/airflow/example_dags/example_time_delta_sensor_async.py took 0.202 seconds
[2022-07-15 00:01:13,030] {processor.py:163} INFO - Started process (PID=2763) to work on /home/airflow/.local/lib/python3.7/site-packages/airflow/example_dags/example_time_delta_sensor_async.py
[2022-07-15 00:01:13,036] {processor.py:620} INFO - Processing file /home/airflow/.local/lib/python3.7/site-packages/airflow/example_dags/example_time_delta_sensor_async.py for tasks to queue
[2022-07-15 00:01:13,040] {logging_mixin.py:109} INFO - [2022-07-15 00:01:13,040] {dagbag.py:500} INFO - Filling up the DagBag from /home/airflow/.local/lib/python3.7/site-packages/airflow/example_dags/example_time_delta_sensor_async.py
[2022-07-15 00:01:13,115] {processor.py:632} INFO - DAG(s) dict_keys(['example_time_delta_sensor_async']) retrieved from /home/airflow/.local/lib/python3.7/site-packages/airflow/example_dags/example_time_delta_sensor_async.py
[2022-07-15 00:01:13,161] {logging_mixin.py:109} INFO - [2022-07-15 00:01:13,161] {dag.py:2389} INFO - Sync 1 DAGs
[2022-07-15 00:01:13,228] {logging_mixin.py:109} INFO - [2022-07-15 00:01:13,228] {dag.py:2921} INFO - Setting next_dagrun for example_time_delta_sensor_async to None
[2022-07-15 00:01:13,258] {processor.py:171} INFO - Processing /home/airflow/.local/lib/python3.7/site-packages/airflow/example_dags/example_time_delta_sensor_async.py took 0.238 seconds
[2022-07-15 00:01:43,756] {processor.py:163} INFO - Started process (PID=2845) to work on /home/airflow/.local/lib/python3.7/site-packages/airflow/example_dags/example_time_delta_sensor_async.py
[2022-07-15 00:01:43,761] {processor.py:620} INFO - Processing file /home/airflow/.local/lib/python3.7/site-packages/airflow/example_dags/example_time_delta_sensor_async.py for tasks to queue
[2022-07-15 00:01:43,763] {logging_mixin.py:109} INFO - [2022-07-15 00:01:43,763] {dagbag.py:500} INFO - Filling up the DagBag from /home/airflow/.local/lib/python3.7/site-packages/airflow/example_dags/example_time_delta_sensor_async.py
[2022-07-15 00:01:43,828] {processor.py:632} INFO - DAG(s) dict_keys(['example_time_delta_sensor_async']) retrieved from /home/airflow/.local/lib/python3.7/site-packages/airflow/example_dags/example_time_delta_sensor_async.py
[2022-07-15 00:01:43,875] {logging_mixin.py:109} INFO - [2022-07-15 00:01:43,874] {dag.py:2389} INFO - Sync 1 DAGs
[2022-07-15 00:01:43,936] {logging_mixin.py:109} INFO - [2022-07-15 00:01:43,935] {dag.py:2921} INFO - Setting next_dagrun for example_time_delta_sensor_async to None
[2022-07-15 00:01:43,963] {processor.py:171} INFO - Processing /home/airflow/.local/lib/python3.7/site-packages/airflow/example_dags/example_time_delta_sensor_async.py took 0.213 seconds
[2022-07-15 00:02:14,429] {processor.py:163} INFO - Started process (PID=2943) to work on /home/airflow/.local/lib/python3.7/site-packages/airflow/example_dags/example_time_delta_sensor_async.py
[2022-07-15 00:02:14,440] {processor.py:620} INFO - Processing file /home/airflow/.local/lib/python3.7/site-packages/airflow/example_dags/example_time_delta_sensor_async.py for tasks to queue
[2022-07-15 00:02:14,443] {logging_mixin.py:109} INFO - [2022-07-15 00:02:14,442] {dagbag.py:500} INFO - Filling up the DagBag from /home/airflow/.local/lib/python3.7/site-packages/airflow/example_dags/example_time_delta_sensor_async.py
[2022-07-15 00:02:14,521] {processor.py:632} INFO - DAG(s) dict_keys(['example_time_delta_sensor_async']) retrieved from /home/airflow/.local/lib/python3.7/site-packages/airflow/example_dags/example_time_delta_sensor_async.py
[2022-07-15 00:02:14,566] {logging_mixin.py:109} INFO - [2022-07-15 00:02:14,566] {dag.py:2389} INFO - Sync 1 DAGs
[2022-07-15 00:02:14,628] {logging_mixin.py:109} INFO - [2022-07-15 00:02:14,628] {dag.py:2921} INFO - Setting next_dagrun for example_time_delta_sensor_async to None
[2022-07-15 00:02:14,658] {processor.py:171} INFO - Processing /home/airflow/.local/lib/python3.7/site-packages/airflow/example_dags/example_time_delta_sensor_async.py took 0.235 seconds
[2022-07-15 00:02:45,390] {processor.py:163} INFO - Started process (PID=3035) to work on /home/airflow/.local/lib/python3.7/site-packages/airflow/example_dags/example_time_delta_sensor_async.py
[2022-07-15 00:02:45,395] {processor.py:620} INFO - Processing file /home/airflow/.local/lib/python3.7/site-packages/airflow/example_dags/example_time_delta_sensor_async.py for tasks to queue
[2022-07-15 00:02:45,398] {logging_mixin.py:109} INFO - [2022-07-15 00:02:45,398] {dagbag.py:500} INFO - Filling up the DagBag from /home/airflow/.local/lib/python3.7/site-packages/airflow/example_dags/example_time_delta_sensor_async.py
[2022-07-15 00:02:45,467] {processor.py:632} INFO - DAG(s) dict_keys(['example_time_delta_sensor_async']) retrieved from /home/airflow/.local/lib/python3.7/site-packages/airflow/example_dags/example_time_delta_sensor_async.py
[2022-07-15 00:02:45,505] {logging_mixin.py:109} INFO - [2022-07-15 00:02:45,504] {dag.py:2389} INFO - Sync 1 DAGs
[2022-07-15 00:02:45,597] {logging_mixin.py:109} INFO - [2022-07-15 00:02:45,596] {dag.py:2921} INFO - Setting next_dagrun for example_time_delta_sensor_async to None
[2022-07-15 00:02:45,628] {processor.py:171} INFO - Processing /home/airflow/.local/lib/python3.7/site-packages/airflow/example_dags/example_time_delta_sensor_async.py took 0.248 seconds
[2022-07-15 00:03:15,758] {processor.py:163} INFO - Started process (PID=3121) to work on /home/airflow/.local/lib/python3.7/site-packages/airflow/example_dags/example_time_delta_sensor_async.py
[2022-07-15 00:03:15,768] {processor.py:620} INFO - Processing file /home/airflow/.local/lib/python3.7/site-packages/airflow/example_dags/example_time_delta_sensor_async.py for tasks to queue
[2022-07-15 00:03:15,776] {logging_mixin.py:109} INFO - [2022-07-15 00:03:15,775] {dagbag.py:500} INFO - Filling up the DagBag from /home/airflow/.local/lib/python3.7/site-packages/airflow/example_dags/example_time_delta_sensor_async.py
[2022-07-15 00:03:15,853] {processor.py:632} INFO - DAG(s) dict_keys(['example_time_delta_sensor_async']) retrieved from /home/airflow/.local/lib/python3.7/site-packages/airflow/example_dags/example_time_delta_sensor_async.py
[2022-07-15 00:03:15,889] {logging_mixin.py:109} INFO - [2022-07-15 00:03:15,889] {dag.py:2389} INFO - Sync 1 DAGs
[2022-07-15 00:03:15,953] {logging_mixin.py:109} INFO - [2022-07-15 00:03:15,952] {dag.py:2921} INFO - Setting next_dagrun for example_time_delta_sensor_async to None
[2022-07-15 00:03:15,984] {processor.py:171} INFO - Processing /home/airflow/.local/lib/python3.7/site-packages/airflow/example_dags/example_time_delta_sensor_async.py took 0.239 seconds
[2022-07-15 00:03:46,328] {processor.py:163} INFO - Started process (PID=3219) to work on /home/airflow/.local/lib/python3.7/site-packages/airflow/example_dags/example_time_delta_sensor_async.py
[2022-07-15 00:03:46,332] {processor.py:620} INFO - Processing file /home/airflow/.local/lib/python3.7/site-packages/airflow/example_dags/example_time_delta_sensor_async.py for tasks to queue
[2022-07-15 00:03:46,342] {logging_mixin.py:109} INFO - [2022-07-15 00:03:46,341] {dagbag.py:500} INFO - Filling up the DagBag from /home/airflow/.local/lib/python3.7/site-packages/airflow/example_dags/example_time_delta_sensor_async.py
[2022-07-15 00:03:46,449] {processor.py:632} INFO - DAG(s) dict_keys(['example_time_delta_sensor_async']) retrieved from /home/airflow/.local/lib/python3.7/site-packages/airflow/example_dags/example_time_delta_sensor_async.py
[2022-07-15 00:03:46,488] {logging_mixin.py:109} INFO - [2022-07-15 00:03:46,487] {dag.py:2389} INFO - Sync 1 DAGs
[2022-07-15 00:03:46,555] {logging_mixin.py:109} INFO - [2022-07-15 00:03:46,554] {dag.py:2921} INFO - Setting next_dagrun for example_time_delta_sensor_async to None
[2022-07-15 00:03:46,585] {processor.py:171} INFO - Processing /home/airflow/.local/lib/python3.7/site-packages/airflow/example_dags/example_time_delta_sensor_async.py took 0.265 seconds
[2022-07-15 00:04:17,214] {processor.py:163} INFO - Started process (PID=3302) to work on /home/airflow/.local/lib/python3.7/site-packages/airflow/example_dags/example_time_delta_sensor_async.py
[2022-07-15 00:04:17,220] {processor.py:620} INFO - Processing file /home/airflow/.local/lib/python3.7/site-packages/airflow/example_dags/example_time_delta_sensor_async.py for tasks to queue
[2022-07-15 00:04:17,224] {logging_mixin.py:109} INFO - [2022-07-15 00:04:17,223] {dagbag.py:500} INFO - Filling up the DagBag from /home/airflow/.local/lib/python3.7/site-packages/airflow/example_dags/example_time_delta_sensor_async.py
[2022-07-15 00:04:17,297] {processor.py:632} INFO - DAG(s) dict_keys(['example_time_delta_sensor_async']) retrieved from /home/airflow/.local/lib/python3.7/site-packages/airflow/example_dags/example_time_delta_sensor_async.py
[2022-07-15 00:04:17,390] {logging_mixin.py:109} INFO - [2022-07-15 00:04:17,389] {dag.py:2389} INFO - Sync 1 DAGs
[2022-07-15 00:04:17,458] {logging_mixin.py:109} INFO - [2022-07-15 00:04:17,458] {dag.py:2921} INFO - Setting next_dagrun for example_time_delta_sensor_async to None
[2022-07-15 00:04:17,488] {processor.py:171} INFO - Processing /home/airflow/.local/lib/python3.7/site-packages/airflow/example_dags/example_time_delta_sensor_async.py took 0.283 seconds
[2022-07-15 00:04:47,720] {processor.py:163} INFO - Started process (PID=3398) to work on /home/airflow/.local/lib/python3.7/site-packages/airflow/example_dags/example_time_delta_sensor_async.py
[2022-07-15 00:04:47,724] {processor.py:620} INFO - Processing file /home/airflow/.local/lib/python3.7/site-packages/airflow/example_dags/example_time_delta_sensor_async.py for tasks to queue
[2022-07-15 00:04:47,727] {logging_mixin.py:109} INFO - [2022-07-15 00:04:47,727] {dagbag.py:500} INFO - Filling up the DagBag from /home/airflow/.local/lib/python3.7/site-packages/airflow/example_dags/example_time_delta_sensor_async.py
[2022-07-15 00:04:47,792] {processor.py:632} INFO - DAG(s) dict_keys(['example_time_delta_sensor_async']) retrieved from /home/airflow/.local/lib/python3.7/site-packages/airflow/example_dags/example_time_delta_sensor_async.py
[2022-07-15 00:04:47,831] {logging_mixin.py:109} INFO - [2022-07-15 00:04:47,830] {dag.py:2389} INFO - Sync 1 DAGs
[2022-07-15 00:04:47,891] {logging_mixin.py:109} INFO - [2022-07-15 00:04:47,891] {dag.py:2921} INFO - Setting next_dagrun for example_time_delta_sensor_async to None
[2022-07-15 00:04:47,920] {processor.py:171} INFO - Processing /home/airflow/.local/lib/python3.7/site-packages/airflow/example_dags/example_time_delta_sensor_async.py took 0.207 seconds
[2022-07-15 00:05:18,006] {processor.py:163} INFO - Started process (PID=3480) to work on /home/airflow/.local/lib/python3.7/site-packages/airflow/example_dags/example_time_delta_sensor_async.py
[2022-07-15 00:05:18,013] {processor.py:620} INFO - Processing file /home/airflow/.local/lib/python3.7/site-packages/airflow/example_dags/example_time_delta_sensor_async.py for tasks to queue
[2022-07-15 00:05:18,016] {logging_mixin.py:109} INFO - [2022-07-15 00:05:18,016] {dagbag.py:500} INFO - Filling up the DagBag from /home/airflow/.local/lib/python3.7/site-packages/airflow/example_dags/example_time_delta_sensor_async.py
[2022-07-15 00:05:18,090] {processor.py:632} INFO - DAG(s) dict_keys(['example_time_delta_sensor_async']) retrieved from /home/airflow/.local/lib/python3.7/site-packages/airflow/example_dags/example_time_delta_sensor_async.py
[2022-07-15 00:05:18,130] {logging_mixin.py:109} INFO - [2022-07-15 00:05:18,129] {dag.py:2389} INFO - Sync 1 DAGs
[2022-07-15 00:05:18,196] {logging_mixin.py:109} INFO - [2022-07-15 00:05:18,195] {dag.py:2921} INFO - Setting next_dagrun for example_time_delta_sensor_async to None
[2022-07-15 00:05:18,235] {processor.py:171} INFO - Processing /home/airflow/.local/lib/python3.7/site-packages/airflow/example_dags/example_time_delta_sensor_async.py took 0.239 seconds
[2022-07-15 00:05:48,463] {processor.py:163} INFO - Started process (PID=3578) to work on /home/airflow/.local/lib/python3.7/site-packages/airflow/example_dags/example_time_delta_sensor_async.py
[2022-07-15 00:05:48,468] {processor.py:620} INFO - Processing file /home/airflow/.local/lib/python3.7/site-packages/airflow/example_dags/example_time_delta_sensor_async.py for tasks to queue
[2022-07-15 00:05:48,471] {logging_mixin.py:109} INFO - [2022-07-15 00:05:48,470] {dagbag.py:500} INFO - Filling up the DagBag from /home/airflow/.local/lib/python3.7/site-packages/airflow/example_dags/example_time_delta_sensor_async.py
[2022-07-15 00:05:48,543] {processor.py:632} INFO - DAG(s) dict_keys(['example_time_delta_sensor_async']) retrieved from /home/airflow/.local/lib/python3.7/site-packages/airflow/example_dags/example_time_delta_sensor_async.py
[2022-07-15 00:05:48,623] {logging_mixin.py:109} INFO - [2022-07-15 00:05:48,622] {dag.py:2389} INFO - Sync 1 DAGs
[2022-07-15 00:05:48,710] {logging_mixin.py:109} INFO - [2022-07-15 00:05:48,710] {dag.py:2921} INFO - Setting next_dagrun for example_time_delta_sensor_async to None
[2022-07-15 00:05:48,740] {processor.py:171} INFO - Processing /home/airflow/.local/lib/python3.7/site-packages/airflow/example_dags/example_time_delta_sensor_async.py took 0.286 seconds
[2022-07-15 00:06:18,964] {processor.py:163} INFO - Started process (PID=3660) to work on /home/airflow/.local/lib/python3.7/site-packages/airflow/example_dags/example_time_delta_sensor_async.py
[2022-07-15 00:06:18,967] {processor.py:620} INFO - Processing file /home/airflow/.local/lib/python3.7/site-packages/airflow/example_dags/example_time_delta_sensor_async.py for tasks to queue
[2022-07-15 00:06:18,970] {logging_mixin.py:109} INFO - [2022-07-15 00:06:18,970] {dagbag.py:500} INFO - Filling up the DagBag from /home/airflow/.local/lib/python3.7/site-packages/airflow/example_dags/example_time_delta_sensor_async.py
[2022-07-15 00:06:19,031] {processor.py:632} INFO - DAG(s) dict_keys(['example_time_delta_sensor_async']) retrieved from /home/airflow/.local/lib/python3.7/site-packages/airflow/example_dags/example_time_delta_sensor_async.py
[2022-07-15 00:06:19,066] {logging_mixin.py:109} INFO - [2022-07-15 00:06:19,066] {dag.py:2389} INFO - Sync 1 DAGs
[2022-07-15 00:06:19,115] {logging_mixin.py:109} INFO - [2022-07-15 00:06:19,115] {dag.py:2921} INFO - Setting next_dagrun for example_time_delta_sensor_async to None
[2022-07-15 00:06:19,140] {processor.py:171} INFO - Processing /home/airflow/.local/lib/python3.7/site-packages/airflow/example_dags/example_time_delta_sensor_async.py took 0.183 seconds
[2022-07-15 00:06:49,778] {processor.py:163} INFO - Started process (PID=3758) to work on /home/airflow/.local/lib/python3.7/site-packages/airflow/example_dags/example_time_delta_sensor_async.py
[2022-07-15 00:06:49,782] {processor.py:620} INFO - Processing file /home/airflow/.local/lib/python3.7/site-packages/airflow/example_dags/example_time_delta_sensor_async.py for tasks to queue
[2022-07-15 00:06:49,785] {logging_mixin.py:109} INFO - [2022-07-15 00:06:49,784] {dagbag.py:500} INFO - Filling up the DagBag from /home/airflow/.local/lib/python3.7/site-packages/airflow/example_dags/example_time_delta_sensor_async.py
[2022-07-15 00:06:49,848] {processor.py:632} INFO - DAG(s) dict_keys(['example_time_delta_sensor_async']) retrieved from /home/airflow/.local/lib/python3.7/site-packages/airflow/example_dags/example_time_delta_sensor_async.py
[2022-07-15 00:06:49,905] {logging_mixin.py:109} INFO - [2022-07-15 00:06:49,905] {dag.py:2389} INFO - Sync 1 DAGs
[2022-07-15 00:06:49,967] {logging_mixin.py:109} INFO - [2022-07-15 00:06:49,966] {dag.py:2921} INFO - Setting next_dagrun for example_time_delta_sensor_async to None
[2022-07-15 00:06:50,015] {processor.py:171} INFO - Processing /home/airflow/.local/lib/python3.7/site-packages/airflow/example_dags/example_time_delta_sensor_async.py took 0.244 seconds
[2022-07-15 00:07:21,046] {processor.py:163} INFO - Started process (PID=3840) to work on /home/airflow/.local/lib/python3.7/site-packages/airflow/example_dags/example_time_delta_sensor_async.py
[2022-07-15 00:07:21,050] {processor.py:620} INFO - Processing file /home/airflow/.local/lib/python3.7/site-packages/airflow/example_dags/example_time_delta_sensor_async.py for tasks to queue
[2022-07-15 00:07:21,053] {logging_mixin.py:109} INFO - [2022-07-15 00:07:21,053] {dagbag.py:500} INFO - Filling up the DagBag from /home/airflow/.local/lib/python3.7/site-packages/airflow/example_dags/example_time_delta_sensor_async.py
[2022-07-15 00:07:21,113] {processor.py:632} INFO - DAG(s) dict_keys(['example_time_delta_sensor_async']) retrieved from /home/airflow/.local/lib/python3.7/site-packages/airflow/example_dags/example_time_delta_sensor_async.py
[2022-07-15 00:07:21,146] {logging_mixin.py:109} INFO - [2022-07-15 00:07:21,146] {dag.py:2389} INFO - Sync 1 DAGs
[2022-07-15 00:07:21,200] {logging_mixin.py:109} INFO - [2022-07-15 00:07:21,199] {dag.py:2921} INFO - Setting next_dagrun for example_time_delta_sensor_async to None
[2022-07-15 00:07:21,230] {processor.py:171} INFO - Processing /home/airflow/.local/lib/python3.7/site-packages/airflow/example_dags/example_time_delta_sensor_async.py took 0.190 seconds
[2022-07-15 00:07:52,153] {processor.py:163} INFO - Started process (PID=3936) to work on /home/airflow/.local/lib/python3.7/site-packages/airflow/example_dags/example_time_delta_sensor_async.py
[2022-07-15 00:07:52,158] {processor.py:620} INFO - Processing file /home/airflow/.local/lib/python3.7/site-packages/airflow/example_dags/example_time_delta_sensor_async.py for tasks to queue
[2022-07-15 00:07:52,161] {logging_mixin.py:109} INFO - [2022-07-15 00:07:52,160] {dagbag.py:500} INFO - Filling up the DagBag from /home/airflow/.local/lib/python3.7/site-packages/airflow/example_dags/example_time_delta_sensor_async.py
[2022-07-15 00:07:52,231] {processor.py:632} INFO - DAG(s) dict_keys(['example_time_delta_sensor_async']) retrieved from /home/airflow/.local/lib/python3.7/site-packages/airflow/example_dags/example_time_delta_sensor_async.py
[2022-07-15 00:07:52,302] {logging_mixin.py:109} INFO - [2022-07-15 00:07:52,302] {dag.py:2389} INFO - Sync 1 DAGs
[2022-07-15 00:07:52,381] {logging_mixin.py:109} INFO - [2022-07-15 00:07:52,381] {dag.py:2921} INFO - Setting next_dagrun for example_time_delta_sensor_async to None
[2022-07-15 00:07:52,417] {processor.py:171} INFO - Processing /home/airflow/.local/lib/python3.7/site-packages/airflow/example_dags/example_time_delta_sensor_async.py took 0.279 seconds
