[2022-07-15 00:00:01,800] {processor.py:163} INFO - Started process (PID=2545) to work on /home/airflow/.local/lib/python3.7/site-packages/airflow/example_dags/example_trigger_target_dag.py
[2022-07-15 00:00:01,805] {processor.py:620} INFO - Processing file /home/airflow/.local/lib/python3.7/site-packages/airflow/example_dags/example_trigger_target_dag.py for tasks to queue
[2022-07-15 00:00:01,808] {logging_mixin.py:109} INFO - [2022-07-15 00:00:01,807] {dagbag.py:500} INFO - Filling up the DagBag from /home/airflow/.local/lib/python3.7/site-packages/airflow/example_dags/example_trigger_target_dag.py
[2022-07-15 00:00:01,878] {processor.py:632} INFO - DAG(s) dict_keys(['example_trigger_target_dag']) retrieved from /home/airflow/.local/lib/python3.7/site-packages/airflow/example_dags/example_trigger_target_dag.py
[2022-07-15 00:00:01,910] {logging_mixin.py:109} INFO - [2022-07-15 00:00:01,910] {dag.py:2389} INFO - Sync 1 DAGs
[2022-07-15 00:00:01,965] {logging_mixin.py:109} INFO - [2022-07-15 00:00:01,965] {dag.py:2921} INFO - Setting next_dagrun for example_trigger_target_dag to None
[2022-07-15 00:00:01,993] {processor.py:171} INFO - Processing /home/airflow/.local/lib/python3.7/site-packages/airflow/example_dags/example_trigger_target_dag.py took 0.200 seconds
[2022-07-15 00:00:32,203] {processor.py:163} INFO - Started process (PID=2643) to work on /home/airflow/.local/lib/python3.7/site-packages/airflow/example_dags/example_trigger_target_dag.py
[2022-07-15 00:00:32,208] {processor.py:620} INFO - Processing file /home/airflow/.local/lib/python3.7/site-packages/airflow/example_dags/example_trigger_target_dag.py for tasks to queue
[2022-07-15 00:00:32,210] {logging_mixin.py:109} INFO - [2022-07-15 00:00:32,210] {dagbag.py:500} INFO - Filling up the DagBag from /home/airflow/.local/lib/python3.7/site-packages/airflow/example_dags/example_trigger_target_dag.py
[2022-07-15 00:00:32,287] {processor.py:632} INFO - DAG(s) dict_keys(['example_trigger_target_dag']) retrieved from /home/airflow/.local/lib/python3.7/site-packages/airflow/example_dags/example_trigger_target_dag.py
[2022-07-15 00:00:32,326] {logging_mixin.py:109} INFO - [2022-07-15 00:00:32,325] {dag.py:2389} INFO - Sync 1 DAGs
[2022-07-15 00:00:32,387] {logging_mixin.py:109} INFO - [2022-07-15 00:00:32,386] {dag.py:2921} INFO - Setting next_dagrun for example_trigger_target_dag to None
[2022-07-15 00:00:32,425] {processor.py:171} INFO - Processing /home/airflow/.local/lib/python3.7/site-packages/airflow/example_dags/example_trigger_target_dag.py took 0.229 seconds
[2022-07-15 00:01:02,560] {processor.py:163} INFO - Started process (PID=2725) to work on /home/airflow/.local/lib/python3.7/site-packages/airflow/example_dags/example_trigger_target_dag.py
[2022-07-15 00:01:02,564] {processor.py:620} INFO - Processing file /home/airflow/.local/lib/python3.7/site-packages/airflow/example_dags/example_trigger_target_dag.py for tasks to queue
[2022-07-15 00:01:02,567] {logging_mixin.py:109} INFO - [2022-07-15 00:01:02,566] {dagbag.py:500} INFO - Filling up the DagBag from /home/airflow/.local/lib/python3.7/site-packages/airflow/example_dags/example_trigger_target_dag.py
[2022-07-15 00:01:02,636] {processor.py:632} INFO - DAG(s) dict_keys(['example_trigger_target_dag']) retrieved from /home/airflow/.local/lib/python3.7/site-packages/airflow/example_dags/example_trigger_target_dag.py
[2022-07-15 00:01:02,670] {logging_mixin.py:109} INFO - [2022-07-15 00:01:02,670] {dag.py:2389} INFO - Sync 1 DAGs
[2022-07-15 00:01:02,724] {logging_mixin.py:109} INFO - [2022-07-15 00:01:02,724] {dag.py:2921} INFO - Setting next_dagrun for example_trigger_target_dag to None
[2022-07-15 00:01:02,750] {processor.py:171} INFO - Processing /home/airflow/.local/lib/python3.7/site-packages/airflow/example_dags/example_trigger_target_dag.py took 0.197 seconds
[2022-07-15 00:01:33,022] {processor.py:163} INFO - Started process (PID=2823) to work on /home/airflow/.local/lib/python3.7/site-packages/airflow/example_dags/example_trigger_target_dag.py
[2022-07-15 00:01:33,028] {processor.py:620} INFO - Processing file /home/airflow/.local/lib/python3.7/site-packages/airflow/example_dags/example_trigger_target_dag.py for tasks to queue
[2022-07-15 00:01:33,033] {logging_mixin.py:109} INFO - [2022-07-15 00:01:33,032] {dagbag.py:500} INFO - Filling up the DagBag from /home/airflow/.local/lib/python3.7/site-packages/airflow/example_dags/example_trigger_target_dag.py
[2022-07-15 00:01:33,120] {processor.py:632} INFO - DAG(s) dict_keys(['example_trigger_target_dag']) retrieved from /home/airflow/.local/lib/python3.7/site-packages/airflow/example_dags/example_trigger_target_dag.py
[2022-07-15 00:01:33,166] {logging_mixin.py:109} INFO - [2022-07-15 00:01:33,165] {dag.py:2389} INFO - Sync 1 DAGs
[2022-07-15 00:01:33,236] {logging_mixin.py:109} INFO - [2022-07-15 00:01:33,235] {dag.py:2921} INFO - Setting next_dagrun for example_trigger_target_dag to None
[2022-07-15 00:01:33,296] {processor.py:171} INFO - Processing /home/airflow/.local/lib/python3.7/site-packages/airflow/example_dags/example_trigger_target_dag.py took 0.282 seconds
[2022-07-15 00:02:03,529] {processor.py:163} INFO - Started process (PID=2903) to work on /home/airflow/.local/lib/python3.7/site-packages/airflow/example_dags/example_trigger_target_dag.py
[2022-07-15 00:02:03,533] {processor.py:620} INFO - Processing file /home/airflow/.local/lib/python3.7/site-packages/airflow/example_dags/example_trigger_target_dag.py for tasks to queue
[2022-07-15 00:02:03,536] {logging_mixin.py:109} INFO - [2022-07-15 00:02:03,536] {dagbag.py:500} INFO - Filling up the DagBag from /home/airflow/.local/lib/python3.7/site-packages/airflow/example_dags/example_trigger_target_dag.py
[2022-07-15 00:02:03,612] {processor.py:632} INFO - DAG(s) dict_keys(['example_trigger_target_dag']) retrieved from /home/airflow/.local/lib/python3.7/site-packages/airflow/example_dags/example_trigger_target_dag.py
[2022-07-15 00:02:03,650] {logging_mixin.py:109} INFO - [2022-07-15 00:02:03,650] {dag.py:2389} INFO - Sync 1 DAGs
[2022-07-15 00:02:03,739] {logging_mixin.py:109} INFO - [2022-07-15 00:02:03,739] {dag.py:2921} INFO - Setting next_dagrun for example_trigger_target_dag to None
[2022-07-15 00:02:03,778] {processor.py:171} INFO - Processing /home/airflow/.local/lib/python3.7/site-packages/airflow/example_dags/example_trigger_target_dag.py took 0.257 seconds
[2022-07-15 00:02:34,592] {processor.py:163} INFO - Started process (PID=3001) to work on /home/airflow/.local/lib/python3.7/site-packages/airflow/example_dags/example_trigger_target_dag.py
[2022-07-15 00:02:34,597] {processor.py:620} INFO - Processing file /home/airflow/.local/lib/python3.7/site-packages/airflow/example_dags/example_trigger_target_dag.py for tasks to queue
[2022-07-15 00:02:34,601] {logging_mixin.py:109} INFO - [2022-07-15 00:02:34,600] {dagbag.py:500} INFO - Filling up the DagBag from /home/airflow/.local/lib/python3.7/site-packages/airflow/example_dags/example_trigger_target_dag.py
[2022-07-15 00:02:34,681] {processor.py:632} INFO - DAG(s) dict_keys(['example_trigger_target_dag']) retrieved from /home/airflow/.local/lib/python3.7/site-packages/airflow/example_dags/example_trigger_target_dag.py
[2022-07-15 00:02:34,724] {logging_mixin.py:109} INFO - [2022-07-15 00:02:34,723] {dag.py:2389} INFO - Sync 1 DAGs
[2022-07-15 00:02:34,785] {logging_mixin.py:109} INFO - [2022-07-15 00:02:34,784] {dag.py:2921} INFO - Setting next_dagrun for example_trigger_target_dag to None
[2022-07-15 00:02:34,816] {processor.py:171} INFO - Processing /home/airflow/.local/lib/python3.7/site-packages/airflow/example_dags/example_trigger_target_dag.py took 0.233 seconds
[2022-07-15 00:03:04,935] {processor.py:163} INFO - Started process (PID=3093) to work on /home/airflow/.local/lib/python3.7/site-packages/airflow/example_dags/example_trigger_target_dag.py
[2022-07-15 00:03:04,939] {processor.py:620} INFO - Processing file /home/airflow/.local/lib/python3.7/site-packages/airflow/example_dags/example_trigger_target_dag.py for tasks to queue
[2022-07-15 00:03:04,943] {logging_mixin.py:109} INFO - [2022-07-15 00:03:04,942] {dagbag.py:500} INFO - Filling up the DagBag from /home/airflow/.local/lib/python3.7/site-packages/airflow/example_dags/example_trigger_target_dag.py
[2022-07-15 00:03:05,021] {processor.py:632} INFO - DAG(s) dict_keys(['example_trigger_target_dag']) retrieved from /home/airflow/.local/lib/python3.7/site-packages/airflow/example_dags/example_trigger_target_dag.py
[2022-07-15 00:03:05,058] {logging_mixin.py:109} INFO - [2022-07-15 00:03:05,058] {dag.py:2389} INFO - Sync 1 DAGs
[2022-07-15 00:03:05,117] {logging_mixin.py:109} INFO - [2022-07-15 00:03:05,116] {dag.py:2921} INFO - Setting next_dagrun for example_trigger_target_dag to None
[2022-07-15 00:03:05,144] {processor.py:171} INFO - Processing /home/airflow/.local/lib/python3.7/site-packages/airflow/example_dags/example_trigger_target_dag.py took 0.217 seconds
[2022-07-15 00:03:35,378] {processor.py:163} INFO - Started process (PID=3181) to work on /home/airflow/.local/lib/python3.7/site-packages/airflow/example_dags/example_trigger_target_dag.py
[2022-07-15 00:03:35,383] {processor.py:620} INFO - Processing file /home/airflow/.local/lib/python3.7/site-packages/airflow/example_dags/example_trigger_target_dag.py for tasks to queue
[2022-07-15 00:03:35,388] {logging_mixin.py:109} INFO - [2022-07-15 00:03:35,388] {dagbag.py:500} INFO - Filling up the DagBag from /home/airflow/.local/lib/python3.7/site-packages/airflow/example_dags/example_trigger_target_dag.py
[2022-07-15 00:03:35,514] {processor.py:632} INFO - DAG(s) dict_keys(['example_trigger_target_dag']) retrieved from /home/airflow/.local/lib/python3.7/site-packages/airflow/example_dags/example_trigger_target_dag.py
[2022-07-15 00:03:35,662] {logging_mixin.py:109} INFO - [2022-07-15 00:03:35,661] {dag.py:2389} INFO - Sync 1 DAGs
[2022-07-15 00:03:35,768] {logging_mixin.py:109} INFO - [2022-07-15 00:03:35,767] {dag.py:2921} INFO - Setting next_dagrun for example_trigger_target_dag to None
[2022-07-15 00:03:35,796] {processor.py:171} INFO - Processing /home/airflow/.local/lib/python3.7/site-packages/airflow/example_dags/example_trigger_target_dag.py took 0.425 seconds
[2022-07-15 00:04:06,009] {processor.py:163} INFO - Started process (PID=3280) to work on /home/airflow/.local/lib/python3.7/site-packages/airflow/example_dags/example_trigger_target_dag.py
[2022-07-15 00:04:06,014] {processor.py:620} INFO - Processing file /home/airflow/.local/lib/python3.7/site-packages/airflow/example_dags/example_trigger_target_dag.py for tasks to queue
[2022-07-15 00:04:06,017] {logging_mixin.py:109} INFO - [2022-07-15 00:04:06,016] {dagbag.py:500} INFO - Filling up the DagBag from /home/airflow/.local/lib/python3.7/site-packages/airflow/example_dags/example_trigger_target_dag.py
[2022-07-15 00:04:06,093] {processor.py:632} INFO - DAG(s) dict_keys(['example_trigger_target_dag']) retrieved from /home/airflow/.local/lib/python3.7/site-packages/airflow/example_dags/example_trigger_target_dag.py
[2022-07-15 00:04:06,157] {logging_mixin.py:109} INFO - [2022-07-15 00:04:06,157] {dag.py:2389} INFO - Sync 1 DAGs
[2022-07-15 00:04:06,219] {logging_mixin.py:109} INFO - [2022-07-15 00:04:06,219] {dag.py:2921} INFO - Setting next_dagrun for example_trigger_target_dag to None
[2022-07-15 00:04:06,249] {processor.py:171} INFO - Processing /home/airflow/.local/lib/python3.7/site-packages/airflow/example_dags/example_trigger_target_dag.py took 0.246 seconds
[2022-07-15 00:04:36,328] {processor.py:163} INFO - Started process (PID=3360) to work on /home/airflow/.local/lib/python3.7/site-packages/airflow/example_dags/example_trigger_target_dag.py
[2022-07-15 00:04:36,332] {processor.py:620} INFO - Processing file /home/airflow/.local/lib/python3.7/site-packages/airflow/example_dags/example_trigger_target_dag.py for tasks to queue
[2022-07-15 00:04:36,335] {logging_mixin.py:109} INFO - [2022-07-15 00:04:36,335] {dagbag.py:500} INFO - Filling up the DagBag from /home/airflow/.local/lib/python3.7/site-packages/airflow/example_dags/example_trigger_target_dag.py
[2022-07-15 00:04:36,406] {processor.py:632} INFO - DAG(s) dict_keys(['example_trigger_target_dag']) retrieved from /home/airflow/.local/lib/python3.7/site-packages/airflow/example_dags/example_trigger_target_dag.py
[2022-07-15 00:04:36,444] {logging_mixin.py:109} INFO - [2022-07-15 00:04:36,444] {dag.py:2389} INFO - Sync 1 DAGs
[2022-07-15 00:04:36,505] {logging_mixin.py:109} INFO - [2022-07-15 00:04:36,505] {dag.py:2921} INFO - Setting next_dagrun for example_trigger_target_dag to None
[2022-07-15 00:04:36,535] {processor.py:171} INFO - Processing /home/airflow/.local/lib/python3.7/site-packages/airflow/example_dags/example_trigger_target_dag.py took 0.214 seconds
[2022-07-15 00:05:06,952] {processor.py:163} INFO - Started process (PID=3458) to work on /home/airflow/.local/lib/python3.7/site-packages/airflow/example_dags/example_trigger_target_dag.py
[2022-07-15 00:05:06,957] {processor.py:620} INFO - Processing file /home/airflow/.local/lib/python3.7/site-packages/airflow/example_dags/example_trigger_target_dag.py for tasks to queue
[2022-07-15 00:05:06,962] {logging_mixin.py:109} INFO - [2022-07-15 00:05:06,961] {dagbag.py:500} INFO - Filling up the DagBag from /home/airflow/.local/lib/python3.7/site-packages/airflow/example_dags/example_trigger_target_dag.py
[2022-07-15 00:05:07,042] {processor.py:632} INFO - DAG(s) dict_keys(['example_trigger_target_dag']) retrieved from /home/airflow/.local/lib/python3.7/site-packages/airflow/example_dags/example_trigger_target_dag.py
[2022-07-15 00:05:07,080] {logging_mixin.py:109} INFO - [2022-07-15 00:05:07,080] {dag.py:2389} INFO - Sync 1 DAGs
[2022-07-15 00:05:07,143] {logging_mixin.py:109} INFO - [2022-07-15 00:05:07,143] {dag.py:2921} INFO - Setting next_dagrun for example_trigger_target_dag to None
[2022-07-15 00:05:07,185] {processor.py:171} INFO - Processing /home/airflow/.local/lib/python3.7/site-packages/airflow/example_dags/example_trigger_target_dag.py took 0.241 seconds
[2022-07-15 00:05:37,660] {processor.py:163} INFO - Started process (PID=3540) to work on /home/airflow/.local/lib/python3.7/site-packages/airflow/example_dags/example_trigger_target_dag.py
[2022-07-15 00:05:37,665] {processor.py:620} INFO - Processing file /home/airflow/.local/lib/python3.7/site-packages/airflow/example_dags/example_trigger_target_dag.py for tasks to queue
[2022-07-15 00:05:37,668] {logging_mixin.py:109} INFO - [2022-07-15 00:05:37,667] {dagbag.py:500} INFO - Filling up the DagBag from /home/airflow/.local/lib/python3.7/site-packages/airflow/example_dags/example_trigger_target_dag.py
[2022-07-15 00:05:37,746] {processor.py:632} INFO - DAG(s) dict_keys(['example_trigger_target_dag']) retrieved from /home/airflow/.local/lib/python3.7/site-packages/airflow/example_dags/example_trigger_target_dag.py
[2022-07-15 00:05:37,786] {logging_mixin.py:109} INFO - [2022-07-15 00:05:37,785] {dag.py:2389} INFO - Sync 1 DAGs
[2022-07-15 00:05:37,854] {logging_mixin.py:109} INFO - [2022-07-15 00:05:37,853] {dag.py:2921} INFO - Setting next_dagrun for example_trigger_target_dag to None
[2022-07-15 00:05:37,886] {processor.py:171} INFO - Processing /home/airflow/.local/lib/python3.7/site-packages/airflow/example_dags/example_trigger_target_dag.py took 0.233 seconds
[2022-07-15 00:06:08,017] {processor.py:163} INFO - Started process (PID=3638) to work on /home/airflow/.local/lib/python3.7/site-packages/airflow/example_dags/example_trigger_target_dag.py
[2022-07-15 00:06:08,023] {processor.py:620} INFO - Processing file /home/airflow/.local/lib/python3.7/site-packages/airflow/example_dags/example_trigger_target_dag.py for tasks to queue
[2022-07-15 00:06:08,027] {logging_mixin.py:109} INFO - [2022-07-15 00:06:08,027] {dagbag.py:500} INFO - Filling up the DagBag from /home/airflow/.local/lib/python3.7/site-packages/airflow/example_dags/example_trigger_target_dag.py
[2022-07-15 00:06:08,113] {processor.py:632} INFO - DAG(s) dict_keys(['example_trigger_target_dag']) retrieved from /home/airflow/.local/lib/python3.7/site-packages/airflow/example_dags/example_trigger_target_dag.py
[2022-07-15 00:06:08,153] {logging_mixin.py:109} INFO - [2022-07-15 00:06:08,152] {dag.py:2389} INFO - Sync 1 DAGs
[2022-07-15 00:06:08,219] {logging_mixin.py:109} INFO - [2022-07-15 00:06:08,218] {dag.py:2921} INFO - Setting next_dagrun for example_trigger_target_dag to None
[2022-07-15 00:06:08,251] {processor.py:171} INFO - Processing /home/airflow/.local/lib/python3.7/site-packages/airflow/example_dags/example_trigger_target_dag.py took 0.253 seconds
[2022-07-15 00:06:38,481] {processor.py:163} INFO - Started process (PID=3720) to work on /home/airflow/.local/lib/python3.7/site-packages/airflow/example_dags/example_trigger_target_dag.py
[2022-07-15 00:06:38,485] {processor.py:620} INFO - Processing file /home/airflow/.local/lib/python3.7/site-packages/airflow/example_dags/example_trigger_target_dag.py for tasks to queue
[2022-07-15 00:06:38,488] {logging_mixin.py:109} INFO - [2022-07-15 00:06:38,488] {dagbag.py:500} INFO - Filling up the DagBag from /home/airflow/.local/lib/python3.7/site-packages/airflow/example_dags/example_trigger_target_dag.py
[2022-07-15 00:06:38,564] {processor.py:632} INFO - DAG(s) dict_keys(['example_trigger_target_dag']) retrieved from /home/airflow/.local/lib/python3.7/site-packages/airflow/example_dags/example_trigger_target_dag.py
[2022-07-15 00:06:38,600] {logging_mixin.py:109} INFO - [2022-07-15 00:06:38,599] {dag.py:2389} INFO - Sync 1 DAGs
[2022-07-15 00:06:38,657] {logging_mixin.py:109} INFO - [2022-07-15 00:06:38,657] {dag.py:2921} INFO - Setting next_dagrun for example_trigger_target_dag to None
[2022-07-15 00:06:38,684] {processor.py:171} INFO - Processing /home/airflow/.local/lib/python3.7/site-packages/airflow/example_dags/example_trigger_target_dag.py took 0.212 seconds
[2022-07-15 00:07:09,474] {processor.py:163} INFO - Started process (PID=3818) to work on /home/airflow/.local/lib/python3.7/site-packages/airflow/example_dags/example_trigger_target_dag.py
[2022-07-15 00:07:09,478] {processor.py:620} INFO - Processing file /home/airflow/.local/lib/python3.7/site-packages/airflow/example_dags/example_trigger_target_dag.py for tasks to queue
[2022-07-15 00:07:09,481] {logging_mixin.py:109} INFO - [2022-07-15 00:07:09,481] {dagbag.py:500} INFO - Filling up the DagBag from /home/airflow/.local/lib/python3.7/site-packages/airflow/example_dags/example_trigger_target_dag.py
[2022-07-15 00:07:09,553] {processor.py:632} INFO - DAG(s) dict_keys(['example_trigger_target_dag']) retrieved from /home/airflow/.local/lib/python3.7/site-packages/airflow/example_dags/example_trigger_target_dag.py
[2022-07-15 00:07:09,589] {logging_mixin.py:109} INFO - [2022-07-15 00:07:09,588] {dag.py:2389} INFO - Sync 1 DAGs
[2022-07-15 00:07:09,649] {logging_mixin.py:109} INFO - [2022-07-15 00:07:09,649] {dag.py:2921} INFO - Setting next_dagrun for example_trigger_target_dag to None
[2022-07-15 00:07:09,677] {processor.py:171} INFO - Processing /home/airflow/.local/lib/python3.7/site-packages/airflow/example_dags/example_trigger_target_dag.py took 0.209 seconds
[2022-07-15 00:07:40,127] {processor.py:163} INFO - Started process (PID=3900) to work on /home/airflow/.local/lib/python3.7/site-packages/airflow/example_dags/example_trigger_target_dag.py
[2022-07-15 00:07:40,132] {processor.py:620} INFO - Processing file /home/airflow/.local/lib/python3.7/site-packages/airflow/example_dags/example_trigger_target_dag.py for tasks to queue
[2022-07-15 00:07:40,135] {logging_mixin.py:109} INFO - [2022-07-15 00:07:40,135] {dagbag.py:500} INFO - Filling up the DagBag from /home/airflow/.local/lib/python3.7/site-packages/airflow/example_dags/example_trigger_target_dag.py
[2022-07-15 00:07:40,220] {processor.py:632} INFO - DAG(s) dict_keys(['example_trigger_target_dag']) retrieved from /home/airflow/.local/lib/python3.7/site-packages/airflow/example_dags/example_trigger_target_dag.py
[2022-07-15 00:07:40,258] {logging_mixin.py:109} INFO - [2022-07-15 00:07:40,258] {dag.py:2389} INFO - Sync 1 DAGs
[2022-07-15 00:07:40,317] {logging_mixin.py:109} INFO - [2022-07-15 00:07:40,317] {dag.py:2921} INFO - Setting next_dagrun for example_trigger_target_dag to None
[2022-07-15 00:07:40,345] {processor.py:171} INFO - Processing /home/airflow/.local/lib/python3.7/site-packages/airflow/example_dags/example_trigger_target_dag.py took 0.224 seconds
[2022-07-15 00:08:10,481] {processor.py:163} INFO - Started process (PID=3998) to work on /home/airflow/.local/lib/python3.7/site-packages/airflow/example_dags/example_trigger_target_dag.py
[2022-07-15 00:08:10,486] {processor.py:620} INFO - Processing file /home/airflow/.local/lib/python3.7/site-packages/airflow/example_dags/example_trigger_target_dag.py for tasks to queue
[2022-07-15 00:08:10,490] {logging_mixin.py:109} INFO - [2022-07-15 00:08:10,490] {dagbag.py:500} INFO - Filling up the DagBag from /home/airflow/.local/lib/python3.7/site-packages/airflow/example_dags/example_trigger_target_dag.py
[2022-07-15 00:08:10,566] {processor.py:632} INFO - DAG(s) dict_keys(['example_trigger_target_dag']) retrieved from /home/airflow/.local/lib/python3.7/site-packages/airflow/example_dags/example_trigger_target_dag.py
