[2022-07-15 00:00:24,240] {processor.py:163} INFO - Started process (PID=2627) to work on /home/airflow/.local/lib/python3.7/site-packages/airflow/example_dags/example_latest_only_with_trigger.py
[2022-07-15 00:00:24,244] {processor.py:620} INFO - Processing file /home/airflow/.local/lib/python3.7/site-packages/airflow/example_dags/example_latest_only_with_trigger.py for tasks to queue
[2022-07-15 00:00:24,247] {logging_mixin.py:109} INFO - [2022-07-15 00:00:24,247] {dagbag.py:500} INFO - Filling up the DagBag from /home/airflow/.local/lib/python3.7/site-packages/airflow/example_dags/example_latest_only_with_trigger.py
[2022-07-15 00:00:24,319] {processor.py:632} INFO - DAG(s) dict_keys(['latest_only_with_trigger']) retrieved from /home/airflow/.local/lib/python3.7/site-packages/airflow/example_dags/example_latest_only_with_trigger.py
[2022-07-15 00:00:24,405] {logging_mixin.py:109} INFO - [2022-07-15 00:00:24,405] {dag.py:2389} INFO - Sync 1 DAGs
[2022-07-15 00:00:24,467] {logging_mixin.py:109} INFO - [2022-07-15 00:00:24,467] {dag.py:2921} INFO - Setting next_dagrun for latest_only_with_trigger to 2022-07-14T20:00:24.465355+00:00
[2022-07-15 00:00:24,534] {processor.py:171} INFO - Processing /home/airflow/.local/lib/python3.7/site-packages/airflow/example_dags/example_latest_only_with_trigger.py took 0.301 seconds
[2022-07-15 00:00:54,714] {processor.py:163} INFO - Started process (PID=2713) to work on /home/airflow/.local/lib/python3.7/site-packages/airflow/example_dags/example_latest_only_with_trigger.py
[2022-07-15 00:00:54,718] {processor.py:620} INFO - Processing file /home/airflow/.local/lib/python3.7/site-packages/airflow/example_dags/example_latest_only_with_trigger.py for tasks to queue
[2022-07-15 00:00:54,720] {logging_mixin.py:109} INFO - [2022-07-15 00:00:54,720] {dagbag.py:500} INFO - Filling up the DagBag from /home/airflow/.local/lib/python3.7/site-packages/airflow/example_dags/example_latest_only_with_trigger.py
[2022-07-15 00:00:54,790] {processor.py:632} INFO - DAG(s) dict_keys(['latest_only_with_trigger']) retrieved from /home/airflow/.local/lib/python3.7/site-packages/airflow/example_dags/example_latest_only_with_trigger.py
[2022-07-15 00:00:54,832] {logging_mixin.py:109} INFO - [2022-07-15 00:00:54,832] {dag.py:2389} INFO - Sync 1 DAGs
[2022-07-15 00:00:54,896] {logging_mixin.py:109} INFO - [2022-07-15 00:00:54,895] {dag.py:2921} INFO - Setting next_dagrun for latest_only_with_trigger to 2022-07-14T20:00:54.894213+00:00
[2022-07-15 00:00:54,925] {processor.py:171} INFO - Processing /home/airflow/.local/lib/python3.7/site-packages/airflow/example_dags/example_latest_only_with_trigger.py took 0.219 seconds
[2022-07-15 00:01:25,185] {processor.py:163} INFO - Started process (PID=2805) to work on /home/airflow/.local/lib/python3.7/site-packages/airflow/example_dags/example_latest_only_with_trigger.py
[2022-07-15 00:01:25,189] {processor.py:620} INFO - Processing file /home/airflow/.local/lib/python3.7/site-packages/airflow/example_dags/example_latest_only_with_trigger.py for tasks to queue
[2022-07-15 00:01:25,192] {logging_mixin.py:109} INFO - [2022-07-15 00:01:25,191] {dagbag.py:500} INFO - Filling up the DagBag from /home/airflow/.local/lib/python3.7/site-packages/airflow/example_dags/example_latest_only_with_trigger.py
[2022-07-15 00:01:25,260] {processor.py:632} INFO - DAG(s) dict_keys(['latest_only_with_trigger']) retrieved from /home/airflow/.local/lib/python3.7/site-packages/airflow/example_dags/example_latest_only_with_trigger.py
[2022-07-15 00:01:25,303] {logging_mixin.py:109} INFO - [2022-07-15 00:01:25,302] {dag.py:2389} INFO - Sync 1 DAGs
[2022-07-15 00:01:25,363] {logging_mixin.py:109} INFO - [2022-07-15 00:01:25,363] {dag.py:2921} INFO - Setting next_dagrun for latest_only_with_trigger to 2022-07-14T20:01:25.361671+00:00
[2022-07-15 00:01:25,393] {processor.py:171} INFO - Processing /home/airflow/.local/lib/python3.7/site-packages/airflow/example_dags/example_latest_only_with_trigger.py took 0.214 seconds
[2022-07-15 00:01:55,958] {processor.py:163} INFO - Started process (PID=2893) to work on /home/airflow/.local/lib/python3.7/site-packages/airflow/example_dags/example_latest_only_with_trigger.py
[2022-07-15 00:01:55,964] {processor.py:620} INFO - Processing file /home/airflow/.local/lib/python3.7/site-packages/airflow/example_dags/example_latest_only_with_trigger.py for tasks to queue
[2022-07-15 00:01:55,967] {logging_mixin.py:109} INFO - [2022-07-15 00:01:55,966] {dagbag.py:500} INFO - Filling up the DagBag from /home/airflow/.local/lib/python3.7/site-packages/airflow/example_dags/example_latest_only_with_trigger.py
[2022-07-15 00:01:56,038] {processor.py:632} INFO - DAG(s) dict_keys(['latest_only_with_trigger']) retrieved from /home/airflow/.local/lib/python3.7/site-packages/airflow/example_dags/example_latest_only_with_trigger.py
[2022-07-15 00:01:56,082] {logging_mixin.py:109} INFO - [2022-07-15 00:01:56,082] {dag.py:2389} INFO - Sync 1 DAGs
[2022-07-15 00:01:56,143] {logging_mixin.py:109} INFO - [2022-07-15 00:01:56,143] {dag.py:2921} INFO - Setting next_dagrun for latest_only_with_trigger to 2022-07-14T20:01:56.141449+00:00
[2022-07-15 00:01:56,174] {processor.py:171} INFO - Processing /home/airflow/.local/lib/python3.7/site-packages/airflow/example_dags/example_latest_only_with_trigger.py took 0.223 seconds
[2022-07-15 00:02:26,669] {processor.py:163} INFO - Started process (PID=2991) to work on /home/airflow/.local/lib/python3.7/site-packages/airflow/example_dags/example_latest_only_with_trigger.py
[2022-07-15 00:02:26,674] {processor.py:620} INFO - Processing file /home/airflow/.local/lib/python3.7/site-packages/airflow/example_dags/example_latest_only_with_trigger.py for tasks to queue
[2022-07-15 00:02:26,677] {logging_mixin.py:109} INFO - [2022-07-15 00:02:26,677] {dagbag.py:500} INFO - Filling up the DagBag from /home/airflow/.local/lib/python3.7/site-packages/airflow/example_dags/example_latest_only_with_trigger.py
[2022-07-15 00:02:26,754] {processor.py:632} INFO - DAG(s) dict_keys(['latest_only_with_trigger']) retrieved from /home/airflow/.local/lib/python3.7/site-packages/airflow/example_dags/example_latest_only_with_trigger.py
[2022-07-15 00:02:26,799] {logging_mixin.py:109} INFO - [2022-07-15 00:02:26,799] {dag.py:2389} INFO - Sync 1 DAGs
[2022-07-15 00:02:26,876] {logging_mixin.py:109} INFO - [2022-07-15 00:02:26,876] {dag.py:2921} INFO - Setting next_dagrun for latest_only_with_trigger to 2022-07-14T20:02:26.874122+00:00
[2022-07-15 00:02:26,911] {processor.py:171} INFO - Processing /home/airflow/.local/lib/python3.7/site-packages/airflow/example_dags/example_latest_only_with_trigger.py took 0.249 seconds
[2022-07-15 00:02:57,250] {processor.py:163} INFO - Started process (PID=3073) to work on /home/airflow/.local/lib/python3.7/site-packages/airflow/example_dags/example_latest_only_with_trigger.py
[2022-07-15 00:02:57,255] {processor.py:620} INFO - Processing file /home/airflow/.local/lib/python3.7/site-packages/airflow/example_dags/example_latest_only_with_trigger.py for tasks to queue
[2022-07-15 00:02:57,260] {logging_mixin.py:109} INFO - [2022-07-15 00:02:57,260] {dagbag.py:500} INFO - Filling up the DagBag from /home/airflow/.local/lib/python3.7/site-packages/airflow/example_dags/example_latest_only_with_trigger.py
[2022-07-15 00:02:57,339] {processor.py:632} INFO - DAG(s) dict_keys(['latest_only_with_trigger']) retrieved from /home/airflow/.local/lib/python3.7/site-packages/airflow/example_dags/example_latest_only_with_trigger.py
[2022-07-15 00:02:57,388] {logging_mixin.py:109} INFO - [2022-07-15 00:02:57,388] {dag.py:2389} INFO - Sync 1 DAGs
[2022-07-15 00:02:57,459] {logging_mixin.py:109} INFO - [2022-07-15 00:02:57,458] {dag.py:2921} INFO - Setting next_dagrun for latest_only_with_trigger to 2022-07-14T20:02:57.456655+00:00
[2022-07-15 00:02:57,492] {processor.py:171} INFO - Processing /home/airflow/.local/lib/python3.7/site-packages/airflow/example_dags/example_latest_only_with_trigger.py took 0.250 seconds
[2022-07-15 00:03:27,741] {processor.py:163} INFO - Started process (PID=3171) to work on /home/airflow/.local/lib/python3.7/site-packages/airflow/example_dags/example_latest_only_with_trigger.py
[2022-07-15 00:03:27,747] {processor.py:620} INFO - Processing file /home/airflow/.local/lib/python3.7/site-packages/airflow/example_dags/example_latest_only_with_trigger.py for tasks to queue
[2022-07-15 00:03:27,750] {logging_mixin.py:109} INFO - [2022-07-15 00:03:27,749] {dagbag.py:500} INFO - Filling up the DagBag from /home/airflow/.local/lib/python3.7/site-packages/airflow/example_dags/example_latest_only_with_trigger.py
[2022-07-15 00:03:27,831] {processor.py:632} INFO - DAG(s) dict_keys(['latest_only_with_trigger']) retrieved from /home/airflow/.local/lib/python3.7/site-packages/airflow/example_dags/example_latest_only_with_trigger.py
[2022-07-15 00:03:27,878] {logging_mixin.py:109} INFO - [2022-07-15 00:03:27,877] {dag.py:2389} INFO - Sync 1 DAGs
[2022-07-15 00:03:27,942] {logging_mixin.py:109} INFO - [2022-07-15 00:03:27,941] {dag.py:2921} INFO - Setting next_dagrun for latest_only_with_trigger to 2022-07-14T20:03:27.940128+00:00
[2022-07-15 00:03:27,984] {processor.py:171} INFO - Processing /home/airflow/.local/lib/python3.7/site-packages/airflow/example_dags/example_latest_only_with_trigger.py took 0.252 seconds
[2022-07-15 00:03:58,407] {processor.py:163} INFO - Started process (PID=3253) to work on /home/airflow/.local/lib/python3.7/site-packages/airflow/example_dags/example_latest_only_with_trigger.py
[2022-07-15 00:03:58,411] {processor.py:620} INFO - Processing file /home/airflow/.local/lib/python3.7/site-packages/airflow/example_dags/example_latest_only_with_trigger.py for tasks to queue
[2022-07-15 00:03:58,414] {logging_mixin.py:109} INFO - [2022-07-15 00:03:58,414] {dagbag.py:500} INFO - Filling up the DagBag from /home/airflow/.local/lib/python3.7/site-packages/airflow/example_dags/example_latest_only_with_trigger.py
[2022-07-15 00:03:58,501] {processor.py:632} INFO - DAG(s) dict_keys(['latest_only_with_trigger']) retrieved from /home/airflow/.local/lib/python3.7/site-packages/airflow/example_dags/example_latest_only_with_trigger.py
[2022-07-15 00:03:58,551] {logging_mixin.py:109} INFO - [2022-07-15 00:03:58,551] {dag.py:2389} INFO - Sync 1 DAGs
[2022-07-15 00:03:58,617] {logging_mixin.py:109} INFO - [2022-07-15 00:03:58,617] {dag.py:2921} INFO - Setting next_dagrun for latest_only_with_trigger to 2022-07-14T20:03:58.615001+00:00
[2022-07-15 00:03:58,649] {processor.py:171} INFO - Processing /home/airflow/.local/lib/python3.7/site-packages/airflow/example_dags/example_latest_only_with_trigger.py took 0.250 seconds
[2022-07-15 00:04:28,712] {processor.py:163} INFO - Started process (PID=3352) to work on /home/airflow/.local/lib/python3.7/site-packages/airflow/example_dags/example_latest_only_with_trigger.py
[2022-07-15 00:04:28,717] {processor.py:620} INFO - Processing file /home/airflow/.local/lib/python3.7/site-packages/airflow/example_dags/example_latest_only_with_trigger.py for tasks to queue
[2022-07-15 00:04:28,721] {logging_mixin.py:109} INFO - [2022-07-15 00:04:28,721] {dagbag.py:500} INFO - Filling up the DagBag from /home/airflow/.local/lib/python3.7/site-packages/airflow/example_dags/example_latest_only_with_trigger.py
[2022-07-15 00:04:28,797] {processor.py:632} INFO - DAG(s) dict_keys(['latest_only_with_trigger']) retrieved from /home/airflow/.local/lib/python3.7/site-packages/airflow/example_dags/example_latest_only_with_trigger.py
[2022-07-15 00:04:28,843] {logging_mixin.py:109} INFO - [2022-07-15 00:04:28,843] {dag.py:2389} INFO - Sync 1 DAGs
[2022-07-15 00:04:28,909] {logging_mixin.py:109} INFO - [2022-07-15 00:04:28,909] {dag.py:2921} INFO - Setting next_dagrun for latest_only_with_trigger to 2022-07-14T20:04:28.907246+00:00
[2022-07-15 00:04:28,944] {processor.py:171} INFO - Processing /home/airflow/.local/lib/python3.7/site-packages/airflow/example_dags/example_latest_only_with_trigger.py took 0.241 seconds
[2022-07-15 00:04:59,389] {processor.py:163} INFO - Started process (PID=3434) to work on /home/airflow/.local/lib/python3.7/site-packages/airflow/example_dags/example_latest_only_with_trigger.py
[2022-07-15 00:04:59,392] {processor.py:620} INFO - Processing file /home/airflow/.local/lib/python3.7/site-packages/airflow/example_dags/example_latest_only_with_trigger.py for tasks to queue
[2022-07-15 00:04:59,395] {logging_mixin.py:109} INFO - [2022-07-15 00:04:59,395] {dagbag.py:500} INFO - Filling up the DagBag from /home/airflow/.local/lib/python3.7/site-packages/airflow/example_dags/example_latest_only_with_trigger.py
[2022-07-15 00:04:59,466] {processor.py:632} INFO - DAG(s) dict_keys(['latest_only_with_trigger']) retrieved from /home/airflow/.local/lib/python3.7/site-packages/airflow/example_dags/example_latest_only_with_trigger.py
[2022-07-15 00:04:59,503] {logging_mixin.py:109} INFO - [2022-07-15 00:04:59,502] {dag.py:2389} INFO - Sync 1 DAGs
[2022-07-15 00:04:59,556] {logging_mixin.py:109} INFO - [2022-07-15 00:04:59,556] {dag.py:2921} INFO - Setting next_dagrun for latest_only_with_trigger to 2022-07-14T20:04:59.554786+00:00
[2022-07-15 00:04:59,585] {processor.py:171} INFO - Processing /home/airflow/.local/lib/python3.7/site-packages/airflow/example_dags/example_latest_only_with_trigger.py took 0.203 seconds
[2022-07-15 00:05:29,822] {processor.py:163} INFO - Started process (PID=3532) to work on /home/airflow/.local/lib/python3.7/site-packages/airflow/example_dags/example_latest_only_with_trigger.py
[2022-07-15 00:05:29,827] {processor.py:620} INFO - Processing file /home/airflow/.local/lib/python3.7/site-packages/airflow/example_dags/example_latest_only_with_trigger.py for tasks to queue
[2022-07-15 00:05:29,830] {logging_mixin.py:109} INFO - [2022-07-15 00:05:29,830] {dagbag.py:500} INFO - Filling up the DagBag from /home/airflow/.local/lib/python3.7/site-packages/airflow/example_dags/example_latest_only_with_trigger.py
[2022-07-15 00:05:29,899] {processor.py:632} INFO - DAG(s) dict_keys(['latest_only_with_trigger']) retrieved from /home/airflow/.local/lib/python3.7/site-packages/airflow/example_dags/example_latest_only_with_trigger.py
[2022-07-15 00:05:29,945] {logging_mixin.py:109} INFO - [2022-07-15 00:05:29,945] {dag.py:2389} INFO - Sync 1 DAGs
[2022-07-15 00:05:30,004] {logging_mixin.py:109} INFO - [2022-07-15 00:05:30,003] {dag.py:2921} INFO - Setting next_dagrun for latest_only_with_trigger to 2022-07-14T20:05:30.002215+00:00
[2022-07-15 00:05:30,036] {processor.py:171} INFO - Processing /home/airflow/.local/lib/python3.7/site-packages/airflow/example_dags/example_latest_only_with_trigger.py took 0.220 seconds
[2022-07-15 00:06:00,446] {processor.py:163} INFO - Started process (PID=3612) to work on /home/airflow/.local/lib/python3.7/site-packages/airflow/example_dags/example_latest_only_with_trigger.py
[2022-07-15 00:06:00,449] {processor.py:620} INFO - Processing file /home/airflow/.local/lib/python3.7/site-packages/airflow/example_dags/example_latest_only_with_trigger.py for tasks to queue
[2022-07-15 00:06:00,452] {logging_mixin.py:109} INFO - [2022-07-15 00:06:00,452] {dagbag.py:500} INFO - Filling up the DagBag from /home/airflow/.local/lib/python3.7/site-packages/airflow/example_dags/example_latest_only_with_trigger.py
[2022-07-15 00:06:00,520] {processor.py:632} INFO - DAG(s) dict_keys(['latest_only_with_trigger']) retrieved from /home/airflow/.local/lib/python3.7/site-packages/airflow/example_dags/example_latest_only_with_trigger.py
[2022-07-15 00:06:00,562] {logging_mixin.py:109} INFO - [2022-07-15 00:06:00,561] {dag.py:2389} INFO - Sync 1 DAGs
[2022-07-15 00:06:00,617] {logging_mixin.py:109} INFO - [2022-07-15 00:06:00,616] {dag.py:2921} INFO - Setting next_dagrun for latest_only_with_trigger to 2022-07-14T20:06:00.615228+00:00
[2022-07-15 00:06:00,645] {processor.py:171} INFO - Processing /home/airflow/.local/lib/python3.7/site-packages/airflow/example_dags/example_latest_only_with_trigger.py took 0.207 seconds
[2022-07-15 00:06:30,829] {processor.py:163} INFO - Started process (PID=3710) to work on /home/airflow/.local/lib/python3.7/site-packages/airflow/example_dags/example_latest_only_with_trigger.py
[2022-07-15 00:06:30,833] {processor.py:620} INFO - Processing file /home/airflow/.local/lib/python3.7/site-packages/airflow/example_dags/example_latest_only_with_trigger.py for tasks to queue
[2022-07-15 00:06:30,838] {logging_mixin.py:109} INFO - [2022-07-15 00:06:30,837] {dagbag.py:500} INFO - Filling up the DagBag from /home/airflow/.local/lib/python3.7/site-packages/airflow/example_dags/example_latest_only_with_trigger.py
[2022-07-15 00:06:30,910] {processor.py:632} INFO - DAG(s) dict_keys(['latest_only_with_trigger']) retrieved from /home/airflow/.local/lib/python3.7/site-packages/airflow/example_dags/example_latest_only_with_trigger.py
[2022-07-15 00:06:30,953] {logging_mixin.py:109} INFO - [2022-07-15 00:06:30,952] {dag.py:2389} INFO - Sync 1 DAGs
[2022-07-15 00:06:31,016] {logging_mixin.py:109} INFO - [2022-07-15 00:06:31,015] {dag.py:2921} INFO - Setting next_dagrun for latest_only_with_trigger to 2022-07-14T20:06:31.014100+00:00
[2022-07-15 00:06:31,047] {processor.py:171} INFO - Processing /home/airflow/.local/lib/python3.7/site-packages/airflow/example_dags/example_latest_only_with_trigger.py took 0.226 seconds
[2022-07-15 00:07:01,660] {processor.py:163} INFO - Started process (PID=3790) to work on /home/airflow/.local/lib/python3.7/site-packages/airflow/example_dags/example_latest_only_with_trigger.py
[2022-07-15 00:07:01,664] {processor.py:620} INFO - Processing file /home/airflow/.local/lib/python3.7/site-packages/airflow/example_dags/example_latest_only_with_trigger.py for tasks to queue
[2022-07-15 00:07:01,667] {logging_mixin.py:109} INFO - [2022-07-15 00:07:01,667] {dagbag.py:500} INFO - Filling up the DagBag from /home/airflow/.local/lib/python3.7/site-packages/airflow/example_dags/example_latest_only_with_trigger.py
[2022-07-15 00:07:01,729] {processor.py:632} INFO - DAG(s) dict_keys(['latest_only_with_trigger']) retrieved from /home/airflow/.local/lib/python3.7/site-packages/airflow/example_dags/example_latest_only_with_trigger.py
[2022-07-15 00:07:01,768] {logging_mixin.py:109} INFO - [2022-07-15 00:07:01,768] {dag.py:2389} INFO - Sync 1 DAGs
[2022-07-15 00:07:01,825] {logging_mixin.py:109} INFO - [2022-07-15 00:07:01,824] {dag.py:2921} INFO - Setting next_dagrun for latest_only_with_trigger to 2022-07-14T20:07:01.822428+00:00
[2022-07-15 00:07:01,870] {processor.py:171} INFO - Processing /home/airflow/.local/lib/python3.7/site-packages/airflow/example_dags/example_latest_only_with_trigger.py took 0.217 seconds
[2022-07-15 00:07:32,779] {processor.py:163} INFO - Started process (PID=3888) to work on /home/airflow/.local/lib/python3.7/site-packages/airflow/example_dags/example_latest_only_with_trigger.py
[2022-07-15 00:07:32,783] {processor.py:620} INFO - Processing file /home/airflow/.local/lib/python3.7/site-packages/airflow/example_dags/example_latest_only_with_trigger.py for tasks to queue
[2022-07-15 00:07:32,786] {logging_mixin.py:109} INFO - [2022-07-15 00:07:32,785] {dagbag.py:500} INFO - Filling up the DagBag from /home/airflow/.local/lib/python3.7/site-packages/airflow/example_dags/example_latest_only_with_trigger.py
[2022-07-15 00:07:32,854] {processor.py:632} INFO - DAG(s) dict_keys(['latest_only_with_trigger']) retrieved from /home/airflow/.local/lib/python3.7/site-packages/airflow/example_dags/example_latest_only_with_trigger.py
[2022-07-15 00:07:32,894] {logging_mixin.py:109} INFO - [2022-07-15 00:07:32,894] {dag.py:2389} INFO - Sync 1 DAGs
[2022-07-15 00:07:32,953] {logging_mixin.py:109} INFO - [2022-07-15 00:07:32,953] {dag.py:2921} INFO - Setting next_dagrun for latest_only_with_trigger to 2022-07-14T20:07:32.951516+00:00
[2022-07-15 00:07:32,987] {processor.py:171} INFO - Processing /home/airflow/.local/lib/python3.7/site-packages/airflow/example_dags/example_latest_only_with_trigger.py took 0.214 seconds
[2022-07-15 00:08:03,270] {processor.py:163} INFO - Started process (PID=3970) to work on /home/airflow/.local/lib/python3.7/site-packages/airflow/example_dags/example_latest_only_with_trigger.py
[2022-07-15 00:08:03,274] {processor.py:620} INFO - Processing file /home/airflow/.local/lib/python3.7/site-packages/airflow/example_dags/example_latest_only_with_trigger.py for tasks to queue
[2022-07-15 00:08:03,277] {logging_mixin.py:109} INFO - [2022-07-15 00:08:03,277] {dagbag.py:500} INFO - Filling up the DagBag from /home/airflow/.local/lib/python3.7/site-packages/airflow/example_dags/example_latest_only_with_trigger.py
[2022-07-15 00:08:03,353] {processor.py:632} INFO - DAG(s) dict_keys(['latest_only_with_trigger']) retrieved from /home/airflow/.local/lib/python3.7/site-packages/airflow/example_dags/example_latest_only_with_trigger.py
[2022-07-15 00:08:03,395] {logging_mixin.py:109} INFO - [2022-07-15 00:08:03,395] {dag.py:2389} INFO - Sync 1 DAGs
[2022-07-15 00:08:03,453] {logging_mixin.py:109} INFO - [2022-07-15 00:08:03,453] {dag.py:2921} INFO - Setting next_dagrun for latest_only_with_trigger to 2022-07-14T20:08:03.451497+00:00
[2022-07-15 00:08:03,482] {processor.py:171} INFO - Processing /home/airflow/.local/lib/python3.7/site-packages/airflow/example_dags/example_latest_only_with_trigger.py took 0.219 seconds
