[2022-07-15 00:00:02,926] {processor.py:163} INFO - Started process (PID=2547) to work on /home/airflow/.local/lib/python3.7/site-packages/airflow/example_dags/example_task_group_decorator.py
[2022-07-15 00:00:02,930] {processor.py:620} INFO - Processing file /home/airflow/.local/lib/python3.7/site-packages/airflow/example_dags/example_task_group_decorator.py for tasks to queue
[2022-07-15 00:00:02,933] {logging_mixin.py:109} INFO - [2022-07-15 00:00:02,933] {dagbag.py:500} INFO - Filling up the DagBag from /home/airflow/.local/lib/python3.7/site-packages/airflow/example_dags/example_task_group_decorator.py
[2022-07-15 00:00:03,083] {processor.py:632} INFO - DAG(s) dict_keys(['example_task_group_decorator']) retrieved from /home/airflow/.local/lib/python3.7/site-packages/airflow/example_dags/example_task_group_decorator.py
[2022-07-15 00:00:04,157] {logging_mixin.py:109} INFO - [2022-07-15 00:00:04,157] {dag.py:2389} INFO - Sync 1 DAGs
[2022-07-15 00:00:04,223] {logging_mixin.py:109} INFO - [2022-07-15 00:00:04,222] {dag.py:2921} INFO - Setting next_dagrun for example_task_group_decorator to 2022-07-14T00:00:04.220208+00:00
[2022-07-15 00:00:04,259] {processor.py:171} INFO - Processing /home/airflow/.local/lib/python3.7/site-packages/airflow/example_dags/example_task_group_decorator.py took 1.340 seconds
[2022-07-15 00:00:34,440] {processor.py:163} INFO - Started process (PID=2645) to work on /home/airflow/.local/lib/python3.7/site-packages/airflow/example_dags/example_task_group_decorator.py
[2022-07-15 00:00:34,447] {processor.py:620} INFO - Processing file /home/airflow/.local/lib/python3.7/site-packages/airflow/example_dags/example_task_group_decorator.py for tasks to queue
[2022-07-15 00:00:34,450] {logging_mixin.py:109} INFO - [2022-07-15 00:00:34,450] {dagbag.py:500} INFO - Filling up the DagBag from /home/airflow/.local/lib/python3.7/site-packages/airflow/example_dags/example_task_group_decorator.py
[2022-07-15 00:00:34,608] {processor.py:632} INFO - DAG(s) dict_keys(['example_task_group_decorator']) retrieved from /home/airflow/.local/lib/python3.7/site-packages/airflow/example_dags/example_task_group_decorator.py
[2022-07-15 00:00:35,749] {logging_mixin.py:109} INFO - [2022-07-15 00:00:35,749] {dag.py:2389} INFO - Sync 1 DAGs
[2022-07-15 00:00:35,809] {logging_mixin.py:109} INFO - [2022-07-15 00:00:35,809] {dag.py:2921} INFO - Setting next_dagrun for example_task_group_decorator to 2022-07-14T00:00:35.807391+00:00
[2022-07-15 00:00:35,847] {processor.py:171} INFO - Processing /home/airflow/.local/lib/python3.7/site-packages/airflow/example_dags/example_task_group_decorator.py took 1.415 seconds
[2022-07-15 00:01:06,054] {processor.py:163} INFO - Started process (PID=2745) to work on /home/airflow/.local/lib/python3.7/site-packages/airflow/example_dags/example_task_group_decorator.py
[2022-07-15 00:01:06,058] {processor.py:620} INFO - Processing file /home/airflow/.local/lib/python3.7/site-packages/airflow/example_dags/example_task_group_decorator.py for tasks to queue
[2022-07-15 00:01:06,061] {logging_mixin.py:109} INFO - [2022-07-15 00:01:06,061] {dagbag.py:500} INFO - Filling up the DagBag from /home/airflow/.local/lib/python3.7/site-packages/airflow/example_dags/example_task_group_decorator.py
[2022-07-15 00:01:06,217] {processor.py:632} INFO - DAG(s) dict_keys(['example_task_group_decorator']) retrieved from /home/airflow/.local/lib/python3.7/site-packages/airflow/example_dags/example_task_group_decorator.py
[2022-07-15 00:01:07,405] {logging_mixin.py:109} INFO - [2022-07-15 00:01:07,404] {dag.py:2389} INFO - Sync 1 DAGs
[2022-07-15 00:01:07,470] {logging_mixin.py:109} INFO - [2022-07-15 00:01:07,469] {dag.py:2921} INFO - Setting next_dagrun for example_task_group_decorator to 2022-07-14T00:01:07.467706+00:00
[2022-07-15 00:01:07,511] {processor.py:171} INFO - Processing /home/airflow/.local/lib/python3.7/site-packages/airflow/example_dags/example_task_group_decorator.py took 1.464 seconds
[2022-07-15 00:01:37,591] {processor.py:163} INFO - Started process (PID=2827) to work on /home/airflow/.local/lib/python3.7/site-packages/airflow/example_dags/example_task_group_decorator.py
[2022-07-15 00:01:37,596] {processor.py:620} INFO - Processing file /home/airflow/.local/lib/python3.7/site-packages/airflow/example_dags/example_task_group_decorator.py for tasks to queue
[2022-07-15 00:01:37,599] {logging_mixin.py:109} INFO - [2022-07-15 00:01:37,599] {dagbag.py:500} INFO - Filling up the DagBag from /home/airflow/.local/lib/python3.7/site-packages/airflow/example_dags/example_task_group_decorator.py
[2022-07-15 00:01:37,755] {processor.py:632} INFO - DAG(s) dict_keys(['example_task_group_decorator']) retrieved from /home/airflow/.local/lib/python3.7/site-packages/airflow/example_dags/example_task_group_decorator.py
[2022-07-15 00:01:38,861] {logging_mixin.py:109} INFO - [2022-07-15 00:01:38,861] {dag.py:2389} INFO - Sync 1 DAGs
[2022-07-15 00:01:38,916] {logging_mixin.py:109} INFO - [2022-07-15 00:01:38,916] {dag.py:2921} INFO - Setting next_dagrun for example_task_group_decorator to 2022-07-14T00:01:38.914526+00:00
[2022-07-15 00:01:38,952] {processor.py:171} INFO - Processing /home/airflow/.local/lib/python3.7/site-packages/airflow/example_dags/example_task_group_decorator.py took 1.373 seconds
[2022-07-15 00:02:09,122] {processor.py:163} INFO - Started process (PID=2925) to work on /home/airflow/.local/lib/python3.7/site-packages/airflow/example_dags/example_task_group_decorator.py
[2022-07-15 00:02:09,127] {processor.py:620} INFO - Processing file /home/airflow/.local/lib/python3.7/site-packages/airflow/example_dags/example_task_group_decorator.py for tasks to queue
[2022-07-15 00:02:09,139] {logging_mixin.py:109} INFO - [2022-07-15 00:02:09,138] {dagbag.py:500} INFO - Filling up the DagBag from /home/airflow/.local/lib/python3.7/site-packages/airflow/example_dags/example_task_group_decorator.py
[2022-07-15 00:02:09,295] {processor.py:632} INFO - DAG(s) dict_keys(['example_task_group_decorator']) retrieved from /home/airflow/.local/lib/python3.7/site-packages/airflow/example_dags/example_task_group_decorator.py
[2022-07-15 00:02:10,504] {logging_mixin.py:109} INFO - [2022-07-15 00:02:10,503] {dag.py:2389} INFO - Sync 1 DAGs
[2022-07-15 00:02:10,563] {logging_mixin.py:109} INFO - [2022-07-15 00:02:10,563] {dag.py:2921} INFO - Setting next_dagrun for example_task_group_decorator to 2022-07-14T00:02:10.561457+00:00
[2022-07-15 00:02:10,600] {processor.py:171} INFO - Processing /home/airflow/.local/lib/python3.7/site-packages/airflow/example_dags/example_task_group_decorator.py took 1.485 seconds
[2022-07-15 00:02:41,313] {processor.py:163} INFO - Started process (PID=3013) to work on /home/airflow/.local/lib/python3.7/site-packages/airflow/example_dags/example_task_group_decorator.py
[2022-07-15 00:02:41,317] {processor.py:620} INFO - Processing file /home/airflow/.local/lib/python3.7/site-packages/airflow/example_dags/example_task_group_decorator.py for tasks to queue
[2022-07-15 00:02:41,320] {logging_mixin.py:109} INFO - [2022-07-15 00:02:41,320] {dagbag.py:500} INFO - Filling up the DagBag from /home/airflow/.local/lib/python3.7/site-packages/airflow/example_dags/example_task_group_decorator.py
[2022-07-15 00:02:41,442] {processor.py:632} INFO - DAG(s) dict_keys(['example_task_group_decorator']) retrieved from /home/airflow/.local/lib/python3.7/site-packages/airflow/example_dags/example_task_group_decorator.py
[2022-07-15 00:02:42,518] {logging_mixin.py:109} INFO - [2022-07-15 00:02:42,518] {dag.py:2389} INFO - Sync 1 DAGs
[2022-07-15 00:02:42,575] {logging_mixin.py:109} INFO - [2022-07-15 00:02:42,575] {dag.py:2921} INFO - Setting next_dagrun for example_task_group_decorator to 2022-07-14T00:02:42.573407+00:00
[2022-07-15 00:02:42,621] {processor.py:171} INFO - Processing /home/airflow/.local/lib/python3.7/site-packages/airflow/example_dags/example_task_group_decorator.py took 1.315 seconds
[2022-07-15 00:03:12,830] {processor.py:163} INFO - Started process (PID=3111) to work on /home/airflow/.local/lib/python3.7/site-packages/airflow/example_dags/example_task_group_decorator.py
[2022-07-15 00:03:12,836] {processor.py:620} INFO - Processing file /home/airflow/.local/lib/python3.7/site-packages/airflow/example_dags/example_task_group_decorator.py for tasks to queue
[2022-07-15 00:03:12,840] {logging_mixin.py:109} INFO - [2022-07-15 00:03:12,839] {dagbag.py:500} INFO - Filling up the DagBag from /home/airflow/.local/lib/python3.7/site-packages/airflow/example_dags/example_task_group_decorator.py
[2022-07-15 00:03:13,034] {processor.py:632} INFO - DAG(s) dict_keys(['example_task_group_decorator']) retrieved from /home/airflow/.local/lib/python3.7/site-packages/airflow/example_dags/example_task_group_decorator.py
[2022-07-15 00:03:14,268] {logging_mixin.py:109} INFO - [2022-07-15 00:03:14,267] {dag.py:2389} INFO - Sync 1 DAGs
[2022-07-15 00:03:14,334] {logging_mixin.py:109} INFO - [2022-07-15 00:03:14,333] {dag.py:2921} INFO - Setting next_dagrun for example_task_group_decorator to 2022-07-14T00:03:14.332090+00:00
[2022-07-15 00:03:14,374] {processor.py:171} INFO - Processing /home/airflow/.local/lib/python3.7/site-packages/airflow/example_dags/example_task_group_decorator.py took 1.553 seconds
[2022-07-15 00:03:44,631] {processor.py:163} INFO - Started process (PID=3205) to work on /home/airflow/.local/lib/python3.7/site-packages/airflow/example_dags/example_task_group_decorator.py
[2022-07-15 00:03:44,636] {processor.py:620} INFO - Processing file /home/airflow/.local/lib/python3.7/site-packages/airflow/example_dags/example_task_group_decorator.py for tasks to queue
[2022-07-15 00:03:44,639] {logging_mixin.py:109} INFO - [2022-07-15 00:03:44,639] {dagbag.py:500} INFO - Filling up the DagBag from /home/airflow/.local/lib/python3.7/site-packages/airflow/example_dags/example_task_group_decorator.py
[2022-07-15 00:03:44,801] {processor.py:632} INFO - DAG(s) dict_keys(['example_task_group_decorator']) retrieved from /home/airflow/.local/lib/python3.7/site-packages/airflow/example_dags/example_task_group_decorator.py
[2022-07-15 00:03:45,958] {logging_mixin.py:109} INFO - [2022-07-15 00:03:45,958] {dag.py:2389} INFO - Sync 1 DAGs
[2022-07-15 00:03:46,026] {logging_mixin.py:109} INFO - [2022-07-15 00:03:46,025] {dag.py:2921} INFO - Setting next_dagrun for example_task_group_decorator to 2022-07-14T00:03:46.024286+00:00
[2022-07-15 00:03:46,066] {processor.py:171} INFO - Processing /home/airflow/.local/lib/python3.7/site-packages/airflow/example_dags/example_task_group_decorator.py took 1.442 seconds
[2022-07-15 00:04:16,213] {processor.py:163} INFO - Started process (PID=3296) to work on /home/airflow/.local/lib/python3.7/site-packages/airflow/example_dags/example_task_group_decorator.py
[2022-07-15 00:04:16,218] {processor.py:620} INFO - Processing file /home/airflow/.local/lib/python3.7/site-packages/airflow/example_dags/example_task_group_decorator.py for tasks to queue
[2022-07-15 00:04:16,222] {logging_mixin.py:109} INFO - [2022-07-15 00:04:16,221] {dagbag.py:500} INFO - Filling up the DagBag from /home/airflow/.local/lib/python3.7/site-packages/airflow/example_dags/example_task_group_decorator.py
[2022-07-15 00:04:16,369] {processor.py:632} INFO - DAG(s) dict_keys(['example_task_group_decorator']) retrieved from /home/airflow/.local/lib/python3.7/site-packages/airflow/example_dags/example_task_group_decorator.py
[2022-07-15 00:04:17,789] {logging_mixin.py:109} INFO - [2022-07-15 00:04:17,788] {dag.py:2389} INFO - Sync 1 DAGs
[2022-07-15 00:04:17,858] {logging_mixin.py:109} INFO - [2022-07-15 00:04:17,857] {dag.py:2921} INFO - Setting next_dagrun for example_task_group_decorator to 2022-07-14T00:04:17.856335+00:00
[2022-07-15 00:04:17,924] {processor.py:171} INFO - Processing /home/airflow/.local/lib/python3.7/site-packages/airflow/example_dags/example_task_group_decorator.py took 1.718 seconds
[2022-07-15 00:04:48,257] {processor.py:163} INFO - Started process (PID=3402) to work on /home/airflow/.local/lib/python3.7/site-packages/airflow/example_dags/example_task_group_decorator.py
[2022-07-15 00:04:48,261] {processor.py:620} INFO - Processing file /home/airflow/.local/lib/python3.7/site-packages/airflow/example_dags/example_task_group_decorator.py for tasks to queue
[2022-07-15 00:04:48,266] {logging_mixin.py:109} INFO - [2022-07-15 00:04:48,265] {dagbag.py:500} INFO - Filling up the DagBag from /home/airflow/.local/lib/python3.7/site-packages/airflow/example_dags/example_task_group_decorator.py
[2022-07-15 00:04:48,431] {processor.py:632} INFO - DAG(s) dict_keys(['example_task_group_decorator']) retrieved from /home/airflow/.local/lib/python3.7/site-packages/airflow/example_dags/example_task_group_decorator.py
[2022-07-15 00:04:49,722] {logging_mixin.py:109} INFO - [2022-07-15 00:04:49,721] {dag.py:2389} INFO - Sync 1 DAGs
[2022-07-15 00:04:49,781] {logging_mixin.py:109} INFO - [2022-07-15 00:04:49,781] {dag.py:2921} INFO - Setting next_dagrun for example_task_group_decorator to 2022-07-14T00:04:49.779265+00:00
[2022-07-15 00:04:49,818] {processor.py:171} INFO - Processing /home/airflow/.local/lib/python3.7/site-packages/airflow/example_dags/example_task_group_decorator.py took 1.570 seconds
[2022-07-15 00:05:20,138] {processor.py:163} INFO - Started process (PID=3492) to work on /home/airflow/.local/lib/python3.7/site-packages/airflow/example_dags/example_task_group_decorator.py
[2022-07-15 00:05:20,142] {processor.py:620} INFO - Processing file /home/airflow/.local/lib/python3.7/site-packages/airflow/example_dags/example_task_group_decorator.py for tasks to queue
[2022-07-15 00:05:20,145] {logging_mixin.py:109} INFO - [2022-07-15 00:05:20,144] {dagbag.py:500} INFO - Filling up the DagBag from /home/airflow/.local/lib/python3.7/site-packages/airflow/example_dags/example_task_group_decorator.py
[2022-07-15 00:05:20,306] {processor.py:632} INFO - DAG(s) dict_keys(['example_task_group_decorator']) retrieved from /home/airflow/.local/lib/python3.7/site-packages/airflow/example_dags/example_task_group_decorator.py
[2022-07-15 00:05:21,295] {logging_mixin.py:109} INFO - [2022-07-15 00:05:21,295] {dag.py:2389} INFO - Sync 1 DAGs
[2022-07-15 00:05:21,360] {logging_mixin.py:109} INFO - [2022-07-15 00:05:21,359] {dag.py:2921} INFO - Setting next_dagrun for example_task_group_decorator to 2022-07-14T00:05:21.357746+00:00
[2022-07-15 00:05:21,396] {processor.py:171} INFO - Processing /home/airflow/.local/lib/python3.7/site-packages/airflow/example_dags/example_task_group_decorator.py took 1.266 seconds
[2022-07-15 00:05:51,733] {processor.py:163} INFO - Started process (PID=3596) to work on /home/airflow/.local/lib/python3.7/site-packages/airflow/example_dags/example_task_group_decorator.py
[2022-07-15 00:05:51,738] {processor.py:620} INFO - Processing file /home/airflow/.local/lib/python3.7/site-packages/airflow/example_dags/example_task_group_decorator.py for tasks to queue
[2022-07-15 00:05:51,741] {logging_mixin.py:109} INFO - [2022-07-15 00:05:51,740] {dagbag.py:500} INFO - Filling up the DagBag from /home/airflow/.local/lib/python3.7/site-packages/airflow/example_dags/example_task_group_decorator.py
[2022-07-15 00:05:51,910] {processor.py:632} INFO - DAG(s) dict_keys(['example_task_group_decorator']) retrieved from /home/airflow/.local/lib/python3.7/site-packages/airflow/example_dags/example_task_group_decorator.py
[2022-07-15 00:05:53,093] {logging_mixin.py:109} INFO - [2022-07-15 00:05:53,092] {dag.py:2389} INFO - Sync 1 DAGs
[2022-07-15 00:05:53,156] {logging_mixin.py:109} INFO - [2022-07-15 00:05:53,156] {dag.py:2921} INFO - Setting next_dagrun for example_task_group_decorator to 2022-07-14T00:05:53.154367+00:00
[2022-07-15 00:05:53,198] {processor.py:171} INFO - Processing /home/airflow/.local/lib/python3.7/site-packages/airflow/example_dags/example_task_group_decorator.py took 1.476 seconds
[2022-07-15 00:06:23,276] {processor.py:163} INFO - Started process (PID=3680) to work on /home/airflow/.local/lib/python3.7/site-packages/airflow/example_dags/example_task_group_decorator.py
[2022-07-15 00:06:23,280] {processor.py:620} INFO - Processing file /home/airflow/.local/lib/python3.7/site-packages/airflow/example_dags/example_task_group_decorator.py for tasks to queue
[2022-07-15 00:06:23,283] {logging_mixin.py:109} INFO - [2022-07-15 00:06:23,283] {dagbag.py:500} INFO - Filling up the DagBag from /home/airflow/.local/lib/python3.7/site-packages/airflow/example_dags/example_task_group_decorator.py
[2022-07-15 00:06:23,418] {processor.py:632} INFO - DAG(s) dict_keys(['example_task_group_decorator']) retrieved from /home/airflow/.local/lib/python3.7/site-packages/airflow/example_dags/example_task_group_decorator.py
[2022-07-15 00:06:24,466] {logging_mixin.py:109} INFO - [2022-07-15 00:06:24,465] {dag.py:2389} INFO - Sync 1 DAGs
[2022-07-15 00:06:24,524] {logging_mixin.py:109} INFO - [2022-07-15 00:06:24,523] {dag.py:2921} INFO - Setting next_dagrun for example_task_group_decorator to 2022-07-14T00:06:24.522273+00:00
[2022-07-15 00:06:24,562] {processor.py:171} INFO - Processing /home/airflow/.local/lib/python3.7/site-packages/airflow/example_dags/example_task_group_decorator.py took 1.293 seconds
[2022-07-15 00:06:54,673] {processor.py:163} INFO - Started process (PID=3778) to work on /home/airflow/.local/lib/python3.7/site-packages/airflow/example_dags/example_task_group_decorator.py
[2022-07-15 00:06:54,679] {processor.py:620} INFO - Processing file /home/airflow/.local/lib/python3.7/site-packages/airflow/example_dags/example_task_group_decorator.py for tasks to queue
[2022-07-15 00:06:54,683] {logging_mixin.py:109} INFO - [2022-07-15 00:06:54,682] {dagbag.py:500} INFO - Filling up the DagBag from /home/airflow/.local/lib/python3.7/site-packages/airflow/example_dags/example_task_group_decorator.py
[2022-07-15 00:06:54,842] {processor.py:632} INFO - DAG(s) dict_keys(['example_task_group_decorator']) retrieved from /home/airflow/.local/lib/python3.7/site-packages/airflow/example_dags/example_task_group_decorator.py
[2022-07-15 00:06:55,965] {logging_mixin.py:109} INFO - [2022-07-15 00:06:55,964] {dag.py:2389} INFO - Sync 1 DAGs
[2022-07-15 00:06:56,023] {logging_mixin.py:109} INFO - [2022-07-15 00:06:56,022] {dag.py:2921} INFO - Setting next_dagrun for example_task_group_decorator to 2022-07-14T00:06:56.020978+00:00
[2022-07-15 00:06:56,061] {processor.py:171} INFO - Processing /home/airflow/.local/lib/python3.7/site-packages/airflow/example_dags/example_task_group_decorator.py took 1.396 seconds
[2022-07-15 00:07:26,768] {processor.py:163} INFO - Started process (PID=3876) to work on /home/airflow/.local/lib/python3.7/site-packages/airflow/example_dags/example_task_group_decorator.py
[2022-07-15 00:07:26,772] {processor.py:620} INFO - Processing file /home/airflow/.local/lib/python3.7/site-packages/airflow/example_dags/example_task_group_decorator.py for tasks to queue
[2022-07-15 00:07:26,776] {logging_mixin.py:109} INFO - [2022-07-15 00:07:26,775] {dagbag.py:500} INFO - Filling up the DagBag from /home/airflow/.local/lib/python3.7/site-packages/airflow/example_dags/example_task_group_decorator.py
[2022-07-15 00:07:26,924] {processor.py:632} INFO - DAG(s) dict_keys(['example_task_group_decorator']) retrieved from /home/airflow/.local/lib/python3.7/site-packages/airflow/example_dags/example_task_group_decorator.py
[2022-07-15 00:07:28,062] {logging_mixin.py:109} INFO - [2022-07-15 00:07:28,062] {dag.py:2389} INFO - Sync 1 DAGs
[2022-07-15 00:07:28,205] {logging_mixin.py:109} INFO - [2022-07-15 00:07:28,205] {dag.py:2921} INFO - Setting next_dagrun for example_task_group_decorator to 2022-07-14T00:07:28.203457+00:00
[2022-07-15 00:07:28,268] {processor.py:171} INFO - Processing /home/airflow/.local/lib/python3.7/site-packages/airflow/example_dags/example_task_group_decorator.py took 1.506 seconds
[2022-07-15 00:07:58,961] {processor.py:163} INFO - Started process (PID=3962) to work on /home/airflow/.local/lib/python3.7/site-packages/airflow/example_dags/example_task_group_decorator.py
[2022-07-15 00:07:58,966] {processor.py:620} INFO - Processing file /home/airflow/.local/lib/python3.7/site-packages/airflow/example_dags/example_task_group_decorator.py for tasks to queue
[2022-07-15 00:07:58,971] {logging_mixin.py:109} INFO - [2022-07-15 00:07:58,970] {dagbag.py:500} INFO - Filling up the DagBag from /home/airflow/.local/lib/python3.7/site-packages/airflow/example_dags/example_task_group_decorator.py
[2022-07-15 00:07:59,225] {processor.py:632} INFO - DAG(s) dict_keys(['example_task_group_decorator']) retrieved from /home/airflow/.local/lib/python3.7/site-packages/airflow/example_dags/example_task_group_decorator.py
[2022-07-15 00:08:00,263] {logging_mixin.py:109} INFO - [2022-07-15 00:08:00,262] {dag.py:2389} INFO - Sync 1 DAGs
[2022-07-15 00:08:00,314] {logging_mixin.py:109} INFO - [2022-07-15 00:08:00,314] {dag.py:2921} INFO - Setting next_dagrun for example_task_group_decorator to 2022-07-14T00:08:00.312563+00:00
[2022-07-15 00:08:00,357] {processor.py:171} INFO - Processing /home/airflow/.local/lib/python3.7/site-packages/airflow/example_dags/example_task_group_decorator.py took 1.404 seconds
