[2022-07-15 00:00:12,046] {processor.py:163} INFO - Started process (PID=2587) to work on /home/airflow/.local/lib/python3.7/site-packages/airflow/example_dags/example_kubernetes_executor_config.py
[2022-07-15 00:00:12,050] {processor.py:620} INFO - Processing file /home/airflow/.local/lib/python3.7/site-packages/airflow/example_dags/example_kubernetes_executor_config.py for tasks to queue
[2022-07-15 00:00:12,053] {logging_mixin.py:109} INFO - [2022-07-15 00:00:12,053] {dagbag.py:500} INFO - Filling up the DagBag from /home/airflow/.local/lib/python3.7/site-packages/airflow/example_dags/example_kubernetes_executor_config.py
[2022-07-15 00:00:12,135] {processor.py:632} INFO - DAG(s) dict_keys(['example_kubernetes_executor_config']) retrieved from /home/airflow/.local/lib/python3.7/site-packages/airflow/example_dags/example_kubernetes_executor_config.py
[2022-07-15 00:00:12,188] {logging_mixin.py:109} INFO - [2022-07-15 00:00:12,188] {dag.py:2389} INFO - Sync 1 DAGs
[2022-07-15 00:00:12,267] {logging_mixin.py:109} INFO - [2022-07-15 00:00:12,267] {dag.py:2921} INFO - Setting next_dagrun for example_kubernetes_executor_config to None
[2022-07-15 00:00:12,298] {processor.py:171} INFO - Processing /home/airflow/.local/lib/python3.7/site-packages/airflow/example_dags/example_kubernetes_executor_config.py took 0.260 seconds
[2022-07-15 00:00:42,719] {processor.py:163} INFO - Started process (PID=2669) to work on /home/airflow/.local/lib/python3.7/site-packages/airflow/example_dags/example_kubernetes_executor_config.py
[2022-07-15 00:00:42,723] {processor.py:620} INFO - Processing file /home/airflow/.local/lib/python3.7/site-packages/airflow/example_dags/example_kubernetes_executor_config.py for tasks to queue
[2022-07-15 00:00:42,726] {logging_mixin.py:109} INFO - [2022-07-15 00:00:42,725] {dagbag.py:500} INFO - Filling up the DagBag from /home/airflow/.local/lib/python3.7/site-packages/airflow/example_dags/example_kubernetes_executor_config.py
[2022-07-15 00:00:42,801] {processor.py:632} INFO - DAG(s) dict_keys(['example_kubernetes_executor_config']) retrieved from /home/airflow/.local/lib/python3.7/site-packages/airflow/example_dags/example_kubernetes_executor_config.py
[2022-07-15 00:00:42,843] {logging_mixin.py:109} INFO - [2022-07-15 00:00:42,843] {dag.py:2389} INFO - Sync 1 DAGs
[2022-07-15 00:00:42,895] {logging_mixin.py:109} INFO - [2022-07-15 00:00:42,894] {dag.py:2921} INFO - Setting next_dagrun for example_kubernetes_executor_config to None
[2022-07-15 00:00:42,919] {processor.py:171} INFO - Processing /home/airflow/.local/lib/python3.7/site-packages/airflow/example_dags/example_kubernetes_executor_config.py took 0.208 seconds
[2022-07-15 00:01:13,130] {processor.py:163} INFO - Started process (PID=2765) to work on /home/airflow/.local/lib/python3.7/site-packages/airflow/example_dags/example_kubernetes_executor_config.py
[2022-07-15 00:01:13,136] {processor.py:620} INFO - Processing file /home/airflow/.local/lib/python3.7/site-packages/airflow/example_dags/example_kubernetes_executor_config.py for tasks to queue
[2022-07-15 00:01:13,139] {logging_mixin.py:109} INFO - [2022-07-15 00:01:13,139] {dagbag.py:500} INFO - Filling up the DagBag from /home/airflow/.local/lib/python3.7/site-packages/airflow/example_dags/example_kubernetes_executor_config.py
[2022-07-15 00:01:13,219] {processor.py:632} INFO - DAG(s) dict_keys(['example_kubernetes_executor_config']) retrieved from /home/airflow/.local/lib/python3.7/site-packages/airflow/example_dags/example_kubernetes_executor_config.py
[2022-07-15 00:01:13,272] {logging_mixin.py:109} INFO - [2022-07-15 00:01:13,271] {dag.py:2389} INFO - Sync 1 DAGs
[2022-07-15 00:01:13,343] {logging_mixin.py:109} INFO - [2022-07-15 00:01:13,342] {dag.py:2921} INFO - Setting next_dagrun for example_kubernetes_executor_config to None
[2022-07-15 00:01:13,371] {processor.py:171} INFO - Processing /home/airflow/.local/lib/python3.7/site-packages/airflow/example_dags/example_kubernetes_executor_config.py took 0.249 seconds
[2022-07-15 00:01:43,886] {processor.py:163} INFO - Started process (PID=2847) to work on /home/airflow/.local/lib/python3.7/site-packages/airflow/example_dags/example_kubernetes_executor_config.py
[2022-07-15 00:01:43,891] {processor.py:620} INFO - Processing file /home/airflow/.local/lib/python3.7/site-packages/airflow/example_dags/example_kubernetes_executor_config.py for tasks to queue
[2022-07-15 00:01:43,893] {logging_mixin.py:109} INFO - [2022-07-15 00:01:43,893] {dagbag.py:500} INFO - Filling up the DagBag from /home/airflow/.local/lib/python3.7/site-packages/airflow/example_dags/example_kubernetes_executor_config.py
[2022-07-15 00:01:43,970] {processor.py:632} INFO - DAG(s) dict_keys(['example_kubernetes_executor_config']) retrieved from /home/airflow/.local/lib/python3.7/site-packages/airflow/example_dags/example_kubernetes_executor_config.py
[2022-07-15 00:01:44,022] {logging_mixin.py:109} INFO - [2022-07-15 00:01:44,022] {dag.py:2389} INFO - Sync 1 DAGs
[2022-07-15 00:01:44,084] {logging_mixin.py:109} INFO - [2022-07-15 00:01:44,083] {dag.py:2921} INFO - Setting next_dagrun for example_kubernetes_executor_config to None
[2022-07-15 00:01:44,111] {processor.py:171} INFO - Processing /home/airflow/.local/lib/python3.7/site-packages/airflow/example_dags/example_kubernetes_executor_config.py took 0.233 seconds
[2022-07-15 00:02:14,456] {processor.py:163} INFO - Started process (PID=2945) to work on /home/airflow/.local/lib/python3.7/site-packages/airflow/example_dags/example_kubernetes_executor_config.py
[2022-07-15 00:02:14,467] {processor.py:620} INFO - Processing file /home/airflow/.local/lib/python3.7/site-packages/airflow/example_dags/example_kubernetes_executor_config.py for tasks to queue
[2022-07-15 00:02:14,471] {logging_mixin.py:109} INFO - [2022-07-15 00:02:14,471] {dagbag.py:500} INFO - Filling up the DagBag from /home/airflow/.local/lib/python3.7/site-packages/airflow/example_dags/example_kubernetes_executor_config.py
[2022-07-15 00:02:14,559] {processor.py:632} INFO - DAG(s) dict_keys(['example_kubernetes_executor_config']) retrieved from /home/airflow/.local/lib/python3.7/site-packages/airflow/example_dags/example_kubernetes_executor_config.py
[2022-07-15 00:02:14,606] {logging_mixin.py:109} INFO - [2022-07-15 00:02:14,606] {dag.py:2389} INFO - Sync 1 DAGs
[2022-07-15 00:02:14,670] {logging_mixin.py:109} INFO - [2022-07-15 00:02:14,670] {dag.py:2921} INFO - Setting next_dagrun for example_kubernetes_executor_config to None
[2022-07-15 00:02:14,701] {processor.py:171} INFO - Processing /home/airflow/.local/lib/python3.7/site-packages/airflow/example_dags/example_kubernetes_executor_config.py took 0.252 seconds
[2022-07-15 00:02:45,675] {processor.py:163} INFO - Started process (PID=3037) to work on /home/airflow/.local/lib/python3.7/site-packages/airflow/example_dags/example_kubernetes_executor_config.py
[2022-07-15 00:02:45,680] {processor.py:620} INFO - Processing file /home/airflow/.local/lib/python3.7/site-packages/airflow/example_dags/example_kubernetes_executor_config.py for tasks to queue
[2022-07-15 00:02:45,686] {logging_mixin.py:109} INFO - [2022-07-15 00:02:45,686] {dagbag.py:500} INFO - Filling up the DagBag from /home/airflow/.local/lib/python3.7/site-packages/airflow/example_dags/example_kubernetes_executor_config.py
[2022-07-15 00:02:45,762] {processor.py:632} INFO - DAG(s) dict_keys(['example_kubernetes_executor_config']) retrieved from /home/airflow/.local/lib/python3.7/site-packages/airflow/example_dags/example_kubernetes_executor_config.py
[2022-07-15 00:02:45,826] {logging_mixin.py:109} INFO - [2022-07-15 00:02:45,826] {dag.py:2389} INFO - Sync 1 DAGs
[2022-07-15 00:02:45,887] {logging_mixin.py:109} INFO - [2022-07-15 00:02:45,887] {dag.py:2921} INFO - Setting next_dagrun for example_kubernetes_executor_config to None
[2022-07-15 00:02:45,917] {processor.py:171} INFO - Processing /home/airflow/.local/lib/python3.7/site-packages/airflow/example_dags/example_kubernetes_executor_config.py took 0.249 seconds
[2022-07-15 00:03:16,024] {processor.py:163} INFO - Started process (PID=3123) to work on /home/airflow/.local/lib/python3.7/site-packages/airflow/example_dags/example_kubernetes_executor_config.py
[2022-07-15 00:03:16,029] {processor.py:620} INFO - Processing file /home/airflow/.local/lib/python3.7/site-packages/airflow/example_dags/example_kubernetes_executor_config.py for tasks to queue
[2022-07-15 00:03:16,032] {logging_mixin.py:109} INFO - [2022-07-15 00:03:16,032] {dagbag.py:500} INFO - Filling up the DagBag from /home/airflow/.local/lib/python3.7/site-packages/airflow/example_dags/example_kubernetes_executor_config.py
[2022-07-15 00:03:16,108] {processor.py:632} INFO - DAG(s) dict_keys(['example_kubernetes_executor_config']) retrieved from /home/airflow/.local/lib/python3.7/site-packages/airflow/example_dags/example_kubernetes_executor_config.py
[2022-07-15 00:03:16,159] {logging_mixin.py:109} INFO - [2022-07-15 00:03:16,159] {dag.py:2389} INFO - Sync 1 DAGs
[2022-07-15 00:03:16,218] {logging_mixin.py:109} INFO - [2022-07-15 00:03:16,217] {dag.py:2921} INFO - Setting next_dagrun for example_kubernetes_executor_config to None
[2022-07-15 00:03:16,246] {processor.py:171} INFO - Processing /home/airflow/.local/lib/python3.7/site-packages/airflow/example_dags/example_kubernetes_executor_config.py took 0.228 seconds
[2022-07-15 00:03:46,470] {processor.py:163} INFO - Started process (PID=3221) to work on /home/airflow/.local/lib/python3.7/site-packages/airflow/example_dags/example_kubernetes_executor_config.py
[2022-07-15 00:03:46,479] {processor.py:620} INFO - Processing file /home/airflow/.local/lib/python3.7/site-packages/airflow/example_dags/example_kubernetes_executor_config.py for tasks to queue
[2022-07-15 00:03:46,490] {logging_mixin.py:109} INFO - [2022-07-15 00:03:46,489] {dagbag.py:500} INFO - Filling up the DagBag from /home/airflow/.local/lib/python3.7/site-packages/airflow/example_dags/example_kubernetes_executor_config.py
[2022-07-15 00:03:46,599] {processor.py:632} INFO - DAG(s) dict_keys(['example_kubernetes_executor_config']) retrieved from /home/airflow/.local/lib/python3.7/site-packages/airflow/example_dags/example_kubernetes_executor_config.py
[2022-07-15 00:03:46,699] {logging_mixin.py:109} INFO - [2022-07-15 00:03:46,699] {dag.py:2389} INFO - Sync 1 DAGs
[2022-07-15 00:03:46,763] {logging_mixin.py:109} INFO - [2022-07-15 00:03:46,763] {dag.py:2921} INFO - Setting next_dagrun for example_kubernetes_executor_config to None
[2022-07-15 00:03:46,794] {processor.py:171} INFO - Processing /home/airflow/.local/lib/python3.7/site-packages/airflow/example_dags/example_kubernetes_executor_config.py took 0.336 seconds
[2022-07-15 00:04:17,531] {processor.py:163} INFO - Started process (PID=3304) to work on /home/airflow/.local/lib/python3.7/site-packages/airflow/example_dags/example_kubernetes_executor_config.py
[2022-07-15 00:04:17,540] {processor.py:620} INFO - Processing file /home/airflow/.local/lib/python3.7/site-packages/airflow/example_dags/example_kubernetes_executor_config.py for tasks to queue
[2022-07-15 00:04:17,544] {logging_mixin.py:109} INFO - [2022-07-15 00:04:17,543] {dagbag.py:500} INFO - Filling up the DagBag from /home/airflow/.local/lib/python3.7/site-packages/airflow/example_dags/example_kubernetes_executor_config.py
[2022-07-15 00:04:17,630] {processor.py:632} INFO - DAG(s) dict_keys(['example_kubernetes_executor_config']) retrieved from /home/airflow/.local/lib/python3.7/site-packages/airflow/example_dags/example_kubernetes_executor_config.py
[2022-07-15 00:04:17,680] {logging_mixin.py:109} INFO - [2022-07-15 00:04:17,679] {dag.py:2389} INFO - Sync 1 DAGs
[2022-07-15 00:04:17,744] {logging_mixin.py:109} INFO - [2022-07-15 00:04:17,743] {dag.py:2921} INFO - Setting next_dagrun for example_kubernetes_executor_config to None
[2022-07-15 00:04:17,777] {processor.py:171} INFO - Processing /home/airflow/.local/lib/python3.7/site-packages/airflow/example_dags/example_kubernetes_executor_config.py took 0.254 seconds
[2022-07-15 00:04:47,961] {processor.py:163} INFO - Started process (PID=3400) to work on /home/airflow/.local/lib/python3.7/site-packages/airflow/example_dags/example_kubernetes_executor_config.py
[2022-07-15 00:04:47,966] {processor.py:620} INFO - Processing file /home/airflow/.local/lib/python3.7/site-packages/airflow/example_dags/example_kubernetes_executor_config.py for tasks to queue
[2022-07-15 00:04:47,970] {logging_mixin.py:109} INFO - [2022-07-15 00:04:47,970] {dagbag.py:500} INFO - Filling up the DagBag from /home/airflow/.local/lib/python3.7/site-packages/airflow/example_dags/example_kubernetes_executor_config.py
[2022-07-15 00:04:48,068] {processor.py:632} INFO - DAG(s) dict_keys(['example_kubernetes_executor_config']) retrieved from /home/airflow/.local/lib/python3.7/site-packages/airflow/example_dags/example_kubernetes_executor_config.py
[2022-07-15 00:04:48,115] {logging_mixin.py:109} INFO - [2022-07-15 00:04:48,115] {dag.py:2389} INFO - Sync 1 DAGs
[2022-07-15 00:04:48,179] {logging_mixin.py:109} INFO - [2022-07-15 00:04:48,178] {dag.py:2921} INFO - Setting next_dagrun for example_kubernetes_executor_config to None
[2022-07-15 00:04:48,210] {processor.py:171} INFO - Processing /home/airflow/.local/lib/python3.7/site-packages/airflow/example_dags/example_kubernetes_executor_config.py took 0.256 seconds
[2022-07-15 00:05:18,286] {processor.py:163} INFO - Started process (PID=3482) to work on /home/airflow/.local/lib/python3.7/site-packages/airflow/example_dags/example_kubernetes_executor_config.py
[2022-07-15 00:05:18,290] {processor.py:620} INFO - Processing file /home/airflow/.local/lib/python3.7/site-packages/airflow/example_dags/example_kubernetes_executor_config.py for tasks to queue
[2022-07-15 00:05:18,293] {logging_mixin.py:109} INFO - [2022-07-15 00:05:18,293] {dagbag.py:500} INFO - Filling up the DagBag from /home/airflow/.local/lib/python3.7/site-packages/airflow/example_dags/example_kubernetes_executor_config.py
[2022-07-15 00:05:18,374] {processor.py:632} INFO - DAG(s) dict_keys(['example_kubernetes_executor_config']) retrieved from /home/airflow/.local/lib/python3.7/site-packages/airflow/example_dags/example_kubernetes_executor_config.py
[2022-07-15 00:05:18,422] {logging_mixin.py:109} INFO - [2022-07-15 00:05:18,421] {dag.py:2389} INFO - Sync 1 DAGs
[2022-07-15 00:05:18,483] {logging_mixin.py:109} INFO - [2022-07-15 00:05:18,483] {dag.py:2921} INFO - Setting next_dagrun for example_kubernetes_executor_config to None
[2022-07-15 00:05:18,514] {processor.py:171} INFO - Processing /home/airflow/.local/lib/python3.7/site-packages/airflow/example_dags/example_kubernetes_executor_config.py took 0.236 seconds
[2022-07-15 00:05:48,796] {processor.py:163} INFO - Started process (PID=3580) to work on /home/airflow/.local/lib/python3.7/site-packages/airflow/example_dags/example_kubernetes_executor_config.py
[2022-07-15 00:05:48,801] {processor.py:620} INFO - Processing file /home/airflow/.local/lib/python3.7/site-packages/airflow/example_dags/example_kubernetes_executor_config.py for tasks to queue
[2022-07-15 00:05:48,804] {logging_mixin.py:109} INFO - [2022-07-15 00:05:48,804] {dagbag.py:500} INFO - Filling up the DagBag from /home/airflow/.local/lib/python3.7/site-packages/airflow/example_dags/example_kubernetes_executor_config.py
[2022-07-15 00:05:48,906] {processor.py:632} INFO - DAG(s) dict_keys(['example_kubernetes_executor_config']) retrieved from /home/airflow/.local/lib/python3.7/site-packages/airflow/example_dags/example_kubernetes_executor_config.py
[2022-07-15 00:05:48,958] {logging_mixin.py:109} INFO - [2022-07-15 00:05:48,957] {dag.py:2389} INFO - Sync 1 DAGs
[2022-07-15 00:05:49,023] {logging_mixin.py:109} INFO - [2022-07-15 00:05:49,022] {dag.py:2921} INFO - Setting next_dagrun for example_kubernetes_executor_config to None
[2022-07-15 00:05:49,057] {processor.py:171} INFO - Processing /home/airflow/.local/lib/python3.7/site-packages/airflow/example_dags/example_kubernetes_executor_config.py took 0.268 seconds
[2022-07-15 00:06:19,179] {processor.py:163} INFO - Started process (PID=3662) to work on /home/airflow/.local/lib/python3.7/site-packages/airflow/example_dags/example_kubernetes_executor_config.py
[2022-07-15 00:06:19,182] {processor.py:620} INFO - Processing file /home/airflow/.local/lib/python3.7/site-packages/airflow/example_dags/example_kubernetes_executor_config.py for tasks to queue
[2022-07-15 00:06:19,186] {logging_mixin.py:109} INFO - [2022-07-15 00:06:19,186] {dagbag.py:500} INFO - Filling up the DagBag from /home/airflow/.local/lib/python3.7/site-packages/airflow/example_dags/example_kubernetes_executor_config.py
[2022-07-15 00:06:19,252] {processor.py:632} INFO - DAG(s) dict_keys(['example_kubernetes_executor_config']) retrieved from /home/airflow/.local/lib/python3.7/site-packages/airflow/example_dags/example_kubernetes_executor_config.py
[2022-07-15 00:06:19,294] {logging_mixin.py:109} INFO - [2022-07-15 00:06:19,294] {dag.py:2389} INFO - Sync 1 DAGs
[2022-07-15 00:06:19,345] {logging_mixin.py:109} INFO - [2022-07-15 00:06:19,345] {dag.py:2921} INFO - Setting next_dagrun for example_kubernetes_executor_config to None
[2022-07-15 00:06:19,376] {processor.py:171} INFO - Processing /home/airflow/.local/lib/python3.7/site-packages/airflow/example_dags/example_kubernetes_executor_config.py took 0.204 seconds
[2022-07-15 00:06:50,060] {processor.py:163} INFO - Started process (PID=3760) to work on /home/airflow/.local/lib/python3.7/site-packages/airflow/example_dags/example_kubernetes_executor_config.py
[2022-07-15 00:06:50,064] {processor.py:620} INFO - Processing file /home/airflow/.local/lib/python3.7/site-packages/airflow/example_dags/example_kubernetes_executor_config.py for tasks to queue
[2022-07-15 00:06:50,067] {logging_mixin.py:109} INFO - [2022-07-15 00:06:50,067] {dagbag.py:500} INFO - Filling up the DagBag from /home/airflow/.local/lib/python3.7/site-packages/airflow/example_dags/example_kubernetes_executor_config.py
[2022-07-15 00:06:50,141] {processor.py:632} INFO - DAG(s) dict_keys(['example_kubernetes_executor_config']) retrieved from /home/airflow/.local/lib/python3.7/site-packages/airflow/example_dags/example_kubernetes_executor_config.py
[2022-07-15 00:06:50,228] {logging_mixin.py:109} INFO - [2022-07-15 00:06:50,228] {dag.py:2389} INFO - Sync 1 DAGs
[2022-07-15 00:06:50,297] {logging_mixin.py:109} INFO - [2022-07-15 00:06:50,297] {dag.py:2921} INFO - Setting next_dagrun for example_kubernetes_executor_config to None
[2022-07-15 00:06:50,327] {processor.py:171} INFO - Processing /home/airflow/.local/lib/python3.7/site-packages/airflow/example_dags/example_kubernetes_executor_config.py took 0.274 seconds
[2022-07-15 00:07:21,269] {processor.py:163} INFO - Started process (PID=3842) to work on /home/airflow/.local/lib/python3.7/site-packages/airflow/example_dags/example_kubernetes_executor_config.py
[2022-07-15 00:07:21,273] {processor.py:620} INFO - Processing file /home/airflow/.local/lib/python3.7/site-packages/airflow/example_dags/example_kubernetes_executor_config.py for tasks to queue
[2022-07-15 00:07:21,276] {logging_mixin.py:109} INFO - [2022-07-15 00:07:21,275] {dagbag.py:500} INFO - Filling up the DagBag from /home/airflow/.local/lib/python3.7/site-packages/airflow/example_dags/example_kubernetes_executor_config.py
[2022-07-15 00:07:21,348] {processor.py:632} INFO - DAG(s) dict_keys(['example_kubernetes_executor_config']) retrieved from /home/airflow/.local/lib/python3.7/site-packages/airflow/example_dags/example_kubernetes_executor_config.py
[2022-07-15 00:07:21,390] {logging_mixin.py:109} INFO - [2022-07-15 00:07:21,390] {dag.py:2389} INFO - Sync 1 DAGs
[2022-07-15 00:07:21,442] {logging_mixin.py:109} INFO - [2022-07-15 00:07:21,442] {dag.py:2921} INFO - Setting next_dagrun for example_kubernetes_executor_config to None
[2022-07-15 00:07:21,469] {processor.py:171} INFO - Processing /home/airflow/.local/lib/python3.7/site-packages/airflow/example_dags/example_kubernetes_executor_config.py took 0.207 seconds
[2022-07-15 00:07:52,155] {processor.py:163} INFO - Started process (PID=3938) to work on /home/airflow/.local/lib/python3.7/site-packages/airflow/example_dags/example_kubernetes_executor_config.py
[2022-07-15 00:07:52,160] {processor.py:620} INFO - Processing file /home/airflow/.local/lib/python3.7/site-packages/airflow/example_dags/example_kubernetes_executor_config.py for tasks to queue
[2022-07-15 00:07:52,164] {logging_mixin.py:109} INFO - [2022-07-15 00:07:52,164] {dagbag.py:500} INFO - Filling up the DagBag from /home/airflow/.local/lib/python3.7/site-packages/airflow/example_dags/example_kubernetes_executor_config.py
[2022-07-15 00:07:52,260] {processor.py:632} INFO - DAG(s) dict_keys(['example_kubernetes_executor_config']) retrieved from /home/airflow/.local/lib/python3.7/site-packages/airflow/example_dags/example_kubernetes_executor_config.py
[2022-07-15 00:07:52,315] {logging_mixin.py:109} INFO - [2022-07-15 00:07:52,315] {dag.py:2389} INFO - Sync 1 DAGs
[2022-07-15 00:07:52,392] {logging_mixin.py:109} INFO - [2022-07-15 00:07:52,391] {dag.py:2921} INFO - Setting next_dagrun for example_kubernetes_executor_config to None
[2022-07-15 00:07:52,429] {processor.py:171} INFO - Processing /home/airflow/.local/lib/python3.7/site-packages/airflow/example_dags/example_kubernetes_executor_config.py took 0.281 seconds
