[2022-07-15 00:00:10,034] {processor.py:163} INFO - Started process (PID=2579) to work on /home/airflow/.local/lib/python3.7/site-packages/airflow/example_dags/example_nested_branch_dag.py
[2022-07-15 00:00:10,038] {processor.py:620} INFO - Processing file /home/airflow/.local/lib/python3.7/site-packages/airflow/example_dags/example_nested_branch_dag.py for tasks to queue
[2022-07-15 00:00:10,042] {logging_mixin.py:109} INFO - [2022-07-15 00:00:10,041] {dagbag.py:500} INFO - Filling up the DagBag from /home/airflow/.local/lib/python3.7/site-packages/airflow/example_dags/example_nested_branch_dag.py
[2022-07-15 00:00:10,129] {processor.py:632} INFO - DAG(s) dict_keys(['example_nested_branch_dag']) retrieved from /home/airflow/.local/lib/python3.7/site-packages/airflow/example_dags/example_nested_branch_dag.py
[2022-07-15 00:00:10,177] {logging_mixin.py:109} INFO - [2022-07-15 00:00:10,176] {dag.py:2389} INFO - Sync 1 DAGs
[2022-07-15 00:00:10,251] {logging_mixin.py:109} INFO - [2022-07-15 00:00:10,250] {dag.py:2921} INFO - Setting next_dagrun for example_nested_branch_dag to 2022-07-14 00:00:00+00:00
[2022-07-15 00:00:10,284] {processor.py:171} INFO - Processing /home/airflow/.local/lib/python3.7/site-packages/airflow/example_dags/example_nested_branch_dag.py took 0.258 seconds
[2022-07-15 00:00:40,807] {processor.py:163} INFO - Started process (PID=2659) to work on /home/airflow/.local/lib/python3.7/site-packages/airflow/example_dags/example_nested_branch_dag.py
[2022-07-15 00:00:40,811] {processor.py:620} INFO - Processing file /home/airflow/.local/lib/python3.7/site-packages/airflow/example_dags/example_nested_branch_dag.py for tasks to queue
[2022-07-15 00:00:40,814] {logging_mixin.py:109} INFO - [2022-07-15 00:00:40,813] {dagbag.py:500} INFO - Filling up the DagBag from /home/airflow/.local/lib/python3.7/site-packages/airflow/example_dags/example_nested_branch_dag.py
[2022-07-15 00:00:40,886] {processor.py:632} INFO - DAG(s) dict_keys(['example_nested_branch_dag']) retrieved from /home/airflow/.local/lib/python3.7/site-packages/airflow/example_dags/example_nested_branch_dag.py
[2022-07-15 00:00:40,925] {logging_mixin.py:109} INFO - [2022-07-15 00:00:40,925] {dag.py:2389} INFO - Sync 1 DAGs
[2022-07-15 00:00:40,991] {logging_mixin.py:109} INFO - [2022-07-15 00:00:40,990] {dag.py:2921} INFO - Setting next_dagrun for example_nested_branch_dag to 2022-07-14 00:00:00+00:00
[2022-07-15 00:00:41,017] {processor.py:171} INFO - Processing /home/airflow/.local/lib/python3.7/site-packages/airflow/example_dags/example_nested_branch_dag.py took 0.217 seconds
[2022-07-15 00:01:11,493] {processor.py:163} INFO - Started process (PID=2757) to work on /home/airflow/.local/lib/python3.7/site-packages/airflow/example_dags/example_nested_branch_dag.py
[2022-07-15 00:01:11,497] {processor.py:620} INFO - Processing file /home/airflow/.local/lib/python3.7/site-packages/airflow/example_dags/example_nested_branch_dag.py for tasks to queue
[2022-07-15 00:01:11,502] {logging_mixin.py:109} INFO - [2022-07-15 00:01:11,502] {dagbag.py:500} INFO - Filling up the DagBag from /home/airflow/.local/lib/python3.7/site-packages/airflow/example_dags/example_nested_branch_dag.py
[2022-07-15 00:01:11,581] {processor.py:632} INFO - DAG(s) dict_keys(['example_nested_branch_dag']) retrieved from /home/airflow/.local/lib/python3.7/site-packages/airflow/example_dags/example_nested_branch_dag.py
[2022-07-15 00:01:11,627] {logging_mixin.py:109} INFO - [2022-07-15 00:01:11,626] {dag.py:2389} INFO - Sync 1 DAGs
[2022-07-15 00:01:11,705] {logging_mixin.py:109} INFO - [2022-07-15 00:01:11,704] {dag.py:2921} INFO - Setting next_dagrun for example_nested_branch_dag to 2022-07-14 00:00:00+00:00
[2022-07-15 00:01:11,767] {processor.py:171} INFO - Processing /home/airflow/.local/lib/python3.7/site-packages/airflow/example_dags/example_nested_branch_dag.py took 0.281 seconds
[2022-07-15 00:01:42,246] {processor.py:163} INFO - Started process (PID=2839) to work on /home/airflow/.local/lib/python3.7/site-packages/airflow/example_dags/example_nested_branch_dag.py
[2022-07-15 00:01:42,253] {processor.py:620} INFO - Processing file /home/airflow/.local/lib/python3.7/site-packages/airflow/example_dags/example_nested_branch_dag.py for tasks to queue
[2022-07-15 00:01:42,256] {logging_mixin.py:109} INFO - [2022-07-15 00:01:42,256] {dagbag.py:500} INFO - Filling up the DagBag from /home/airflow/.local/lib/python3.7/site-packages/airflow/example_dags/example_nested_branch_dag.py
[2022-07-15 00:01:42,352] {processor.py:632} INFO - DAG(s) dict_keys(['example_nested_branch_dag']) retrieved from /home/airflow/.local/lib/python3.7/site-packages/airflow/example_dags/example_nested_branch_dag.py
[2022-07-15 00:01:42,401] {logging_mixin.py:109} INFO - [2022-07-15 00:01:42,400] {dag.py:2389} INFO - Sync 1 DAGs
[2022-07-15 00:01:42,482] {logging_mixin.py:109} INFO - [2022-07-15 00:01:42,482] {dag.py:2921} INFO - Setting next_dagrun for example_nested_branch_dag to 2022-07-14 00:00:00+00:00
[2022-07-15 00:01:42,514] {processor.py:171} INFO - Processing /home/airflow/.local/lib/python3.7/site-packages/airflow/example_dags/example_nested_branch_dag.py took 0.276 seconds
[2022-07-15 00:02:12,682] {processor.py:163} INFO - Started process (PID=2937) to work on /home/airflow/.local/lib/python3.7/site-packages/airflow/example_dags/example_nested_branch_dag.py
[2022-07-15 00:02:12,686] {processor.py:620} INFO - Processing file /home/airflow/.local/lib/python3.7/site-packages/airflow/example_dags/example_nested_branch_dag.py for tasks to queue
[2022-07-15 00:02:12,689] {logging_mixin.py:109} INFO - [2022-07-15 00:02:12,689] {dagbag.py:500} INFO - Filling up the DagBag from /home/airflow/.local/lib/python3.7/site-packages/airflow/example_dags/example_nested_branch_dag.py
[2022-07-15 00:02:12,847] {processor.py:632} INFO - DAG(s) dict_keys(['example_nested_branch_dag']) retrieved from /home/airflow/.local/lib/python3.7/site-packages/airflow/example_dags/example_nested_branch_dag.py
[2022-07-15 00:02:12,911] {logging_mixin.py:109} INFO - [2022-07-15 00:02:12,911] {dag.py:2389} INFO - Sync 1 DAGs
[2022-07-15 00:02:13,003] {logging_mixin.py:109} INFO - [2022-07-15 00:02:13,003] {dag.py:2921} INFO - Setting next_dagrun for example_nested_branch_dag to 2022-07-14 00:00:00+00:00
[2022-07-15 00:02:13,035] {processor.py:171} INFO - Processing /home/airflow/.local/lib/python3.7/site-packages/airflow/example_dags/example_nested_branch_dag.py took 0.361 seconds
[2022-07-15 00:02:43,634] {processor.py:163} INFO - Started process (PID=3017) to work on /home/airflow/.local/lib/python3.7/site-packages/airflow/example_dags/example_nested_branch_dag.py
[2022-07-15 00:02:43,638] {processor.py:620} INFO - Processing file /home/airflow/.local/lib/python3.7/site-packages/airflow/example_dags/example_nested_branch_dag.py for tasks to queue
[2022-07-15 00:02:43,641] {logging_mixin.py:109} INFO - [2022-07-15 00:02:43,641] {dagbag.py:500} INFO - Filling up the DagBag from /home/airflow/.local/lib/python3.7/site-packages/airflow/example_dags/example_nested_branch_dag.py
[2022-07-15 00:02:43,722] {processor.py:632} INFO - DAG(s) dict_keys(['example_nested_branch_dag']) retrieved from /home/airflow/.local/lib/python3.7/site-packages/airflow/example_dags/example_nested_branch_dag.py
[2022-07-15 00:02:43,764] {logging_mixin.py:109} INFO - [2022-07-15 00:02:43,764] {dag.py:2389} INFO - Sync 1 DAGs
[2022-07-15 00:02:43,829] {logging_mixin.py:109} INFO - [2022-07-15 00:02:43,828] {dag.py:2921} INFO - Setting next_dagrun for example_nested_branch_dag to 2022-07-14 00:00:00+00:00
[2022-07-15 00:02:43,855] {processor.py:171} INFO - Processing /home/airflow/.local/lib/python3.7/site-packages/airflow/example_dags/example_nested_branch_dag.py took 0.227 seconds
[2022-07-15 00:03:13,939] {processor.py:163} INFO - Started process (PID=3115) to work on /home/airflow/.local/lib/python3.7/site-packages/airflow/example_dags/example_nested_branch_dag.py
[2022-07-15 00:03:13,947] {processor.py:620} INFO - Processing file /home/airflow/.local/lib/python3.7/site-packages/airflow/example_dags/example_nested_branch_dag.py for tasks to queue
[2022-07-15 00:03:13,954] {logging_mixin.py:109} INFO - [2022-07-15 00:03:13,954] {dagbag.py:500} INFO - Filling up the DagBag from /home/airflow/.local/lib/python3.7/site-packages/airflow/example_dags/example_nested_branch_dag.py
[2022-07-15 00:03:14,093] {processor.py:632} INFO - DAG(s) dict_keys(['example_nested_branch_dag']) retrieved from /home/airflow/.local/lib/python3.7/site-packages/airflow/example_dags/example_nested_branch_dag.py
[2022-07-15 00:03:14,137] {logging_mixin.py:109} INFO - [2022-07-15 00:03:14,137] {dag.py:2389} INFO - Sync 1 DAGs
[2022-07-15 00:03:14,206] {logging_mixin.py:109} INFO - [2022-07-15 00:03:14,206] {dag.py:2921} INFO - Setting next_dagrun for example_nested_branch_dag to 2022-07-14 00:00:00+00:00
[2022-07-15 00:03:14,235] {processor.py:171} INFO - Processing /home/airflow/.local/lib/python3.7/site-packages/airflow/example_dags/example_nested_branch_dag.py took 0.306 seconds
[2022-07-15 00:03:44,636] {processor.py:163} INFO - Started process (PID=3207) to work on /home/airflow/.local/lib/python3.7/site-packages/airflow/example_dags/example_nested_branch_dag.py
[2022-07-15 00:03:44,640] {processor.py:620} INFO - Processing file /home/airflow/.local/lib/python3.7/site-packages/airflow/example_dags/example_nested_branch_dag.py for tasks to queue
[2022-07-15 00:03:44,643] {logging_mixin.py:109} INFO - [2022-07-15 00:03:44,642] {dagbag.py:500} INFO - Filling up the DagBag from /home/airflow/.local/lib/python3.7/site-packages/airflow/example_dags/example_nested_branch_dag.py
[2022-07-15 00:03:44,727] {processor.py:632} INFO - DAG(s) dict_keys(['example_nested_branch_dag']) retrieved from /home/airflow/.local/lib/python3.7/site-packages/airflow/example_dags/example_nested_branch_dag.py
[2022-07-15 00:03:44,779] {logging_mixin.py:109} INFO - [2022-07-15 00:03:44,779] {dag.py:2389} INFO - Sync 1 DAGs
[2022-07-15 00:03:44,861] {logging_mixin.py:109} INFO - [2022-07-15 00:03:44,860] {dag.py:2921} INFO - Setting next_dagrun for example_nested_branch_dag to 2022-07-14 00:00:00+00:00
[2022-07-15 00:03:44,891] {processor.py:171} INFO - Processing /home/airflow/.local/lib/python3.7/site-packages/airflow/example_dags/example_nested_branch_dag.py took 0.262 seconds
[2022-07-15 00:04:15,156] {processor.py:163} INFO - Started process (PID=3294) to work on /home/airflow/.local/lib/python3.7/site-packages/airflow/example_dags/example_nested_branch_dag.py
[2022-07-15 00:04:15,161] {processor.py:620} INFO - Processing file /home/airflow/.local/lib/python3.7/site-packages/airflow/example_dags/example_nested_branch_dag.py for tasks to queue
[2022-07-15 00:04:15,164] {logging_mixin.py:109} INFO - [2022-07-15 00:04:15,164] {dagbag.py:500} INFO - Filling up the DagBag from /home/airflow/.local/lib/python3.7/site-packages/airflow/example_dags/example_nested_branch_dag.py
[2022-07-15 00:04:15,252] {processor.py:632} INFO - DAG(s) dict_keys(['example_nested_branch_dag']) retrieved from /home/airflow/.local/lib/python3.7/site-packages/airflow/example_dags/example_nested_branch_dag.py
[2022-07-15 00:04:15,300] {logging_mixin.py:109} INFO - [2022-07-15 00:04:15,300] {dag.py:2389} INFO - Sync 1 DAGs
[2022-07-15 00:04:15,371] {logging_mixin.py:109} INFO - [2022-07-15 00:04:15,371] {dag.py:2921} INFO - Setting next_dagrun for example_nested_branch_dag to 2022-07-14 00:00:00+00:00
[2022-07-15 00:04:15,402] {processor.py:171} INFO - Processing /home/airflow/.local/lib/python3.7/site-packages/airflow/example_dags/example_nested_branch_dag.py took 0.253 seconds
[2022-07-15 00:04:45,766] {processor.py:163} INFO - Started process (PID=3392) to work on /home/airflow/.local/lib/python3.7/site-packages/airflow/example_dags/example_nested_branch_dag.py
[2022-07-15 00:04:45,770] {processor.py:620} INFO - Processing file /home/airflow/.local/lib/python3.7/site-packages/airflow/example_dags/example_nested_branch_dag.py for tasks to queue
[2022-07-15 00:04:45,773] {logging_mixin.py:109} INFO - [2022-07-15 00:04:45,773] {dagbag.py:500} INFO - Filling up the DagBag from /home/airflow/.local/lib/python3.7/site-packages/airflow/example_dags/example_nested_branch_dag.py
[2022-07-15 00:04:45,854] {processor.py:632} INFO - DAG(s) dict_keys(['example_nested_branch_dag']) retrieved from /home/airflow/.local/lib/python3.7/site-packages/airflow/example_dags/example_nested_branch_dag.py
[2022-07-15 00:04:45,900] {logging_mixin.py:109} INFO - [2022-07-15 00:04:45,899] {dag.py:2389} INFO - Sync 1 DAGs
[2022-07-15 00:04:45,975] {logging_mixin.py:109} INFO - [2022-07-15 00:04:45,974] {dag.py:2921} INFO - Setting next_dagrun for example_nested_branch_dag to 2022-07-14 00:00:00+00:00
[2022-07-15 00:04:46,007] {processor.py:171} INFO - Processing /home/airflow/.local/lib/python3.7/site-packages/airflow/example_dags/example_nested_branch_dag.py took 0.248 seconds
[2022-07-15 00:05:16,285] {processor.py:163} INFO - Started process (PID=3474) to work on /home/airflow/.local/lib/python3.7/site-packages/airflow/example_dags/example_nested_branch_dag.py
[2022-07-15 00:05:16,290] {processor.py:620} INFO - Processing file /home/airflow/.local/lib/python3.7/site-packages/airflow/example_dags/example_nested_branch_dag.py for tasks to queue
[2022-07-15 00:05:16,294] {logging_mixin.py:109} INFO - [2022-07-15 00:05:16,293] {dagbag.py:500} INFO - Filling up the DagBag from /home/airflow/.local/lib/python3.7/site-packages/airflow/example_dags/example_nested_branch_dag.py
[2022-07-15 00:05:16,382] {processor.py:632} INFO - DAG(s) dict_keys(['example_nested_branch_dag']) retrieved from /home/airflow/.local/lib/python3.7/site-packages/airflow/example_dags/example_nested_branch_dag.py
[2022-07-15 00:05:16,435] {logging_mixin.py:109} INFO - [2022-07-15 00:05:16,434] {dag.py:2389} INFO - Sync 1 DAGs
[2022-07-15 00:05:16,509] {logging_mixin.py:109} INFO - [2022-07-15 00:05:16,509] {dag.py:2921} INFO - Setting next_dagrun for example_nested_branch_dag to 2022-07-14 00:00:00+00:00
[2022-07-15 00:05:16,540] {processor.py:171} INFO - Processing /home/airflow/.local/lib/python3.7/site-packages/airflow/example_dags/example_nested_branch_dag.py took 0.262 seconds
[2022-07-15 00:05:46,707] {processor.py:163} INFO - Started process (PID=3572) to work on /home/airflow/.local/lib/python3.7/site-packages/airflow/example_dags/example_nested_branch_dag.py
[2022-07-15 00:05:46,723] {processor.py:620} INFO - Processing file /home/airflow/.local/lib/python3.7/site-packages/airflow/example_dags/example_nested_branch_dag.py for tasks to queue
[2022-07-15 00:05:46,727] {logging_mixin.py:109} INFO - [2022-07-15 00:05:46,727] {dagbag.py:500} INFO - Filling up the DagBag from /home/airflow/.local/lib/python3.7/site-packages/airflow/example_dags/example_nested_branch_dag.py
[2022-07-15 00:05:46,862] {processor.py:632} INFO - DAG(s) dict_keys(['example_nested_branch_dag']) retrieved from /home/airflow/.local/lib/python3.7/site-packages/airflow/example_dags/example_nested_branch_dag.py
[2022-07-15 00:05:46,908] {logging_mixin.py:109} INFO - [2022-07-15 00:05:46,908] {dag.py:2389} INFO - Sync 1 DAGs
[2022-07-15 00:05:46,982] {logging_mixin.py:109} INFO - [2022-07-15 00:05:46,982] {dag.py:2921} INFO - Setting next_dagrun for example_nested_branch_dag to 2022-07-14 00:00:00+00:00
[2022-07-15 00:05:47,013] {processor.py:171} INFO - Processing /home/airflow/.local/lib/python3.7/site-packages/airflow/example_dags/example_nested_branch_dag.py took 0.319 seconds
[2022-07-15 00:06:17,572] {processor.py:163} INFO - Started process (PID=3654) to work on /home/airflow/.local/lib/python3.7/site-packages/airflow/example_dags/example_nested_branch_dag.py
[2022-07-15 00:06:17,577] {processor.py:620} INFO - Processing file /home/airflow/.local/lib/python3.7/site-packages/airflow/example_dags/example_nested_branch_dag.py for tasks to queue
[2022-07-15 00:06:17,582] {logging_mixin.py:109} INFO - [2022-07-15 00:06:17,581] {dagbag.py:500} INFO - Filling up the DagBag from /home/airflow/.local/lib/python3.7/site-packages/airflow/example_dags/example_nested_branch_dag.py
[2022-07-15 00:06:17,698] {processor.py:632} INFO - DAG(s) dict_keys(['example_nested_branch_dag']) retrieved from /home/airflow/.local/lib/python3.7/site-packages/airflow/example_dags/example_nested_branch_dag.py
[2022-07-15 00:06:17,755] {logging_mixin.py:109} INFO - [2022-07-15 00:06:17,755] {dag.py:2389} INFO - Sync 1 DAGs
[2022-07-15 00:06:17,834] {logging_mixin.py:109} INFO - [2022-07-15 00:06:17,833] {dag.py:2921} INFO - Setting next_dagrun for example_nested_branch_dag to 2022-07-14 00:00:00+00:00
[2022-07-15 00:06:17,865] {processor.py:171} INFO - Processing /home/airflow/.local/lib/python3.7/site-packages/airflow/example_dags/example_nested_branch_dag.py took 0.316 seconds
[2022-07-15 00:06:48,024] {processor.py:163} INFO - Started process (PID=3750) to work on /home/airflow/.local/lib/python3.7/site-packages/airflow/example_dags/example_nested_branch_dag.py
[2022-07-15 00:06:48,029] {processor.py:620} INFO - Processing file /home/airflow/.local/lib/python3.7/site-packages/airflow/example_dags/example_nested_branch_dag.py for tasks to queue
[2022-07-15 00:06:48,033] {logging_mixin.py:109} INFO - [2022-07-15 00:06:48,033] {dagbag.py:500} INFO - Filling up the DagBag from /home/airflow/.local/lib/python3.7/site-packages/airflow/example_dags/example_nested_branch_dag.py
[2022-07-15 00:06:48,133] {processor.py:632} INFO - DAG(s) dict_keys(['example_nested_branch_dag']) retrieved from /home/airflow/.local/lib/python3.7/site-packages/airflow/example_dags/example_nested_branch_dag.py
[2022-07-15 00:06:48,180] {logging_mixin.py:109} INFO - [2022-07-15 00:06:48,179] {dag.py:2389} INFO - Sync 1 DAGs
[2022-07-15 00:06:48,258] {logging_mixin.py:109} INFO - [2022-07-15 00:06:48,257] {dag.py:2921} INFO - Setting next_dagrun for example_nested_branch_dag to 2022-07-14 00:00:00+00:00
[2022-07-15 00:06:48,291] {processor.py:171} INFO - Processing /home/airflow/.local/lib/python3.7/site-packages/airflow/example_dags/example_nested_branch_dag.py took 0.275 seconds
[2022-07-15 00:07:18,405] {processor.py:163} INFO - Started process (PID=3832) to work on /home/airflow/.local/lib/python3.7/site-packages/airflow/example_dags/example_nested_branch_dag.py
[2022-07-15 00:07:18,409] {processor.py:620} INFO - Processing file /home/airflow/.local/lib/python3.7/site-packages/airflow/example_dags/example_nested_branch_dag.py for tasks to queue
[2022-07-15 00:07:18,413] {logging_mixin.py:109} INFO - [2022-07-15 00:07:18,412] {dagbag.py:500} INFO - Filling up the DagBag from /home/airflow/.local/lib/python3.7/site-packages/airflow/example_dags/example_nested_branch_dag.py
[2022-07-15 00:07:18,497] {processor.py:632} INFO - DAG(s) dict_keys(['example_nested_branch_dag']) retrieved from /home/airflow/.local/lib/python3.7/site-packages/airflow/example_dags/example_nested_branch_dag.py
[2022-07-15 00:07:18,541] {logging_mixin.py:109} INFO - [2022-07-15 00:07:18,540] {dag.py:2389} INFO - Sync 1 DAGs
[2022-07-15 00:07:18,602] {logging_mixin.py:109} INFO - [2022-07-15 00:07:18,602] {dag.py:2921} INFO - Setting next_dagrun for example_nested_branch_dag to 2022-07-14 00:00:00+00:00
[2022-07-15 00:07:18,630] {processor.py:171} INFO - Processing /home/airflow/.local/lib/python3.7/site-packages/airflow/example_dags/example_nested_branch_dag.py took 0.233 seconds
[2022-07-15 00:07:49,437] {processor.py:163} INFO - Started process (PID=3930) to work on /home/airflow/.local/lib/python3.7/site-packages/airflow/example_dags/example_nested_branch_dag.py
[2022-07-15 00:07:49,442] {processor.py:620} INFO - Processing file /home/airflow/.local/lib/python3.7/site-packages/airflow/example_dags/example_nested_branch_dag.py for tasks to queue
[2022-07-15 00:07:49,445] {logging_mixin.py:109} INFO - [2022-07-15 00:07:49,445] {dagbag.py:500} INFO - Filling up the DagBag from /home/airflow/.local/lib/python3.7/site-packages/airflow/example_dags/example_nested_branch_dag.py
[2022-07-15 00:07:49,534] {processor.py:632} INFO - DAG(s) dict_keys(['example_nested_branch_dag']) retrieved from /home/airflow/.local/lib/python3.7/site-packages/airflow/example_dags/example_nested_branch_dag.py
[2022-07-15 00:07:49,585] {logging_mixin.py:109} INFO - [2022-07-15 00:07:49,584] {dag.py:2389} INFO - Sync 1 DAGs
[2022-07-15 00:07:49,682] {logging_mixin.py:109} INFO - [2022-07-15 00:07:49,681] {dag.py:2921} INFO - Setting next_dagrun for example_nested_branch_dag to 2022-07-14 00:00:00+00:00
[2022-07-15 00:07:49,717] {processor.py:171} INFO - Processing /home/airflow/.local/lib/python3.7/site-packages/airflow/example_dags/example_nested_branch_dag.py took 0.289 seconds
