[2022-07-15 00:00:20,791] {processor.py:163} INFO - Started process (PID=2609) to work on /home/airflow/.local/lib/python3.7/site-packages/airflow/example_dags/example_bash_operator.py
[2022-07-15 00:00:20,795] {processor.py:620} INFO - Processing file /home/airflow/.local/lib/python3.7/site-packages/airflow/example_dags/example_bash_operator.py for tasks to queue
[2022-07-15 00:00:20,799] {logging_mixin.py:109} INFO - [2022-07-15 00:00:20,798] {dagbag.py:500} INFO - Filling up the DagBag from /home/airflow/.local/lib/python3.7/site-packages/airflow/example_dags/example_bash_operator.py
[2022-07-15 00:00:20,881] {processor.py:632} INFO - DAG(s) dict_keys(['example_bash_operator']) retrieved from /home/airflow/.local/lib/python3.7/site-packages/airflow/example_dags/example_bash_operator.py
[2022-07-15 00:00:20,931] {logging_mixin.py:109} INFO - [2022-07-15 00:00:20,930] {dag.py:2389} INFO - Sync 1 DAGs
[2022-07-15 00:00:20,997] {logging_mixin.py:109} INFO - [2022-07-15 00:00:20,996] {dag.py:2921} INFO - Setting next_dagrun for example_bash_operator to 2022-07-14 00:00:00+00:00
[2022-07-15 00:00:21,023] {processor.py:171} INFO - Processing /home/airflow/.local/lib/python3.7/site-packages/airflow/example_dags/example_bash_operator.py took 0.240 seconds
[2022-07-15 00:00:51,254] {processor.py:163} INFO - Started process (PID=2707) to work on /home/airflow/.local/lib/python3.7/site-packages/airflow/example_dags/example_bash_operator.py
[2022-07-15 00:00:51,258] {processor.py:620} INFO - Processing file /home/airflow/.local/lib/python3.7/site-packages/airflow/example_dags/example_bash_operator.py for tasks to queue
[2022-07-15 00:00:51,261] {logging_mixin.py:109} INFO - [2022-07-15 00:00:51,261] {dagbag.py:500} INFO - Filling up the DagBag from /home/airflow/.local/lib/python3.7/site-packages/airflow/example_dags/example_bash_operator.py
[2022-07-15 00:00:51,359] {processor.py:632} INFO - DAG(s) dict_keys(['example_bash_operator']) retrieved from /home/airflow/.local/lib/python3.7/site-packages/airflow/example_dags/example_bash_operator.py
[2022-07-15 00:00:51,409] {logging_mixin.py:109} INFO - [2022-07-15 00:00:51,408] {dag.py:2389} INFO - Sync 1 DAGs
[2022-07-15 00:00:51,485] {logging_mixin.py:109} INFO - [2022-07-15 00:00:51,484] {dag.py:2921} INFO - Setting next_dagrun for example_bash_operator to 2022-07-14 00:00:00+00:00
[2022-07-15 00:00:51,512] {processor.py:171} INFO - Processing /home/airflow/.local/lib/python3.7/site-packages/airflow/example_dags/example_bash_operator.py took 0.265 seconds
[2022-07-15 00:01:21,661] {processor.py:163} INFO - Started process (PID=2789) to work on /home/airflow/.local/lib/python3.7/site-packages/airflow/example_dags/example_bash_operator.py
[2022-07-15 00:01:21,665] {processor.py:620} INFO - Processing file /home/airflow/.local/lib/python3.7/site-packages/airflow/example_dags/example_bash_operator.py for tasks to queue
[2022-07-15 00:01:21,667] {logging_mixin.py:109} INFO - [2022-07-15 00:01:21,667] {dagbag.py:500} INFO - Filling up the DagBag from /home/airflow/.local/lib/python3.7/site-packages/airflow/example_dags/example_bash_operator.py
[2022-07-15 00:01:21,740] {processor.py:632} INFO - DAG(s) dict_keys(['example_bash_operator']) retrieved from /home/airflow/.local/lib/python3.7/site-packages/airflow/example_dags/example_bash_operator.py
[2022-07-15 00:01:21,780] {logging_mixin.py:109} INFO - [2022-07-15 00:01:21,779] {dag.py:2389} INFO - Sync 1 DAGs
[2022-07-15 00:01:21,843] {logging_mixin.py:109} INFO - [2022-07-15 00:01:21,842] {dag.py:2921} INFO - Setting next_dagrun for example_bash_operator to 2022-07-14 00:00:00+00:00
[2022-07-15 00:01:21,871] {processor.py:171} INFO - Processing /home/airflow/.local/lib/python3.7/site-packages/airflow/example_dags/example_bash_operator.py took 0.216 seconds
[2022-07-15 00:01:52,577] {processor.py:163} INFO - Started process (PID=2887) to work on /home/airflow/.local/lib/python3.7/site-packages/airflow/example_dags/example_bash_operator.py
[2022-07-15 00:01:52,583] {processor.py:620} INFO - Processing file /home/airflow/.local/lib/python3.7/site-packages/airflow/example_dags/example_bash_operator.py for tasks to queue
[2022-07-15 00:01:52,588] {logging_mixin.py:109} INFO - [2022-07-15 00:01:52,588] {dagbag.py:500} INFO - Filling up the DagBag from /home/airflow/.local/lib/python3.7/site-packages/airflow/example_dags/example_bash_operator.py
[2022-07-15 00:01:52,685] {processor.py:632} INFO - DAG(s) dict_keys(['example_bash_operator']) retrieved from /home/airflow/.local/lib/python3.7/site-packages/airflow/example_dags/example_bash_operator.py
[2022-07-15 00:01:52,734] {logging_mixin.py:109} INFO - [2022-07-15 00:01:52,734] {dag.py:2389} INFO - Sync 1 DAGs
[2022-07-15 00:01:52,811] {logging_mixin.py:109} INFO - [2022-07-15 00:01:52,811] {dag.py:2921} INFO - Setting next_dagrun for example_bash_operator to 2022-07-14 00:00:00+00:00
[2022-07-15 00:01:52,845] {processor.py:171} INFO - Processing /home/airflow/.local/lib/python3.7/site-packages/airflow/example_dags/example_bash_operator.py took 0.276 seconds
[2022-07-15 00:02:23,292] {processor.py:163} INFO - Started process (PID=2969) to work on /home/airflow/.local/lib/python3.7/site-packages/airflow/example_dags/example_bash_operator.py
[2022-07-15 00:02:23,297] {processor.py:620} INFO - Processing file /home/airflow/.local/lib/python3.7/site-packages/airflow/example_dags/example_bash_operator.py for tasks to queue
[2022-07-15 00:02:23,300] {logging_mixin.py:109} INFO - [2022-07-15 00:02:23,299] {dagbag.py:500} INFO - Filling up the DagBag from /home/airflow/.local/lib/python3.7/site-packages/airflow/example_dags/example_bash_operator.py
[2022-07-15 00:02:23,379] {processor.py:632} INFO - DAG(s) dict_keys(['example_bash_operator']) retrieved from /home/airflow/.local/lib/python3.7/site-packages/airflow/example_dags/example_bash_operator.py
[2022-07-15 00:02:23,428] {logging_mixin.py:109} INFO - [2022-07-15 00:02:23,428] {dag.py:2389} INFO - Sync 1 DAGs
[2022-07-15 00:02:23,491] {logging_mixin.py:109} INFO - [2022-07-15 00:02:23,491] {dag.py:2921} INFO - Setting next_dagrun for example_bash_operator to 2022-07-14 00:00:00+00:00
[2022-07-15 00:02:23,521] {processor.py:171} INFO - Processing /home/airflow/.local/lib/python3.7/site-packages/airflow/example_dags/example_bash_operator.py took 0.236 seconds
[2022-07-15 00:02:53,859] {processor.py:163} INFO - Started process (PID=3067) to work on /home/airflow/.local/lib/python3.7/site-packages/airflow/example_dags/example_bash_operator.py
[2022-07-15 00:02:53,864] {processor.py:620} INFO - Processing file /home/airflow/.local/lib/python3.7/site-packages/airflow/example_dags/example_bash_operator.py for tasks to queue
[2022-07-15 00:02:53,867] {logging_mixin.py:109} INFO - [2022-07-15 00:02:53,867] {dagbag.py:500} INFO - Filling up the DagBag from /home/airflow/.local/lib/python3.7/site-packages/airflow/example_dags/example_bash_operator.py
[2022-07-15 00:02:53,959] {processor.py:632} INFO - DAG(s) dict_keys(['example_bash_operator']) retrieved from /home/airflow/.local/lib/python3.7/site-packages/airflow/example_dags/example_bash_operator.py
[2022-07-15 00:02:54,013] {logging_mixin.py:109} INFO - [2022-07-15 00:02:54,012] {dag.py:2389} INFO - Sync 1 DAGs
[2022-07-15 00:02:54,093] {logging_mixin.py:109} INFO - [2022-07-15 00:02:54,092] {dag.py:2921} INFO - Setting next_dagrun for example_bash_operator to 2022-07-14 00:00:00+00:00
[2022-07-15 00:02:54,124] {processor.py:171} INFO - Processing /home/airflow/.local/lib/python3.7/site-packages/airflow/example_dags/example_bash_operator.py took 0.272 seconds
[2022-07-15 00:03:24,378] {processor.py:163} INFO - Started process (PID=3159) to work on /home/airflow/.local/lib/python3.7/site-packages/airflow/example_dags/example_bash_operator.py
[2022-07-15 00:03:24,383] {processor.py:620} INFO - Processing file /home/airflow/.local/lib/python3.7/site-packages/airflow/example_dags/example_bash_operator.py for tasks to queue
[2022-07-15 00:03:24,388] {logging_mixin.py:109} INFO - [2022-07-15 00:03:24,388] {dagbag.py:500} INFO - Filling up the DagBag from /home/airflow/.local/lib/python3.7/site-packages/airflow/example_dags/example_bash_operator.py
[2022-07-15 00:03:24,485] {processor.py:632} INFO - DAG(s) dict_keys(['example_bash_operator']) retrieved from /home/airflow/.local/lib/python3.7/site-packages/airflow/example_dags/example_bash_operator.py
[2022-07-15 00:03:24,530] {logging_mixin.py:109} INFO - [2022-07-15 00:03:24,530] {dag.py:2389} INFO - Sync 1 DAGs
[2022-07-15 00:03:24,601] {logging_mixin.py:109} INFO - [2022-07-15 00:03:24,600] {dag.py:2921} INFO - Setting next_dagrun for example_bash_operator to 2022-07-14 00:00:00+00:00
[2022-07-15 00:03:24,630] {processor.py:171} INFO - Processing /home/airflow/.local/lib/python3.7/site-packages/airflow/example_dags/example_bash_operator.py took 0.264 seconds
[2022-07-15 00:03:54,749] {processor.py:163} INFO - Started process (PID=3247) to work on /home/airflow/.local/lib/python3.7/site-packages/airflow/example_dags/example_bash_operator.py
[2022-07-15 00:03:54,764] {processor.py:620} INFO - Processing file /home/airflow/.local/lib/python3.7/site-packages/airflow/example_dags/example_bash_operator.py for tasks to queue
[2022-07-15 00:03:54,768] {logging_mixin.py:109} INFO - [2022-07-15 00:03:54,767] {dagbag.py:500} INFO - Filling up the DagBag from /home/airflow/.local/lib/python3.7/site-packages/airflow/example_dags/example_bash_operator.py
[2022-07-15 00:03:54,854] {processor.py:632} INFO - DAG(s) dict_keys(['example_bash_operator']) retrieved from /home/airflow/.local/lib/python3.7/site-packages/airflow/example_dags/example_bash_operator.py
[2022-07-15 00:03:54,897] {logging_mixin.py:109} INFO - [2022-07-15 00:03:54,897] {dag.py:2389} INFO - Sync 1 DAGs
[2022-07-15 00:03:54,965] {logging_mixin.py:109} INFO - [2022-07-15 00:03:54,965] {dag.py:2921} INFO - Setting next_dagrun for example_bash_operator to 2022-07-14 00:00:00+00:00
[2022-07-15 00:03:54,993] {processor.py:171} INFO - Processing /home/airflow/.local/lib/python3.7/site-packages/airflow/example_dags/example_bash_operator.py took 0.252 seconds
[2022-07-15 00:04:25,248] {processor.py:163} INFO - Started process (PID=3338) to work on /home/airflow/.local/lib/python3.7/site-packages/airflow/example_dags/example_bash_operator.py
[2022-07-15 00:04:25,254] {processor.py:620} INFO - Processing file /home/airflow/.local/lib/python3.7/site-packages/airflow/example_dags/example_bash_operator.py for tasks to queue
[2022-07-15 00:04:25,260] {logging_mixin.py:109} INFO - [2022-07-15 00:04:25,259] {dagbag.py:500} INFO - Filling up the DagBag from /home/airflow/.local/lib/python3.7/site-packages/airflow/example_dags/example_bash_operator.py
[2022-07-15 00:04:25,357] {processor.py:632} INFO - DAG(s) dict_keys(['example_bash_operator']) retrieved from /home/airflow/.local/lib/python3.7/site-packages/airflow/example_dags/example_bash_operator.py
[2022-07-15 00:04:25,402] {logging_mixin.py:109} INFO - [2022-07-15 00:04:25,401] {dag.py:2389} INFO - Sync 1 DAGs
[2022-07-15 00:04:25,478] {logging_mixin.py:109} INFO - [2022-07-15 00:04:25,477] {dag.py:2921} INFO - Setting next_dagrun for example_bash_operator to 2022-07-14 00:00:00+00:00
[2022-07-15 00:04:25,531] {processor.py:171} INFO - Processing /home/airflow/.local/lib/python3.7/site-packages/airflow/example_dags/example_bash_operator.py took 0.293 seconds
[2022-07-15 00:04:55,619] {processor.py:163} INFO - Started process (PID=3426) to work on /home/airflow/.local/lib/python3.7/site-packages/airflow/example_dags/example_bash_operator.py
[2022-07-15 00:04:55,629] {processor.py:620} INFO - Processing file /home/airflow/.local/lib/python3.7/site-packages/airflow/example_dags/example_bash_operator.py for tasks to queue
[2022-07-15 00:04:55,639] {logging_mixin.py:109} INFO - [2022-07-15 00:04:55,639] {dagbag.py:500} INFO - Filling up the DagBag from /home/airflow/.local/lib/python3.7/site-packages/airflow/example_dags/example_bash_operator.py
[2022-07-15 00:04:55,821] {processor.py:632} INFO - DAG(s) dict_keys(['example_bash_operator']) retrieved from /home/airflow/.local/lib/python3.7/site-packages/airflow/example_dags/example_bash_operator.py
[2022-07-15 00:04:55,884] {logging_mixin.py:109} INFO - [2022-07-15 00:04:55,883] {dag.py:2389} INFO - Sync 1 DAGs
[2022-07-15 00:04:55,968] {logging_mixin.py:109} INFO - [2022-07-15 00:04:55,967] {dag.py:2921} INFO - Setting next_dagrun for example_bash_operator to 2022-07-14 00:00:00+00:00
[2022-07-15 00:04:55,997] {processor.py:171} INFO - Processing /home/airflow/.local/lib/python3.7/site-packages/airflow/example_dags/example_bash_operator.py took 0.388 seconds
[2022-07-15 00:05:26,159] {processor.py:163} INFO - Started process (PID=3522) to work on /home/airflow/.local/lib/python3.7/site-packages/airflow/example_dags/example_bash_operator.py
[2022-07-15 00:05:26,167] {processor.py:620} INFO - Processing file /home/airflow/.local/lib/python3.7/site-packages/airflow/example_dags/example_bash_operator.py for tasks to queue
[2022-07-15 00:05:26,170] {logging_mixin.py:109} INFO - [2022-07-15 00:05:26,170] {dagbag.py:500} INFO - Filling up the DagBag from /home/airflow/.local/lib/python3.7/site-packages/airflow/example_dags/example_bash_operator.py
[2022-07-15 00:05:26,334] {processor.py:632} INFO - DAG(s) dict_keys(['example_bash_operator']) retrieved from /home/airflow/.local/lib/python3.7/site-packages/airflow/example_dags/example_bash_operator.py
[2022-07-15 00:05:26,395] {logging_mixin.py:109} INFO - [2022-07-15 00:05:26,394] {dag.py:2389} INFO - Sync 1 DAGs
[2022-07-15 00:05:26,471] {logging_mixin.py:109} INFO - [2022-07-15 00:05:26,470] {dag.py:2921} INFO - Setting next_dagrun for example_bash_operator to 2022-07-14 00:00:00+00:00
[2022-07-15 00:05:26,502] {processor.py:171} INFO - Processing /home/airflow/.local/lib/python3.7/site-packages/airflow/example_dags/example_bash_operator.py took 0.350 seconds
[2022-07-15 00:05:56,551] {processor.py:163} INFO - Started process (PID=3604) to work on /home/airflow/.local/lib/python3.7/site-packages/airflow/example_dags/example_bash_operator.py
[2022-07-15 00:05:56,556] {processor.py:620} INFO - Processing file /home/airflow/.local/lib/python3.7/site-packages/airflow/example_dags/example_bash_operator.py for tasks to queue
[2022-07-15 00:05:56,559] {logging_mixin.py:109} INFO - [2022-07-15 00:05:56,559] {dagbag.py:500} INFO - Filling up the DagBag from /home/airflow/.local/lib/python3.7/site-packages/airflow/example_dags/example_bash_operator.py
[2022-07-15 00:05:56,644] {processor.py:632} INFO - DAG(s) dict_keys(['example_bash_operator']) retrieved from /home/airflow/.local/lib/python3.7/site-packages/airflow/example_dags/example_bash_operator.py
[2022-07-15 00:05:56,699] {logging_mixin.py:109} INFO - [2022-07-15 00:05:56,699] {dag.py:2389} INFO - Sync 1 DAGs
[2022-07-15 00:05:56,775] {logging_mixin.py:109} INFO - [2022-07-15 00:05:56,775] {dag.py:2921} INFO - Setting next_dagrun for example_bash_operator to 2022-07-14 00:00:00+00:00
[2022-07-15 00:05:56,826] {processor.py:171} INFO - Processing /home/airflow/.local/lib/python3.7/site-packages/airflow/example_dags/example_bash_operator.py took 0.282 seconds
[2022-07-15 00:06:26,900] {processor.py:163} INFO - Started process (PID=3700) to work on /home/airflow/.local/lib/python3.7/site-packages/airflow/example_dags/example_bash_operator.py
[2022-07-15 00:06:26,905] {processor.py:620} INFO - Processing file /home/airflow/.local/lib/python3.7/site-packages/airflow/example_dags/example_bash_operator.py for tasks to queue
[2022-07-15 00:06:26,909] {logging_mixin.py:109} INFO - [2022-07-15 00:06:26,908] {dagbag.py:500} INFO - Filling up the DagBag from /home/airflow/.local/lib/python3.7/site-packages/airflow/example_dags/example_bash_operator.py
[2022-07-15 00:06:27,030] {processor.py:632} INFO - DAG(s) dict_keys(['example_bash_operator']) retrieved from /home/airflow/.local/lib/python3.7/site-packages/airflow/example_dags/example_bash_operator.py
[2022-07-15 00:06:27,082] {logging_mixin.py:109} INFO - [2022-07-15 00:06:27,082] {dag.py:2389} INFO - Sync 1 DAGs
[2022-07-15 00:06:27,166] {logging_mixin.py:109} INFO - [2022-07-15 00:06:27,165] {dag.py:2921} INFO - Setting next_dagrun for example_bash_operator to 2022-07-14 00:00:00+00:00
[2022-07-15 00:06:27,198] {processor.py:171} INFO - Processing /home/airflow/.local/lib/python3.7/site-packages/airflow/example_dags/example_bash_operator.py took 0.307 seconds
[2022-07-15 00:06:57,399] {processor.py:163} INFO - Started process (PID=3782) to work on /home/airflow/.local/lib/python3.7/site-packages/airflow/example_dags/example_bash_operator.py
[2022-07-15 00:06:57,404] {processor.py:620} INFO - Processing file /home/airflow/.local/lib/python3.7/site-packages/airflow/example_dags/example_bash_operator.py for tasks to queue
[2022-07-15 00:06:57,407] {logging_mixin.py:109} INFO - [2022-07-15 00:06:57,407] {dagbag.py:500} INFO - Filling up the DagBag from /home/airflow/.local/lib/python3.7/site-packages/airflow/example_dags/example_bash_operator.py
[2022-07-15 00:06:57,526] {processor.py:632} INFO - DAG(s) dict_keys(['example_bash_operator']) retrieved from /home/airflow/.local/lib/python3.7/site-packages/airflow/example_dags/example_bash_operator.py
[2022-07-15 00:06:57,585] {logging_mixin.py:109} INFO - [2022-07-15 00:06:57,585] {dag.py:2389} INFO - Sync 1 DAGs
[2022-07-15 00:06:57,664] {logging_mixin.py:109} INFO - [2022-07-15 00:06:57,664] {dag.py:2921} INFO - Setting next_dagrun for example_bash_operator to 2022-07-14 00:00:00+00:00
[2022-07-15 00:06:57,710] {processor.py:171} INFO - Processing /home/airflow/.local/lib/python3.7/site-packages/airflow/example_dags/example_bash_operator.py took 0.320 seconds
[2022-07-15 00:07:28,091] {processor.py:163} INFO - Started process (PID=3880) to work on /home/airflow/.local/lib/python3.7/site-packages/airflow/example_dags/example_bash_operator.py
[2022-07-15 00:07:28,096] {processor.py:620} INFO - Processing file /home/airflow/.local/lib/python3.7/site-packages/airflow/example_dags/example_bash_operator.py for tasks to queue
[2022-07-15 00:07:28,100] {logging_mixin.py:109} INFO - [2022-07-15 00:07:28,099] {dagbag.py:500} INFO - Filling up the DagBag from /home/airflow/.local/lib/python3.7/site-packages/airflow/example_dags/example_bash_operator.py
[2022-07-15 00:07:28,286] {processor.py:632} INFO - DAG(s) dict_keys(['example_bash_operator']) retrieved from /home/airflow/.local/lib/python3.7/site-packages/airflow/example_dags/example_bash_operator.py
[2022-07-15 00:07:28,369] {logging_mixin.py:109} INFO - [2022-07-15 00:07:28,368] {dag.py:2389} INFO - Sync 1 DAGs
[2022-07-15 00:07:28,443] {logging_mixin.py:109} INFO - [2022-07-15 00:07:28,442] {dag.py:2921} INFO - Setting next_dagrun for example_bash_operator to 2022-07-14 00:00:00+00:00
[2022-07-15 00:07:28,472] {processor.py:171} INFO - Processing /home/airflow/.local/lib/python3.7/site-packages/airflow/example_dags/example_bash_operator.py took 0.393 seconds
[2022-07-15 00:07:58,592] {processor.py:163} INFO - Started process (PID=3960) to work on /home/airflow/.local/lib/python3.7/site-packages/airflow/example_dags/example_bash_operator.py
[2022-07-15 00:07:58,596] {processor.py:620} INFO - Processing file /home/airflow/.local/lib/python3.7/site-packages/airflow/example_dags/example_bash_operator.py for tasks to queue
[2022-07-15 00:07:58,599] {logging_mixin.py:109} INFO - [2022-07-15 00:07:58,599] {dagbag.py:500} INFO - Filling up the DagBag from /home/airflow/.local/lib/python3.7/site-packages/airflow/example_dags/example_bash_operator.py
[2022-07-15 00:07:58,696] {processor.py:632} INFO - DAG(s) dict_keys(['example_bash_operator']) retrieved from /home/airflow/.local/lib/python3.7/site-packages/airflow/example_dags/example_bash_operator.py
[2022-07-15 00:07:58,753] {logging_mixin.py:109} INFO - [2022-07-15 00:07:58,752] {dag.py:2389} INFO - Sync 1 DAGs
[2022-07-15 00:07:58,869] {logging_mixin.py:109} INFO - [2022-07-15 00:07:58,868] {dag.py:2921} INFO - Setting next_dagrun for example_bash_operator to 2022-07-14 00:00:00+00:00
[2022-07-15 00:07:58,905] {processor.py:171} INFO - Processing /home/airflow/.local/lib/python3.7/site-packages/airflow/example_dags/example_bash_operator.py took 0.322 seconds
