[2022-07-15 00:00:15,297] {processor.py:163} INFO - Started process (PID=2601) to work on /home/airflow/.local/lib/python3.7/site-packages/airflow/example_dags/example_branch_labels.py
[2022-07-15 00:00:15,301] {processor.py:620} INFO - Processing file /home/airflow/.local/lib/python3.7/site-packages/airflow/example_dags/example_branch_labels.py for tasks to queue
[2022-07-15 00:00:15,307] {logging_mixin.py:109} INFO - [2022-07-15 00:00:15,306] {dagbag.py:500} INFO - Filling up the DagBag from /home/airflow/.local/lib/python3.7/site-packages/airflow/example_dags/example_branch_labels.py
[2022-07-15 00:00:15,387] {processor.py:632} INFO - DAG(s) dict_keys(['example_branch_labels']) retrieved from /home/airflow/.local/lib/python3.7/site-packages/airflow/example_dags/example_branch_labels.py
[2022-07-15 00:00:15,432] {logging_mixin.py:109} INFO - [2022-07-15 00:00:15,431] {dag.py:2389} INFO - Sync 1 DAGs
[2022-07-15 00:00:15,504] {logging_mixin.py:109} INFO - [2022-07-15 00:00:15,504] {dag.py:2921} INFO - Setting next_dagrun for example_branch_labels to 2022-07-14 00:00:00+00:00
[2022-07-15 00:00:15,538] {processor.py:171} INFO - Processing /home/airflow/.local/lib/python3.7/site-packages/airflow/example_dags/example_branch_labels.py took 0.250 seconds
[2022-07-15 00:00:45,914] {processor.py:163} INFO - Started process (PID=2699) to work on /home/airflow/.local/lib/python3.7/site-packages/airflow/example_dags/example_branch_labels.py
[2022-07-15 00:00:45,919] {processor.py:620} INFO - Processing file /home/airflow/.local/lib/python3.7/site-packages/airflow/example_dags/example_branch_labels.py for tasks to queue
[2022-07-15 00:00:45,922] {logging_mixin.py:109} INFO - [2022-07-15 00:00:45,921] {dagbag.py:500} INFO - Filling up the DagBag from /home/airflow/.local/lib/python3.7/site-packages/airflow/example_dags/example_branch_labels.py
[2022-07-15 00:00:46,008] {processor.py:632} INFO - DAG(s) dict_keys(['example_branch_labels']) retrieved from /home/airflow/.local/lib/python3.7/site-packages/airflow/example_dags/example_branch_labels.py
[2022-07-15 00:00:46,051] {logging_mixin.py:109} INFO - [2022-07-15 00:00:46,050] {dag.py:2389} INFO - Sync 1 DAGs
[2022-07-15 00:00:46,134] {logging_mixin.py:109} INFO - [2022-07-15 00:00:46,133] {dag.py:2921} INFO - Setting next_dagrun for example_branch_labels to 2022-07-14 00:00:00+00:00
[2022-07-15 00:00:46,169] {processor.py:171} INFO - Processing /home/airflow/.local/lib/python3.7/site-packages/airflow/example_dags/example_branch_labels.py took 0.262 seconds
[2022-07-15 00:01:16,525] {processor.py:163} INFO - Started process (PID=2783) to work on /home/airflow/.local/lib/python3.7/site-packages/airflow/example_dags/example_branch_labels.py
[2022-07-15 00:01:16,530] {processor.py:620} INFO - Processing file /home/airflow/.local/lib/python3.7/site-packages/airflow/example_dags/example_branch_labels.py for tasks to queue
[2022-07-15 00:01:16,533] {logging_mixin.py:109} INFO - [2022-07-15 00:01:16,533] {dagbag.py:500} INFO - Filling up the DagBag from /home/airflow/.local/lib/python3.7/site-packages/airflow/example_dags/example_branch_labels.py
[2022-07-15 00:01:16,608] {processor.py:632} INFO - DAG(s) dict_keys(['example_branch_labels']) retrieved from /home/airflow/.local/lib/python3.7/site-packages/airflow/example_dags/example_branch_labels.py
[2022-07-15 00:01:16,652] {logging_mixin.py:109} INFO - [2022-07-15 00:01:16,652] {dag.py:2389} INFO - Sync 1 DAGs
[2022-07-15 00:01:16,779] {logging_mixin.py:109} INFO - [2022-07-15 00:01:16,778] {dag.py:2921} INFO - Setting next_dagrun for example_branch_labels to 2022-07-14 00:00:00+00:00
[2022-07-15 00:01:16,809] {processor.py:171} INFO - Processing /home/airflow/.local/lib/python3.7/site-packages/airflow/example_dags/example_branch_labels.py took 0.292 seconds
[2022-07-15 00:01:47,032] {processor.py:163} INFO - Started process (PID=2879) to work on /home/airflow/.local/lib/python3.7/site-packages/airflow/example_dags/example_branch_labels.py
[2022-07-15 00:01:47,037] {processor.py:620} INFO - Processing file /home/airflow/.local/lib/python3.7/site-packages/airflow/example_dags/example_branch_labels.py for tasks to queue
[2022-07-15 00:01:47,042] {logging_mixin.py:109} INFO - [2022-07-15 00:01:47,042] {dagbag.py:500} INFO - Filling up the DagBag from /home/airflow/.local/lib/python3.7/site-packages/airflow/example_dags/example_branch_labels.py
[2022-07-15 00:01:47,130] {processor.py:632} INFO - DAG(s) dict_keys(['example_branch_labels']) retrieved from /home/airflow/.local/lib/python3.7/site-packages/airflow/example_dags/example_branch_labels.py
[2022-07-15 00:01:47,176] {logging_mixin.py:109} INFO - [2022-07-15 00:01:47,176] {dag.py:2389} INFO - Sync 1 DAGs
[2022-07-15 00:01:47,255] {logging_mixin.py:109} INFO - [2022-07-15 00:01:47,254] {dag.py:2921} INFO - Setting next_dagrun for example_branch_labels to 2022-07-14 00:00:00+00:00
[2022-07-15 00:01:47,284] {processor.py:171} INFO - Processing /home/airflow/.local/lib/python3.7/site-packages/airflow/example_dags/example_branch_labels.py took 0.261 seconds
[2022-07-15 00:02:17,712] {processor.py:163} INFO - Started process (PID=2959) to work on /home/airflow/.local/lib/python3.7/site-packages/airflow/example_dags/example_branch_labels.py
[2022-07-15 00:02:17,717] {processor.py:620} INFO - Processing file /home/airflow/.local/lib/python3.7/site-packages/airflow/example_dags/example_branch_labels.py for tasks to queue
[2022-07-15 00:02:17,720] {logging_mixin.py:109} INFO - [2022-07-15 00:02:17,720] {dagbag.py:500} INFO - Filling up the DagBag from /home/airflow/.local/lib/python3.7/site-packages/airflow/example_dags/example_branch_labels.py
[2022-07-15 00:02:17,799] {processor.py:632} INFO - DAG(s) dict_keys(['example_branch_labels']) retrieved from /home/airflow/.local/lib/python3.7/site-packages/airflow/example_dags/example_branch_labels.py
[2022-07-15 00:02:17,858] {logging_mixin.py:109} INFO - [2022-07-15 00:02:17,857] {dag.py:2389} INFO - Sync 1 DAGs
[2022-07-15 00:02:17,956] {logging_mixin.py:109} INFO - [2022-07-15 00:02:17,955] {dag.py:2921} INFO - Setting next_dagrun for example_branch_labels to 2022-07-14 00:00:00+00:00
[2022-07-15 00:02:17,986] {processor.py:171} INFO - Processing /home/airflow/.local/lib/python3.7/site-packages/airflow/example_dags/example_branch_labels.py took 0.283 seconds
[2022-07-15 00:02:48,366] {processor.py:163} INFO - Started process (PID=3059) to work on /home/airflow/.local/lib/python3.7/site-packages/airflow/example_dags/example_branch_labels.py
[2022-07-15 00:02:48,373] {processor.py:620} INFO - Processing file /home/airflow/.local/lib/python3.7/site-packages/airflow/example_dags/example_branch_labels.py for tasks to queue
[2022-07-15 00:02:48,383] {logging_mixin.py:109} INFO - [2022-07-15 00:02:48,383] {dagbag.py:500} INFO - Filling up the DagBag from /home/airflow/.local/lib/python3.7/site-packages/airflow/example_dags/example_branch_labels.py
[2022-07-15 00:02:48,484] {processor.py:632} INFO - DAG(s) dict_keys(['example_branch_labels']) retrieved from /home/airflow/.local/lib/python3.7/site-packages/airflow/example_dags/example_branch_labels.py
[2022-07-15 00:02:48,538] {logging_mixin.py:109} INFO - [2022-07-15 00:02:48,538] {dag.py:2389} INFO - Sync 1 DAGs
[2022-07-15 00:02:48,629] {logging_mixin.py:109} INFO - [2022-07-15 00:02:48,629] {dag.py:2921} INFO - Setting next_dagrun for example_branch_labels to 2022-07-14 00:00:00+00:00
[2022-07-15 00:02:48,659] {processor.py:171} INFO - Processing /home/airflow/.local/lib/python3.7/site-packages/airflow/example_dags/example_branch_labels.py took 0.311 seconds
[2022-07-15 00:03:18,756] {processor.py:163} INFO - Started process (PID=3139) to work on /home/airflow/.local/lib/python3.7/site-packages/airflow/example_dags/example_branch_labels.py
[2022-07-15 00:03:18,761] {processor.py:620} INFO - Processing file /home/airflow/.local/lib/python3.7/site-packages/airflow/example_dags/example_branch_labels.py for tasks to queue
[2022-07-15 00:03:18,764] {logging_mixin.py:109} INFO - [2022-07-15 00:03:18,764] {dagbag.py:500} INFO - Filling up the DagBag from /home/airflow/.local/lib/python3.7/site-packages/airflow/example_dags/example_branch_labels.py
[2022-07-15 00:03:18,848] {processor.py:632} INFO - DAG(s) dict_keys(['example_branch_labels']) retrieved from /home/airflow/.local/lib/python3.7/site-packages/airflow/example_dags/example_branch_labels.py
[2022-07-15 00:03:18,901] {logging_mixin.py:109} INFO - [2022-07-15 00:03:18,900] {dag.py:2389} INFO - Sync 1 DAGs
[2022-07-15 00:03:18,995] {logging_mixin.py:109} INFO - [2022-07-15 00:03:18,994] {dag.py:2921} INFO - Setting next_dagrun for example_branch_labels to 2022-07-14 00:00:00+00:00
[2022-07-15 00:03:19,019] {processor.py:171} INFO - Processing /home/airflow/.local/lib/python3.7/site-packages/airflow/example_dags/example_branch_labels.py took 0.270 seconds
[2022-07-15 00:03:49,569] {processor.py:163} INFO - Started process (PID=3239) to work on /home/airflow/.local/lib/python3.7/site-packages/airflow/example_dags/example_branch_labels.py
[2022-07-15 00:03:49,574] {processor.py:620} INFO - Processing file /home/airflow/.local/lib/python3.7/site-packages/airflow/example_dags/example_branch_labels.py for tasks to queue
[2022-07-15 00:03:49,576] {logging_mixin.py:109} INFO - [2022-07-15 00:03:49,576] {dagbag.py:500} INFO - Filling up the DagBag from /home/airflow/.local/lib/python3.7/site-packages/airflow/example_dags/example_branch_labels.py
[2022-07-15 00:03:49,653] {processor.py:632} INFO - DAG(s) dict_keys(['example_branch_labels']) retrieved from /home/airflow/.local/lib/python3.7/site-packages/airflow/example_dags/example_branch_labels.py
[2022-07-15 00:03:49,704] {logging_mixin.py:109} INFO - [2022-07-15 00:03:49,703] {dag.py:2389} INFO - Sync 1 DAGs
[2022-07-15 00:03:49,774] {logging_mixin.py:109} INFO - [2022-07-15 00:03:49,774] {dag.py:2921} INFO - Setting next_dagrun for example_branch_labels to 2022-07-14 00:00:00+00:00
[2022-07-15 00:03:49,814] {processor.py:171} INFO - Processing /home/airflow/.local/lib/python3.7/site-packages/airflow/example_dags/example_branch_labels.py took 0.251 seconds
[2022-07-15 00:04:20,784] {processor.py:163} INFO - Started process (PID=3322) to work on /home/airflow/.local/lib/python3.7/site-packages/airflow/example_dags/example_branch_labels.py
[2022-07-15 00:04:20,788] {processor.py:620} INFO - Processing file /home/airflow/.local/lib/python3.7/site-packages/airflow/example_dags/example_branch_labels.py for tasks to queue
[2022-07-15 00:04:20,791] {logging_mixin.py:109} INFO - [2022-07-15 00:04:20,790] {dagbag.py:500} INFO - Filling up the DagBag from /home/airflow/.local/lib/python3.7/site-packages/airflow/example_dags/example_branch_labels.py
[2022-07-15 00:04:20,856] {processor.py:632} INFO - DAG(s) dict_keys(['example_branch_labels']) retrieved from /home/airflow/.local/lib/python3.7/site-packages/airflow/example_dags/example_branch_labels.py
[2022-07-15 00:04:20,897] {logging_mixin.py:109} INFO - [2022-07-15 00:04:20,897] {dag.py:2389} INFO - Sync 1 DAGs
[2022-07-15 00:04:20,959] {logging_mixin.py:109} INFO - [2022-07-15 00:04:20,958] {dag.py:2921} INFO - Setting next_dagrun for example_branch_labels to 2022-07-14 00:00:00+00:00
[2022-07-15 00:04:20,984] {processor.py:171} INFO - Processing /home/airflow/.local/lib/python3.7/site-packages/airflow/example_dags/example_branch_labels.py took 0.206 seconds
[2022-07-15 00:04:51,111] {processor.py:163} INFO - Started process (PID=3418) to work on /home/airflow/.local/lib/python3.7/site-packages/airflow/example_dags/example_branch_labels.py
[2022-07-15 00:04:51,114] {processor.py:620} INFO - Processing file /home/airflow/.local/lib/python3.7/site-packages/airflow/example_dags/example_branch_labels.py for tasks to queue
[2022-07-15 00:04:51,123] {logging_mixin.py:109} INFO - [2022-07-15 00:04:51,122] {dagbag.py:500} INFO - Filling up the DagBag from /home/airflow/.local/lib/python3.7/site-packages/airflow/example_dags/example_branch_labels.py
[2022-07-15 00:04:51,196] {processor.py:632} INFO - DAG(s) dict_keys(['example_branch_labels']) retrieved from /home/airflow/.local/lib/python3.7/site-packages/airflow/example_dags/example_branch_labels.py
[2022-07-15 00:04:51,242] {logging_mixin.py:109} INFO - [2022-07-15 00:04:51,242] {dag.py:2389} INFO - Sync 1 DAGs
[2022-07-15 00:04:51,312] {logging_mixin.py:109} INFO - [2022-07-15 00:04:51,312] {dag.py:2921} INFO - Setting next_dagrun for example_branch_labels to 2022-07-14 00:00:00+00:00
[2022-07-15 00:04:51,339] {processor.py:171} INFO - Processing /home/airflow/.local/lib/python3.7/site-packages/airflow/example_dags/example_branch_labels.py took 0.235 seconds
[2022-07-15 00:05:21,442] {processor.py:163} INFO - Started process (PID=3500) to work on /home/airflow/.local/lib/python3.7/site-packages/airflow/example_dags/example_branch_labels.py
[2022-07-15 00:05:21,445] {processor.py:620} INFO - Processing file /home/airflow/.local/lib/python3.7/site-packages/airflow/example_dags/example_branch_labels.py for tasks to queue
[2022-07-15 00:05:21,448] {logging_mixin.py:109} INFO - [2022-07-15 00:05:21,448] {dagbag.py:500} INFO - Filling up the DagBag from /home/airflow/.local/lib/python3.7/site-packages/airflow/example_dags/example_branch_labels.py
[2022-07-15 00:05:21,509] {processor.py:632} INFO - DAG(s) dict_keys(['example_branch_labels']) retrieved from /home/airflow/.local/lib/python3.7/site-packages/airflow/example_dags/example_branch_labels.py
[2022-07-15 00:05:21,550] {logging_mixin.py:109} INFO - [2022-07-15 00:05:21,549] {dag.py:2389} INFO - Sync 1 DAGs
[2022-07-15 00:05:21,613] {logging_mixin.py:109} INFO - [2022-07-15 00:05:21,613] {dag.py:2921} INFO - Setting next_dagrun for example_branch_labels to 2022-07-14 00:00:00+00:00
[2022-07-15 00:05:21,638] {processor.py:171} INFO - Processing /home/airflow/.local/lib/python3.7/site-packages/airflow/example_dags/example_branch_labels.py took 0.202 seconds
[2022-07-15 00:05:51,745] {processor.py:163} INFO - Started process (PID=3598) to work on /home/airflow/.local/lib/python3.7/site-packages/airflow/example_dags/example_branch_labels.py
[2022-07-15 00:05:51,754] {processor.py:620} INFO - Processing file /home/airflow/.local/lib/python3.7/site-packages/airflow/example_dags/example_branch_labels.py for tasks to queue
[2022-07-15 00:05:51,758] {logging_mixin.py:109} INFO - [2022-07-15 00:05:51,757] {dagbag.py:500} INFO - Filling up the DagBag from /home/airflow/.local/lib/python3.7/site-packages/airflow/example_dags/example_branch_labels.py
[2022-07-15 00:05:51,832] {processor.py:632} INFO - DAG(s) dict_keys(['example_branch_labels']) retrieved from /home/airflow/.local/lib/python3.7/site-packages/airflow/example_dags/example_branch_labels.py
[2022-07-15 00:05:51,885] {logging_mixin.py:109} INFO - [2022-07-15 00:05:51,884] {dag.py:2389} INFO - Sync 1 DAGs
[2022-07-15 00:05:51,953] {logging_mixin.py:109} INFO - [2022-07-15 00:05:51,952] {dag.py:2921} INFO - Setting next_dagrun for example_branch_labels to 2022-07-14 00:00:00+00:00
[2022-07-15 00:05:51,979] {processor.py:171} INFO - Processing /home/airflow/.local/lib/python3.7/site-packages/airflow/example_dags/example_branch_labels.py took 0.243 seconds
[2022-07-15 00:06:22,057] {processor.py:163} INFO - Started process (PID=3678) to work on /home/airflow/.local/lib/python3.7/site-packages/airflow/example_dags/example_branch_labels.py
[2022-07-15 00:06:22,061] {processor.py:620} INFO - Processing file /home/airflow/.local/lib/python3.7/site-packages/airflow/example_dags/example_branch_labels.py for tasks to queue
[2022-07-15 00:06:22,065] {logging_mixin.py:109} INFO - [2022-07-15 00:06:22,064] {dagbag.py:500} INFO - Filling up the DagBag from /home/airflow/.local/lib/python3.7/site-packages/airflow/example_dags/example_branch_labels.py
[2022-07-15 00:06:22,136] {processor.py:632} INFO - DAG(s) dict_keys(['example_branch_labels']) retrieved from /home/airflow/.local/lib/python3.7/site-packages/airflow/example_dags/example_branch_labels.py
[2022-07-15 00:06:22,176] {logging_mixin.py:109} INFO - [2022-07-15 00:06:22,176] {dag.py:2389} INFO - Sync 1 DAGs
[2022-07-15 00:06:22,244] {logging_mixin.py:109} INFO - [2022-07-15 00:06:22,244] {dag.py:2921} INFO - Setting next_dagrun for example_branch_labels to 2022-07-14 00:00:00+00:00
[2022-07-15 00:06:22,269] {processor.py:171} INFO - Processing /home/airflow/.local/lib/python3.7/site-packages/airflow/example_dags/example_branch_labels.py took 0.219 seconds
[2022-07-15 00:06:52,580] {processor.py:163} INFO - Started process (PID=3776) to work on /home/airflow/.local/lib/python3.7/site-packages/airflow/example_dags/example_branch_labels.py
[2022-07-15 00:06:52,585] {processor.py:620} INFO - Processing file /home/airflow/.local/lib/python3.7/site-packages/airflow/example_dags/example_branch_labels.py for tasks to queue
[2022-07-15 00:06:52,592] {logging_mixin.py:109} INFO - [2022-07-15 00:06:52,592] {dagbag.py:500} INFO - Filling up the DagBag from /home/airflow/.local/lib/python3.7/site-packages/airflow/example_dags/example_branch_labels.py
[2022-07-15 00:06:52,670] {processor.py:632} INFO - DAG(s) dict_keys(['example_branch_labels']) retrieved from /home/airflow/.local/lib/python3.7/site-packages/airflow/example_dags/example_branch_labels.py
[2022-07-15 00:06:52,717] {logging_mixin.py:109} INFO - [2022-07-15 00:06:52,717] {dag.py:2389} INFO - Sync 1 DAGs
[2022-07-15 00:06:52,789] {logging_mixin.py:109} INFO - [2022-07-15 00:06:52,789] {dag.py:2921} INFO - Setting next_dagrun for example_branch_labels to 2022-07-14 00:00:00+00:00
[2022-07-15 00:06:52,816] {processor.py:171} INFO - Processing /home/airflow/.local/lib/python3.7/site-packages/airflow/example_dags/example_branch_labels.py took 0.244 seconds
[2022-07-15 00:07:23,700] {processor.py:163} INFO - Started process (PID=3858) to work on /home/airflow/.local/lib/python3.7/site-packages/airflow/example_dags/example_branch_labels.py
[2022-07-15 00:07:23,704] {processor.py:620} INFO - Processing file /home/airflow/.local/lib/python3.7/site-packages/airflow/example_dags/example_branch_labels.py for tasks to queue
[2022-07-15 00:07:23,706] {logging_mixin.py:109} INFO - [2022-07-15 00:07:23,706] {dagbag.py:500} INFO - Filling up the DagBag from /home/airflow/.local/lib/python3.7/site-packages/airflow/example_dags/example_branch_labels.py
[2022-07-15 00:07:23,770] {processor.py:632} INFO - DAG(s) dict_keys(['example_branch_labels']) retrieved from /home/airflow/.local/lib/python3.7/site-packages/airflow/example_dags/example_branch_labels.py
[2022-07-15 00:07:23,804] {logging_mixin.py:109} INFO - [2022-07-15 00:07:23,803] {dag.py:2389} INFO - Sync 1 DAGs
[2022-07-15 00:07:23,862] {logging_mixin.py:109} INFO - [2022-07-15 00:07:23,861] {dag.py:2921} INFO - Setting next_dagrun for example_branch_labels to 2022-07-14 00:00:00+00:00
[2022-07-15 00:07:23,883] {processor.py:171} INFO - Processing /home/airflow/.local/lib/python3.7/site-packages/airflow/example_dags/example_branch_labels.py took 0.189 seconds
[2022-07-15 00:07:54,181] {processor.py:163} INFO - Started process (PID=3956) to work on /home/airflow/.local/lib/python3.7/site-packages/airflow/example_dags/example_branch_labels.py
[2022-07-15 00:07:54,191] {processor.py:620} INFO - Processing file /home/airflow/.local/lib/python3.7/site-packages/airflow/example_dags/example_branch_labels.py for tasks to queue
[2022-07-15 00:07:54,195] {logging_mixin.py:109} INFO - [2022-07-15 00:07:54,195] {dagbag.py:500} INFO - Filling up the DagBag from /home/airflow/.local/lib/python3.7/site-packages/airflow/example_dags/example_branch_labels.py
[2022-07-15 00:07:54,279] {processor.py:632} INFO - DAG(s) dict_keys(['example_branch_labels']) retrieved from /home/airflow/.local/lib/python3.7/site-packages/airflow/example_dags/example_branch_labels.py
[2022-07-15 00:07:54,325] {logging_mixin.py:109} INFO - [2022-07-15 00:07:54,324] {dag.py:2389} INFO - Sync 1 DAGs
[2022-07-15 00:07:54,448] {logging_mixin.py:109} INFO - [2022-07-15 00:07:54,447] {dag.py:2921} INFO - Setting next_dagrun for example_branch_labels to 2022-07-14 00:00:00+00:00
[2022-07-15 00:07:54,497] {processor.py:171} INFO - Processing /home/airflow/.local/lib/python3.7/site-packages/airflow/example_dags/example_branch_labels.py took 0.326 seconds
