[2022-07-15 00:00:23,086] {processor.py:163} INFO - Started process (PID=2613) to work on /home/airflow/.local/lib/python3.7/site-packages/airflow/example_dags/example_branch_day_of_week_operator.py
[2022-07-15 00:00:23,091] {processor.py:620} INFO - Processing file /home/airflow/.local/lib/python3.7/site-packages/airflow/example_dags/example_branch_day_of_week_operator.py for tasks to queue
[2022-07-15 00:00:23,095] {logging_mixin.py:109} INFO - [2022-07-15 00:00:23,094] {dagbag.py:500} INFO - Filling up the DagBag from /home/airflow/.local/lib/python3.7/site-packages/airflow/example_dags/example_branch_day_of_week_operator.py
[2022-07-15 00:00:23,164] {processor.py:632} INFO - DAG(s) dict_keys(['example_weekday_branch_operator']) retrieved from /home/airflow/.local/lib/python3.7/site-packages/airflow/example_dags/example_branch_day_of_week_operator.py
[2022-07-15 00:00:23,205] {logging_mixin.py:109} INFO - [2022-07-15 00:00:23,204] {dag.py:2389} INFO - Sync 1 DAGs
[2022-07-15 00:00:23,278] {logging_mixin.py:109} INFO - [2022-07-15 00:00:23,278] {dag.py:2921} INFO - Setting next_dagrun for example_weekday_branch_operator to 2022-07-14 00:00:00+00:00
[2022-07-15 00:00:23,309] {processor.py:171} INFO - Processing /home/airflow/.local/lib/python3.7/site-packages/airflow/example_dags/example_branch_day_of_week_operator.py took 0.230 seconds
[2022-07-15 00:00:53,571] {processor.py:163} INFO - Started process (PID=2711) to work on /home/airflow/.local/lib/python3.7/site-packages/airflow/example_dags/example_branch_day_of_week_operator.py
[2022-07-15 00:00:53,576] {processor.py:620} INFO - Processing file /home/airflow/.local/lib/python3.7/site-packages/airflow/example_dags/example_branch_day_of_week_operator.py for tasks to queue
[2022-07-15 00:00:53,581] {logging_mixin.py:109} INFO - [2022-07-15 00:00:53,581] {dagbag.py:500} INFO - Filling up the DagBag from /home/airflow/.local/lib/python3.7/site-packages/airflow/example_dags/example_branch_day_of_week_operator.py
[2022-07-15 00:00:53,664] {processor.py:632} INFO - DAG(s) dict_keys(['example_weekday_branch_operator']) retrieved from /home/airflow/.local/lib/python3.7/site-packages/airflow/example_dags/example_branch_day_of_week_operator.py
[2022-07-15 00:00:53,705] {logging_mixin.py:109} INFO - [2022-07-15 00:00:53,705] {dag.py:2389} INFO - Sync 1 DAGs
[2022-07-15 00:00:53,780] {logging_mixin.py:109} INFO - [2022-07-15 00:00:53,779] {dag.py:2921} INFO - Setting next_dagrun for example_weekday_branch_operator to 2022-07-14 00:00:00+00:00
[2022-07-15 00:00:53,811] {processor.py:171} INFO - Processing /home/airflow/.local/lib/python3.7/site-packages/airflow/example_dags/example_branch_day_of_week_operator.py took 0.250 seconds
[2022-07-15 00:01:23,950] {processor.py:163} INFO - Started process (PID=2793) to work on /home/airflow/.local/lib/python3.7/site-packages/airflow/example_dags/example_branch_day_of_week_operator.py
[2022-07-15 00:01:23,955] {processor.py:620} INFO - Processing file /home/airflow/.local/lib/python3.7/site-packages/airflow/example_dags/example_branch_day_of_week_operator.py for tasks to queue
[2022-07-15 00:01:23,958] {logging_mixin.py:109} INFO - [2022-07-15 00:01:23,957] {dagbag.py:500} INFO - Filling up the DagBag from /home/airflow/.local/lib/python3.7/site-packages/airflow/example_dags/example_branch_day_of_week_operator.py
[2022-07-15 00:01:24,044] {processor.py:632} INFO - DAG(s) dict_keys(['example_weekday_branch_operator']) retrieved from /home/airflow/.local/lib/python3.7/site-packages/airflow/example_dags/example_branch_day_of_week_operator.py
[2022-07-15 00:01:24,081] {logging_mixin.py:109} INFO - [2022-07-15 00:01:24,081] {dag.py:2389} INFO - Sync 1 DAGs
[2022-07-15 00:01:24,160] {logging_mixin.py:109} INFO - [2022-07-15 00:01:24,160] {dag.py:2921} INFO - Setting next_dagrun for example_weekday_branch_operator to 2022-07-14 00:00:00+00:00
[2022-07-15 00:01:24,190] {processor.py:171} INFO - Processing /home/airflow/.local/lib/python3.7/site-packages/airflow/example_dags/example_branch_day_of_week_operator.py took 0.247 seconds
[2022-07-15 00:01:54,912] {processor.py:163} INFO - Started process (PID=2891) to work on /home/airflow/.local/lib/python3.7/site-packages/airflow/example_dags/example_branch_day_of_week_operator.py
[2022-07-15 00:01:54,918] {processor.py:620} INFO - Processing file /home/airflow/.local/lib/python3.7/site-packages/airflow/example_dags/example_branch_day_of_week_operator.py for tasks to queue
[2022-07-15 00:01:54,923] {logging_mixin.py:109} INFO - [2022-07-15 00:01:54,922] {dagbag.py:500} INFO - Filling up the DagBag from /home/airflow/.local/lib/python3.7/site-packages/airflow/example_dags/example_branch_day_of_week_operator.py
[2022-07-15 00:01:54,999] {processor.py:632} INFO - DAG(s) dict_keys(['example_weekday_branch_operator']) retrieved from /home/airflow/.local/lib/python3.7/site-packages/airflow/example_dags/example_branch_day_of_week_operator.py
[2022-07-15 00:01:55,036] {logging_mixin.py:109} INFO - [2022-07-15 00:01:55,036] {dag.py:2389} INFO - Sync 1 DAGs
[2022-07-15 00:01:55,104] {logging_mixin.py:109} INFO - [2022-07-15 00:01:55,104] {dag.py:2921} INFO - Setting next_dagrun for example_weekday_branch_operator to 2022-07-14 00:00:00+00:00
[2022-07-15 00:01:55,135] {processor.py:171} INFO - Processing /home/airflow/.local/lib/python3.7/site-packages/airflow/example_dags/example_branch_day_of_week_operator.py took 0.230 seconds
[2022-07-15 00:02:25,582] {processor.py:163} INFO - Started process (PID=2983) to work on /home/airflow/.local/lib/python3.7/site-packages/airflow/example_dags/example_branch_day_of_week_operator.py
[2022-07-15 00:02:25,587] {processor.py:620} INFO - Processing file /home/airflow/.local/lib/python3.7/site-packages/airflow/example_dags/example_branch_day_of_week_operator.py for tasks to queue
[2022-07-15 00:02:25,590] {logging_mixin.py:109} INFO - [2022-07-15 00:02:25,589] {dagbag.py:500} INFO - Filling up the DagBag from /home/airflow/.local/lib/python3.7/site-packages/airflow/example_dags/example_branch_day_of_week_operator.py
[2022-07-15 00:02:25,673] {processor.py:632} INFO - DAG(s) dict_keys(['example_weekday_branch_operator']) retrieved from /home/airflow/.local/lib/python3.7/site-packages/airflow/example_dags/example_branch_day_of_week_operator.py
[2022-07-15 00:02:25,713] {logging_mixin.py:109} INFO - [2022-07-15 00:02:25,712] {dag.py:2389} INFO - Sync 1 DAGs
[2022-07-15 00:02:25,786] {logging_mixin.py:109} INFO - [2022-07-15 00:02:25,786] {dag.py:2921} INFO - Setting next_dagrun for example_weekday_branch_operator to 2022-07-14 00:00:00+00:00
[2022-07-15 00:02:25,818] {processor.py:171} INFO - Processing /home/airflow/.local/lib/python3.7/site-packages/airflow/example_dags/example_branch_day_of_week_operator.py took 0.243 seconds
[2022-07-15 00:02:56,182] {processor.py:163} INFO - Started process (PID=3071) to work on /home/airflow/.local/lib/python3.7/site-packages/airflow/example_dags/example_branch_day_of_week_operator.py
[2022-07-15 00:02:56,186] {processor.py:620} INFO - Processing file /home/airflow/.local/lib/python3.7/site-packages/airflow/example_dags/example_branch_day_of_week_operator.py for tasks to queue
[2022-07-15 00:02:56,189] {logging_mixin.py:109} INFO - [2022-07-15 00:02:56,188] {dagbag.py:500} INFO - Filling up the DagBag from /home/airflow/.local/lib/python3.7/site-packages/airflow/example_dags/example_branch_day_of_week_operator.py
[2022-07-15 00:02:56,261] {processor.py:632} INFO - DAG(s) dict_keys(['example_weekday_branch_operator']) retrieved from /home/airflow/.local/lib/python3.7/site-packages/airflow/example_dags/example_branch_day_of_week_operator.py
[2022-07-15 00:02:56,300] {logging_mixin.py:109} INFO - [2022-07-15 00:02:56,299] {dag.py:2389} INFO - Sync 1 DAGs
[2022-07-15 00:02:56,369] {logging_mixin.py:109} INFO - [2022-07-15 00:02:56,369] {dag.py:2921} INFO - Setting next_dagrun for example_weekday_branch_operator to 2022-07-14 00:00:00+00:00
[2022-07-15 00:02:56,399] {processor.py:171} INFO - Processing /home/airflow/.local/lib/python3.7/site-packages/airflow/example_dags/example_branch_day_of_week_operator.py took 0.224 seconds
[2022-07-15 00:03:26,691] {processor.py:163} INFO - Started process (PID=3169) to work on /home/airflow/.local/lib/python3.7/site-packages/airflow/example_dags/example_branch_day_of_week_operator.py
[2022-07-15 00:03:26,696] {processor.py:620} INFO - Processing file /home/airflow/.local/lib/python3.7/site-packages/airflow/example_dags/example_branch_day_of_week_operator.py for tasks to queue
[2022-07-15 00:03:26,699] {logging_mixin.py:109} INFO - [2022-07-15 00:03:26,699] {dagbag.py:500} INFO - Filling up the DagBag from /home/airflow/.local/lib/python3.7/site-packages/airflow/example_dags/example_branch_day_of_week_operator.py
[2022-07-15 00:03:26,772] {processor.py:632} INFO - DAG(s) dict_keys(['example_weekday_branch_operator']) retrieved from /home/airflow/.local/lib/python3.7/site-packages/airflow/example_dags/example_branch_day_of_week_operator.py
[2022-07-15 00:03:26,810] {logging_mixin.py:109} INFO - [2022-07-15 00:03:26,810] {dag.py:2389} INFO - Sync 1 DAGs
[2022-07-15 00:03:26,882] {logging_mixin.py:109} INFO - [2022-07-15 00:03:26,881] {dag.py:2921} INFO - Setting next_dagrun for example_weekday_branch_operator to 2022-07-14 00:00:00+00:00
[2022-07-15 00:03:26,909] {processor.py:171} INFO - Processing /home/airflow/.local/lib/python3.7/site-packages/airflow/example_dags/example_branch_day_of_week_operator.py took 0.225 seconds
[2022-07-15 00:03:57,233] {processor.py:163} INFO - Started process (PID=3251) to work on /home/airflow/.local/lib/python3.7/site-packages/airflow/example_dags/example_branch_day_of_week_operator.py
[2022-07-15 00:03:57,251] {processor.py:620} INFO - Processing file /home/airflow/.local/lib/python3.7/site-packages/airflow/example_dags/example_branch_day_of_week_operator.py for tasks to queue
[2022-07-15 00:03:57,254] {logging_mixin.py:109} INFO - [2022-07-15 00:03:57,254] {dagbag.py:500} INFO - Filling up the DagBag from /home/airflow/.local/lib/python3.7/site-packages/airflow/example_dags/example_branch_day_of_week_operator.py
[2022-07-15 00:03:57,371] {processor.py:632} INFO - DAG(s) dict_keys(['example_weekday_branch_operator']) retrieved from /home/airflow/.local/lib/python3.7/site-packages/airflow/example_dags/example_branch_day_of_week_operator.py
[2022-07-15 00:03:57,410] {logging_mixin.py:109} INFO - [2022-07-15 00:03:57,410] {dag.py:2389} INFO - Sync 1 DAGs
[2022-07-15 00:03:57,502] {logging_mixin.py:109} INFO - [2022-07-15 00:03:57,502] {dag.py:2921} INFO - Setting next_dagrun for example_weekday_branch_operator to 2022-07-14 00:00:00+00:00
[2022-07-15 00:03:57,535] {processor.py:171} INFO - Processing /home/airflow/.local/lib/python3.7/site-packages/airflow/example_dags/example_branch_day_of_week_operator.py took 0.310 seconds
[2022-07-15 00:04:27,664] {processor.py:163} INFO - Started process (PID=3350) to work on /home/airflow/.local/lib/python3.7/site-packages/airflow/example_dags/example_branch_day_of_week_operator.py
[2022-07-15 00:04:27,670] {processor.py:620} INFO - Processing file /home/airflow/.local/lib/python3.7/site-packages/airflow/example_dags/example_branch_day_of_week_operator.py for tasks to queue
[2022-07-15 00:04:27,680] {logging_mixin.py:109} INFO - [2022-07-15 00:04:27,679] {dagbag.py:500} INFO - Filling up the DagBag from /home/airflow/.local/lib/python3.7/site-packages/airflow/example_dags/example_branch_day_of_week_operator.py
[2022-07-15 00:04:27,760] {processor.py:632} INFO - DAG(s) dict_keys(['example_weekday_branch_operator']) retrieved from /home/airflow/.local/lib/python3.7/site-packages/airflow/example_dags/example_branch_day_of_week_operator.py
[2022-07-15 00:04:27,800] {logging_mixin.py:109} INFO - [2022-07-15 00:04:27,800] {dag.py:2389} INFO - Sync 1 DAGs
[2022-07-15 00:04:27,896] {logging_mixin.py:109} INFO - [2022-07-15 00:04:27,895] {dag.py:2921} INFO - Setting next_dagrun for example_weekday_branch_operator to 2022-07-14 00:00:00+00:00
[2022-07-15 00:04:27,928] {processor.py:171} INFO - Processing /home/airflow/.local/lib/python3.7/site-packages/airflow/example_dags/example_branch_day_of_week_operator.py took 0.272 seconds
[2022-07-15 00:04:58,090] {processor.py:163} INFO - Started process (PID=3432) to work on /home/airflow/.local/lib/python3.7/site-packages/airflow/example_dags/example_branch_day_of_week_operator.py
[2022-07-15 00:04:58,100] {processor.py:620} INFO - Processing file /home/airflow/.local/lib/python3.7/site-packages/airflow/example_dags/example_branch_day_of_week_operator.py for tasks to queue
[2022-07-15 00:04:58,104] {logging_mixin.py:109} INFO - [2022-07-15 00:04:58,103] {dagbag.py:500} INFO - Filling up the DagBag from /home/airflow/.local/lib/python3.7/site-packages/airflow/example_dags/example_branch_day_of_week_operator.py
[2022-07-15 00:04:58,184] {processor.py:632} INFO - DAG(s) dict_keys(['example_weekday_branch_operator']) retrieved from /home/airflow/.local/lib/python3.7/site-packages/airflow/example_dags/example_branch_day_of_week_operator.py
[2022-07-15 00:04:58,223] {logging_mixin.py:109} INFO - [2022-07-15 00:04:58,223] {dag.py:2389} INFO - Sync 1 DAGs
[2022-07-15 00:04:58,306] {logging_mixin.py:109} INFO - [2022-07-15 00:04:58,305] {dag.py:2921} INFO - Setting next_dagrun for example_weekday_branch_operator to 2022-07-14 00:00:00+00:00
[2022-07-15 00:04:58,336] {processor.py:171} INFO - Processing /home/airflow/.local/lib/python3.7/site-packages/airflow/example_dags/example_branch_day_of_week_operator.py took 0.254 seconds
[2022-07-15 00:05:28,759] {processor.py:163} INFO - Started process (PID=3528) to work on /home/airflow/.local/lib/python3.7/site-packages/airflow/example_dags/example_branch_day_of_week_operator.py
[2022-07-15 00:05:28,763] {processor.py:620} INFO - Processing file /home/airflow/.local/lib/python3.7/site-packages/airflow/example_dags/example_branch_day_of_week_operator.py for tasks to queue
[2022-07-15 00:05:28,766] {logging_mixin.py:109} INFO - [2022-07-15 00:05:28,766] {dagbag.py:500} INFO - Filling up the DagBag from /home/airflow/.local/lib/python3.7/site-packages/airflow/example_dags/example_branch_day_of_week_operator.py
[2022-07-15 00:05:28,875] {processor.py:632} INFO - DAG(s) dict_keys(['example_weekday_branch_operator']) retrieved from /home/airflow/.local/lib/python3.7/site-packages/airflow/example_dags/example_branch_day_of_week_operator.py
[2022-07-15 00:05:28,925] {logging_mixin.py:109} INFO - [2022-07-15 00:05:28,924] {dag.py:2389} INFO - Sync 1 DAGs
[2022-07-15 00:05:29,025] {logging_mixin.py:109} INFO - [2022-07-15 00:05:29,024] {dag.py:2921} INFO - Setting next_dagrun for example_weekday_branch_operator to 2022-07-14 00:00:00+00:00
[2022-07-15 00:05:29,091] {processor.py:171} INFO - Processing /home/airflow/.local/lib/python3.7/site-packages/airflow/example_dags/example_branch_day_of_week_operator.py took 0.344 seconds
[2022-07-15 00:05:59,286] {processor.py:163} INFO - Started process (PID=3610) to work on /home/airflow/.local/lib/python3.7/site-packages/airflow/example_dags/example_branch_day_of_week_operator.py
[2022-07-15 00:05:59,301] {processor.py:620} INFO - Processing file /home/airflow/.local/lib/python3.7/site-packages/airflow/example_dags/example_branch_day_of_week_operator.py for tasks to queue
[2022-07-15 00:05:59,305] {logging_mixin.py:109} INFO - [2022-07-15 00:05:59,304] {dagbag.py:500} INFO - Filling up the DagBag from /home/airflow/.local/lib/python3.7/site-packages/airflow/example_dags/example_branch_day_of_week_operator.py
[2022-07-15 00:05:59,402] {processor.py:632} INFO - DAG(s) dict_keys(['example_weekday_branch_operator']) retrieved from /home/airflow/.local/lib/python3.7/site-packages/airflow/example_dags/example_branch_day_of_week_operator.py
[2022-07-15 00:05:59,441] {logging_mixin.py:109} INFO - [2022-07-15 00:05:59,441] {dag.py:2389} INFO - Sync 1 DAGs
[2022-07-15 00:05:59,504] {logging_mixin.py:109} INFO - [2022-07-15 00:05:59,504] {dag.py:2921} INFO - Setting next_dagrun for example_weekday_branch_operator to 2022-07-14 00:00:00+00:00
[2022-07-15 00:05:59,530] {processor.py:171} INFO - Processing /home/airflow/.local/lib/python3.7/site-packages/airflow/example_dags/example_branch_day_of_week_operator.py took 0.251 seconds
[2022-07-15 00:06:29,814] {processor.py:163} INFO - Started process (PID=3706) to work on /home/airflow/.local/lib/python3.7/site-packages/airflow/example_dags/example_branch_day_of_week_operator.py
[2022-07-15 00:06:29,819] {processor.py:620} INFO - Processing file /home/airflow/.local/lib/python3.7/site-packages/airflow/example_dags/example_branch_day_of_week_operator.py for tasks to queue
[2022-07-15 00:06:29,822] {logging_mixin.py:109} INFO - [2022-07-15 00:06:29,821] {dagbag.py:500} INFO - Filling up the DagBag from /home/airflow/.local/lib/python3.7/site-packages/airflow/example_dags/example_branch_day_of_week_operator.py
[2022-07-15 00:06:29,904] {processor.py:632} INFO - DAG(s) dict_keys(['example_weekday_branch_operator']) retrieved from /home/airflow/.local/lib/python3.7/site-packages/airflow/example_dags/example_branch_day_of_week_operator.py
[2022-07-15 00:06:29,947] {logging_mixin.py:109} INFO - [2022-07-15 00:06:29,947] {dag.py:2389} INFO - Sync 1 DAGs
[2022-07-15 00:06:30,018] {logging_mixin.py:109} INFO - [2022-07-15 00:06:30,017] {dag.py:2921} INFO - Setting next_dagrun for example_weekday_branch_operator to 2022-07-14 00:00:00+00:00
[2022-07-15 00:06:30,044] {processor.py:171} INFO - Processing /home/airflow/.local/lib/python3.7/site-packages/airflow/example_dags/example_branch_day_of_week_operator.py took 0.239 seconds
[2022-07-15 00:07:00,648] {processor.py:163} INFO - Started process (PID=3788) to work on /home/airflow/.local/lib/python3.7/site-packages/airflow/example_dags/example_branch_day_of_week_operator.py
[2022-07-15 00:07:00,652] {processor.py:620} INFO - Processing file /home/airflow/.local/lib/python3.7/site-packages/airflow/example_dags/example_branch_day_of_week_operator.py for tasks to queue
[2022-07-15 00:07:00,655] {logging_mixin.py:109} INFO - [2022-07-15 00:07:00,655] {dagbag.py:500} INFO - Filling up the DagBag from /home/airflow/.local/lib/python3.7/site-packages/airflow/example_dags/example_branch_day_of_week_operator.py
[2022-07-15 00:07:00,719] {processor.py:632} INFO - DAG(s) dict_keys(['example_weekday_branch_operator']) retrieved from /home/airflow/.local/lib/python3.7/site-packages/airflow/example_dags/example_branch_day_of_week_operator.py
[2022-07-15 00:07:00,749] {logging_mixin.py:109} INFO - [2022-07-15 00:07:00,749] {dag.py:2389} INFO - Sync 1 DAGs
[2022-07-15 00:07:00,815] {logging_mixin.py:109} INFO - [2022-07-15 00:07:00,814] {dag.py:2921} INFO - Setting next_dagrun for example_weekday_branch_operator to 2022-07-14 00:00:00+00:00
[2022-07-15 00:07:00,840] {processor.py:171} INFO - Processing /home/airflow/.local/lib/python3.7/site-packages/airflow/example_dags/example_branch_day_of_week_operator.py took 0.199 seconds
[2022-07-15 00:07:31,581] {processor.py:163} INFO - Started process (PID=3886) to work on /home/airflow/.local/lib/python3.7/site-packages/airflow/example_dags/example_branch_day_of_week_operator.py
[2022-07-15 00:07:31,585] {processor.py:620} INFO - Processing file /home/airflow/.local/lib/python3.7/site-packages/airflow/example_dags/example_branch_day_of_week_operator.py for tasks to queue
[2022-07-15 00:07:31,588] {logging_mixin.py:109} INFO - [2022-07-15 00:07:31,587] {dagbag.py:500} INFO - Filling up the DagBag from /home/airflow/.local/lib/python3.7/site-packages/airflow/example_dags/example_branch_day_of_week_operator.py
[2022-07-15 00:07:31,661] {processor.py:632} INFO - DAG(s) dict_keys(['example_weekday_branch_operator']) retrieved from /home/airflow/.local/lib/python3.7/site-packages/airflow/example_dags/example_branch_day_of_week_operator.py
[2022-07-15 00:07:31,699] {logging_mixin.py:109} INFO - [2022-07-15 00:07:31,698] {dag.py:2389} INFO - Sync 1 DAGs
[2022-07-15 00:07:31,773] {logging_mixin.py:109} INFO - [2022-07-15 00:07:31,772] {dag.py:2921} INFO - Setting next_dagrun for example_weekday_branch_operator to 2022-07-14 00:00:00+00:00
[2022-07-15 00:07:31,806] {processor.py:171} INFO - Processing /home/airflow/.local/lib/python3.7/site-packages/airflow/example_dags/example_branch_day_of_week_operator.py took 0.232 seconds
[2022-07-15 00:08:01,997] {processor.py:163} INFO - Started process (PID=3966) to work on /home/airflow/.local/lib/python3.7/site-packages/airflow/example_dags/example_branch_day_of_week_operator.py
[2022-07-15 00:08:02,003] {processor.py:620} INFO - Processing file /home/airflow/.local/lib/python3.7/site-packages/airflow/example_dags/example_branch_day_of_week_operator.py for tasks to queue
[2022-07-15 00:08:02,006] {logging_mixin.py:109} INFO - [2022-07-15 00:08:02,005] {dagbag.py:500} INFO - Filling up the DagBag from /home/airflow/.local/lib/python3.7/site-packages/airflow/example_dags/example_branch_day_of_week_operator.py
[2022-07-15 00:08:02,086] {processor.py:632} INFO - DAG(s) dict_keys(['example_weekday_branch_operator']) retrieved from /home/airflow/.local/lib/python3.7/site-packages/airflow/example_dags/example_branch_day_of_week_operator.py
[2022-07-15 00:08:02,129] {logging_mixin.py:109} INFO - [2022-07-15 00:08:02,128] {dag.py:2389} INFO - Sync 1 DAGs
[2022-07-15 00:08:02,199] {logging_mixin.py:109} INFO - [2022-07-15 00:08:02,198] {dag.py:2921} INFO - Setting next_dagrun for example_weekday_branch_operator to 2022-07-14 00:00:00+00:00
[2022-07-15 00:08:02,234] {processor.py:171} INFO - Processing /home/airflow/.local/lib/python3.7/site-packages/airflow/example_dags/example_branch_day_of_week_operator.py took 0.245 seconds
