[2022-07-15 00:00:19,702] {processor.py:163} INFO - Started process (PID=2607) to work on /home/airflow/.local/lib/python3.7/site-packages/airflow/example_dags/example_python_operator.py
[2022-07-15 00:00:19,706] {processor.py:620} INFO - Processing file /home/airflow/.local/lib/python3.7/site-packages/airflow/example_dags/example_python_operator.py for tasks to queue
[2022-07-15 00:00:19,722] {logging_mixin.py:109} INFO - [2022-07-15 00:00:19,722] {dagbag.py:500} INFO - Filling up the DagBag from /home/airflow/.local/lib/python3.7/site-packages/airflow/example_dags/example_python_operator.py
[2022-07-15 00:00:19,787] {processor.py:632} INFO - DAG(s) dict_keys(['example_python_operator']) retrieved from /home/airflow/.local/lib/python3.7/site-packages/airflow/example_dags/example_python_operator.py
[2022-07-15 00:00:19,828] {logging_mixin.py:109} INFO - [2022-07-15 00:00:19,827] {dag.py:2389} INFO - Sync 1 DAGs
[2022-07-15 00:00:19,881] {logging_mixin.py:109} INFO - [2022-07-15 00:00:19,881] {dag.py:2921} INFO - Setting next_dagrun for example_python_operator to None
[2022-07-15 00:00:19,906] {processor.py:171} INFO - Processing /home/airflow/.local/lib/python3.7/site-packages/airflow/example_dags/example_python_operator.py took 0.211 seconds
[2022-07-15 00:00:50,119] {processor.py:163} INFO - Started process (PID=2705) to work on /home/airflow/.local/lib/python3.7/site-packages/airflow/example_dags/example_python_operator.py
[2022-07-15 00:00:50,123] {processor.py:620} INFO - Processing file /home/airflow/.local/lib/python3.7/site-packages/airflow/example_dags/example_python_operator.py for tasks to queue
[2022-07-15 00:00:50,127] {logging_mixin.py:109} INFO - [2022-07-15 00:00:50,126] {dagbag.py:500} INFO - Filling up the DagBag from /home/airflow/.local/lib/python3.7/site-packages/airflow/example_dags/example_python_operator.py
[2022-07-15 00:00:50,201] {processor.py:632} INFO - DAG(s) dict_keys(['example_python_operator']) retrieved from /home/airflow/.local/lib/python3.7/site-packages/airflow/example_dags/example_python_operator.py
[2022-07-15 00:00:50,249] {logging_mixin.py:109} INFO - [2022-07-15 00:00:50,249] {dag.py:2389} INFO - Sync 1 DAGs
[2022-07-15 00:00:50,309] {logging_mixin.py:109} INFO - [2022-07-15 00:00:50,308] {dag.py:2921} INFO - Setting next_dagrun for example_python_operator to None
[2022-07-15 00:00:50,339] {processor.py:171} INFO - Processing /home/airflow/.local/lib/python3.7/site-packages/airflow/example_dags/example_python_operator.py took 0.227 seconds
[2022-07-15 00:01:20,646] {processor.py:163} INFO - Started process (PID=2787) to work on /home/airflow/.local/lib/python3.7/site-packages/airflow/example_dags/example_python_operator.py
[2022-07-15 00:01:20,650] {processor.py:620} INFO - Processing file /home/airflow/.local/lib/python3.7/site-packages/airflow/example_dags/example_python_operator.py for tasks to queue
[2022-07-15 00:01:20,652] {logging_mixin.py:109} INFO - [2022-07-15 00:01:20,652] {dagbag.py:500} INFO - Filling up the DagBag from /home/airflow/.local/lib/python3.7/site-packages/airflow/example_dags/example_python_operator.py
[2022-07-15 00:01:20,717] {processor.py:632} INFO - DAG(s) dict_keys(['example_python_operator']) retrieved from /home/airflow/.local/lib/python3.7/site-packages/airflow/example_dags/example_python_operator.py
[2022-07-15 00:01:20,754] {logging_mixin.py:109} INFO - [2022-07-15 00:01:20,754] {dag.py:2389} INFO - Sync 1 DAGs
[2022-07-15 00:01:20,806] {logging_mixin.py:109} INFO - [2022-07-15 00:01:20,806] {dag.py:2921} INFO - Setting next_dagrun for example_python_operator to None
[2022-07-15 00:01:20,830] {processor.py:171} INFO - Processing /home/airflow/.local/lib/python3.7/site-packages/airflow/example_dags/example_python_operator.py took 0.191 seconds
[2022-07-15 00:01:51,357] {processor.py:163} INFO - Started process (PID=2885) to work on /home/airflow/.local/lib/python3.7/site-packages/airflow/example_dags/example_python_operator.py
[2022-07-15 00:01:51,361] {processor.py:620} INFO - Processing file /home/airflow/.local/lib/python3.7/site-packages/airflow/example_dags/example_python_operator.py for tasks to queue
[2022-07-15 00:01:51,365] {logging_mixin.py:109} INFO - [2022-07-15 00:01:51,364] {dagbag.py:500} INFO - Filling up the DagBag from /home/airflow/.local/lib/python3.7/site-packages/airflow/example_dags/example_python_operator.py
[2022-07-15 00:01:51,438] {processor.py:632} INFO - DAG(s) dict_keys(['example_python_operator']) retrieved from /home/airflow/.local/lib/python3.7/site-packages/airflow/example_dags/example_python_operator.py
[2022-07-15 00:01:51,482] {logging_mixin.py:109} INFO - [2022-07-15 00:01:51,482] {dag.py:2389} INFO - Sync 1 DAGs
[2022-07-15 00:01:51,541] {logging_mixin.py:109} INFO - [2022-07-15 00:01:51,540] {dag.py:2921} INFO - Setting next_dagrun for example_python_operator to None
[2022-07-15 00:01:51,569] {processor.py:171} INFO - Processing /home/airflow/.local/lib/python3.7/site-packages/airflow/example_dags/example_python_operator.py took 0.219 seconds
[2022-07-15 00:02:22,072] {processor.py:163} INFO - Started process (PID=2967) to work on /home/airflow/.local/lib/python3.7/site-packages/airflow/example_dags/example_python_operator.py
[2022-07-15 00:02:22,076] {processor.py:620} INFO - Processing file /home/airflow/.local/lib/python3.7/site-packages/airflow/example_dags/example_python_operator.py for tasks to queue
[2022-07-15 00:02:22,080] {logging_mixin.py:109} INFO - [2022-07-15 00:02:22,080] {dagbag.py:500} INFO - Filling up the DagBag from /home/airflow/.local/lib/python3.7/site-packages/airflow/example_dags/example_python_operator.py
[2022-07-15 00:02:22,151] {processor.py:632} INFO - DAG(s) dict_keys(['example_python_operator']) retrieved from /home/airflow/.local/lib/python3.7/site-packages/airflow/example_dags/example_python_operator.py
[2022-07-15 00:02:22,194] {logging_mixin.py:109} INFO - [2022-07-15 00:02:22,193] {dag.py:2389} INFO - Sync 1 DAGs
[2022-07-15 00:02:22,249] {logging_mixin.py:109} INFO - [2022-07-15 00:02:22,249] {dag.py:2921} INFO - Setting next_dagrun for example_python_operator to None
[2022-07-15 00:02:22,276] {processor.py:171} INFO - Processing /home/airflow/.local/lib/python3.7/site-packages/airflow/example_dags/example_python_operator.py took 0.211 seconds
[2022-07-15 00:02:52,546] {processor.py:163} INFO - Started process (PID=3065) to work on /home/airflow/.local/lib/python3.7/site-packages/airflow/example_dags/example_python_operator.py
[2022-07-15 00:02:52,554] {processor.py:620} INFO - Processing file /home/airflow/.local/lib/python3.7/site-packages/airflow/example_dags/example_python_operator.py for tasks to queue
[2022-07-15 00:02:52,564] {logging_mixin.py:109} INFO - [2022-07-15 00:02:52,562] {dagbag.py:500} INFO - Filling up the DagBag from /home/airflow/.local/lib/python3.7/site-packages/airflow/example_dags/example_python_operator.py
[2022-07-15 00:02:52,716] {processor.py:632} INFO - DAG(s) dict_keys(['example_python_operator']) retrieved from /home/airflow/.local/lib/python3.7/site-packages/airflow/example_dags/example_python_operator.py
[2022-07-15 00:02:52,761] {logging_mixin.py:109} INFO - [2022-07-15 00:02:52,761] {dag.py:2389} INFO - Sync 1 DAGs
[2022-07-15 00:02:52,822] {logging_mixin.py:109} INFO - [2022-07-15 00:02:52,822] {dag.py:2921} INFO - Setting next_dagrun for example_python_operator to None
[2022-07-15 00:02:52,852] {processor.py:171} INFO - Processing /home/airflow/.local/lib/python3.7/site-packages/airflow/example_dags/example_python_operator.py took 0.316 seconds
[2022-07-15 00:03:23,093] {processor.py:163} INFO - Started process (PID=3147) to work on /home/airflow/.local/lib/python3.7/site-packages/airflow/example_dags/example_python_operator.py
[2022-07-15 00:03:23,097] {processor.py:620} INFO - Processing file /home/airflow/.local/lib/python3.7/site-packages/airflow/example_dags/example_python_operator.py for tasks to queue
[2022-07-15 00:03:23,100] {logging_mixin.py:109} INFO - [2022-07-15 00:03:23,099] {dagbag.py:500} INFO - Filling up the DagBag from /home/airflow/.local/lib/python3.7/site-packages/airflow/example_dags/example_python_operator.py
[2022-07-15 00:03:23,175] {processor.py:632} INFO - DAG(s) dict_keys(['example_python_operator']) retrieved from /home/airflow/.local/lib/python3.7/site-packages/airflow/example_dags/example_python_operator.py
[2022-07-15 00:03:23,218] {logging_mixin.py:109} INFO - [2022-07-15 00:03:23,218] {dag.py:2389} INFO - Sync 1 DAGs
[2022-07-15 00:03:23,277] {logging_mixin.py:109} INFO - [2022-07-15 00:03:23,277] {dag.py:2921} INFO - Setting next_dagrun for example_python_operator to None
[2022-07-15 00:03:23,309] {processor.py:171} INFO - Processing /home/airflow/.local/lib/python3.7/site-packages/airflow/example_dags/example_python_operator.py took 0.223 seconds
[2022-07-15 00:03:53,724] {processor.py:163} INFO - Started process (PID=3243) to work on /home/airflow/.local/lib/python3.7/site-packages/airflow/example_dags/example_python_operator.py
[2022-07-15 00:03:53,737] {processor.py:620} INFO - Processing file /home/airflow/.local/lib/python3.7/site-packages/airflow/example_dags/example_python_operator.py for tasks to queue
[2022-07-15 00:03:53,744] {logging_mixin.py:109} INFO - [2022-07-15 00:03:53,743] {dagbag.py:500} INFO - Filling up the DagBag from /home/airflow/.local/lib/python3.7/site-packages/airflow/example_dags/example_python_operator.py
[2022-07-15 00:03:53,827] {processor.py:632} INFO - DAG(s) dict_keys(['example_python_operator']) retrieved from /home/airflow/.local/lib/python3.7/site-packages/airflow/example_dags/example_python_operator.py
[2022-07-15 00:03:53,877] {logging_mixin.py:109} INFO - [2022-07-15 00:03:53,877] {dag.py:2389} INFO - Sync 1 DAGs
[2022-07-15 00:03:53,939] {logging_mixin.py:109} INFO - [2022-07-15 00:03:53,939] {dag.py:2921} INFO - Setting next_dagrun for example_python_operator to None
[2022-07-15 00:03:53,970] {processor.py:171} INFO - Processing /home/airflow/.local/lib/python3.7/site-packages/airflow/example_dags/example_python_operator.py took 0.257 seconds
[2022-07-15 00:04:24,063] {processor.py:163} INFO - Started process (PID=3326) to work on /home/airflow/.local/lib/python3.7/site-packages/airflow/example_dags/example_python_operator.py
[2022-07-15 00:04:24,081] {processor.py:620} INFO - Processing file /home/airflow/.local/lib/python3.7/site-packages/airflow/example_dags/example_python_operator.py for tasks to queue
[2022-07-15 00:04:24,085] {logging_mixin.py:109} INFO - [2022-07-15 00:04:24,084] {dagbag.py:500} INFO - Filling up the DagBag from /home/airflow/.local/lib/python3.7/site-packages/airflow/example_dags/example_python_operator.py
[2022-07-15 00:04:24,170] {processor.py:632} INFO - DAG(s) dict_keys(['example_python_operator']) retrieved from /home/airflow/.local/lib/python3.7/site-packages/airflow/example_dags/example_python_operator.py
[2022-07-15 00:04:24,221] {logging_mixin.py:109} INFO - [2022-07-15 00:04:24,220] {dag.py:2389} INFO - Sync 1 DAGs
[2022-07-15 00:04:24,285] {logging_mixin.py:109} INFO - [2022-07-15 00:04:24,285] {dag.py:2921} INFO - Setting next_dagrun for example_python_operator to None
[2022-07-15 00:04:24,320] {processor.py:171} INFO - Processing /home/airflow/.local/lib/python3.7/site-packages/airflow/example_dags/example_python_operator.py took 0.267 seconds
[2022-07-15 00:04:54,414] {processor.py:163} INFO - Started process (PID=3422) to work on /home/airflow/.local/lib/python3.7/site-packages/airflow/example_dags/example_python_operator.py
[2022-07-15 00:04:54,421] {processor.py:620} INFO - Processing file /home/airflow/.local/lib/python3.7/site-packages/airflow/example_dags/example_python_operator.py for tasks to queue
[2022-07-15 00:04:54,426] {logging_mixin.py:109} INFO - [2022-07-15 00:04:54,425] {dagbag.py:500} INFO - Filling up the DagBag from /home/airflow/.local/lib/python3.7/site-packages/airflow/example_dags/example_python_operator.py
[2022-07-15 00:04:54,517] {processor.py:632} INFO - DAG(s) dict_keys(['example_python_operator']) retrieved from /home/airflow/.local/lib/python3.7/site-packages/airflow/example_dags/example_python_operator.py
[2022-07-15 00:04:54,564] {logging_mixin.py:109} INFO - [2022-07-15 00:04:54,563] {dag.py:2389} INFO - Sync 1 DAGs
[2022-07-15 00:04:54,634] {logging_mixin.py:109} INFO - [2022-07-15 00:04:54,633] {dag.py:2921} INFO - Setting next_dagrun for example_python_operator to None
[2022-07-15 00:04:54,663] {processor.py:171} INFO - Processing /home/airflow/.local/lib/python3.7/site-packages/airflow/example_dags/example_python_operator.py took 0.257 seconds
[2022-07-15 00:05:25,148] {processor.py:163} INFO - Started process (PID=3514) to work on /home/airflow/.local/lib/python3.7/site-packages/airflow/example_dags/example_python_operator.py
[2022-07-15 00:05:25,152] {processor.py:620} INFO - Processing file /home/airflow/.local/lib/python3.7/site-packages/airflow/example_dags/example_python_operator.py for tasks to queue
[2022-07-15 00:05:25,155] {logging_mixin.py:109} INFO - [2022-07-15 00:05:25,155] {dagbag.py:500} INFO - Filling up the DagBag from /home/airflow/.local/lib/python3.7/site-packages/airflow/example_dags/example_python_operator.py
[2022-07-15 00:05:25,247] {processor.py:632} INFO - DAG(s) dict_keys(['example_python_operator']) retrieved from /home/airflow/.local/lib/python3.7/site-packages/airflow/example_dags/example_python_operator.py
[2022-07-15 00:05:25,296] {logging_mixin.py:109} INFO - [2022-07-15 00:05:25,296] {dag.py:2389} INFO - Sync 1 DAGs
[2022-07-15 00:05:25,358] {logging_mixin.py:109} INFO - [2022-07-15 00:05:25,357] {dag.py:2921} INFO - Setting next_dagrun for example_python_operator to None
[2022-07-15 00:05:25,391] {processor.py:171} INFO - Processing /home/airflow/.local/lib/python3.7/site-packages/airflow/example_dags/example_python_operator.py took 0.250 seconds
[2022-07-15 00:05:56,072] {processor.py:163} INFO - Started process (PID=3602) to work on /home/airflow/.local/lib/python3.7/site-packages/airflow/example_dags/example_python_operator.py
[2022-07-15 00:05:56,080] {processor.py:620} INFO - Processing file /home/airflow/.local/lib/python3.7/site-packages/airflow/example_dags/example_python_operator.py for tasks to queue
[2022-07-15 00:05:56,087] {logging_mixin.py:109} INFO - [2022-07-15 00:05:56,087] {dagbag.py:500} INFO - Filling up the DagBag from /home/airflow/.local/lib/python3.7/site-packages/airflow/example_dags/example_python_operator.py
[2022-07-15 00:05:56,249] {processor.py:632} INFO - DAG(s) dict_keys(['example_python_operator']) retrieved from /home/airflow/.local/lib/python3.7/site-packages/airflow/example_dags/example_python_operator.py
[2022-07-15 00:05:56,361] {logging_mixin.py:109} INFO - [2022-07-15 00:05:56,361] {dag.py:2389} INFO - Sync 1 DAGs
[2022-07-15 00:05:56,437] {logging_mixin.py:109} INFO - [2022-07-15 00:05:56,436] {dag.py:2921} INFO - Setting next_dagrun for example_python_operator to None
[2022-07-15 00:05:56,504] {processor.py:171} INFO - Processing /home/airflow/.local/lib/python3.7/site-packages/airflow/example_dags/example_python_operator.py took 0.440 seconds
[2022-07-15 00:06:26,621] {processor.py:163} INFO - Started process (PID=3698) to work on /home/airflow/.local/lib/python3.7/site-packages/airflow/example_dags/example_python_operator.py
[2022-07-15 00:06:26,625] {processor.py:620} INFO - Processing file /home/airflow/.local/lib/python3.7/site-packages/airflow/example_dags/example_python_operator.py for tasks to queue
[2022-07-15 00:06:26,629] {logging_mixin.py:109} INFO - [2022-07-15 00:06:26,628] {dagbag.py:500} INFO - Filling up the DagBag from /home/airflow/.local/lib/python3.7/site-packages/airflow/example_dags/example_python_operator.py
[2022-07-15 00:06:26,704] {processor.py:632} INFO - DAG(s) dict_keys(['example_python_operator']) retrieved from /home/airflow/.local/lib/python3.7/site-packages/airflow/example_dags/example_python_operator.py
[2022-07-15 00:06:26,746] {logging_mixin.py:109} INFO - [2022-07-15 00:06:26,746] {dag.py:2389} INFO - Sync 1 DAGs
[2022-07-15 00:06:26,811] {logging_mixin.py:109} INFO - [2022-07-15 00:06:26,811] {dag.py:2921} INFO - Setting next_dagrun for example_python_operator to None
[2022-07-15 00:06:26,847] {processor.py:171} INFO - Processing /home/airflow/.local/lib/python3.7/site-packages/airflow/example_dags/example_python_operator.py took 0.232 seconds
[2022-07-15 00:06:57,123] {processor.py:163} INFO - Started process (PID=3780) to work on /home/airflow/.local/lib/python3.7/site-packages/airflow/example_dags/example_python_operator.py
[2022-07-15 00:06:57,128] {processor.py:620} INFO - Processing file /home/airflow/.local/lib/python3.7/site-packages/airflow/example_dags/example_python_operator.py for tasks to queue
[2022-07-15 00:06:57,131] {logging_mixin.py:109} INFO - [2022-07-15 00:06:57,130] {dagbag.py:500} INFO - Filling up the DagBag from /home/airflow/.local/lib/python3.7/site-packages/airflow/example_dags/example_python_operator.py
[2022-07-15 00:06:57,210] {processor.py:632} INFO - DAG(s) dict_keys(['example_python_operator']) retrieved from /home/airflow/.local/lib/python3.7/site-packages/airflow/example_dags/example_python_operator.py
[2022-07-15 00:06:57,255] {logging_mixin.py:109} INFO - [2022-07-15 00:06:57,255] {dag.py:2389} INFO - Sync 1 DAGs
[2022-07-15 00:06:57,317] {logging_mixin.py:109} INFO - [2022-07-15 00:06:57,316] {dag.py:2921} INFO - Setting next_dagrun for example_python_operator to None
[2022-07-15 00:06:57,348] {processor.py:171} INFO - Processing /home/airflow/.local/lib/python3.7/site-packages/airflow/example_dags/example_python_operator.py took 0.232 seconds
[2022-07-15 00:07:27,783] {processor.py:163} INFO - Started process (PID=3878) to work on /home/airflow/.local/lib/python3.7/site-packages/airflow/example_dags/example_python_operator.py
[2022-07-15 00:07:27,788] {processor.py:620} INFO - Processing file /home/airflow/.local/lib/python3.7/site-packages/airflow/example_dags/example_python_operator.py for tasks to queue
[2022-07-15 00:07:27,792] {logging_mixin.py:109} INFO - [2022-07-15 00:07:27,791] {dagbag.py:500} INFO - Filling up the DagBag from /home/airflow/.local/lib/python3.7/site-packages/airflow/example_dags/example_python_operator.py
[2022-07-15 00:07:27,869] {processor.py:632} INFO - DAG(s) dict_keys(['example_python_operator']) retrieved from /home/airflow/.local/lib/python3.7/site-packages/airflow/example_dags/example_python_operator.py
[2022-07-15 00:07:27,914] {logging_mixin.py:109} INFO - [2022-07-15 00:07:27,914] {dag.py:2389} INFO - Sync 1 DAGs
[2022-07-15 00:07:27,978] {logging_mixin.py:109} INFO - [2022-07-15 00:07:27,978] {dag.py:2921} INFO - Setting next_dagrun for example_python_operator to None
[2022-07-15 00:07:28,027] {processor.py:171} INFO - Processing /home/airflow/.local/lib/python3.7/site-packages/airflow/example_dags/example_python_operator.py took 0.252 seconds
[2022-07-15 00:07:58,582] {processor.py:163} INFO - Started process (PID=3958) to work on /home/airflow/.local/lib/python3.7/site-packages/airflow/example_dags/example_python_operator.py
[2022-07-15 00:07:58,586] {processor.py:620} INFO - Processing file /home/airflow/.local/lib/python3.7/site-packages/airflow/example_dags/example_python_operator.py for tasks to queue
[2022-07-15 00:07:58,590] {logging_mixin.py:109} INFO - [2022-07-15 00:07:58,589] {dagbag.py:500} INFO - Filling up the DagBag from /home/airflow/.local/lib/python3.7/site-packages/airflow/example_dags/example_python_operator.py
[2022-07-15 00:07:58,698] {processor.py:632} INFO - DAG(s) dict_keys(['example_python_operator']) retrieved from /home/airflow/.local/lib/python3.7/site-packages/airflow/example_dags/example_python_operator.py
[2022-07-15 00:07:58,792] {logging_mixin.py:109} INFO - [2022-07-15 00:07:58,792] {dag.py:2389} INFO - Sync 1 DAGs
[2022-07-15 00:07:58,876] {logging_mixin.py:109} INFO - [2022-07-15 00:07:58,875] {dag.py:2921} INFO - Setting next_dagrun for example_python_operator to None
[2022-07-15 00:07:58,915] {processor.py:171} INFO - Processing /home/airflow/.local/lib/python3.7/site-packages/airflow/example_dags/example_python_operator.py took 0.342 seconds
