[2022-07-15 00:00:10,028] {processor.py:163} INFO - Started process (PID=2577) to work on /home/airflow/.local/lib/python3.7/site-packages/airflow/example_dags/example_subdag_operator.py
[2022-07-15 00:00:10,032] {processor.py:620} INFO - Processing file /home/airflow/.local/lib/python3.7/site-packages/airflow/example_dags/example_subdag_operator.py for tasks to queue
[2022-07-15 00:00:10,037] {logging_mixin.py:109} INFO - [2022-07-15 00:00:10,036] {dagbag.py:500} INFO - Filling up the DagBag from /home/airflow/.local/lib/python3.7/site-packages/airflow/example_dags/example_subdag_operator.py
[2022-07-15 00:00:10,142] {processor.py:632} INFO - DAG(s) dict_keys(['example_subdag_operator.section-1', 'example_subdag_operator.section-2', 'example_subdag_operator']) retrieved from /home/airflow/.local/lib/python3.7/site-packages/airflow/example_dags/example_subdag_operator.py
[2022-07-15 00:00:11,458] {logging_mixin.py:109} INFO - [2022-07-15 00:00:11,458] {dag.py:2389} INFO - Sync 3 DAGs
[2022-07-15 00:00:11,516] {logging_mixin.py:109} INFO - [2022-07-15 00:00:11,516] {dag.py:2921} INFO - Setting next_dagrun for example_subdag_operator to 2022-07-13T00:00:00+00:00
[2022-07-15 00:00:11,519] {logging_mixin.py:109} INFO - [2022-07-15 00:00:11,519] {dag.py:2921} INFO - Setting next_dagrun for example_subdag_operator.section-1 to None
[2022-07-15 00:00:11,522] {logging_mixin.py:109} INFO - [2022-07-15 00:00:11,521] {dag.py:2921} INFO - Setting next_dagrun for example_subdag_operator.section-2 to None
[2022-07-15 00:00:11,553] {logging_mixin.py:109} INFO - [2022-07-15 00:00:11,553] {dag.py:2389} INFO - Sync 2 DAGs
[2022-07-15 00:00:11,592] {logging_mixin.py:109} INFO - [2022-07-15 00:00:11,591] {dag.py:2921} INFO - Setting next_dagrun for example_subdag_operator.section-1 to None
[2022-07-15 00:00:11,594] {logging_mixin.py:109} INFO - [2022-07-15 00:00:11,594] {dag.py:2921} INFO - Setting next_dagrun for example_subdag_operator.section-2 to None
[2022-07-15 00:00:11,615] {processor.py:171} INFO - Processing /home/airflow/.local/lib/python3.7/site-packages/airflow/example_dags/example_subdag_operator.py took 1.596 seconds
[2022-07-15 00:00:41,854] {processor.py:163} INFO - Started process (PID=2661) to work on /home/airflow/.local/lib/python3.7/site-packages/airflow/example_dags/example_subdag_operator.py
[2022-07-15 00:00:41,859] {processor.py:620} INFO - Processing file /home/airflow/.local/lib/python3.7/site-packages/airflow/example_dags/example_subdag_operator.py for tasks to queue
[2022-07-15 00:00:41,861] {logging_mixin.py:109} INFO - [2022-07-15 00:00:41,861] {dagbag.py:500} INFO - Filling up the DagBag from /home/airflow/.local/lib/python3.7/site-packages/airflow/example_dags/example_subdag_operator.py
[2022-07-15 00:00:41,952] {processor.py:632} INFO - DAG(s) dict_keys(['example_subdag_operator.section-1', 'example_subdag_operator.section-2', 'example_subdag_operator']) retrieved from /home/airflow/.local/lib/python3.7/site-packages/airflow/example_dags/example_subdag_operator.py
[2022-07-15 00:00:42,002] {logging_mixin.py:109} INFO - [2022-07-15 00:00:42,002] {dag.py:2389} INFO - Sync 3 DAGs
[2022-07-15 00:00:42,063] {logging_mixin.py:109} INFO - [2022-07-15 00:00:42,063] {dag.py:2921} INFO - Setting next_dagrun for example_subdag_operator to 2022-07-13T00:00:00+00:00
[2022-07-15 00:00:42,066] {logging_mixin.py:109} INFO - [2022-07-15 00:00:42,066] {dag.py:2921} INFO - Setting next_dagrun for example_subdag_operator.section-1 to None
[2022-07-15 00:00:42,068] {logging_mixin.py:109} INFO - [2022-07-15 00:00:42,068] {dag.py:2921} INFO - Setting next_dagrun for example_subdag_operator.section-2 to None
[2022-07-15 00:00:42,089] {logging_mixin.py:109} INFO - [2022-07-15 00:00:42,089] {dag.py:2389} INFO - Sync 2 DAGs
[2022-07-15 00:00:42,127] {logging_mixin.py:109} INFO - [2022-07-15 00:00:42,126] {dag.py:2921} INFO - Setting next_dagrun for example_subdag_operator.section-1 to None
[2022-07-15 00:00:42,130] {logging_mixin.py:109} INFO - [2022-07-15 00:00:42,129] {dag.py:2921} INFO - Setting next_dagrun for example_subdag_operator.section-2 to None
[2022-07-15 00:00:42,153] {processor.py:171} INFO - Processing /home/airflow/.local/lib/python3.7/site-packages/airflow/example_dags/example_subdag_operator.py took 0.306 seconds
[2022-07-15 00:01:12,694] {processor.py:163} INFO - Started process (PID=2759) to work on /home/airflow/.local/lib/python3.7/site-packages/airflow/example_dags/example_subdag_operator.py
[2022-07-15 00:01:12,703] {processor.py:620} INFO - Processing file /home/airflow/.local/lib/python3.7/site-packages/airflow/example_dags/example_subdag_operator.py for tasks to queue
[2022-07-15 00:01:12,715] {logging_mixin.py:109} INFO - [2022-07-15 00:01:12,714] {dagbag.py:500} INFO - Filling up the DagBag from /home/airflow/.local/lib/python3.7/site-packages/airflow/example_dags/example_subdag_operator.py
[2022-07-15 00:01:12,821] {processor.py:632} INFO - DAG(s) dict_keys(['example_subdag_operator.section-1', 'example_subdag_operator.section-2', 'example_subdag_operator']) retrieved from /home/airflow/.local/lib/python3.7/site-packages/airflow/example_dags/example_subdag_operator.py
[2022-07-15 00:01:12,902] {logging_mixin.py:109} INFO - [2022-07-15 00:01:12,902] {dag.py:2389} INFO - Sync 3 DAGs
[2022-07-15 00:01:12,966] {logging_mixin.py:109} INFO - [2022-07-15 00:01:12,966] {dag.py:2921} INFO - Setting next_dagrun for example_subdag_operator to 2022-07-13T00:00:00+00:00
[2022-07-15 00:01:12,970] {logging_mixin.py:109} INFO - [2022-07-15 00:01:12,970] {dag.py:2921} INFO - Setting next_dagrun for example_subdag_operator.section-1 to None
[2022-07-15 00:01:12,973] {logging_mixin.py:109} INFO - [2022-07-15 00:01:12,972] {dag.py:2921} INFO - Setting next_dagrun for example_subdag_operator.section-2 to None
[2022-07-15 00:01:13,002] {logging_mixin.py:109} INFO - [2022-07-15 00:01:13,002] {dag.py:2389} INFO - Sync 2 DAGs
[2022-07-15 00:01:13,057] {logging_mixin.py:109} INFO - [2022-07-15 00:01:13,057] {dag.py:2921} INFO - Setting next_dagrun for example_subdag_operator.section-1 to None
[2022-07-15 00:01:13,060] {logging_mixin.py:109} INFO - [2022-07-15 00:01:13,059] {dag.py:2921} INFO - Setting next_dagrun for example_subdag_operator.section-2 to None
[2022-07-15 00:01:13,082] {processor.py:171} INFO - Processing /home/airflow/.local/lib/python3.7/site-packages/airflow/example_dags/example_subdag_operator.py took 0.395 seconds
[2022-07-15 00:01:43,500] {processor.py:163} INFO - Started process (PID=2841) to work on /home/airflow/.local/lib/python3.7/site-packages/airflow/example_dags/example_subdag_operator.py
[2022-07-15 00:01:43,505] {processor.py:620} INFO - Processing file /home/airflow/.local/lib/python3.7/site-packages/airflow/example_dags/example_subdag_operator.py for tasks to queue
[2022-07-15 00:01:43,508] {logging_mixin.py:109} INFO - [2022-07-15 00:01:43,507] {dagbag.py:500} INFO - Filling up the DagBag from /home/airflow/.local/lib/python3.7/site-packages/airflow/example_dags/example_subdag_operator.py
[2022-07-15 00:01:43,612] {processor.py:632} INFO - DAG(s) dict_keys(['example_subdag_operator.section-1', 'example_subdag_operator.section-2', 'example_subdag_operator']) retrieved from /home/airflow/.local/lib/python3.7/site-packages/airflow/example_dags/example_subdag_operator.py
[2022-07-15 00:01:43,663] {logging_mixin.py:109} INFO - [2022-07-15 00:01:43,662] {dag.py:2389} INFO - Sync 3 DAGs
[2022-07-15 00:01:43,726] {logging_mixin.py:109} INFO - [2022-07-15 00:01:43,726] {dag.py:2921} INFO - Setting next_dagrun for example_subdag_operator to 2022-07-13T00:00:00+00:00
[2022-07-15 00:01:43,730] {logging_mixin.py:109} INFO - [2022-07-15 00:01:43,730] {dag.py:2921} INFO - Setting next_dagrun for example_subdag_operator.section-1 to None
[2022-07-15 00:01:43,733] {logging_mixin.py:109} INFO - [2022-07-15 00:01:43,733] {dag.py:2921} INFO - Setting next_dagrun for example_subdag_operator.section-2 to None
[2022-07-15 00:01:43,757] {logging_mixin.py:109} INFO - [2022-07-15 00:01:43,756] {dag.py:2389} INFO - Sync 2 DAGs
[2022-07-15 00:01:43,792] {logging_mixin.py:109} INFO - [2022-07-15 00:01:43,792] {dag.py:2921} INFO - Setting next_dagrun for example_subdag_operator.section-1 to None
[2022-07-15 00:01:43,796] {logging_mixin.py:109} INFO - [2022-07-15 00:01:43,795] {dag.py:2921} INFO - Setting next_dagrun for example_subdag_operator.section-2 to None
[2022-07-15 00:01:43,846] {processor.py:171} INFO - Processing /home/airflow/.local/lib/python3.7/site-packages/airflow/example_dags/example_subdag_operator.py took 0.354 seconds
[2022-07-15 00:02:14,056] {processor.py:163} INFO - Started process (PID=2939) to work on /home/airflow/.local/lib/python3.7/site-packages/airflow/example_dags/example_subdag_operator.py
[2022-07-15 00:02:14,062] {processor.py:620} INFO - Processing file /home/airflow/.local/lib/python3.7/site-packages/airflow/example_dags/example_subdag_operator.py for tasks to queue
[2022-07-15 00:02:14,065] {logging_mixin.py:109} INFO - [2022-07-15 00:02:14,064] {dagbag.py:500} INFO - Filling up the DagBag from /home/airflow/.local/lib/python3.7/site-packages/airflow/example_dags/example_subdag_operator.py
[2022-07-15 00:02:14,179] {processor.py:632} INFO - DAG(s) dict_keys(['example_subdag_operator.section-1', 'example_subdag_operator.section-2', 'example_subdag_operator']) retrieved from /home/airflow/.local/lib/python3.7/site-packages/airflow/example_dags/example_subdag_operator.py
[2022-07-15 00:02:14,238] {logging_mixin.py:109} INFO - [2022-07-15 00:02:14,237] {dag.py:2389} INFO - Sync 3 DAGs
[2022-07-15 00:02:14,301] {logging_mixin.py:109} INFO - [2022-07-15 00:02:14,301] {dag.py:2921} INFO - Setting next_dagrun for example_subdag_operator to 2022-07-13T00:00:00+00:00
[2022-07-15 00:02:14,304] {logging_mixin.py:109} INFO - [2022-07-15 00:02:14,303] {dag.py:2921} INFO - Setting next_dagrun for example_subdag_operator.section-1 to None
[2022-07-15 00:02:14,307] {logging_mixin.py:109} INFO - [2022-07-15 00:02:14,307] {dag.py:2921} INFO - Setting next_dagrun for example_subdag_operator.section-2 to None
[2022-07-15 00:02:14,328] {logging_mixin.py:109} INFO - [2022-07-15 00:02:14,327] {dag.py:2389} INFO - Sync 2 DAGs
[2022-07-15 00:02:14,369] {logging_mixin.py:109} INFO - [2022-07-15 00:02:14,368] {dag.py:2921} INFO - Setting next_dagrun for example_subdag_operator.section-1 to None
[2022-07-15 00:02:14,372] {logging_mixin.py:109} INFO - [2022-07-15 00:02:14,372] {dag.py:2921} INFO - Setting next_dagrun for example_subdag_operator.section-2 to None
[2022-07-15 00:02:14,392] {processor.py:171} INFO - Processing /home/airflow/.local/lib/python3.7/site-packages/airflow/example_dags/example_subdag_operator.py took 0.344 seconds
[2022-07-15 00:02:44,743] {processor.py:163} INFO - Started process (PID=3031) to work on /home/airflow/.local/lib/python3.7/site-packages/airflow/example_dags/example_subdag_operator.py
[2022-07-15 00:02:44,747] {processor.py:620} INFO - Processing file /home/airflow/.local/lib/python3.7/site-packages/airflow/example_dags/example_subdag_operator.py for tasks to queue
[2022-07-15 00:02:44,750] {logging_mixin.py:109} INFO - [2022-07-15 00:02:44,750] {dagbag.py:500} INFO - Filling up the DagBag from /home/airflow/.local/lib/python3.7/site-packages/airflow/example_dags/example_subdag_operator.py
[2022-07-15 00:02:44,850] {processor.py:632} INFO - DAG(s) dict_keys(['example_subdag_operator.section-1', 'example_subdag_operator.section-2', 'example_subdag_operator']) retrieved from /home/airflow/.local/lib/python3.7/site-packages/airflow/example_dags/example_subdag_operator.py
[2022-07-15 00:02:44,905] {logging_mixin.py:109} INFO - [2022-07-15 00:02:44,904] {dag.py:2389} INFO - Sync 3 DAGs
[2022-07-15 00:02:44,980] {logging_mixin.py:109} INFO - [2022-07-15 00:02:44,979] {dag.py:2921} INFO - Setting next_dagrun for example_subdag_operator to 2022-07-13T00:00:00+00:00
[2022-07-15 00:02:44,983] {logging_mixin.py:109} INFO - [2022-07-15 00:02:44,982] {dag.py:2921} INFO - Setting next_dagrun for example_subdag_operator.section-1 to None
[2022-07-15 00:02:44,985] {logging_mixin.py:109} INFO - [2022-07-15 00:02:44,985] {dag.py:2921} INFO - Setting next_dagrun for example_subdag_operator.section-2 to None
[2022-07-15 00:02:45,008] {logging_mixin.py:109} INFO - [2022-07-15 00:02:45,008] {dag.py:2389} INFO - Sync 2 DAGs
[2022-07-15 00:02:45,049] {logging_mixin.py:109} INFO - [2022-07-15 00:02:45,048] {dag.py:2921} INFO - Setting next_dagrun for example_subdag_operator.section-1 to None
[2022-07-15 00:02:45,052] {logging_mixin.py:109} INFO - [2022-07-15 00:02:45,051] {dag.py:2921} INFO - Setting next_dagrun for example_subdag_operator.section-2 to None
[2022-07-15 00:02:45,075] {processor.py:171} INFO - Processing /home/airflow/.local/lib/python3.7/site-packages/airflow/example_dags/example_subdag_operator.py took 0.341 seconds
[2022-07-15 00:03:15,333] {processor.py:163} INFO - Started process (PID=3117) to work on /home/airflow/.local/lib/python3.7/site-packages/airflow/example_dags/example_subdag_operator.py
[2022-07-15 00:03:15,337] {processor.py:620} INFO - Processing file /home/airflow/.local/lib/python3.7/site-packages/airflow/example_dags/example_subdag_operator.py for tasks to queue
[2022-07-15 00:03:15,340] {logging_mixin.py:109} INFO - [2022-07-15 00:03:15,340] {dagbag.py:500} INFO - Filling up the DagBag from /home/airflow/.local/lib/python3.7/site-packages/airflow/example_dags/example_subdag_operator.py
[2022-07-15 00:03:15,445] {processor.py:632} INFO - DAG(s) dict_keys(['example_subdag_operator.section-1', 'example_subdag_operator.section-2', 'example_subdag_operator']) retrieved from /home/airflow/.local/lib/python3.7/site-packages/airflow/example_dags/example_subdag_operator.py
[2022-07-15 00:03:15,498] {logging_mixin.py:109} INFO - [2022-07-15 00:03:15,497] {dag.py:2389} INFO - Sync 3 DAGs
[2022-07-15 00:03:15,565] {logging_mixin.py:109} INFO - [2022-07-15 00:03:15,565] {dag.py:2921} INFO - Setting next_dagrun for example_subdag_operator to 2022-07-13T00:00:00+00:00
[2022-07-15 00:03:15,568] {logging_mixin.py:109} INFO - [2022-07-15 00:03:15,568] {dag.py:2921} INFO - Setting next_dagrun for example_subdag_operator.section-1 to None
[2022-07-15 00:03:15,571] {logging_mixin.py:109} INFO - [2022-07-15 00:03:15,570] {dag.py:2921} INFO - Setting next_dagrun for example_subdag_operator.section-2 to None
[2022-07-15 00:03:15,593] {logging_mixin.py:109} INFO - [2022-07-15 00:03:15,593] {dag.py:2389} INFO - Sync 2 DAGs
[2022-07-15 00:03:15,637] {logging_mixin.py:109} INFO - [2022-07-15 00:03:15,636] {dag.py:2921} INFO - Setting next_dagrun for example_subdag_operator.section-1 to None
[2022-07-15 00:03:15,649] {logging_mixin.py:109} INFO - [2022-07-15 00:03:15,649] {dag.py:2921} INFO - Setting next_dagrun for example_subdag_operator.section-2 to None
[2022-07-15 00:03:15,689] {processor.py:171} INFO - Processing /home/airflow/.local/lib/python3.7/site-packages/airflow/example_dags/example_subdag_operator.py took 0.364 seconds
[2022-07-15 00:03:45,923] {processor.py:163} INFO - Started process (PID=3212) to work on /home/airflow/.local/lib/python3.7/site-packages/airflow/example_dags/example_subdag_operator.py
[2022-07-15 00:03:45,938] {processor.py:620} INFO - Processing file /home/airflow/.local/lib/python3.7/site-packages/airflow/example_dags/example_subdag_operator.py for tasks to queue
[2022-07-15 00:03:45,942] {logging_mixin.py:109} INFO - [2022-07-15 00:03:45,941] {dagbag.py:500} INFO - Filling up the DagBag from /home/airflow/.local/lib/python3.7/site-packages/airflow/example_dags/example_subdag_operator.py
[2022-07-15 00:03:46,055] {processor.py:632} INFO - DAG(s) dict_keys(['example_subdag_operator.section-1', 'example_subdag_operator.section-2', 'example_subdag_operator']) retrieved from /home/airflow/.local/lib/python3.7/site-packages/airflow/example_dags/example_subdag_operator.py
[2022-07-15 00:03:46,110] {logging_mixin.py:109} INFO - [2022-07-15 00:03:46,110] {dag.py:2389} INFO - Sync 3 DAGs
[2022-07-15 00:03:46,180] {logging_mixin.py:109} INFO - [2022-07-15 00:03:46,179] {dag.py:2921} INFO - Setting next_dagrun for example_subdag_operator to 2022-07-13T00:00:00+00:00
[2022-07-15 00:03:46,183] {logging_mixin.py:109} INFO - [2022-07-15 00:03:46,183] {dag.py:2921} INFO - Setting next_dagrun for example_subdag_operator.section-1 to None
[2022-07-15 00:03:46,188] {logging_mixin.py:109} INFO - [2022-07-15 00:03:46,188] {dag.py:2921} INFO - Setting next_dagrun for example_subdag_operator.section-2 to None
[2022-07-15 00:03:46,212] {logging_mixin.py:109} INFO - [2022-07-15 00:03:46,211] {dag.py:2389} INFO - Sync 2 DAGs
[2022-07-15 00:03:46,252] {logging_mixin.py:109} INFO - [2022-07-15 00:03:46,251] {dag.py:2921} INFO - Setting next_dagrun for example_subdag_operator.section-1 to None
[2022-07-15 00:03:46,255] {logging_mixin.py:109} INFO - [2022-07-15 00:03:46,254] {dag.py:2921} INFO - Setting next_dagrun for example_subdag_operator.section-2 to None
[2022-07-15 00:03:46,278] {processor.py:171} INFO - Processing /home/airflow/.local/lib/python3.7/site-packages/airflow/example_dags/example_subdag_operator.py took 0.361 seconds
[2022-07-15 00:04:16,453] {processor.py:163} INFO - Started process (PID=3298) to work on /home/airflow/.local/lib/python3.7/site-packages/airflow/example_dags/example_subdag_operator.py
[2022-07-15 00:04:16,458] {processor.py:620} INFO - Processing file /home/airflow/.local/lib/python3.7/site-packages/airflow/example_dags/example_subdag_operator.py for tasks to queue
[2022-07-15 00:04:16,461] {logging_mixin.py:109} INFO - [2022-07-15 00:04:16,461] {dagbag.py:500} INFO - Filling up the DagBag from /home/airflow/.local/lib/python3.7/site-packages/airflow/example_dags/example_subdag_operator.py
[2022-07-15 00:04:16,558] {processor.py:632} INFO - DAG(s) dict_keys(['example_subdag_operator.section-1', 'example_subdag_operator.section-2', 'example_subdag_operator']) retrieved from /home/airflow/.local/lib/python3.7/site-packages/airflow/example_dags/example_subdag_operator.py
[2022-07-15 00:04:16,610] {logging_mixin.py:109} INFO - [2022-07-15 00:04:16,609] {dag.py:2389} INFO - Sync 3 DAGs
[2022-07-15 00:04:16,673] {logging_mixin.py:109} INFO - [2022-07-15 00:04:16,673] {dag.py:2921} INFO - Setting next_dagrun for example_subdag_operator to 2022-07-13T00:00:00+00:00
[2022-07-15 00:04:16,677] {logging_mixin.py:109} INFO - [2022-07-15 00:04:16,676] {dag.py:2921} INFO - Setting next_dagrun for example_subdag_operator.section-1 to None
[2022-07-15 00:04:16,681] {logging_mixin.py:109} INFO - [2022-07-15 00:04:16,680] {dag.py:2921} INFO - Setting next_dagrun for example_subdag_operator.section-2 to None
[2022-07-15 00:04:16,731] {logging_mixin.py:109} INFO - [2022-07-15 00:04:16,730] {dag.py:2389} INFO - Sync 2 DAGs
[2022-07-15 00:04:16,822] {logging_mixin.py:109} INFO - [2022-07-15 00:04:16,821] {dag.py:2921} INFO - Setting next_dagrun for example_subdag_operator.section-1 to None
[2022-07-15 00:04:16,826] {logging_mixin.py:109} INFO - [2022-07-15 00:04:16,825] {dag.py:2921} INFO - Setting next_dagrun for example_subdag_operator.section-2 to None
[2022-07-15 00:04:16,858] {processor.py:171} INFO - Processing /home/airflow/.local/lib/python3.7/site-packages/airflow/example_dags/example_subdag_operator.py took 0.413 seconds
[2022-07-15 00:04:47,080] {processor.py:163} INFO - Started process (PID=3394) to work on /home/airflow/.local/lib/python3.7/site-packages/airflow/example_dags/example_subdag_operator.py
[2022-07-15 00:04:47,086] {processor.py:620} INFO - Processing file /home/airflow/.local/lib/python3.7/site-packages/airflow/example_dags/example_subdag_operator.py for tasks to queue
[2022-07-15 00:04:47,090] {logging_mixin.py:109} INFO - [2022-07-15 00:04:47,090] {dagbag.py:500} INFO - Filling up the DagBag from /home/airflow/.local/lib/python3.7/site-packages/airflow/example_dags/example_subdag_operator.py
[2022-07-15 00:04:47,193] {processor.py:632} INFO - DAG(s) dict_keys(['example_subdag_operator.section-1', 'example_subdag_operator.section-2', 'example_subdag_operator']) retrieved from /home/airflow/.local/lib/python3.7/site-packages/airflow/example_dags/example_subdag_operator.py
[2022-07-15 00:04:47,248] {logging_mixin.py:109} INFO - [2022-07-15 00:04:47,247] {dag.py:2389} INFO - Sync 3 DAGs
[2022-07-15 00:04:47,320] {logging_mixin.py:109} INFO - [2022-07-15 00:04:47,319] {dag.py:2921} INFO - Setting next_dagrun for example_subdag_operator to 2022-07-13T00:00:00+00:00
[2022-07-15 00:04:47,324] {logging_mixin.py:109} INFO - [2022-07-15 00:04:47,323] {dag.py:2921} INFO - Setting next_dagrun for example_subdag_operator.section-1 to None
[2022-07-15 00:04:47,327] {logging_mixin.py:109} INFO - [2022-07-15 00:04:47,326] {dag.py:2921} INFO - Setting next_dagrun for example_subdag_operator.section-2 to None
[2022-07-15 00:04:47,348] {logging_mixin.py:109} INFO - [2022-07-15 00:04:47,348] {dag.py:2389} INFO - Sync 2 DAGs
[2022-07-15 00:04:47,387] {logging_mixin.py:109} INFO - [2022-07-15 00:04:47,386] {dag.py:2921} INFO - Setting next_dagrun for example_subdag_operator.section-1 to None
[2022-07-15 00:04:47,390] {logging_mixin.py:109} INFO - [2022-07-15 00:04:47,389] {dag.py:2921} INFO - Setting next_dagrun for example_subdag_operator.section-2 to None
[2022-07-15 00:04:47,414] {processor.py:171} INFO - Processing /home/airflow/.local/lib/python3.7/site-packages/airflow/example_dags/example_subdag_operator.py took 0.341 seconds
[2022-07-15 00:05:17,596] {processor.py:163} INFO - Started process (PID=3476) to work on /home/airflow/.local/lib/python3.7/site-packages/airflow/example_dags/example_subdag_operator.py
[2022-07-15 00:05:17,600] {processor.py:620} INFO - Processing file /home/airflow/.local/lib/python3.7/site-packages/airflow/example_dags/example_subdag_operator.py for tasks to queue
[2022-07-15 00:05:17,605] {logging_mixin.py:109} INFO - [2022-07-15 00:05:17,605] {dagbag.py:500} INFO - Filling up the DagBag from /home/airflow/.local/lib/python3.7/site-packages/airflow/example_dags/example_subdag_operator.py
[2022-07-15 00:05:17,718] {processor.py:632} INFO - DAG(s) dict_keys(['example_subdag_operator.section-1', 'example_subdag_operator.section-2', 'example_subdag_operator']) retrieved from /home/airflow/.local/lib/python3.7/site-packages/airflow/example_dags/example_subdag_operator.py
[2022-07-15 00:05:17,773] {logging_mixin.py:109} INFO - [2022-07-15 00:05:17,772] {dag.py:2389} INFO - Sync 3 DAGs
[2022-07-15 00:05:17,837] {logging_mixin.py:109} INFO - [2022-07-15 00:05:17,836] {dag.py:2921} INFO - Setting next_dagrun for example_subdag_operator to 2022-07-13T00:00:00+00:00
[2022-07-15 00:05:17,840] {logging_mixin.py:109} INFO - [2022-07-15 00:05:17,840] {dag.py:2921} INFO - Setting next_dagrun for example_subdag_operator.section-1 to None
[2022-07-15 00:05:17,842] {logging_mixin.py:109} INFO - [2022-07-15 00:05:17,842] {dag.py:2921} INFO - Setting next_dagrun for example_subdag_operator.section-2 to None
[2022-07-15 00:05:17,865] {logging_mixin.py:109} INFO - [2022-07-15 00:05:17,864] {dag.py:2389} INFO - Sync 2 DAGs
[2022-07-15 00:05:17,913] {logging_mixin.py:109} INFO - [2022-07-15 00:05:17,913] {dag.py:2921} INFO - Setting next_dagrun for example_subdag_operator.section-1 to None
[2022-07-15 00:05:17,916] {logging_mixin.py:109} INFO - [2022-07-15 00:05:17,916] {dag.py:2921} INFO - Setting next_dagrun for example_subdag_operator.section-2 to None
[2022-07-15 00:05:17,939] {processor.py:171} INFO - Processing /home/airflow/.local/lib/python3.7/site-packages/airflow/example_dags/example_subdag_operator.py took 0.350 seconds
[2022-07-15 00:05:48,064] {processor.py:163} INFO - Started process (PID=3574) to work on /home/airflow/.local/lib/python3.7/site-packages/airflow/example_dags/example_subdag_operator.py
[2022-07-15 00:05:48,069] {processor.py:620} INFO - Processing file /home/airflow/.local/lib/python3.7/site-packages/airflow/example_dags/example_subdag_operator.py for tasks to queue
[2022-07-15 00:05:48,073] {logging_mixin.py:109} INFO - [2022-07-15 00:05:48,072] {dagbag.py:500} INFO - Filling up the DagBag from /home/airflow/.local/lib/python3.7/site-packages/airflow/example_dags/example_subdag_operator.py
[2022-07-15 00:05:48,187] {processor.py:632} INFO - DAG(s) dict_keys(['example_subdag_operator.section-1', 'example_subdag_operator.section-2', 'example_subdag_operator']) retrieved from /home/airflow/.local/lib/python3.7/site-packages/airflow/example_dags/example_subdag_operator.py
[2022-07-15 00:05:48,246] {logging_mixin.py:109} INFO - [2022-07-15 00:05:48,245] {dag.py:2389} INFO - Sync 3 DAGs
[2022-07-15 00:05:48,315] {logging_mixin.py:109} INFO - [2022-07-15 00:05:48,314] {dag.py:2921} INFO - Setting next_dagrun for example_subdag_operator to 2022-07-13T00:00:00+00:00
[2022-07-15 00:05:48,318] {logging_mixin.py:109} INFO - [2022-07-15 00:05:48,317] {dag.py:2921} INFO - Setting next_dagrun for example_subdag_operator.section-1 to None
[2022-07-15 00:05:48,320] {logging_mixin.py:109} INFO - [2022-07-15 00:05:48,319] {dag.py:2921} INFO - Setting next_dagrun for example_subdag_operator.section-2 to None
[2022-07-15 00:05:48,341] {logging_mixin.py:109} INFO - [2022-07-15 00:05:48,341] {dag.py:2389} INFO - Sync 2 DAGs
[2022-07-15 00:05:48,382] {logging_mixin.py:109} INFO - [2022-07-15 00:05:48,381] {dag.py:2921} INFO - Setting next_dagrun for example_subdag_operator.section-1 to None
[2022-07-15 00:05:48,384] {logging_mixin.py:109} INFO - [2022-07-15 00:05:48,384] {dag.py:2921} INFO - Setting next_dagrun for example_subdag_operator.section-2 to None
[2022-07-15 00:05:48,408] {processor.py:171} INFO - Processing /home/airflow/.local/lib/python3.7/site-packages/airflow/example_dags/example_subdag_operator.py took 0.352 seconds
[2022-07-15 00:06:18,609] {processor.py:163} INFO - Started process (PID=3656) to work on /home/airflow/.local/lib/python3.7/site-packages/airflow/example_dags/example_subdag_operator.py
[2022-07-15 00:06:18,615] {processor.py:620} INFO - Processing file /home/airflow/.local/lib/python3.7/site-packages/airflow/example_dags/example_subdag_operator.py for tasks to queue
[2022-07-15 00:06:18,619] {logging_mixin.py:109} INFO - [2022-07-15 00:06:18,618] {dagbag.py:500} INFO - Filling up the DagBag from /home/airflow/.local/lib/python3.7/site-packages/airflow/example_dags/example_subdag_operator.py
[2022-07-15 00:06:18,723] {processor.py:632} INFO - DAG(s) dict_keys(['example_subdag_operator.section-1', 'example_subdag_operator.section-2', 'example_subdag_operator']) retrieved from /home/airflow/.local/lib/python3.7/site-packages/airflow/example_dags/example_subdag_operator.py
[2022-07-15 00:06:18,775] {logging_mixin.py:109} INFO - [2022-07-15 00:06:18,774] {dag.py:2389} INFO - Sync 3 DAGs
[2022-07-15 00:06:18,844] {logging_mixin.py:109} INFO - [2022-07-15 00:06:18,843] {dag.py:2921} INFO - Setting next_dagrun for example_subdag_operator to 2022-07-13T00:00:00+00:00
[2022-07-15 00:06:18,846] {logging_mixin.py:109} INFO - [2022-07-15 00:06:18,846] {dag.py:2921} INFO - Setting next_dagrun for example_subdag_operator.section-1 to None
[2022-07-15 00:06:18,848] {logging_mixin.py:109} INFO - [2022-07-15 00:06:18,848] {dag.py:2921} INFO - Setting next_dagrun for example_subdag_operator.section-2 to None
[2022-07-15 00:06:18,867] {logging_mixin.py:109} INFO - [2022-07-15 00:06:18,866] {dag.py:2389} INFO - Sync 2 DAGs
[2022-07-15 00:06:18,902] {logging_mixin.py:109} INFO - [2022-07-15 00:06:18,902] {dag.py:2921} INFO - Setting next_dagrun for example_subdag_operator.section-1 to None
[2022-07-15 00:06:18,905] {logging_mixin.py:109} INFO - [2022-07-15 00:06:18,904] {dag.py:2921} INFO - Setting next_dagrun for example_subdag_operator.section-2 to None
[2022-07-15 00:06:18,923] {processor.py:171} INFO - Processing /home/airflow/.local/lib/python3.7/site-packages/airflow/example_dags/example_subdag_operator.py took 0.323 seconds
[2022-07-15 00:06:49,053] {processor.py:163} INFO - Started process (PID=3754) to work on /home/airflow/.local/lib/python3.7/site-packages/airflow/example_dags/example_subdag_operator.py
[2022-07-15 00:06:49,064] {processor.py:620} INFO - Processing file /home/airflow/.local/lib/python3.7/site-packages/airflow/example_dags/example_subdag_operator.py for tasks to queue
[2022-07-15 00:06:49,074] {logging_mixin.py:109} INFO - [2022-07-15 00:06:49,073] {dagbag.py:500} INFO - Filling up the DagBag from /home/airflow/.local/lib/python3.7/site-packages/airflow/example_dags/example_subdag_operator.py
[2022-07-15 00:06:49,188] {processor.py:632} INFO - DAG(s) dict_keys(['example_subdag_operator.section-1', 'example_subdag_operator.section-2', 'example_subdag_operator']) retrieved from /home/airflow/.local/lib/python3.7/site-packages/airflow/example_dags/example_subdag_operator.py
[2022-07-15 00:06:49,246] {logging_mixin.py:109} INFO - [2022-07-15 00:06:49,245] {dag.py:2389} INFO - Sync 3 DAGs
[2022-07-15 00:06:49,321] {logging_mixin.py:109} INFO - [2022-07-15 00:06:49,321] {dag.py:2921} INFO - Setting next_dagrun for example_subdag_operator to 2022-07-13T00:00:00+00:00
[2022-07-15 00:06:49,325] {logging_mixin.py:109} INFO - [2022-07-15 00:06:49,324] {dag.py:2921} INFO - Setting next_dagrun for example_subdag_operator.section-1 to None
[2022-07-15 00:06:49,328] {logging_mixin.py:109} INFO - [2022-07-15 00:06:49,328] {dag.py:2921} INFO - Setting next_dagrun for example_subdag_operator.section-2 to None
[2022-07-15 00:06:49,352] {logging_mixin.py:109} INFO - [2022-07-15 00:06:49,352] {dag.py:2389} INFO - Sync 2 DAGs
[2022-07-15 00:06:49,391] {logging_mixin.py:109} INFO - [2022-07-15 00:06:49,391] {dag.py:2921} INFO - Setting next_dagrun for example_subdag_operator.section-1 to None
[2022-07-15 00:06:49,394] {logging_mixin.py:109} INFO - [2022-07-15 00:06:49,393] {dag.py:2921} INFO - Setting next_dagrun for example_subdag_operator.section-2 to None
[2022-07-15 00:06:49,418] {processor.py:171} INFO - Processing /home/airflow/.local/lib/python3.7/site-packages/airflow/example_dags/example_subdag_operator.py took 0.373 seconds
[2022-07-15 00:07:19,677] {processor.py:163} INFO - Started process (PID=3834) to work on /home/airflow/.local/lib/python3.7/site-packages/airflow/example_dags/example_subdag_operator.py
[2022-07-15 00:07:19,681] {processor.py:620} INFO - Processing file /home/airflow/.local/lib/python3.7/site-packages/airflow/example_dags/example_subdag_operator.py for tasks to queue
[2022-07-15 00:07:19,684] {logging_mixin.py:109} INFO - [2022-07-15 00:07:19,683] {dagbag.py:500} INFO - Filling up the DagBag from /home/airflow/.local/lib/python3.7/site-packages/airflow/example_dags/example_subdag_operator.py
[2022-07-15 00:07:19,783] {processor.py:632} INFO - DAG(s) dict_keys(['example_subdag_operator.section-1', 'example_subdag_operator.section-2', 'example_subdag_operator']) retrieved from /home/airflow/.local/lib/python3.7/site-packages/airflow/example_dags/example_subdag_operator.py
[2022-07-15 00:07:19,834] {logging_mixin.py:109} INFO - [2022-07-15 00:07:19,833] {dag.py:2389} INFO - Sync 3 DAGs
[2022-07-15 00:07:19,893] {logging_mixin.py:109} INFO - [2022-07-15 00:07:19,892] {dag.py:2921} INFO - Setting next_dagrun for example_subdag_operator to 2022-07-13T00:00:00+00:00
[2022-07-15 00:07:19,895] {logging_mixin.py:109} INFO - [2022-07-15 00:07:19,894] {dag.py:2921} INFO - Setting next_dagrun for example_subdag_operator.section-1 to None
[2022-07-15 00:07:19,897] {logging_mixin.py:109} INFO - [2022-07-15 00:07:19,897] {dag.py:2921} INFO - Setting next_dagrun for example_subdag_operator.section-2 to None
[2022-07-15 00:07:19,917] {logging_mixin.py:109} INFO - [2022-07-15 00:07:19,916] {dag.py:2389} INFO - Sync 2 DAGs
[2022-07-15 00:07:19,955] {logging_mixin.py:109} INFO - [2022-07-15 00:07:19,955] {dag.py:2921} INFO - Setting next_dagrun for example_subdag_operator.section-1 to None
[2022-07-15 00:07:19,958] {logging_mixin.py:109} INFO - [2022-07-15 00:07:19,957] {dag.py:2921} INFO - Setting next_dagrun for example_subdag_operator.section-2 to None
[2022-07-15 00:07:19,979] {processor.py:171} INFO - Processing /home/airflow/.local/lib/python3.7/site-packages/airflow/example_dags/example_subdag_operator.py took 0.309 seconds
[2022-07-15 00:07:50,849] {processor.py:163} INFO - Started process (PID=3932) to work on /home/airflow/.local/lib/python3.7/site-packages/airflow/example_dags/example_subdag_operator.py
[2022-07-15 00:07:50,869] {processor.py:620} INFO - Processing file /home/airflow/.local/lib/python3.7/site-packages/airflow/example_dags/example_subdag_operator.py for tasks to queue
[2022-07-15 00:07:50,873] {logging_mixin.py:109} INFO - [2022-07-15 00:07:50,872] {dagbag.py:500} INFO - Filling up the DagBag from /home/airflow/.local/lib/python3.7/site-packages/airflow/example_dags/example_subdag_operator.py
[2022-07-15 00:07:50,983] {processor.py:632} INFO - DAG(s) dict_keys(['example_subdag_operator.section-1', 'example_subdag_operator.section-2', 'example_subdag_operator']) retrieved from /home/airflow/.local/lib/python3.7/site-packages/airflow/example_dags/example_subdag_operator.py
[2022-07-15 00:07:51,056] {logging_mixin.py:109} INFO - [2022-07-15 00:07:51,055] {dag.py:2389} INFO - Sync 3 DAGs
[2022-07-15 00:07:51,131] {logging_mixin.py:109} INFO - [2022-07-15 00:07:51,130] {dag.py:2921} INFO - Setting next_dagrun for example_subdag_operator to 2022-07-13T00:00:00+00:00
[2022-07-15 00:07:51,134] {logging_mixin.py:109} INFO - [2022-07-15 00:07:51,134] {dag.py:2921} INFO - Setting next_dagrun for example_subdag_operator.section-1 to None
[2022-07-15 00:07:51,137] {logging_mixin.py:109} INFO - [2022-07-15 00:07:51,136] {dag.py:2921} INFO - Setting next_dagrun for example_subdag_operator.section-2 to None
[2022-07-15 00:07:51,162] {logging_mixin.py:109} INFO - [2022-07-15 00:07:51,162] {dag.py:2389} INFO - Sync 2 DAGs
[2022-07-15 00:07:51,204] {logging_mixin.py:109} INFO - [2022-07-15 00:07:51,204] {dag.py:2921} INFO - Setting next_dagrun for example_subdag_operator.section-1 to None
[2022-07-15 00:07:51,207] {logging_mixin.py:109} INFO - [2022-07-15 00:07:51,207] {dag.py:2921} INFO - Setting next_dagrun for example_subdag_operator.section-2 to None
[2022-07-15 00:07:51,228] {processor.py:171} INFO - Processing /home/airflow/.local/lib/python3.7/site-packages/airflow/example_dags/example_subdag_operator.py took 0.386 seconds
