[2022-07-15 00:00:28,915] {processor.py:163} INFO - Started process (PID=2639) to work on /home/airflow/.local/lib/python3.7/site-packages/airflow/example_dags/example_external_task_marker_dag.py
[2022-07-15 00:00:28,932] {processor.py:620} INFO - Processing file /home/airflow/.local/lib/python3.7/site-packages/airflow/example_dags/example_external_task_marker_dag.py for tasks to queue
[2022-07-15 00:00:28,942] {logging_mixin.py:109} INFO - [2022-07-15 00:00:28,942] {dagbag.py:500} INFO - Filling up the DagBag from /home/airflow/.local/lib/python3.7/site-packages/airflow/example_dags/example_external_task_marker_dag.py
[2022-07-15 00:00:29,049] {processor.py:632} INFO - DAG(s) dict_keys(['example_external_task_marker_parent', 'example_external_task_marker_child']) retrieved from /home/airflow/.local/lib/python3.7/site-packages/airflow/example_dags/example_external_task_marker_dag.py
[2022-07-15 00:00:29,153] {logging_mixin.py:109} INFO - [2022-07-15 00:00:29,153] {dag.py:2389} INFO - Sync 2 DAGs
[2022-07-15 00:00:29,225] {logging_mixin.py:109} INFO - [2022-07-15 00:00:29,225] {dag.py:2921} INFO - Setting next_dagrun for example_external_task_marker_child to None
[2022-07-15 00:00:29,228] {logging_mixin.py:109} INFO - [2022-07-15 00:00:29,228] {dag.py:2921} INFO - Setting next_dagrun for example_external_task_marker_parent to None
[2022-07-15 00:00:29,261] {processor.py:171} INFO - Processing /home/airflow/.local/lib/python3.7/site-packages/airflow/example_dags/example_external_task_marker_dag.py took 0.358 seconds
[2022-07-15 00:00:59,330] {processor.py:163} INFO - Started process (PID=2719) to work on /home/airflow/.local/lib/python3.7/site-packages/airflow/example_dags/example_external_task_marker_dag.py
[2022-07-15 00:00:59,334] {processor.py:620} INFO - Processing file /home/airflow/.local/lib/python3.7/site-packages/airflow/example_dags/example_external_task_marker_dag.py for tasks to queue
[2022-07-15 00:00:59,337] {logging_mixin.py:109} INFO - [2022-07-15 00:00:59,336] {dagbag.py:500} INFO - Filling up the DagBag from /home/airflow/.local/lib/python3.7/site-packages/airflow/example_dags/example_external_task_marker_dag.py
[2022-07-15 00:00:59,399] {processor.py:632} INFO - DAG(s) dict_keys(['example_external_task_marker_parent', 'example_external_task_marker_child']) retrieved from /home/airflow/.local/lib/python3.7/site-packages/airflow/example_dags/example_external_task_marker_dag.py
[2022-07-15 00:00:59,442] {logging_mixin.py:109} INFO - [2022-07-15 00:00:59,442] {dag.py:2389} INFO - Sync 2 DAGs
[2022-07-15 00:00:59,492] {logging_mixin.py:109} INFO - [2022-07-15 00:00:59,491] {dag.py:2921} INFO - Setting next_dagrun for example_external_task_marker_child to None
[2022-07-15 00:00:59,495] {logging_mixin.py:109} INFO - [2022-07-15 00:00:59,494] {dag.py:2921} INFO - Setting next_dagrun for example_external_task_marker_parent to None
[2022-07-15 00:00:59,519] {processor.py:171} INFO - Processing /home/airflow/.local/lib/python3.7/site-packages/airflow/example_dags/example_external_task_marker_dag.py took 0.197 seconds
[2022-07-15 00:01:29,916] {processor.py:163} INFO - Started process (PID=2817) to work on /home/airflow/.local/lib/python3.7/site-packages/airflow/example_dags/example_external_task_marker_dag.py
[2022-07-15 00:01:29,921] {processor.py:620} INFO - Processing file /home/airflow/.local/lib/python3.7/site-packages/airflow/example_dags/example_external_task_marker_dag.py for tasks to queue
[2022-07-15 00:01:29,924] {logging_mixin.py:109} INFO - [2022-07-15 00:01:29,924] {dagbag.py:500} INFO - Filling up the DagBag from /home/airflow/.local/lib/python3.7/site-packages/airflow/example_dags/example_external_task_marker_dag.py
[2022-07-15 00:01:29,994] {processor.py:632} INFO - DAG(s) dict_keys(['example_external_task_marker_parent', 'example_external_task_marker_child']) retrieved from /home/airflow/.local/lib/python3.7/site-packages/airflow/example_dags/example_external_task_marker_dag.py
[2022-07-15 00:01:30,046] {logging_mixin.py:109} INFO - [2022-07-15 00:01:30,045] {dag.py:2389} INFO - Sync 2 DAGs
[2022-07-15 00:01:30,105] {logging_mixin.py:109} INFO - [2022-07-15 00:01:30,104] {dag.py:2921} INFO - Setting next_dagrun for example_external_task_marker_child to None
[2022-07-15 00:01:30,108] {logging_mixin.py:109} INFO - [2022-07-15 00:01:30,108] {dag.py:2921} INFO - Setting next_dagrun for example_external_task_marker_parent to None
[2022-07-15 00:01:30,137] {processor.py:171} INFO - Processing /home/airflow/.local/lib/python3.7/site-packages/airflow/example_dags/example_external_task_marker_dag.py took 0.233 seconds
[2022-07-15 00:02:00,257] {processor.py:163} INFO - Started process (PID=2899) to work on /home/airflow/.local/lib/python3.7/site-packages/airflow/example_dags/example_external_task_marker_dag.py
[2022-07-15 00:02:00,260] {processor.py:620} INFO - Processing file /home/airflow/.local/lib/python3.7/site-packages/airflow/example_dags/example_external_task_marker_dag.py for tasks to queue
[2022-07-15 00:02:00,263] {logging_mixin.py:109} INFO - [2022-07-15 00:02:00,263] {dagbag.py:500} INFO - Filling up the DagBag from /home/airflow/.local/lib/python3.7/site-packages/airflow/example_dags/example_external_task_marker_dag.py
[2022-07-15 00:02:00,332] {processor.py:632} INFO - DAG(s) dict_keys(['example_external_task_marker_parent', 'example_external_task_marker_child']) retrieved from /home/airflow/.local/lib/python3.7/site-packages/airflow/example_dags/example_external_task_marker_dag.py
[2022-07-15 00:02:00,382] {logging_mixin.py:109} INFO - [2022-07-15 00:02:00,381] {dag.py:2389} INFO - Sync 2 DAGs
[2022-07-15 00:02:00,437] {logging_mixin.py:109} INFO - [2022-07-15 00:02:00,437] {dag.py:2921} INFO - Setting next_dagrun for example_external_task_marker_child to None
[2022-07-15 00:02:00,440] {logging_mixin.py:109} INFO - [2022-07-15 00:02:00,440] {dag.py:2921} INFO - Setting next_dagrun for example_external_task_marker_parent to None
[2022-07-15 00:02:00,466] {processor.py:171} INFO - Processing /home/airflow/.local/lib/python3.7/site-packages/airflow/example_dags/example_external_task_marker_dag.py took 0.216 seconds
[2022-07-15 00:02:31,000] {processor.py:163} INFO - Started process (PID=2997) to work on /home/airflow/.local/lib/python3.7/site-packages/airflow/example_dags/example_external_task_marker_dag.py
[2022-07-15 00:02:31,006] {processor.py:620} INFO - Processing file /home/airflow/.local/lib/python3.7/site-packages/airflow/example_dags/example_external_task_marker_dag.py for tasks to queue
[2022-07-15 00:02:31,009] {logging_mixin.py:109} INFO - [2022-07-15 00:02:31,009] {dagbag.py:500} INFO - Filling up the DagBag from /home/airflow/.local/lib/python3.7/site-packages/airflow/example_dags/example_external_task_marker_dag.py
[2022-07-15 00:02:31,082] {processor.py:632} INFO - DAG(s) dict_keys(['example_external_task_marker_parent', 'example_external_task_marker_child']) retrieved from /home/airflow/.local/lib/python3.7/site-packages/airflow/example_dags/example_external_task_marker_dag.py
[2022-07-15 00:02:31,143] {logging_mixin.py:109} INFO - [2022-07-15 00:02:31,142] {dag.py:2389} INFO - Sync 2 DAGs
[2022-07-15 00:02:31,213] {logging_mixin.py:109} INFO - [2022-07-15 00:02:31,213] {dag.py:2921} INFO - Setting next_dagrun for example_external_task_marker_child to None
[2022-07-15 00:02:31,216] {logging_mixin.py:109} INFO - [2022-07-15 00:02:31,216] {dag.py:2921} INFO - Setting next_dagrun for example_external_task_marker_parent to None
[2022-07-15 00:02:31,253] {processor.py:171} INFO - Processing /home/airflow/.local/lib/python3.7/site-packages/airflow/example_dags/example_external_task_marker_dag.py took 0.261 seconds
[2022-07-15 00:03:01,565] {processor.py:163} INFO - Started process (PID=3077) to work on /home/airflow/.local/lib/python3.7/site-packages/airflow/example_dags/example_external_task_marker_dag.py
[2022-07-15 00:03:01,569] {processor.py:620} INFO - Processing file /home/airflow/.local/lib/python3.7/site-packages/airflow/example_dags/example_external_task_marker_dag.py for tasks to queue
[2022-07-15 00:03:01,572] {logging_mixin.py:109} INFO - [2022-07-15 00:03:01,572] {dagbag.py:500} INFO - Filling up the DagBag from /home/airflow/.local/lib/python3.7/site-packages/airflow/example_dags/example_external_task_marker_dag.py
[2022-07-15 00:03:01,632] {processor.py:632} INFO - DAG(s) dict_keys(['example_external_task_marker_parent', 'example_external_task_marker_child']) retrieved from /home/airflow/.local/lib/python3.7/site-packages/airflow/example_dags/example_external_task_marker_dag.py
[2022-07-15 00:03:01,677] {logging_mixin.py:109} INFO - [2022-07-15 00:03:01,677] {dag.py:2389} INFO - Sync 2 DAGs
[2022-07-15 00:03:01,729] {logging_mixin.py:109} INFO - [2022-07-15 00:03:01,729] {dag.py:2921} INFO - Setting next_dagrun for example_external_task_marker_child to None
[2022-07-15 00:03:01,732] {logging_mixin.py:109} INFO - [2022-07-15 00:03:01,731] {dag.py:2921} INFO - Setting next_dagrun for example_external_task_marker_parent to None
[2022-07-15 00:03:01,759] {processor.py:171} INFO - Processing /home/airflow/.local/lib/python3.7/site-packages/airflow/example_dags/example_external_task_marker_dag.py took 0.200 seconds
[2022-07-15 00:03:32,074] {processor.py:163} INFO - Started process (PID=3175) to work on /home/airflow/.local/lib/python3.7/site-packages/airflow/example_dags/example_external_task_marker_dag.py
[2022-07-15 00:03:32,079] {processor.py:620} INFO - Processing file /home/airflow/.local/lib/python3.7/site-packages/airflow/example_dags/example_external_task_marker_dag.py for tasks to queue
[2022-07-15 00:03:32,082] {logging_mixin.py:109} INFO - [2022-07-15 00:03:32,082] {dagbag.py:500} INFO - Filling up the DagBag from /home/airflow/.local/lib/python3.7/site-packages/airflow/example_dags/example_external_task_marker_dag.py
[2022-07-15 00:03:32,153] {processor.py:632} INFO - DAG(s) dict_keys(['example_external_task_marker_parent', 'example_external_task_marker_child']) retrieved from /home/airflow/.local/lib/python3.7/site-packages/airflow/example_dags/example_external_task_marker_dag.py
[2022-07-15 00:03:32,205] {logging_mixin.py:109} INFO - [2022-07-15 00:03:32,204] {dag.py:2389} INFO - Sync 2 DAGs
[2022-07-15 00:03:32,268] {logging_mixin.py:109} INFO - [2022-07-15 00:03:32,268] {dag.py:2921} INFO - Setting next_dagrun for example_external_task_marker_child to None
[2022-07-15 00:03:32,272] {logging_mixin.py:109} INFO - [2022-07-15 00:03:32,271] {dag.py:2921} INFO - Setting next_dagrun for example_external_task_marker_parent to None
[2022-07-15 00:03:32,302] {processor.py:171} INFO - Processing /home/airflow/.local/lib/python3.7/site-packages/airflow/example_dags/example_external_task_marker_dag.py took 0.236 seconds
[2022-07-15 00:04:02,734] {processor.py:163} INFO - Started process (PID=3257) to work on /home/airflow/.local/lib/python3.7/site-packages/airflow/example_dags/example_external_task_marker_dag.py
[2022-07-15 00:04:02,738] {processor.py:620} INFO - Processing file /home/airflow/.local/lib/python3.7/site-packages/airflow/example_dags/example_external_task_marker_dag.py for tasks to queue
[2022-07-15 00:04:02,741] {logging_mixin.py:109} INFO - [2022-07-15 00:04:02,740] {dagbag.py:500} INFO - Filling up the DagBag from /home/airflow/.local/lib/python3.7/site-packages/airflow/example_dags/example_external_task_marker_dag.py
[2022-07-15 00:04:02,809] {processor.py:632} INFO - DAG(s) dict_keys(['example_external_task_marker_parent', 'example_external_task_marker_child']) retrieved from /home/airflow/.local/lib/python3.7/site-packages/airflow/example_dags/example_external_task_marker_dag.py
[2022-07-15 00:04:02,859] {logging_mixin.py:109} INFO - [2022-07-15 00:04:02,858] {dag.py:2389} INFO - Sync 2 DAGs
[2022-07-15 00:04:02,916] {logging_mixin.py:109} INFO - [2022-07-15 00:04:02,915] {dag.py:2921} INFO - Setting next_dagrun for example_external_task_marker_child to None
[2022-07-15 00:04:02,918] {logging_mixin.py:109} INFO - [2022-07-15 00:04:02,918] {dag.py:2921} INFO - Setting next_dagrun for example_external_task_marker_parent to None
[2022-07-15 00:04:02,944] {processor.py:171} INFO - Processing /home/airflow/.local/lib/python3.7/site-packages/airflow/example_dags/example_external_task_marker_dag.py took 0.216 seconds
[2022-07-15 00:04:33,026] {processor.py:163} INFO - Started process (PID=3356) to work on /home/airflow/.local/lib/python3.7/site-packages/airflow/example_dags/example_external_task_marker_dag.py
[2022-07-15 00:04:33,031] {processor.py:620} INFO - Processing file /home/airflow/.local/lib/python3.7/site-packages/airflow/example_dags/example_external_task_marker_dag.py for tasks to queue
[2022-07-15 00:04:33,034] {logging_mixin.py:109} INFO - [2022-07-15 00:04:33,033] {dagbag.py:500} INFO - Filling up the DagBag from /home/airflow/.local/lib/python3.7/site-packages/airflow/example_dags/example_external_task_marker_dag.py
[2022-07-15 00:04:33,109] {processor.py:632} INFO - DAG(s) dict_keys(['example_external_task_marker_parent', 'example_external_task_marker_child']) retrieved from /home/airflow/.local/lib/python3.7/site-packages/airflow/example_dags/example_external_task_marker_dag.py
[2022-07-15 00:04:33,170] {logging_mixin.py:109} INFO - [2022-07-15 00:04:33,169] {dag.py:2389} INFO - Sync 2 DAGs
[2022-07-15 00:04:33,232] {logging_mixin.py:109} INFO - [2022-07-15 00:04:33,232] {dag.py:2921} INFO - Setting next_dagrun for example_external_task_marker_child to None
[2022-07-15 00:04:33,235] {logging_mixin.py:109} INFO - [2022-07-15 00:04:33,235] {dag.py:2921} INFO - Setting next_dagrun for example_external_task_marker_parent to None
[2022-07-15 00:04:33,267] {processor.py:171} INFO - Processing /home/airflow/.local/lib/python3.7/site-packages/airflow/example_dags/example_external_task_marker_dag.py took 0.249 seconds
[2022-07-15 00:05:03,670] {processor.py:163} INFO - Started process (PID=3438) to work on /home/airflow/.local/lib/python3.7/site-packages/airflow/example_dags/example_external_task_marker_dag.py
[2022-07-15 00:05:03,675] {processor.py:620} INFO - Processing file /home/airflow/.local/lib/python3.7/site-packages/airflow/example_dags/example_external_task_marker_dag.py for tasks to queue
[2022-07-15 00:05:03,678] {logging_mixin.py:109} INFO - [2022-07-15 00:05:03,677] {dagbag.py:500} INFO - Filling up the DagBag from /home/airflow/.local/lib/python3.7/site-packages/airflow/example_dags/example_external_task_marker_dag.py
[2022-07-15 00:05:03,746] {processor.py:632} INFO - DAG(s) dict_keys(['example_external_task_marker_parent', 'example_external_task_marker_child']) retrieved from /home/airflow/.local/lib/python3.7/site-packages/airflow/example_dags/example_external_task_marker_dag.py
[2022-07-15 00:05:03,793] {logging_mixin.py:109} INFO - [2022-07-15 00:05:03,793] {dag.py:2389} INFO - Sync 2 DAGs
[2022-07-15 00:05:03,850] {logging_mixin.py:109} INFO - [2022-07-15 00:05:03,850] {dag.py:2921} INFO - Setting next_dagrun for example_external_task_marker_child to None
[2022-07-15 00:05:03,853] {logging_mixin.py:109} INFO - [2022-07-15 00:05:03,853] {dag.py:2921} INFO - Setting next_dagrun for example_external_task_marker_parent to None
[2022-07-15 00:05:03,880] {processor.py:171} INFO - Processing /home/airflow/.local/lib/python3.7/site-packages/airflow/example_dags/example_external_task_marker_dag.py took 0.218 seconds
[2022-07-15 00:05:34,305] {processor.py:163} INFO - Started process (PID=3536) to work on /home/airflow/.local/lib/python3.7/site-packages/airflow/example_dags/example_external_task_marker_dag.py
[2022-07-15 00:05:34,311] {processor.py:620} INFO - Processing file /home/airflow/.local/lib/python3.7/site-packages/airflow/example_dags/example_external_task_marker_dag.py for tasks to queue
[2022-07-15 00:05:34,314] {logging_mixin.py:109} INFO - [2022-07-15 00:05:34,314] {dagbag.py:500} INFO - Filling up the DagBag from /home/airflow/.local/lib/python3.7/site-packages/airflow/example_dags/example_external_task_marker_dag.py
[2022-07-15 00:05:34,385] {processor.py:632} INFO - DAG(s) dict_keys(['example_external_task_marker_parent', 'example_external_task_marker_child']) retrieved from /home/airflow/.local/lib/python3.7/site-packages/airflow/example_dags/example_external_task_marker_dag.py
[2022-07-15 00:05:34,439] {logging_mixin.py:109} INFO - [2022-07-15 00:05:34,438] {dag.py:2389} INFO - Sync 2 DAGs
[2022-07-15 00:05:34,501] {logging_mixin.py:109} INFO - [2022-07-15 00:05:34,501] {dag.py:2921} INFO - Setting next_dagrun for example_external_task_marker_child to None
[2022-07-15 00:05:34,504] {logging_mixin.py:109} INFO - [2022-07-15 00:05:34,504] {dag.py:2921} INFO - Setting next_dagrun for example_external_task_marker_parent to None
[2022-07-15 00:05:34,542] {processor.py:171} INFO - Processing /home/airflow/.local/lib/python3.7/site-packages/airflow/example_dags/example_external_task_marker_dag.py took 0.245 seconds
[2022-07-15 00:06:04,673] {processor.py:163} INFO - Started process (PID=3628) to work on /home/airflow/.local/lib/python3.7/site-packages/airflow/example_dags/example_external_task_marker_dag.py
[2022-07-15 00:06:04,679] {processor.py:620} INFO - Processing file /home/airflow/.local/lib/python3.7/site-packages/airflow/example_dags/example_external_task_marker_dag.py for tasks to queue
[2022-07-15 00:06:04,682] {logging_mixin.py:109} INFO - [2022-07-15 00:06:04,681] {dagbag.py:500} INFO - Filling up the DagBag from /home/airflow/.local/lib/python3.7/site-packages/airflow/example_dags/example_external_task_marker_dag.py
[2022-07-15 00:06:04,758] {processor.py:632} INFO - DAG(s) dict_keys(['example_external_task_marker_parent', 'example_external_task_marker_child']) retrieved from /home/airflow/.local/lib/python3.7/site-packages/airflow/example_dags/example_external_task_marker_dag.py
[2022-07-15 00:06:04,812] {logging_mixin.py:109} INFO - [2022-07-15 00:06:04,812] {dag.py:2389} INFO - Sync 2 DAGs
[2022-07-15 00:06:04,882] {logging_mixin.py:109} INFO - [2022-07-15 00:06:04,882] {dag.py:2921} INFO - Setting next_dagrun for example_external_task_marker_child to None
[2022-07-15 00:06:04,886] {logging_mixin.py:109} INFO - [2022-07-15 00:06:04,885] {dag.py:2921} INFO - Setting next_dagrun for example_external_task_marker_parent to None
[2022-07-15 00:06:04,922] {processor.py:171} INFO - Processing /home/airflow/.local/lib/python3.7/site-packages/airflow/example_dags/example_external_task_marker_dag.py took 0.256 seconds
[2022-07-15 00:06:35,187] {processor.py:163} INFO - Started process (PID=3716) to work on /home/airflow/.local/lib/python3.7/site-packages/airflow/example_dags/example_external_task_marker_dag.py
[2022-07-15 00:06:35,191] {processor.py:620} INFO - Processing file /home/airflow/.local/lib/python3.7/site-packages/airflow/example_dags/example_external_task_marker_dag.py for tasks to queue
[2022-07-15 00:06:35,194] {logging_mixin.py:109} INFO - [2022-07-15 00:06:35,194] {dagbag.py:500} INFO - Filling up the DagBag from /home/airflow/.local/lib/python3.7/site-packages/airflow/example_dags/example_external_task_marker_dag.py
[2022-07-15 00:06:35,264] {processor.py:632} INFO - DAG(s) dict_keys(['example_external_task_marker_parent', 'example_external_task_marker_child']) retrieved from /home/airflow/.local/lib/python3.7/site-packages/airflow/example_dags/example_external_task_marker_dag.py
[2022-07-15 00:06:35,320] {logging_mixin.py:109} INFO - [2022-07-15 00:06:35,319] {dag.py:2389} INFO - Sync 2 DAGs
[2022-07-15 00:06:35,383] {logging_mixin.py:109} INFO - [2022-07-15 00:06:35,383] {dag.py:2921} INFO - Setting next_dagrun for example_external_task_marker_child to None
[2022-07-15 00:06:35,387] {logging_mixin.py:109} INFO - [2022-07-15 00:06:35,386] {dag.py:2921} INFO - Setting next_dagrun for example_external_task_marker_parent to None
[2022-07-15 00:06:35,419] {processor.py:171} INFO - Processing /home/airflow/.local/lib/python3.7/site-packages/airflow/example_dags/example_external_task_marker_dag.py took 0.239 seconds
[2022-07-15 00:07:06,184] {processor.py:163} INFO - Started process (PID=3814) to work on /home/airflow/.local/lib/python3.7/site-packages/airflow/example_dags/example_external_task_marker_dag.py
[2022-07-15 00:07:06,188] {processor.py:620} INFO - Processing file /home/airflow/.local/lib/python3.7/site-packages/airflow/example_dags/example_external_task_marker_dag.py for tasks to queue
[2022-07-15 00:07:06,191] {logging_mixin.py:109} INFO - [2022-07-15 00:07:06,191] {dagbag.py:500} INFO - Filling up the DagBag from /home/airflow/.local/lib/python3.7/site-packages/airflow/example_dags/example_external_task_marker_dag.py
[2022-07-15 00:07:06,260] {processor.py:632} INFO - DAG(s) dict_keys(['example_external_task_marker_parent', 'example_external_task_marker_child']) retrieved from /home/airflow/.local/lib/python3.7/site-packages/airflow/example_dags/example_external_task_marker_dag.py
[2022-07-15 00:07:06,315] {logging_mixin.py:109} INFO - [2022-07-15 00:07:06,315] {dag.py:2389} INFO - Sync 2 DAGs
[2022-07-15 00:07:06,379] {logging_mixin.py:109} INFO - [2022-07-15 00:07:06,379] {dag.py:2921} INFO - Setting next_dagrun for example_external_task_marker_child to None
[2022-07-15 00:07:06,382] {logging_mixin.py:109} INFO - [2022-07-15 00:07:06,382] {dag.py:2921} INFO - Setting next_dagrun for example_external_task_marker_parent to None
[2022-07-15 00:07:06,411] {processor.py:171} INFO - Processing /home/airflow/.local/lib/python3.7/site-packages/airflow/example_dags/example_external_task_marker_dag.py took 0.233 seconds
[2022-07-15 00:07:36,819] {processor.py:163} INFO - Started process (PID=3896) to work on /home/airflow/.local/lib/python3.7/site-packages/airflow/example_dags/example_external_task_marker_dag.py
[2022-07-15 00:07:36,824] {processor.py:620} INFO - Processing file /home/airflow/.local/lib/python3.7/site-packages/airflow/example_dags/example_external_task_marker_dag.py for tasks to queue
[2022-07-15 00:07:36,827] {logging_mixin.py:109} INFO - [2022-07-15 00:07:36,827] {dagbag.py:500} INFO - Filling up the DagBag from /home/airflow/.local/lib/python3.7/site-packages/airflow/example_dags/example_external_task_marker_dag.py
[2022-07-15 00:07:36,905] {processor.py:632} INFO - DAG(s) dict_keys(['example_external_task_marker_parent', 'example_external_task_marker_child']) retrieved from /home/airflow/.local/lib/python3.7/site-packages/airflow/example_dags/example_external_task_marker_dag.py
[2022-07-15 00:07:36,962] {logging_mixin.py:109} INFO - [2022-07-15 00:07:36,961] {dag.py:2389} INFO - Sync 2 DAGs
[2022-07-15 00:07:37,025] {logging_mixin.py:109} INFO - [2022-07-15 00:07:37,024] {dag.py:2921} INFO - Setting next_dagrun for example_external_task_marker_child to None
[2022-07-15 00:07:37,028] {logging_mixin.py:109} INFO - [2022-07-15 00:07:37,028] {dag.py:2921} INFO - Setting next_dagrun for example_external_task_marker_parent to None
[2022-07-15 00:07:37,062] {processor.py:171} INFO - Processing /home/airflow/.local/lib/python3.7/site-packages/airflow/example_dags/example_external_task_marker_dag.py took 0.250 seconds
[2022-07-15 00:08:07,680] {processor.py:163} INFO - Started process (PID=3994) to work on /home/airflow/.local/lib/python3.7/site-packages/airflow/example_dags/example_external_task_marker_dag.py
[2022-07-15 00:08:07,685] {processor.py:620} INFO - Processing file /home/airflow/.local/lib/python3.7/site-packages/airflow/example_dags/example_external_task_marker_dag.py for tasks to queue
[2022-07-15 00:08:07,689] {logging_mixin.py:109} INFO - [2022-07-15 00:08:07,689] {dagbag.py:500} INFO - Filling up the DagBag from /home/airflow/.local/lib/python3.7/site-packages/airflow/example_dags/example_external_task_marker_dag.py
[2022-07-15 00:08:07,788] {processor.py:632} INFO - DAG(s) dict_keys(['example_external_task_marker_parent', 'example_external_task_marker_child']) retrieved from /home/airflow/.local/lib/python3.7/site-packages/airflow/example_dags/example_external_task_marker_dag.py
[2022-07-15 00:08:07,849] {logging_mixin.py:109} INFO - [2022-07-15 00:08:07,849] {dag.py:2389} INFO - Sync 2 DAGs
[2022-07-15 00:08:07,912] {logging_mixin.py:109} INFO - [2022-07-15 00:08:07,912] {dag.py:2921} INFO - Setting next_dagrun for example_external_task_marker_child to None
[2022-07-15 00:08:07,916] {logging_mixin.py:109} INFO - [2022-07-15 00:08:07,915] {dag.py:2921} INFO - Setting next_dagrun for example_external_task_marker_parent to None
[2022-07-15 00:08:07,949] {processor.py:171} INFO - Processing /home/airflow/.local/lib/python3.7/site-packages/airflow/example_dags/example_external_task_marker_dag.py took 0.277 seconds
