[2022-07-15 00:00:25,590] {processor.py:163} INFO - Started process (PID=2629) to work on /home/airflow/.local/lib/python3.7/site-packages/airflow/example_dags/example_short_circuit_operator.py
[2022-07-15 00:00:25,597] {processor.py:620} INFO - Processing file /home/airflow/.local/lib/python3.7/site-packages/airflow/example_dags/example_short_circuit_operator.py for tasks to queue
[2022-07-15 00:00:25,600] {logging_mixin.py:109} INFO - [2022-07-15 00:00:25,600] {dagbag.py:500} INFO - Filling up the DagBag from /home/airflow/.local/lib/python3.7/site-packages/airflow/example_dags/example_short_circuit_operator.py
[2022-07-15 00:00:25,677] {processor.py:632} INFO - DAG(s) dict_keys(['example_short_circuit_operator']) retrieved from /home/airflow/.local/lib/python3.7/site-packages/airflow/example_dags/example_short_circuit_operator.py
[2022-07-15 00:00:25,721] {logging_mixin.py:109} INFO - [2022-07-15 00:00:25,720] {dag.py:2389} INFO - Sync 1 DAGs
[2022-07-15 00:00:25,782] {logging_mixin.py:109} INFO - [2022-07-15 00:00:25,782] {dag.py:2921} INFO - Setting next_dagrun for example_short_circuit_operator to 2022-07-14T00:00:25.780418+00:00
[2022-07-15 00:00:25,815] {processor.py:171} INFO - Processing /home/airflow/.local/lib/python3.7/site-packages/airflow/example_dags/example_short_circuit_operator.py took 0.233 seconds
[2022-07-15 00:00:55,898] {processor.py:163} INFO - Started process (PID=2717) to work on /home/airflow/.local/lib/python3.7/site-packages/airflow/example_dags/example_short_circuit_operator.py
[2022-07-15 00:00:55,908] {processor.py:620} INFO - Processing file /home/airflow/.local/lib/python3.7/site-packages/airflow/example_dags/example_short_circuit_operator.py for tasks to queue
[2022-07-15 00:00:55,912] {logging_mixin.py:109} INFO - [2022-07-15 00:00:55,911] {dagbag.py:500} INFO - Filling up the DagBag from /home/airflow/.local/lib/python3.7/site-packages/airflow/example_dags/example_short_circuit_operator.py
[2022-07-15 00:00:55,994] {processor.py:632} INFO - DAG(s) dict_keys(['example_short_circuit_operator']) retrieved from /home/airflow/.local/lib/python3.7/site-packages/airflow/example_dags/example_short_circuit_operator.py
[2022-07-15 00:00:56,069] {logging_mixin.py:109} INFO - [2022-07-15 00:00:56,069] {dag.py:2389} INFO - Sync 1 DAGs
[2022-07-15 00:00:56,130] {logging_mixin.py:109} INFO - [2022-07-15 00:00:56,130] {dag.py:2921} INFO - Setting next_dagrun for example_short_circuit_operator to 2022-07-14T00:00:56.128570+00:00
[2022-07-15 00:00:56,168] {processor.py:171} INFO - Processing /home/airflow/.local/lib/python3.7/site-packages/airflow/example_dags/example_short_circuit_operator.py took 0.277 seconds
[2022-07-15 00:01:26,251] {processor.py:163} INFO - Started process (PID=2813) to work on /home/airflow/.local/lib/python3.7/site-packages/airflow/example_dags/example_short_circuit_operator.py
[2022-07-15 00:01:26,256] {processor.py:620} INFO - Processing file /home/airflow/.local/lib/python3.7/site-packages/airflow/example_dags/example_short_circuit_operator.py for tasks to queue
[2022-07-15 00:01:26,259] {logging_mixin.py:109} INFO - [2022-07-15 00:01:26,259] {dagbag.py:500} INFO - Filling up the DagBag from /home/airflow/.local/lib/python3.7/site-packages/airflow/example_dags/example_short_circuit_operator.py
[2022-07-15 00:01:26,333] {processor.py:632} INFO - DAG(s) dict_keys(['example_short_circuit_operator']) retrieved from /home/airflow/.local/lib/python3.7/site-packages/airflow/example_dags/example_short_circuit_operator.py
[2022-07-15 00:01:26,377] {logging_mixin.py:109} INFO - [2022-07-15 00:01:26,377] {dag.py:2389} INFO - Sync 1 DAGs
[2022-07-15 00:01:26,438] {logging_mixin.py:109} INFO - [2022-07-15 00:01:26,438] {dag.py:2921} INFO - Setting next_dagrun for example_short_circuit_operator to 2022-07-14T00:01:26.436674+00:00
[2022-07-15 00:01:26,475] {processor.py:171} INFO - Processing /home/airflow/.local/lib/python3.7/site-packages/airflow/example_dags/example_short_circuit_operator.py took 0.231 seconds
[2022-07-15 00:01:57,190] {processor.py:163} INFO - Started process (PID=2895) to work on /home/airflow/.local/lib/python3.7/site-packages/airflow/example_dags/example_short_circuit_operator.py
[2022-07-15 00:01:57,195] {processor.py:620} INFO - Processing file /home/airflow/.local/lib/python3.7/site-packages/airflow/example_dags/example_short_circuit_operator.py for tasks to queue
[2022-07-15 00:01:57,199] {logging_mixin.py:109} INFO - [2022-07-15 00:01:57,198] {dagbag.py:500} INFO - Filling up the DagBag from /home/airflow/.local/lib/python3.7/site-packages/airflow/example_dags/example_short_circuit_operator.py
[2022-07-15 00:01:57,277] {processor.py:632} INFO - DAG(s) dict_keys(['example_short_circuit_operator']) retrieved from /home/airflow/.local/lib/python3.7/site-packages/airflow/example_dags/example_short_circuit_operator.py
[2022-07-15 00:01:57,324] {logging_mixin.py:109} INFO - [2022-07-15 00:01:57,323] {dag.py:2389} INFO - Sync 1 DAGs
[2022-07-15 00:01:57,390] {logging_mixin.py:109} INFO - [2022-07-15 00:01:57,390] {dag.py:2921} INFO - Setting next_dagrun for example_short_circuit_operator to 2022-07-14T00:01:57.388485+00:00
[2022-07-15 00:01:57,422] {processor.py:171} INFO - Processing /home/airflow/.local/lib/python3.7/site-packages/airflow/example_dags/example_short_circuit_operator.py took 0.240 seconds
[2022-07-15 00:02:27,884] {processor.py:163} INFO - Started process (PID=2993) to work on /home/airflow/.local/lib/python3.7/site-packages/airflow/example_dags/example_short_circuit_operator.py
[2022-07-15 00:02:27,889] {processor.py:620} INFO - Processing file /home/airflow/.local/lib/python3.7/site-packages/airflow/example_dags/example_short_circuit_operator.py for tasks to queue
[2022-07-15 00:02:27,892] {logging_mixin.py:109} INFO - [2022-07-15 00:02:27,892] {dagbag.py:500} INFO - Filling up the DagBag from /home/airflow/.local/lib/python3.7/site-packages/airflow/example_dags/example_short_circuit_operator.py
[2022-07-15 00:02:27,975] {processor.py:632} INFO - DAG(s) dict_keys(['example_short_circuit_operator']) retrieved from /home/airflow/.local/lib/python3.7/site-packages/airflow/example_dags/example_short_circuit_operator.py
[2022-07-15 00:02:28,035] {logging_mixin.py:109} INFO - [2022-07-15 00:02:28,035] {dag.py:2389} INFO - Sync 1 DAGs
[2022-07-15 00:02:28,108] {logging_mixin.py:109} INFO - [2022-07-15 00:02:28,108] {dag.py:2921} INFO - Setting next_dagrun for example_short_circuit_operator to 2022-07-14T00:02:28.106075+00:00
[2022-07-15 00:02:28,139] {processor.py:171} INFO - Processing /home/airflow/.local/lib/python3.7/site-packages/airflow/example_dags/example_short_circuit_operator.py took 0.264 seconds
[2022-07-15 00:02:58,482] {processor.py:163} INFO - Started process (PID=3075) to work on /home/airflow/.local/lib/python3.7/site-packages/airflow/example_dags/example_short_circuit_operator.py
[2022-07-15 00:02:58,487] {processor.py:620} INFO - Processing file /home/airflow/.local/lib/python3.7/site-packages/airflow/example_dags/example_short_circuit_operator.py for tasks to queue
[2022-07-15 00:02:58,491] {logging_mixin.py:109} INFO - [2022-07-15 00:02:58,490] {dagbag.py:500} INFO - Filling up the DagBag from /home/airflow/.local/lib/python3.7/site-packages/airflow/example_dags/example_short_circuit_operator.py
[2022-07-15 00:02:58,584] {processor.py:632} INFO - DAG(s) dict_keys(['example_short_circuit_operator']) retrieved from /home/airflow/.local/lib/python3.7/site-packages/airflow/example_dags/example_short_circuit_operator.py
[2022-07-15 00:02:58,638] {logging_mixin.py:109} INFO - [2022-07-15 00:02:58,637] {dag.py:2389} INFO - Sync 1 DAGs
[2022-07-15 00:02:58,709] {logging_mixin.py:109} INFO - [2022-07-15 00:02:58,709] {dag.py:2921} INFO - Setting next_dagrun for example_short_circuit_operator to 2022-07-14T00:02:58.707480+00:00
[2022-07-15 00:02:58,749] {processor.py:171} INFO - Processing /home/airflow/.local/lib/python3.7/site-packages/airflow/example_dags/example_short_circuit_operator.py took 0.276 seconds
[2022-07-15 00:03:28,967] {processor.py:163} INFO - Started process (PID=3173) to work on /home/airflow/.local/lib/python3.7/site-packages/airflow/example_dags/example_short_circuit_operator.py
[2022-07-15 00:03:28,977] {processor.py:620} INFO - Processing file /home/airflow/.local/lib/python3.7/site-packages/airflow/example_dags/example_short_circuit_operator.py for tasks to queue
[2022-07-15 00:03:28,983] {logging_mixin.py:109} INFO - [2022-07-15 00:03:28,983] {dagbag.py:500} INFO - Filling up the DagBag from /home/airflow/.local/lib/python3.7/site-packages/airflow/example_dags/example_short_circuit_operator.py
[2022-07-15 00:03:29,084] {processor.py:632} INFO - DAG(s) dict_keys(['example_short_circuit_operator']) retrieved from /home/airflow/.local/lib/python3.7/site-packages/airflow/example_dags/example_short_circuit_operator.py
[2022-07-15 00:03:29,127] {logging_mixin.py:109} INFO - [2022-07-15 00:03:29,127] {dag.py:2389} INFO - Sync 1 DAGs
[2022-07-15 00:03:29,192] {logging_mixin.py:109} INFO - [2022-07-15 00:03:29,191] {dag.py:2921} INFO - Setting next_dagrun for example_short_circuit_operator to 2022-07-14T00:03:29.189749+00:00
[2022-07-15 00:03:29,224] {processor.py:171} INFO - Processing /home/airflow/.local/lib/python3.7/site-packages/airflow/example_dags/example_short_circuit_operator.py took 0.264 seconds
[2022-07-15 00:03:59,595] {processor.py:163} INFO - Started process (PID=3255) to work on /home/airflow/.local/lib/python3.7/site-packages/airflow/example_dags/example_short_circuit_operator.py
[2022-07-15 00:03:59,600] {processor.py:620} INFO - Processing file /home/airflow/.local/lib/python3.7/site-packages/airflow/example_dags/example_short_circuit_operator.py for tasks to queue
[2022-07-15 00:03:59,603] {logging_mixin.py:109} INFO - [2022-07-15 00:03:59,603] {dagbag.py:500} INFO - Filling up the DagBag from /home/airflow/.local/lib/python3.7/site-packages/airflow/example_dags/example_short_circuit_operator.py
[2022-07-15 00:03:59,668] {processor.py:632} INFO - DAG(s) dict_keys(['example_short_circuit_operator']) retrieved from /home/airflow/.local/lib/python3.7/site-packages/airflow/example_dags/example_short_circuit_operator.py
[2022-07-15 00:03:59,707] {logging_mixin.py:109} INFO - [2022-07-15 00:03:59,706] {dag.py:2389} INFO - Sync 1 DAGs
[2022-07-15 00:03:59,758] {logging_mixin.py:109} INFO - [2022-07-15 00:03:59,758] {dag.py:2921} INFO - Setting next_dagrun for example_short_circuit_operator to 2022-07-14T00:03:59.756589+00:00
[2022-07-15 00:03:59,783] {processor.py:171} INFO - Processing /home/airflow/.local/lib/python3.7/site-packages/airflow/example_dags/example_short_circuit_operator.py took 0.194 seconds
[2022-07-15 00:04:29,995] {processor.py:163} INFO - Started process (PID=3354) to work on /home/airflow/.local/lib/python3.7/site-packages/airflow/example_dags/example_short_circuit_operator.py
[2022-07-15 00:04:29,999] {processor.py:620} INFO - Processing file /home/airflow/.local/lib/python3.7/site-packages/airflow/example_dags/example_short_circuit_operator.py for tasks to queue
[2022-07-15 00:04:30,002] {logging_mixin.py:109} INFO - [2022-07-15 00:04:30,002] {dagbag.py:500} INFO - Filling up the DagBag from /home/airflow/.local/lib/python3.7/site-packages/airflow/example_dags/example_short_circuit_operator.py
[2022-07-15 00:04:30,077] {processor.py:632} INFO - DAG(s) dict_keys(['example_short_circuit_operator']) retrieved from /home/airflow/.local/lib/python3.7/site-packages/airflow/example_dags/example_short_circuit_operator.py
[2022-07-15 00:04:30,122] {logging_mixin.py:109} INFO - [2022-07-15 00:04:30,121] {dag.py:2389} INFO - Sync 1 DAGs
[2022-07-15 00:04:30,183] {logging_mixin.py:109} INFO - [2022-07-15 00:04:30,182] {dag.py:2921} INFO - Setting next_dagrun for example_short_circuit_operator to 2022-07-14T00:04:30.180732+00:00
[2022-07-15 00:04:30,212] {processor.py:171} INFO - Processing /home/airflow/.local/lib/python3.7/site-packages/airflow/example_dags/example_short_circuit_operator.py took 0.224 seconds
[2022-07-15 00:05:00,562] {processor.py:163} INFO - Started process (PID=3436) to work on /home/airflow/.local/lib/python3.7/site-packages/airflow/example_dags/example_short_circuit_operator.py
[2022-07-15 00:05:00,567] {processor.py:620} INFO - Processing file /home/airflow/.local/lib/python3.7/site-packages/airflow/example_dags/example_short_circuit_operator.py for tasks to queue
[2022-07-15 00:05:00,573] {logging_mixin.py:109} INFO - [2022-07-15 00:05:00,572] {dagbag.py:500} INFO - Filling up the DagBag from /home/airflow/.local/lib/python3.7/site-packages/airflow/example_dags/example_short_circuit_operator.py
[2022-07-15 00:05:00,648] {processor.py:632} INFO - DAG(s) dict_keys(['example_short_circuit_operator']) retrieved from /home/airflow/.local/lib/python3.7/site-packages/airflow/example_dags/example_short_circuit_operator.py
[2022-07-15 00:05:00,688] {logging_mixin.py:109} INFO - [2022-07-15 00:05:00,687] {dag.py:2389} INFO - Sync 1 DAGs
[2022-07-15 00:05:00,747] {logging_mixin.py:109} INFO - [2022-07-15 00:05:00,746] {dag.py:2921} INFO - Setting next_dagrun for example_short_circuit_operator to 2022-07-14T00:05:00.744719+00:00
[2022-07-15 00:05:00,774] {processor.py:171} INFO - Processing /home/airflow/.local/lib/python3.7/site-packages/airflow/example_dags/example_short_circuit_operator.py took 0.218 seconds
[2022-07-15 00:05:31,086] {processor.py:163} INFO - Started process (PID=3534) to work on /home/airflow/.local/lib/python3.7/site-packages/airflow/example_dags/example_short_circuit_operator.py
[2022-07-15 00:05:31,090] {processor.py:620} INFO - Processing file /home/airflow/.local/lib/python3.7/site-packages/airflow/example_dags/example_short_circuit_operator.py for tasks to queue
[2022-07-15 00:05:31,094] {logging_mixin.py:109} INFO - [2022-07-15 00:05:31,093] {dagbag.py:500} INFO - Filling up the DagBag from /home/airflow/.local/lib/python3.7/site-packages/airflow/example_dags/example_short_circuit_operator.py
[2022-07-15 00:05:31,175] {processor.py:632} INFO - DAG(s) dict_keys(['example_short_circuit_operator']) retrieved from /home/airflow/.local/lib/python3.7/site-packages/airflow/example_dags/example_short_circuit_operator.py
[2022-07-15 00:05:31,223] {logging_mixin.py:109} INFO - [2022-07-15 00:05:31,223] {dag.py:2389} INFO - Sync 1 DAGs
[2022-07-15 00:05:31,287] {logging_mixin.py:109} INFO - [2022-07-15 00:05:31,286] {dag.py:2921} INFO - Setting next_dagrun for example_short_circuit_operator to 2022-07-14T00:05:31.285283+00:00
[2022-07-15 00:05:31,319] {processor.py:171} INFO - Processing /home/airflow/.local/lib/python3.7/site-packages/airflow/example_dags/example_short_circuit_operator.py took 0.240 seconds
[2022-07-15 00:06:01,582] {processor.py:163} INFO - Started process (PID=3616) to work on /home/airflow/.local/lib/python3.7/site-packages/airflow/example_dags/example_short_circuit_operator.py
[2022-07-15 00:06:01,587] {processor.py:620} INFO - Processing file /home/airflow/.local/lib/python3.7/site-packages/airflow/example_dags/example_short_circuit_operator.py for tasks to queue
[2022-07-15 00:06:01,589] {logging_mixin.py:109} INFO - [2022-07-15 00:06:01,589] {dagbag.py:500} INFO - Filling up the DagBag from /home/airflow/.local/lib/python3.7/site-packages/airflow/example_dags/example_short_circuit_operator.py
[2022-07-15 00:06:01,661] {processor.py:632} INFO - DAG(s) dict_keys(['example_short_circuit_operator']) retrieved from /home/airflow/.local/lib/python3.7/site-packages/airflow/example_dags/example_short_circuit_operator.py
[2022-07-15 00:06:01,699] {logging_mixin.py:109} INFO - [2022-07-15 00:06:01,699] {dag.py:2389} INFO - Sync 1 DAGs
[2022-07-15 00:06:01,755] {logging_mixin.py:109} INFO - [2022-07-15 00:06:01,755] {dag.py:2921} INFO - Setting next_dagrun for example_short_circuit_operator to 2022-07-14T00:06:01.753960+00:00
[2022-07-15 00:06:01,781] {processor.py:171} INFO - Processing /home/airflow/.local/lib/python3.7/site-packages/airflow/example_dags/example_short_circuit_operator.py took 0.206 seconds
[2022-07-15 00:06:32,101] {processor.py:163} INFO - Started process (PID=3712) to work on /home/airflow/.local/lib/python3.7/site-packages/airflow/example_dags/example_short_circuit_operator.py
[2022-07-15 00:06:32,106] {processor.py:620} INFO - Processing file /home/airflow/.local/lib/python3.7/site-packages/airflow/example_dags/example_short_circuit_operator.py for tasks to queue
[2022-07-15 00:06:32,110] {logging_mixin.py:109} INFO - [2022-07-15 00:06:32,109] {dagbag.py:500} INFO - Filling up the DagBag from /home/airflow/.local/lib/python3.7/site-packages/airflow/example_dags/example_short_circuit_operator.py
[2022-07-15 00:06:32,187] {processor.py:632} INFO - DAG(s) dict_keys(['example_short_circuit_operator']) retrieved from /home/airflow/.local/lib/python3.7/site-packages/airflow/example_dags/example_short_circuit_operator.py
[2022-07-15 00:06:32,232] {logging_mixin.py:109} INFO - [2022-07-15 00:06:32,232] {dag.py:2389} INFO - Sync 1 DAGs
[2022-07-15 00:06:32,351] {logging_mixin.py:109} INFO - [2022-07-15 00:06:32,351] {dag.py:2921} INFO - Setting next_dagrun for example_short_circuit_operator to 2022-07-14T00:06:32.349233+00:00
[2022-07-15 00:06:32,383] {processor.py:171} INFO - Processing /home/airflow/.local/lib/python3.7/site-packages/airflow/example_dags/example_short_circuit_operator.py took 0.292 seconds
[2022-07-15 00:07:02,904] {processor.py:163} INFO - Started process (PID=3794) to work on /home/airflow/.local/lib/python3.7/site-packages/airflow/example_dags/example_short_circuit_operator.py
[2022-07-15 00:07:02,908] {processor.py:620} INFO - Processing file /home/airflow/.local/lib/python3.7/site-packages/airflow/example_dags/example_short_circuit_operator.py for tasks to queue
[2022-07-15 00:07:02,912] {logging_mixin.py:109} INFO - [2022-07-15 00:07:02,911] {dagbag.py:500} INFO - Filling up the DagBag from /home/airflow/.local/lib/python3.7/site-packages/airflow/example_dags/example_short_circuit_operator.py
[2022-07-15 00:07:02,988] {processor.py:632} INFO - DAG(s) dict_keys(['example_short_circuit_operator']) retrieved from /home/airflow/.local/lib/python3.7/site-packages/airflow/example_dags/example_short_circuit_operator.py
[2022-07-15 00:07:03,037] {logging_mixin.py:109} INFO - [2022-07-15 00:07:03,037] {dag.py:2389} INFO - Sync 1 DAGs
[2022-07-15 00:07:03,094] {logging_mixin.py:109} INFO - [2022-07-15 00:07:03,093] {dag.py:2921} INFO - Setting next_dagrun for example_short_circuit_operator to 2022-07-14T00:07:03.092132+00:00
[2022-07-15 00:07:03,120] {processor.py:171} INFO - Processing /home/airflow/.local/lib/python3.7/site-packages/airflow/example_dags/example_short_circuit_operator.py took 0.225 seconds
[2022-07-15 00:07:33,867] {processor.py:163} INFO - Started process (PID=3892) to work on /home/airflow/.local/lib/python3.7/site-packages/airflow/example_dags/example_short_circuit_operator.py
[2022-07-15 00:07:33,872] {processor.py:620} INFO - Processing file /home/airflow/.local/lib/python3.7/site-packages/airflow/example_dags/example_short_circuit_operator.py for tasks to queue
[2022-07-15 00:07:33,876] {logging_mixin.py:109} INFO - [2022-07-15 00:07:33,875] {dagbag.py:500} INFO - Filling up the DagBag from /home/airflow/.local/lib/python3.7/site-packages/airflow/example_dags/example_short_circuit_operator.py
[2022-07-15 00:07:33,952] {processor.py:632} INFO - DAG(s) dict_keys(['example_short_circuit_operator']) retrieved from /home/airflow/.local/lib/python3.7/site-packages/airflow/example_dags/example_short_circuit_operator.py
[2022-07-15 00:07:33,997] {logging_mixin.py:109} INFO - [2022-07-15 00:07:33,997] {dag.py:2389} INFO - Sync 1 DAGs
[2022-07-15 00:07:34,069] {logging_mixin.py:109} INFO - [2022-07-15 00:07:34,068] {dag.py:2921} INFO - Setting next_dagrun for example_short_circuit_operator to 2022-07-14T00:07:34.066121+00:00
[2022-07-15 00:07:34,106] {processor.py:171} INFO - Processing /home/airflow/.local/lib/python3.7/site-packages/airflow/example_dags/example_short_circuit_operator.py took 0.246 seconds
[2022-07-15 00:08:04,363] {processor.py:163} INFO - Started process (PID=3982) to work on /home/airflow/.local/lib/python3.7/site-packages/airflow/example_dags/example_short_circuit_operator.py
[2022-07-15 00:08:04,370] {processor.py:620} INFO - Processing file /home/airflow/.local/lib/python3.7/site-packages/airflow/example_dags/example_short_circuit_operator.py for tasks to queue
[2022-07-15 00:08:04,377] {logging_mixin.py:109} INFO - [2022-07-15 00:08:04,375] {dagbag.py:500} INFO - Filling up the DagBag from /home/airflow/.local/lib/python3.7/site-packages/airflow/example_dags/example_short_circuit_operator.py
[2022-07-15 00:08:04,454] {processor.py:632} INFO - DAG(s) dict_keys(['example_short_circuit_operator']) retrieved from /home/airflow/.local/lib/python3.7/site-packages/airflow/example_dags/example_short_circuit_operator.py
[2022-07-15 00:08:04,499] {logging_mixin.py:109} INFO - [2022-07-15 00:08:04,498] {dag.py:2389} INFO - Sync 1 DAGs
[2022-07-15 00:08:04,563] {logging_mixin.py:109} INFO - [2022-07-15 00:08:04,562] {dag.py:2921} INFO - Setting next_dagrun for example_short_circuit_operator to 2022-07-14T00:08:04.561288+00:00
[2022-07-15 00:08:04,593] {processor.py:171} INFO - Processing /home/airflow/.local/lib/python3.7/site-packages/airflow/example_dags/example_short_circuit_operator.py took 0.238 seconds
