[2022-07-15 00:00:11,671] {processor.py:163} INFO - Started process (PID=2583) to work on /home/airflow/.local/lib/python3.7/site-packages/airflow/example_dags/example_skip_dag.py
[2022-07-15 00:00:11,676] {processor.py:620} INFO - Processing file /home/airflow/.local/lib/python3.7/site-packages/airflow/example_dags/example_skip_dag.py for tasks to queue
[2022-07-15 00:00:11,680] {logging_mixin.py:109} INFO - [2022-07-15 00:00:11,679] {dagbag.py:500} INFO - Filling up the DagBag from /home/airflow/.local/lib/python3.7/site-packages/airflow/example_dags/example_skip_dag.py
[2022-07-15 00:00:11,748] {processor.py:632} INFO - DAG(s) dict_keys(['example_skip_dag']) retrieved from /home/airflow/.local/lib/python3.7/site-packages/airflow/example_dags/example_skip_dag.py
[2022-07-15 00:00:11,803] {logging_mixin.py:109} INFO - [2022-07-15 00:00:11,802] {dag.py:2389} INFO - Sync 1 DAGs
[2022-07-15 00:00:11,920] {logging_mixin.py:109} INFO - [2022-07-15 00:00:11,920] {dag.py:2921} INFO - Setting next_dagrun for example_skip_dag to 2022-07-14T00:00:11.917927+00:00
[2022-07-15 00:00:11,977] {processor.py:171} INFO - Processing /home/airflow/.local/lib/python3.7/site-packages/airflow/example_dags/example_skip_dag.py took 0.313 seconds
[2022-07-15 00:00:42,193] {processor.py:163} INFO - Started process (PID=2665) to work on /home/airflow/.local/lib/python3.7/site-packages/airflow/example_dags/example_skip_dag.py
[2022-07-15 00:00:42,198] {processor.py:620} INFO - Processing file /home/airflow/.local/lib/python3.7/site-packages/airflow/example_dags/example_skip_dag.py for tasks to queue
[2022-07-15 00:00:42,200] {logging_mixin.py:109} INFO - [2022-07-15 00:00:42,200] {dagbag.py:500} INFO - Filling up the DagBag from /home/airflow/.local/lib/python3.7/site-packages/airflow/example_dags/example_skip_dag.py
[2022-07-15 00:00:42,272] {processor.py:632} INFO - DAG(s) dict_keys(['example_skip_dag']) retrieved from /home/airflow/.local/lib/python3.7/site-packages/airflow/example_dags/example_skip_dag.py
[2022-07-15 00:00:42,346] {logging_mixin.py:109} INFO - [2022-07-15 00:00:42,345] {dag.py:2389} INFO - Sync 1 DAGs
[2022-07-15 00:00:42,411] {logging_mixin.py:109} INFO - [2022-07-15 00:00:42,411] {dag.py:2921} INFO - Setting next_dagrun for example_skip_dag to 2022-07-14T00:00:42.409612+00:00
[2022-07-15 00:00:42,443] {processor.py:171} INFO - Processing /home/airflow/.local/lib/python3.7/site-packages/airflow/example_dags/example_skip_dag.py took 0.258 seconds
[2022-07-15 00:01:12,686] {processor.py:163} INFO - Started process (PID=2760) to work on /home/airflow/.local/lib/python3.7/site-packages/airflow/example_dags/example_skip_dag.py
[2022-07-15 00:01:12,698] {processor.py:620} INFO - Processing file /home/airflow/.local/lib/python3.7/site-packages/airflow/example_dags/example_skip_dag.py for tasks to queue
[2022-07-15 00:01:12,701] {logging_mixin.py:109} INFO - [2022-07-15 00:01:12,700] {dagbag.py:500} INFO - Filling up the DagBag from /home/airflow/.local/lib/python3.7/site-packages/airflow/example_dags/example_skip_dag.py
[2022-07-15 00:01:12,832] {processor.py:632} INFO - DAG(s) dict_keys(['example_skip_dag']) retrieved from /home/airflow/.local/lib/python3.7/site-packages/airflow/example_dags/example_skip_dag.py
[2022-07-15 00:01:12,880] {logging_mixin.py:109} INFO - [2022-07-15 00:01:12,879] {dag.py:2389} INFO - Sync 1 DAGs
[2022-07-15 00:01:12,945] {logging_mixin.py:109} INFO - [2022-07-15 00:01:12,944] {dag.py:2921} INFO - Setting next_dagrun for example_skip_dag to 2022-07-14T00:01:12.942726+00:00
[2022-07-15 00:01:12,979] {processor.py:171} INFO - Processing /home/airflow/.local/lib/python3.7/site-packages/airflow/example_dags/example_skip_dag.py took 0.302 seconds
[2022-07-15 00:01:43,503] {processor.py:163} INFO - Started process (PID=2843) to work on /home/airflow/.local/lib/python3.7/site-packages/airflow/example_dags/example_skip_dag.py
[2022-07-15 00:01:43,507] {processor.py:620} INFO - Processing file /home/airflow/.local/lib/python3.7/site-packages/airflow/example_dags/example_skip_dag.py for tasks to queue
[2022-07-15 00:01:43,510] {logging_mixin.py:109} INFO - [2022-07-15 00:01:43,509] {dagbag.py:500} INFO - Filling up the DagBag from /home/airflow/.local/lib/python3.7/site-packages/airflow/example_dags/example_skip_dag.py
[2022-07-15 00:01:43,579] {processor.py:632} INFO - DAG(s) dict_keys(['example_skip_dag']) retrieved from /home/airflow/.local/lib/python3.7/site-packages/airflow/example_dags/example_skip_dag.py
[2022-07-15 00:01:43,624] {logging_mixin.py:109} INFO - [2022-07-15 00:01:43,624] {dag.py:2389} INFO - Sync 1 DAGs
[2022-07-15 00:01:43,684] {logging_mixin.py:109} INFO - [2022-07-15 00:01:43,683] {dag.py:2921} INFO - Setting next_dagrun for example_skip_dag to 2022-07-14T00:01:43.681704+00:00
[2022-07-15 00:01:43,715] {processor.py:171} INFO - Processing /home/airflow/.local/lib/python3.7/site-packages/airflow/example_dags/example_skip_dag.py took 0.219 seconds
[2022-07-15 00:02:14,163] {processor.py:163} INFO - Started process (PID=2941) to work on /home/airflow/.local/lib/python3.7/site-packages/airflow/example_dags/example_skip_dag.py
[2022-07-15 00:02:14,169] {processor.py:620} INFO - Processing file /home/airflow/.local/lib/python3.7/site-packages/airflow/example_dags/example_skip_dag.py for tasks to queue
[2022-07-15 00:02:14,173] {logging_mixin.py:109} INFO - [2022-07-15 00:02:14,172] {dagbag.py:500} INFO - Filling up the DagBag from /home/airflow/.local/lib/python3.7/site-packages/airflow/example_dags/example_skip_dag.py
[2022-07-15 00:02:14,251] {processor.py:632} INFO - DAG(s) dict_keys(['example_skip_dag']) retrieved from /home/airflow/.local/lib/python3.7/site-packages/airflow/example_dags/example_skip_dag.py
[2022-07-15 00:02:14,295] {logging_mixin.py:109} INFO - [2022-07-15 00:02:14,295] {dag.py:2389} INFO - Sync 1 DAGs
[2022-07-15 00:02:14,360] {logging_mixin.py:109} INFO - [2022-07-15 00:02:14,359] {dag.py:2921} INFO - Setting next_dagrun for example_skip_dag to 2022-07-14T00:02:14.357170+00:00
[2022-07-15 00:02:14,392] {processor.py:171} INFO - Processing /home/airflow/.local/lib/python3.7/site-packages/airflow/example_dags/example_skip_dag.py took 0.236 seconds
[2022-07-15 00:02:45,122] {processor.py:163} INFO - Started process (PID=3033) to work on /home/airflow/.local/lib/python3.7/site-packages/airflow/example_dags/example_skip_dag.py
[2022-07-15 00:02:45,127] {processor.py:620} INFO - Processing file /home/airflow/.local/lib/python3.7/site-packages/airflow/example_dags/example_skip_dag.py for tasks to queue
[2022-07-15 00:02:45,131] {logging_mixin.py:109} INFO - [2022-07-15 00:02:45,131] {dagbag.py:500} INFO - Filling up the DagBag from /home/airflow/.local/lib/python3.7/site-packages/airflow/example_dags/example_skip_dag.py
[2022-07-15 00:02:45,203] {processor.py:632} INFO - DAG(s) dict_keys(['example_skip_dag']) retrieved from /home/airflow/.local/lib/python3.7/site-packages/airflow/example_dags/example_skip_dag.py
[2022-07-15 00:02:45,248] {logging_mixin.py:109} INFO - [2022-07-15 00:02:45,248] {dag.py:2389} INFO - Sync 1 DAGs
[2022-07-15 00:02:45,316] {logging_mixin.py:109} INFO - [2022-07-15 00:02:45,316] {dag.py:2921} INFO - Setting next_dagrun for example_skip_dag to 2022-07-14T00:02:45.314535+00:00
[2022-07-15 00:02:45,346] {processor.py:171} INFO - Processing /home/airflow/.local/lib/python3.7/site-packages/airflow/example_dags/example_skip_dag.py took 0.232 seconds
[2022-07-15 00:03:15,433] {processor.py:163} INFO - Started process (PID=3119) to work on /home/airflow/.local/lib/python3.7/site-packages/airflow/example_dags/example_skip_dag.py
[2022-07-15 00:03:15,437] {processor.py:620} INFO - Processing file /home/airflow/.local/lib/python3.7/site-packages/airflow/example_dags/example_skip_dag.py for tasks to queue
[2022-07-15 00:03:15,441] {logging_mixin.py:109} INFO - [2022-07-15 00:03:15,440] {dagbag.py:500} INFO - Filling up the DagBag from /home/airflow/.local/lib/python3.7/site-packages/airflow/example_dags/example_skip_dag.py
[2022-07-15 00:03:15,515] {processor.py:632} INFO - DAG(s) dict_keys(['example_skip_dag']) retrieved from /home/airflow/.local/lib/python3.7/site-packages/airflow/example_dags/example_skip_dag.py
[2022-07-15 00:03:15,626] {logging_mixin.py:109} INFO - [2022-07-15 00:03:15,625] {dag.py:2389} INFO - Sync 1 DAGs
[2022-07-15 00:03:15,733] {logging_mixin.py:109} INFO - [2022-07-15 00:03:15,732] {dag.py:2921} INFO - Setting next_dagrun for example_skip_dag to 2022-07-14T00:03:15.730688+00:00
[2022-07-15 00:03:15,768] {processor.py:171} INFO - Processing /home/airflow/.local/lib/python3.7/site-packages/airflow/example_dags/example_skip_dag.py took 0.343 seconds
[2022-07-15 00:03:46,128] {processor.py:163} INFO - Started process (PID=3217) to work on /home/airflow/.local/lib/python3.7/site-packages/airflow/example_dags/example_skip_dag.py
[2022-07-15 00:03:46,136] {processor.py:620} INFO - Processing file /home/airflow/.local/lib/python3.7/site-packages/airflow/example_dags/example_skip_dag.py for tasks to queue
[2022-07-15 00:03:46,141] {logging_mixin.py:109} INFO - [2022-07-15 00:03:46,140] {dagbag.py:500} INFO - Filling up the DagBag from /home/airflow/.local/lib/python3.7/site-packages/airflow/example_dags/example_skip_dag.py
[2022-07-15 00:03:46,221] {processor.py:632} INFO - DAG(s) dict_keys(['example_skip_dag']) retrieved from /home/airflow/.local/lib/python3.7/site-packages/airflow/example_dags/example_skip_dag.py
[2022-07-15 00:03:46,266] {logging_mixin.py:109} INFO - [2022-07-15 00:03:46,265] {dag.py:2389} INFO - Sync 1 DAGs
[2022-07-15 00:03:46,333] {logging_mixin.py:109} INFO - [2022-07-15 00:03:46,332] {dag.py:2921} INFO - Setting next_dagrun for example_skip_dag to 2022-07-14T00:03:46.331020+00:00
[2022-07-15 00:03:46,402] {processor.py:171} INFO - Processing /home/airflow/.local/lib/python3.7/site-packages/airflow/example_dags/example_skip_dag.py took 0.282 seconds
[2022-07-15 00:04:16,899] {processor.py:163} INFO - Started process (PID=3300) to work on /home/airflow/.local/lib/python3.7/site-packages/airflow/example_dags/example_skip_dag.py
[2022-07-15 00:04:16,913] {processor.py:620} INFO - Processing file /home/airflow/.local/lib/python3.7/site-packages/airflow/example_dags/example_skip_dag.py for tasks to queue
[2022-07-15 00:04:16,916] {logging_mixin.py:109} INFO - [2022-07-15 00:04:16,916] {dagbag.py:500} INFO - Filling up the DagBag from /home/airflow/.local/lib/python3.7/site-packages/airflow/example_dags/example_skip_dag.py
[2022-07-15 00:04:16,992] {processor.py:632} INFO - DAG(s) dict_keys(['example_skip_dag']) retrieved from /home/airflow/.local/lib/python3.7/site-packages/airflow/example_dags/example_skip_dag.py
[2022-07-15 00:04:17,045] {logging_mixin.py:109} INFO - [2022-07-15 00:04:17,045] {dag.py:2389} INFO - Sync 1 DAGs
[2022-07-15 00:04:17,128] {logging_mixin.py:109} INFO - [2022-07-15 00:04:17,127] {dag.py:2921} INFO - Setting next_dagrun for example_skip_dag to 2022-07-14T00:04:17.125554+00:00
[2022-07-15 00:04:17,164] {processor.py:171} INFO - Processing /home/airflow/.local/lib/python3.7/site-packages/airflow/example_dags/example_skip_dag.py took 0.273 seconds
[2022-07-15 00:04:47,454] {processor.py:163} INFO - Started process (PID=3396) to work on /home/airflow/.local/lib/python3.7/site-packages/airflow/example_dags/example_skip_dag.py
[2022-07-15 00:04:47,458] {processor.py:620} INFO - Processing file /home/airflow/.local/lib/python3.7/site-packages/airflow/example_dags/example_skip_dag.py for tasks to queue
[2022-07-15 00:04:47,461] {logging_mixin.py:109} INFO - [2022-07-15 00:04:47,461] {dagbag.py:500} INFO - Filling up the DagBag from /home/airflow/.local/lib/python3.7/site-packages/airflow/example_dags/example_skip_dag.py
[2022-07-15 00:04:47,533] {processor.py:632} INFO - DAG(s) dict_keys(['example_skip_dag']) retrieved from /home/airflow/.local/lib/python3.7/site-packages/airflow/example_dags/example_skip_dag.py
[2022-07-15 00:04:47,579] {logging_mixin.py:109} INFO - [2022-07-15 00:04:47,579] {dag.py:2389} INFO - Sync 1 DAGs
[2022-07-15 00:04:47,644] {logging_mixin.py:109} INFO - [2022-07-15 00:04:47,644] {dag.py:2921} INFO - Setting next_dagrun for example_skip_dag to 2022-07-14T00:04:47.641293+00:00
[2022-07-15 00:04:47,679] {processor.py:171} INFO - Processing /home/airflow/.local/lib/python3.7/site-packages/airflow/example_dags/example_skip_dag.py took 0.232 seconds
[2022-07-15 00:05:17,987] {processor.py:163} INFO - Started process (PID=3478) to work on /home/airflow/.local/lib/python3.7/site-packages/airflow/example_dags/example_skip_dag.py
[2022-07-15 00:05:18,007] {processor.py:620} INFO - Processing file /home/airflow/.local/lib/python3.7/site-packages/airflow/example_dags/example_skip_dag.py for tasks to queue
[2022-07-15 00:05:18,011] {logging_mixin.py:109} INFO - [2022-07-15 00:05:18,010] {dagbag.py:500} INFO - Filling up the DagBag from /home/airflow/.local/lib/python3.7/site-packages/airflow/example_dags/example_skip_dag.py
[2022-07-15 00:05:18,094] {processor.py:632} INFO - DAG(s) dict_keys(['example_skip_dag']) retrieved from /home/airflow/.local/lib/python3.7/site-packages/airflow/example_dags/example_skip_dag.py
[2022-07-15 00:05:18,145] {logging_mixin.py:109} INFO - [2022-07-15 00:05:18,145] {dag.py:2389} INFO - Sync 1 DAGs
[2022-07-15 00:05:18,217] {logging_mixin.py:109} INFO - [2022-07-15 00:05:18,216] {dag.py:2921} INFO - Setting next_dagrun for example_skip_dag to 2022-07-14T00:05:18.214312+00:00
[2022-07-15 00:05:18,253] {processor.py:171} INFO - Processing /home/airflow/.local/lib/python3.7/site-packages/airflow/example_dags/example_skip_dag.py took 0.275 seconds
[2022-07-15 00:05:48,455] {processor.py:163} INFO - Started process (PID=3576) to work on /home/airflow/.local/lib/python3.7/site-packages/airflow/example_dags/example_skip_dag.py
[2022-07-15 00:05:48,460] {processor.py:620} INFO - Processing file /home/airflow/.local/lib/python3.7/site-packages/airflow/example_dags/example_skip_dag.py for tasks to queue
[2022-07-15 00:05:48,463] {logging_mixin.py:109} INFO - [2022-07-15 00:05:48,462] {dagbag.py:500} INFO - Filling up the DagBag from /home/airflow/.local/lib/python3.7/site-packages/airflow/example_dags/example_skip_dag.py
[2022-07-15 00:05:48,543] {processor.py:632} INFO - DAG(s) dict_keys(['example_skip_dag']) retrieved from /home/airflow/.local/lib/python3.7/site-packages/airflow/example_dags/example_skip_dag.py
[2022-07-15 00:05:48,647] {logging_mixin.py:109} INFO - [2022-07-15 00:05:48,646] {dag.py:2389} INFO - Sync 1 DAGs
[2022-07-15 00:05:48,717] {logging_mixin.py:109} INFO - [2022-07-15 00:05:48,716] {dag.py:2921} INFO - Setting next_dagrun for example_skip_dag to 2022-07-14T00:05:48.715081+00:00
[2022-07-15 00:05:48,754] {processor.py:171} INFO - Processing /home/airflow/.local/lib/python3.7/site-packages/airflow/example_dags/example_skip_dag.py took 0.309 seconds
[2022-07-15 00:06:18,836] {processor.py:163} INFO - Started process (PID=3658) to work on /home/airflow/.local/lib/python3.7/site-packages/airflow/example_dags/example_skip_dag.py
[2022-07-15 00:06:18,841] {processor.py:620} INFO - Processing file /home/airflow/.local/lib/python3.7/site-packages/airflow/example_dags/example_skip_dag.py for tasks to queue
[2022-07-15 00:06:18,844] {logging_mixin.py:109} INFO - [2022-07-15 00:06:18,843] {dagbag.py:500} INFO - Filling up the DagBag from /home/airflow/.local/lib/python3.7/site-packages/airflow/example_dags/example_skip_dag.py
[2022-07-15 00:06:18,910] {processor.py:632} INFO - DAG(s) dict_keys(['example_skip_dag']) retrieved from /home/airflow/.local/lib/python3.7/site-packages/airflow/example_dags/example_skip_dag.py
[2022-07-15 00:06:18,961] {logging_mixin.py:109} INFO - [2022-07-15 00:06:18,961] {dag.py:2389} INFO - Sync 1 DAGs
[2022-07-15 00:06:19,020] {logging_mixin.py:109} INFO - [2022-07-15 00:06:19,020] {dag.py:2921} INFO - Setting next_dagrun for example_skip_dag to 2022-07-14T00:06:19.018847+00:00
[2022-07-15 00:06:19,049] {processor.py:171} INFO - Processing /home/airflow/.local/lib/python3.7/site-packages/airflow/example_dags/example_skip_dag.py took 0.221 seconds
[2022-07-15 00:06:49,460] {processor.py:163} INFO - Started process (PID=3756) to work on /home/airflow/.local/lib/python3.7/site-packages/airflow/example_dags/example_skip_dag.py
[2022-07-15 00:06:49,465] {processor.py:620} INFO - Processing file /home/airflow/.local/lib/python3.7/site-packages/airflow/example_dags/example_skip_dag.py for tasks to queue
[2022-07-15 00:06:49,469] {logging_mixin.py:109} INFO - [2022-07-15 00:06:49,468] {dagbag.py:500} INFO - Filling up the DagBag from /home/airflow/.local/lib/python3.7/site-packages/airflow/example_dags/example_skip_dag.py
[2022-07-15 00:06:49,537] {processor.py:632} INFO - DAG(s) dict_keys(['example_skip_dag']) retrieved from /home/airflow/.local/lib/python3.7/site-packages/airflow/example_dags/example_skip_dag.py
[2022-07-15 00:06:49,582] {logging_mixin.py:109} INFO - [2022-07-15 00:06:49,581] {dag.py:2389} INFO - Sync 1 DAGs
[2022-07-15 00:06:49,653] {logging_mixin.py:109} INFO - [2022-07-15 00:06:49,652] {dag.py:2921} INFO - Setting next_dagrun for example_skip_dag to 2022-07-14T00:06:49.651061+00:00
[2022-07-15 00:06:49,691] {processor.py:171} INFO - Processing /home/airflow/.local/lib/python3.7/site-packages/airflow/example_dags/example_skip_dag.py took 0.237 seconds
[2022-07-15 00:07:19,745] {processor.py:163} INFO - Started process (PID=3836) to work on /home/airflow/.local/lib/python3.7/site-packages/airflow/example_dags/example_skip_dag.py
[2022-07-15 00:07:19,749] {processor.py:620} INFO - Processing file /home/airflow/.local/lib/python3.7/site-packages/airflow/example_dags/example_skip_dag.py for tasks to queue
[2022-07-15 00:07:19,752] {logging_mixin.py:109} INFO - [2022-07-15 00:07:19,752] {dagbag.py:500} INFO - Filling up the DagBag from /home/airflow/.local/lib/python3.7/site-packages/airflow/example_dags/example_skip_dag.py
[2022-07-15 00:07:19,818] {processor.py:632} INFO - DAG(s) dict_keys(['example_skip_dag']) retrieved from /home/airflow/.local/lib/python3.7/site-packages/airflow/example_dags/example_skip_dag.py
[2022-07-15 00:07:19,860] {logging_mixin.py:109} INFO - [2022-07-15 00:07:19,860] {dag.py:2389} INFO - Sync 1 DAGs
[2022-07-15 00:07:19,925] {logging_mixin.py:109} INFO - [2022-07-15 00:07:19,924] {dag.py:2921} INFO - Setting next_dagrun for example_skip_dag to 2022-07-14T00:07:19.923071+00:00
[2022-07-15 00:07:19,958] {processor.py:171} INFO - Processing /home/airflow/.local/lib/python3.7/site-packages/airflow/example_dags/example_skip_dag.py took 0.220 seconds
[2022-07-15 00:07:50,837] {processor.py:163} INFO - Started process (PID=3933) to work on /home/airflow/.local/lib/python3.7/site-packages/airflow/example_dags/example_skip_dag.py
[2022-07-15 00:07:50,853] {processor.py:620} INFO - Processing file /home/airflow/.local/lib/python3.7/site-packages/airflow/example_dags/example_skip_dag.py for tasks to queue
[2022-07-15 00:07:50,856] {logging_mixin.py:109} INFO - [2022-07-15 00:07:50,856] {dagbag.py:500} INFO - Filling up the DagBag from /home/airflow/.local/lib/python3.7/site-packages/airflow/example_dags/example_skip_dag.py
[2022-07-15 00:07:50,934] {processor.py:632} INFO - DAG(s) dict_keys(['example_skip_dag']) retrieved from /home/airflow/.local/lib/python3.7/site-packages/airflow/example_dags/example_skip_dag.py
[2022-07-15 00:07:50,982] {logging_mixin.py:109} INFO - [2022-07-15 00:07:50,982] {dag.py:2389} INFO - Sync 1 DAGs
[2022-07-15 00:07:51,052] {logging_mixin.py:109} INFO - [2022-07-15 00:07:51,051] {dag.py:2921} INFO - Setting next_dagrun for example_skip_dag to 2022-07-14T00:07:51.049476+00:00
[2022-07-15 00:07:51,089] {processor.py:171} INFO - Processing /home/airflow/.local/lib/python3.7/site-packages/airflow/example_dags/example_skip_dag.py took 0.262 seconds
