[2022-07-15 00:00:14,211] {processor.py:163} INFO - Started process (PID=2597) to work on /home/airflow/.local/lib/python3.7/site-packages/airflow/example_dags/example_branch_operator.py
[2022-07-15 00:00:14,230] {processor.py:620} INFO - Processing file /home/airflow/.local/lib/python3.7/site-packages/airflow/example_dags/example_branch_operator.py for tasks to queue
[2022-07-15 00:00:14,239] {logging_mixin.py:109} INFO - [2022-07-15 00:00:14,238] {dagbag.py:500} INFO - Filling up the DagBag from /home/airflow/.local/lib/python3.7/site-packages/airflow/example_dags/example_branch_operator.py
[2022-07-15 00:00:14,326] {processor.py:632} INFO - DAG(s) dict_keys(['example_branch_operator']) retrieved from /home/airflow/.local/lib/python3.7/site-packages/airflow/example_dags/example_branch_operator.py
[2022-07-15 00:00:14,375] {logging_mixin.py:109} INFO - [2022-07-15 00:00:14,374] {dag.py:2389} INFO - Sync 1 DAGs
[2022-07-15 00:00:14,446] {logging_mixin.py:109} INFO - [2022-07-15 00:00:14,445] {dag.py:2921} INFO - Setting next_dagrun for example_branch_operator to 2022-07-14 00:00:00+00:00
[2022-07-15 00:00:14,479] {processor.py:171} INFO - Processing /home/airflow/.local/lib/python3.7/site-packages/airflow/example_dags/example_branch_operator.py took 0.286 seconds
[2022-07-15 00:00:44,662] {processor.py:163} INFO - Started process (PID=2689) to work on /home/airflow/.local/lib/python3.7/site-packages/airflow/example_dags/example_branch_operator.py
[2022-07-15 00:00:44,667] {processor.py:620} INFO - Processing file /home/airflow/.local/lib/python3.7/site-packages/airflow/example_dags/example_branch_operator.py for tasks to queue
[2022-07-15 00:00:44,671] {logging_mixin.py:109} INFO - [2022-07-15 00:00:44,670] {dagbag.py:500} INFO - Filling up the DagBag from /home/airflow/.local/lib/python3.7/site-packages/airflow/example_dags/example_branch_operator.py
[2022-07-15 00:00:44,754] {processor.py:632} INFO - DAG(s) dict_keys(['example_branch_operator']) retrieved from /home/airflow/.local/lib/python3.7/site-packages/airflow/example_dags/example_branch_operator.py
[2022-07-15 00:00:44,801] {logging_mixin.py:109} INFO - [2022-07-15 00:00:44,800] {dag.py:2389} INFO - Sync 1 DAGs
[2022-07-15 00:00:44,871] {logging_mixin.py:109} INFO - [2022-07-15 00:00:44,870] {dag.py:2921} INFO - Setting next_dagrun for example_branch_operator to 2022-07-14 00:00:00+00:00
[2022-07-15 00:00:44,903] {processor.py:171} INFO - Processing /home/airflow/.local/lib/python3.7/site-packages/airflow/example_dags/example_branch_operator.py took 0.249 seconds
[2022-07-15 00:01:15,082] {processor.py:163} INFO - Started process (PID=2775) to work on /home/airflow/.local/lib/python3.7/site-packages/airflow/example_dags/example_branch_operator.py
[2022-07-15 00:01:15,086] {processor.py:620} INFO - Processing file /home/airflow/.local/lib/python3.7/site-packages/airflow/example_dags/example_branch_operator.py for tasks to queue
[2022-07-15 00:01:15,089] {logging_mixin.py:109} INFO - [2022-07-15 00:01:15,089] {dagbag.py:500} INFO - Filling up the DagBag from /home/airflow/.local/lib/python3.7/site-packages/airflow/example_dags/example_branch_operator.py
[2022-07-15 00:01:15,175] {processor.py:632} INFO - DAG(s) dict_keys(['example_branch_operator']) retrieved from /home/airflow/.local/lib/python3.7/site-packages/airflow/example_dags/example_branch_operator.py
[2022-07-15 00:01:15,224] {logging_mixin.py:109} INFO - [2022-07-15 00:01:15,223] {dag.py:2389} INFO - Sync 1 DAGs
[2022-07-15 00:01:15,301] {logging_mixin.py:109} INFO - [2022-07-15 00:01:15,300] {dag.py:2921} INFO - Setting next_dagrun for example_branch_operator to 2022-07-14 00:00:00+00:00
[2022-07-15 00:01:15,333] {processor.py:171} INFO - Processing /home/airflow/.local/lib/python3.7/site-packages/airflow/example_dags/example_branch_operator.py took 0.258 seconds
[2022-07-15 00:01:45,654] {processor.py:163} INFO - Started process (PID=2867) to work on /home/airflow/.local/lib/python3.7/site-packages/airflow/example_dags/example_branch_operator.py
[2022-07-15 00:01:45,658] {processor.py:620} INFO - Processing file /home/airflow/.local/lib/python3.7/site-packages/airflow/example_dags/example_branch_operator.py for tasks to queue
[2022-07-15 00:01:45,665] {logging_mixin.py:109} INFO - [2022-07-15 00:01:45,664] {dagbag.py:500} INFO - Filling up the DagBag from /home/airflow/.local/lib/python3.7/site-packages/airflow/example_dags/example_branch_operator.py
[2022-07-15 00:01:45,752] {processor.py:632} INFO - DAG(s) dict_keys(['example_branch_operator']) retrieved from /home/airflow/.local/lib/python3.7/site-packages/airflow/example_dags/example_branch_operator.py
[2022-07-15 00:01:45,802] {logging_mixin.py:109} INFO - [2022-07-15 00:01:45,801] {dag.py:2389} INFO - Sync 1 DAGs
[2022-07-15 00:01:45,874] {logging_mixin.py:109} INFO - [2022-07-15 00:01:45,874] {dag.py:2921} INFO - Setting next_dagrun for example_branch_operator to 2022-07-14 00:00:00+00:00
[2022-07-15 00:01:45,906] {processor.py:171} INFO - Processing /home/airflow/.local/lib/python3.7/site-packages/airflow/example_dags/example_branch_operator.py took 0.260 seconds
[2022-07-15 00:02:16,111] {processor.py:163} INFO - Started process (PID=2952) to work on /home/airflow/.local/lib/python3.7/site-packages/airflow/example_dags/example_branch_operator.py
[2022-07-15 00:02:16,115] {processor.py:620} INFO - Processing file /home/airflow/.local/lib/python3.7/site-packages/airflow/example_dags/example_branch_operator.py for tasks to queue
[2022-07-15 00:02:16,128] {logging_mixin.py:109} INFO - [2022-07-15 00:02:16,128] {dagbag.py:500} INFO - Filling up the DagBag from /home/airflow/.local/lib/python3.7/site-packages/airflow/example_dags/example_branch_operator.py
[2022-07-15 00:02:16,305] {processor.py:632} INFO - DAG(s) dict_keys(['example_branch_operator']) retrieved from /home/airflow/.local/lib/python3.7/site-packages/airflow/example_dags/example_branch_operator.py
[2022-07-15 00:02:16,355] {logging_mixin.py:109} INFO - [2022-07-15 00:02:16,354] {dag.py:2389} INFO - Sync 1 DAGs
[2022-07-15 00:02:16,428] {logging_mixin.py:109} INFO - [2022-07-15 00:02:16,427] {dag.py:2921} INFO - Setting next_dagrun for example_branch_operator to 2022-07-14 00:00:00+00:00
[2022-07-15 00:02:16,457] {processor.py:171} INFO - Processing /home/airflow/.local/lib/python3.7/site-packages/airflow/example_dags/example_branch_operator.py took 0.360 seconds
[2022-07-15 00:02:46,544] {processor.py:163} INFO - Started process (PID=3051) to work on /home/airflow/.local/lib/python3.7/site-packages/airflow/example_dags/example_branch_operator.py
[2022-07-15 00:02:46,548] {processor.py:620} INFO - Processing file /home/airflow/.local/lib/python3.7/site-packages/airflow/example_dags/example_branch_operator.py for tasks to queue
[2022-07-15 00:02:46,552] {logging_mixin.py:109} INFO - [2022-07-15 00:02:46,551] {dagbag.py:500} INFO - Filling up the DagBag from /home/airflow/.local/lib/python3.7/site-packages/airflow/example_dags/example_branch_operator.py
[2022-07-15 00:02:46,700] {processor.py:632} INFO - DAG(s) dict_keys(['example_branch_operator']) retrieved from /home/airflow/.local/lib/python3.7/site-packages/airflow/example_dags/example_branch_operator.py
[2022-07-15 00:02:46,753] {logging_mixin.py:109} INFO - [2022-07-15 00:02:46,753] {dag.py:2389} INFO - Sync 1 DAGs
[2022-07-15 00:02:46,824] {logging_mixin.py:109} INFO - [2022-07-15 00:02:46,824] {dag.py:2921} INFO - Setting next_dagrun for example_branch_operator to 2022-07-14 00:00:00+00:00
[2022-07-15 00:02:46,857] {processor.py:171} INFO - Processing /home/airflow/.local/lib/python3.7/site-packages/airflow/example_dags/example_branch_operator.py took 0.320 seconds
[2022-07-15 00:03:17,301] {processor.py:163} INFO - Started process (PID=3133) to work on /home/airflow/.local/lib/python3.7/site-packages/airflow/example_dags/example_branch_operator.py
[2022-07-15 00:03:17,307] {processor.py:620} INFO - Processing file /home/airflow/.local/lib/python3.7/site-packages/airflow/example_dags/example_branch_operator.py for tasks to queue
[2022-07-15 00:03:17,311] {logging_mixin.py:109} INFO - [2022-07-15 00:03:17,311] {dagbag.py:500} INFO - Filling up the DagBag from /home/airflow/.local/lib/python3.7/site-packages/airflow/example_dags/example_branch_operator.py
[2022-07-15 00:03:17,405] {processor.py:632} INFO - DAG(s) dict_keys(['example_branch_operator']) retrieved from /home/airflow/.local/lib/python3.7/site-packages/airflow/example_dags/example_branch_operator.py
[2022-07-15 00:03:17,455] {logging_mixin.py:109} INFO - [2022-07-15 00:03:17,455] {dag.py:2389} INFO - Sync 1 DAGs
[2022-07-15 00:03:17,540] {logging_mixin.py:109} INFO - [2022-07-15 00:03:17,539] {dag.py:2921} INFO - Setting next_dagrun for example_branch_operator to 2022-07-14 00:00:00+00:00
[2022-07-15 00:03:17,569] {processor.py:171} INFO - Processing /home/airflow/.local/lib/python3.7/site-packages/airflow/example_dags/example_branch_operator.py took 0.276 seconds
[2022-07-15 00:03:47,680] {processor.py:163} INFO - Started process (PID=3229) to work on /home/airflow/.local/lib/python3.7/site-packages/airflow/example_dags/example_branch_operator.py
[2022-07-15 00:03:47,689] {processor.py:620} INFO - Processing file /home/airflow/.local/lib/python3.7/site-packages/airflow/example_dags/example_branch_operator.py for tasks to queue
[2022-07-15 00:03:47,698] {logging_mixin.py:109} INFO - [2022-07-15 00:03:47,695] {dagbag.py:500} INFO - Filling up the DagBag from /home/airflow/.local/lib/python3.7/site-packages/airflow/example_dags/example_branch_operator.py
[2022-07-15 00:03:47,802] {processor.py:632} INFO - DAG(s) dict_keys(['example_branch_operator']) retrieved from /home/airflow/.local/lib/python3.7/site-packages/airflow/example_dags/example_branch_operator.py
[2022-07-15 00:03:47,853] {logging_mixin.py:109} INFO - [2022-07-15 00:03:47,852] {dag.py:2389} INFO - Sync 1 DAGs
[2022-07-15 00:03:47,943] {logging_mixin.py:109} INFO - [2022-07-15 00:03:47,942] {dag.py:2921} INFO - Setting next_dagrun for example_branch_operator to 2022-07-14 00:00:00+00:00
[2022-07-15 00:03:47,977] {processor.py:171} INFO - Processing /home/airflow/.local/lib/python3.7/site-packages/airflow/example_dags/example_branch_operator.py took 0.306 seconds
[2022-07-15 00:04:18,356] {processor.py:163} INFO - Started process (PID=3312) to work on /home/airflow/.local/lib/python3.7/site-packages/airflow/example_dags/example_branch_operator.py
[2022-07-15 00:04:18,362] {processor.py:620} INFO - Processing file /home/airflow/.local/lib/python3.7/site-packages/airflow/example_dags/example_branch_operator.py for tasks to queue
[2022-07-15 00:04:18,366] {logging_mixin.py:109} INFO - [2022-07-15 00:04:18,365] {dagbag.py:500} INFO - Filling up the DagBag from /home/airflow/.local/lib/python3.7/site-packages/airflow/example_dags/example_branch_operator.py
[2022-07-15 00:04:18,465] {processor.py:632} INFO - DAG(s) dict_keys(['example_branch_operator']) retrieved from /home/airflow/.local/lib/python3.7/site-packages/airflow/example_dags/example_branch_operator.py
[2022-07-15 00:04:18,522] {logging_mixin.py:109} INFO - [2022-07-15 00:04:18,521] {dag.py:2389} INFO - Sync 1 DAGs
[2022-07-15 00:04:18,601] {logging_mixin.py:109} INFO - [2022-07-15 00:04:18,600] {dag.py:2921} INFO - Setting next_dagrun for example_branch_operator to 2022-07-14 00:00:00+00:00
[2022-07-15 00:04:18,633] {processor.py:171} INFO - Processing /home/airflow/.local/lib/python3.7/site-packages/airflow/example_dags/example_branch_operator.py took 0.284 seconds
[2022-07-15 00:04:49,345] {processor.py:163} INFO - Started process (PID=3410) to work on /home/airflow/.local/lib/python3.7/site-packages/airflow/example_dags/example_branch_operator.py
[2022-07-15 00:04:49,352] {processor.py:620} INFO - Processing file /home/airflow/.local/lib/python3.7/site-packages/airflow/example_dags/example_branch_operator.py for tasks to queue
[2022-07-15 00:04:49,360] {logging_mixin.py:109} INFO - [2022-07-15 00:04:49,359] {dagbag.py:500} INFO - Filling up the DagBag from /home/airflow/.local/lib/python3.7/site-packages/airflow/example_dags/example_branch_operator.py
[2022-07-15 00:04:49,453] {processor.py:632} INFO - DAG(s) dict_keys(['example_branch_operator']) retrieved from /home/airflow/.local/lib/python3.7/site-packages/airflow/example_dags/example_branch_operator.py
[2022-07-15 00:04:49,503] {logging_mixin.py:109} INFO - [2022-07-15 00:04:49,503] {dag.py:2389} INFO - Sync 1 DAGs
[2022-07-15 00:04:49,570] {logging_mixin.py:109} INFO - [2022-07-15 00:04:49,570] {dag.py:2921} INFO - Setting next_dagrun for example_branch_operator to 2022-07-14 00:00:00+00:00
[2022-07-15 00:04:49,598] {processor.py:171} INFO - Processing /home/airflow/.local/lib/python3.7/site-packages/airflow/example_dags/example_branch_operator.py took 0.260 seconds
[2022-07-15 00:05:19,862] {processor.py:163} INFO - Started process (PID=3490) to work on /home/airflow/.local/lib/python3.7/site-packages/airflow/example_dags/example_branch_operator.py
[2022-07-15 00:05:19,867] {processor.py:620} INFO - Processing file /home/airflow/.local/lib/python3.7/site-packages/airflow/example_dags/example_branch_operator.py for tasks to queue
[2022-07-15 00:05:19,871] {logging_mixin.py:109} INFO - [2022-07-15 00:05:19,871] {dagbag.py:500} INFO - Filling up the DagBag from /home/airflow/.local/lib/python3.7/site-packages/airflow/example_dags/example_branch_operator.py
[2022-07-15 00:05:19,955] {processor.py:632} INFO - DAG(s) dict_keys(['example_branch_operator']) retrieved from /home/airflow/.local/lib/python3.7/site-packages/airflow/example_dags/example_branch_operator.py
[2022-07-15 00:05:20,003] {logging_mixin.py:109} INFO - [2022-07-15 00:05:20,002] {dag.py:2389} INFO - Sync 1 DAGs
[2022-07-15 00:05:20,067] {logging_mixin.py:109} INFO - [2022-07-15 00:05:20,067] {dag.py:2921} INFO - Setting next_dagrun for example_branch_operator to 2022-07-14 00:00:00+00:00
[2022-07-15 00:05:20,094] {processor.py:171} INFO - Processing /home/airflow/.local/lib/python3.7/site-packages/airflow/example_dags/example_branch_operator.py took 0.241 seconds
[2022-07-15 00:05:50,393] {processor.py:163} INFO - Started process (PID=3588) to work on /home/airflow/.local/lib/python3.7/site-packages/airflow/example_dags/example_branch_operator.py
[2022-07-15 00:05:50,399] {processor.py:620} INFO - Processing file /home/airflow/.local/lib/python3.7/site-packages/airflow/example_dags/example_branch_operator.py for tasks to queue
[2022-07-15 00:05:50,403] {logging_mixin.py:109} INFO - [2022-07-15 00:05:50,403] {dagbag.py:500} INFO - Filling up the DagBag from /home/airflow/.local/lib/python3.7/site-packages/airflow/example_dags/example_branch_operator.py
[2022-07-15 00:05:50,512] {processor.py:632} INFO - DAG(s) dict_keys(['example_branch_operator']) retrieved from /home/airflow/.local/lib/python3.7/site-packages/airflow/example_dags/example_branch_operator.py
[2022-07-15 00:05:50,572] {logging_mixin.py:109} INFO - [2022-07-15 00:05:50,572] {dag.py:2389} INFO - Sync 1 DAGs
[2022-07-15 00:05:50,650] {logging_mixin.py:109} INFO - [2022-07-15 00:05:50,650] {dag.py:2921} INFO - Setting next_dagrun for example_branch_operator to 2022-07-14 00:00:00+00:00
[2022-07-15 00:05:50,679] {processor.py:171} INFO - Processing /home/airflow/.local/lib/python3.7/site-packages/airflow/example_dags/example_branch_operator.py took 0.295 seconds
[2022-07-15 00:06:20,794] {processor.py:163} INFO - Started process (PID=3674) to work on /home/airflow/.local/lib/python3.7/site-packages/airflow/example_dags/example_branch_operator.py
[2022-07-15 00:06:20,797] {processor.py:620} INFO - Processing file /home/airflow/.local/lib/python3.7/site-packages/airflow/example_dags/example_branch_operator.py for tasks to queue
[2022-07-15 00:06:20,800] {logging_mixin.py:109} INFO - [2022-07-15 00:06:20,799] {dagbag.py:500} INFO - Filling up the DagBag from /home/airflow/.local/lib/python3.7/site-packages/airflow/example_dags/example_branch_operator.py
[2022-07-15 00:06:20,872] {processor.py:632} INFO - DAG(s) dict_keys(['example_branch_operator']) retrieved from /home/airflow/.local/lib/python3.7/site-packages/airflow/example_dags/example_branch_operator.py
[2022-07-15 00:06:20,913] {logging_mixin.py:109} INFO - [2022-07-15 00:06:20,913] {dag.py:2389} INFO - Sync 1 DAGs
[2022-07-15 00:06:20,971] {logging_mixin.py:109} INFO - [2022-07-15 00:06:20,971] {dag.py:2921} INFO - Setting next_dagrun for example_branch_operator to 2022-07-14 00:00:00+00:00
[2022-07-15 00:06:21,001] {processor.py:171} INFO - Processing /home/airflow/.local/lib/python3.7/site-packages/airflow/example_dags/example_branch_operator.py took 0.215 seconds
[2022-07-15 00:06:51,224] {processor.py:163} INFO - Started process (PID=3770) to work on /home/airflow/.local/lib/python3.7/site-packages/airflow/example_dags/example_branch_operator.py
[2022-07-15 00:06:51,229] {processor.py:620} INFO - Processing file /home/airflow/.local/lib/python3.7/site-packages/airflow/example_dags/example_branch_operator.py for tasks to queue
[2022-07-15 00:06:51,234] {logging_mixin.py:109} INFO - [2022-07-15 00:06:51,233] {dagbag.py:500} INFO - Filling up the DagBag from /home/airflow/.local/lib/python3.7/site-packages/airflow/example_dags/example_branch_operator.py
[2022-07-15 00:06:51,336] {processor.py:632} INFO - DAG(s) dict_keys(['example_branch_operator']) retrieved from /home/airflow/.local/lib/python3.7/site-packages/airflow/example_dags/example_branch_operator.py
[2022-07-15 00:06:51,400] {logging_mixin.py:109} INFO - [2022-07-15 00:06:51,399] {dag.py:2389} INFO - Sync 1 DAGs
[2022-07-15 00:06:51,491] {logging_mixin.py:109} INFO - [2022-07-15 00:06:51,490] {dag.py:2921} INFO - Setting next_dagrun for example_branch_operator to 2022-07-14 00:00:00+00:00
[2022-07-15 00:06:51,524] {processor.py:171} INFO - Processing /home/airflow/.local/lib/python3.7/site-packages/airflow/example_dags/example_branch_operator.py took 0.309 seconds
[2022-07-15 00:07:22,282] {processor.py:163} INFO - Started process (PID=3850) to work on /home/airflow/.local/lib/python3.7/site-packages/airflow/example_dags/example_branch_operator.py
[2022-07-15 00:07:22,286] {processor.py:620} INFO - Processing file /home/airflow/.local/lib/python3.7/site-packages/airflow/example_dags/example_branch_operator.py for tasks to queue
[2022-07-15 00:07:22,289] {logging_mixin.py:109} INFO - [2022-07-15 00:07:22,289] {dagbag.py:500} INFO - Filling up the DagBag from /home/airflow/.local/lib/python3.7/site-packages/airflow/example_dags/example_branch_operator.py
[2022-07-15 00:07:22,360] {processor.py:632} INFO - DAG(s) dict_keys(['example_branch_operator']) retrieved from /home/airflow/.local/lib/python3.7/site-packages/airflow/example_dags/example_branch_operator.py
[2022-07-15 00:07:22,399] {logging_mixin.py:109} INFO - [2022-07-15 00:07:22,399] {dag.py:2389} INFO - Sync 1 DAGs
[2022-07-15 00:07:22,454] {logging_mixin.py:109} INFO - [2022-07-15 00:07:22,454] {dag.py:2921} INFO - Setting next_dagrun for example_branch_operator to 2022-07-14 00:00:00+00:00
[2022-07-15 00:07:22,479] {processor.py:171} INFO - Processing /home/airflow/.local/lib/python3.7/site-packages/airflow/example_dags/example_branch_operator.py took 0.204 seconds
[2022-07-15 00:07:53,314] {processor.py:163} INFO - Started process (PID=3948) to work on /home/airflow/.local/lib/python3.7/site-packages/airflow/example_dags/example_branch_operator.py
[2022-07-15 00:07:53,323] {processor.py:620} INFO - Processing file /home/airflow/.local/lib/python3.7/site-packages/airflow/example_dags/example_branch_operator.py for tasks to queue
[2022-07-15 00:07:53,331] {logging_mixin.py:109} INFO - [2022-07-15 00:07:53,330] {dagbag.py:500} INFO - Filling up the DagBag from /home/airflow/.local/lib/python3.7/site-packages/airflow/example_dags/example_branch_operator.py
[2022-07-15 00:07:53,428] {processor.py:632} INFO - DAG(s) dict_keys(['example_branch_operator']) retrieved from /home/airflow/.local/lib/python3.7/site-packages/airflow/example_dags/example_branch_operator.py
[2022-07-15 00:07:53,479] {logging_mixin.py:109} INFO - [2022-07-15 00:07:53,479] {dag.py:2389} INFO - Sync 1 DAGs
[2022-07-15 00:07:53,568] {logging_mixin.py:109} INFO - [2022-07-15 00:07:53,567] {dag.py:2921} INFO - Setting next_dagrun for example_branch_operator to 2022-07-14 00:00:00+00:00
[2022-07-15 00:07:53,611] {processor.py:171} INFO - Processing /home/airflow/.local/lib/python3.7/site-packages/airflow/example_dags/example_branch_operator.py took 0.306 seconds
