[2022-07-15 00:00:24,240] {processor.py:163} INFO - Started process (PID=2625) to work on /home/airflow/.local/lib/python3.7/site-packages/airflow/example_dags/example_dag_decorator.py
[2022-07-15 00:00:24,244] {processor.py:620} INFO - Processing file /home/airflow/.local/lib/python3.7/site-packages/airflow/example_dags/example_dag_decorator.py for tasks to queue
[2022-07-15 00:00:24,247] {logging_mixin.py:109} INFO - [2022-07-15 00:00:24,247] {dagbag.py:500} INFO - Filling up the DagBag from /home/airflow/.local/lib/python3.7/site-packages/airflow/example_dags/example_dag_decorator.py
[2022-07-15 00:00:24,358] {processor.py:632} INFO - DAG(s) dict_keys(['example_dag_decorator']) retrieved from /home/airflow/.local/lib/python3.7/site-packages/airflow/example_dags/example_dag_decorator.py
[2022-07-15 00:00:25,532] {logging_mixin.py:109} INFO - [2022-07-15 00:00:25,532] {dag.py:2389} INFO - Sync 1 DAGs
[2022-07-15 00:00:25,593] {logging_mixin.py:109} INFO - [2022-07-15 00:00:25,593] {dag.py:2921} INFO - Setting next_dagrun for example_dag_decorator to None
[2022-07-15 00:00:25,630] {processor.py:171} INFO - Processing /home/airflow/.local/lib/python3.7/site-packages/airflow/example_dags/example_dag_decorator.py took 1.398 seconds
[2022-07-15 00:00:55,902] {processor.py:163} INFO - Started process (PID=2715) to work on /home/airflow/.local/lib/python3.7/site-packages/airflow/example_dags/example_dag_decorator.py
[2022-07-15 00:00:55,908] {processor.py:620} INFO - Processing file /home/airflow/.local/lib/python3.7/site-packages/airflow/example_dags/example_dag_decorator.py for tasks to queue
[2022-07-15 00:00:55,911] {logging_mixin.py:109} INFO - [2022-07-15 00:00:55,911] {dagbag.py:500} INFO - Filling up the DagBag from /home/airflow/.local/lib/python3.7/site-packages/airflow/example_dags/example_dag_decorator.py
[2022-07-15 00:00:56,061] {processor.py:632} INFO - DAG(s) dict_keys(['example_dag_decorator']) retrieved from /home/airflow/.local/lib/python3.7/site-packages/airflow/example_dags/example_dag_decorator.py
[2022-07-15 00:00:57,167] {logging_mixin.py:109} INFO - [2022-07-15 00:00:57,167] {dag.py:2389} INFO - Sync 1 DAGs
[2022-07-15 00:00:57,230] {logging_mixin.py:109} INFO - [2022-07-15 00:00:57,229] {dag.py:2921} INFO - Setting next_dagrun for example_dag_decorator to None
[2022-07-15 00:00:57,265] {processor.py:171} INFO - Processing /home/airflow/.local/lib/python3.7/site-packages/airflow/example_dags/example_dag_decorator.py took 1.378 seconds
[2022-07-15 00:01:27,454] {processor.py:163} INFO - Started process (PID=2815) to work on /home/airflow/.local/lib/python3.7/site-packages/airflow/example_dags/example_dag_decorator.py
[2022-07-15 00:01:27,459] {processor.py:620} INFO - Processing file /home/airflow/.local/lib/python3.7/site-packages/airflow/example_dags/example_dag_decorator.py for tasks to queue
[2022-07-15 00:01:27,462] {logging_mixin.py:109} INFO - [2022-07-15 00:01:27,462] {dagbag.py:500} INFO - Filling up the DagBag from /home/airflow/.local/lib/python3.7/site-packages/airflow/example_dags/example_dag_decorator.py
[2022-07-15 00:01:27,575] {processor.py:632} INFO - DAG(s) dict_keys(['example_dag_decorator']) retrieved from /home/airflow/.local/lib/python3.7/site-packages/airflow/example_dags/example_dag_decorator.py
[2022-07-15 00:01:28,757] {logging_mixin.py:109} INFO - [2022-07-15 00:01:28,757] {dag.py:2389} INFO - Sync 1 DAGs
[2022-07-15 00:01:28,819] {logging_mixin.py:109} INFO - [2022-07-15 00:01:28,819] {dag.py:2921} INFO - Setting next_dagrun for example_dag_decorator to None
[2022-07-15 00:01:28,855] {processor.py:171} INFO - Processing /home/airflow/.local/lib/python3.7/site-packages/airflow/example_dags/example_dag_decorator.py took 1.409 seconds
[2022-07-15 00:01:59,242] {processor.py:163} INFO - Started process (PID=2897) to work on /home/airflow/.local/lib/python3.7/site-packages/airflow/example_dags/example_dag_decorator.py
[2022-07-15 00:01:59,246] {processor.py:620} INFO - Processing file /home/airflow/.local/lib/python3.7/site-packages/airflow/example_dags/example_dag_decorator.py for tasks to queue
[2022-07-15 00:01:59,251] {logging_mixin.py:109} INFO - [2022-07-15 00:01:59,250] {dagbag.py:500} INFO - Filling up the DagBag from /home/airflow/.local/lib/python3.7/site-packages/airflow/example_dags/example_dag_decorator.py
[2022-07-15 00:01:59,345] {processor.py:632} INFO - DAG(s) dict_keys(['example_dag_decorator']) retrieved from /home/airflow/.local/lib/python3.7/site-packages/airflow/example_dags/example_dag_decorator.py
[2022-07-15 00:02:00,248] {logging_mixin.py:109} INFO - [2022-07-15 00:02:00,248] {dag.py:2389} INFO - Sync 1 DAGs
[2022-07-15 00:02:00,305] {logging_mixin.py:109} INFO - [2022-07-15 00:02:00,305] {dag.py:2921} INFO - Setting next_dagrun for example_dag_decorator to None
[2022-07-15 00:02:00,338] {processor.py:171} INFO - Processing /home/airflow/.local/lib/python3.7/site-packages/airflow/example_dags/example_dag_decorator.py took 1.103 seconds
[2022-07-15 00:02:30,991] {processor.py:163} INFO - Started process (PID=2995) to work on /home/airflow/.local/lib/python3.7/site-packages/airflow/example_dags/example_dag_decorator.py
[2022-07-15 00:02:30,997] {processor.py:620} INFO - Processing file /home/airflow/.local/lib/python3.7/site-packages/airflow/example_dags/example_dag_decorator.py for tasks to queue
[2022-07-15 00:02:31,002] {logging_mixin.py:109} INFO - [2022-07-15 00:02:31,000] {dagbag.py:500} INFO - Filling up the DagBag from /home/airflow/.local/lib/python3.7/site-packages/airflow/example_dags/example_dag_decorator.py
[2022-07-15 00:02:31,112] {processor.py:632} INFO - DAG(s) dict_keys(['example_dag_decorator']) retrieved from /home/airflow/.local/lib/python3.7/site-packages/airflow/example_dags/example_dag_decorator.py
[2022-07-15 00:02:32,366] {logging_mixin.py:109} INFO - [2022-07-15 00:02:32,365] {dag.py:2389} INFO - Sync 1 DAGs
[2022-07-15 00:02:32,434] {logging_mixin.py:109} INFO - [2022-07-15 00:02:32,433] {dag.py:2921} INFO - Setting next_dagrun for example_dag_decorator to None
[2022-07-15 00:02:32,472] {processor.py:171} INFO - Processing /home/airflow/.local/lib/python3.7/site-packages/airflow/example_dags/example_dag_decorator.py took 1.493 seconds
[2022-07-15 00:03:02,581] {processor.py:163} INFO - Started process (PID=3079) to work on /home/airflow/.local/lib/python3.7/site-packages/airflow/example_dags/example_dag_decorator.py
[2022-07-15 00:03:02,587] {processor.py:620} INFO - Processing file /home/airflow/.local/lib/python3.7/site-packages/airflow/example_dags/example_dag_decorator.py for tasks to queue
[2022-07-15 00:03:02,589] {logging_mixin.py:109} INFO - [2022-07-15 00:03:02,589] {dagbag.py:500} INFO - Filling up the DagBag from /home/airflow/.local/lib/python3.7/site-packages/airflow/example_dags/example_dag_decorator.py
[2022-07-15 00:03:02,685] {processor.py:632} INFO - DAG(s) dict_keys(['example_dag_decorator']) retrieved from /home/airflow/.local/lib/python3.7/site-packages/airflow/example_dags/example_dag_decorator.py
[2022-07-15 00:03:03,768] {logging_mixin.py:109} INFO - [2022-07-15 00:03:03,768] {dag.py:2389} INFO - Sync 1 DAGs
[2022-07-15 00:03:03,830] {logging_mixin.py:109} INFO - [2022-07-15 00:03:03,830] {dag.py:2921} INFO - Setting next_dagrun for example_dag_decorator to None
[2022-07-15 00:03:03,875] {processor.py:171} INFO - Processing /home/airflow/.local/lib/python3.7/site-packages/airflow/example_dags/example_dag_decorator.py took 1.301 seconds
[2022-07-15 00:03:34,373] {processor.py:163} INFO - Started process (PID=3179) to work on /home/airflow/.local/lib/python3.7/site-packages/airflow/example_dags/example_dag_decorator.py
[2022-07-15 00:03:34,378] {processor.py:620} INFO - Processing file /home/airflow/.local/lib/python3.7/site-packages/airflow/example_dags/example_dag_decorator.py for tasks to queue
[2022-07-15 00:03:34,382] {logging_mixin.py:109} INFO - [2022-07-15 00:03:34,381] {dagbag.py:500} INFO - Filling up the DagBag from /home/airflow/.local/lib/python3.7/site-packages/airflow/example_dags/example_dag_decorator.py
[2022-07-15 00:03:34,478] {processor.py:632} INFO - DAG(s) dict_keys(['example_dag_decorator']) retrieved from /home/airflow/.local/lib/python3.7/site-packages/airflow/example_dags/example_dag_decorator.py
[2022-07-15 00:03:35,826] {logging_mixin.py:109} INFO - [2022-07-15 00:03:35,826] {dag.py:2389} INFO - Sync 1 DAGs
[2022-07-15 00:03:35,892] {logging_mixin.py:109} INFO - [2022-07-15 00:03:35,891] {dag.py:2921} INFO - Setting next_dagrun for example_dag_decorator to None
[2022-07-15 00:03:35,934] {processor.py:171} INFO - Processing /home/airflow/.local/lib/python3.7/site-packages/airflow/example_dags/example_dag_decorator.py took 1.571 seconds
[2022-07-15 00:04:06,008] {processor.py:163} INFO - Started process (PID=3278) to work on /home/airflow/.local/lib/python3.7/site-packages/airflow/example_dags/example_dag_decorator.py
[2022-07-15 00:04:06,014] {processor.py:620} INFO - Processing file /home/airflow/.local/lib/python3.7/site-packages/airflow/example_dags/example_dag_decorator.py for tasks to queue
[2022-07-15 00:04:06,017] {logging_mixin.py:109} INFO - [2022-07-15 00:04:06,016] {dagbag.py:500} INFO - Filling up the DagBag from /home/airflow/.local/lib/python3.7/site-packages/airflow/example_dags/example_dag_decorator.py
[2022-07-15 00:04:06,149] {processor.py:632} INFO - DAG(s) dict_keys(['example_dag_decorator']) retrieved from /home/airflow/.local/lib/python3.7/site-packages/airflow/example_dags/example_dag_decorator.py
[2022-07-15 00:04:07,296] {logging_mixin.py:109} INFO - [2022-07-15 00:04:07,296] {dag.py:2389} INFO - Sync 1 DAGs
[2022-07-15 00:04:07,360] {logging_mixin.py:109} INFO - [2022-07-15 00:04:07,359] {dag.py:2921} INFO - Setting next_dagrun for example_dag_decorator to None
[2022-07-15 00:04:07,398] {processor.py:171} INFO - Processing /home/airflow/.local/lib/python3.7/site-packages/airflow/example_dags/example_dag_decorator.py took 1.398 seconds
[2022-07-15 00:04:37,626] {processor.py:163} INFO - Started process (PID=3362) to work on /home/airflow/.local/lib/python3.7/site-packages/airflow/example_dags/example_dag_decorator.py
[2022-07-15 00:04:37,630] {processor.py:620} INFO - Processing file /home/airflow/.local/lib/python3.7/site-packages/airflow/example_dags/example_dag_decorator.py for tasks to queue
[2022-07-15 00:04:37,634] {logging_mixin.py:109} INFO - [2022-07-15 00:04:37,634] {dagbag.py:500} INFO - Filling up the DagBag from /home/airflow/.local/lib/python3.7/site-packages/airflow/example_dags/example_dag_decorator.py
[2022-07-15 00:04:37,738] {processor.py:632} INFO - DAG(s) dict_keys(['example_dag_decorator']) retrieved from /home/airflow/.local/lib/python3.7/site-packages/airflow/example_dags/example_dag_decorator.py
[2022-07-15 00:04:38,789] {logging_mixin.py:109} INFO - [2022-07-15 00:04:38,788] {dag.py:2389} INFO - Sync 1 DAGs
[2022-07-15 00:04:38,840] {logging_mixin.py:109} INFO - [2022-07-15 00:04:38,840] {dag.py:2921} INFO - Setting next_dagrun for example_dag_decorator to None
[2022-07-15 00:04:38,873] {processor.py:171} INFO - Processing /home/airflow/.local/lib/python3.7/site-packages/airflow/example_dags/example_dag_decorator.py took 1.254 seconds
[2022-07-15 00:05:08,971] {processor.py:163} INFO - Started process (PID=3460) to work on /home/airflow/.local/lib/python3.7/site-packages/airflow/example_dags/example_dag_decorator.py
[2022-07-15 00:05:08,976] {processor.py:620} INFO - Processing file /home/airflow/.local/lib/python3.7/site-packages/airflow/example_dags/example_dag_decorator.py for tasks to queue
[2022-07-15 00:05:08,979] {logging_mixin.py:109} INFO - [2022-07-15 00:05:08,979] {dagbag.py:500} INFO - Filling up the DagBag from /home/airflow/.local/lib/python3.7/site-packages/airflow/example_dags/example_dag_decorator.py
[2022-07-15 00:05:09,086] {processor.py:632} INFO - DAG(s) dict_keys(['example_dag_decorator']) retrieved from /home/airflow/.local/lib/python3.7/site-packages/airflow/example_dags/example_dag_decorator.py
[2022-07-15 00:05:10,321] {logging_mixin.py:109} INFO - [2022-07-15 00:05:10,321] {dag.py:2389} INFO - Sync 1 DAGs
[2022-07-15 00:05:10,392] {logging_mixin.py:109} INFO - [2022-07-15 00:05:10,391] {dag.py:2921} INFO - Setting next_dagrun for example_dag_decorator to None
[2022-07-15 00:05:10,435] {processor.py:171} INFO - Processing /home/airflow/.local/lib/python3.7/site-packages/airflow/example_dags/example_dag_decorator.py took 1.473 seconds
[2022-07-15 00:05:40,717] {processor.py:163} INFO - Started process (PID=3544) to work on /home/airflow/.local/lib/python3.7/site-packages/airflow/example_dags/example_dag_decorator.py
[2022-07-15 00:05:40,720] {processor.py:620} INFO - Processing file /home/airflow/.local/lib/python3.7/site-packages/airflow/example_dags/example_dag_decorator.py for tasks to queue
[2022-07-15 00:05:40,723] {logging_mixin.py:109} INFO - [2022-07-15 00:05:40,723] {dagbag.py:500} INFO - Filling up the DagBag from /home/airflow/.local/lib/python3.7/site-packages/airflow/example_dags/example_dag_decorator.py
[2022-07-15 00:05:40,814] {processor.py:632} INFO - DAG(s) dict_keys(['example_dag_decorator']) retrieved from /home/airflow/.local/lib/python3.7/site-packages/airflow/example_dags/example_dag_decorator.py
[2022-07-15 00:05:41,794] {logging_mixin.py:109} INFO - [2022-07-15 00:05:41,793] {dag.py:2389} INFO - Sync 1 DAGs
[2022-07-15 00:05:41,842] {logging_mixin.py:109} INFO - [2022-07-15 00:05:41,842] {dag.py:2921} INFO - Setting next_dagrun for example_dag_decorator to None
[2022-07-15 00:05:41,876] {processor.py:171} INFO - Processing /home/airflow/.local/lib/python3.7/site-packages/airflow/example_dags/example_dag_decorator.py took 1.166 seconds
[2022-07-15 00:06:12,391] {processor.py:163} INFO - Started process (PID=3642) to work on /home/airflow/.local/lib/python3.7/site-packages/airflow/example_dags/example_dag_decorator.py
[2022-07-15 00:06:12,397] {processor.py:620} INFO - Processing file /home/airflow/.local/lib/python3.7/site-packages/airflow/example_dags/example_dag_decorator.py for tasks to queue
[2022-07-15 00:06:12,401] {logging_mixin.py:109} INFO - [2022-07-15 00:06:12,401] {dagbag.py:500} INFO - Filling up the DagBag from /home/airflow/.local/lib/python3.7/site-packages/airflow/example_dags/example_dag_decorator.py
[2022-07-15 00:06:12,513] {processor.py:632} INFO - DAG(s) dict_keys(['example_dag_decorator']) retrieved from /home/airflow/.local/lib/python3.7/site-packages/airflow/example_dags/example_dag_decorator.py
[2022-07-15 00:06:13,780] {logging_mixin.py:109} INFO - [2022-07-15 00:06:13,780] {dag.py:2389} INFO - Sync 1 DAGs
[2022-07-15 00:06:13,861] {logging_mixin.py:109} INFO - [2022-07-15 00:06:13,861] {dag.py:2921} INFO - Setting next_dagrun for example_dag_decorator to None
[2022-07-15 00:06:13,897] {processor.py:171} INFO - Processing /home/airflow/.local/lib/python3.7/site-packages/airflow/example_dags/example_dag_decorator.py took 1.514 seconds
[2022-07-15 00:06:44,777] {processor.py:163} INFO - Started process (PID=3734) to work on /home/airflow/.local/lib/python3.7/site-packages/airflow/example_dags/example_dag_decorator.py
[2022-07-15 00:06:44,783] {processor.py:620} INFO - Processing file /home/airflow/.local/lib/python3.7/site-packages/airflow/example_dags/example_dag_decorator.py for tasks to queue
[2022-07-15 00:06:44,786] {logging_mixin.py:109} INFO - [2022-07-15 00:06:44,786] {dagbag.py:500} INFO - Filling up the DagBag from /home/airflow/.local/lib/python3.7/site-packages/airflow/example_dags/example_dag_decorator.py
[2022-07-15 00:06:44,933] {processor.py:632} INFO - DAG(s) dict_keys(['example_dag_decorator']) retrieved from /home/airflow/.local/lib/python3.7/site-packages/airflow/example_dags/example_dag_decorator.py
[2022-07-15 00:06:46,083] {logging_mixin.py:109} INFO - [2022-07-15 00:06:46,083] {dag.py:2389} INFO - Sync 1 DAGs
[2022-07-15 00:06:46,142] {logging_mixin.py:109} INFO - [2022-07-15 00:06:46,141] {dag.py:2921} INFO - Setting next_dagrun for example_dag_decorator to None
[2022-07-15 00:06:46,176] {processor.py:171} INFO - Processing /home/airflow/.local/lib/python3.7/site-packages/airflow/example_dags/example_dag_decorator.py took 1.407 seconds
[2022-07-15 00:07:16,241] {processor.py:163} INFO - Started process (PID=3828) to work on /home/airflow/.local/lib/python3.7/site-packages/airflow/example_dags/example_dag_decorator.py
[2022-07-15 00:07:16,247] {processor.py:620} INFO - Processing file /home/airflow/.local/lib/python3.7/site-packages/airflow/example_dags/example_dag_decorator.py for tasks to queue
[2022-07-15 00:07:16,250] {logging_mixin.py:109} INFO - [2022-07-15 00:07:16,249] {dagbag.py:500} INFO - Filling up the DagBag from /home/airflow/.local/lib/python3.7/site-packages/airflow/example_dags/example_dag_decorator.py
[2022-07-15 00:07:16,354] {processor.py:632} INFO - DAG(s) dict_keys(['example_dag_decorator']) retrieved from /home/airflow/.local/lib/python3.7/site-packages/airflow/example_dags/example_dag_decorator.py
[2022-07-15 00:07:17,486] {logging_mixin.py:109} INFO - [2022-07-15 00:07:17,485] {dag.py:2389} INFO - Sync 1 DAGs
[2022-07-15 00:07:17,559] {logging_mixin.py:109} INFO - [2022-07-15 00:07:17,558] {dag.py:2921} INFO - Setting next_dagrun for example_dag_decorator to None
[2022-07-15 00:07:17,600] {processor.py:171} INFO - Processing /home/airflow/.local/lib/python3.7/site-packages/airflow/example_dags/example_dag_decorator.py took 1.366 seconds
[2022-07-15 00:07:48,053] {processor.py:163} INFO - Started process (PID=3926) to work on /home/airflow/.local/lib/python3.7/site-packages/airflow/example_dags/example_dag_decorator.py
[2022-07-15 00:07:48,057] {processor.py:620} INFO - Processing file /home/airflow/.local/lib/python3.7/site-packages/airflow/example_dags/example_dag_decorator.py for tasks to queue
[2022-07-15 00:07:48,061] {logging_mixin.py:109} INFO - [2022-07-15 00:07:48,060] {dagbag.py:500} INFO - Filling up the DagBag from /home/airflow/.local/lib/python3.7/site-packages/airflow/example_dags/example_dag_decorator.py
[2022-07-15 00:07:48,185] {processor.py:632} INFO - DAG(s) dict_keys(['example_dag_decorator']) retrieved from /home/airflow/.local/lib/python3.7/site-packages/airflow/example_dags/example_dag_decorator.py
[2022-07-15 00:07:49,644] {logging_mixin.py:109} INFO - [2022-07-15 00:07:49,643] {dag.py:2389} INFO - Sync 1 DAGs
[2022-07-15 00:07:49,726] {logging_mixin.py:109} INFO - [2022-07-15 00:07:49,725] {dag.py:2921} INFO - Setting next_dagrun for example_dag_decorator to None
[2022-07-15 00:07:49,766] {processor.py:171} INFO - Processing /home/airflow/.local/lib/python3.7/site-packages/airflow/example_dags/example_dag_decorator.py took 1.729 seconds
