[2022-07-15 00:00:06,687] {processor.py:163} INFO - Started process (PID=2573) to work on /home/airflow/.local/lib/python3.7/site-packages/airflow/example_dags/tutorial.py
[2022-07-15 00:00:06,691] {processor.py:620} INFO - Processing file /home/airflow/.local/lib/python3.7/site-packages/airflow/example_dags/tutorial.py for tasks to queue
[2022-07-15 00:00:06,695] {logging_mixin.py:109} INFO - [2022-07-15 00:00:06,695] {dagbag.py:500} INFO - Filling up the DagBag from /home/airflow/.local/lib/python3.7/site-packages/airflow/example_dags/tutorial.py
[2022-07-15 00:00:06,773] {processor.py:632} INFO - DAG(s) dict_keys(['tutorial']) retrieved from /home/airflow/.local/lib/python3.7/site-packages/airflow/example_dags/tutorial.py
[2022-07-15 00:00:06,814] {logging_mixin.py:109} INFO - [2022-07-15 00:00:06,814] {dag.py:2389} INFO - Sync 1 DAGs
[2022-07-15 00:00:06,881] {logging_mixin.py:109} INFO - [2022-07-15 00:00:06,880] {dag.py:2921} INFO - Setting next_dagrun for tutorial to 2022-07-14T00:00:06.878580+00:00
[2022-07-15 00:00:06,919] {processor.py:171} INFO - Processing /home/airflow/.local/lib/python3.7/site-packages/airflow/example_dags/tutorial.py took 0.239 seconds
[2022-07-15 00:00:37,444] {processor.py:163} INFO - Started process (PID=2655) to work on /home/airflow/.local/lib/python3.7/site-packages/airflow/example_dags/tutorial.py
[2022-07-15 00:00:37,448] {processor.py:620} INFO - Processing file /home/airflow/.local/lib/python3.7/site-packages/airflow/example_dags/tutorial.py for tasks to queue
[2022-07-15 00:00:37,452] {logging_mixin.py:109} INFO - [2022-07-15 00:00:37,452] {dagbag.py:500} INFO - Filling up the DagBag from /home/airflow/.local/lib/python3.7/site-packages/airflow/example_dags/tutorial.py
[2022-07-15 00:00:37,533] {processor.py:632} INFO - DAG(s) dict_keys(['tutorial']) retrieved from /home/airflow/.local/lib/python3.7/site-packages/airflow/example_dags/tutorial.py
[2022-07-15 00:00:37,576] {logging_mixin.py:109} INFO - [2022-07-15 00:00:37,576] {dag.py:2389} INFO - Sync 1 DAGs
[2022-07-15 00:00:37,697] {logging_mixin.py:109} INFO - [2022-07-15 00:00:37,696] {dag.py:2921} INFO - Setting next_dagrun for tutorial to 2022-07-14T00:00:37.695362+00:00
[2022-07-15 00:00:37,730] {processor.py:171} INFO - Processing /home/airflow/.local/lib/python3.7/site-packages/airflow/example_dags/tutorial.py took 0.293 seconds
[2022-07-15 00:01:07,856] {processor.py:163} INFO - Started process (PID=2751) to work on /home/airflow/.local/lib/python3.7/site-packages/airflow/example_dags/tutorial.py
[2022-07-15 00:01:07,861] {processor.py:620} INFO - Processing file /home/airflow/.local/lib/python3.7/site-packages/airflow/example_dags/tutorial.py for tasks to queue
[2022-07-15 00:01:07,865] {logging_mixin.py:109} INFO - [2022-07-15 00:01:07,864] {dagbag.py:500} INFO - Filling up the DagBag from /home/airflow/.local/lib/python3.7/site-packages/airflow/example_dags/tutorial.py
[2022-07-15 00:01:07,939] {processor.py:632} INFO - DAG(s) dict_keys(['tutorial']) retrieved from /home/airflow/.local/lib/python3.7/site-packages/airflow/example_dags/tutorial.py
[2022-07-15 00:01:07,982] {logging_mixin.py:109} INFO - [2022-07-15 00:01:07,981] {dag.py:2389} INFO - Sync 1 DAGs
[2022-07-15 00:01:08,059] {logging_mixin.py:109} INFO - [2022-07-15 00:01:08,059] {dag.py:2921} INFO - Setting next_dagrun for tutorial to 2022-07-14T00:01:08.057319+00:00
[2022-07-15 00:01:08,092] {processor.py:171} INFO - Processing /home/airflow/.local/lib/python3.7/site-packages/airflow/example_dags/tutorial.py took 0.244 seconds
[2022-07-15 00:01:38,990] {processor.py:163} INFO - Started process (PID=2833) to work on /home/airflow/.local/lib/python3.7/site-packages/airflow/example_dags/tutorial.py
[2022-07-15 00:01:38,994] {processor.py:620} INFO - Processing file /home/airflow/.local/lib/python3.7/site-packages/airflow/example_dags/tutorial.py for tasks to queue
[2022-07-15 00:01:38,997] {logging_mixin.py:109} INFO - [2022-07-15 00:01:38,997] {dagbag.py:500} INFO - Filling up the DagBag from /home/airflow/.local/lib/python3.7/site-packages/airflow/example_dags/tutorial.py
[2022-07-15 00:01:39,064] {processor.py:632} INFO - DAG(s) dict_keys(['tutorial']) retrieved from /home/airflow/.local/lib/python3.7/site-packages/airflow/example_dags/tutorial.py
[2022-07-15 00:01:39,101] {logging_mixin.py:109} INFO - [2022-07-15 00:01:39,101] {dag.py:2389} INFO - Sync 1 DAGs
[2022-07-15 00:01:39,162] {logging_mixin.py:109} INFO - [2022-07-15 00:01:39,161] {dag.py:2921} INFO - Setting next_dagrun for tutorial to 2022-07-14T00:01:39.160009+00:00
[2022-07-15 00:01:39,187] {processor.py:171} INFO - Processing /home/airflow/.local/lib/python3.7/site-packages/airflow/example_dags/tutorial.py took 0.204 seconds
[2022-07-15 00:02:09,823] {processor.py:163} INFO - Started process (PID=2931) to work on /home/airflow/.local/lib/python3.7/site-packages/airflow/example_dags/tutorial.py
[2022-07-15 00:02:09,828] {processor.py:620} INFO - Processing file /home/airflow/.local/lib/python3.7/site-packages/airflow/example_dags/tutorial.py for tasks to queue
[2022-07-15 00:02:09,837] {logging_mixin.py:109} INFO - [2022-07-15 00:02:09,831] {dagbag.py:500} INFO - Filling up the DagBag from /home/airflow/.local/lib/python3.7/site-packages/airflow/example_dags/tutorial.py
[2022-07-15 00:02:09,927] {processor.py:632} INFO - DAG(s) dict_keys(['tutorial']) retrieved from /home/airflow/.local/lib/python3.7/site-packages/airflow/example_dags/tutorial.py
[2022-07-15 00:02:09,965] {logging_mixin.py:109} INFO - [2022-07-15 00:02:09,964] {dag.py:2389} INFO - Sync 1 DAGs
[2022-07-15 00:02:10,025] {logging_mixin.py:109} INFO - [2022-07-15 00:02:10,025] {dag.py:2921} INFO - Setting next_dagrun for tutorial to 2022-07-14T00:02:10.023539+00:00
[2022-07-15 00:02:10,055] {processor.py:171} INFO - Processing /home/airflow/.local/lib/python3.7/site-packages/airflow/example_dags/tutorial.py took 0.239 seconds
[2022-07-15 00:02:40,189] {processor.py:163} INFO - Started process (PID=3011) to work on /home/airflow/.local/lib/python3.7/site-packages/airflow/example_dags/tutorial.py
[2022-07-15 00:02:40,193] {processor.py:620} INFO - Processing file /home/airflow/.local/lib/python3.7/site-packages/airflow/example_dags/tutorial.py for tasks to queue
[2022-07-15 00:02:40,195] {logging_mixin.py:109} INFO - [2022-07-15 00:02:40,195] {dagbag.py:500} INFO - Filling up the DagBag from /home/airflow/.local/lib/python3.7/site-packages/airflow/example_dags/tutorial.py
[2022-07-15 00:02:40,271] {processor.py:632} INFO - DAG(s) dict_keys(['tutorial']) retrieved from /home/airflow/.local/lib/python3.7/site-packages/airflow/example_dags/tutorial.py
[2022-07-15 00:02:40,310] {logging_mixin.py:109} INFO - [2022-07-15 00:02:40,310] {dag.py:2389} INFO - Sync 1 DAGs
[2022-07-15 00:02:40,362] {logging_mixin.py:109} INFO - [2022-07-15 00:02:40,361] {dag.py:2921} INFO - Setting next_dagrun for tutorial to 2022-07-14T00:02:40.360199+00:00
[2022-07-15 00:02:40,387] {processor.py:171} INFO - Processing /home/airflow/.local/lib/python3.7/site-packages/airflow/example_dags/tutorial.py took 0.204 seconds
[2022-07-15 00:03:10,501] {processor.py:163} INFO - Started process (PID=3109) to work on /home/airflow/.local/lib/python3.7/site-packages/airflow/example_dags/tutorial.py
[2022-07-15 00:03:10,509] {processor.py:620} INFO - Processing file /home/airflow/.local/lib/python3.7/site-packages/airflow/example_dags/tutorial.py for tasks to queue
[2022-07-15 00:03:10,514] {logging_mixin.py:109} INFO - [2022-07-15 00:03:10,514] {dagbag.py:500} INFO - Filling up the DagBag from /home/airflow/.local/lib/python3.7/site-packages/airflow/example_dags/tutorial.py
[2022-07-15 00:03:10,604] {processor.py:632} INFO - DAG(s) dict_keys(['tutorial']) retrieved from /home/airflow/.local/lib/python3.7/site-packages/airflow/example_dags/tutorial.py
[2022-07-15 00:03:10,648] {logging_mixin.py:109} INFO - [2022-07-15 00:03:10,648] {dag.py:2389} INFO - Sync 1 DAGs
[2022-07-15 00:03:10,721] {logging_mixin.py:109} INFO - [2022-07-15 00:03:10,720] {dag.py:2921} INFO - Setting next_dagrun for tutorial to 2022-07-14T00:03:10.718935+00:00
[2022-07-15 00:03:10,751] {processor.py:171} INFO - Processing /home/airflow/.local/lib/python3.7/site-packages/airflow/example_dags/tutorial.py took 0.265 seconds
[2022-07-15 00:03:41,370] {processor.py:163} INFO - Started process (PID=3191) to work on /home/airflow/.local/lib/python3.7/site-packages/airflow/example_dags/tutorial.py
[2022-07-15 00:03:41,376] {processor.py:620} INFO - Processing file /home/airflow/.local/lib/python3.7/site-packages/airflow/example_dags/tutorial.py for tasks to queue
[2022-07-15 00:03:41,379] {logging_mixin.py:109} INFO - [2022-07-15 00:03:41,379] {dagbag.py:500} INFO - Filling up the DagBag from /home/airflow/.local/lib/python3.7/site-packages/airflow/example_dags/tutorial.py
[2022-07-15 00:03:41,450] {processor.py:632} INFO - DAG(s) dict_keys(['tutorial']) retrieved from /home/airflow/.local/lib/python3.7/site-packages/airflow/example_dags/tutorial.py
[2022-07-15 00:03:41,489] {logging_mixin.py:109} INFO - [2022-07-15 00:03:41,488] {dag.py:2389} INFO - Sync 1 DAGs
[2022-07-15 00:03:41,545] {logging_mixin.py:109} INFO - [2022-07-15 00:03:41,544] {dag.py:2921} INFO - Setting next_dagrun for tutorial to 2022-07-14T00:03:41.542914+00:00
[2022-07-15 00:03:41,570] {processor.py:171} INFO - Processing /home/airflow/.local/lib/python3.7/site-packages/airflow/example_dags/tutorial.py took 0.208 seconds
[2022-07-15 00:04:11,798] {processor.py:163} INFO - Started process (PID=3290) to work on /home/airflow/.local/lib/python3.7/site-packages/airflow/example_dags/tutorial.py
[2022-07-15 00:04:11,803] {processor.py:620} INFO - Processing file /home/airflow/.local/lib/python3.7/site-packages/airflow/example_dags/tutorial.py for tasks to queue
[2022-07-15 00:04:11,806] {logging_mixin.py:109} INFO - [2022-07-15 00:04:11,805] {dagbag.py:500} INFO - Filling up the DagBag from /home/airflow/.local/lib/python3.7/site-packages/airflow/example_dags/tutorial.py
[2022-07-15 00:04:11,880] {processor.py:632} INFO - DAG(s) dict_keys(['tutorial']) retrieved from /home/airflow/.local/lib/python3.7/site-packages/airflow/example_dags/tutorial.py
[2022-07-15 00:04:11,923] {logging_mixin.py:109} INFO - [2022-07-15 00:04:11,922] {dag.py:2389} INFO - Sync 1 DAGs
[2022-07-15 00:04:12,011] {logging_mixin.py:109} INFO - [2022-07-15 00:04:12,010] {dag.py:2921} INFO - Setting next_dagrun for tutorial to 2022-07-14T00:04:12.008655+00:00
[2022-07-15 00:04:12,073] {processor.py:171} INFO - Processing /home/airflow/.local/lib/python3.7/site-packages/airflow/example_dags/tutorial.py took 0.283 seconds
[2022-07-15 00:04:42,500] {processor.py:163} INFO - Started process (PID=3372) to work on /home/airflow/.local/lib/python3.7/site-packages/airflow/example_dags/tutorial.py
[2022-07-15 00:04:42,503] {processor.py:620} INFO - Processing file /home/airflow/.local/lib/python3.7/site-packages/airflow/example_dags/tutorial.py for tasks to queue
[2022-07-15 00:04:42,506] {logging_mixin.py:109} INFO - [2022-07-15 00:04:42,506] {dagbag.py:500} INFO - Filling up the DagBag from /home/airflow/.local/lib/python3.7/site-packages/airflow/example_dags/tutorial.py
[2022-07-15 00:04:42,573] {processor.py:632} INFO - DAG(s) dict_keys(['tutorial']) retrieved from /home/airflow/.local/lib/python3.7/site-packages/airflow/example_dags/tutorial.py
[2022-07-15 00:04:42,613] {logging_mixin.py:109} INFO - [2022-07-15 00:04:42,613] {dag.py:2389} INFO - Sync 1 DAGs
[2022-07-15 00:04:42,668] {logging_mixin.py:109} INFO - [2022-07-15 00:04:42,667] {dag.py:2921} INFO - Setting next_dagrun for tutorial to 2022-07-14T00:04:42.665984+00:00
[2022-07-15 00:04:42,695] {processor.py:171} INFO - Processing /home/airflow/.local/lib/python3.7/site-packages/airflow/example_dags/tutorial.py took 0.202 seconds
[2022-07-15 00:05:12,958] {processor.py:163} INFO - Started process (PID=3468) to work on /home/airflow/.local/lib/python3.7/site-packages/airflow/example_dags/tutorial.py
[2022-07-15 00:05:12,963] {processor.py:620} INFO - Processing file /home/airflow/.local/lib/python3.7/site-packages/airflow/example_dags/tutorial.py for tasks to queue
[2022-07-15 00:05:12,968] {logging_mixin.py:109} INFO - [2022-07-15 00:05:12,967] {dagbag.py:500} INFO - Filling up the DagBag from /home/airflow/.local/lib/python3.7/site-packages/airflow/example_dags/tutorial.py
[2022-07-15 00:05:13,056] {processor.py:632} INFO - DAG(s) dict_keys(['tutorial']) retrieved from /home/airflow/.local/lib/python3.7/site-packages/airflow/example_dags/tutorial.py
[2022-07-15 00:05:13,099] {logging_mixin.py:109} INFO - [2022-07-15 00:05:13,098] {dag.py:2389} INFO - Sync 1 DAGs
[2022-07-15 00:05:13,169] {logging_mixin.py:109} INFO - [2022-07-15 00:05:13,169] {dag.py:2921} INFO - Setting next_dagrun for tutorial to 2022-07-14T00:05:13.167452+00:00
[2022-07-15 00:05:13,199] {processor.py:171} INFO - Processing /home/airflow/.local/lib/python3.7/site-packages/airflow/example_dags/tutorial.py took 0.250 seconds
[2022-07-15 00:05:43,353] {processor.py:163} INFO - Started process (PID=3550) to work on /home/airflow/.local/lib/python3.7/site-packages/airflow/example_dags/tutorial.py
[2022-07-15 00:05:43,358] {processor.py:620} INFO - Processing file /home/airflow/.local/lib/python3.7/site-packages/airflow/example_dags/tutorial.py for tasks to queue
[2022-07-15 00:05:43,361] {logging_mixin.py:109} INFO - [2022-07-15 00:05:43,361] {dagbag.py:500} INFO - Filling up the DagBag from /home/airflow/.local/lib/python3.7/site-packages/airflow/example_dags/tutorial.py
[2022-07-15 00:05:43,437] {processor.py:632} INFO - DAG(s) dict_keys(['tutorial']) retrieved from /home/airflow/.local/lib/python3.7/site-packages/airflow/example_dags/tutorial.py
[2022-07-15 00:05:43,481] {logging_mixin.py:109} INFO - [2022-07-15 00:05:43,481] {dag.py:2389} INFO - Sync 1 DAGs
[2022-07-15 00:05:43,550] {logging_mixin.py:109} INFO - [2022-07-15 00:05:43,549] {dag.py:2921} INFO - Setting next_dagrun for tutorial to 2022-07-14T00:05:43.547837+00:00
[2022-07-15 00:05:43,580] {processor.py:171} INFO - Processing /home/airflow/.local/lib/python3.7/site-packages/airflow/example_dags/tutorial.py took 0.239 seconds
[2022-07-15 00:06:13,956] {processor.py:163} INFO - Started process (PID=3648) to work on /home/airflow/.local/lib/python3.7/site-packages/airflow/example_dags/tutorial.py
[2022-07-15 00:06:13,962] {processor.py:620} INFO - Processing file /home/airflow/.local/lib/python3.7/site-packages/airflow/example_dags/tutorial.py for tasks to queue
[2022-07-15 00:06:13,966] {logging_mixin.py:109} INFO - [2022-07-15 00:06:13,965] {dagbag.py:500} INFO - Filling up the DagBag from /home/airflow/.local/lib/python3.7/site-packages/airflow/example_dags/tutorial.py
[2022-07-15 00:06:14,049] {processor.py:632} INFO - DAG(s) dict_keys(['tutorial']) retrieved from /home/airflow/.local/lib/python3.7/site-packages/airflow/example_dags/tutorial.py
[2022-07-15 00:06:14,099] {logging_mixin.py:109} INFO - [2022-07-15 00:06:14,099] {dag.py:2389} INFO - Sync 1 DAGs
[2022-07-15 00:06:14,164] {logging_mixin.py:109} INFO - [2022-07-15 00:06:14,163] {dag.py:2921} INFO - Setting next_dagrun for tutorial to 2022-07-14T00:06:14.161637+00:00
[2022-07-15 00:06:14,196] {processor.py:171} INFO - Processing /home/airflow/.local/lib/python3.7/site-packages/airflow/example_dags/tutorial.py took 0.247 seconds
[2022-07-15 00:06:45,405] {processor.py:163} INFO - Started process (PID=3740) to work on /home/airflow/.local/lib/python3.7/site-packages/airflow/example_dags/tutorial.py
[2022-07-15 00:06:45,409] {processor.py:620} INFO - Processing file /home/airflow/.local/lib/python3.7/site-packages/airflow/example_dags/tutorial.py for tasks to queue
[2022-07-15 00:06:45,412] {logging_mixin.py:109} INFO - [2022-07-15 00:06:45,412] {dagbag.py:500} INFO - Filling up the DagBag from /home/airflow/.local/lib/python3.7/site-packages/airflow/example_dags/tutorial.py
[2022-07-15 00:06:45,484] {processor.py:632} INFO - DAG(s) dict_keys(['tutorial']) retrieved from /home/airflow/.local/lib/python3.7/site-packages/airflow/example_dags/tutorial.py
[2022-07-15 00:06:45,526] {logging_mixin.py:109} INFO - [2022-07-15 00:06:45,525] {dag.py:2389} INFO - Sync 1 DAGs
[2022-07-15 00:06:45,588] {logging_mixin.py:109} INFO - [2022-07-15 00:06:45,588] {dag.py:2921} INFO - Setting next_dagrun for tutorial to 2022-07-14T00:06:45.586232+00:00
[2022-07-15 00:06:45,619] {processor.py:171} INFO - Processing /home/airflow/.local/lib/python3.7/site-packages/airflow/example_dags/tutorial.py took 0.222 seconds
[2022-07-15 00:07:16,042] {processor.py:163} INFO - Started process (PID=3826) to work on /home/airflow/.local/lib/python3.7/site-packages/airflow/example_dags/tutorial.py
[2022-07-15 00:07:16,047] {processor.py:620} INFO - Processing file /home/airflow/.local/lib/python3.7/site-packages/airflow/example_dags/tutorial.py for tasks to queue
[2022-07-15 00:07:16,053] {logging_mixin.py:109} INFO - [2022-07-15 00:07:16,053] {dagbag.py:500} INFO - Filling up the DagBag from /home/airflow/.local/lib/python3.7/site-packages/airflow/example_dags/tutorial.py
[2022-07-15 00:07:16,202] {processor.py:632} INFO - DAG(s) dict_keys(['tutorial']) retrieved from /home/airflow/.local/lib/python3.7/site-packages/airflow/example_dags/tutorial.py
[2022-07-15 00:07:16,251] {logging_mixin.py:109} INFO - [2022-07-15 00:07:16,251] {dag.py:2389} INFO - Sync 1 DAGs
[2022-07-15 00:07:16,312] {logging_mixin.py:109} INFO - [2022-07-15 00:07:16,311] {dag.py:2921} INFO - Setting next_dagrun for tutorial to 2022-07-14T00:07:16.309759+00:00
[2022-07-15 00:07:16,343] {processor.py:171} INFO - Processing /home/airflow/.local/lib/python3.7/site-packages/airflow/example_dags/tutorial.py took 0.309 seconds
[2022-07-15 00:07:46,746] {processor.py:163} INFO - Started process (PID=3924) to work on /home/airflow/.local/lib/python3.7/site-packages/airflow/example_dags/tutorial.py
[2022-07-15 00:07:46,750] {processor.py:620} INFO - Processing file /home/airflow/.local/lib/python3.7/site-packages/airflow/example_dags/tutorial.py for tasks to queue
[2022-07-15 00:07:46,754] {logging_mixin.py:109} INFO - [2022-07-15 00:07:46,753] {dagbag.py:500} INFO - Filling up the DagBag from /home/airflow/.local/lib/python3.7/site-packages/airflow/example_dags/tutorial.py
[2022-07-15 00:07:46,841] {processor.py:632} INFO - DAG(s) dict_keys(['tutorial']) retrieved from /home/airflow/.local/lib/python3.7/site-packages/airflow/example_dags/tutorial.py
[2022-07-15 00:07:46,888] {logging_mixin.py:109} INFO - [2022-07-15 00:07:46,887] {dag.py:2389} INFO - Sync 1 DAGs
[2022-07-15 00:07:46,960] {logging_mixin.py:109} INFO - [2022-07-15 00:07:46,960] {dag.py:2921} INFO - Setting next_dagrun for tutorial to 2022-07-14T00:07:46.958197+00:00
[2022-07-15 00:07:47,019] {processor.py:171} INFO - Processing /home/airflow/.local/lib/python3.7/site-packages/airflow/example_dags/tutorial.py took 0.282 seconds
