[2022-07-15 00:00:12,812] {processor.py:163} INFO - Started process (PID=2593) to work on /home/airflow/.local/lib/python3.7/site-packages/airflow/example_dags/tutorial_taskflow_api_etl.py
[2022-07-15 00:00:12,817] {processor.py:620} INFO - Processing file /home/airflow/.local/lib/python3.7/site-packages/airflow/example_dags/tutorial_taskflow_api_etl.py for tasks to queue
[2022-07-15 00:00:12,820] {logging_mixin.py:109} INFO - [2022-07-15 00:00:12,820] {dagbag.py:500} INFO - Filling up the DagBag from /home/airflow/.local/lib/python3.7/site-packages/airflow/example_dags/tutorial_taskflow_api_etl.py
[2022-07-15 00:00:12,912] {processor.py:632} INFO - DAG(s) dict_keys(['tutorial_taskflow_api_etl']) retrieved from /home/airflow/.local/lib/python3.7/site-packages/airflow/example_dags/tutorial_taskflow_api_etl.py
[2022-07-15 00:00:14,093] {logging_mixin.py:109} INFO - [2022-07-15 00:00:14,092] {dag.py:2389} INFO - Sync 1 DAGs
[2022-07-15 00:00:14,159] {logging_mixin.py:109} INFO - [2022-07-15 00:00:14,159] {dag.py:2921} INFO - Setting next_dagrun for tutorial_taskflow_api_etl to None
[2022-07-15 00:00:14,207] {processor.py:171} INFO - Processing /home/airflow/.local/lib/python3.7/site-packages/airflow/example_dags/tutorial_taskflow_api_etl.py took 1.402 seconds
[2022-07-15 00:00:44,506] {processor.py:163} INFO - Started process (PID=2687) to work on /home/airflow/.local/lib/python3.7/site-packages/airflow/example_dags/tutorial_taskflow_api_etl.py
[2022-07-15 00:00:44,515] {processor.py:620} INFO - Processing file /home/airflow/.local/lib/python3.7/site-packages/airflow/example_dags/tutorial_taskflow_api_etl.py for tasks to queue
[2022-07-15 00:00:44,527] {logging_mixin.py:109} INFO - [2022-07-15 00:00:44,527] {dagbag.py:500} INFO - Filling up the DagBag from /home/airflow/.local/lib/python3.7/site-packages/airflow/example_dags/tutorial_taskflow_api_etl.py
[2022-07-15 00:00:44,633] {processor.py:632} INFO - DAG(s) dict_keys(['tutorial_taskflow_api_etl']) retrieved from /home/airflow/.local/lib/python3.7/site-packages/airflow/example_dags/tutorial_taskflow_api_etl.py
[2022-07-15 00:00:45,769] {logging_mixin.py:109} INFO - [2022-07-15 00:00:45,768] {dag.py:2389} INFO - Sync 1 DAGs
[2022-07-15 00:00:45,829] {logging_mixin.py:109} INFO - [2022-07-15 00:00:45,828] {dag.py:2921} INFO - Setting next_dagrun for tutorial_taskflow_api_etl to None
[2022-07-15 00:00:45,863] {processor.py:171} INFO - Processing /home/airflow/.local/lib/python3.7/site-packages/airflow/example_dags/tutorial_taskflow_api_etl.py took 1.364 seconds
[2022-07-15 00:01:16,105] {processor.py:163} INFO - Started process (PID=2777) to work on /home/airflow/.local/lib/python3.7/site-packages/airflow/example_dags/tutorial_taskflow_api_etl.py
[2022-07-15 00:01:16,110] {processor.py:620} INFO - Processing file /home/airflow/.local/lib/python3.7/site-packages/airflow/example_dags/tutorial_taskflow_api_etl.py for tasks to queue
[2022-07-15 00:01:16,113] {logging_mixin.py:109} INFO - [2022-07-15 00:01:16,113] {dagbag.py:500} INFO - Filling up the DagBag from /home/airflow/.local/lib/python3.7/site-packages/airflow/example_dags/tutorial_taskflow_api_etl.py
[2022-07-15 00:01:16,211] {processor.py:632} INFO - DAG(s) dict_keys(['tutorial_taskflow_api_etl']) retrieved from /home/airflow/.local/lib/python3.7/site-packages/airflow/example_dags/tutorial_taskflow_api_etl.py
[2022-07-15 00:01:17,481] {logging_mixin.py:109} INFO - [2022-07-15 00:01:17,481] {dag.py:2389} INFO - Sync 1 DAGs
[2022-07-15 00:01:17,542] {logging_mixin.py:109} INFO - [2022-07-15 00:01:17,542] {dag.py:2921} INFO - Setting next_dagrun for tutorial_taskflow_api_etl to None
[2022-07-15 00:01:17,579] {processor.py:171} INFO - Processing /home/airflow/.local/lib/python3.7/site-packages/airflow/example_dags/tutorial_taskflow_api_etl.py took 1.481 seconds
[2022-07-15 00:01:48,152] {processor.py:163} INFO - Started process (PID=2883) to work on /home/airflow/.local/lib/python3.7/site-packages/airflow/example_dags/tutorial_taskflow_api_etl.py
[2022-07-15 00:01:48,157] {processor.py:620} INFO - Processing file /home/airflow/.local/lib/python3.7/site-packages/airflow/example_dags/tutorial_taskflow_api_etl.py for tasks to queue
[2022-07-15 00:01:48,161] {logging_mixin.py:109} INFO - [2022-07-15 00:01:48,160] {dagbag.py:500} INFO - Filling up the DagBag from /home/airflow/.local/lib/python3.7/site-packages/airflow/example_dags/tutorial_taskflow_api_etl.py
[2022-07-15 00:01:48,258] {processor.py:632} INFO - DAG(s) dict_keys(['tutorial_taskflow_api_etl']) retrieved from /home/airflow/.local/lib/python3.7/site-packages/airflow/example_dags/tutorial_taskflow_api_etl.py
[2022-07-15 00:01:49,398] {logging_mixin.py:109} INFO - [2022-07-15 00:01:49,398] {dag.py:2389} INFO - Sync 1 DAGs
[2022-07-15 00:01:49,460] {logging_mixin.py:109} INFO - [2022-07-15 00:01:49,459] {dag.py:2921} INFO - Setting next_dagrun for tutorial_taskflow_api_etl to None
[2022-07-15 00:01:49,498] {processor.py:171} INFO - Processing /home/airflow/.local/lib/python3.7/site-packages/airflow/example_dags/tutorial_taskflow_api_etl.py took 1.353 seconds
[2022-07-15 00:02:20,021] {processor.py:163} INFO - Started process (PID=2965) to work on /home/airflow/.local/lib/python3.7/site-packages/airflow/example_dags/tutorial_taskflow_api_etl.py
[2022-07-15 00:02:20,026] {processor.py:620} INFO - Processing file /home/airflow/.local/lib/python3.7/site-packages/airflow/example_dags/tutorial_taskflow_api_etl.py for tasks to queue
[2022-07-15 00:02:20,029] {logging_mixin.py:109} INFO - [2022-07-15 00:02:20,029] {dagbag.py:500} INFO - Filling up the DagBag from /home/airflow/.local/lib/python3.7/site-packages/airflow/example_dags/tutorial_taskflow_api_etl.py
[2022-07-15 00:02:20,108] {processor.py:632} INFO - DAG(s) dict_keys(['tutorial_taskflow_api_etl']) retrieved from /home/airflow/.local/lib/python3.7/site-packages/airflow/example_dags/tutorial_taskflow_api_etl.py
[2022-07-15 00:02:20,142] {logging_mixin.py:109} INFO - [2022-07-15 00:02:20,141] {dag.py:2389} INFO - Sync 1 DAGs
[2022-07-15 00:02:20,199] {logging_mixin.py:109} INFO - [2022-07-15 00:02:20,199] {dag.py:2921} INFO - Setting next_dagrun for tutorial_taskflow_api_etl to None
[2022-07-15 00:02:20,227] {processor.py:171} INFO - Processing /home/airflow/.local/lib/python3.7/site-packages/airflow/example_dags/tutorial_taskflow_api_etl.py took 0.212 seconds
[2022-07-15 00:02:50,504] {processor.py:163} INFO - Started process (PID=3063) to work on /home/airflow/.local/lib/python3.7/site-packages/airflow/example_dags/tutorial_taskflow_api_etl.py
[2022-07-15 00:02:50,508] {processor.py:620} INFO - Processing file /home/airflow/.local/lib/python3.7/site-packages/airflow/example_dags/tutorial_taskflow_api_etl.py for tasks to queue
[2022-07-15 00:02:50,512] {logging_mixin.py:109} INFO - [2022-07-15 00:02:50,511] {dagbag.py:500} INFO - Filling up the DagBag from /home/airflow/.local/lib/python3.7/site-packages/airflow/example_dags/tutorial_taskflow_api_etl.py
[2022-07-15 00:02:50,603] {processor.py:632} INFO - DAG(s) dict_keys(['tutorial_taskflow_api_etl']) retrieved from /home/airflow/.local/lib/python3.7/site-packages/airflow/example_dags/tutorial_taskflow_api_etl.py
[2022-07-15 00:02:51,699] {logging_mixin.py:109} INFO - [2022-07-15 00:02:51,699] {dag.py:2389} INFO - Sync 1 DAGs
[2022-07-15 00:02:51,758] {logging_mixin.py:109} INFO - [2022-07-15 00:02:51,757] {dag.py:2921} INFO - Setting next_dagrun for tutorial_taskflow_api_etl to None
[2022-07-15 00:02:51,795] {processor.py:171} INFO - Processing /home/airflow/.local/lib/python3.7/site-packages/airflow/example_dags/tutorial_taskflow_api_etl.py took 1.297 seconds
[2022-07-15 00:03:22,081] {processor.py:163} INFO - Started process (PID=3145) to work on /home/airflow/.local/lib/python3.7/site-packages/airflow/example_dags/tutorial_taskflow_api_etl.py
[2022-07-15 00:03:22,085] {processor.py:620} INFO - Processing file /home/airflow/.local/lib/python3.7/site-packages/airflow/example_dags/tutorial_taskflow_api_etl.py for tasks to queue
[2022-07-15 00:03:22,088] {logging_mixin.py:109} INFO - [2022-07-15 00:03:22,088] {dagbag.py:500} INFO - Filling up the DagBag from /home/airflow/.local/lib/python3.7/site-packages/airflow/example_dags/tutorial_taskflow_api_etl.py
[2022-07-15 00:03:22,171] {processor.py:632} INFO - DAG(s) dict_keys(['tutorial_taskflow_api_etl']) retrieved from /home/airflow/.local/lib/python3.7/site-packages/airflow/example_dags/tutorial_taskflow_api_etl.py
[2022-07-15 00:03:23,245] {logging_mixin.py:109} INFO - [2022-07-15 00:03:23,245] {dag.py:2389} INFO - Sync 1 DAGs
[2022-07-15 00:03:23,303] {logging_mixin.py:109} INFO - [2022-07-15 00:03:23,302] {dag.py:2921} INFO - Setting next_dagrun for tutorial_taskflow_api_etl to None
[2022-07-15 00:03:23,341] {processor.py:171} INFO - Processing /home/airflow/.local/lib/python3.7/site-packages/airflow/example_dags/tutorial_taskflow_api_etl.py took 1.267 seconds
[2022-07-15 00:03:53,737] {processor.py:163} INFO - Started process (PID=3245) to work on /home/airflow/.local/lib/python3.7/site-packages/airflow/example_dags/tutorial_taskflow_api_etl.py
[2022-07-15 00:03:53,742] {processor.py:620} INFO - Processing file /home/airflow/.local/lib/python3.7/site-packages/airflow/example_dags/tutorial_taskflow_api_etl.py for tasks to queue
[2022-07-15 00:03:53,752] {logging_mixin.py:109} INFO - [2022-07-15 00:03:53,751] {dagbag.py:500} INFO - Filling up the DagBag from /home/airflow/.local/lib/python3.7/site-packages/airflow/example_dags/tutorial_taskflow_api_etl.py
[2022-07-15 00:03:53,857] {processor.py:632} INFO - DAG(s) dict_keys(['tutorial_taskflow_api_etl']) retrieved from /home/airflow/.local/lib/python3.7/site-packages/airflow/example_dags/tutorial_taskflow_api_etl.py
[2022-07-15 00:03:55,053] {logging_mixin.py:109} INFO - [2022-07-15 00:03:55,052] {dag.py:2389} INFO - Sync 1 DAGs
[2022-07-15 00:03:55,118] {logging_mixin.py:109} INFO - [2022-07-15 00:03:55,117] {dag.py:2921} INFO - Setting next_dagrun for tutorial_taskflow_api_etl to None
[2022-07-15 00:03:55,157] {processor.py:171} INFO - Processing /home/airflow/.local/lib/python3.7/site-packages/airflow/example_dags/tutorial_taskflow_api_etl.py took 1.428 seconds
[2022-07-15 00:04:25,258] {processor.py:163} INFO - Started process (PID=3340) to work on /home/airflow/.local/lib/python3.7/site-packages/airflow/example_dags/tutorial_taskflow_api_etl.py
[2022-07-15 00:04:25,262] {processor.py:620} INFO - Processing file /home/airflow/.local/lib/python3.7/site-packages/airflow/example_dags/tutorial_taskflow_api_etl.py for tasks to queue
[2022-07-15 00:04:25,265] {logging_mixin.py:109} INFO - [2022-07-15 00:04:25,265] {dagbag.py:500} INFO - Filling up the DagBag from /home/airflow/.local/lib/python3.7/site-packages/airflow/example_dags/tutorial_taskflow_api_etl.py
[2022-07-15 00:04:25,365] {processor.py:632} INFO - DAG(s) dict_keys(['tutorial_taskflow_api_etl']) retrieved from /home/airflow/.local/lib/python3.7/site-packages/airflow/example_dags/tutorial_taskflow_api_etl.py
[2022-07-15 00:04:26,509] {logging_mixin.py:109} INFO - [2022-07-15 00:04:26,509] {dag.py:2389} INFO - Sync 1 DAGs
[2022-07-15 00:04:26,567] {logging_mixin.py:109} INFO - [2022-07-15 00:04:26,567] {dag.py:2921} INFO - Setting next_dagrun for tutorial_taskflow_api_etl to None
[2022-07-15 00:04:26,604] {processor.py:171} INFO - Processing /home/airflow/.local/lib/python3.7/site-packages/airflow/example_dags/tutorial_taskflow_api_etl.py took 1.357 seconds
[2022-07-15 00:04:57,070] {processor.py:163} INFO - Started process (PID=3430) to work on /home/airflow/.local/lib/python3.7/site-packages/airflow/example_dags/tutorial_taskflow_api_etl.py
[2022-07-15 00:04:57,075] {processor.py:620} INFO - Processing file /home/airflow/.local/lib/python3.7/site-packages/airflow/example_dags/tutorial_taskflow_api_etl.py for tasks to queue
[2022-07-15 00:04:57,078] {logging_mixin.py:109} INFO - [2022-07-15 00:04:57,078] {dagbag.py:500} INFO - Filling up the DagBag from /home/airflow/.local/lib/python3.7/site-packages/airflow/example_dags/tutorial_taskflow_api_etl.py
[2022-07-15 00:04:57,178] {processor.py:632} INFO - DAG(s) dict_keys(['tutorial_taskflow_api_etl']) retrieved from /home/airflow/.local/lib/python3.7/site-packages/airflow/example_dags/tutorial_taskflow_api_etl.py
[2022-07-15 00:04:58,407] {logging_mixin.py:109} INFO - [2022-07-15 00:04:58,407] {dag.py:2389} INFO - Sync 1 DAGs
[2022-07-15 00:04:58,465] {logging_mixin.py:109} INFO - [2022-07-15 00:04:58,464] {dag.py:2921} INFO - Setting next_dagrun for tutorial_taskflow_api_etl to None
[2022-07-15 00:04:58,499] {processor.py:171} INFO - Processing /home/airflow/.local/lib/python3.7/site-packages/airflow/example_dags/tutorial_taskflow_api_etl.py took 1.439 seconds
[2022-07-15 00:05:28,767] {processor.py:163} INFO - Started process (PID=3530) to work on /home/airflow/.local/lib/python3.7/site-packages/airflow/example_dags/tutorial_taskflow_api_etl.py
[2022-07-15 00:05:28,772] {processor.py:620} INFO - Processing file /home/airflow/.local/lib/python3.7/site-packages/airflow/example_dags/tutorial_taskflow_api_etl.py for tasks to queue
[2022-07-15 00:05:28,775] {logging_mixin.py:109} INFO - [2022-07-15 00:05:28,775] {dagbag.py:500} INFO - Filling up the DagBag from /home/airflow/.local/lib/python3.7/site-packages/airflow/example_dags/tutorial_taskflow_api_etl.py
[2022-07-15 00:05:28,909] {processor.py:632} INFO - DAG(s) dict_keys(['tutorial_taskflow_api_etl']) retrieved from /home/airflow/.local/lib/python3.7/site-packages/airflow/example_dags/tutorial_taskflow_api_etl.py
[2022-07-15 00:05:30,113] {logging_mixin.py:109} INFO - [2022-07-15 00:05:30,113] {dag.py:2389} INFO - Sync 1 DAGs
[2022-07-15 00:05:30,183] {logging_mixin.py:109} INFO - [2022-07-15 00:05:30,183] {dag.py:2921} INFO - Setting next_dagrun for tutorial_taskflow_api_etl to None
[2022-07-15 00:05:30,222] {processor.py:171} INFO - Processing /home/airflow/.local/lib/python3.7/site-packages/airflow/example_dags/tutorial_taskflow_api_etl.py took 1.464 seconds
[2022-07-15 00:06:00,449] {processor.py:163} INFO - Started process (PID=3614) to work on /home/airflow/.local/lib/python3.7/site-packages/airflow/example_dags/tutorial_taskflow_api_etl.py
[2022-07-15 00:06:00,453] {processor.py:620} INFO - Processing file /home/airflow/.local/lib/python3.7/site-packages/airflow/example_dags/tutorial_taskflow_api_etl.py for tasks to queue
[2022-07-15 00:06:00,455] {logging_mixin.py:109} INFO - [2022-07-15 00:06:00,455] {dagbag.py:500} INFO - Filling up the DagBag from /home/airflow/.local/lib/python3.7/site-packages/airflow/example_dags/tutorial_taskflow_api_etl.py
[2022-07-15 00:06:00,538] {processor.py:632} INFO - DAG(s) dict_keys(['tutorial_taskflow_api_etl']) retrieved from /home/airflow/.local/lib/python3.7/site-packages/airflow/example_dags/tutorial_taskflow_api_etl.py
[2022-07-15 00:06:01,510] {logging_mixin.py:109} INFO - [2022-07-15 00:06:01,509] {dag.py:2389} INFO - Sync 1 DAGs
[2022-07-15 00:06:01,564] {logging_mixin.py:109} INFO - [2022-07-15 00:06:01,563] {dag.py:2921} INFO - Setting next_dagrun for tutorial_taskflow_api_etl to None
[2022-07-15 00:06:01,599] {processor.py:171} INFO - Processing /home/airflow/.local/lib/python3.7/site-packages/airflow/example_dags/tutorial_taskflow_api_etl.py took 1.157 seconds
[2022-07-15 00:06:32,104] {processor.py:163} INFO - Started process (PID=3714) to work on /home/airflow/.local/lib/python3.7/site-packages/airflow/example_dags/tutorial_taskflow_api_etl.py
[2022-07-15 00:06:32,108] {processor.py:620} INFO - Processing file /home/airflow/.local/lib/python3.7/site-packages/airflow/example_dags/tutorial_taskflow_api_etl.py for tasks to queue
[2022-07-15 00:06:32,112] {logging_mixin.py:109} INFO - [2022-07-15 00:06:32,111] {dagbag.py:500} INFO - Filling up the DagBag from /home/airflow/.local/lib/python3.7/site-packages/airflow/example_dags/tutorial_taskflow_api_etl.py
[2022-07-15 00:06:32,206] {processor.py:632} INFO - DAG(s) dict_keys(['tutorial_taskflow_api_etl']) retrieved from /home/airflow/.local/lib/python3.7/site-packages/airflow/example_dags/tutorial_taskflow_api_etl.py
[2022-07-15 00:06:33,404] {logging_mixin.py:109} INFO - [2022-07-15 00:06:33,403] {dag.py:2389} INFO - Sync 1 DAGs
[2022-07-15 00:06:33,469] {logging_mixin.py:109} INFO - [2022-07-15 00:06:33,468] {dag.py:2921} INFO - Setting next_dagrun for tutorial_taskflow_api_etl to None
[2022-07-15 00:06:33,505] {processor.py:171} INFO - Processing /home/airflow/.local/lib/python3.7/site-packages/airflow/example_dags/tutorial_taskflow_api_etl.py took 1.409 seconds
[2022-07-15 00:07:03,921] {processor.py:163} INFO - Started process (PID=3796) to work on /home/airflow/.local/lib/python3.7/site-packages/airflow/example_dags/tutorial_taskflow_api_etl.py
[2022-07-15 00:07:03,926] {processor.py:620} INFO - Processing file /home/airflow/.local/lib/python3.7/site-packages/airflow/example_dags/tutorial_taskflow_api_etl.py for tasks to queue
[2022-07-15 00:07:03,929] {logging_mixin.py:109} INFO - [2022-07-15 00:07:03,928] {dagbag.py:500} INFO - Filling up the DagBag from /home/airflow/.local/lib/python3.7/site-packages/airflow/example_dags/tutorial_taskflow_api_etl.py
[2022-07-15 00:07:04,018] {processor.py:632} INFO - DAG(s) dict_keys(['tutorial_taskflow_api_etl']) retrieved from /home/airflow/.local/lib/python3.7/site-packages/airflow/example_dags/tutorial_taskflow_api_etl.py
[2022-07-15 00:07:05,166] {logging_mixin.py:109} INFO - [2022-07-15 00:07:05,166] {dag.py:2389} INFO - Sync 1 DAGs
[2022-07-15 00:07:05,223] {logging_mixin.py:109} INFO - [2022-07-15 00:07:05,223] {dag.py:2921} INFO - Setting next_dagrun for tutorial_taskflow_api_etl to None
[2022-07-15 00:07:05,259] {processor.py:171} INFO - Processing /home/airflow/.local/lib/python3.7/site-packages/airflow/example_dags/tutorial_taskflow_api_etl.py took 1.346 seconds
[2022-07-15 00:07:35,393] {processor.py:163} INFO - Started process (PID=3894) to work on /home/airflow/.local/lib/python3.7/site-packages/airflow/example_dags/tutorial_taskflow_api_etl.py
[2022-07-15 00:07:35,397] {processor.py:620} INFO - Processing file /home/airflow/.local/lib/python3.7/site-packages/airflow/example_dags/tutorial_taskflow_api_etl.py for tasks to queue
[2022-07-15 00:07:35,401] {logging_mixin.py:109} INFO - [2022-07-15 00:07:35,400] {dagbag.py:500} INFO - Filling up the DagBag from /home/airflow/.local/lib/python3.7/site-packages/airflow/example_dags/tutorial_taskflow_api_etl.py
[2022-07-15 00:07:35,490] {processor.py:632} INFO - DAG(s) dict_keys(['tutorial_taskflow_api_etl']) retrieved from /home/airflow/.local/lib/python3.7/site-packages/airflow/example_dags/tutorial_taskflow_api_etl.py
[2022-07-15 00:07:36,674] {logging_mixin.py:109} INFO - [2022-07-15 00:07:36,673] {dag.py:2389} INFO - Sync 1 DAGs
[2022-07-15 00:07:36,733] {logging_mixin.py:109} INFO - [2022-07-15 00:07:36,732] {dag.py:2921} INFO - Setting next_dagrun for tutorial_taskflow_api_etl to None
[2022-07-15 00:07:36,770] {processor.py:171} INFO - Processing /home/airflow/.local/lib/python3.7/site-packages/airflow/example_dags/tutorial_taskflow_api_etl.py took 1.384 seconds
[2022-07-15 00:08:06,980] {processor.py:163} INFO - Started process (PID=3992) to work on /home/airflow/.local/lib/python3.7/site-packages/airflow/example_dags/tutorial_taskflow_api_etl.py
[2022-07-15 00:08:06,984] {processor.py:620} INFO - Processing file /home/airflow/.local/lib/python3.7/site-packages/airflow/example_dags/tutorial_taskflow_api_etl.py for tasks to queue
[2022-07-15 00:08:06,987] {logging_mixin.py:109} INFO - [2022-07-15 00:08:06,987] {dagbag.py:500} INFO - Filling up the DagBag from /home/airflow/.local/lib/python3.7/site-packages/airflow/example_dags/tutorial_taskflow_api_etl.py
[2022-07-15 00:08:07,084] {processor.py:632} INFO - DAG(s) dict_keys(['tutorial_taskflow_api_etl']) retrieved from /home/airflow/.local/lib/python3.7/site-packages/airflow/example_dags/tutorial_taskflow_api_etl.py
[2022-07-15 00:08:08,290] {logging_mixin.py:109} INFO - [2022-07-15 00:08:08,290] {dag.py:2389} INFO - Sync 1 DAGs
[2022-07-15 00:08:08,356] {logging_mixin.py:109} INFO - [2022-07-15 00:08:08,355] {dag.py:2921} INFO - Setting next_dagrun for tutorial_taskflow_api_etl to None
[2022-07-15 00:08:08,395] {processor.py:171} INFO - Processing /home/airflow/.local/lib/python3.7/site-packages/airflow/example_dags/tutorial_taskflow_api_etl.py took 1.423 seconds
