[2022-07-15 00:00:15,271] {processor.py:163} INFO - Started process (PID=2599) to work on /home/airflow/.local/lib/python3.7/site-packages/airflow/example_dags/tutorial_etl_dag.py
[2022-07-15 00:00:15,277] {processor.py:620} INFO - Processing file /home/airflow/.local/lib/python3.7/site-packages/airflow/example_dags/tutorial_etl_dag.py for tasks to queue
[2022-07-15 00:00:15,282] {logging_mixin.py:109} INFO - [2022-07-15 00:00:15,281] {dagbag.py:500} INFO - Filling up the DagBag from /home/airflow/.local/lib/python3.7/site-packages/airflow/example_dags/tutorial_etl_dag.py
[2022-07-15 00:00:15,360] {processor.py:632} INFO - DAG(s) dict_keys(['tutorial_etl_dag']) retrieved from /home/airflow/.local/lib/python3.7/site-packages/airflow/example_dags/tutorial_etl_dag.py
[2022-07-15 00:00:15,401] {logging_mixin.py:109} INFO - [2022-07-15 00:00:15,401] {dag.py:2389} INFO - Sync 1 DAGs
[2022-07-15 00:00:15,464] {logging_mixin.py:109} INFO - [2022-07-15 00:00:15,464] {dag.py:2921} INFO - Setting next_dagrun for tutorial_etl_dag to None
[2022-07-15 00:00:15,494] {processor.py:171} INFO - Processing /home/airflow/.local/lib/python3.7/site-packages/airflow/example_dags/tutorial_etl_dag.py took 0.231 seconds
[2022-07-15 00:00:45,695] {processor.py:163} INFO - Started process (PID=2691) to work on /home/airflow/.local/lib/python3.7/site-packages/airflow/example_dags/tutorial_etl_dag.py
[2022-07-15 00:00:45,707] {processor.py:620} INFO - Processing file /home/airflow/.local/lib/python3.7/site-packages/airflow/example_dags/tutorial_etl_dag.py for tasks to queue
[2022-07-15 00:00:45,711] {logging_mixin.py:109} INFO - [2022-07-15 00:00:45,710] {dagbag.py:500} INFO - Filling up the DagBag from /home/airflow/.local/lib/python3.7/site-packages/airflow/example_dags/tutorial_etl_dag.py
[2022-07-15 00:00:45,791] {processor.py:632} INFO - DAG(s) dict_keys(['tutorial_etl_dag']) retrieved from /home/airflow/.local/lib/python3.7/site-packages/airflow/example_dags/tutorial_etl_dag.py
[2022-07-15 00:00:45,840] {logging_mixin.py:109} INFO - [2022-07-15 00:00:45,839] {dag.py:2389} INFO - Sync 1 DAGs
[2022-07-15 00:00:45,900] {logging_mixin.py:109} INFO - [2022-07-15 00:00:45,900] {dag.py:2921} INFO - Setting next_dagrun for tutorial_etl_dag to None
[2022-07-15 00:00:45,932] {processor.py:171} INFO - Processing /home/airflow/.local/lib/python3.7/site-packages/airflow/example_dags/tutorial_etl_dag.py took 0.245 seconds
[2022-07-15 00:01:16,119] {processor.py:163} INFO - Started process (PID=2778) to work on /home/airflow/.local/lib/python3.7/site-packages/airflow/example_dags/tutorial_etl_dag.py
[2022-07-15 00:01:16,135] {processor.py:620} INFO - Processing file /home/airflow/.local/lib/python3.7/site-packages/airflow/example_dags/tutorial_etl_dag.py for tasks to queue
[2022-07-15 00:01:16,138] {logging_mixin.py:109} INFO - [2022-07-15 00:01:16,138] {dagbag.py:500} INFO - Filling up the DagBag from /home/airflow/.local/lib/python3.7/site-packages/airflow/example_dags/tutorial_etl_dag.py
[2022-07-15 00:01:16,219] {processor.py:632} INFO - DAG(s) dict_keys(['tutorial_etl_dag']) retrieved from /home/airflow/.local/lib/python3.7/site-packages/airflow/example_dags/tutorial_etl_dag.py
[2022-07-15 00:01:16,258] {logging_mixin.py:109} INFO - [2022-07-15 00:01:16,258] {dag.py:2389} INFO - Sync 1 DAGs
[2022-07-15 00:01:16,322] {logging_mixin.py:109} INFO - [2022-07-15 00:01:16,321] {dag.py:2921} INFO - Setting next_dagrun for tutorial_etl_dag to None
[2022-07-15 00:01:16,351] {processor.py:171} INFO - Processing /home/airflow/.local/lib/python3.7/site-packages/airflow/example_dags/tutorial_etl_dag.py took 0.241 seconds
[2022-07-15 00:01:46,686] {processor.py:163} INFO - Started process (PID=2875) to work on /home/airflow/.local/lib/python3.7/site-packages/airflow/example_dags/tutorial_etl_dag.py
[2022-07-15 00:01:46,690] {processor.py:620} INFO - Processing file /home/airflow/.local/lib/python3.7/site-packages/airflow/example_dags/tutorial_etl_dag.py for tasks to queue
[2022-07-15 00:01:46,693] {logging_mixin.py:109} INFO - [2022-07-15 00:01:46,693] {dagbag.py:500} INFO - Filling up the DagBag from /home/airflow/.local/lib/python3.7/site-packages/airflow/example_dags/tutorial_etl_dag.py
[2022-07-15 00:01:46,763] {processor.py:632} INFO - DAG(s) dict_keys(['tutorial_etl_dag']) retrieved from /home/airflow/.local/lib/python3.7/site-packages/airflow/example_dags/tutorial_etl_dag.py
[2022-07-15 00:01:46,800] {logging_mixin.py:109} INFO - [2022-07-15 00:01:46,800] {dag.py:2389} INFO - Sync 1 DAGs
[2022-07-15 00:01:46,860] {logging_mixin.py:109} INFO - [2022-07-15 00:01:46,859] {dag.py:2921} INFO - Setting next_dagrun for tutorial_etl_dag to None
[2022-07-15 00:01:46,889] {processor.py:171} INFO - Processing /home/airflow/.local/lib/python3.7/site-packages/airflow/example_dags/tutorial_etl_dag.py took 0.213 seconds
[2022-07-15 00:02:17,459] {processor.py:163} INFO - Started process (PID=2957) to work on /home/airflow/.local/lib/python3.7/site-packages/airflow/example_dags/tutorial_etl_dag.py
[2022-07-15 00:02:17,462] {processor.py:620} INFO - Processing file /home/airflow/.local/lib/python3.7/site-packages/airflow/example_dags/tutorial_etl_dag.py for tasks to queue
[2022-07-15 00:02:17,465] {logging_mixin.py:109} INFO - [2022-07-15 00:02:17,465] {dagbag.py:500} INFO - Filling up the DagBag from /home/airflow/.local/lib/python3.7/site-packages/airflow/example_dags/tutorial_etl_dag.py
[2022-07-15 00:02:17,544] {processor.py:632} INFO - DAG(s) dict_keys(['tutorial_etl_dag']) retrieved from /home/airflow/.local/lib/python3.7/site-packages/airflow/example_dags/tutorial_etl_dag.py
[2022-07-15 00:02:17,582] {logging_mixin.py:109} INFO - [2022-07-15 00:02:17,581] {dag.py:2389} INFO - Sync 1 DAGs
[2022-07-15 00:02:17,644] {logging_mixin.py:109} INFO - [2022-07-15 00:02:17,644] {dag.py:2921} INFO - Setting next_dagrun for tutorial_etl_dag to None
[2022-07-15 00:02:17,673] {processor.py:171} INFO - Processing /home/airflow/.local/lib/python3.7/site-packages/airflow/example_dags/tutorial_etl_dag.py took 0.221 seconds
[2022-07-15 00:02:47,907] {processor.py:163} INFO - Started process (PID=3055) to work on /home/airflow/.local/lib/python3.7/site-packages/airflow/example_dags/tutorial_etl_dag.py
[2022-07-15 00:02:47,912] {processor.py:620} INFO - Processing file /home/airflow/.local/lib/python3.7/site-packages/airflow/example_dags/tutorial_etl_dag.py for tasks to queue
[2022-07-15 00:02:47,915] {logging_mixin.py:109} INFO - [2022-07-15 00:02:47,914] {dagbag.py:500} INFO - Filling up the DagBag from /home/airflow/.local/lib/python3.7/site-packages/airflow/example_dags/tutorial_etl_dag.py
[2022-07-15 00:02:47,998] {processor.py:632} INFO - DAG(s) dict_keys(['tutorial_etl_dag']) retrieved from /home/airflow/.local/lib/python3.7/site-packages/airflow/example_dags/tutorial_etl_dag.py
[2022-07-15 00:02:48,056] {logging_mixin.py:109} INFO - [2022-07-15 00:02:48,056] {dag.py:2389} INFO - Sync 1 DAGs
[2022-07-15 00:02:48,123] {logging_mixin.py:109} INFO - [2022-07-15 00:02:48,122] {dag.py:2921} INFO - Setting next_dagrun for tutorial_etl_dag to None
[2022-07-15 00:02:48,169] {processor.py:171} INFO - Processing /home/airflow/.local/lib/python3.7/site-packages/airflow/example_dags/tutorial_etl_dag.py took 0.271 seconds
[2022-07-15 00:03:18,631] {processor.py:163} INFO - Started process (PID=3135) to work on /home/airflow/.local/lib/python3.7/site-packages/airflow/example_dags/tutorial_etl_dag.py
[2022-07-15 00:03:18,636] {processor.py:620} INFO - Processing file /home/airflow/.local/lib/python3.7/site-packages/airflow/example_dags/tutorial_etl_dag.py for tasks to queue
[2022-07-15 00:03:18,639] {logging_mixin.py:109} INFO - [2022-07-15 00:03:18,639] {dagbag.py:500} INFO - Filling up the DagBag from /home/airflow/.local/lib/python3.7/site-packages/airflow/example_dags/tutorial_etl_dag.py
[2022-07-15 00:03:18,721] {processor.py:632} INFO - DAG(s) dict_keys(['tutorial_etl_dag']) retrieved from /home/airflow/.local/lib/python3.7/site-packages/airflow/example_dags/tutorial_etl_dag.py
[2022-07-15 00:03:18,764] {logging_mixin.py:109} INFO - [2022-07-15 00:03:18,763] {dag.py:2389} INFO - Sync 1 DAGs
[2022-07-15 00:03:18,828] {logging_mixin.py:109} INFO - [2022-07-15 00:03:18,827] {dag.py:2921} INFO - Setting next_dagrun for tutorial_etl_dag to None
[2022-07-15 00:03:18,861] {processor.py:171} INFO - Processing /home/airflow/.local/lib/python3.7/site-packages/airflow/example_dags/tutorial_etl_dag.py took 0.239 seconds
[2022-07-15 00:03:49,035] {processor.py:163} INFO - Started process (PID=3233) to work on /home/airflow/.local/lib/python3.7/site-packages/airflow/example_dags/tutorial_etl_dag.py
[2022-07-15 00:03:49,040] {processor.py:620} INFO - Processing file /home/airflow/.local/lib/python3.7/site-packages/airflow/example_dags/tutorial_etl_dag.py for tasks to queue
[2022-07-15 00:03:49,043] {logging_mixin.py:109} INFO - [2022-07-15 00:03:49,043] {dagbag.py:500} INFO - Filling up the DagBag from /home/airflow/.local/lib/python3.7/site-packages/airflow/example_dags/tutorial_etl_dag.py
[2022-07-15 00:03:49,127] {processor.py:632} INFO - DAG(s) dict_keys(['tutorial_etl_dag']) retrieved from /home/airflow/.local/lib/python3.7/site-packages/airflow/example_dags/tutorial_etl_dag.py
[2022-07-15 00:03:49,179] {logging_mixin.py:109} INFO - [2022-07-15 00:03:49,178] {dag.py:2389} INFO - Sync 1 DAGs
[2022-07-15 00:03:49,247] {logging_mixin.py:109} INFO - [2022-07-15 00:03:49,247] {dag.py:2921} INFO - Setting next_dagrun for tutorial_etl_dag to None
[2022-07-15 00:03:49,314] {processor.py:171} INFO - Processing /home/airflow/.local/lib/python3.7/site-packages/airflow/example_dags/tutorial_etl_dag.py took 0.285 seconds
[2022-07-15 00:04:19,590] {processor.py:163} INFO - Started process (PID=3314) to work on /home/airflow/.local/lib/python3.7/site-packages/airflow/example_dags/tutorial_etl_dag.py
[2022-07-15 00:04:19,594] {processor.py:620} INFO - Processing file /home/airflow/.local/lib/python3.7/site-packages/airflow/example_dags/tutorial_etl_dag.py for tasks to queue
[2022-07-15 00:04:19,597] {logging_mixin.py:109} INFO - [2022-07-15 00:04:19,596] {dagbag.py:500} INFO - Filling up the DagBag from /home/airflow/.local/lib/python3.7/site-packages/airflow/example_dags/tutorial_etl_dag.py
[2022-07-15 00:04:19,663] {processor.py:632} INFO - DAG(s) dict_keys(['tutorial_etl_dag']) retrieved from /home/airflow/.local/lib/python3.7/site-packages/airflow/example_dags/tutorial_etl_dag.py
[2022-07-15 00:04:19,701] {logging_mixin.py:109} INFO - [2022-07-15 00:04:19,701] {dag.py:2389} INFO - Sync 1 DAGs
[2022-07-15 00:04:19,767] {logging_mixin.py:109} INFO - [2022-07-15 00:04:19,766] {dag.py:2921} INFO - Setting next_dagrun for tutorial_etl_dag to None
[2022-07-15 00:04:19,791] {processor.py:171} INFO - Processing /home/airflow/.local/lib/python3.7/site-packages/airflow/example_dags/tutorial_etl_dag.py took 0.208 seconds
[2022-07-15 00:04:49,866] {processor.py:163} INFO - Started process (PID=3412) to work on /home/airflow/.local/lib/python3.7/site-packages/airflow/example_dags/tutorial_etl_dag.py
[2022-07-15 00:04:49,870] {processor.py:620} INFO - Processing file /home/airflow/.local/lib/python3.7/site-packages/airflow/example_dags/tutorial_etl_dag.py for tasks to queue
[2022-07-15 00:04:49,873] {logging_mixin.py:109} INFO - [2022-07-15 00:04:49,873] {dagbag.py:500} INFO - Filling up the DagBag from /home/airflow/.local/lib/python3.7/site-packages/airflow/example_dags/tutorial_etl_dag.py
[2022-07-15 00:04:49,963] {processor.py:632} INFO - DAG(s) dict_keys(['tutorial_etl_dag']) retrieved from /home/airflow/.local/lib/python3.7/site-packages/airflow/example_dags/tutorial_etl_dag.py
[2022-07-15 00:04:50,011] {logging_mixin.py:109} INFO - [2022-07-15 00:04:50,011] {dag.py:2389} INFO - Sync 1 DAGs
[2022-07-15 00:04:50,082] {logging_mixin.py:109} INFO - [2022-07-15 00:04:50,082] {dag.py:2921} INFO - Setting next_dagrun for tutorial_etl_dag to None
[2022-07-15 00:04:50,120] {processor.py:171} INFO - Processing /home/airflow/.local/lib/python3.7/site-packages/airflow/example_dags/tutorial_etl_dag.py took 0.262 seconds
[2022-07-15 00:05:20,339] {processor.py:163} INFO - Started process (PID=3498) to work on /home/airflow/.local/lib/python3.7/site-packages/airflow/example_dags/tutorial_etl_dag.py
[2022-07-15 00:05:20,344] {processor.py:620} INFO - Processing file /home/airflow/.local/lib/python3.7/site-packages/airflow/example_dags/tutorial_etl_dag.py for tasks to queue
[2022-07-15 00:05:20,347] {logging_mixin.py:109} INFO - [2022-07-15 00:05:20,346] {dagbag.py:500} INFO - Filling up the DagBag from /home/airflow/.local/lib/python3.7/site-packages/airflow/example_dags/tutorial_etl_dag.py
[2022-07-15 00:05:20,413] {processor.py:632} INFO - DAG(s) dict_keys(['tutorial_etl_dag']) retrieved from /home/airflow/.local/lib/python3.7/site-packages/airflow/example_dags/tutorial_etl_dag.py
[2022-07-15 00:05:20,449] {logging_mixin.py:109} INFO - [2022-07-15 00:05:20,449] {dag.py:2389} INFO - Sync 1 DAGs
[2022-07-15 00:05:20,509] {logging_mixin.py:109} INFO - [2022-07-15 00:05:20,508] {dag.py:2921} INFO - Setting next_dagrun for tutorial_etl_dag to None
[2022-07-15 00:05:20,550] {processor.py:171} INFO - Processing /home/airflow/.local/lib/python3.7/site-packages/airflow/example_dags/tutorial_etl_dag.py took 0.219 seconds
[2022-07-15 00:05:50,601] {processor.py:163} INFO - Started process (PID=3594) to work on /home/airflow/.local/lib/python3.7/site-packages/airflow/example_dags/tutorial_etl_dag.py
[2022-07-15 00:05:50,606] {processor.py:620} INFO - Processing file /home/airflow/.local/lib/python3.7/site-packages/airflow/example_dags/tutorial_etl_dag.py for tasks to queue
[2022-07-15 00:05:50,610] {logging_mixin.py:109} INFO - [2022-07-15 00:05:50,610] {dagbag.py:500} INFO - Filling up the DagBag from /home/airflow/.local/lib/python3.7/site-packages/airflow/example_dags/tutorial_etl_dag.py
[2022-07-15 00:05:50,687] {processor.py:632} INFO - DAG(s) dict_keys(['tutorial_etl_dag']) retrieved from /home/airflow/.local/lib/python3.7/site-packages/airflow/example_dags/tutorial_etl_dag.py
[2022-07-15 00:05:50,726] {logging_mixin.py:109} INFO - [2022-07-15 00:05:50,726] {dag.py:2389} INFO - Sync 1 DAGs
[2022-07-15 00:05:50,784] {logging_mixin.py:109} INFO - [2022-07-15 00:05:50,784] {dag.py:2921} INFO - Setting next_dagrun for tutorial_etl_dag to None
[2022-07-15 00:05:50,813] {processor.py:171} INFO - Processing /home/airflow/.local/lib/python3.7/site-packages/airflow/example_dags/tutorial_etl_dag.py took 0.219 seconds
[2022-07-15 00:06:21,041] {processor.py:163} INFO - Started process (PID=3676) to work on /home/airflow/.local/lib/python3.7/site-packages/airflow/example_dags/tutorial_etl_dag.py
[2022-07-15 00:06:21,045] {processor.py:620} INFO - Processing file /home/airflow/.local/lib/python3.7/site-packages/airflow/example_dags/tutorial_etl_dag.py for tasks to queue
[2022-07-15 00:06:21,048] {logging_mixin.py:109} INFO - [2022-07-15 00:06:21,047] {dagbag.py:500} INFO - Filling up the DagBag from /home/airflow/.local/lib/python3.7/site-packages/airflow/example_dags/tutorial_etl_dag.py
[2022-07-15 00:06:21,111] {processor.py:632} INFO - DAG(s) dict_keys(['tutorial_etl_dag']) retrieved from /home/airflow/.local/lib/python3.7/site-packages/airflow/example_dags/tutorial_etl_dag.py
[2022-07-15 00:06:21,145] {logging_mixin.py:109} INFO - [2022-07-15 00:06:21,144] {dag.py:2389} INFO - Sync 1 DAGs
[2022-07-15 00:06:21,197] {logging_mixin.py:109} INFO - [2022-07-15 00:06:21,196] {dag.py:2921} INFO - Setting next_dagrun for tutorial_etl_dag to None
[2022-07-15 00:06:21,220] {processor.py:171} INFO - Processing /home/airflow/.local/lib/python3.7/site-packages/airflow/example_dags/tutorial_etl_dag.py took 0.186 seconds
[2022-07-15 00:06:51,383] {processor.py:163} INFO - Started process (PID=3774) to work on /home/airflow/.local/lib/python3.7/site-packages/airflow/example_dags/tutorial_etl_dag.py
[2022-07-15 00:06:51,388] {processor.py:620} INFO - Processing file /home/airflow/.local/lib/python3.7/site-packages/airflow/example_dags/tutorial_etl_dag.py for tasks to queue
[2022-07-15 00:06:51,392] {logging_mixin.py:109} INFO - [2022-07-15 00:06:51,391] {dagbag.py:500} INFO - Filling up the DagBag from /home/airflow/.local/lib/python3.7/site-packages/airflow/example_dags/tutorial_etl_dag.py
[2022-07-15 00:06:51,480] {processor.py:632} INFO - DAG(s) dict_keys(['tutorial_etl_dag']) retrieved from /home/airflow/.local/lib/python3.7/site-packages/airflow/example_dags/tutorial_etl_dag.py
[2022-07-15 00:06:51,527] {logging_mixin.py:109} INFO - [2022-07-15 00:06:51,526] {dag.py:2389} INFO - Sync 1 DAGs
[2022-07-15 00:06:51,585] {logging_mixin.py:109} INFO - [2022-07-15 00:06:51,585] {dag.py:2921} INFO - Setting next_dagrun for tutorial_etl_dag to None
[2022-07-15 00:06:51,611] {processor.py:171} INFO - Processing /home/airflow/.local/lib/python3.7/site-packages/airflow/example_dags/tutorial_etl_dag.py took 0.236 seconds
[2022-07-15 00:07:22,513] {processor.py:163} INFO - Started process (PID=3852) to work on /home/airflow/.local/lib/python3.7/site-packages/airflow/example_dags/tutorial_etl_dag.py
[2022-07-15 00:07:22,517] {processor.py:620} INFO - Processing file /home/airflow/.local/lib/python3.7/site-packages/airflow/example_dags/tutorial_etl_dag.py for tasks to queue
[2022-07-15 00:07:22,520] {logging_mixin.py:109} INFO - [2022-07-15 00:07:22,519] {dagbag.py:500} INFO - Filling up the DagBag from /home/airflow/.local/lib/python3.7/site-packages/airflow/example_dags/tutorial_etl_dag.py
[2022-07-15 00:07:22,585] {processor.py:632} INFO - DAG(s) dict_keys(['tutorial_etl_dag']) retrieved from /home/airflow/.local/lib/python3.7/site-packages/airflow/example_dags/tutorial_etl_dag.py
[2022-07-15 00:07:22,624] {logging_mixin.py:109} INFO - [2022-07-15 00:07:22,624] {dag.py:2389} INFO - Sync 1 DAGs
[2022-07-15 00:07:22,681] {logging_mixin.py:109} INFO - [2022-07-15 00:07:22,680] {dag.py:2921} INFO - Setting next_dagrun for tutorial_etl_dag to None
[2022-07-15 00:07:22,704] {processor.py:171} INFO - Processing /home/airflow/.local/lib/python3.7/site-packages/airflow/example_dags/tutorial_etl_dag.py took 0.197 seconds
[2022-07-15 00:07:53,693] {processor.py:163} INFO - Started process (PID=3950) to work on /home/airflow/.local/lib/python3.7/site-packages/airflow/example_dags/tutorial_etl_dag.py
[2022-07-15 00:07:53,698] {processor.py:620} INFO - Processing file /home/airflow/.local/lib/python3.7/site-packages/airflow/example_dags/tutorial_etl_dag.py for tasks to queue
[2022-07-15 00:07:53,703] {logging_mixin.py:109} INFO - [2022-07-15 00:07:53,703] {dagbag.py:500} INFO - Filling up the DagBag from /home/airflow/.local/lib/python3.7/site-packages/airflow/example_dags/tutorial_etl_dag.py
[2022-07-15 00:07:53,778] {processor.py:632} INFO - DAG(s) dict_keys(['tutorial_etl_dag']) retrieved from /home/airflow/.local/lib/python3.7/site-packages/airflow/example_dags/tutorial_etl_dag.py
[2022-07-15 00:07:53,817] {logging_mixin.py:109} INFO - [2022-07-15 00:07:53,817] {dag.py:2389} INFO - Sync 1 DAGs
[2022-07-15 00:07:53,886] {logging_mixin.py:109} INFO - [2022-07-15 00:07:53,885] {dag.py:2921} INFO - Setting next_dagrun for tutorial_etl_dag to None
[2022-07-15 00:07:53,918] {processor.py:171} INFO - Processing /home/airflow/.local/lib/python3.7/site-packages/airflow/example_dags/tutorial_etl_dag.py took 0.234 seconds
